[2025-09-24T19:49:35.801+0000] {local_task_job_runner.py:123} INFO - ::group::Pre task execution logs
[2025-09-24T19:49:35.818+0000] {taskinstance.py:2631} INFO - Dependencies all met for dep_context=non-requeueable deps ti=<TaskInstance: daily_tsmc_open_close.fetch_tsmc_open_close manual__2025-09-24T19:49:30.848952+00:00 [queued]>
[2025-09-24T19:49:35.824+0000] {taskinstance.py:2631} INFO - Dependencies all met for dep_context=requeueable deps ti=<TaskInstance: daily_tsmc_open_close.fetch_tsmc_open_close manual__2025-09-24T19:49:30.848952+00:00 [queued]>
[2025-09-24T19:49:35.825+0000] {taskinstance.py:2884} INFO - Starting attempt 1 of 1
[2025-09-24T19:49:35.835+0000] {taskinstance.py:2907} INFO - Executing <Task(PythonOperator): fetch_tsmc_open_close> on 2025-09-24 19:49:30.848952+00:00
[2025-09-24T19:49:35.841+0000] {warnings.py:112} WARNING - /home/***/.local/lib/python3.12/site-packages/***/task/task_runner/standard_task_runner.py:70: DeprecationWarning: This process (pid=73) is multi-threaded, use of fork() may lead to deadlocks in the child.
  pid = os.fork()

[2025-09-24T19:49:35.842+0000] {standard_task_runner.py:72} INFO - Started process 82 to run task
[2025-09-24T19:49:35.844+0000] {standard_task_runner.py:104} INFO - Running: ['***', 'tasks', 'run', 'daily_tsmc_open_close', 'fetch_tsmc_open_close', 'manual__2025-09-24T19:49:30.848952+00:00', '--job-id', '28', '--raw', '--subdir', 'DAGS_FOLDER/tsmc.py', '--cfg-path', '/tmp/tmpz9sr67_o']
[2025-09-24T19:49:35.845+0000] {standard_task_runner.py:105} INFO - Job 28: Subtask fetch_tsmc_open_close
[2025-09-24T19:49:35.881+0000] {task_command.py:467} INFO - Running <TaskInstance: daily_tsmc_open_close.fetch_tsmc_open_close manual__2025-09-24T19:49:30.848952+00:00 [running]> on host 49e46fa253db
[2025-09-24T19:49:35.947+0000] {taskinstance.py:3157} INFO - Exporting env vars: AIRFLOW_CTX_DAG_OWNER='***' AIRFLOW_CTX_DAG_ID='daily_tsmc_open_close' AIRFLOW_CTX_TASK_ID='fetch_tsmc_open_close' AIRFLOW_CTX_EXECUTION_DATE='2025-09-24T19:49:30.848952+00:00' AIRFLOW_CTX_TRY_NUMBER='1' AIRFLOW_CTX_DAG_RUN_ID='manual__2025-09-24T19:49:30.848952+00:00'
[2025-09-24T19:49:35.948+0000] {logging_mixin.py:190} INFO - Task instance is in running state
[2025-09-24T19:49:35.948+0000] {logging_mixin.py:190} INFO -  Previous state of the Task instance: queued
[2025-09-24T19:49:35.948+0000] {logging_mixin.py:190} INFO - Current task name:fetch_tsmc_open_close state:running start_date:2025-09-24 19:49:35.818702+00:00
[2025-09-24T19:49:35.949+0000] {logging_mixin.py:190} INFO - Dag name:daily_tsmc_open_close and current dag run status:running
[2025-09-24T19:49:35.949+0000] {taskinstance.py:740} INFO - ::endgroup::
[2025-09-24T19:49:36.720+0000] {logging_mixin.py:190} INFO - TSMC 開盤價：1350.0 TWD
[2025-09-24T19:49:36.720+0000] {logging_mixin.py:190} INFO - TSMC 收盤價：1340.0 TWD
[2025-09-24T19:49:36.720+0000] {python.py:240} INFO - Done. Returned value was: None
[2025-09-24T19:49:36.729+0000] {taskinstance.py:349} INFO - ::group::Post task execution logs
[2025-09-24T19:49:36.730+0000] {taskinstance.py:361} INFO - Marking task as SUCCESS. dag_id=daily_tsmc_open_close, task_id=fetch_tsmc_open_close, run_id=manual__2025-09-24T19:49:30.848952+00:00, execution_date=20250924T194930, start_date=20250924T194935, end_date=20250924T194936
[2025-09-24T19:49:36.750+0000] {logging_mixin.py:190} INFO - Task instance in success state
[2025-09-24T19:49:36.750+0000] {logging_mixin.py:190} INFO -  Previous state of the Task instance: running
[2025-09-24T19:49:36.751+0000] {logging_mixin.py:190} INFO - Dag name:daily_tsmc_open_close queued_at:2025-09-24 19:49:30.884622+00:00
[2025-09-24T19:49:36.751+0000] {logging_mixin.py:190} INFO - Task hostname:49e46fa253db operator:PythonOperator
[2025-09-24T19:49:36.779+0000] {local_task_job_runner.py:266} INFO - Task exited with return code 0
[2025-09-24T19:49:36.795+0000] {taskinstance.py:3924} INFO - 0 downstream tasks scheduled from follow-on schedule check
[2025-09-24T19:49:36.796+0000] {local_task_job_runner.py:245} INFO - ::endgroup::
