[2025-09-25T05:30:40.120+0000] {local_task_job_runner.py:123} INFO - ::group::Pre task execution logs
[2025-09-25T05:30:40.134+0000] {taskinstance.py:2631} INFO - Dependencies all met for dep_context=non-requeueable deps ti=<TaskInstance: Daily_TSMC_Prices.fetch_save_tsmc_data manual__2025-09-25T05:30:36.055261+00:00 [queued]>
[2025-09-25T05:30:40.138+0000] {taskinstance.py:2631} INFO - Dependencies all met for dep_context=requeueable deps ti=<TaskInstance: Daily_TSMC_Prices.fetch_save_tsmc_data manual__2025-09-25T05:30:36.055261+00:00 [queued]>
[2025-09-25T05:30:40.139+0000] {taskinstance.py:2884} INFO - Starting attempt 1 of 1
[2025-09-25T05:30:40.147+0000] {taskinstance.py:2907} INFO - Executing <Task(PythonOperator): fetch_save_tsmc_data> on 2025-09-25 05:30:36.055261+00:00
[2025-09-25T05:30:40.153+0000] {warnings.py:112} WARNING - /home/***/.local/lib/python3.12/site-packages/***/task/task_runner/standard_task_runner.py:70: DeprecationWarning: This process (pid=86) is multi-threaded, use of fork() may lead to deadlocks in the child.
  pid = os.fork()

[2025-09-25T05:30:40.154+0000] {standard_task_runner.py:72} INFO - Started process 88 to run task
[2025-09-25T05:30:40.155+0000] {standard_task_runner.py:104} INFO - Running: ['***', 'tasks', 'run', 'Daily_TSMC_Prices', 'fetch_save_tsmc_data', 'manual__2025-09-25T05:30:36.055261+00:00', '--job-id', '43', '--raw', '--subdir', 'DAGS_FOLDER/tsmc.py', '--cfg-path', '/tmp/tmpfr3zkxp_']
[2025-09-25T05:30:40.156+0000] {standard_task_runner.py:105} INFO - Job 43: Subtask fetch_save_tsmc_data
[2025-09-25T05:30:40.188+0000] {task_command.py:467} INFO - Running <TaskInstance: Daily_TSMC_Prices.fetch_save_tsmc_data manual__2025-09-25T05:30:36.055261+00:00 [running]> on host c5931194e747
[2025-09-25T05:30:40.249+0000] {taskinstance.py:3157} INFO - Exporting env vars: AIRFLOW_CTX_DAG_OWNER='***' AIRFLOW_CTX_DAG_ID='Daily_TSMC_Prices' AIRFLOW_CTX_TASK_ID='fetch_save_tsmc_data' AIRFLOW_CTX_EXECUTION_DATE='2025-09-25T05:30:36.055261+00:00' AIRFLOW_CTX_TRY_NUMBER='1' AIRFLOW_CTX_DAG_RUN_ID='manual__2025-09-25T05:30:36.055261+00:00'
[2025-09-25T05:30:40.250+0000] {logging_mixin.py:190} INFO - Task instance is in running state
[2025-09-25T05:30:40.250+0000] {logging_mixin.py:190} INFO -  Previous state of the Task instance: queued
[2025-09-25T05:30:40.250+0000] {logging_mixin.py:190} INFO - Current task name:fetch_save_tsmc_data state:running start_date:2025-09-25 05:30:40.134389+00:00
[2025-09-25T05:30:40.251+0000] {logging_mixin.py:190} INFO - Dag name:Daily_TSMC_Prices and current dag run status:running
[2025-09-25T05:30:40.251+0000] {taskinstance.py:740} INFO - ::endgroup::
[2025-09-25T05:30:41.107+0000] {logging_mixin.py:190} INFO - TSMC 開盤價：1325.0 TWD
[2025-09-25T05:30:41.107+0000] {logging_mixin.py:190} INFO - TSMC 收盤價：1330.0 TWD
[2025-09-25T05:30:41.114+0000] {logging_mixin.py:190} INFO - 台積電當日報價已成功儲存至 /opt/***/data/tsmc_prices_20250925_053041.csv
[2025-09-25T05:30:41.115+0000] {python.py:240} INFO - Done. Returned value was: None
[2025-09-25T05:30:41.123+0000] {taskinstance.py:349} INFO - ::group::Post task execution logs
[2025-09-25T05:30:41.124+0000] {taskinstance.py:361} INFO - Marking task as SUCCESS. dag_id=Daily_TSMC_Prices, task_id=fetch_save_tsmc_data, run_id=manual__2025-09-25T05:30:36.055261+00:00, execution_date=20250925T053036, start_date=20250925T053040, end_date=20250925T053041
[2025-09-25T05:30:41.141+0000] {logging_mixin.py:190} INFO - Task instance in success state
[2025-09-25T05:30:41.142+0000] {logging_mixin.py:190} INFO -  Previous state of the Task instance: running
[2025-09-25T05:30:41.142+0000] {logging_mixin.py:190} INFO - Dag name:Daily_TSMC_Prices queued_at:2025-09-25 05:30:36.066823+00:00
[2025-09-25T05:30:41.142+0000] {logging_mixin.py:190} INFO - Task hostname:c5931194e747 operator:PythonOperator
[2025-09-25T05:30:41.177+0000] {local_task_job_runner.py:266} INFO - Task exited with return code 0
[2025-09-25T05:30:41.189+0000] {taskinstance.py:3924} INFO - 0 downstream tasks scheduled from follow-on schedule check
[2025-09-25T05:30:41.190+0000] {local_task_job_runner.py:245} INFO - ::endgroup::
