[2025-09-25T05:12:42.079+0000] {processor.py:186} INFO - Started process (PID=84) to work on /home/airflow/.local/lib/python3.12/site-packages/airflow/example_dags/example_xcomargs.py
[2025-09-25T05:12:42.079+0000] {processor.py:914} INFO - Processing file /home/airflow/.local/lib/python3.12/site-packages/airflow/example_dags/example_xcomargs.py for tasks to queue
[2025-09-25T05:12:42.082+0000] {logging_mixin.py:190} INFO - [2025-09-25T05:12:42.081+0000] {dagbag.py:588} INFO - Filling up the DagBag from /home/airflow/.local/lib/python3.12/site-packages/airflow/example_dags/example_xcomargs.py
[2025-09-25T05:12:42.094+0000] {processor.py:925} INFO - DAG(s) 'example_xcom_args_with_operators', 'example_xcom_args' retrieved from /home/airflow/.local/lib/python3.12/site-packages/airflow/example_dags/example_xcomargs.py
[2025-09-25T05:12:42.122+0000] {logging_mixin.py:190} INFO - [2025-09-25T05:12:42.122+0000] {dag.py:3239} INFO - Sync 2 DAGs
[2025-09-25T05:12:42.143+0000] {logging_mixin.py:190} INFO - [2025-09-25T05:12:42.143+0000] {dag.py:4180} INFO - Setting next_dagrun for example_xcom_args to None, run_after=None
[2025-09-25T05:12:42.148+0000] {logging_mixin.py:190} INFO - [2025-09-25T05:12:42.148+0000] {dag.py:4180} INFO - Setting next_dagrun for example_xcom_args_with_operators to None, run_after=None
[2025-09-25T05:12:42.163+0000] {processor.py:208} INFO - Processing /home/airflow/.local/lib/python3.12/site-packages/airflow/example_dags/example_xcomargs.py took 0.091 seconds
[2025-09-25T05:13:12.685+0000] {processor.py:186} INFO - Started process (PID=149) to work on /home/airflow/.local/lib/python3.12/site-packages/airflow/example_dags/example_xcomargs.py
[2025-09-25T05:13:12.686+0000] {processor.py:914} INFO - Processing file /home/airflow/.local/lib/python3.12/site-packages/airflow/example_dags/example_xcomargs.py for tasks to queue
[2025-09-25T05:13:12.688+0000] {logging_mixin.py:190} INFO - [2025-09-25T05:13:12.688+0000] {dagbag.py:588} INFO - Filling up the DagBag from /home/airflow/.local/lib/python3.12/site-packages/airflow/example_dags/example_xcomargs.py
[2025-09-25T05:13:12.697+0000] {processor.py:925} INFO - DAG(s) 'example_xcom_args', 'example_xcom_args_with_operators' retrieved from /home/airflow/.local/lib/python3.12/site-packages/airflow/example_dags/example_xcomargs.py
[2025-09-25T05:13:12.716+0000] {logging_mixin.py:190} INFO - [2025-09-25T05:13:12.715+0000] {dag.py:3239} INFO - Sync 2 DAGs
[2025-09-25T05:13:12.727+0000] {logging_mixin.py:190} INFO - [2025-09-25T05:13:12.727+0000] {dag.py:4180} INFO - Setting next_dagrun for example_xcom_args to None, run_after=None
[2025-09-25T05:13:12.730+0000] {logging_mixin.py:190} INFO - [2025-09-25T05:13:12.730+0000] {dag.py:4180} INFO - Setting next_dagrun for example_xcom_args_with_operators to None, run_after=None
[2025-09-25T05:13:12.742+0000] {processor.py:208} INFO - Processing /home/airflow/.local/lib/python3.12/site-packages/airflow/example_dags/example_xcomargs.py took 0.064 seconds
[2025-09-25T05:13:43.333+0000] {processor.py:186} INFO - Started process (PID=214) to work on /home/airflow/.local/lib/python3.12/site-packages/airflow/example_dags/example_xcomargs.py
[2025-09-25T05:13:43.335+0000] {processor.py:914} INFO - Processing file /home/airflow/.local/lib/python3.12/site-packages/airflow/example_dags/example_xcomargs.py for tasks to queue
[2025-09-25T05:13:43.337+0000] {logging_mixin.py:190} INFO - [2025-09-25T05:13:43.336+0000] {dagbag.py:588} INFO - Filling up the DagBag from /home/airflow/.local/lib/python3.12/site-packages/airflow/example_dags/example_xcomargs.py
[2025-09-25T05:13:43.347+0000] {processor.py:925} INFO - DAG(s) 'example_xcom_args_with_operators', 'example_xcom_args' retrieved from /home/airflow/.local/lib/python3.12/site-packages/airflow/example_dags/example_xcomargs.py
[2025-09-25T05:13:43.365+0000] {logging_mixin.py:190} INFO - [2025-09-25T05:13:43.365+0000] {dag.py:3239} INFO - Sync 2 DAGs
[2025-09-25T05:13:43.377+0000] {logging_mixin.py:190} INFO - [2025-09-25T05:13:43.377+0000] {dag.py:4180} INFO - Setting next_dagrun for example_xcom_args to None, run_after=None
[2025-09-25T05:13:43.380+0000] {logging_mixin.py:190} INFO - [2025-09-25T05:13:43.380+0000] {dag.py:4180} INFO - Setting next_dagrun for example_xcom_args_with_operators to None, run_after=None
[2025-09-25T05:13:43.392+0000] {processor.py:208} INFO - Processing /home/airflow/.local/lib/python3.12/site-packages/airflow/example_dags/example_xcomargs.py took 0.065 seconds
[2025-09-25T05:14:13.552+0000] {processor.py:186} INFO - Started process (PID=279) to work on /home/airflow/.local/lib/python3.12/site-packages/airflow/example_dags/example_xcomargs.py
[2025-09-25T05:14:13.553+0000] {processor.py:914} INFO - Processing file /home/airflow/.local/lib/python3.12/site-packages/airflow/example_dags/example_xcomargs.py for tasks to queue
[2025-09-25T05:14:13.555+0000] {logging_mixin.py:190} INFO - [2025-09-25T05:14:13.555+0000] {dagbag.py:588} INFO - Filling up the DagBag from /home/airflow/.local/lib/python3.12/site-packages/airflow/example_dags/example_xcomargs.py
[2025-09-25T05:14:13.564+0000] {processor.py:925} INFO - DAG(s) 'example_xcom_args_with_operators', 'example_xcom_args' retrieved from /home/airflow/.local/lib/python3.12/site-packages/airflow/example_dags/example_xcomargs.py
[2025-09-25T05:14:13.584+0000] {logging_mixin.py:190} INFO - [2025-09-25T05:14:13.584+0000] {dag.py:3239} INFO - Sync 2 DAGs
[2025-09-25T05:14:13.597+0000] {logging_mixin.py:190} INFO - [2025-09-25T05:14:13.597+0000] {dag.py:4180} INFO - Setting next_dagrun for example_xcom_args to None, run_after=None
[2025-09-25T05:14:13.601+0000] {logging_mixin.py:190} INFO - [2025-09-25T05:14:13.601+0000] {dag.py:4180} INFO - Setting next_dagrun for example_xcom_args_with_operators to None, run_after=None
[2025-09-25T05:14:13.615+0000] {processor.py:208} INFO - Processing /home/airflow/.local/lib/python3.12/site-packages/airflow/example_dags/example_xcomargs.py took 0.068 seconds
[2025-09-25T05:14:44.633+0000] {processor.py:186} INFO - Started process (PID=344) to work on /home/airflow/.local/lib/python3.12/site-packages/airflow/example_dags/example_xcomargs.py
[2025-09-25T05:14:44.634+0000] {processor.py:914} INFO - Processing file /home/airflow/.local/lib/python3.12/site-packages/airflow/example_dags/example_xcomargs.py for tasks to queue
[2025-09-25T05:14:44.636+0000] {logging_mixin.py:190} INFO - [2025-09-25T05:14:44.636+0000] {dagbag.py:588} INFO - Filling up the DagBag from /home/airflow/.local/lib/python3.12/site-packages/airflow/example_dags/example_xcomargs.py
[2025-09-25T05:14:44.645+0000] {processor.py:925} INFO - DAG(s) 'example_xcom_args', 'example_xcom_args_with_operators' retrieved from /home/airflow/.local/lib/python3.12/site-packages/airflow/example_dags/example_xcomargs.py
[2025-09-25T05:14:44.665+0000] {logging_mixin.py:190} INFO - [2025-09-25T05:14:44.665+0000] {dag.py:3239} INFO - Sync 2 DAGs
[2025-09-25T05:14:44.679+0000] {logging_mixin.py:190} INFO - [2025-09-25T05:14:44.679+0000] {dag.py:4180} INFO - Setting next_dagrun for example_xcom_args to None, run_after=None
[2025-09-25T05:14:44.683+0000] {logging_mixin.py:190} INFO - [2025-09-25T05:14:44.683+0000] {dag.py:4180} INFO - Setting next_dagrun for example_xcom_args_with_operators to None, run_after=None
[2025-09-25T05:14:44.699+0000] {processor.py:208} INFO - Processing /home/airflow/.local/lib/python3.12/site-packages/airflow/example_dags/example_xcomargs.py took 0.071 seconds
[2025-09-25T05:15:15.786+0000] {processor.py:186} INFO - Started process (PID=409) to work on /home/airflow/.local/lib/python3.12/site-packages/airflow/example_dags/example_xcomargs.py
[2025-09-25T05:15:15.787+0000] {processor.py:914} INFO - Processing file /home/airflow/.local/lib/python3.12/site-packages/airflow/example_dags/example_xcomargs.py for tasks to queue
[2025-09-25T05:15:15.789+0000] {logging_mixin.py:190} INFO - [2025-09-25T05:15:15.789+0000] {dagbag.py:588} INFO - Filling up the DagBag from /home/airflow/.local/lib/python3.12/site-packages/airflow/example_dags/example_xcomargs.py
[2025-09-25T05:15:15.799+0000] {processor.py:925} INFO - DAG(s) 'example_xcom_args', 'example_xcom_args_with_operators' retrieved from /home/airflow/.local/lib/python3.12/site-packages/airflow/example_dags/example_xcomargs.py
[2025-09-25T05:15:15.822+0000] {logging_mixin.py:190} INFO - [2025-09-25T05:15:15.822+0000] {dag.py:3239} INFO - Sync 2 DAGs
[2025-09-25T05:15:15.835+0000] {logging_mixin.py:190} INFO - [2025-09-25T05:15:15.835+0000] {dag.py:4180} INFO - Setting next_dagrun for example_xcom_args to None, run_after=None
[2025-09-25T05:15:15.839+0000] {logging_mixin.py:190} INFO - [2025-09-25T05:15:15.838+0000] {dag.py:4180} INFO - Setting next_dagrun for example_xcom_args_with_operators to None, run_after=None
[2025-09-25T05:15:15.854+0000] {processor.py:208} INFO - Processing /home/airflow/.local/lib/python3.12/site-packages/airflow/example_dags/example_xcomargs.py took 0.074 seconds
[2025-09-25T05:15:46.749+0000] {processor.py:186} INFO - Started process (PID=474) to work on /home/airflow/.local/lib/python3.12/site-packages/airflow/example_dags/example_xcomargs.py
[2025-09-25T05:15:46.750+0000] {processor.py:914} INFO - Processing file /home/airflow/.local/lib/python3.12/site-packages/airflow/example_dags/example_xcomargs.py for tasks to queue
[2025-09-25T05:15:46.752+0000] {logging_mixin.py:190} INFO - [2025-09-25T05:15:46.752+0000] {dagbag.py:588} INFO - Filling up the DagBag from /home/airflow/.local/lib/python3.12/site-packages/airflow/example_dags/example_xcomargs.py
[2025-09-25T05:15:46.765+0000] {processor.py:925} INFO - DAG(s) 'example_xcom_args_with_operators', 'example_xcom_args' retrieved from /home/airflow/.local/lib/python3.12/site-packages/airflow/example_dags/example_xcomargs.py
[2025-09-25T05:15:46.787+0000] {logging_mixin.py:190} INFO - [2025-09-25T05:15:46.787+0000] {dag.py:3239} INFO - Sync 2 DAGs
[2025-09-25T05:15:46.804+0000] {logging_mixin.py:190} INFO - [2025-09-25T05:15:46.804+0000] {dag.py:4180} INFO - Setting next_dagrun for example_xcom_args to None, run_after=None
[2025-09-25T05:15:46.808+0000] {logging_mixin.py:190} INFO - [2025-09-25T05:15:46.808+0000] {dag.py:4180} INFO - Setting next_dagrun for example_xcom_args_with_operators to None, run_after=None
[2025-09-25T05:15:46.826+0000] {processor.py:208} INFO - Processing /home/airflow/.local/lib/python3.12/site-packages/airflow/example_dags/example_xcomargs.py took 0.083 seconds
[2025-09-25T05:16:17.841+0000] {processor.py:186} INFO - Started process (PID=539) to work on /home/airflow/.local/lib/python3.12/site-packages/airflow/example_dags/example_xcomargs.py
[2025-09-25T05:16:17.842+0000] {processor.py:914} INFO - Processing file /home/airflow/.local/lib/python3.12/site-packages/airflow/example_dags/example_xcomargs.py for tasks to queue
[2025-09-25T05:16:17.844+0000] {logging_mixin.py:190} INFO - [2025-09-25T05:16:17.844+0000] {dagbag.py:588} INFO - Filling up the DagBag from /home/airflow/.local/lib/python3.12/site-packages/airflow/example_dags/example_xcomargs.py
[2025-09-25T05:16:17.854+0000] {processor.py:925} INFO - DAG(s) 'example_xcom_args_with_operators', 'example_xcom_args' retrieved from /home/airflow/.local/lib/python3.12/site-packages/airflow/example_dags/example_xcomargs.py
[2025-09-25T05:16:17.875+0000] {logging_mixin.py:190} INFO - [2025-09-25T05:16:17.874+0000] {dag.py:3239} INFO - Sync 2 DAGs
[2025-09-25T05:16:17.886+0000] {logging_mixin.py:190} INFO - [2025-09-25T05:16:17.886+0000] {dag.py:4180} INFO - Setting next_dagrun for example_xcom_args to None, run_after=None
[2025-09-25T05:16:17.889+0000] {logging_mixin.py:190} INFO - [2025-09-25T05:16:17.889+0000] {dag.py:4180} INFO - Setting next_dagrun for example_xcom_args_with_operators to None, run_after=None
[2025-09-25T05:16:17.905+0000] {processor.py:208} INFO - Processing /home/airflow/.local/lib/python3.12/site-packages/airflow/example_dags/example_xcomargs.py took 0.069 seconds
[2025-09-25T05:16:48.946+0000] {processor.py:186} INFO - Started process (PID=604) to work on /home/airflow/.local/lib/python3.12/site-packages/airflow/example_dags/example_xcomargs.py
[2025-09-25T05:16:48.947+0000] {processor.py:914} INFO - Processing file /home/airflow/.local/lib/python3.12/site-packages/airflow/example_dags/example_xcomargs.py for tasks to queue
[2025-09-25T05:16:48.949+0000] {logging_mixin.py:190} INFO - [2025-09-25T05:16:48.949+0000] {dagbag.py:588} INFO - Filling up the DagBag from /home/airflow/.local/lib/python3.12/site-packages/airflow/example_dags/example_xcomargs.py
[2025-09-25T05:16:48.959+0000] {processor.py:925} INFO - DAG(s) 'example_xcom_args', 'example_xcom_args_with_operators' retrieved from /home/airflow/.local/lib/python3.12/site-packages/airflow/example_dags/example_xcomargs.py
[2025-09-25T05:16:48.978+0000] {logging_mixin.py:190} INFO - [2025-09-25T05:16:48.978+0000] {dag.py:3239} INFO - Sync 2 DAGs
[2025-09-25T05:16:48.991+0000] {logging_mixin.py:190} INFO - [2025-09-25T05:16:48.991+0000] {dag.py:4180} INFO - Setting next_dagrun for example_xcom_args to None, run_after=None
[2025-09-25T05:16:48.994+0000] {logging_mixin.py:190} INFO - [2025-09-25T05:16:48.994+0000] {dag.py:4180} INFO - Setting next_dagrun for example_xcom_args_with_operators to None, run_after=None
[2025-09-25T05:16:49.008+0000] {processor.py:208} INFO - Processing /home/airflow/.local/lib/python3.12/site-packages/airflow/example_dags/example_xcomargs.py took 0.067 seconds
[2025-09-25T05:17:19.639+0000] {processor.py:186} INFO - Started process (PID=669) to work on /home/airflow/.local/lib/python3.12/site-packages/airflow/example_dags/example_xcomargs.py
[2025-09-25T05:17:19.640+0000] {processor.py:914} INFO - Processing file /home/airflow/.local/lib/python3.12/site-packages/airflow/example_dags/example_xcomargs.py for tasks to queue
[2025-09-25T05:17:19.642+0000] {logging_mixin.py:190} INFO - [2025-09-25T05:17:19.642+0000] {dagbag.py:588} INFO - Filling up the DagBag from /home/airflow/.local/lib/python3.12/site-packages/airflow/example_dags/example_xcomargs.py
[2025-09-25T05:17:19.652+0000] {processor.py:925} INFO - DAG(s) 'example_xcom_args_with_operators', 'example_xcom_args' retrieved from /home/airflow/.local/lib/python3.12/site-packages/airflow/example_dags/example_xcomargs.py
[2025-09-25T05:17:19.671+0000] {logging_mixin.py:190} INFO - [2025-09-25T05:17:19.671+0000] {dag.py:3239} INFO - Sync 2 DAGs
[2025-09-25T05:17:19.685+0000] {logging_mixin.py:190} INFO - [2025-09-25T05:17:19.685+0000] {dag.py:4180} INFO - Setting next_dagrun for example_xcom_args to None, run_after=None
[2025-09-25T05:17:19.690+0000] {logging_mixin.py:190} INFO - [2025-09-25T05:17:19.690+0000] {dag.py:4180} INFO - Setting next_dagrun for example_xcom_args_with_operators to None, run_after=None
[2025-09-25T05:17:19.705+0000] {processor.py:208} INFO - Processing /home/airflow/.local/lib/python3.12/site-packages/airflow/example_dags/example_xcomargs.py took 0.072 seconds
[2025-09-25T05:17:50.927+0000] {processor.py:186} INFO - Started process (PID=734) to work on /home/airflow/.local/lib/python3.12/site-packages/airflow/example_dags/example_xcomargs.py
[2025-09-25T05:17:50.928+0000] {processor.py:914} INFO - Processing file /home/airflow/.local/lib/python3.12/site-packages/airflow/example_dags/example_xcomargs.py for tasks to queue
[2025-09-25T05:17:50.930+0000] {logging_mixin.py:190} INFO - [2025-09-25T05:17:50.930+0000] {dagbag.py:588} INFO - Filling up the DagBag from /home/airflow/.local/lib/python3.12/site-packages/airflow/example_dags/example_xcomargs.py
[2025-09-25T05:17:50.941+0000] {processor.py:925} INFO - DAG(s) 'example_xcom_args_with_operators', 'example_xcom_args' retrieved from /home/airflow/.local/lib/python3.12/site-packages/airflow/example_dags/example_xcomargs.py
[2025-09-25T05:17:50.960+0000] {logging_mixin.py:190} INFO - [2025-09-25T05:17:50.960+0000] {dag.py:3239} INFO - Sync 2 DAGs
[2025-09-25T05:17:50.973+0000] {logging_mixin.py:190} INFO - [2025-09-25T05:17:50.973+0000] {dag.py:4180} INFO - Setting next_dagrun for example_xcom_args to None, run_after=None
[2025-09-25T05:17:50.977+0000] {logging_mixin.py:190} INFO - [2025-09-25T05:17:50.976+0000] {dag.py:4180} INFO - Setting next_dagrun for example_xcom_args_with_operators to None, run_after=None
[2025-09-25T05:17:50.991+0000] {processor.py:208} INFO - Processing /home/airflow/.local/lib/python3.12/site-packages/airflow/example_dags/example_xcomargs.py took 0.070 seconds
[2025-09-25T05:18:22.494+0000] {processor.py:186} INFO - Started process (PID=799) to work on /home/airflow/.local/lib/python3.12/site-packages/airflow/example_dags/example_xcomargs.py
[2025-09-25T05:18:22.495+0000] {processor.py:914} INFO - Processing file /home/airflow/.local/lib/python3.12/site-packages/airflow/example_dags/example_xcomargs.py for tasks to queue
[2025-09-25T05:18:22.497+0000] {logging_mixin.py:190} INFO - [2025-09-25T05:18:22.497+0000] {dagbag.py:588} INFO - Filling up the DagBag from /home/airflow/.local/lib/python3.12/site-packages/airflow/example_dags/example_xcomargs.py
[2025-09-25T05:18:22.510+0000] {processor.py:925} INFO - DAG(s) 'example_xcom_args', 'example_xcom_args_with_operators' retrieved from /home/airflow/.local/lib/python3.12/site-packages/airflow/example_dags/example_xcomargs.py
[2025-09-25T05:18:22.531+0000] {logging_mixin.py:190} INFO - [2025-09-25T05:18:22.530+0000] {dag.py:3239} INFO - Sync 2 DAGs
[2025-09-25T05:18:22.544+0000] {logging_mixin.py:190} INFO - [2025-09-25T05:18:22.544+0000] {dag.py:4180} INFO - Setting next_dagrun for example_xcom_args to None, run_after=None
[2025-09-25T05:18:22.548+0000] {logging_mixin.py:190} INFO - [2025-09-25T05:18:22.547+0000] {dag.py:4180} INFO - Setting next_dagrun for example_xcom_args_with_operators to None, run_after=None
[2025-09-25T05:18:22.561+0000] {processor.py:208} INFO - Processing /home/airflow/.local/lib/python3.12/site-packages/airflow/example_dags/example_xcomargs.py took 0.074 seconds
[2025-09-25T05:18:53.692+0000] {processor.py:186} INFO - Started process (PID=864) to work on /home/airflow/.local/lib/python3.12/site-packages/airflow/example_dags/example_xcomargs.py
[2025-09-25T05:18:53.693+0000] {processor.py:914} INFO - Processing file /home/airflow/.local/lib/python3.12/site-packages/airflow/example_dags/example_xcomargs.py for tasks to queue
[2025-09-25T05:18:53.695+0000] {logging_mixin.py:190} INFO - [2025-09-25T05:18:53.694+0000] {dagbag.py:588} INFO - Filling up the DagBag from /home/airflow/.local/lib/python3.12/site-packages/airflow/example_dags/example_xcomargs.py
[2025-09-25T05:18:53.705+0000] {processor.py:925} INFO - DAG(s) 'example_xcom_args_with_operators', 'example_xcom_args' retrieved from /home/airflow/.local/lib/python3.12/site-packages/airflow/example_dags/example_xcomargs.py
[2025-09-25T05:18:53.726+0000] {logging_mixin.py:190} INFO - [2025-09-25T05:18:53.726+0000] {dag.py:3239} INFO - Sync 2 DAGs
[2025-09-25T05:18:53.739+0000] {logging_mixin.py:190} INFO - [2025-09-25T05:18:53.739+0000] {dag.py:4180} INFO - Setting next_dagrun for example_xcom_args to None, run_after=None
[2025-09-25T05:18:53.742+0000] {logging_mixin.py:190} INFO - [2025-09-25T05:18:53.742+0000] {dag.py:4180} INFO - Setting next_dagrun for example_xcom_args_with_operators to None, run_after=None
[2025-09-25T05:18:53.756+0000] {processor.py:208} INFO - Processing /home/airflow/.local/lib/python3.12/site-packages/airflow/example_dags/example_xcomargs.py took 0.069 seconds
[2025-09-25T05:19:25.002+0000] {processor.py:186} INFO - Started process (PID=935) to work on /home/airflow/.local/lib/python3.12/site-packages/airflow/example_dags/example_xcomargs.py
[2025-09-25T05:19:25.003+0000] {processor.py:914} INFO - Processing file /home/airflow/.local/lib/python3.12/site-packages/airflow/example_dags/example_xcomargs.py for tasks to queue
[2025-09-25T05:19:25.005+0000] {logging_mixin.py:190} INFO - [2025-09-25T05:19:25.005+0000] {dagbag.py:588} INFO - Filling up the DagBag from /home/airflow/.local/lib/python3.12/site-packages/airflow/example_dags/example_xcomargs.py
[2025-09-25T05:19:25.018+0000] {processor.py:925} INFO - DAG(s) 'example_xcom_args', 'example_xcom_args_with_operators' retrieved from /home/airflow/.local/lib/python3.12/site-packages/airflow/example_dags/example_xcomargs.py
[2025-09-25T05:19:25.040+0000] {logging_mixin.py:190} INFO - [2025-09-25T05:19:25.040+0000] {dag.py:3239} INFO - Sync 2 DAGs
[2025-09-25T05:19:25.052+0000] {logging_mixin.py:190} INFO - [2025-09-25T05:19:25.052+0000] {dag.py:4180} INFO - Setting next_dagrun for example_xcom_args to None, run_after=None
[2025-09-25T05:19:25.055+0000] {logging_mixin.py:190} INFO - [2025-09-25T05:19:25.055+0000] {dag.py:4180} INFO - Setting next_dagrun for example_xcom_args_with_operators to None, run_after=None
[2025-09-25T05:19:25.068+0000] {processor.py:208} INFO - Processing /home/airflow/.local/lib/python3.12/site-packages/airflow/example_dags/example_xcomargs.py took 0.072 seconds
[2025-09-25T05:19:56.214+0000] {processor.py:186} INFO - Started process (PID=1000) to work on /home/airflow/.local/lib/python3.12/site-packages/airflow/example_dags/example_xcomargs.py
[2025-09-25T05:19:56.215+0000] {processor.py:914} INFO - Processing file /home/airflow/.local/lib/python3.12/site-packages/airflow/example_dags/example_xcomargs.py for tasks to queue
[2025-09-25T05:19:56.217+0000] {logging_mixin.py:190} INFO - [2025-09-25T05:19:56.217+0000] {dagbag.py:588} INFO - Filling up the DagBag from /home/airflow/.local/lib/python3.12/site-packages/airflow/example_dags/example_xcomargs.py
[2025-09-25T05:19:56.226+0000] {processor.py:925} INFO - DAG(s) 'example_xcom_args_with_operators', 'example_xcom_args' retrieved from /home/airflow/.local/lib/python3.12/site-packages/airflow/example_dags/example_xcomargs.py
[2025-09-25T05:19:56.246+0000] {logging_mixin.py:190} INFO - [2025-09-25T05:19:56.246+0000] {dag.py:3239} INFO - Sync 2 DAGs
[2025-09-25T05:19:56.259+0000] {logging_mixin.py:190} INFO - [2025-09-25T05:19:56.259+0000] {dag.py:4180} INFO - Setting next_dagrun for example_xcom_args to None, run_after=None
[2025-09-25T05:19:56.262+0000] {logging_mixin.py:190} INFO - [2025-09-25T05:19:56.262+0000] {dag.py:4180} INFO - Setting next_dagrun for example_xcom_args_with_operators to None, run_after=None
[2025-09-25T05:19:56.276+0000] {processor.py:208} INFO - Processing /home/airflow/.local/lib/python3.12/site-packages/airflow/example_dags/example_xcomargs.py took 0.067 seconds
[2025-09-25T05:25:42.340+0000] {processor.py:186} INFO - Started process (PID=84) to work on /home/airflow/.local/lib/python3.12/site-packages/airflow/example_dags/example_xcomargs.py
[2025-09-25T05:25:42.341+0000] {processor.py:914} INFO - Processing file /home/airflow/.local/lib/python3.12/site-packages/airflow/example_dags/example_xcomargs.py for tasks to queue
[2025-09-25T05:25:42.344+0000] {logging_mixin.py:190} INFO - [2025-09-25T05:25:42.343+0000] {dagbag.py:588} INFO - Filling up the DagBag from /home/airflow/.local/lib/python3.12/site-packages/airflow/example_dags/example_xcomargs.py
[2025-09-25T05:25:42.353+0000] {processor.py:925} INFO - DAG(s) 'example_xcom_args', 'example_xcom_args_with_operators' retrieved from /home/airflow/.local/lib/python3.12/site-packages/airflow/example_dags/example_xcomargs.py
[2025-09-25T05:25:42.474+0000] {logging_mixin.py:190} INFO - [2025-09-25T05:25:42.473+0000] {dag.py:3239} INFO - Sync 2 DAGs
[2025-09-25T05:25:42.484+0000] {logging_mixin.py:190} INFO - [2025-09-25T05:25:42.483+0000] {dag.py:4180} INFO - Setting next_dagrun for example_xcom_args to None, run_after=None
[2025-09-25T05:25:42.486+0000] {logging_mixin.py:190} INFO - [2025-09-25T05:25:42.486+0000] {dag.py:4180} INFO - Setting next_dagrun for example_xcom_args_with_operators to None, run_after=None
[2025-09-25T05:25:42.500+0000] {processor.py:208} INFO - Processing /home/airflow/.local/lib/python3.12/site-packages/airflow/example_dags/example_xcomargs.py took 0.165 seconds
[2025-09-25T05:26:12.649+0000] {processor.py:186} INFO - Started process (PID=149) to work on /home/airflow/.local/lib/python3.12/site-packages/airflow/example_dags/example_xcomargs.py
[2025-09-25T05:26:12.650+0000] {processor.py:914} INFO - Processing file /home/airflow/.local/lib/python3.12/site-packages/airflow/example_dags/example_xcomargs.py for tasks to queue
[2025-09-25T05:26:12.652+0000] {logging_mixin.py:190} INFO - [2025-09-25T05:26:12.652+0000] {dagbag.py:588} INFO - Filling up the DagBag from /home/airflow/.local/lib/python3.12/site-packages/airflow/example_dags/example_xcomargs.py
[2025-09-25T05:26:12.662+0000] {processor.py:925} INFO - DAG(s) 'example_xcom_args_with_operators', 'example_xcom_args' retrieved from /home/airflow/.local/lib/python3.12/site-packages/airflow/example_dags/example_xcomargs.py
[2025-09-25T05:26:12.684+0000] {logging_mixin.py:190} INFO - [2025-09-25T05:26:12.683+0000] {dag.py:3239} INFO - Sync 2 DAGs
[2025-09-25T05:26:12.697+0000] {logging_mixin.py:190} INFO - [2025-09-25T05:26:12.696+0000] {dag.py:4180} INFO - Setting next_dagrun for example_xcom_args to None, run_after=None
[2025-09-25T05:26:12.700+0000] {logging_mixin.py:190} INFO - [2025-09-25T05:26:12.700+0000] {dag.py:4180} INFO - Setting next_dagrun for example_xcom_args_with_operators to None, run_after=None
[2025-09-25T05:26:12.713+0000] {processor.py:208} INFO - Processing /home/airflow/.local/lib/python3.12/site-packages/airflow/example_dags/example_xcomargs.py took 0.071 seconds
[2025-09-25T05:26:43.983+0000] {processor.py:186} INFO - Started process (PID=214) to work on /home/airflow/.local/lib/python3.12/site-packages/airflow/example_dags/example_xcomargs.py
[2025-09-25T05:26:43.984+0000] {processor.py:914} INFO - Processing file /home/airflow/.local/lib/python3.12/site-packages/airflow/example_dags/example_xcomargs.py for tasks to queue
[2025-09-25T05:26:43.987+0000] {logging_mixin.py:190} INFO - [2025-09-25T05:26:43.987+0000] {dagbag.py:588} INFO - Filling up the DagBag from /home/airflow/.local/lib/python3.12/site-packages/airflow/example_dags/example_xcomargs.py
[2025-09-25T05:26:43.998+0000] {processor.py:925} INFO - DAG(s) 'example_xcom_args_with_operators', 'example_xcom_args' retrieved from /home/airflow/.local/lib/python3.12/site-packages/airflow/example_dags/example_xcomargs.py
[2025-09-25T05:26:44.019+0000] {logging_mixin.py:190} INFO - [2025-09-25T05:26:44.019+0000] {dag.py:3239} INFO - Sync 2 DAGs
[2025-09-25T05:26:44.033+0000] {logging_mixin.py:190} INFO - [2025-09-25T05:26:44.033+0000] {dag.py:4180} INFO - Setting next_dagrun for example_xcom_args to None, run_after=None
[2025-09-25T05:26:44.037+0000] {logging_mixin.py:190} INFO - [2025-09-25T05:26:44.037+0000] {dag.py:4180} INFO - Setting next_dagrun for example_xcom_args_with_operators to None, run_after=None
[2025-09-25T05:26:44.051+0000] {processor.py:208} INFO - Processing /home/airflow/.local/lib/python3.12/site-packages/airflow/example_dags/example_xcomargs.py took 0.075 seconds
[2025-09-25T05:27:14.659+0000] {processor.py:186} INFO - Started process (PID=279) to work on /home/airflow/.local/lib/python3.12/site-packages/airflow/example_dags/example_xcomargs.py
[2025-09-25T05:27:14.660+0000] {processor.py:914} INFO - Processing file /home/airflow/.local/lib/python3.12/site-packages/airflow/example_dags/example_xcomargs.py for tasks to queue
[2025-09-25T05:27:14.662+0000] {logging_mixin.py:190} INFO - [2025-09-25T05:27:14.661+0000] {dagbag.py:588} INFO - Filling up the DagBag from /home/airflow/.local/lib/python3.12/site-packages/airflow/example_dags/example_xcomargs.py
[2025-09-25T05:27:14.671+0000] {processor.py:925} INFO - DAG(s) 'example_xcom_args', 'example_xcom_args_with_operators' retrieved from /home/airflow/.local/lib/python3.12/site-packages/airflow/example_dags/example_xcomargs.py
[2025-09-25T05:27:14.692+0000] {logging_mixin.py:190} INFO - [2025-09-25T05:27:14.691+0000] {dag.py:3239} INFO - Sync 2 DAGs
[2025-09-25T05:27:14.705+0000] {logging_mixin.py:190} INFO - [2025-09-25T05:27:14.704+0000] {dag.py:4180} INFO - Setting next_dagrun for example_xcom_args to None, run_after=None
[2025-09-25T05:27:14.708+0000] {logging_mixin.py:190} INFO - [2025-09-25T05:27:14.708+0000] {dag.py:4180} INFO - Setting next_dagrun for example_xcom_args_with_operators to None, run_after=None
[2025-09-25T05:27:14.722+0000] {processor.py:208} INFO - Processing /home/airflow/.local/lib/python3.12/site-packages/airflow/example_dags/example_xcomargs.py took 0.068 seconds
[2025-09-25T05:27:45.526+0000] {processor.py:186} INFO - Started process (PID=344) to work on /home/airflow/.local/lib/python3.12/site-packages/airflow/example_dags/example_xcomargs.py
[2025-09-25T05:27:45.527+0000] {processor.py:914} INFO - Processing file /home/airflow/.local/lib/python3.12/site-packages/airflow/example_dags/example_xcomargs.py for tasks to queue
[2025-09-25T05:27:45.529+0000] {logging_mixin.py:190} INFO - [2025-09-25T05:27:45.529+0000] {dagbag.py:588} INFO - Filling up the DagBag from /home/airflow/.local/lib/python3.12/site-packages/airflow/example_dags/example_xcomargs.py
[2025-09-25T05:27:45.539+0000] {processor.py:925} INFO - DAG(s) 'example_xcom_args', 'example_xcom_args_with_operators' retrieved from /home/airflow/.local/lib/python3.12/site-packages/airflow/example_dags/example_xcomargs.py
[2025-09-25T05:27:45.559+0000] {logging_mixin.py:190} INFO - [2025-09-25T05:27:45.558+0000] {dag.py:3239} INFO - Sync 2 DAGs
[2025-09-25T05:27:45.571+0000] {logging_mixin.py:190} INFO - [2025-09-25T05:27:45.571+0000] {dag.py:4180} INFO - Setting next_dagrun for example_xcom_args to None, run_after=None
[2025-09-25T05:27:45.574+0000] {logging_mixin.py:190} INFO - [2025-09-25T05:27:45.574+0000] {dag.py:4180} INFO - Setting next_dagrun for example_xcom_args_with_operators to None, run_after=None
[2025-09-25T05:27:45.589+0000] {processor.py:208} INFO - Processing /home/airflow/.local/lib/python3.12/site-packages/airflow/example_dags/example_xcomargs.py took 0.068 seconds
[2025-09-25T05:28:56.995+0000] {processor.py:186} INFO - Started process (PID=85) to work on /home/airflow/.local/lib/python3.12/site-packages/airflow/example_dags/example_xcomargs.py
[2025-09-25T05:28:56.996+0000] {processor.py:914} INFO - Processing file /home/airflow/.local/lib/python3.12/site-packages/airflow/example_dags/example_xcomargs.py for tasks to queue
[2025-09-25T05:28:56.998+0000] {logging_mixin.py:190} INFO - [2025-09-25T05:28:56.997+0000] {dagbag.py:588} INFO - Filling up the DagBag from /home/airflow/.local/lib/python3.12/site-packages/airflow/example_dags/example_xcomargs.py
[2025-09-25T05:28:57.006+0000] {processor.py:925} INFO - DAG(s) 'example_xcom_args', 'example_xcom_args_with_operators' retrieved from /home/airflow/.local/lib/python3.12/site-packages/airflow/example_dags/example_xcomargs.py
[2025-09-25T05:28:57.024+0000] {logging_mixin.py:190} INFO - [2025-09-25T05:28:57.024+0000] {dag.py:3239} INFO - Sync 2 DAGs
[2025-09-25T05:28:57.036+0000] {logging_mixin.py:190} INFO - [2025-09-25T05:28:57.036+0000] {dag.py:4180} INFO - Setting next_dagrun for example_xcom_args to None, run_after=None
[2025-09-25T05:28:57.039+0000] {logging_mixin.py:190} INFO - [2025-09-25T05:28:57.039+0000] {dag.py:4180} INFO - Setting next_dagrun for example_xcom_args_with_operators to None, run_after=None
[2025-09-25T05:28:57.051+0000] {processor.py:208} INFO - Processing /home/airflow/.local/lib/python3.12/site-packages/airflow/example_dags/example_xcomargs.py took 0.062 seconds
[2025-09-25T05:29:27.705+0000] {processor.py:186} INFO - Started process (PID=150) to work on /home/airflow/.local/lib/python3.12/site-packages/airflow/example_dags/example_xcomargs.py
[2025-09-25T05:29:27.707+0000] {processor.py:914} INFO - Processing file /home/airflow/.local/lib/python3.12/site-packages/airflow/example_dags/example_xcomargs.py for tasks to queue
[2025-09-25T05:29:27.710+0000] {logging_mixin.py:190} INFO - [2025-09-25T05:29:27.710+0000] {dagbag.py:588} INFO - Filling up the DagBag from /home/airflow/.local/lib/python3.12/site-packages/airflow/example_dags/example_xcomargs.py
[2025-09-25T05:29:27.720+0000] {processor.py:925} INFO - DAG(s) 'example_xcom_args', 'example_xcom_args_with_operators' retrieved from /home/airflow/.local/lib/python3.12/site-packages/airflow/example_dags/example_xcomargs.py
[2025-09-25T05:29:27.743+0000] {logging_mixin.py:190} INFO - [2025-09-25T05:29:27.743+0000] {dag.py:3239} INFO - Sync 2 DAGs
[2025-09-25T05:29:27.756+0000] {logging_mixin.py:190} INFO - [2025-09-25T05:29:27.756+0000] {dag.py:4180} INFO - Setting next_dagrun for example_xcom_args to None, run_after=None
[2025-09-25T05:29:27.760+0000] {logging_mixin.py:190} INFO - [2025-09-25T05:29:27.759+0000] {dag.py:4180} INFO - Setting next_dagrun for example_xcom_args_with_operators to None, run_after=None
[2025-09-25T05:29:27.774+0000] {processor.py:208} INFO - Processing /home/airflow/.local/lib/python3.12/site-packages/airflow/example_dags/example_xcomargs.py took 0.074 seconds
[2025-09-25T05:29:58.455+0000] {processor.py:186} INFO - Started process (PID=214) to work on /home/airflow/.local/lib/python3.12/site-packages/airflow/example_dags/example_xcomargs.py
[2025-09-25T05:29:58.456+0000] {processor.py:914} INFO - Processing file /home/airflow/.local/lib/python3.12/site-packages/airflow/example_dags/example_xcomargs.py for tasks to queue
[2025-09-25T05:29:58.458+0000] {logging_mixin.py:190} INFO - [2025-09-25T05:29:58.457+0000] {dagbag.py:588} INFO - Filling up the DagBag from /home/airflow/.local/lib/python3.12/site-packages/airflow/example_dags/example_xcomargs.py
[2025-09-25T05:29:58.466+0000] {processor.py:925} INFO - DAG(s) 'example_xcom_args', 'example_xcom_args_with_operators' retrieved from /home/airflow/.local/lib/python3.12/site-packages/airflow/example_dags/example_xcomargs.py
[2025-09-25T05:29:58.485+0000] {logging_mixin.py:190} INFO - [2025-09-25T05:29:58.485+0000] {dag.py:3239} INFO - Sync 2 DAGs
[2025-09-25T05:29:58.499+0000] {logging_mixin.py:190} INFO - [2025-09-25T05:29:58.498+0000] {dag.py:4180} INFO - Setting next_dagrun for example_xcom_args to None, run_after=None
[2025-09-25T05:29:58.502+0000] {logging_mixin.py:190} INFO - [2025-09-25T05:29:58.502+0000] {dag.py:4180} INFO - Setting next_dagrun for example_xcom_args_with_operators to None, run_after=None
[2025-09-25T05:29:58.515+0000] {processor.py:208} INFO - Processing /home/airflow/.local/lib/python3.12/site-packages/airflow/example_dags/example_xcomargs.py took 0.065 seconds
[2025-09-25T05:30:30.182+0000] {processor.py:186} INFO - Started process (PID=280) to work on /home/airflow/.local/lib/python3.12/site-packages/airflow/example_dags/example_xcomargs.py
[2025-09-25T05:30:30.183+0000] {processor.py:914} INFO - Processing file /home/airflow/.local/lib/python3.12/site-packages/airflow/example_dags/example_xcomargs.py for tasks to queue
[2025-09-25T05:30:30.185+0000] {logging_mixin.py:190} INFO - [2025-09-25T05:30:30.185+0000] {dagbag.py:588} INFO - Filling up the DagBag from /home/airflow/.local/lib/python3.12/site-packages/airflow/example_dags/example_xcomargs.py
[2025-09-25T05:30:30.194+0000] {processor.py:925} INFO - DAG(s) 'example_xcom_args_with_operators', 'example_xcom_args' retrieved from /home/airflow/.local/lib/python3.12/site-packages/airflow/example_dags/example_xcomargs.py
[2025-09-25T05:30:30.213+0000] {logging_mixin.py:190} INFO - [2025-09-25T05:30:30.213+0000] {dag.py:3239} INFO - Sync 2 DAGs
[2025-09-25T05:30:30.225+0000] {logging_mixin.py:190} INFO - [2025-09-25T05:30:30.225+0000] {dag.py:4180} INFO - Setting next_dagrun for example_xcom_args to None, run_after=None
[2025-09-25T05:30:30.228+0000] {logging_mixin.py:190} INFO - [2025-09-25T05:30:30.228+0000] {dag.py:4180} INFO - Setting next_dagrun for example_xcom_args_with_operators to None, run_after=None
[2025-09-25T05:30:30.240+0000] {processor.py:208} INFO - Processing /home/airflow/.local/lib/python3.12/site-packages/airflow/example_dags/example_xcomargs.py took 0.063 seconds
[2025-09-25T05:31:01.087+0000] {processor.py:186} INFO - Started process (PID=345) to work on /home/airflow/.local/lib/python3.12/site-packages/airflow/example_dags/example_xcomargs.py
[2025-09-25T05:31:01.088+0000] {processor.py:914} INFO - Processing file /home/airflow/.local/lib/python3.12/site-packages/airflow/example_dags/example_xcomargs.py for tasks to queue
[2025-09-25T05:31:01.090+0000] {logging_mixin.py:190} INFO - [2025-09-25T05:31:01.090+0000] {dagbag.py:588} INFO - Filling up the DagBag from /home/airflow/.local/lib/python3.12/site-packages/airflow/example_dags/example_xcomargs.py
[2025-09-25T05:31:01.100+0000] {processor.py:925} INFO - DAG(s) 'example_xcom_args_with_operators', 'example_xcom_args' retrieved from /home/airflow/.local/lib/python3.12/site-packages/airflow/example_dags/example_xcomargs.py
[2025-09-25T05:31:01.124+0000] {logging_mixin.py:190} INFO - [2025-09-25T05:31:01.124+0000] {dag.py:3239} INFO - Sync 2 DAGs
[2025-09-25T05:31:01.138+0000] {logging_mixin.py:190} INFO - [2025-09-25T05:31:01.137+0000] {dag.py:4180} INFO - Setting next_dagrun for example_xcom_args to None, run_after=None
[2025-09-25T05:31:01.141+0000] {logging_mixin.py:190} INFO - [2025-09-25T05:31:01.140+0000] {dag.py:4180} INFO - Setting next_dagrun for example_xcom_args_with_operators to None, run_after=None
[2025-09-25T05:31:01.155+0000] {processor.py:208} INFO - Processing /home/airflow/.local/lib/python3.12/site-packages/airflow/example_dags/example_xcomargs.py took 0.073 seconds
[2025-09-25T05:31:32.038+0000] {processor.py:186} INFO - Started process (PID=410) to work on /home/airflow/.local/lib/python3.12/site-packages/airflow/example_dags/example_xcomargs.py
[2025-09-25T05:31:32.039+0000] {processor.py:914} INFO - Processing file /home/airflow/.local/lib/python3.12/site-packages/airflow/example_dags/example_xcomargs.py for tasks to queue
[2025-09-25T05:31:32.041+0000] {logging_mixin.py:190} INFO - [2025-09-25T05:31:32.040+0000] {dagbag.py:588} INFO - Filling up the DagBag from /home/airflow/.local/lib/python3.12/site-packages/airflow/example_dags/example_xcomargs.py
[2025-09-25T05:31:32.050+0000] {processor.py:925} INFO - DAG(s) 'example_xcom_args', 'example_xcom_args_with_operators' retrieved from /home/airflow/.local/lib/python3.12/site-packages/airflow/example_dags/example_xcomargs.py
[2025-09-25T05:31:32.069+0000] {logging_mixin.py:190} INFO - [2025-09-25T05:31:32.069+0000] {dag.py:3239} INFO - Sync 2 DAGs
[2025-09-25T05:31:32.082+0000] {logging_mixin.py:190} INFO - [2025-09-25T05:31:32.081+0000] {dag.py:4180} INFO - Setting next_dagrun for example_xcom_args to None, run_after=None
[2025-09-25T05:31:32.085+0000] {logging_mixin.py:190} INFO - [2025-09-25T05:31:32.085+0000] {dag.py:4180} INFO - Setting next_dagrun for example_xcom_args_with_operators to None, run_after=None
[2025-09-25T05:31:32.098+0000] {processor.py:208} INFO - Processing /home/airflow/.local/lib/python3.12/site-packages/airflow/example_dags/example_xcomargs.py took 0.067 seconds
[2025-09-25T05:32:03.187+0000] {processor.py:186} INFO - Started process (PID=475) to work on /home/airflow/.local/lib/python3.12/site-packages/airflow/example_dags/example_xcomargs.py
[2025-09-25T05:32:03.188+0000] {processor.py:914} INFO - Processing file /home/airflow/.local/lib/python3.12/site-packages/airflow/example_dags/example_xcomargs.py for tasks to queue
[2025-09-25T05:32:03.190+0000] {logging_mixin.py:190} INFO - [2025-09-25T05:32:03.190+0000] {dagbag.py:588} INFO - Filling up the DagBag from /home/airflow/.local/lib/python3.12/site-packages/airflow/example_dags/example_xcomargs.py
[2025-09-25T05:32:03.200+0000] {processor.py:925} INFO - DAG(s) 'example_xcom_args_with_operators', 'example_xcom_args' retrieved from /home/airflow/.local/lib/python3.12/site-packages/airflow/example_dags/example_xcomargs.py
[2025-09-25T05:32:03.221+0000] {logging_mixin.py:190} INFO - [2025-09-25T05:32:03.221+0000] {dag.py:3239} INFO - Sync 2 DAGs
[2025-09-25T05:32:03.233+0000] {logging_mixin.py:190} INFO - [2025-09-25T05:32:03.233+0000] {dag.py:4180} INFO - Setting next_dagrun for example_xcom_args to None, run_after=None
[2025-09-25T05:32:03.237+0000] {logging_mixin.py:190} INFO - [2025-09-25T05:32:03.237+0000] {dag.py:4180} INFO - Setting next_dagrun for example_xcom_args_with_operators to None, run_after=None
[2025-09-25T05:32:03.252+0000] {processor.py:208} INFO - Processing /home/airflow/.local/lib/python3.12/site-packages/airflow/example_dags/example_xcomargs.py took 0.071 seconds
[2025-09-25T05:32:34.998+0000] {processor.py:186} INFO - Started process (PID=540) to work on /home/airflow/.local/lib/python3.12/site-packages/airflow/example_dags/example_xcomargs.py
[2025-09-25T05:32:34.999+0000] {processor.py:914} INFO - Processing file /home/airflow/.local/lib/python3.12/site-packages/airflow/example_dags/example_xcomargs.py for tasks to queue
[2025-09-25T05:32:35.002+0000] {logging_mixin.py:190} INFO - [2025-09-25T05:32:35.001+0000] {dagbag.py:588} INFO - Filling up the DagBag from /home/airflow/.local/lib/python3.12/site-packages/airflow/example_dags/example_xcomargs.py
[2025-09-25T05:32:35.012+0000] {processor.py:925} INFO - DAG(s) 'example_xcom_args', 'example_xcom_args_with_operators' retrieved from /home/airflow/.local/lib/python3.12/site-packages/airflow/example_dags/example_xcomargs.py
[2025-09-25T05:32:35.033+0000] {logging_mixin.py:190} INFO - [2025-09-25T05:32:35.033+0000] {dag.py:3239} INFO - Sync 2 DAGs
[2025-09-25T05:32:35.048+0000] {logging_mixin.py:190} INFO - [2025-09-25T05:32:35.048+0000] {dag.py:4180} INFO - Setting next_dagrun for example_xcom_args to None, run_after=None
[2025-09-25T05:32:35.051+0000] {logging_mixin.py:190} INFO - [2025-09-25T05:32:35.051+0000] {dag.py:4180} INFO - Setting next_dagrun for example_xcom_args_with_operators to None, run_after=None
[2025-09-25T05:32:35.068+0000] {processor.py:208} INFO - Processing /home/airflow/.local/lib/python3.12/site-packages/airflow/example_dags/example_xcomargs.py took 0.076 seconds
[2025-09-25T05:33:05.430+0000] {processor.py:186} INFO - Started process (PID=605) to work on /home/airflow/.local/lib/python3.12/site-packages/airflow/example_dags/example_xcomargs.py
[2025-09-25T05:33:05.432+0000] {processor.py:914} INFO - Processing file /home/airflow/.local/lib/python3.12/site-packages/airflow/example_dags/example_xcomargs.py for tasks to queue
[2025-09-25T05:33:05.434+0000] {logging_mixin.py:190} INFO - [2025-09-25T05:33:05.434+0000] {dagbag.py:588} INFO - Filling up the DagBag from /home/airflow/.local/lib/python3.12/site-packages/airflow/example_dags/example_xcomargs.py
[2025-09-25T05:33:05.443+0000] {processor.py:925} INFO - DAG(s) 'example_xcom_args', 'example_xcom_args_with_operators' retrieved from /home/airflow/.local/lib/python3.12/site-packages/airflow/example_dags/example_xcomargs.py
[2025-09-25T05:33:05.463+0000] {logging_mixin.py:190} INFO - [2025-09-25T05:33:05.463+0000] {dag.py:3239} INFO - Sync 2 DAGs
[2025-09-25T05:33:05.476+0000] {logging_mixin.py:190} INFO - [2025-09-25T05:33:05.476+0000] {dag.py:4180} INFO - Setting next_dagrun for example_xcom_args to None, run_after=None
[2025-09-25T05:33:05.479+0000] {logging_mixin.py:190} INFO - [2025-09-25T05:33:05.479+0000] {dag.py:4180} INFO - Setting next_dagrun for example_xcom_args_with_operators to None, run_after=None
[2025-09-25T05:33:05.493+0000] {processor.py:208} INFO - Processing /home/airflow/.local/lib/python3.12/site-packages/airflow/example_dags/example_xcomargs.py took 0.068 seconds
[2025-09-25T05:33:36.569+0000] {processor.py:186} INFO - Started process (PID=670) to work on /home/airflow/.local/lib/python3.12/site-packages/airflow/example_dags/example_xcomargs.py
[2025-09-25T05:33:36.571+0000] {processor.py:914} INFO - Processing file /home/airflow/.local/lib/python3.12/site-packages/airflow/example_dags/example_xcomargs.py for tasks to queue
[2025-09-25T05:33:36.573+0000] {logging_mixin.py:190} INFO - [2025-09-25T05:33:36.572+0000] {dagbag.py:588} INFO - Filling up the DagBag from /home/airflow/.local/lib/python3.12/site-packages/airflow/example_dags/example_xcomargs.py
[2025-09-25T05:33:36.582+0000] {processor.py:925} INFO - DAG(s) 'example_xcom_args', 'example_xcom_args_with_operators' retrieved from /home/airflow/.local/lib/python3.12/site-packages/airflow/example_dags/example_xcomargs.py
[2025-09-25T05:33:36.601+0000] {logging_mixin.py:190} INFO - [2025-09-25T05:33:36.600+0000] {dag.py:3239} INFO - Sync 2 DAGs
[2025-09-25T05:33:36.613+0000] {logging_mixin.py:190} INFO - [2025-09-25T05:33:36.612+0000] {dag.py:4180} INFO - Setting next_dagrun for example_xcom_args to None, run_after=None
[2025-09-25T05:33:36.615+0000] {logging_mixin.py:190} INFO - [2025-09-25T05:33:36.615+0000] {dag.py:4180} INFO - Setting next_dagrun for example_xcom_args_with_operators to None, run_after=None
[2025-09-25T05:33:36.629+0000] {processor.py:208} INFO - Processing /home/airflow/.local/lib/python3.12/site-packages/airflow/example_dags/example_xcomargs.py took 0.066 seconds
[2025-09-25T05:34:07.699+0000] {processor.py:186} INFO - Started process (PID=735) to work on /home/airflow/.local/lib/python3.12/site-packages/airflow/example_dags/example_xcomargs.py
[2025-09-25T05:34:07.701+0000] {processor.py:914} INFO - Processing file /home/airflow/.local/lib/python3.12/site-packages/airflow/example_dags/example_xcomargs.py for tasks to queue
[2025-09-25T05:34:07.703+0000] {logging_mixin.py:190} INFO - [2025-09-25T05:34:07.703+0000] {dagbag.py:588} INFO - Filling up the DagBag from /home/airflow/.local/lib/python3.12/site-packages/airflow/example_dags/example_xcomargs.py
[2025-09-25T05:34:07.712+0000] {processor.py:925} INFO - DAG(s) 'example_xcom_args', 'example_xcom_args_with_operators' retrieved from /home/airflow/.local/lib/python3.12/site-packages/airflow/example_dags/example_xcomargs.py
[2025-09-25T05:34:07.731+0000] {logging_mixin.py:190} INFO - [2025-09-25T05:34:07.731+0000] {dag.py:3239} INFO - Sync 2 DAGs
[2025-09-25T05:34:07.743+0000] {logging_mixin.py:190} INFO - [2025-09-25T05:34:07.743+0000] {dag.py:4180} INFO - Setting next_dagrun for example_xcom_args to None, run_after=None
[2025-09-25T05:34:07.746+0000] {logging_mixin.py:190} INFO - [2025-09-25T05:34:07.746+0000] {dag.py:4180} INFO - Setting next_dagrun for example_xcom_args_with_operators to None, run_after=None
[2025-09-25T05:34:07.760+0000] {processor.py:208} INFO - Processing /home/airflow/.local/lib/python3.12/site-packages/airflow/example_dags/example_xcomargs.py took 0.065 seconds
[2025-09-25T05:34:38.994+0000] {processor.py:186} INFO - Started process (PID=800) to work on /home/airflow/.local/lib/python3.12/site-packages/airflow/example_dags/example_xcomargs.py
[2025-09-25T05:34:38.996+0000] {processor.py:914} INFO - Processing file /home/airflow/.local/lib/python3.12/site-packages/airflow/example_dags/example_xcomargs.py for tasks to queue
[2025-09-25T05:34:38.998+0000] {logging_mixin.py:190} INFO - [2025-09-25T05:34:38.997+0000] {dagbag.py:588} INFO - Filling up the DagBag from /home/airflow/.local/lib/python3.12/site-packages/airflow/example_dags/example_xcomargs.py
[2025-09-25T05:34:39.008+0000] {processor.py:925} INFO - DAG(s) 'example_xcom_args', 'example_xcom_args_with_operators' retrieved from /home/airflow/.local/lib/python3.12/site-packages/airflow/example_dags/example_xcomargs.py
[2025-09-25T05:34:39.038+0000] {logging_mixin.py:190} INFO - [2025-09-25T05:34:39.037+0000] {dag.py:3239} INFO - Sync 2 DAGs
[2025-09-25T05:34:39.054+0000] {logging_mixin.py:190} INFO - [2025-09-25T05:34:39.054+0000] {dag.py:4180} INFO - Setting next_dagrun for example_xcom_args to None, run_after=None
[2025-09-25T05:34:39.058+0000] {logging_mixin.py:190} INFO - [2025-09-25T05:34:39.058+0000] {dag.py:4180} INFO - Setting next_dagrun for example_xcom_args_with_operators to None, run_after=None
[2025-09-25T05:34:39.072+0000] {processor.py:208} INFO - Processing /home/airflow/.local/lib/python3.12/site-packages/airflow/example_dags/example_xcomargs.py took 0.085 seconds
[2025-09-25T05:35:10.185+0000] {processor.py:186} INFO - Started process (PID=865) to work on /home/airflow/.local/lib/python3.12/site-packages/airflow/example_dags/example_xcomargs.py
[2025-09-25T05:35:10.187+0000] {processor.py:914} INFO - Processing file /home/airflow/.local/lib/python3.12/site-packages/airflow/example_dags/example_xcomargs.py for tasks to queue
[2025-09-25T05:35:10.189+0000] {logging_mixin.py:190} INFO - [2025-09-25T05:35:10.188+0000] {dagbag.py:588} INFO - Filling up the DagBag from /home/airflow/.local/lib/python3.12/site-packages/airflow/example_dags/example_xcomargs.py
[2025-09-25T05:35:10.198+0000] {processor.py:925} INFO - DAG(s) 'example_xcom_args', 'example_xcom_args_with_operators' retrieved from /home/airflow/.local/lib/python3.12/site-packages/airflow/example_dags/example_xcomargs.py
[2025-09-25T05:35:10.218+0000] {logging_mixin.py:190} INFO - [2025-09-25T05:35:10.217+0000] {dag.py:3239} INFO - Sync 2 DAGs
[2025-09-25T05:35:10.230+0000] {logging_mixin.py:190} INFO - [2025-09-25T05:35:10.230+0000] {dag.py:4180} INFO - Setting next_dagrun for example_xcom_args to None, run_after=None
[2025-09-25T05:35:10.233+0000] {logging_mixin.py:190} INFO - [2025-09-25T05:35:10.233+0000] {dag.py:4180} INFO - Setting next_dagrun for example_xcom_args_with_operators to None, run_after=None
[2025-09-25T05:35:10.246+0000] {processor.py:208} INFO - Processing /home/airflow/.local/lib/python3.12/site-packages/airflow/example_dags/example_xcomargs.py took 0.066 seconds
[2025-09-25T05:35:41.506+0000] {processor.py:186} INFO - Started process (PID=930) to work on /home/airflow/.local/lib/python3.12/site-packages/airflow/example_dags/example_xcomargs.py
[2025-09-25T05:35:41.507+0000] {processor.py:914} INFO - Processing file /home/airflow/.local/lib/python3.12/site-packages/airflow/example_dags/example_xcomargs.py for tasks to queue
[2025-09-25T05:35:41.509+0000] {logging_mixin.py:190} INFO - [2025-09-25T05:35:41.509+0000] {dagbag.py:588} INFO - Filling up the DagBag from /home/airflow/.local/lib/python3.12/site-packages/airflow/example_dags/example_xcomargs.py
[2025-09-25T05:35:41.519+0000] {processor.py:925} INFO - DAG(s) 'example_xcom_args', 'example_xcom_args_with_operators' retrieved from /home/airflow/.local/lib/python3.12/site-packages/airflow/example_dags/example_xcomargs.py
[2025-09-25T05:35:41.540+0000] {logging_mixin.py:190} INFO - [2025-09-25T05:35:41.540+0000] {dag.py:3239} INFO - Sync 2 DAGs
[2025-09-25T05:35:41.553+0000] {logging_mixin.py:190} INFO - [2025-09-25T05:35:41.552+0000] {dag.py:4180} INFO - Setting next_dagrun for example_xcom_args to None, run_after=None
[2025-09-25T05:35:41.556+0000] {logging_mixin.py:190} INFO - [2025-09-25T05:35:41.556+0000] {dag.py:4180} INFO - Setting next_dagrun for example_xcom_args_with_operators to None, run_after=None
[2025-09-25T05:35:41.571+0000] {processor.py:208} INFO - Processing /home/airflow/.local/lib/python3.12/site-packages/airflow/example_dags/example_xcomargs.py took 0.070 seconds
[2025-09-25T05:36:13.003+0000] {processor.py:186} INFO - Started process (PID=995) to work on /home/airflow/.local/lib/python3.12/site-packages/airflow/example_dags/example_xcomargs.py
[2025-09-25T05:36:13.004+0000] {processor.py:914} INFO - Processing file /home/airflow/.local/lib/python3.12/site-packages/airflow/example_dags/example_xcomargs.py for tasks to queue
[2025-09-25T05:36:13.006+0000] {logging_mixin.py:190} INFO - [2025-09-25T05:36:13.006+0000] {dagbag.py:588} INFO - Filling up the DagBag from /home/airflow/.local/lib/python3.12/site-packages/airflow/example_dags/example_xcomargs.py
[2025-09-25T05:36:13.015+0000] {processor.py:925} INFO - DAG(s) 'example_xcom_args', 'example_xcom_args_with_operators' retrieved from /home/airflow/.local/lib/python3.12/site-packages/airflow/example_dags/example_xcomargs.py
[2025-09-25T05:36:13.036+0000] {logging_mixin.py:190} INFO - [2025-09-25T05:36:13.036+0000] {dag.py:3239} INFO - Sync 2 DAGs
[2025-09-25T05:36:13.050+0000] {logging_mixin.py:190} INFO - [2025-09-25T05:36:13.050+0000] {dag.py:4180} INFO - Setting next_dagrun for example_xcom_args to None, run_after=None
[2025-09-25T05:36:13.053+0000] {logging_mixin.py:190} INFO - [2025-09-25T05:36:13.053+0000] {dag.py:4180} INFO - Setting next_dagrun for example_xcom_args_with_operators to None, run_after=None
[2025-09-25T05:36:13.067+0000] {processor.py:208} INFO - Processing /home/airflow/.local/lib/python3.12/site-packages/airflow/example_dags/example_xcomargs.py took 0.069 seconds
[2025-09-25T05:36:44.110+0000] {processor.py:186} INFO - Started process (PID=1060) to work on /home/airflow/.local/lib/python3.12/site-packages/airflow/example_dags/example_xcomargs.py
[2025-09-25T05:36:44.111+0000] {processor.py:914} INFO - Processing file /home/airflow/.local/lib/python3.12/site-packages/airflow/example_dags/example_xcomargs.py for tasks to queue
[2025-09-25T05:36:44.113+0000] {logging_mixin.py:190} INFO - [2025-09-25T05:36:44.113+0000] {dagbag.py:588} INFO - Filling up the DagBag from /home/airflow/.local/lib/python3.12/site-packages/airflow/example_dags/example_xcomargs.py
[2025-09-25T05:36:44.122+0000] {processor.py:925} INFO - DAG(s) 'example_xcom_args', 'example_xcom_args_with_operators' retrieved from /home/airflow/.local/lib/python3.12/site-packages/airflow/example_dags/example_xcomargs.py
[2025-09-25T05:36:44.140+0000] {logging_mixin.py:190} INFO - [2025-09-25T05:36:44.140+0000] {dag.py:3239} INFO - Sync 2 DAGs
[2025-09-25T05:36:44.153+0000] {logging_mixin.py:190} INFO - [2025-09-25T05:36:44.153+0000] {dag.py:4180} INFO - Setting next_dagrun for example_xcom_args to None, run_after=None
[2025-09-25T05:36:44.156+0000] {logging_mixin.py:190} INFO - [2025-09-25T05:36:44.156+0000] {dag.py:4180} INFO - Setting next_dagrun for example_xcom_args_with_operators to None, run_after=None
[2025-09-25T05:36:44.169+0000] {processor.py:208} INFO - Processing /home/airflow/.local/lib/python3.12/site-packages/airflow/example_dags/example_xcomargs.py took 0.065 seconds
[2025-09-25T05:37:14.886+0000] {processor.py:186} INFO - Started process (PID=1125) to work on /home/airflow/.local/lib/python3.12/site-packages/airflow/example_dags/example_xcomargs.py
[2025-09-25T05:37:14.887+0000] {processor.py:914} INFO - Processing file /home/airflow/.local/lib/python3.12/site-packages/airflow/example_dags/example_xcomargs.py for tasks to queue
[2025-09-25T05:37:14.889+0000] {logging_mixin.py:190} INFO - [2025-09-25T05:37:14.889+0000] {dagbag.py:588} INFO - Filling up the DagBag from /home/airflow/.local/lib/python3.12/site-packages/airflow/example_dags/example_xcomargs.py
[2025-09-25T05:37:14.898+0000] {processor.py:925} INFO - DAG(s) 'example_xcom_args', 'example_xcom_args_with_operators' retrieved from /home/airflow/.local/lib/python3.12/site-packages/airflow/example_dags/example_xcomargs.py
[2025-09-25T05:37:14.917+0000] {logging_mixin.py:190} INFO - [2025-09-25T05:37:14.917+0000] {dag.py:3239} INFO - Sync 2 DAGs
[2025-09-25T05:37:14.930+0000] {logging_mixin.py:190} INFO - [2025-09-25T05:37:14.930+0000] {dag.py:4180} INFO - Setting next_dagrun for example_xcom_args to None, run_after=None
[2025-09-25T05:37:14.934+0000] {logging_mixin.py:190} INFO - [2025-09-25T05:37:14.934+0000] {dag.py:4180} INFO - Setting next_dagrun for example_xcom_args_with_operators to None, run_after=None
[2025-09-25T05:37:14.948+0000] {processor.py:208} INFO - Processing /home/airflow/.local/lib/python3.12/site-packages/airflow/example_dags/example_xcomargs.py took 0.067 seconds
[2025-09-25T05:37:46.301+0000] {processor.py:186} INFO - Started process (PID=1190) to work on /home/airflow/.local/lib/python3.12/site-packages/airflow/example_dags/example_xcomargs.py
[2025-09-25T05:37:46.302+0000] {processor.py:914} INFO - Processing file /home/airflow/.local/lib/python3.12/site-packages/airflow/example_dags/example_xcomargs.py for tasks to queue
[2025-09-25T05:37:46.304+0000] {logging_mixin.py:190} INFO - [2025-09-25T05:37:46.304+0000] {dagbag.py:588} INFO - Filling up the DagBag from /home/airflow/.local/lib/python3.12/site-packages/airflow/example_dags/example_xcomargs.py
[2025-09-25T05:37:46.314+0000] {processor.py:925} INFO - DAG(s) 'example_xcom_args', 'example_xcom_args_with_operators' retrieved from /home/airflow/.local/lib/python3.12/site-packages/airflow/example_dags/example_xcomargs.py
[2025-09-25T05:37:46.333+0000] {logging_mixin.py:190} INFO - [2025-09-25T05:37:46.332+0000] {dag.py:3239} INFO - Sync 2 DAGs
[2025-09-25T05:37:46.345+0000] {logging_mixin.py:190} INFO - [2025-09-25T05:37:46.345+0000] {dag.py:4180} INFO - Setting next_dagrun for example_xcom_args to None, run_after=None
[2025-09-25T05:37:46.348+0000] {logging_mixin.py:190} INFO - [2025-09-25T05:37:46.348+0000] {dag.py:4180} INFO - Setting next_dagrun for example_xcom_args_with_operators to None, run_after=None
[2025-09-25T05:37:46.361+0000] {processor.py:208} INFO - Processing /home/airflow/.local/lib/python3.12/site-packages/airflow/example_dags/example_xcomargs.py took 0.065 seconds
[2025-09-25T05:38:17.646+0000] {processor.py:186} INFO - Started process (PID=1255) to work on /home/airflow/.local/lib/python3.12/site-packages/airflow/example_dags/example_xcomargs.py
[2025-09-25T05:38:17.647+0000] {processor.py:914} INFO - Processing file /home/airflow/.local/lib/python3.12/site-packages/airflow/example_dags/example_xcomargs.py for tasks to queue
[2025-09-25T05:38:17.649+0000] {logging_mixin.py:190} INFO - [2025-09-25T05:38:17.649+0000] {dagbag.py:588} INFO - Filling up the DagBag from /home/airflow/.local/lib/python3.12/site-packages/airflow/example_dags/example_xcomargs.py
[2025-09-25T05:38:17.659+0000] {processor.py:925} INFO - DAG(s) 'example_xcom_args_with_operators', 'example_xcom_args' retrieved from /home/airflow/.local/lib/python3.12/site-packages/airflow/example_dags/example_xcomargs.py
[2025-09-25T05:38:17.680+0000] {logging_mixin.py:190} INFO - [2025-09-25T05:38:17.679+0000] {dag.py:3239} INFO - Sync 2 DAGs
[2025-09-25T05:38:17.693+0000] {logging_mixin.py:190} INFO - [2025-09-25T05:38:17.692+0000] {dag.py:4180} INFO - Setting next_dagrun for example_xcom_args to None, run_after=None
[2025-09-25T05:38:17.696+0000] {logging_mixin.py:190} INFO - [2025-09-25T05:38:17.696+0000] {dag.py:4180} INFO - Setting next_dagrun for example_xcom_args_with_operators to None, run_after=None
[2025-09-25T05:38:17.709+0000] {processor.py:208} INFO - Processing /home/airflow/.local/lib/python3.12/site-packages/airflow/example_dags/example_xcomargs.py took 0.070 seconds
[2025-09-25T05:38:48.905+0000] {processor.py:186} INFO - Started process (PID=1320) to work on /home/airflow/.local/lib/python3.12/site-packages/airflow/example_dags/example_xcomargs.py
[2025-09-25T05:38:48.906+0000] {processor.py:914} INFO - Processing file /home/airflow/.local/lib/python3.12/site-packages/airflow/example_dags/example_xcomargs.py for tasks to queue
[2025-09-25T05:38:48.908+0000] {logging_mixin.py:190} INFO - [2025-09-25T05:38:48.907+0000] {dagbag.py:588} INFO - Filling up the DagBag from /home/airflow/.local/lib/python3.12/site-packages/airflow/example_dags/example_xcomargs.py
[2025-09-25T05:38:48.917+0000] {processor.py:925} INFO - DAG(s) 'example_xcom_args_with_operators', 'example_xcom_args' retrieved from /home/airflow/.local/lib/python3.12/site-packages/airflow/example_dags/example_xcomargs.py
[2025-09-25T05:38:48.939+0000] {logging_mixin.py:190} INFO - [2025-09-25T05:38:48.938+0000] {dag.py:3239} INFO - Sync 2 DAGs
[2025-09-25T05:38:48.951+0000] {logging_mixin.py:190} INFO - [2025-09-25T05:38:48.951+0000] {dag.py:4180} INFO - Setting next_dagrun for example_xcom_args to None, run_after=None
[2025-09-25T05:38:48.954+0000] {logging_mixin.py:190} INFO - [2025-09-25T05:38:48.954+0000] {dag.py:4180} INFO - Setting next_dagrun for example_xcom_args_with_operators to None, run_after=None
[2025-09-25T05:38:48.967+0000] {processor.py:208} INFO - Processing /home/airflow/.local/lib/python3.12/site-packages/airflow/example_dags/example_xcomargs.py took 0.067 seconds
[2025-09-25T05:39:20.553+0000] {processor.py:186} INFO - Started process (PID=1391) to work on /home/airflow/.local/lib/python3.12/site-packages/airflow/example_dags/example_xcomargs.py
[2025-09-25T05:39:20.555+0000] {processor.py:914} INFO - Processing file /home/airflow/.local/lib/python3.12/site-packages/airflow/example_dags/example_xcomargs.py for tasks to queue
[2025-09-25T05:39:20.557+0000] {logging_mixin.py:190} INFO - [2025-09-25T05:39:20.557+0000] {dagbag.py:588} INFO - Filling up the DagBag from /home/airflow/.local/lib/python3.12/site-packages/airflow/example_dags/example_xcomargs.py
[2025-09-25T05:39:20.570+0000] {processor.py:925} INFO - DAG(s) 'example_xcom_args_with_operators', 'example_xcom_args' retrieved from /home/airflow/.local/lib/python3.12/site-packages/airflow/example_dags/example_xcomargs.py
[2025-09-25T05:39:20.595+0000] {logging_mixin.py:190} INFO - [2025-09-25T05:39:20.595+0000] {dag.py:3239} INFO - Sync 2 DAGs
[2025-09-25T05:39:20.610+0000] {logging_mixin.py:190} INFO - [2025-09-25T05:39:20.610+0000] {dag.py:4180} INFO - Setting next_dagrun for example_xcom_args to None, run_after=None
[2025-09-25T05:39:20.615+0000] {logging_mixin.py:190} INFO - [2025-09-25T05:39:20.614+0000] {dag.py:4180} INFO - Setting next_dagrun for example_xcom_args_with_operators to None, run_after=None
[2025-09-25T05:39:20.630+0000] {processor.py:208} INFO - Processing /home/airflow/.local/lib/python3.12/site-packages/airflow/example_dags/example_xcomargs.py took 0.082 seconds
[2025-09-25T05:39:51.874+0000] {processor.py:186} INFO - Started process (PID=1456) to work on /home/airflow/.local/lib/python3.12/site-packages/airflow/example_dags/example_xcomargs.py
[2025-09-25T05:39:51.875+0000] {processor.py:914} INFO - Processing file /home/airflow/.local/lib/python3.12/site-packages/airflow/example_dags/example_xcomargs.py for tasks to queue
[2025-09-25T05:39:51.878+0000] {logging_mixin.py:190} INFO - [2025-09-25T05:39:51.877+0000] {dagbag.py:588} INFO - Filling up the DagBag from /home/airflow/.local/lib/python3.12/site-packages/airflow/example_dags/example_xcomargs.py
[2025-09-25T05:39:51.886+0000] {processor.py:925} INFO - DAG(s) 'example_xcom_args', 'example_xcom_args_with_operators' retrieved from /home/airflow/.local/lib/python3.12/site-packages/airflow/example_dags/example_xcomargs.py
[2025-09-25T05:39:51.906+0000] {logging_mixin.py:190} INFO - [2025-09-25T05:39:51.906+0000] {dag.py:3239} INFO - Sync 2 DAGs
[2025-09-25T05:39:51.919+0000] {logging_mixin.py:190} INFO - [2025-09-25T05:39:51.918+0000] {dag.py:4180} INFO - Setting next_dagrun for example_xcom_args to None, run_after=None
[2025-09-25T05:39:51.922+0000] {logging_mixin.py:190} INFO - [2025-09-25T05:39:51.922+0000] {dag.py:4180} INFO - Setting next_dagrun for example_xcom_args_with_operators to None, run_after=None
[2025-09-25T05:39:51.935+0000] {processor.py:208} INFO - Processing /home/airflow/.local/lib/python3.12/site-packages/airflow/example_dags/example_xcomargs.py took 0.066 seconds
[2025-09-25T05:40:22.981+0000] {processor.py:186} INFO - Started process (PID=1521) to work on /home/airflow/.local/lib/python3.12/site-packages/airflow/example_dags/example_xcomargs.py
[2025-09-25T05:40:22.982+0000] {processor.py:914} INFO - Processing file /home/airflow/.local/lib/python3.12/site-packages/airflow/example_dags/example_xcomargs.py for tasks to queue
[2025-09-25T05:40:22.983+0000] {logging_mixin.py:190} INFO - [2025-09-25T05:40:22.983+0000] {dagbag.py:588} INFO - Filling up the DagBag from /home/airflow/.local/lib/python3.12/site-packages/airflow/example_dags/example_xcomargs.py
[2025-09-25T05:40:22.992+0000] {processor.py:925} INFO - DAG(s) 'example_xcom_args', 'example_xcom_args_with_operators' retrieved from /home/airflow/.local/lib/python3.12/site-packages/airflow/example_dags/example_xcomargs.py
[2025-09-25T05:40:23.011+0000] {logging_mixin.py:190} INFO - [2025-09-25T05:40:23.011+0000] {dag.py:3239} INFO - Sync 2 DAGs
[2025-09-25T05:40:23.023+0000] {logging_mixin.py:190} INFO - [2025-09-25T05:40:23.023+0000] {dag.py:4180} INFO - Setting next_dagrun for example_xcom_args to None, run_after=None
[2025-09-25T05:40:23.027+0000] {logging_mixin.py:190} INFO - [2025-09-25T05:40:23.026+0000] {dag.py:4180} INFO - Setting next_dagrun for example_xcom_args_with_operators to None, run_after=None
[2025-09-25T05:40:23.039+0000] {processor.py:208} INFO - Processing /home/airflow/.local/lib/python3.12/site-packages/airflow/example_dags/example_xcomargs.py took 0.064 seconds
[2025-09-25T05:40:54.336+0000] {processor.py:186} INFO - Started process (PID=1586) to work on /home/airflow/.local/lib/python3.12/site-packages/airflow/example_dags/example_xcomargs.py
[2025-09-25T05:40:54.337+0000] {processor.py:914} INFO - Processing file /home/airflow/.local/lib/python3.12/site-packages/airflow/example_dags/example_xcomargs.py for tasks to queue
[2025-09-25T05:40:54.339+0000] {logging_mixin.py:190} INFO - [2025-09-25T05:40:54.339+0000] {dagbag.py:588} INFO - Filling up the DagBag from /home/airflow/.local/lib/python3.12/site-packages/airflow/example_dags/example_xcomargs.py
[2025-09-25T05:40:54.348+0000] {processor.py:925} INFO - DAG(s) 'example_xcom_args_with_operators', 'example_xcom_args' retrieved from /home/airflow/.local/lib/python3.12/site-packages/airflow/example_dags/example_xcomargs.py
[2025-09-25T05:40:54.366+0000] {logging_mixin.py:190} INFO - [2025-09-25T05:40:54.366+0000] {dag.py:3239} INFO - Sync 2 DAGs
[2025-09-25T05:40:54.378+0000] {logging_mixin.py:190} INFO - [2025-09-25T05:40:54.378+0000] {dag.py:4180} INFO - Setting next_dagrun for example_xcom_args to None, run_after=None
[2025-09-25T05:40:54.381+0000] {logging_mixin.py:190} INFO - [2025-09-25T05:40:54.381+0000] {dag.py:4180} INFO - Setting next_dagrun for example_xcom_args_with_operators to None, run_after=None
[2025-09-25T05:40:54.395+0000] {processor.py:208} INFO - Processing /home/airflow/.local/lib/python3.12/site-packages/airflow/example_dags/example_xcomargs.py took 0.064 seconds
[2025-09-25T05:41:25.629+0000] {processor.py:186} INFO - Started process (PID=1651) to work on /home/airflow/.local/lib/python3.12/site-packages/airflow/example_dags/example_xcomargs.py
[2025-09-25T05:41:25.630+0000] {processor.py:914} INFO - Processing file /home/airflow/.local/lib/python3.12/site-packages/airflow/example_dags/example_xcomargs.py for tasks to queue
[2025-09-25T05:41:25.632+0000] {logging_mixin.py:190} INFO - [2025-09-25T05:41:25.631+0000] {dagbag.py:588} INFO - Filling up the DagBag from /home/airflow/.local/lib/python3.12/site-packages/airflow/example_dags/example_xcomargs.py
[2025-09-25T05:41:25.642+0000] {processor.py:925} INFO - DAG(s) 'example_xcom_args', 'example_xcom_args_with_operators' retrieved from /home/airflow/.local/lib/python3.12/site-packages/airflow/example_dags/example_xcomargs.py
[2025-09-25T05:41:25.663+0000] {logging_mixin.py:190} INFO - [2025-09-25T05:41:25.663+0000] {dag.py:3239} INFO - Sync 2 DAGs
[2025-09-25T05:41:25.675+0000] {logging_mixin.py:190} INFO - [2025-09-25T05:41:25.675+0000] {dag.py:4180} INFO - Setting next_dagrun for example_xcom_args to None, run_after=None
[2025-09-25T05:41:25.678+0000] {logging_mixin.py:190} INFO - [2025-09-25T05:41:25.678+0000] {dag.py:4180} INFO - Setting next_dagrun for example_xcom_args_with_operators to None, run_after=None
[2025-09-25T05:41:25.692+0000] {processor.py:208} INFO - Processing /home/airflow/.local/lib/python3.12/site-packages/airflow/example_dags/example_xcomargs.py took 0.069 seconds
[2025-09-25T05:41:57.098+0000] {processor.py:186} INFO - Started process (PID=1716) to work on /home/airflow/.local/lib/python3.12/site-packages/airflow/example_dags/example_xcomargs.py
[2025-09-25T05:41:57.099+0000] {processor.py:914} INFO - Processing file /home/airflow/.local/lib/python3.12/site-packages/airflow/example_dags/example_xcomargs.py for tasks to queue
[2025-09-25T05:41:57.100+0000] {logging_mixin.py:190} INFO - [2025-09-25T05:41:57.100+0000] {dagbag.py:588} INFO - Filling up the DagBag from /home/airflow/.local/lib/python3.12/site-packages/airflow/example_dags/example_xcomargs.py
[2025-09-25T05:41:57.110+0000] {processor.py:925} INFO - DAG(s) 'example_xcom_args', 'example_xcom_args_with_operators' retrieved from /home/airflow/.local/lib/python3.12/site-packages/airflow/example_dags/example_xcomargs.py
[2025-09-25T05:41:57.131+0000] {logging_mixin.py:190} INFO - [2025-09-25T05:41:57.131+0000] {dag.py:3239} INFO - Sync 2 DAGs
[2025-09-25T05:41:57.143+0000] {logging_mixin.py:190} INFO - [2025-09-25T05:41:57.143+0000] {dag.py:4180} INFO - Setting next_dagrun for example_xcom_args to None, run_after=None
[2025-09-25T05:41:57.146+0000] {logging_mixin.py:190} INFO - [2025-09-25T05:41:57.146+0000] {dag.py:4180} INFO - Setting next_dagrun for example_xcom_args_with_operators to None, run_after=None
[2025-09-25T05:41:57.160+0000] {processor.py:208} INFO - Processing /home/airflow/.local/lib/python3.12/site-packages/airflow/example_dags/example_xcomargs.py took 0.069 seconds
[2025-09-25T05:42:27.887+0000] {processor.py:186} INFO - Started process (PID=1781) to work on /home/airflow/.local/lib/python3.12/site-packages/airflow/example_dags/example_xcomargs.py
[2025-09-25T05:42:27.888+0000] {processor.py:914} INFO - Processing file /home/airflow/.local/lib/python3.12/site-packages/airflow/example_dags/example_xcomargs.py for tasks to queue
[2025-09-25T05:42:27.890+0000] {logging_mixin.py:190} INFO - [2025-09-25T05:42:27.890+0000] {dagbag.py:588} INFO - Filling up the DagBag from /home/airflow/.local/lib/python3.12/site-packages/airflow/example_dags/example_xcomargs.py
[2025-09-25T05:42:27.899+0000] {processor.py:925} INFO - DAG(s) 'example_xcom_args_with_operators', 'example_xcom_args' retrieved from /home/airflow/.local/lib/python3.12/site-packages/airflow/example_dags/example_xcomargs.py
[2025-09-25T05:42:27.919+0000] {logging_mixin.py:190} INFO - [2025-09-25T05:42:27.919+0000] {dag.py:3239} INFO - Sync 2 DAGs
[2025-09-25T05:42:27.932+0000] {logging_mixin.py:190} INFO - [2025-09-25T05:42:27.931+0000] {dag.py:4180} INFO - Setting next_dagrun for example_xcom_args to None, run_after=None
[2025-09-25T05:42:27.935+0000] {logging_mixin.py:190} INFO - [2025-09-25T05:42:27.935+0000] {dag.py:4180} INFO - Setting next_dagrun for example_xcom_args_with_operators to None, run_after=None
[2025-09-25T05:42:27.949+0000] {processor.py:208} INFO - Processing /home/airflow/.local/lib/python3.12/site-packages/airflow/example_dags/example_xcomargs.py took 0.067 seconds
[2025-09-25T05:42:58.763+0000] {processor.py:186} INFO - Started process (PID=1846) to work on /home/airflow/.local/lib/python3.12/site-packages/airflow/example_dags/example_xcomargs.py
[2025-09-25T05:42:58.764+0000] {processor.py:914} INFO - Processing file /home/airflow/.local/lib/python3.12/site-packages/airflow/example_dags/example_xcomargs.py for tasks to queue
[2025-09-25T05:42:58.766+0000] {logging_mixin.py:190} INFO - [2025-09-25T05:42:58.766+0000] {dagbag.py:588} INFO - Filling up the DagBag from /home/airflow/.local/lib/python3.12/site-packages/airflow/example_dags/example_xcomargs.py
[2025-09-25T05:42:58.775+0000] {processor.py:925} INFO - DAG(s) 'example_xcom_args', 'example_xcom_args_with_operators' retrieved from /home/airflow/.local/lib/python3.12/site-packages/airflow/example_dags/example_xcomargs.py
[2025-09-25T05:42:58.794+0000] {logging_mixin.py:190} INFO - [2025-09-25T05:42:58.794+0000] {dag.py:3239} INFO - Sync 2 DAGs
[2025-09-25T05:42:58.806+0000] {logging_mixin.py:190} INFO - [2025-09-25T05:42:58.806+0000] {dag.py:4180} INFO - Setting next_dagrun for example_xcom_args to None, run_after=None
[2025-09-25T05:42:58.810+0000] {logging_mixin.py:190} INFO - [2025-09-25T05:42:58.809+0000] {dag.py:4180} INFO - Setting next_dagrun for example_xcom_args_with_operators to None, run_after=None
[2025-09-25T05:42:58.825+0000] {processor.py:208} INFO - Processing /home/airflow/.local/lib/python3.12/site-packages/airflow/example_dags/example_xcomargs.py took 0.067 seconds
[2025-09-25T05:43:30.111+0000] {processor.py:186} INFO - Started process (PID=1911) to work on /home/airflow/.local/lib/python3.12/site-packages/airflow/example_dags/example_xcomargs.py
[2025-09-25T05:43:30.112+0000] {processor.py:914} INFO - Processing file /home/airflow/.local/lib/python3.12/site-packages/airflow/example_dags/example_xcomargs.py for tasks to queue
[2025-09-25T05:43:30.114+0000] {logging_mixin.py:190} INFO - [2025-09-25T05:43:30.114+0000] {dagbag.py:588} INFO - Filling up the DagBag from /home/airflow/.local/lib/python3.12/site-packages/airflow/example_dags/example_xcomargs.py
[2025-09-25T05:43:30.123+0000] {processor.py:925} INFO - DAG(s) 'example_xcom_args_with_operators', 'example_xcom_args' retrieved from /home/airflow/.local/lib/python3.12/site-packages/airflow/example_dags/example_xcomargs.py
[2025-09-25T05:43:30.144+0000] {logging_mixin.py:190} INFO - [2025-09-25T05:43:30.143+0000] {dag.py:3239} INFO - Sync 2 DAGs
[2025-09-25T05:43:30.155+0000] {logging_mixin.py:190} INFO - [2025-09-25T05:43:30.155+0000] {dag.py:4180} INFO - Setting next_dagrun for example_xcom_args to None, run_after=None
[2025-09-25T05:43:30.158+0000] {logging_mixin.py:190} INFO - [2025-09-25T05:43:30.158+0000] {dag.py:4180} INFO - Setting next_dagrun for example_xcom_args_with_operators to None, run_after=None
[2025-09-25T05:43:30.171+0000] {processor.py:208} INFO - Processing /home/airflow/.local/lib/python3.12/site-packages/airflow/example_dags/example_xcomargs.py took 0.065 seconds
[2025-09-25T05:44:01.022+0000] {processor.py:186} INFO - Started process (PID=1976) to work on /home/airflow/.local/lib/python3.12/site-packages/airflow/example_dags/example_xcomargs.py
[2025-09-25T05:44:01.024+0000] {processor.py:914} INFO - Processing file /home/airflow/.local/lib/python3.12/site-packages/airflow/example_dags/example_xcomargs.py for tasks to queue
[2025-09-25T05:44:01.026+0000] {logging_mixin.py:190} INFO - [2025-09-25T05:44:01.025+0000] {dagbag.py:588} INFO - Filling up the DagBag from /home/airflow/.local/lib/python3.12/site-packages/airflow/example_dags/example_xcomargs.py
[2025-09-25T05:44:01.035+0000] {processor.py:925} INFO - DAG(s) 'example_xcom_args', 'example_xcom_args_with_operators' retrieved from /home/airflow/.local/lib/python3.12/site-packages/airflow/example_dags/example_xcomargs.py
[2025-09-25T05:44:01.054+0000] {logging_mixin.py:190} INFO - [2025-09-25T05:44:01.054+0000] {dag.py:3239} INFO - Sync 2 DAGs
[2025-09-25T05:44:01.066+0000] {logging_mixin.py:190} INFO - [2025-09-25T05:44:01.066+0000] {dag.py:4180} INFO - Setting next_dagrun for example_xcom_args to None, run_after=None
[2025-09-25T05:44:01.070+0000] {logging_mixin.py:190} INFO - [2025-09-25T05:44:01.069+0000] {dag.py:4180} INFO - Setting next_dagrun for example_xcom_args_with_operators to None, run_after=None
[2025-09-25T05:44:01.082+0000] {processor.py:208} INFO - Processing /home/airflow/.local/lib/python3.12/site-packages/airflow/example_dags/example_xcomargs.py took 0.067 seconds
[2025-09-25T05:44:31.795+0000] {processor.py:186} INFO - Started process (PID=2041) to work on /home/airflow/.local/lib/python3.12/site-packages/airflow/example_dags/example_xcomargs.py
[2025-09-25T05:44:31.796+0000] {processor.py:914} INFO - Processing file /home/airflow/.local/lib/python3.12/site-packages/airflow/example_dags/example_xcomargs.py for tasks to queue
[2025-09-25T05:44:31.798+0000] {logging_mixin.py:190} INFO - [2025-09-25T05:44:31.798+0000] {dagbag.py:588} INFO - Filling up the DagBag from /home/airflow/.local/lib/python3.12/site-packages/airflow/example_dags/example_xcomargs.py
[2025-09-25T05:44:31.811+0000] {processor.py:925} INFO - DAG(s) 'example_xcom_args_with_operators', 'example_xcom_args' retrieved from /home/airflow/.local/lib/python3.12/site-packages/airflow/example_dags/example_xcomargs.py
[2025-09-25T05:44:31.832+0000] {logging_mixin.py:190} INFO - [2025-09-25T05:44:31.832+0000] {dag.py:3239} INFO - Sync 2 DAGs
[2025-09-25T05:44:31.846+0000] {logging_mixin.py:190} INFO - [2025-09-25T05:44:31.846+0000] {dag.py:4180} INFO - Setting next_dagrun for example_xcom_args to None, run_after=None
[2025-09-25T05:44:31.849+0000] {logging_mixin.py:190} INFO - [2025-09-25T05:44:31.849+0000] {dag.py:4180} INFO - Setting next_dagrun for example_xcom_args_with_operators to None, run_after=None
[2025-09-25T05:44:31.862+0000] {processor.py:208} INFO - Processing /home/airflow/.local/lib/python3.12/site-packages/airflow/example_dags/example_xcomargs.py took 0.073 seconds
