[2025-09-25T05:12:41.890+0000] {processor.py:186} INFO - Started process (PID=81) to work on /home/airflow/.local/lib/python3.12/site-packages/airflow/example_dags/example_skip_dag.py
[2025-09-25T05:12:41.891+0000] {processor.py:914} INFO - Processing file /home/airflow/.local/lib/python3.12/site-packages/airflow/example_dags/example_skip_dag.py for tasks to queue
[2025-09-25T05:12:41.893+0000] {logging_mixin.py:190} INFO - [2025-09-25T05:12:41.893+0000] {dagbag.py:588} INFO - Filling up the DagBag from /home/airflow/.local/lib/python3.12/site-packages/airflow/example_dags/example_skip_dag.py
[2025-09-25T05:12:41.906+0000] {processor.py:925} INFO - DAG(s) 'example_skip_dag' retrieved from /home/airflow/.local/lib/python3.12/site-packages/airflow/example_dags/example_skip_dag.py
[2025-09-25T05:12:41.926+0000] {logging_mixin.py:190} INFO - [2025-09-25T05:12:41.925+0000] {dag.py:3239} INFO - Sync 1 DAGs
[2025-09-25T05:12:41.946+0000] {logging_mixin.py:190} INFO - [2025-09-25T05:12:41.946+0000] {dag.py:4180} INFO - Setting next_dagrun for example_skip_dag to 2025-09-24 00:00:00+00:00, run_after=2025-09-25 00:00:00+00:00
[2025-09-25T05:12:41.961+0000] {processor.py:208} INFO - Processing /home/airflow/.local/lib/python3.12/site-packages/airflow/example_dags/example_skip_dag.py took 0.077 seconds
[2025-09-25T05:13:12.495+0000] {processor.py:186} INFO - Started process (PID=146) to work on /home/airflow/.local/lib/python3.12/site-packages/airflow/example_dags/example_skip_dag.py
[2025-09-25T05:13:12.497+0000] {processor.py:914} INFO - Processing file /home/airflow/.local/lib/python3.12/site-packages/airflow/example_dags/example_skip_dag.py for tasks to queue
[2025-09-25T05:13:12.499+0000] {logging_mixin.py:190} INFO - [2025-09-25T05:13:12.499+0000] {dagbag.py:588} INFO - Filling up the DagBag from /home/airflow/.local/lib/python3.12/site-packages/airflow/example_dags/example_skip_dag.py
[2025-09-25T05:13:12.512+0000] {processor.py:925} INFO - DAG(s) 'example_skip_dag' retrieved from /home/airflow/.local/lib/python3.12/site-packages/airflow/example_dags/example_skip_dag.py
[2025-09-25T05:13:12.533+0000] {logging_mixin.py:190} INFO - [2025-09-25T05:13:12.533+0000] {dag.py:3239} INFO - Sync 1 DAGs
[2025-09-25T05:13:12.560+0000] {logging_mixin.py:190} INFO - [2025-09-25T05:13:12.559+0000] {dag.py:4180} INFO - Setting next_dagrun for example_skip_dag to 2025-09-24 00:00:00+00:00, run_after=2025-09-25 00:00:00+00:00
[2025-09-25T05:13:12.580+0000] {processor.py:208} INFO - Processing /home/airflow/.local/lib/python3.12/site-packages/airflow/example_dags/example_skip_dag.py took 0.090 seconds
[2025-09-25T05:13:43.155+0000] {processor.py:186} INFO - Started process (PID=211) to work on /home/airflow/.local/lib/python3.12/site-packages/airflow/example_dags/example_skip_dag.py
[2025-09-25T05:13:43.156+0000] {processor.py:914} INFO - Processing file /home/airflow/.local/lib/python3.12/site-packages/airflow/example_dags/example_skip_dag.py for tasks to queue
[2025-09-25T05:13:43.158+0000] {logging_mixin.py:190} INFO - [2025-09-25T05:13:43.158+0000] {dagbag.py:588} INFO - Filling up the DagBag from /home/airflow/.local/lib/python3.12/site-packages/airflow/example_dags/example_skip_dag.py
[2025-09-25T05:13:43.166+0000] {processor.py:925} INFO - DAG(s) 'example_skip_dag' retrieved from /home/airflow/.local/lib/python3.12/site-packages/airflow/example_dags/example_skip_dag.py
[2025-09-25T05:13:43.187+0000] {logging_mixin.py:190} INFO - [2025-09-25T05:13:43.187+0000] {dag.py:3239} INFO - Sync 1 DAGs
[2025-09-25T05:13:43.207+0000] {logging_mixin.py:190} INFO - [2025-09-25T05:13:43.206+0000] {dag.py:4180} INFO - Setting next_dagrun for example_skip_dag to 2025-09-24 00:00:00+00:00, run_after=2025-09-25 00:00:00+00:00
[2025-09-25T05:13:43.226+0000] {processor.py:208} INFO - Processing /home/airflow/.local/lib/python3.12/site-packages/airflow/example_dags/example_skip_dag.py took 0.077 seconds
[2025-09-25T05:14:12.368+0000] {processor.py:186} INFO - Started process (PID=276) to work on /home/airflow/.local/lib/python3.12/site-packages/airflow/example_dags/example_skip_dag.py
[2025-09-25T05:14:12.369+0000] {processor.py:914} INFO - Processing file /home/airflow/.local/lib/python3.12/site-packages/airflow/example_dags/example_skip_dag.py for tasks to queue
[2025-09-25T05:14:12.371+0000] {logging_mixin.py:190} INFO - [2025-09-25T05:14:12.371+0000] {dagbag.py:588} INFO - Filling up the DagBag from /home/airflow/.local/lib/python3.12/site-packages/airflow/example_dags/example_skip_dag.py
[2025-09-25T05:14:12.378+0000] {processor.py:925} INFO - DAG(s) 'example_skip_dag' retrieved from /home/airflow/.local/lib/python3.12/site-packages/airflow/example_dags/example_skip_dag.py
[2025-09-25T05:14:12.400+0000] {logging_mixin.py:190} INFO - [2025-09-25T05:14:12.399+0000] {dag.py:3239} INFO - Sync 1 DAGs
[2025-09-25T05:14:12.420+0000] {logging_mixin.py:190} INFO - [2025-09-25T05:14:12.420+0000] {dag.py:4180} INFO - Setting next_dagrun for example_skip_dag to 2025-09-24 00:00:00+00:00, run_after=2025-09-25 00:00:00+00:00
[2025-09-25T05:14:12.437+0000] {processor.py:208} INFO - Processing /home/airflow/.local/lib/python3.12/site-packages/airflow/example_dags/example_skip_dag.py took 0.075 seconds
[2025-09-25T05:14:43.537+0000] {processor.py:186} INFO - Started process (PID=336) to work on /home/airflow/.local/lib/python3.12/site-packages/airflow/example_dags/example_skip_dag.py
[2025-09-25T05:14:43.538+0000] {processor.py:914} INFO - Processing file /home/airflow/.local/lib/python3.12/site-packages/airflow/example_dags/example_skip_dag.py for tasks to queue
[2025-09-25T05:14:43.540+0000] {logging_mixin.py:190} INFO - [2025-09-25T05:14:43.540+0000] {dagbag.py:588} INFO - Filling up the DagBag from /home/airflow/.local/lib/python3.12/site-packages/airflow/example_dags/example_skip_dag.py
[2025-09-25T05:14:43.547+0000] {processor.py:925} INFO - DAG(s) 'example_skip_dag' retrieved from /home/airflow/.local/lib/python3.12/site-packages/airflow/example_dags/example_skip_dag.py
[2025-09-25T05:14:43.565+0000] {logging_mixin.py:190} INFO - [2025-09-25T05:14:43.565+0000] {dag.py:3239} INFO - Sync 1 DAGs
[2025-09-25T05:14:43.584+0000] {logging_mixin.py:190} INFO - [2025-09-25T05:14:43.584+0000] {dag.py:4180} INFO - Setting next_dagrun for example_skip_dag to 2025-09-24 00:00:00+00:00, run_after=2025-09-25 00:00:00+00:00
[2025-09-25T05:14:43.601+0000] {processor.py:208} INFO - Processing /home/airflow/.local/lib/python3.12/site-packages/airflow/example_dags/example_skip_dag.py took 0.071 seconds
[2025-09-25T05:15:13.704+0000] {processor.py:186} INFO - Started process (PID=400) to work on /home/airflow/.local/lib/python3.12/site-packages/airflow/example_dags/example_skip_dag.py
[2025-09-25T05:15:13.706+0000] {processor.py:914} INFO - Processing file /home/airflow/.local/lib/python3.12/site-packages/airflow/example_dags/example_skip_dag.py for tasks to queue
[2025-09-25T05:15:13.708+0000] {logging_mixin.py:190} INFO - [2025-09-25T05:15:13.707+0000] {dagbag.py:588} INFO - Filling up the DagBag from /home/airflow/.local/lib/python3.12/site-packages/airflow/example_dags/example_skip_dag.py
[2025-09-25T05:15:13.714+0000] {processor.py:925} INFO - DAG(s) 'example_skip_dag' retrieved from /home/airflow/.local/lib/python3.12/site-packages/airflow/example_dags/example_skip_dag.py
[2025-09-25T05:15:13.733+0000] {logging_mixin.py:190} INFO - [2025-09-25T05:15:13.733+0000] {dag.py:3239} INFO - Sync 1 DAGs
[2025-09-25T05:15:13.751+0000] {logging_mixin.py:190} INFO - [2025-09-25T05:15:13.751+0000] {dag.py:4180} INFO - Setting next_dagrun for example_skip_dag to 2025-09-24 00:00:00+00:00, run_after=2025-09-25 00:00:00+00:00
[2025-09-25T05:15:13.767+0000] {processor.py:208} INFO - Processing /home/airflow/.local/lib/python3.12/site-packages/airflow/example_dags/example_skip_dag.py took 0.069 seconds
[2025-09-25T05:15:44.002+0000] {processor.py:186} INFO - Started process (PID=464) to work on /home/airflow/.local/lib/python3.12/site-packages/airflow/example_dags/example_skip_dag.py
[2025-09-25T05:15:44.003+0000] {processor.py:914} INFO - Processing file /home/airflow/.local/lib/python3.12/site-packages/airflow/example_dags/example_skip_dag.py for tasks to queue
[2025-09-25T05:15:44.007+0000] {logging_mixin.py:190} INFO - [2025-09-25T05:15:44.007+0000] {dagbag.py:588} INFO - Filling up the DagBag from /home/airflow/.local/lib/python3.12/site-packages/airflow/example_dags/example_skip_dag.py
[2025-09-25T05:15:44.014+0000] {processor.py:925} INFO - DAG(s) 'example_skip_dag' retrieved from /home/airflow/.local/lib/python3.12/site-packages/airflow/example_dags/example_skip_dag.py
[2025-09-25T05:15:44.033+0000] {logging_mixin.py:190} INFO - [2025-09-25T05:15:44.033+0000] {dag.py:3239} INFO - Sync 1 DAGs
[2025-09-25T05:15:44.053+0000] {logging_mixin.py:190} INFO - [2025-09-25T05:15:44.053+0000] {dag.py:4180} INFO - Setting next_dagrun for example_skip_dag to 2025-09-24 00:00:00+00:00, run_after=2025-09-25 00:00:00+00:00
[2025-09-25T05:15:44.069+0000] {processor.py:208} INFO - Processing /home/airflow/.local/lib/python3.12/site-packages/airflow/example_dags/example_skip_dag.py took 0.072 seconds
[2025-09-25T05:16:14.355+0000] {processor.py:186} INFO - Started process (PID=529) to work on /home/airflow/.local/lib/python3.12/site-packages/airflow/example_dags/example_skip_dag.py
[2025-09-25T05:16:14.357+0000] {processor.py:914} INFO - Processing file /home/airflow/.local/lib/python3.12/site-packages/airflow/example_dags/example_skip_dag.py for tasks to queue
[2025-09-25T05:16:14.359+0000] {logging_mixin.py:190} INFO - [2025-09-25T05:16:14.358+0000] {dagbag.py:588} INFO - Filling up the DagBag from /home/airflow/.local/lib/python3.12/site-packages/airflow/example_dags/example_skip_dag.py
[2025-09-25T05:16:14.367+0000] {processor.py:925} INFO - DAG(s) 'example_skip_dag' retrieved from /home/airflow/.local/lib/python3.12/site-packages/airflow/example_dags/example_skip_dag.py
[2025-09-25T05:16:14.387+0000] {logging_mixin.py:190} INFO - [2025-09-25T05:16:14.386+0000] {dag.py:3239} INFO - Sync 1 DAGs
[2025-09-25T05:16:14.407+0000] {logging_mixin.py:190} INFO - [2025-09-25T05:16:14.407+0000] {dag.py:4180} INFO - Setting next_dagrun for example_skip_dag to 2025-09-24 00:00:00+00:00, run_after=2025-09-25 00:00:00+00:00
[2025-09-25T05:16:14.423+0000] {processor.py:208} INFO - Processing /home/airflow/.local/lib/python3.12/site-packages/airflow/example_dags/example_skip_dag.py took 0.074 seconds
[2025-09-25T05:16:44.872+0000] {processor.py:186} INFO - Started process (PID=594) to work on /home/airflow/.local/lib/python3.12/site-packages/airflow/example_dags/example_skip_dag.py
[2025-09-25T05:16:44.873+0000] {processor.py:914} INFO - Processing file /home/airflow/.local/lib/python3.12/site-packages/airflow/example_dags/example_skip_dag.py for tasks to queue
[2025-09-25T05:16:44.875+0000] {logging_mixin.py:190} INFO - [2025-09-25T05:16:44.875+0000] {dagbag.py:588} INFO - Filling up the DagBag from /home/airflow/.local/lib/python3.12/site-packages/airflow/example_dags/example_skip_dag.py
[2025-09-25T05:16:44.883+0000] {processor.py:925} INFO - DAG(s) 'example_skip_dag' retrieved from /home/airflow/.local/lib/python3.12/site-packages/airflow/example_dags/example_skip_dag.py
[2025-09-25T05:16:44.902+0000] {logging_mixin.py:190} INFO - [2025-09-25T05:16:44.902+0000] {dag.py:3239} INFO - Sync 1 DAGs
[2025-09-25T05:16:44.923+0000] {logging_mixin.py:190} INFO - [2025-09-25T05:16:44.923+0000] {dag.py:4180} INFO - Setting next_dagrun for example_skip_dag to 2025-09-24 00:00:00+00:00, run_after=2025-09-25 00:00:00+00:00
[2025-09-25T05:16:44.939+0000] {processor.py:208} INFO - Processing /home/airflow/.local/lib/python3.12/site-packages/airflow/example_dags/example_skip_dag.py took 0.074 seconds
[2025-09-25T05:17:15.107+0000] {processor.py:186} INFO - Started process (PID=659) to work on /home/airflow/.local/lib/python3.12/site-packages/airflow/example_dags/example_skip_dag.py
[2025-09-25T05:17:15.108+0000] {processor.py:914} INFO - Processing file /home/airflow/.local/lib/python3.12/site-packages/airflow/example_dags/example_skip_dag.py for tasks to queue
[2025-09-25T05:17:15.110+0000] {logging_mixin.py:190} INFO - [2025-09-25T05:17:15.109+0000] {dagbag.py:588} INFO - Filling up the DagBag from /home/airflow/.local/lib/python3.12/site-packages/airflow/example_dags/example_skip_dag.py
[2025-09-25T05:17:15.118+0000] {processor.py:925} INFO - DAG(s) 'example_skip_dag' retrieved from /home/airflow/.local/lib/python3.12/site-packages/airflow/example_dags/example_skip_dag.py
[2025-09-25T05:17:15.145+0000] {logging_mixin.py:190} INFO - [2025-09-25T05:17:15.145+0000] {dag.py:3239} INFO - Sync 1 DAGs
[2025-09-25T05:17:15.172+0000] {logging_mixin.py:190} INFO - [2025-09-25T05:17:15.172+0000] {dag.py:4180} INFO - Setting next_dagrun for example_skip_dag to 2025-09-24 00:00:00+00:00, run_after=2025-09-25 00:00:00+00:00
[2025-09-25T05:17:15.188+0000] {processor.py:208} INFO - Processing /home/airflow/.local/lib/python3.12/site-packages/airflow/example_dags/example_skip_dag.py took 0.087 seconds
[2025-09-25T05:17:45.279+0000] {processor.py:186} INFO - Started process (PID=724) to work on /home/airflow/.local/lib/python3.12/site-packages/airflow/example_dags/example_skip_dag.py
[2025-09-25T05:17:45.280+0000] {processor.py:914} INFO - Processing file /home/airflow/.local/lib/python3.12/site-packages/airflow/example_dags/example_skip_dag.py for tasks to queue
[2025-09-25T05:17:45.282+0000] {logging_mixin.py:190} INFO - [2025-09-25T05:17:45.281+0000] {dagbag.py:588} INFO - Filling up the DagBag from /home/airflow/.local/lib/python3.12/site-packages/airflow/example_dags/example_skip_dag.py
[2025-09-25T05:17:45.289+0000] {processor.py:925} INFO - DAG(s) 'example_skip_dag' retrieved from /home/airflow/.local/lib/python3.12/site-packages/airflow/example_dags/example_skip_dag.py
[2025-09-25T05:17:45.309+0000] {logging_mixin.py:190} INFO - [2025-09-25T05:17:45.309+0000] {dag.py:3239} INFO - Sync 1 DAGs
[2025-09-25T05:17:45.328+0000] {logging_mixin.py:190} INFO - [2025-09-25T05:17:45.328+0000] {dag.py:4180} INFO - Setting next_dagrun for example_skip_dag to 2025-09-24 00:00:00+00:00, run_after=2025-09-25 00:00:00+00:00
[2025-09-25T05:17:45.342+0000] {processor.py:208} INFO - Processing /home/airflow/.local/lib/python3.12/site-packages/airflow/example_dags/example_skip_dag.py took 0.070 seconds
[2025-09-25T05:18:15.828+0000] {processor.py:186} INFO - Started process (PID=789) to work on /home/airflow/.local/lib/python3.12/site-packages/airflow/example_dags/example_skip_dag.py
[2025-09-25T05:18:15.829+0000] {processor.py:914} INFO - Processing file /home/airflow/.local/lib/python3.12/site-packages/airflow/example_dags/example_skip_dag.py for tasks to queue
[2025-09-25T05:18:15.832+0000] {logging_mixin.py:190} INFO - [2025-09-25T05:18:15.831+0000] {dagbag.py:588} INFO - Filling up the DagBag from /home/airflow/.local/lib/python3.12/site-packages/airflow/example_dags/example_skip_dag.py
[2025-09-25T05:18:15.840+0000] {processor.py:925} INFO - DAG(s) 'example_skip_dag' retrieved from /home/airflow/.local/lib/python3.12/site-packages/airflow/example_dags/example_skip_dag.py
[2025-09-25T05:18:15.860+0000] {logging_mixin.py:190} INFO - [2025-09-25T05:18:15.859+0000] {dag.py:3239} INFO - Sync 1 DAGs
[2025-09-25T05:18:15.880+0000] {logging_mixin.py:190} INFO - [2025-09-25T05:18:15.880+0000] {dag.py:4180} INFO - Setting next_dagrun for example_skip_dag to 2025-09-24 00:00:00+00:00, run_after=2025-09-25 00:00:00+00:00
[2025-09-25T05:18:15.894+0000] {processor.py:208} INFO - Processing /home/airflow/.local/lib/python3.12/site-packages/airflow/example_dags/example_skip_dag.py took 0.071 seconds
[2025-09-25T05:18:46.146+0000] {processor.py:186} INFO - Started process (PID=854) to work on /home/airflow/.local/lib/python3.12/site-packages/airflow/example_dags/example_skip_dag.py
[2025-09-25T05:18:46.147+0000] {processor.py:914} INFO - Processing file /home/airflow/.local/lib/python3.12/site-packages/airflow/example_dags/example_skip_dag.py for tasks to queue
[2025-09-25T05:18:46.149+0000] {logging_mixin.py:190} INFO - [2025-09-25T05:18:46.149+0000] {dagbag.py:588} INFO - Filling up the DagBag from /home/airflow/.local/lib/python3.12/site-packages/airflow/example_dags/example_skip_dag.py
[2025-09-25T05:18:46.157+0000] {processor.py:925} INFO - DAG(s) 'example_skip_dag' retrieved from /home/airflow/.local/lib/python3.12/site-packages/airflow/example_dags/example_skip_dag.py
[2025-09-25T05:18:46.174+0000] {logging_mixin.py:190} INFO - [2025-09-25T05:18:46.174+0000] {dag.py:3239} INFO - Sync 1 DAGs
[2025-09-25T05:18:46.194+0000] {logging_mixin.py:190} INFO - [2025-09-25T05:18:46.194+0000] {dag.py:4180} INFO - Setting next_dagrun for example_skip_dag to 2025-09-24 00:00:00+00:00, run_after=2025-09-25 00:00:00+00:00
[2025-09-25T05:18:46.211+0000] {processor.py:208} INFO - Processing /home/airflow/.local/lib/python3.12/site-packages/airflow/example_dags/example_skip_dag.py took 0.071 seconds
[2025-09-25T05:19:16.356+0000] {processor.py:186} INFO - Started process (PID=919) to work on /home/airflow/.local/lib/python3.12/site-packages/airflow/example_dags/example_skip_dag.py
[2025-09-25T05:19:16.358+0000] {processor.py:914} INFO - Processing file /home/airflow/.local/lib/python3.12/site-packages/airflow/example_dags/example_skip_dag.py for tasks to queue
[2025-09-25T05:19:16.360+0000] {logging_mixin.py:190} INFO - [2025-09-25T05:19:16.360+0000] {dagbag.py:588} INFO - Filling up the DagBag from /home/airflow/.local/lib/python3.12/site-packages/airflow/example_dags/example_skip_dag.py
[2025-09-25T05:19:16.368+0000] {processor.py:925} INFO - DAG(s) 'example_skip_dag' retrieved from /home/airflow/.local/lib/python3.12/site-packages/airflow/example_dags/example_skip_dag.py
[2025-09-25T05:19:16.388+0000] {logging_mixin.py:190} INFO - [2025-09-25T05:19:16.388+0000] {dag.py:3239} INFO - Sync 1 DAGs
[2025-09-25T05:19:16.411+0000] {logging_mixin.py:190} INFO - [2025-09-25T05:19:16.411+0000] {dag.py:4180} INFO - Setting next_dagrun for example_skip_dag to 2025-09-24 00:00:00+00:00, run_after=2025-09-25 00:00:00+00:00
[2025-09-25T05:19:16.428+0000] {processor.py:208} INFO - Processing /home/airflow/.local/lib/python3.12/site-packages/airflow/example_dags/example_skip_dag.py took 0.079 seconds
[2025-09-25T05:19:46.534+0000] {processor.py:186} INFO - Started process (PID=984) to work on /home/airflow/.local/lib/python3.12/site-packages/airflow/example_dags/example_skip_dag.py
[2025-09-25T05:19:46.535+0000] {processor.py:914} INFO - Processing file /home/airflow/.local/lib/python3.12/site-packages/airflow/example_dags/example_skip_dag.py for tasks to queue
[2025-09-25T05:19:46.537+0000] {logging_mixin.py:190} INFO - [2025-09-25T05:19:46.537+0000] {dagbag.py:588} INFO - Filling up the DagBag from /home/airflow/.local/lib/python3.12/site-packages/airflow/example_dags/example_skip_dag.py
[2025-09-25T05:19:46.545+0000] {processor.py:925} INFO - DAG(s) 'example_skip_dag' retrieved from /home/airflow/.local/lib/python3.12/site-packages/airflow/example_dags/example_skip_dag.py
[2025-09-25T05:19:46.563+0000] {logging_mixin.py:190} INFO - [2025-09-25T05:19:46.563+0000] {dag.py:3239} INFO - Sync 1 DAGs
[2025-09-25T05:19:46.584+0000] {logging_mixin.py:190} INFO - [2025-09-25T05:19:46.584+0000] {dag.py:4180} INFO - Setting next_dagrun for example_skip_dag to 2025-09-24 00:00:00+00:00, run_after=2025-09-25 00:00:00+00:00
[2025-09-25T05:19:46.601+0000] {processor.py:208} INFO - Processing /home/airflow/.local/lib/python3.12/site-packages/airflow/example_dags/example_skip_dag.py took 0.074 seconds
[2025-09-25T05:25:42.026+0000] {processor.py:186} INFO - Started process (PID=81) to work on /home/airflow/.local/lib/python3.12/site-packages/airflow/example_dags/example_skip_dag.py
[2025-09-25T05:25:42.027+0000] {processor.py:914} INFO - Processing file /home/airflow/.local/lib/python3.12/site-packages/airflow/example_dags/example_skip_dag.py for tasks to queue
[2025-09-25T05:25:42.030+0000] {logging_mixin.py:190} INFO - [2025-09-25T05:25:42.030+0000] {dagbag.py:588} INFO - Filling up the DagBag from /home/airflow/.local/lib/python3.12/site-packages/airflow/example_dags/example_skip_dag.py
[2025-09-25T05:25:42.041+0000] {processor.py:925} INFO - DAG(s) 'example_skip_dag' retrieved from /home/airflow/.local/lib/python3.12/site-packages/airflow/example_dags/example_skip_dag.py
[2025-09-25T05:25:42.155+0000] {logging_mixin.py:190} INFO - [2025-09-25T05:25:42.154+0000] {dag.py:3239} INFO - Sync 1 DAGs
[2025-09-25T05:25:42.176+0000] {logging_mixin.py:190} INFO - [2025-09-25T05:25:42.175+0000] {dag.py:4180} INFO - Setting next_dagrun for example_skip_dag to 2025-09-24 00:00:00+00:00, run_after=2025-09-25 00:00:00+00:00
[2025-09-25T05:25:42.194+0000] {processor.py:208} INFO - Processing /home/airflow/.local/lib/python3.12/site-packages/airflow/example_dags/example_skip_dag.py took 0.174 seconds
[2025-09-25T05:26:12.449+0000] {processor.py:186} INFO - Started process (PID=146) to work on /home/airflow/.local/lib/python3.12/site-packages/airflow/example_dags/example_skip_dag.py
[2025-09-25T05:26:12.450+0000] {processor.py:914} INFO - Processing file /home/airflow/.local/lib/python3.12/site-packages/airflow/example_dags/example_skip_dag.py for tasks to queue
[2025-09-25T05:26:12.452+0000] {logging_mixin.py:190} INFO - [2025-09-25T05:26:12.452+0000] {dagbag.py:588} INFO - Filling up the DagBag from /home/airflow/.local/lib/python3.12/site-packages/airflow/example_dags/example_skip_dag.py
[2025-09-25T05:26:12.460+0000] {processor.py:925} INFO - DAG(s) 'example_skip_dag' retrieved from /home/airflow/.local/lib/python3.12/site-packages/airflow/example_dags/example_skip_dag.py
[2025-09-25T05:26:12.479+0000] {logging_mixin.py:190} INFO - [2025-09-25T05:26:12.479+0000] {dag.py:3239} INFO - Sync 1 DAGs
[2025-09-25T05:26:12.501+0000] {logging_mixin.py:190} INFO - [2025-09-25T05:26:12.501+0000] {dag.py:4180} INFO - Setting next_dagrun for example_skip_dag to 2025-09-24 00:00:00+00:00, run_after=2025-09-25 00:00:00+00:00
[2025-09-25T05:26:12.517+0000] {processor.py:208} INFO - Processing /home/airflow/.local/lib/python3.12/site-packages/airflow/example_dags/example_skip_dag.py took 0.074 seconds
[2025-09-25T05:26:43.848+0000] {processor.py:186} INFO - Started process (PID=211) to work on /home/airflow/.local/lib/python3.12/site-packages/airflow/example_dags/example_skip_dag.py
[2025-09-25T05:26:43.849+0000] {processor.py:914} INFO - Processing file /home/airflow/.local/lib/python3.12/site-packages/airflow/example_dags/example_skip_dag.py for tasks to queue
[2025-09-25T05:26:43.851+0000] {logging_mixin.py:190} INFO - [2025-09-25T05:26:43.851+0000] {dagbag.py:588} INFO - Filling up the DagBag from /home/airflow/.local/lib/python3.12/site-packages/airflow/example_dags/example_skip_dag.py
[2025-09-25T05:26:43.859+0000] {processor.py:925} INFO - DAG(s) 'example_skip_dag' retrieved from /home/airflow/.local/lib/python3.12/site-packages/airflow/example_dags/example_skip_dag.py
[2025-09-25T05:26:43.877+0000] {logging_mixin.py:190} INFO - [2025-09-25T05:26:43.877+0000] {dag.py:3239} INFO - Sync 1 DAGs
[2025-09-25T05:26:43.900+0000] {logging_mixin.py:190} INFO - [2025-09-25T05:26:43.900+0000] {dag.py:4180} INFO - Setting next_dagrun for example_skip_dag to 2025-09-24 00:00:00+00:00, run_after=2025-09-25 00:00:00+00:00
[2025-09-25T05:26:43.915+0000] {processor.py:208} INFO - Processing /home/airflow/.local/lib/python3.12/site-packages/airflow/example_dags/example_skip_dag.py took 0.073 seconds
[2025-09-25T05:27:14.562+0000] {processor.py:186} INFO - Started process (PID=276) to work on /home/airflow/.local/lib/python3.12/site-packages/airflow/example_dags/example_skip_dag.py
[2025-09-25T05:27:14.563+0000] {processor.py:914} INFO - Processing file /home/airflow/.local/lib/python3.12/site-packages/airflow/example_dags/example_skip_dag.py for tasks to queue
[2025-09-25T05:27:14.565+0000] {logging_mixin.py:190} INFO - [2025-09-25T05:27:14.564+0000] {dagbag.py:588} INFO - Filling up the DagBag from /home/airflow/.local/lib/python3.12/site-packages/airflow/example_dags/example_skip_dag.py
[2025-09-25T05:27:14.572+0000] {processor.py:925} INFO - DAG(s) 'example_skip_dag' retrieved from /home/airflow/.local/lib/python3.12/site-packages/airflow/example_dags/example_skip_dag.py
[2025-09-25T05:27:14.590+0000] {logging_mixin.py:190} INFO - [2025-09-25T05:27:14.590+0000] {dag.py:3239} INFO - Sync 1 DAGs
[2025-09-25T05:27:14.610+0000] {logging_mixin.py:190} INFO - [2025-09-25T05:27:14.609+0000] {dag.py:4180} INFO - Setting next_dagrun for example_skip_dag to 2025-09-24 00:00:00+00:00, run_after=2025-09-25 00:00:00+00:00
[2025-09-25T05:27:14.624+0000] {processor.py:208} INFO - Processing /home/airflow/.local/lib/python3.12/site-packages/airflow/example_dags/example_skip_dag.py took 0.067 seconds
[2025-09-25T05:27:45.360+0000] {processor.py:186} INFO - Started process (PID=341) to work on /home/airflow/.local/lib/python3.12/site-packages/airflow/example_dags/example_skip_dag.py
[2025-09-25T05:27:45.361+0000] {processor.py:914} INFO - Processing file /home/airflow/.local/lib/python3.12/site-packages/airflow/example_dags/example_skip_dag.py for tasks to queue
[2025-09-25T05:27:45.363+0000] {logging_mixin.py:190} INFO - [2025-09-25T05:27:45.363+0000] {dagbag.py:588} INFO - Filling up the DagBag from /home/airflow/.local/lib/python3.12/site-packages/airflow/example_dags/example_skip_dag.py
[2025-09-25T05:27:45.371+0000] {processor.py:925} INFO - DAG(s) 'example_skip_dag' retrieved from /home/airflow/.local/lib/python3.12/site-packages/airflow/example_dags/example_skip_dag.py
[2025-09-25T05:27:45.388+0000] {logging_mixin.py:190} INFO - [2025-09-25T05:27:45.388+0000] {dag.py:3239} INFO - Sync 1 DAGs
[2025-09-25T05:27:45.408+0000] {logging_mixin.py:190} INFO - [2025-09-25T05:27:45.408+0000] {dag.py:4180} INFO - Setting next_dagrun for example_skip_dag to 2025-09-24 00:00:00+00:00, run_after=2025-09-25 00:00:00+00:00
[2025-09-25T05:27:45.421+0000] {processor.py:208} INFO - Processing /home/airflow/.local/lib/python3.12/site-packages/airflow/example_dags/example_skip_dag.py took 0.066 seconds
[2025-09-25T05:28:56.844+0000] {processor.py:186} INFO - Started process (PID=82) to work on /home/airflow/.local/lib/python3.12/site-packages/airflow/example_dags/example_skip_dag.py
[2025-09-25T05:28:56.845+0000] {processor.py:914} INFO - Processing file /home/airflow/.local/lib/python3.12/site-packages/airflow/example_dags/example_skip_dag.py for tasks to queue
[2025-09-25T05:28:56.847+0000] {logging_mixin.py:190} INFO - [2025-09-25T05:28:56.847+0000] {dagbag.py:588} INFO - Filling up the DagBag from /home/airflow/.local/lib/python3.12/site-packages/airflow/example_dags/example_skip_dag.py
[2025-09-25T05:28:56.855+0000] {processor.py:925} INFO - DAG(s) 'example_skip_dag' retrieved from /home/airflow/.local/lib/python3.12/site-packages/airflow/example_dags/example_skip_dag.py
[2025-09-25T05:28:56.871+0000] {logging_mixin.py:190} INFO - [2025-09-25T05:28:56.871+0000] {dag.py:3239} INFO - Sync 1 DAGs
[2025-09-25T05:28:56.890+0000] {logging_mixin.py:190} INFO - [2025-09-25T05:28:56.890+0000] {dag.py:4180} INFO - Setting next_dagrun for example_skip_dag to 2025-09-24 00:00:00+00:00, run_after=2025-09-25 00:00:00+00:00
[2025-09-25T05:28:56.903+0000] {processor.py:208} INFO - Processing /home/airflow/.local/lib/python3.12/site-packages/airflow/example_dags/example_skip_dag.py took 0.064 seconds
[2025-09-25T05:29:27.448+0000] {processor.py:186} INFO - Started process (PID=147) to work on /home/airflow/.local/lib/python3.12/site-packages/airflow/example_dags/example_skip_dag.py
[2025-09-25T05:29:27.449+0000] {processor.py:914} INFO - Processing file /home/airflow/.local/lib/python3.12/site-packages/airflow/example_dags/example_skip_dag.py for tasks to queue
[2025-09-25T05:29:27.451+0000] {logging_mixin.py:190} INFO - [2025-09-25T05:29:27.451+0000] {dagbag.py:588} INFO - Filling up the DagBag from /home/airflow/.local/lib/python3.12/site-packages/airflow/example_dags/example_skip_dag.py
[2025-09-25T05:29:27.459+0000] {processor.py:925} INFO - DAG(s) 'example_skip_dag' retrieved from /home/airflow/.local/lib/python3.12/site-packages/airflow/example_dags/example_skip_dag.py
[2025-09-25T05:29:27.478+0000] {logging_mixin.py:190} INFO - [2025-09-25T05:29:27.477+0000] {dag.py:3239} INFO - Sync 1 DAGs
[2025-09-25T05:29:27.498+0000] {logging_mixin.py:190} INFO - [2025-09-25T05:29:27.498+0000] {dag.py:4180} INFO - Setting next_dagrun for example_skip_dag to 2025-09-24 00:00:00+00:00, run_after=2025-09-25 00:00:00+00:00
[2025-09-25T05:29:27.515+0000] {processor.py:208} INFO - Processing /home/airflow/.local/lib/python3.12/site-packages/airflow/example_dags/example_skip_dag.py took 0.072 seconds
[2025-09-25T05:29:58.302+0000] {processor.py:186} INFO - Started process (PID=211) to work on /home/airflow/.local/lib/python3.12/site-packages/airflow/example_dags/example_skip_dag.py
[2025-09-25T05:29:58.303+0000] {processor.py:914} INFO - Processing file /home/airflow/.local/lib/python3.12/site-packages/airflow/example_dags/example_skip_dag.py for tasks to queue
[2025-09-25T05:29:58.305+0000] {logging_mixin.py:190} INFO - [2025-09-25T05:29:58.305+0000] {dagbag.py:588} INFO - Filling up the DagBag from /home/airflow/.local/lib/python3.12/site-packages/airflow/example_dags/example_skip_dag.py
[2025-09-25T05:29:58.311+0000] {processor.py:925} INFO - DAG(s) 'example_skip_dag' retrieved from /home/airflow/.local/lib/python3.12/site-packages/airflow/example_dags/example_skip_dag.py
[2025-09-25T05:29:58.328+0000] {logging_mixin.py:190} INFO - [2025-09-25T05:29:58.328+0000] {dag.py:3239} INFO - Sync 1 DAGs
[2025-09-25T05:29:58.346+0000] {logging_mixin.py:190} INFO - [2025-09-25T05:29:58.345+0000] {dag.py:4180} INFO - Setting next_dagrun for example_skip_dag to 2025-09-24 00:00:00+00:00, run_after=2025-09-25 00:00:00+00:00
[2025-09-25T05:29:58.359+0000] {processor.py:208} INFO - Processing /home/airflow/.local/lib/python3.12/site-packages/airflow/example_dags/example_skip_dag.py took 0.062 seconds
[2025-09-25T05:30:30.024+0000] {processor.py:186} INFO - Started process (PID=277) to work on /home/airflow/.local/lib/python3.12/site-packages/airflow/example_dags/example_skip_dag.py
[2025-09-25T05:30:30.025+0000] {processor.py:914} INFO - Processing file /home/airflow/.local/lib/python3.12/site-packages/airflow/example_dags/example_skip_dag.py for tasks to queue
[2025-09-25T05:30:30.027+0000] {logging_mixin.py:190} INFO - [2025-09-25T05:30:30.027+0000] {dagbag.py:588} INFO - Filling up the DagBag from /home/airflow/.local/lib/python3.12/site-packages/airflow/example_dags/example_skip_dag.py
[2025-09-25T05:30:30.033+0000] {processor.py:925} INFO - DAG(s) 'example_skip_dag' retrieved from /home/airflow/.local/lib/python3.12/site-packages/airflow/example_dags/example_skip_dag.py
[2025-09-25T05:30:30.050+0000] {logging_mixin.py:190} INFO - [2025-09-25T05:30:30.050+0000] {dag.py:3239} INFO - Sync 1 DAGs
[2025-09-25T05:30:30.069+0000] {logging_mixin.py:190} INFO - [2025-09-25T05:30:30.069+0000] {dag.py:4180} INFO - Setting next_dagrun for example_skip_dag to 2025-09-24 00:00:00+00:00, run_after=2025-09-25 00:00:00+00:00
[2025-09-25T05:30:30.084+0000] {processor.py:208} INFO - Processing /home/airflow/.local/lib/python3.12/site-packages/airflow/example_dags/example_skip_dag.py took 0.064 seconds
[2025-09-25T05:31:00.911+0000] {processor.py:186} INFO - Started process (PID=342) to work on /home/airflow/.local/lib/python3.12/site-packages/airflow/example_dags/example_skip_dag.py
[2025-09-25T05:31:00.913+0000] {processor.py:914} INFO - Processing file /home/airflow/.local/lib/python3.12/site-packages/airflow/example_dags/example_skip_dag.py for tasks to queue
[2025-09-25T05:31:00.915+0000] {logging_mixin.py:190} INFO - [2025-09-25T05:31:00.914+0000] {dagbag.py:588} INFO - Filling up the DagBag from /home/airflow/.local/lib/python3.12/site-packages/airflow/example_dags/example_skip_dag.py
[2025-09-25T05:31:00.922+0000] {processor.py:925} INFO - DAG(s) 'example_skip_dag' retrieved from /home/airflow/.local/lib/python3.12/site-packages/airflow/example_dags/example_skip_dag.py
[2025-09-25T05:31:00.940+0000] {logging_mixin.py:190} INFO - [2025-09-25T05:31:00.940+0000] {dag.py:3239} INFO - Sync 1 DAGs
[2025-09-25T05:31:00.960+0000] {logging_mixin.py:190} INFO - [2025-09-25T05:31:00.960+0000] {dag.py:4180} INFO - Setting next_dagrun for example_skip_dag to 2025-09-24 00:00:00+00:00, run_after=2025-09-25 00:00:00+00:00
[2025-09-25T05:31:00.974+0000] {processor.py:208} INFO - Processing /home/airflow/.local/lib/python3.12/site-packages/airflow/example_dags/example_skip_dag.py took 0.068 seconds
[2025-09-25T05:31:31.894+0000] {processor.py:186} INFO - Started process (PID=407) to work on /home/airflow/.local/lib/python3.12/site-packages/airflow/example_dags/example_skip_dag.py
[2025-09-25T05:31:31.895+0000] {processor.py:914} INFO - Processing file /home/airflow/.local/lib/python3.12/site-packages/airflow/example_dags/example_skip_dag.py for tasks to queue
[2025-09-25T05:31:31.897+0000] {logging_mixin.py:190} INFO - [2025-09-25T05:31:31.896+0000] {dagbag.py:588} INFO - Filling up the DagBag from /home/airflow/.local/lib/python3.12/site-packages/airflow/example_dags/example_skip_dag.py
[2025-09-25T05:31:31.904+0000] {processor.py:925} INFO - DAG(s) 'example_skip_dag' retrieved from /home/airflow/.local/lib/python3.12/site-packages/airflow/example_dags/example_skip_dag.py
[2025-09-25T05:31:31.923+0000] {logging_mixin.py:190} INFO - [2025-09-25T05:31:31.923+0000] {dag.py:3239} INFO - Sync 1 DAGs
[2025-09-25T05:31:31.942+0000] {logging_mixin.py:190} INFO - [2025-09-25T05:31:31.942+0000] {dag.py:4180} INFO - Setting next_dagrun for example_skip_dag to 2025-09-24 00:00:00+00:00, run_after=2025-09-25 00:00:00+00:00
[2025-09-25T05:31:31.958+0000] {processor.py:208} INFO - Processing /home/airflow/.local/lib/python3.12/site-packages/airflow/example_dags/example_skip_dag.py took 0.069 seconds
[2025-09-25T05:32:03.048+0000] {processor.py:186} INFO - Started process (PID=472) to work on /home/airflow/.local/lib/python3.12/site-packages/airflow/example_dags/example_skip_dag.py
[2025-09-25T05:32:03.049+0000] {processor.py:914} INFO - Processing file /home/airflow/.local/lib/python3.12/site-packages/airflow/example_dags/example_skip_dag.py for tasks to queue
[2025-09-25T05:32:03.051+0000] {logging_mixin.py:190} INFO - [2025-09-25T05:32:03.051+0000] {dagbag.py:588} INFO - Filling up the DagBag from /home/airflow/.local/lib/python3.12/site-packages/airflow/example_dags/example_skip_dag.py
[2025-09-25T05:32:03.059+0000] {processor.py:925} INFO - DAG(s) 'example_skip_dag' retrieved from /home/airflow/.local/lib/python3.12/site-packages/airflow/example_dags/example_skip_dag.py
[2025-09-25T05:32:03.078+0000] {logging_mixin.py:190} INFO - [2025-09-25T05:32:03.078+0000] {dag.py:3239} INFO - Sync 1 DAGs
[2025-09-25T05:32:03.098+0000] {logging_mixin.py:190} INFO - [2025-09-25T05:32:03.098+0000] {dag.py:4180} INFO - Setting next_dagrun for example_skip_dag to 2025-09-24 00:00:00+00:00, run_after=2025-09-25 00:00:00+00:00
[2025-09-25T05:32:03.114+0000] {processor.py:208} INFO - Processing /home/airflow/.local/lib/python3.12/site-packages/airflow/example_dags/example_skip_dag.py took 0.072 seconds
[2025-09-25T05:32:34.800+0000] {processor.py:186} INFO - Started process (PID=537) to work on /home/airflow/.local/lib/python3.12/site-packages/airflow/example_dags/example_skip_dag.py
[2025-09-25T05:32:34.802+0000] {processor.py:914} INFO - Processing file /home/airflow/.local/lib/python3.12/site-packages/airflow/example_dags/example_skip_dag.py for tasks to queue
[2025-09-25T05:32:34.804+0000] {logging_mixin.py:190} INFO - [2025-09-25T05:32:34.804+0000] {dagbag.py:588} INFO - Filling up the DagBag from /home/airflow/.local/lib/python3.12/site-packages/airflow/example_dags/example_skip_dag.py
[2025-09-25T05:32:34.812+0000] {processor.py:925} INFO - DAG(s) 'example_skip_dag' retrieved from /home/airflow/.local/lib/python3.12/site-packages/airflow/example_dags/example_skip_dag.py
[2025-09-25T05:32:34.833+0000] {logging_mixin.py:190} INFO - [2025-09-25T05:32:34.832+0000] {dag.py:3239} INFO - Sync 1 DAGs
[2025-09-25T05:32:34.854+0000] {logging_mixin.py:190} INFO - [2025-09-25T05:32:34.854+0000] {dag.py:4180} INFO - Setting next_dagrun for example_skip_dag to 2025-09-24 00:00:00+00:00, run_after=2025-09-25 00:00:00+00:00
[2025-09-25T05:32:34.871+0000] {processor.py:208} INFO - Processing /home/airflow/.local/lib/python3.12/site-packages/airflow/example_dags/example_skip_dag.py took 0.078 seconds
[2025-09-25T05:33:05.325+0000] {processor.py:186} INFO - Started process (PID=602) to work on /home/airflow/.local/lib/python3.12/site-packages/airflow/example_dags/example_skip_dag.py
[2025-09-25T05:33:05.326+0000] {processor.py:914} INFO - Processing file /home/airflow/.local/lib/python3.12/site-packages/airflow/example_dags/example_skip_dag.py for tasks to queue
[2025-09-25T05:33:05.328+0000] {logging_mixin.py:190} INFO - [2025-09-25T05:33:05.327+0000] {dagbag.py:588} INFO - Filling up the DagBag from /home/airflow/.local/lib/python3.12/site-packages/airflow/example_dags/example_skip_dag.py
[2025-09-25T05:33:05.335+0000] {processor.py:925} INFO - DAG(s) 'example_skip_dag' retrieved from /home/airflow/.local/lib/python3.12/site-packages/airflow/example_dags/example_skip_dag.py
[2025-09-25T05:33:05.353+0000] {logging_mixin.py:190} INFO - [2025-09-25T05:33:05.353+0000] {dag.py:3239} INFO - Sync 1 DAGs
[2025-09-25T05:33:05.373+0000] {logging_mixin.py:190} INFO - [2025-09-25T05:33:05.372+0000] {dag.py:4180} INFO - Setting next_dagrun for example_skip_dag to 2025-09-24 00:00:00+00:00, run_after=2025-09-25 00:00:00+00:00
[2025-09-25T05:33:05.389+0000] {processor.py:208} INFO - Processing /home/airflow/.local/lib/python3.12/site-packages/airflow/example_dags/example_skip_dag.py took 0.070 seconds
[2025-09-25T05:33:36.394+0000] {processor.py:186} INFO - Started process (PID=667) to work on /home/airflow/.local/lib/python3.12/site-packages/airflow/example_dags/example_skip_dag.py
[2025-09-25T05:33:36.395+0000] {processor.py:914} INFO - Processing file /home/airflow/.local/lib/python3.12/site-packages/airflow/example_dags/example_skip_dag.py for tasks to queue
[2025-09-25T05:33:36.397+0000] {logging_mixin.py:190} INFO - [2025-09-25T05:33:36.396+0000] {dagbag.py:588} INFO - Filling up the DagBag from /home/airflow/.local/lib/python3.12/site-packages/airflow/example_dags/example_skip_dag.py
[2025-09-25T05:33:36.404+0000] {processor.py:925} INFO - DAG(s) 'example_skip_dag' retrieved from /home/airflow/.local/lib/python3.12/site-packages/airflow/example_dags/example_skip_dag.py
[2025-09-25T05:33:36.423+0000] {logging_mixin.py:190} INFO - [2025-09-25T05:33:36.423+0000] {dag.py:3239} INFO - Sync 1 DAGs
[2025-09-25T05:33:36.445+0000] {logging_mixin.py:190} INFO - [2025-09-25T05:33:36.445+0000] {dag.py:4180} INFO - Setting next_dagrun for example_skip_dag to 2025-09-24 00:00:00+00:00, run_after=2025-09-25 00:00:00+00:00
[2025-09-25T05:33:36.462+0000] {processor.py:208} INFO - Processing /home/airflow/.local/lib/python3.12/site-packages/airflow/example_dags/example_skip_dag.py took 0.073 seconds
[2025-09-25T05:34:07.530+0000] {processor.py:186} INFO - Started process (PID=732) to work on /home/airflow/.local/lib/python3.12/site-packages/airflow/example_dags/example_skip_dag.py
[2025-09-25T05:34:07.531+0000] {processor.py:914} INFO - Processing file /home/airflow/.local/lib/python3.12/site-packages/airflow/example_dags/example_skip_dag.py for tasks to queue
[2025-09-25T05:34:07.533+0000] {logging_mixin.py:190} INFO - [2025-09-25T05:34:07.533+0000] {dagbag.py:588} INFO - Filling up the DagBag from /home/airflow/.local/lib/python3.12/site-packages/airflow/example_dags/example_skip_dag.py
[2025-09-25T05:34:07.541+0000] {processor.py:925} INFO - DAG(s) 'example_skip_dag' retrieved from /home/airflow/.local/lib/python3.12/site-packages/airflow/example_dags/example_skip_dag.py
[2025-09-25T05:34:07.560+0000] {logging_mixin.py:190} INFO - [2025-09-25T05:34:07.560+0000] {dag.py:3239} INFO - Sync 1 DAGs
[2025-09-25T05:34:07.579+0000] {logging_mixin.py:190} INFO - [2025-09-25T05:34:07.579+0000] {dag.py:4180} INFO - Setting next_dagrun for example_skip_dag to 2025-09-24 00:00:00+00:00, run_after=2025-09-25 00:00:00+00:00
[2025-09-25T05:34:07.595+0000] {processor.py:208} INFO - Processing /home/airflow/.local/lib/python3.12/site-packages/airflow/example_dags/example_skip_dag.py took 0.070 seconds
[2025-09-25T05:34:38.831+0000] {processor.py:186} INFO - Started process (PID=797) to work on /home/airflow/.local/lib/python3.12/site-packages/airflow/example_dags/example_skip_dag.py
[2025-09-25T05:34:38.832+0000] {processor.py:914} INFO - Processing file /home/airflow/.local/lib/python3.12/site-packages/airflow/example_dags/example_skip_dag.py for tasks to queue
[2025-09-25T05:34:38.834+0000] {logging_mixin.py:190} INFO - [2025-09-25T05:34:38.834+0000] {dagbag.py:588} INFO - Filling up the DagBag from /home/airflow/.local/lib/python3.12/site-packages/airflow/example_dags/example_skip_dag.py
[2025-09-25T05:34:38.843+0000] {processor.py:925} INFO - DAG(s) 'example_skip_dag' retrieved from /home/airflow/.local/lib/python3.12/site-packages/airflow/example_dags/example_skip_dag.py
[2025-09-25T05:34:38.861+0000] {logging_mixin.py:190} INFO - [2025-09-25T05:34:38.861+0000] {dag.py:3239} INFO - Sync 1 DAGs
[2025-09-25T05:34:38.882+0000] {logging_mixin.py:190} INFO - [2025-09-25T05:34:38.882+0000] {dag.py:4180} INFO - Setting next_dagrun for example_skip_dag to 2025-09-24 00:00:00+00:00, run_after=2025-09-25 00:00:00+00:00
[2025-09-25T05:34:38.898+0000] {processor.py:208} INFO - Processing /home/airflow/.local/lib/python3.12/site-packages/airflow/example_dags/example_skip_dag.py took 0.072 seconds
[2025-09-25T05:35:10.048+0000] {processor.py:186} INFO - Started process (PID=862) to work on /home/airflow/.local/lib/python3.12/site-packages/airflow/example_dags/example_skip_dag.py
[2025-09-25T05:35:10.049+0000] {processor.py:914} INFO - Processing file /home/airflow/.local/lib/python3.12/site-packages/airflow/example_dags/example_skip_dag.py for tasks to queue
[2025-09-25T05:35:10.051+0000] {logging_mixin.py:190} INFO - [2025-09-25T05:35:10.051+0000] {dagbag.py:588} INFO - Filling up the DagBag from /home/airflow/.local/lib/python3.12/site-packages/airflow/example_dags/example_skip_dag.py
[2025-09-25T05:35:10.059+0000] {processor.py:925} INFO - DAG(s) 'example_skip_dag' retrieved from /home/airflow/.local/lib/python3.12/site-packages/airflow/example_dags/example_skip_dag.py
[2025-09-25T05:35:10.077+0000] {logging_mixin.py:190} INFO - [2025-09-25T05:35:10.077+0000] {dag.py:3239} INFO - Sync 1 DAGs
[2025-09-25T05:35:10.097+0000] {logging_mixin.py:190} INFO - [2025-09-25T05:35:10.096+0000] {dag.py:4180} INFO - Setting next_dagrun for example_skip_dag to 2025-09-24 00:00:00+00:00, run_after=2025-09-25 00:00:00+00:00
[2025-09-25T05:35:10.112+0000] {processor.py:208} INFO - Processing /home/airflow/.local/lib/python3.12/site-packages/airflow/example_dags/example_skip_dag.py took 0.069 seconds
[2025-09-25T05:35:41.399+0000] {processor.py:186} INFO - Started process (PID=927) to work on /home/airflow/.local/lib/python3.12/site-packages/airflow/example_dags/example_skip_dag.py
[2025-09-25T05:35:41.400+0000] {processor.py:914} INFO - Processing file /home/airflow/.local/lib/python3.12/site-packages/airflow/example_dags/example_skip_dag.py for tasks to queue
[2025-09-25T05:35:41.402+0000] {logging_mixin.py:190} INFO - [2025-09-25T05:35:41.402+0000] {dagbag.py:588} INFO - Filling up the DagBag from /home/airflow/.local/lib/python3.12/site-packages/airflow/example_dags/example_skip_dag.py
[2025-09-25T05:35:41.409+0000] {processor.py:925} INFO - DAG(s) 'example_skip_dag' retrieved from /home/airflow/.local/lib/python3.12/site-packages/airflow/example_dags/example_skip_dag.py
[2025-09-25T05:35:41.426+0000] {logging_mixin.py:190} INFO - [2025-09-25T05:35:41.426+0000] {dag.py:3239} INFO - Sync 1 DAGs
[2025-09-25T05:35:41.450+0000] {logging_mixin.py:190} INFO - [2025-09-25T05:35:41.450+0000] {dag.py:4180} INFO - Setting next_dagrun for example_skip_dag to 2025-09-24 00:00:00+00:00, run_after=2025-09-25 00:00:00+00:00
[2025-09-25T05:35:41.467+0000] {processor.py:208} INFO - Processing /home/airflow/.local/lib/python3.12/site-packages/airflow/example_dags/example_skip_dag.py took 0.074 seconds
[2025-09-25T05:36:12.903+0000] {processor.py:186} INFO - Started process (PID=992) to work on /home/airflow/.local/lib/python3.12/site-packages/airflow/example_dags/example_skip_dag.py
[2025-09-25T05:36:12.904+0000] {processor.py:914} INFO - Processing file /home/airflow/.local/lib/python3.12/site-packages/airflow/example_dags/example_skip_dag.py for tasks to queue
[2025-09-25T05:36:12.906+0000] {logging_mixin.py:190} INFO - [2025-09-25T05:36:12.906+0000] {dagbag.py:588} INFO - Filling up the DagBag from /home/airflow/.local/lib/python3.12/site-packages/airflow/example_dags/example_skip_dag.py
[2025-09-25T05:36:12.913+0000] {processor.py:925} INFO - DAG(s) 'example_skip_dag' retrieved from /home/airflow/.local/lib/python3.12/site-packages/airflow/example_dags/example_skip_dag.py
[2025-09-25T05:36:12.930+0000] {logging_mixin.py:190} INFO - [2025-09-25T05:36:12.930+0000] {dag.py:3239} INFO - Sync 1 DAGs
[2025-09-25T05:36:12.950+0000] {logging_mixin.py:190} INFO - [2025-09-25T05:36:12.950+0000] {dag.py:4180} INFO - Setting next_dagrun for example_skip_dag to 2025-09-24 00:00:00+00:00, run_after=2025-09-25 00:00:00+00:00
[2025-09-25T05:36:12.965+0000] {processor.py:208} INFO - Processing /home/airflow/.local/lib/python3.12/site-packages/airflow/example_dags/example_skip_dag.py took 0.067 seconds
[2025-09-25T05:36:44.018+0000] {processor.py:186} INFO - Started process (PID=1057) to work on /home/airflow/.local/lib/python3.12/site-packages/airflow/example_dags/example_skip_dag.py
[2025-09-25T05:36:44.019+0000] {processor.py:914} INFO - Processing file /home/airflow/.local/lib/python3.12/site-packages/airflow/example_dags/example_skip_dag.py for tasks to queue
[2025-09-25T05:36:44.021+0000] {logging_mixin.py:190} INFO - [2025-09-25T05:36:44.021+0000] {dagbag.py:588} INFO - Filling up the DagBag from /home/airflow/.local/lib/python3.12/site-packages/airflow/example_dags/example_skip_dag.py
[2025-09-25T05:36:44.027+0000] {processor.py:925} INFO - DAG(s) 'example_skip_dag' retrieved from /home/airflow/.local/lib/python3.12/site-packages/airflow/example_dags/example_skip_dag.py
[2025-09-25T05:36:44.044+0000] {logging_mixin.py:190} INFO - [2025-09-25T05:36:44.044+0000] {dag.py:3239} INFO - Sync 1 DAGs
[2025-09-25T05:36:44.062+0000] {logging_mixin.py:190} INFO - [2025-09-25T05:36:44.062+0000] {dag.py:4180} INFO - Setting next_dagrun for example_skip_dag to 2025-09-24 00:00:00+00:00, run_after=2025-09-25 00:00:00+00:00
[2025-09-25T05:36:44.075+0000] {processor.py:208} INFO - Processing /home/airflow/.local/lib/python3.12/site-packages/airflow/example_dags/example_skip_dag.py took 0.063 seconds
[2025-09-25T05:37:14.714+0000] {processor.py:186} INFO - Started process (PID=1122) to work on /home/airflow/.local/lib/python3.12/site-packages/airflow/example_dags/example_skip_dag.py
[2025-09-25T05:37:14.715+0000] {processor.py:914} INFO - Processing file /home/airflow/.local/lib/python3.12/site-packages/airflow/example_dags/example_skip_dag.py for tasks to queue
[2025-09-25T05:37:14.718+0000] {logging_mixin.py:190} INFO - [2025-09-25T05:37:14.717+0000] {dagbag.py:588} INFO - Filling up the DagBag from /home/airflow/.local/lib/python3.12/site-packages/airflow/example_dags/example_skip_dag.py
[2025-09-25T05:37:14.725+0000] {processor.py:925} INFO - DAG(s) 'example_skip_dag' retrieved from /home/airflow/.local/lib/python3.12/site-packages/airflow/example_dags/example_skip_dag.py
[2025-09-25T05:37:14.742+0000] {logging_mixin.py:190} INFO - [2025-09-25T05:37:14.742+0000] {dag.py:3239} INFO - Sync 1 DAGs
[2025-09-25T05:37:14.760+0000] {logging_mixin.py:190} INFO - [2025-09-25T05:37:14.760+0000] {dag.py:4180} INFO - Setting next_dagrun for example_skip_dag to 2025-09-24 00:00:00+00:00, run_after=2025-09-25 00:00:00+00:00
[2025-09-25T05:37:14.775+0000] {processor.py:208} INFO - Processing /home/airflow/.local/lib/python3.12/site-packages/airflow/example_dags/example_skip_dag.py took 0.066 seconds
[2025-09-25T05:37:46.175+0000] {processor.py:186} INFO - Started process (PID=1187) to work on /home/airflow/.local/lib/python3.12/site-packages/airflow/example_dags/example_skip_dag.py
[2025-09-25T05:37:46.176+0000] {processor.py:914} INFO - Processing file /home/airflow/.local/lib/python3.12/site-packages/airflow/example_dags/example_skip_dag.py for tasks to queue
[2025-09-25T05:37:46.179+0000] {logging_mixin.py:190} INFO - [2025-09-25T05:37:46.178+0000] {dagbag.py:588} INFO - Filling up the DagBag from /home/airflow/.local/lib/python3.12/site-packages/airflow/example_dags/example_skip_dag.py
[2025-09-25T05:37:46.186+0000] {processor.py:925} INFO - DAG(s) 'example_skip_dag' retrieved from /home/airflow/.local/lib/python3.12/site-packages/airflow/example_dags/example_skip_dag.py
[2025-09-25T05:37:46.203+0000] {logging_mixin.py:190} INFO - [2025-09-25T05:37:46.203+0000] {dag.py:3239} INFO - Sync 1 DAGs
[2025-09-25T05:37:46.222+0000] {logging_mixin.py:190} INFO - [2025-09-25T05:37:46.221+0000] {dag.py:4180} INFO - Setting next_dagrun for example_skip_dag to 2025-09-24 00:00:00+00:00, run_after=2025-09-25 00:00:00+00:00
[2025-09-25T05:37:46.237+0000] {processor.py:208} INFO - Processing /home/airflow/.local/lib/python3.12/site-packages/airflow/example_dags/example_skip_dag.py took 0.067 seconds
[2025-09-25T05:38:17.548+0000] {processor.py:186} INFO - Started process (PID=1252) to work on /home/airflow/.local/lib/python3.12/site-packages/airflow/example_dags/example_skip_dag.py
[2025-09-25T05:38:17.549+0000] {processor.py:914} INFO - Processing file /home/airflow/.local/lib/python3.12/site-packages/airflow/example_dags/example_skip_dag.py for tasks to queue
[2025-09-25T05:38:17.550+0000] {logging_mixin.py:190} INFO - [2025-09-25T05:38:17.550+0000] {dagbag.py:588} INFO - Filling up the DagBag from /home/airflow/.local/lib/python3.12/site-packages/airflow/example_dags/example_skip_dag.py
[2025-09-25T05:38:17.558+0000] {processor.py:925} INFO - DAG(s) 'example_skip_dag' retrieved from /home/airflow/.local/lib/python3.12/site-packages/airflow/example_dags/example_skip_dag.py
[2025-09-25T05:38:17.574+0000] {logging_mixin.py:190} INFO - [2025-09-25T05:38:17.574+0000] {dag.py:3239} INFO - Sync 1 DAGs
[2025-09-25T05:38:17.592+0000] {logging_mixin.py:190} INFO - [2025-09-25T05:38:17.592+0000] {dag.py:4180} INFO - Setting next_dagrun for example_skip_dag to 2025-09-24 00:00:00+00:00, run_after=2025-09-25 00:00:00+00:00
[2025-09-25T05:38:17.607+0000] {processor.py:208} INFO - Processing /home/airflow/.local/lib/python3.12/site-packages/airflow/example_dags/example_skip_dag.py took 0.065 seconds
[2025-09-25T05:38:48.792+0000] {processor.py:186} INFO - Started process (PID=1317) to work on /home/airflow/.local/lib/python3.12/site-packages/airflow/example_dags/example_skip_dag.py
[2025-09-25T05:38:48.794+0000] {processor.py:914} INFO - Processing file /home/airflow/.local/lib/python3.12/site-packages/airflow/example_dags/example_skip_dag.py for tasks to queue
[2025-09-25T05:38:48.795+0000] {logging_mixin.py:190} INFO - [2025-09-25T05:38:48.795+0000] {dagbag.py:588} INFO - Filling up the DagBag from /home/airflow/.local/lib/python3.12/site-packages/airflow/example_dags/example_skip_dag.py
[2025-09-25T05:38:48.802+0000] {processor.py:925} INFO - DAG(s) 'example_skip_dag' retrieved from /home/airflow/.local/lib/python3.12/site-packages/airflow/example_dags/example_skip_dag.py
[2025-09-25T05:38:48.820+0000] {logging_mixin.py:190} INFO - [2025-09-25T05:38:48.820+0000] {dag.py:3239} INFO - Sync 1 DAGs
[2025-09-25T05:38:48.839+0000] {logging_mixin.py:190} INFO - [2025-09-25T05:38:48.839+0000] {dag.py:4180} INFO - Setting next_dagrun for example_skip_dag to 2025-09-24 00:00:00+00:00, run_after=2025-09-25 00:00:00+00:00
[2025-09-25T05:38:48.854+0000] {processor.py:208} INFO - Processing /home/airflow/.local/lib/python3.12/site-packages/airflow/example_dags/example_skip_dag.py took 0.066 seconds
[2025-09-25T05:39:20.434+0000] {processor.py:186} INFO - Started process (PID=1388) to work on /home/airflow/.local/lib/python3.12/site-packages/airflow/example_dags/example_skip_dag.py
[2025-09-25T05:39:20.435+0000] {processor.py:914} INFO - Processing file /home/airflow/.local/lib/python3.12/site-packages/airflow/example_dags/example_skip_dag.py for tasks to queue
[2025-09-25T05:39:20.437+0000] {logging_mixin.py:190} INFO - [2025-09-25T05:39:20.437+0000] {dagbag.py:588} INFO - Filling up the DagBag from /home/airflow/.local/lib/python3.12/site-packages/airflow/example_dags/example_skip_dag.py
[2025-09-25T05:39:20.444+0000] {processor.py:925} INFO - DAG(s) 'example_skip_dag' retrieved from /home/airflow/.local/lib/python3.12/site-packages/airflow/example_dags/example_skip_dag.py
[2025-09-25T05:39:20.462+0000] {logging_mixin.py:190} INFO - [2025-09-25T05:39:20.461+0000] {dag.py:3239} INFO - Sync 1 DAGs
[2025-09-25T05:39:20.481+0000] {logging_mixin.py:190} INFO - [2025-09-25T05:39:20.481+0000] {dag.py:4180} INFO - Setting next_dagrun for example_skip_dag to 2025-09-24 00:00:00+00:00, run_after=2025-09-25 00:00:00+00:00
[2025-09-25T05:39:20.496+0000] {processor.py:208} INFO - Processing /home/airflow/.local/lib/python3.12/site-packages/airflow/example_dags/example_skip_dag.py took 0.068 seconds
[2025-09-25T05:39:51.763+0000] {processor.py:186} INFO - Started process (PID=1453) to work on /home/airflow/.local/lib/python3.12/site-packages/airflow/example_dags/example_skip_dag.py
[2025-09-25T05:39:51.764+0000] {processor.py:914} INFO - Processing file /home/airflow/.local/lib/python3.12/site-packages/airflow/example_dags/example_skip_dag.py for tasks to queue
[2025-09-25T05:39:51.766+0000] {logging_mixin.py:190} INFO - [2025-09-25T05:39:51.766+0000] {dagbag.py:588} INFO - Filling up the DagBag from /home/airflow/.local/lib/python3.12/site-packages/airflow/example_dags/example_skip_dag.py
[2025-09-25T05:39:51.773+0000] {processor.py:925} INFO - DAG(s) 'example_skip_dag' retrieved from /home/airflow/.local/lib/python3.12/site-packages/airflow/example_dags/example_skip_dag.py
[2025-09-25T05:39:51.791+0000] {logging_mixin.py:190} INFO - [2025-09-25T05:39:51.791+0000] {dag.py:3239} INFO - Sync 1 DAGs
[2025-09-25T05:39:51.810+0000] {logging_mixin.py:190} INFO - [2025-09-25T05:39:51.810+0000] {dag.py:4180} INFO - Setting next_dagrun for example_skip_dag to 2025-09-24 00:00:00+00:00, run_after=2025-09-25 00:00:00+00:00
[2025-09-25T05:39:51.825+0000] {processor.py:208} INFO - Processing /home/airflow/.local/lib/python3.12/site-packages/airflow/example_dags/example_skip_dag.py took 0.067 seconds
[2025-09-25T05:40:22.880+0000] {processor.py:186} INFO - Started process (PID=1518) to work on /home/airflow/.local/lib/python3.12/site-packages/airflow/example_dags/example_skip_dag.py
[2025-09-25T05:40:22.881+0000] {processor.py:914} INFO - Processing file /home/airflow/.local/lib/python3.12/site-packages/airflow/example_dags/example_skip_dag.py for tasks to queue
[2025-09-25T05:40:22.883+0000] {logging_mixin.py:190} INFO - [2025-09-25T05:40:22.883+0000] {dagbag.py:588} INFO - Filling up the DagBag from /home/airflow/.local/lib/python3.12/site-packages/airflow/example_dags/example_skip_dag.py
[2025-09-25T05:40:22.891+0000] {processor.py:925} INFO - DAG(s) 'example_skip_dag' retrieved from /home/airflow/.local/lib/python3.12/site-packages/airflow/example_dags/example_skip_dag.py
[2025-09-25T05:40:22.907+0000] {logging_mixin.py:190} INFO - [2025-09-25T05:40:22.907+0000] {dag.py:3239} INFO - Sync 1 DAGs
[2025-09-25T05:40:22.926+0000] {logging_mixin.py:190} INFO - [2025-09-25T05:40:22.926+0000] {dag.py:4180} INFO - Setting next_dagrun for example_skip_dag to 2025-09-24 00:00:00+00:00, run_after=2025-09-25 00:00:00+00:00
[2025-09-25T05:40:22.940+0000] {processor.py:208} INFO - Processing /home/airflow/.local/lib/python3.12/site-packages/airflow/example_dags/example_skip_dag.py took 0.068 seconds
[2025-09-25T05:40:54.232+0000] {processor.py:186} INFO - Started process (PID=1583) to work on /home/airflow/.local/lib/python3.12/site-packages/airflow/example_dags/example_skip_dag.py
[2025-09-25T05:40:54.233+0000] {processor.py:914} INFO - Processing file /home/airflow/.local/lib/python3.12/site-packages/airflow/example_dags/example_skip_dag.py for tasks to queue
[2025-09-25T05:40:54.235+0000] {logging_mixin.py:190} INFO - [2025-09-25T05:40:54.235+0000] {dagbag.py:588} INFO - Filling up the DagBag from /home/airflow/.local/lib/python3.12/site-packages/airflow/example_dags/example_skip_dag.py
[2025-09-25T05:40:54.243+0000] {processor.py:925} INFO - DAG(s) 'example_skip_dag' retrieved from /home/airflow/.local/lib/python3.12/site-packages/airflow/example_dags/example_skip_dag.py
[2025-09-25T05:40:54.260+0000] {logging_mixin.py:190} INFO - [2025-09-25T05:40:54.260+0000] {dag.py:3239} INFO - Sync 1 DAGs
[2025-09-25T05:40:54.279+0000] {logging_mixin.py:190} INFO - [2025-09-25T05:40:54.278+0000] {dag.py:4180} INFO - Setting next_dagrun for example_skip_dag to 2025-09-24 00:00:00+00:00, run_after=2025-09-25 00:00:00+00:00
[2025-09-25T05:40:54.294+0000] {processor.py:208} INFO - Processing /home/airflow/.local/lib/python3.12/site-packages/airflow/example_dags/example_skip_dag.py took 0.068 seconds
[2025-09-25T05:41:25.514+0000] {processor.py:186} INFO - Started process (PID=1648) to work on /home/airflow/.local/lib/python3.12/site-packages/airflow/example_dags/example_skip_dag.py
[2025-09-25T05:41:25.515+0000] {processor.py:914} INFO - Processing file /home/airflow/.local/lib/python3.12/site-packages/airflow/example_dags/example_skip_dag.py for tasks to queue
[2025-09-25T05:41:25.517+0000] {logging_mixin.py:190} INFO - [2025-09-25T05:41:25.516+0000] {dagbag.py:588} INFO - Filling up the DagBag from /home/airflow/.local/lib/python3.12/site-packages/airflow/example_dags/example_skip_dag.py
[2025-09-25T05:41:25.524+0000] {processor.py:925} INFO - DAG(s) 'example_skip_dag' retrieved from /home/airflow/.local/lib/python3.12/site-packages/airflow/example_dags/example_skip_dag.py
[2025-09-25T05:41:25.541+0000] {logging_mixin.py:190} INFO - [2025-09-25T05:41:25.541+0000] {dag.py:3239} INFO - Sync 1 DAGs
[2025-09-25T05:41:25.560+0000] {logging_mixin.py:190} INFO - [2025-09-25T05:41:25.559+0000] {dag.py:4180} INFO - Setting next_dagrun for example_skip_dag to 2025-09-24 00:00:00+00:00, run_after=2025-09-25 00:00:00+00:00
[2025-09-25T05:41:25.575+0000] {processor.py:208} INFO - Processing /home/airflow/.local/lib/python3.12/site-packages/airflow/example_dags/example_skip_dag.py took 0.066 seconds
[2025-09-25T05:41:56.977+0000] {processor.py:186} INFO - Started process (PID=1713) to work on /home/airflow/.local/lib/python3.12/site-packages/airflow/example_dags/example_skip_dag.py
[2025-09-25T05:41:56.978+0000] {processor.py:914} INFO - Processing file /home/airflow/.local/lib/python3.12/site-packages/airflow/example_dags/example_skip_dag.py for tasks to queue
[2025-09-25T05:41:56.980+0000] {logging_mixin.py:190} INFO - [2025-09-25T05:41:56.980+0000] {dagbag.py:588} INFO - Filling up the DagBag from /home/airflow/.local/lib/python3.12/site-packages/airflow/example_dags/example_skip_dag.py
[2025-09-25T05:41:56.987+0000] {processor.py:925} INFO - DAG(s) 'example_skip_dag' retrieved from /home/airflow/.local/lib/python3.12/site-packages/airflow/example_dags/example_skip_dag.py
[2025-09-25T05:41:57.008+0000] {logging_mixin.py:190} INFO - [2025-09-25T05:41:57.008+0000] {dag.py:3239} INFO - Sync 1 DAGs
[2025-09-25T05:41:57.031+0000] {logging_mixin.py:190} INFO - [2025-09-25T05:41:57.031+0000] {dag.py:4180} INFO - Setting next_dagrun for example_skip_dag to 2025-09-24 00:00:00+00:00, run_after=2025-09-25 00:00:00+00:00
[2025-09-25T05:41:57.048+0000] {processor.py:208} INFO - Processing /home/airflow/.local/lib/python3.12/site-packages/airflow/example_dags/example_skip_dag.py took 0.076 seconds
[2025-09-25T05:42:27.722+0000] {processor.py:186} INFO - Started process (PID=1778) to work on /home/airflow/.local/lib/python3.12/site-packages/airflow/example_dags/example_skip_dag.py
[2025-09-25T05:42:27.723+0000] {processor.py:914} INFO - Processing file /home/airflow/.local/lib/python3.12/site-packages/airflow/example_dags/example_skip_dag.py for tasks to queue
[2025-09-25T05:42:27.725+0000] {logging_mixin.py:190} INFO - [2025-09-25T05:42:27.725+0000] {dagbag.py:588} INFO - Filling up the DagBag from /home/airflow/.local/lib/python3.12/site-packages/airflow/example_dags/example_skip_dag.py
[2025-09-25T05:42:27.734+0000] {processor.py:925} INFO - DAG(s) 'example_skip_dag' retrieved from /home/airflow/.local/lib/python3.12/site-packages/airflow/example_dags/example_skip_dag.py
[2025-09-25T05:42:27.753+0000] {logging_mixin.py:190} INFO - [2025-09-25T05:42:27.753+0000] {dag.py:3239} INFO - Sync 1 DAGs
[2025-09-25T05:42:27.774+0000] {logging_mixin.py:190} INFO - [2025-09-25T05:42:27.774+0000] {dag.py:4180} INFO - Setting next_dagrun for example_skip_dag to 2025-09-24 00:00:00+00:00, run_after=2025-09-25 00:00:00+00:00
[2025-09-25T05:42:27.790+0000] {processor.py:208} INFO - Processing /home/airflow/.local/lib/python3.12/site-packages/airflow/example_dags/example_skip_dag.py took 0.073 seconds
[2025-09-25T05:42:58.665+0000] {processor.py:186} INFO - Started process (PID=1843) to work on /home/airflow/.local/lib/python3.12/site-packages/airflow/example_dags/example_skip_dag.py
[2025-09-25T05:42:58.666+0000] {processor.py:914} INFO - Processing file /home/airflow/.local/lib/python3.12/site-packages/airflow/example_dags/example_skip_dag.py for tasks to queue
[2025-09-25T05:42:58.668+0000] {logging_mixin.py:190} INFO - [2025-09-25T05:42:58.668+0000] {dagbag.py:588} INFO - Filling up the DagBag from /home/airflow/.local/lib/python3.12/site-packages/airflow/example_dags/example_skip_dag.py
[2025-09-25T05:42:58.674+0000] {processor.py:925} INFO - DAG(s) 'example_skip_dag' retrieved from /home/airflow/.local/lib/python3.12/site-packages/airflow/example_dags/example_skip_dag.py
[2025-09-25T05:42:58.691+0000] {logging_mixin.py:190} INFO - [2025-09-25T05:42:58.691+0000] {dag.py:3239} INFO - Sync 1 DAGs
[2025-09-25T05:42:58.710+0000] {logging_mixin.py:190} INFO - [2025-09-25T05:42:58.709+0000] {dag.py:4180} INFO - Setting next_dagrun for example_skip_dag to 2025-09-24 00:00:00+00:00, run_after=2025-09-25 00:00:00+00:00
[2025-09-25T05:42:58.724+0000] {processor.py:208} INFO - Processing /home/airflow/.local/lib/python3.12/site-packages/airflow/example_dags/example_skip_dag.py took 0.064 seconds
[2025-09-25T05:43:29.952+0000] {processor.py:186} INFO - Started process (PID=1908) to work on /home/airflow/.local/lib/python3.12/site-packages/airflow/example_dags/example_skip_dag.py
[2025-09-25T05:43:29.953+0000] {processor.py:914} INFO - Processing file /home/airflow/.local/lib/python3.12/site-packages/airflow/example_dags/example_skip_dag.py for tasks to queue
[2025-09-25T05:43:29.955+0000] {logging_mixin.py:190} INFO - [2025-09-25T05:43:29.955+0000] {dagbag.py:588} INFO - Filling up the DagBag from /home/airflow/.local/lib/python3.12/site-packages/airflow/example_dags/example_skip_dag.py
[2025-09-25T05:43:29.962+0000] {processor.py:925} INFO - DAG(s) 'example_skip_dag' retrieved from /home/airflow/.local/lib/python3.12/site-packages/airflow/example_dags/example_skip_dag.py
[2025-09-25T05:43:29.980+0000] {logging_mixin.py:190} INFO - [2025-09-25T05:43:29.980+0000] {dag.py:3239} INFO - Sync 1 DAGs
[2025-09-25T05:43:29.998+0000] {logging_mixin.py:190} INFO - [2025-09-25T05:43:29.998+0000] {dag.py:4180} INFO - Setting next_dagrun for example_skip_dag to 2025-09-24 00:00:00+00:00, run_after=2025-09-25 00:00:00+00:00
[2025-09-25T05:43:30.013+0000] {processor.py:208} INFO - Processing /home/airflow/.local/lib/python3.12/site-packages/airflow/example_dags/example_skip_dag.py took 0.067 seconds
[2025-09-25T05:44:00.915+0000] {processor.py:186} INFO - Started process (PID=1973) to work on /home/airflow/.local/lib/python3.12/site-packages/airflow/example_dags/example_skip_dag.py
[2025-09-25T05:44:00.916+0000] {processor.py:914} INFO - Processing file /home/airflow/.local/lib/python3.12/site-packages/airflow/example_dags/example_skip_dag.py for tasks to queue
[2025-09-25T05:44:00.918+0000] {logging_mixin.py:190} INFO - [2025-09-25T05:44:00.918+0000] {dagbag.py:588} INFO - Filling up the DagBag from /home/airflow/.local/lib/python3.12/site-packages/airflow/example_dags/example_skip_dag.py
[2025-09-25T05:44:00.925+0000] {processor.py:925} INFO - DAG(s) 'example_skip_dag' retrieved from /home/airflow/.local/lib/python3.12/site-packages/airflow/example_dags/example_skip_dag.py
[2025-09-25T05:44:00.943+0000] {logging_mixin.py:190} INFO - [2025-09-25T05:44:00.943+0000] {dag.py:3239} INFO - Sync 1 DAGs
[2025-09-25T05:44:00.964+0000] {logging_mixin.py:190} INFO - [2025-09-25T05:44:00.963+0000] {dag.py:4180} INFO - Setting next_dagrun for example_skip_dag to 2025-09-24 00:00:00+00:00, run_after=2025-09-25 00:00:00+00:00
[2025-09-25T05:44:00.981+0000] {processor.py:208} INFO - Processing /home/airflow/.local/lib/python3.12/site-packages/airflow/example_dags/example_skip_dag.py took 0.073 seconds
[2025-09-25T05:44:31.687+0000] {processor.py:186} INFO - Started process (PID=2038) to work on /home/airflow/.local/lib/python3.12/site-packages/airflow/example_dags/example_skip_dag.py
[2025-09-25T05:44:31.688+0000] {processor.py:914} INFO - Processing file /home/airflow/.local/lib/python3.12/site-packages/airflow/example_dags/example_skip_dag.py for tasks to queue
[2025-09-25T05:44:31.690+0000] {logging_mixin.py:190} INFO - [2025-09-25T05:44:31.690+0000] {dagbag.py:588} INFO - Filling up the DagBag from /home/airflow/.local/lib/python3.12/site-packages/airflow/example_dags/example_skip_dag.py
[2025-09-25T05:44:31.697+0000] {processor.py:925} INFO - DAG(s) 'example_skip_dag' retrieved from /home/airflow/.local/lib/python3.12/site-packages/airflow/example_dags/example_skip_dag.py
[2025-09-25T05:44:31.714+0000] {logging_mixin.py:190} INFO - [2025-09-25T05:44:31.714+0000] {dag.py:3239} INFO - Sync 1 DAGs
[2025-09-25T05:44:31.733+0000] {logging_mixin.py:190} INFO - [2025-09-25T05:44:31.733+0000] {dag.py:4180} INFO - Setting next_dagrun for example_skip_dag to 2025-09-24 00:00:00+00:00, run_after=2025-09-25 00:00:00+00:00
[2025-09-25T05:44:31.747+0000] {processor.py:208} INFO - Processing /home/airflow/.local/lib/python3.12/site-packages/airflow/example_dags/example_skip_dag.py took 0.065 seconds
