[2025-09-25T05:12:42.270+0000] {processor.py:186} INFO - Started process (PID=88) to work on /home/airflow/.local/lib/python3.12/site-packages/airflow/example_dags/example_inlet_event_extra.py
[2025-09-25T05:12:42.270+0000] {processor.py:914} INFO - Processing file /home/airflow/.local/lib/python3.12/site-packages/airflow/example_dags/example_inlet_event_extra.py for tasks to queue
[2025-09-25T05:12:42.272+0000] {logging_mixin.py:190} INFO - [2025-09-25T05:12:42.272+0000] {dagbag.py:588} INFO - Filling up the DagBag from /home/airflow/.local/lib/python3.12/site-packages/airflow/example_dags/example_inlet_event_extra.py
[2025-09-25T05:12:42.751+0000] {processor.py:925} INFO - DAG(s) 'read_dataset_event_from_classic', 'read_dataset_event' retrieved from /home/airflow/.local/lib/python3.12/site-packages/airflow/example_dags/example_inlet_event_extra.py
[2025-09-25T05:12:42.767+0000] {logging_mixin.py:190} INFO - [2025-09-25T05:12:42.766+0000] {dag.py:3239} INFO - Sync 2 DAGs
[2025-09-25T05:12:42.789+0000] {logging_mixin.py:190} INFO - [2025-09-25T05:12:42.789+0000] {dag.py:4180} INFO - Setting next_dagrun for read_dataset_event to 2025-09-24 00:00:00+00:00, run_after=2025-09-25 00:00:00+00:00
[2025-09-25T05:12:42.794+0000] {logging_mixin.py:190} INFO - [2025-09-25T05:12:42.794+0000] {dag.py:4180} INFO - Setting next_dagrun for read_dataset_event_from_classic to 2025-09-24 00:00:00+00:00, run_after=2025-09-25 00:00:00+00:00
[2025-09-25T05:12:42.806+0000] {processor.py:208} INFO - Processing /home/airflow/.local/lib/python3.12/site-packages/airflow/example_dags/example_inlet_event_extra.py took 0.542 seconds
[2025-09-25T05:13:12.949+0000] {processor.py:186} INFO - Started process (PID=156) to work on /home/airflow/.local/lib/python3.12/site-packages/airflow/example_dags/example_inlet_event_extra.py
[2025-09-25T05:13:12.951+0000] {processor.py:914} INFO - Processing file /home/airflow/.local/lib/python3.12/site-packages/airflow/example_dags/example_inlet_event_extra.py for tasks to queue
[2025-09-25T05:13:12.953+0000] {logging_mixin.py:190} INFO - [2025-09-25T05:13:12.953+0000] {dagbag.py:588} INFO - Filling up the DagBag from /home/airflow/.local/lib/python3.12/site-packages/airflow/example_dags/example_inlet_event_extra.py
[2025-09-25T05:13:13.399+0000] {processor.py:925} INFO - DAG(s) 'read_dataset_event', 'read_dataset_event_from_classic' retrieved from /home/airflow/.local/lib/python3.12/site-packages/airflow/example_dags/example_inlet_event_extra.py
[2025-09-25T05:13:13.414+0000] {logging_mixin.py:190} INFO - [2025-09-25T05:13:13.414+0000] {dag.py:3239} INFO - Sync 2 DAGs
[2025-09-25T05:13:13.438+0000] {logging_mixin.py:190} INFO - [2025-09-25T05:13:13.437+0000] {dag.py:4180} INFO - Setting next_dagrun for read_dataset_event to 2025-09-24 00:00:00+00:00, run_after=2025-09-25 00:00:00+00:00
[2025-09-25T05:13:13.441+0000] {logging_mixin.py:190} INFO - [2025-09-25T05:13:13.441+0000] {dag.py:4180} INFO - Setting next_dagrun for read_dataset_event_from_classic to 2025-09-24 00:00:00+00:00, run_after=2025-09-25 00:00:00+00:00
[2025-09-25T05:13:13.453+0000] {processor.py:208} INFO - Processing /home/airflow/.local/lib/python3.12/site-packages/airflow/example_dags/example_inlet_event_extra.py took 0.510 seconds
[2025-09-25T05:13:43.750+0000] {processor.py:186} INFO - Started process (PID=224) to work on /home/airflow/.local/lib/python3.12/site-packages/airflow/example_dags/example_inlet_event_extra.py
[2025-09-25T05:13:43.752+0000] {processor.py:914} INFO - Processing file /home/airflow/.local/lib/python3.12/site-packages/airflow/example_dags/example_inlet_event_extra.py for tasks to queue
[2025-09-25T05:13:43.756+0000] {logging_mixin.py:190} INFO - [2025-09-25T05:13:43.756+0000] {dagbag.py:588} INFO - Filling up the DagBag from /home/airflow/.local/lib/python3.12/site-packages/airflow/example_dags/example_inlet_event_extra.py
[2025-09-25T05:13:44.373+0000] {processor.py:925} INFO - DAG(s) 'read_dataset_event', 'read_dataset_event_from_classic' retrieved from /home/airflow/.local/lib/python3.12/site-packages/airflow/example_dags/example_inlet_event_extra.py
[2025-09-25T05:13:44.389+0000] {logging_mixin.py:190} INFO - [2025-09-25T05:13:44.389+0000] {dag.py:3239} INFO - Sync 2 DAGs
[2025-09-25T05:13:44.409+0000] {logging_mixin.py:190} INFO - [2025-09-25T05:13:44.408+0000] {dag.py:4180} INFO - Setting next_dagrun for read_dataset_event to 2025-09-24 00:00:00+00:00, run_after=2025-09-25 00:00:00+00:00
[2025-09-25T05:13:44.412+0000] {logging_mixin.py:190} INFO - [2025-09-25T05:13:44.412+0000] {dag.py:4180} INFO - Setting next_dagrun for read_dataset_event_from_classic to 2025-09-24 00:00:00+00:00, run_after=2025-09-25 00:00:00+00:00
[2025-09-25T05:13:44.425+0000] {processor.py:208} INFO - Processing /home/airflow/.local/lib/python3.12/site-packages/airflow/example_dags/example_inlet_event_extra.py took 0.682 seconds
[2025-09-25T05:14:15.061+0000] {processor.py:186} INFO - Started process (PID=290) to work on /home/airflow/.local/lib/python3.12/site-packages/airflow/example_dags/example_inlet_event_extra.py
[2025-09-25T05:14:15.062+0000] {processor.py:914} INFO - Processing file /home/airflow/.local/lib/python3.12/site-packages/airflow/example_dags/example_inlet_event_extra.py for tasks to queue
[2025-09-25T05:14:15.064+0000] {logging_mixin.py:190} INFO - [2025-09-25T05:14:15.064+0000] {dagbag.py:588} INFO - Filling up the DagBag from /home/airflow/.local/lib/python3.12/site-packages/airflow/example_dags/example_inlet_event_extra.py
[2025-09-25T05:14:15.503+0000] {processor.py:925} INFO - DAG(s) 'read_dataset_event', 'read_dataset_event_from_classic' retrieved from /home/airflow/.local/lib/python3.12/site-packages/airflow/example_dags/example_inlet_event_extra.py
[2025-09-25T05:14:15.518+0000] {logging_mixin.py:190} INFO - [2025-09-25T05:14:15.518+0000] {dag.py:3239} INFO - Sync 2 DAGs
[2025-09-25T05:14:15.536+0000] {logging_mixin.py:190} INFO - [2025-09-25T05:14:15.535+0000] {dag.py:4180} INFO - Setting next_dagrun for read_dataset_event to 2025-09-24 00:00:00+00:00, run_after=2025-09-25 00:00:00+00:00
[2025-09-25T05:14:15.539+0000] {logging_mixin.py:190} INFO - [2025-09-25T05:14:15.539+0000] {dag.py:4180} INFO - Setting next_dagrun for read_dataset_event_from_classic to 2025-09-24 00:00:00+00:00, run_after=2025-09-25 00:00:00+00:00
[2025-09-25T05:14:15.551+0000] {processor.py:208} INFO - Processing /home/airflow/.local/lib/python3.12/site-packages/airflow/example_dags/example_inlet_event_extra.py took 0.495 seconds
[2025-09-25T05:14:45.641+0000] {processor.py:186} INFO - Started process (PID=360) to work on /home/airflow/.local/lib/python3.12/site-packages/airflow/example_dags/example_inlet_event_extra.py
[2025-09-25T05:14:45.642+0000] {processor.py:914} INFO - Processing file /home/airflow/.local/lib/python3.12/site-packages/airflow/example_dags/example_inlet_event_extra.py for tasks to queue
[2025-09-25T05:14:45.644+0000] {logging_mixin.py:190} INFO - [2025-09-25T05:14:45.644+0000] {dagbag.py:588} INFO - Filling up the DagBag from /home/airflow/.local/lib/python3.12/site-packages/airflow/example_dags/example_inlet_event_extra.py
[2025-09-25T05:14:46.139+0000] {processor.py:925} INFO - DAG(s) 'read_dataset_event_from_classic', 'read_dataset_event' retrieved from /home/airflow/.local/lib/python3.12/site-packages/airflow/example_dags/example_inlet_event_extra.py
[2025-09-25T05:14:46.157+0000] {logging_mixin.py:190} INFO - [2025-09-25T05:14:46.156+0000] {dag.py:3239} INFO - Sync 2 DAGs
[2025-09-25T05:14:46.174+0000] {logging_mixin.py:190} INFO - [2025-09-25T05:14:46.174+0000] {dag.py:4180} INFO - Setting next_dagrun for read_dataset_event to 2025-09-24 00:00:00+00:00, run_after=2025-09-25 00:00:00+00:00
[2025-09-25T05:14:46.178+0000] {logging_mixin.py:190} INFO - [2025-09-25T05:14:46.178+0000] {dag.py:4180} INFO - Setting next_dagrun for read_dataset_event_from_classic to 2025-09-24 00:00:00+00:00, run_after=2025-09-25 00:00:00+00:00
[2025-09-25T05:14:46.192+0000] {processor.py:208} INFO - Processing /home/airflow/.local/lib/python3.12/site-packages/airflow/example_dags/example_inlet_event_extra.py took 0.558 seconds
[2025-09-25T05:15:16.613+0000] {processor.py:186} INFO - Started process (PID=426) to work on /home/airflow/.local/lib/python3.12/site-packages/airflow/example_dags/example_inlet_event_extra.py
[2025-09-25T05:15:16.614+0000] {processor.py:914} INFO - Processing file /home/airflow/.local/lib/python3.12/site-packages/airflow/example_dags/example_inlet_event_extra.py for tasks to queue
[2025-09-25T05:15:16.616+0000] {logging_mixin.py:190} INFO - [2025-09-25T05:15:16.616+0000] {dagbag.py:588} INFO - Filling up the DagBag from /home/airflow/.local/lib/python3.12/site-packages/airflow/example_dags/example_inlet_event_extra.py
[2025-09-25T05:15:17.132+0000] {processor.py:925} INFO - DAG(s) 'read_dataset_event_from_classic', 'read_dataset_event' retrieved from /home/airflow/.local/lib/python3.12/site-packages/airflow/example_dags/example_inlet_event_extra.py
[2025-09-25T05:15:17.150+0000] {logging_mixin.py:190} INFO - [2025-09-25T05:15:17.150+0000] {dag.py:3239} INFO - Sync 2 DAGs
[2025-09-25T05:15:17.169+0000] {logging_mixin.py:190} INFO - [2025-09-25T05:15:17.169+0000] {dag.py:4180} INFO - Setting next_dagrun for read_dataset_event to 2025-09-24 00:00:00+00:00, run_after=2025-09-25 00:00:00+00:00
[2025-09-25T05:15:17.173+0000] {logging_mixin.py:190} INFO - [2025-09-25T05:15:17.173+0000] {dag.py:4180} INFO - Setting next_dagrun for read_dataset_event_from_classic to 2025-09-24 00:00:00+00:00, run_after=2025-09-25 00:00:00+00:00
[2025-09-25T05:15:17.187+0000] {processor.py:208} INFO - Processing /home/airflow/.local/lib/python3.12/site-packages/airflow/example_dags/example_inlet_event_extra.py took 0.580 seconds
[2025-09-25T05:15:47.629+0000] {processor.py:186} INFO - Started process (PID=490) to work on /home/airflow/.local/lib/python3.12/site-packages/airflow/example_dags/example_inlet_event_extra.py
[2025-09-25T05:15:47.630+0000] {processor.py:914} INFO - Processing file /home/airflow/.local/lib/python3.12/site-packages/airflow/example_dags/example_inlet_event_extra.py for tasks to queue
[2025-09-25T05:15:47.632+0000] {logging_mixin.py:190} INFO - [2025-09-25T05:15:47.632+0000] {dagbag.py:588} INFO - Filling up the DagBag from /home/airflow/.local/lib/python3.12/site-packages/airflow/example_dags/example_inlet_event_extra.py
[2025-09-25T05:15:48.122+0000] {processor.py:925} INFO - DAG(s) 'read_dataset_event', 'read_dataset_event_from_classic' retrieved from /home/airflow/.local/lib/python3.12/site-packages/airflow/example_dags/example_inlet_event_extra.py
[2025-09-25T05:15:48.141+0000] {logging_mixin.py:190} INFO - [2025-09-25T05:15:48.141+0000] {dag.py:3239} INFO - Sync 2 DAGs
[2025-09-25T05:15:48.162+0000] {logging_mixin.py:190} INFO - [2025-09-25T05:15:48.162+0000] {dag.py:4180} INFO - Setting next_dagrun for read_dataset_event to 2025-09-24 00:00:00+00:00, run_after=2025-09-25 00:00:00+00:00
[2025-09-25T05:15:48.167+0000] {logging_mixin.py:190} INFO - [2025-09-25T05:15:48.166+0000] {dag.py:4180} INFO - Setting next_dagrun for read_dataset_event_from_classic to 2025-09-24 00:00:00+00:00, run_after=2025-09-25 00:00:00+00:00
[2025-09-25T05:15:48.182+0000] {processor.py:208} INFO - Processing /home/airflow/.local/lib/python3.12/site-packages/airflow/example_dags/example_inlet_event_extra.py took 0.560 seconds
[2025-09-25T05:16:18.613+0000] {processor.py:186} INFO - Started process (PID=555) to work on /home/airflow/.local/lib/python3.12/site-packages/airflow/example_dags/example_inlet_event_extra.py
[2025-09-25T05:16:18.614+0000] {processor.py:914} INFO - Processing file /home/airflow/.local/lib/python3.12/site-packages/airflow/example_dags/example_inlet_event_extra.py for tasks to queue
[2025-09-25T05:16:18.616+0000] {logging_mixin.py:190} INFO - [2025-09-25T05:16:18.616+0000] {dagbag.py:588} INFO - Filling up the DagBag from /home/airflow/.local/lib/python3.12/site-packages/airflow/example_dags/example_inlet_event_extra.py
[2025-09-25T05:16:19.113+0000] {processor.py:925} INFO - DAG(s) 'read_dataset_event', 'read_dataset_event_from_classic' retrieved from /home/airflow/.local/lib/python3.12/site-packages/airflow/example_dags/example_inlet_event_extra.py
[2025-09-25T05:16:19.131+0000] {logging_mixin.py:190} INFO - [2025-09-25T05:16:19.131+0000] {dag.py:3239} INFO - Sync 2 DAGs
[2025-09-25T05:16:19.149+0000] {logging_mixin.py:190} INFO - [2025-09-25T05:16:19.149+0000] {dag.py:4180} INFO - Setting next_dagrun for read_dataset_event to 2025-09-24 00:00:00+00:00, run_after=2025-09-25 00:00:00+00:00
[2025-09-25T05:16:19.152+0000] {logging_mixin.py:190} INFO - [2025-09-25T05:16:19.152+0000] {dag.py:4180} INFO - Setting next_dagrun for read_dataset_event_from_classic to 2025-09-24 00:00:00+00:00, run_after=2025-09-25 00:00:00+00:00
[2025-09-25T05:16:19.166+0000] {processor.py:208} INFO - Processing /home/airflow/.local/lib/python3.12/site-packages/airflow/example_dags/example_inlet_event_extra.py took 0.560 seconds
[2025-09-25T05:16:49.646+0000] {processor.py:186} INFO - Started process (PID=620) to work on /home/airflow/.local/lib/python3.12/site-packages/airflow/example_dags/example_inlet_event_extra.py
[2025-09-25T05:16:49.647+0000] {processor.py:914} INFO - Processing file /home/airflow/.local/lib/python3.12/site-packages/airflow/example_dags/example_inlet_event_extra.py for tasks to queue
[2025-09-25T05:16:49.648+0000] {logging_mixin.py:190} INFO - [2025-09-25T05:16:49.648+0000] {dagbag.py:588} INFO - Filling up the DagBag from /home/airflow/.local/lib/python3.12/site-packages/airflow/example_dags/example_inlet_event_extra.py
[2025-09-25T05:16:50.109+0000] {processor.py:925} INFO - DAG(s) 'read_dataset_event', 'read_dataset_event_from_classic' retrieved from /home/airflow/.local/lib/python3.12/site-packages/airflow/example_dags/example_inlet_event_extra.py
[2025-09-25T05:16:50.128+0000] {logging_mixin.py:190} INFO - [2025-09-25T05:16:50.128+0000] {dag.py:3239} INFO - Sync 2 DAGs
[2025-09-25T05:16:50.146+0000] {logging_mixin.py:190} INFO - [2025-09-25T05:16:50.146+0000] {dag.py:4180} INFO - Setting next_dagrun for read_dataset_event to 2025-09-24 00:00:00+00:00, run_after=2025-09-25 00:00:00+00:00
[2025-09-25T05:16:50.150+0000] {logging_mixin.py:190} INFO - [2025-09-25T05:16:50.150+0000] {dag.py:4180} INFO - Setting next_dagrun for read_dataset_event_from_classic to 2025-09-24 00:00:00+00:00, run_after=2025-09-25 00:00:00+00:00
[2025-09-25T05:16:50.164+0000] {processor.py:208} INFO - Processing /home/airflow/.local/lib/python3.12/site-packages/airflow/example_dags/example_inlet_event_extra.py took 0.524 seconds
[2025-09-25T05:17:20.436+0000] {processor.py:186} INFO - Started process (PID=687) to work on /home/airflow/.local/lib/python3.12/site-packages/airflow/example_dags/example_inlet_event_extra.py
[2025-09-25T05:17:20.437+0000] {processor.py:914} INFO - Processing file /home/airflow/.local/lib/python3.12/site-packages/airflow/example_dags/example_inlet_event_extra.py for tasks to queue
[2025-09-25T05:17:20.439+0000] {logging_mixin.py:190} INFO - [2025-09-25T05:17:20.438+0000] {dagbag.py:588} INFO - Filling up the DagBag from /home/airflow/.local/lib/python3.12/site-packages/airflow/example_dags/example_inlet_event_extra.py
[2025-09-25T05:17:20.887+0000] {processor.py:925} INFO - DAG(s) 'read_dataset_event', 'read_dataset_event_from_classic' retrieved from /home/airflow/.local/lib/python3.12/site-packages/airflow/example_dags/example_inlet_event_extra.py
[2025-09-25T05:17:20.904+0000] {logging_mixin.py:190} INFO - [2025-09-25T05:17:20.904+0000] {dag.py:3239} INFO - Sync 2 DAGs
[2025-09-25T05:17:20.922+0000] {logging_mixin.py:190} INFO - [2025-09-25T05:17:20.921+0000] {dag.py:4180} INFO - Setting next_dagrun for read_dataset_event to 2025-09-24 00:00:00+00:00, run_after=2025-09-25 00:00:00+00:00
[2025-09-25T05:17:20.926+0000] {logging_mixin.py:190} INFO - [2025-09-25T05:17:20.925+0000] {dag.py:4180} INFO - Setting next_dagrun for read_dataset_event_from_classic to 2025-09-24 00:00:00+00:00, run_after=2025-09-25 00:00:00+00:00
[2025-09-25T05:17:20.940+0000] {processor.py:208} INFO - Processing /home/airflow/.local/lib/python3.12/site-packages/airflow/example_dags/example_inlet_event_extra.py took 0.509 seconds
[2025-09-25T05:17:51.325+0000] {processor.py:186} INFO - Started process (PID=743) to work on /home/airflow/.local/lib/python3.12/site-packages/airflow/example_dags/example_inlet_event_extra.py
[2025-09-25T05:17:51.327+0000] {processor.py:914} INFO - Processing file /home/airflow/.local/lib/python3.12/site-packages/airflow/example_dags/example_inlet_event_extra.py for tasks to queue
[2025-09-25T05:17:51.330+0000] {logging_mixin.py:190} INFO - [2025-09-25T05:17:51.330+0000] {dagbag.py:588} INFO - Filling up the DagBag from /home/airflow/.local/lib/python3.12/site-packages/airflow/example_dags/example_inlet_event_extra.py
[2025-09-25T05:17:51.783+0000] {processor.py:925} INFO - DAG(s) 'read_dataset_event', 'read_dataset_event_from_classic' retrieved from /home/airflow/.local/lib/python3.12/site-packages/airflow/example_dags/example_inlet_event_extra.py
[2025-09-25T05:17:51.802+0000] {logging_mixin.py:190} INFO - [2025-09-25T05:17:51.802+0000] {dag.py:3239} INFO - Sync 2 DAGs
[2025-09-25T05:17:51.824+0000] {logging_mixin.py:190} INFO - [2025-09-25T05:17:51.824+0000] {dag.py:4180} INFO - Setting next_dagrun for read_dataset_event to 2025-09-24 00:00:00+00:00, run_after=2025-09-25 00:00:00+00:00
[2025-09-25T05:17:51.828+0000] {logging_mixin.py:190} INFO - [2025-09-25T05:17:51.828+0000] {dag.py:4180} INFO - Setting next_dagrun for read_dataset_event_from_classic to 2025-09-24 00:00:00+00:00, run_after=2025-09-25 00:00:00+00:00
[2025-09-25T05:17:51.843+0000] {processor.py:208} INFO - Processing /home/airflow/.local/lib/python3.12/site-packages/airflow/example_dags/example_inlet_event_extra.py took 0.523 seconds
[2025-09-25T05:18:22.659+0000] {processor.py:186} INFO - Started process (PID=803) to work on /home/airflow/.local/lib/python3.12/site-packages/airflow/example_dags/example_inlet_event_extra.py
[2025-09-25T05:18:22.661+0000] {processor.py:914} INFO - Processing file /home/airflow/.local/lib/python3.12/site-packages/airflow/example_dags/example_inlet_event_extra.py for tasks to queue
[2025-09-25T05:18:22.662+0000] {logging_mixin.py:190} INFO - [2025-09-25T05:18:22.662+0000] {dagbag.py:588} INFO - Filling up the DagBag from /home/airflow/.local/lib/python3.12/site-packages/airflow/example_dags/example_inlet_event_extra.py
[2025-09-25T05:18:23.173+0000] {processor.py:925} INFO - DAG(s) 'read_dataset_event_from_classic', 'read_dataset_event' retrieved from /home/airflow/.local/lib/python3.12/site-packages/airflow/example_dags/example_inlet_event_extra.py
[2025-09-25T05:18:23.188+0000] {logging_mixin.py:190} INFO - [2025-09-25T05:18:23.188+0000] {dag.py:3239} INFO - Sync 2 DAGs
[2025-09-25T05:18:23.217+0000] {logging_mixin.py:190} INFO - [2025-09-25T05:18:23.217+0000] {dag.py:4180} INFO - Setting next_dagrun for read_dataset_event to 2025-09-24 00:00:00+00:00, run_after=2025-09-25 00:00:00+00:00
[2025-09-25T05:18:23.221+0000] {logging_mixin.py:190} INFO - [2025-09-25T05:18:23.221+0000] {dag.py:4180} INFO - Setting next_dagrun for read_dataset_event_from_classic to 2025-09-24 00:00:00+00:00, run_after=2025-09-25 00:00:00+00:00
[2025-09-25T05:18:23.236+0000] {processor.py:208} INFO - Processing /home/airflow/.local/lib/python3.12/site-packages/airflow/example_dags/example_inlet_event_extra.py took 0.582 seconds
[2025-09-25T05:18:53.857+0000] {processor.py:186} INFO - Started process (PID=868) to work on /home/airflow/.local/lib/python3.12/site-packages/airflow/example_dags/example_inlet_event_extra.py
[2025-09-25T05:18:53.858+0000] {processor.py:914} INFO - Processing file /home/airflow/.local/lib/python3.12/site-packages/airflow/example_dags/example_inlet_event_extra.py for tasks to queue
[2025-09-25T05:18:53.860+0000] {logging_mixin.py:190} INFO - [2025-09-25T05:18:53.860+0000] {dagbag.py:588} INFO - Filling up the DagBag from /home/airflow/.local/lib/python3.12/site-packages/airflow/example_dags/example_inlet_event_extra.py
[2025-09-25T05:18:54.350+0000] {processor.py:925} INFO - DAG(s) 'read_dataset_event_from_classic', 'read_dataset_event' retrieved from /home/airflow/.local/lib/python3.12/site-packages/airflow/example_dags/example_inlet_event_extra.py
[2025-09-25T05:18:54.365+0000] {logging_mixin.py:190} INFO - [2025-09-25T05:18:54.365+0000] {dag.py:3239} INFO - Sync 2 DAGs
[2025-09-25T05:18:54.384+0000] {logging_mixin.py:190} INFO - [2025-09-25T05:18:54.384+0000] {dag.py:4180} INFO - Setting next_dagrun for read_dataset_event to 2025-09-24 00:00:00+00:00, run_after=2025-09-25 00:00:00+00:00
[2025-09-25T05:18:54.388+0000] {logging_mixin.py:190} INFO - [2025-09-25T05:18:54.388+0000] {dag.py:4180} INFO - Setting next_dagrun for read_dataset_event_from_classic to 2025-09-24 00:00:00+00:00, run_after=2025-09-25 00:00:00+00:00
[2025-09-25T05:18:54.402+0000] {processor.py:208} INFO - Processing /home/airflow/.local/lib/python3.12/site-packages/airflow/example_dags/example_inlet_event_extra.py took 0.550 seconds
[2025-09-25T05:19:25.173+0000] {processor.py:186} INFO - Started process (PID=939) to work on /home/airflow/.local/lib/python3.12/site-packages/airflow/example_dags/example_inlet_event_extra.py
[2025-09-25T05:19:25.174+0000] {processor.py:914} INFO - Processing file /home/airflow/.local/lib/python3.12/site-packages/airflow/example_dags/example_inlet_event_extra.py for tasks to queue
[2025-09-25T05:19:25.176+0000] {logging_mixin.py:190} INFO - [2025-09-25T05:19:25.176+0000] {dagbag.py:588} INFO - Filling up the DagBag from /home/airflow/.local/lib/python3.12/site-packages/airflow/example_dags/example_inlet_event_extra.py
[2025-09-25T05:19:25.634+0000] {processor.py:925} INFO - DAG(s) 'read_dataset_event_from_classic', 'read_dataset_event' retrieved from /home/airflow/.local/lib/python3.12/site-packages/airflow/example_dags/example_inlet_event_extra.py
[2025-09-25T05:19:25.650+0000] {logging_mixin.py:190} INFO - [2025-09-25T05:19:25.649+0000] {dag.py:3239} INFO - Sync 2 DAGs
[2025-09-25T05:19:25.670+0000] {logging_mixin.py:190} INFO - [2025-09-25T05:19:25.670+0000] {dag.py:4180} INFO - Setting next_dagrun for read_dataset_event to 2025-09-24 00:00:00+00:00, run_after=2025-09-25 00:00:00+00:00
[2025-09-25T05:19:25.674+0000] {logging_mixin.py:190} INFO - [2025-09-25T05:19:25.674+0000] {dag.py:4180} INFO - Setting next_dagrun for read_dataset_event_from_classic to 2025-09-24 00:00:00+00:00, run_after=2025-09-25 00:00:00+00:00
[2025-09-25T05:19:25.688+0000] {processor.py:208} INFO - Processing /home/airflow/.local/lib/python3.12/site-packages/airflow/example_dags/example_inlet_event_extra.py took 0.520 seconds
[2025-09-25T05:19:56.426+0000] {processor.py:186} INFO - Started process (PID=1005) to work on /home/airflow/.local/lib/python3.12/site-packages/airflow/example_dags/example_inlet_event_extra.py
[2025-09-25T05:19:56.427+0000] {processor.py:914} INFO - Processing file /home/airflow/.local/lib/python3.12/site-packages/airflow/example_dags/example_inlet_event_extra.py for tasks to queue
[2025-09-25T05:19:56.428+0000] {logging_mixin.py:190} INFO - [2025-09-25T05:19:56.428+0000] {dagbag.py:588} INFO - Filling up the DagBag from /home/airflow/.local/lib/python3.12/site-packages/airflow/example_dags/example_inlet_event_extra.py
[2025-09-25T05:19:56.936+0000] {processor.py:925} INFO - DAG(s) 'read_dataset_event', 'read_dataset_event_from_classic' retrieved from /home/airflow/.local/lib/python3.12/site-packages/airflow/example_dags/example_inlet_event_extra.py
[2025-09-25T05:19:56.960+0000] {logging_mixin.py:190} INFO - [2025-09-25T05:19:56.959+0000] {dag.py:3239} INFO - Sync 2 DAGs
[2025-09-25T05:19:56.979+0000] {logging_mixin.py:190} INFO - [2025-09-25T05:19:56.979+0000] {dag.py:4180} INFO - Setting next_dagrun for read_dataset_event to 2025-09-24 00:00:00+00:00, run_after=2025-09-25 00:00:00+00:00
[2025-09-25T05:19:56.983+0000] {logging_mixin.py:190} INFO - [2025-09-25T05:19:56.983+0000] {dag.py:4180} INFO - Setting next_dagrun for read_dataset_event_from_classic to 2025-09-24 00:00:00+00:00, run_after=2025-09-25 00:00:00+00:00
[2025-09-25T05:19:56.997+0000] {processor.py:208} INFO - Processing /home/airflow/.local/lib/python3.12/site-packages/airflow/example_dags/example_inlet_event_extra.py took 0.577 seconds
[2025-09-25T05:25:42.704+0000] {processor.py:186} INFO - Started process (PID=88) to work on /home/airflow/.local/lib/python3.12/site-packages/airflow/example_dags/example_inlet_event_extra.py
[2025-09-25T05:25:42.705+0000] {processor.py:914} INFO - Processing file /home/airflow/.local/lib/python3.12/site-packages/airflow/example_dags/example_inlet_event_extra.py for tasks to queue
[2025-09-25T05:25:42.707+0000] {logging_mixin.py:190} INFO - [2025-09-25T05:25:42.707+0000] {dagbag.py:588} INFO - Filling up the DagBag from /home/airflow/.local/lib/python3.12/site-packages/airflow/example_dags/example_inlet_event_extra.py
[2025-09-25T05:25:43.223+0000] {processor.py:925} INFO - DAG(s) 'read_dataset_event_from_classic', 'read_dataset_event' retrieved from /home/airflow/.local/lib/python3.12/site-packages/airflow/example_dags/example_inlet_event_extra.py
[2025-09-25T05:25:43.363+0000] {logging_mixin.py:190} INFO - [2025-09-25T05:25:43.363+0000] {dag.py:3239} INFO - Sync 2 DAGs
[2025-09-25T05:25:43.385+0000] {logging_mixin.py:190} INFO - [2025-09-25T05:25:43.384+0000] {dag.py:4180} INFO - Setting next_dagrun for read_dataset_event to 2025-09-24 00:00:00+00:00, run_after=2025-09-25 00:00:00+00:00
[2025-09-25T05:25:43.388+0000] {logging_mixin.py:190} INFO - [2025-09-25T05:25:43.388+0000] {dag.py:4180} INFO - Setting next_dagrun for read_dataset_event_from_classic to 2025-09-24 00:00:00+00:00, run_after=2025-09-25 00:00:00+00:00
[2025-09-25T05:25:43.404+0000] {processor.py:208} INFO - Processing /home/airflow/.local/lib/python3.12/site-packages/airflow/example_dags/example_inlet_event_extra.py took 0.712 seconds
[2025-09-25T05:26:13.822+0000] {processor.py:186} INFO - Started process (PID=153) to work on /home/airflow/.local/lib/python3.12/site-packages/airflow/example_dags/example_inlet_event_extra.py
[2025-09-25T05:26:13.826+0000] {processor.py:914} INFO - Processing file /home/airflow/.local/lib/python3.12/site-packages/airflow/example_dags/example_inlet_event_extra.py for tasks to queue
[2025-09-25T05:26:13.829+0000] {logging_mixin.py:190} INFO - [2025-09-25T05:26:13.828+0000] {dagbag.py:588} INFO - Filling up the DagBag from /home/airflow/.local/lib/python3.12/site-packages/airflow/example_dags/example_inlet_event_extra.py
[2025-09-25T05:26:14.275+0000] {processor.py:925} INFO - DAG(s) 'read_dataset_event', 'read_dataset_event_from_classic' retrieved from /home/airflow/.local/lib/python3.12/site-packages/airflow/example_dags/example_inlet_event_extra.py
[2025-09-25T05:26:14.292+0000] {logging_mixin.py:190} INFO - [2025-09-25T05:26:14.292+0000] {dag.py:3239} INFO - Sync 2 DAGs
[2025-09-25T05:26:14.310+0000] {logging_mixin.py:190} INFO - [2025-09-25T05:26:14.310+0000] {dag.py:4180} INFO - Setting next_dagrun for read_dataset_event to 2025-09-24 00:00:00+00:00, run_after=2025-09-25 00:00:00+00:00
[2025-09-25T05:26:14.315+0000] {logging_mixin.py:190} INFO - [2025-09-25T05:26:14.315+0000] {dag.py:4180} INFO - Setting next_dagrun for read_dataset_event_from_classic to 2025-09-24 00:00:00+00:00, run_after=2025-09-25 00:00:00+00:00
[2025-09-25T05:26:14.328+0000] {processor.py:208} INFO - Processing /home/airflow/.local/lib/python3.12/site-packages/airflow/example_dags/example_inlet_event_extra.py took 0.512 seconds
[2025-09-25T05:26:44.390+0000] {processor.py:186} INFO - Started process (PID=223) to work on /home/airflow/.local/lib/python3.12/site-packages/airflow/example_dags/example_inlet_event_extra.py
[2025-09-25T05:26:44.391+0000] {processor.py:914} INFO - Processing file /home/airflow/.local/lib/python3.12/site-packages/airflow/example_dags/example_inlet_event_extra.py for tasks to queue
[2025-09-25T05:26:44.394+0000] {logging_mixin.py:190} INFO - [2025-09-25T05:26:44.393+0000] {dagbag.py:588} INFO - Filling up the DagBag from /home/airflow/.local/lib/python3.12/site-packages/airflow/example_dags/example_inlet_event_extra.py
[2025-09-25T05:26:44.857+0000] {processor.py:925} INFO - DAG(s) 'read_dataset_event', 'read_dataset_event_from_classic' retrieved from /home/airflow/.local/lib/python3.12/site-packages/airflow/example_dags/example_inlet_event_extra.py
[2025-09-25T05:26:44.875+0000] {logging_mixin.py:190} INFO - [2025-09-25T05:26:44.875+0000] {dag.py:3239} INFO - Sync 2 DAGs
[2025-09-25T05:26:44.896+0000] {logging_mixin.py:190} INFO - [2025-09-25T05:26:44.896+0000] {dag.py:4180} INFO - Setting next_dagrun for read_dataset_event to 2025-09-24 00:00:00+00:00, run_after=2025-09-25 00:00:00+00:00
[2025-09-25T05:26:44.900+0000] {logging_mixin.py:190} INFO - [2025-09-25T05:26:44.900+0000] {dag.py:4180} INFO - Setting next_dagrun for read_dataset_event_from_classic to 2025-09-24 00:00:00+00:00, run_after=2025-09-25 00:00:00+00:00
[2025-09-25T05:26:44.913+0000] {processor.py:208} INFO - Processing /home/airflow/.local/lib/python3.12/site-packages/airflow/example_dags/example_inlet_event_extra.py took 0.528 seconds
[2025-09-25T05:27:15.279+0000] {processor.py:186} INFO - Started process (PID=292) to work on /home/airflow/.local/lib/python3.12/site-packages/airflow/example_dags/example_inlet_event_extra.py
[2025-09-25T05:27:15.280+0000] {processor.py:914} INFO - Processing file /home/airflow/.local/lib/python3.12/site-packages/airflow/example_dags/example_inlet_event_extra.py for tasks to queue
[2025-09-25T05:27:15.282+0000] {logging_mixin.py:190} INFO - [2025-09-25T05:27:15.281+0000] {dagbag.py:588} INFO - Filling up the DagBag from /home/airflow/.local/lib/python3.12/site-packages/airflow/example_dags/example_inlet_event_extra.py
[2025-09-25T05:27:15.718+0000] {processor.py:925} INFO - DAG(s) 'read_dataset_event_from_classic', 'read_dataset_event' retrieved from /home/airflow/.local/lib/python3.12/site-packages/airflow/example_dags/example_inlet_event_extra.py
[2025-09-25T05:27:15.734+0000] {logging_mixin.py:190} INFO - [2025-09-25T05:27:15.734+0000] {dag.py:3239} INFO - Sync 2 DAGs
[2025-09-25T05:27:15.752+0000] {logging_mixin.py:190} INFO - [2025-09-25T05:27:15.752+0000] {dag.py:4180} INFO - Setting next_dagrun for read_dataset_event to 2025-09-24 00:00:00+00:00, run_after=2025-09-25 00:00:00+00:00
[2025-09-25T05:27:15.756+0000] {logging_mixin.py:190} INFO - [2025-09-25T05:27:15.755+0000] {dag.py:4180} INFO - Setting next_dagrun for read_dataset_event_from_classic to 2025-09-24 00:00:00+00:00, run_after=2025-09-25 00:00:00+00:00
[2025-09-25T05:27:15.769+0000] {processor.py:208} INFO - Processing /home/airflow/.local/lib/python3.12/site-packages/airflow/example_dags/example_inlet_event_extra.py took 0.496 seconds
[2025-09-25T05:27:46.357+0000] {processor.py:186} INFO - Started process (PID=361) to work on /home/airflow/.local/lib/python3.12/site-packages/airflow/example_dags/example_inlet_event_extra.py
[2025-09-25T05:27:46.358+0000] {processor.py:914} INFO - Processing file /home/airflow/.local/lib/python3.12/site-packages/airflow/example_dags/example_inlet_event_extra.py for tasks to queue
[2025-09-25T05:27:46.361+0000] {logging_mixin.py:190} INFO - [2025-09-25T05:27:46.361+0000] {dagbag.py:588} INFO - Filling up the DagBag from /home/airflow/.local/lib/python3.12/site-packages/airflow/example_dags/example_inlet_event_extra.py
[2025-09-25T05:27:46.818+0000] {processor.py:925} INFO - DAG(s) 'read_dataset_event_from_classic', 'read_dataset_event' retrieved from /home/airflow/.local/lib/python3.12/site-packages/airflow/example_dags/example_inlet_event_extra.py
[2025-09-25T05:27:46.834+0000] {logging_mixin.py:190} INFO - [2025-09-25T05:27:46.833+0000] {dag.py:3239} INFO - Sync 2 DAGs
[2025-09-25T05:27:46.855+0000] {logging_mixin.py:190} INFO - [2025-09-25T05:27:46.854+0000] {dag.py:4180} INFO - Setting next_dagrun for read_dataset_event to 2025-09-24 00:00:00+00:00, run_after=2025-09-25 00:00:00+00:00
[2025-09-25T05:27:46.858+0000] {logging_mixin.py:190} INFO - [2025-09-25T05:27:46.858+0000] {dag.py:4180} INFO - Setting next_dagrun for read_dataset_event_from_classic to 2025-09-24 00:00:00+00:00, run_after=2025-09-25 00:00:00+00:00
[2025-09-25T05:27:46.870+0000] {processor.py:208} INFO - Processing /home/airflow/.local/lib/python3.12/site-packages/airflow/example_dags/example_inlet_event_extra.py took 0.520 seconds
[2025-09-25T05:28:57.153+0000] {processor.py:186} INFO - Started process (PID=89) to work on /home/airflow/.local/lib/python3.12/site-packages/airflow/example_dags/example_inlet_event_extra.py
[2025-09-25T05:28:57.155+0000] {processor.py:914} INFO - Processing file /home/airflow/.local/lib/python3.12/site-packages/airflow/example_dags/example_inlet_event_extra.py for tasks to queue
[2025-09-25T05:28:57.157+0000] {logging_mixin.py:190} INFO - [2025-09-25T05:28:57.156+0000] {dagbag.py:588} INFO - Filling up the DagBag from /home/airflow/.local/lib/python3.12/site-packages/airflow/example_dags/example_inlet_event_extra.py
[2025-09-25T05:28:57.621+0000] {processor.py:925} INFO - DAG(s) 'read_dataset_event', 'read_dataset_event_from_classic' retrieved from /home/airflow/.local/lib/python3.12/site-packages/airflow/example_dags/example_inlet_event_extra.py
[2025-09-25T05:28:57.639+0000] {logging_mixin.py:190} INFO - [2025-09-25T05:28:57.639+0000] {dag.py:3239} INFO - Sync 2 DAGs
[2025-09-25T05:28:57.663+0000] {logging_mixin.py:190} INFO - [2025-09-25T05:28:57.663+0000] {dag.py:4180} INFO - Setting next_dagrun for read_dataset_event to 2025-09-24 00:00:00+00:00, run_after=2025-09-25 00:00:00+00:00
[2025-09-25T05:28:57.667+0000] {logging_mixin.py:190} INFO - [2025-09-25T05:28:57.667+0000] {dag.py:4180} INFO - Setting next_dagrun for read_dataset_event_from_classic to 2025-09-24 00:00:00+00:00, run_after=2025-09-25 00:00:00+00:00
[2025-09-25T05:28:57.681+0000] {processor.py:208} INFO - Processing /home/airflow/.local/lib/python3.12/site-packages/airflow/example_dags/example_inlet_event_extra.py took 0.534 seconds
[2025-09-25T05:29:27.963+0000] {processor.py:186} INFO - Started process (PID=155) to work on /home/airflow/.local/lib/python3.12/site-packages/airflow/example_dags/example_inlet_event_extra.py
[2025-09-25T05:29:27.964+0000] {processor.py:914} INFO - Processing file /home/airflow/.local/lib/python3.12/site-packages/airflow/example_dags/example_inlet_event_extra.py for tasks to queue
[2025-09-25T05:29:27.966+0000] {logging_mixin.py:190} INFO - [2025-09-25T05:29:27.966+0000] {dagbag.py:588} INFO - Filling up the DagBag from /home/airflow/.local/lib/python3.12/site-packages/airflow/example_dags/example_inlet_event_extra.py
[2025-09-25T05:29:27.965+0000] {processor.py:925} INFO - DAG(s) 'read_dataset_event', 'read_dataset_event_from_classic' retrieved from /home/airflow/.local/lib/python3.12/site-packages/airflow/example_dags/example_inlet_event_extra.py
[2025-09-25T05:29:27.979+0000] {logging_mixin.py:190} INFO - [2025-09-25T05:29:27.978+0000] {dag.py:3239} INFO - Sync 2 DAGs
[2025-09-25T05:29:27.995+0000] {logging_mixin.py:190} INFO - [2025-09-25T05:29:27.994+0000] {dag.py:4180} INFO - Setting next_dagrun for read_dataset_event to 2025-09-24 00:00:00+00:00, run_after=2025-09-25 00:00:00+00:00
[2025-09-25T05:29:27.998+0000] {logging_mixin.py:190} INFO - [2025-09-25T05:29:27.998+0000] {dag.py:4180} INFO - Setting next_dagrun for read_dataset_event_from_classic to 2025-09-24 00:00:00+00:00, run_after=2025-09-25 00:00:00+00:00
[2025-09-25T05:29:28.009+0000] {processor.py:208} INFO - Processing /home/airflow/.local/lib/python3.12/site-packages/airflow/example_dags/example_inlet_event_extra.py took 0.435 seconds
[2025-09-25T05:29:58.896+0000] {processor.py:186} INFO - Started process (PID=222) to work on /home/airflow/.local/lib/python3.12/site-packages/airflow/example_dags/example_inlet_event_extra.py
[2025-09-25T05:29:58.897+0000] {processor.py:914} INFO - Processing file /home/airflow/.local/lib/python3.12/site-packages/airflow/example_dags/example_inlet_event_extra.py for tasks to queue
[2025-09-25T05:29:58.898+0000] {logging_mixin.py:190} INFO - [2025-09-25T05:29:58.898+0000] {dagbag.py:588} INFO - Filling up the DagBag from /home/airflow/.local/lib/python3.12/site-packages/airflow/example_dags/example_inlet_event_extra.py
[2025-09-25T05:29:59.323+0000] {processor.py:925} INFO - DAG(s) 'read_dataset_event', 'read_dataset_event_from_classic' retrieved from /home/airflow/.local/lib/python3.12/site-packages/airflow/example_dags/example_inlet_event_extra.py
[2025-09-25T05:29:59.338+0000] {logging_mixin.py:190} INFO - [2025-09-25T05:29:59.338+0000] {dag.py:3239} INFO - Sync 2 DAGs
[2025-09-25T05:29:59.356+0000] {logging_mixin.py:190} INFO - [2025-09-25T05:29:59.356+0000] {dag.py:4180} INFO - Setting next_dagrun for read_dataset_event to 2025-09-24 00:00:00+00:00, run_after=2025-09-25 00:00:00+00:00
[2025-09-25T05:29:59.360+0000] {logging_mixin.py:190} INFO - [2025-09-25T05:29:59.359+0000] {dag.py:4180} INFO - Setting next_dagrun for read_dataset_event_from_classic to 2025-09-24 00:00:00+00:00, run_after=2025-09-25 00:00:00+00:00
[2025-09-25T05:29:59.371+0000] {processor.py:208} INFO - Processing /home/airflow/.local/lib/python3.12/site-packages/airflow/example_dags/example_inlet_event_extra.py took 0.480 seconds
[2025-09-25T05:30:30.574+0000] {processor.py:186} INFO - Started process (PID=288) to work on /home/airflow/.local/lib/python3.12/site-packages/airflow/example_dags/example_inlet_event_extra.py
[2025-09-25T05:30:30.575+0000] {processor.py:914} INFO - Processing file /home/airflow/.local/lib/python3.12/site-packages/airflow/example_dags/example_inlet_event_extra.py for tasks to queue
[2025-09-25T05:30:30.577+0000] {logging_mixin.py:190} INFO - [2025-09-25T05:30:30.577+0000] {dagbag.py:588} INFO - Filling up the DagBag from /home/airflow/.local/lib/python3.12/site-packages/airflow/example_dags/example_inlet_event_extra.py
[2025-09-25T05:30:31.019+0000] {processor.py:925} INFO - DAG(s) 'read_dataset_event', 'read_dataset_event_from_classic' retrieved from /home/airflow/.local/lib/python3.12/site-packages/airflow/example_dags/example_inlet_event_extra.py
[2025-09-25T05:30:31.035+0000] {logging_mixin.py:190} INFO - [2025-09-25T05:30:31.035+0000] {dag.py:3239} INFO - Sync 2 DAGs
[2025-09-25T05:30:31.051+0000] {logging_mixin.py:190} INFO - [2025-09-25T05:30:31.051+0000] {dag.py:4180} INFO - Setting next_dagrun for read_dataset_event to 2025-09-24 00:00:00+00:00, run_after=2025-09-25 00:00:00+00:00
[2025-09-25T05:30:31.054+0000] {logging_mixin.py:190} INFO - [2025-09-25T05:30:31.054+0000] {dag.py:4180} INFO - Setting next_dagrun for read_dataset_event_from_classic to 2025-09-24 00:00:00+00:00, run_after=2025-09-25 00:00:00+00:00
[2025-09-25T05:30:31.065+0000] {processor.py:208} INFO - Processing /home/airflow/.local/lib/python3.12/site-packages/airflow/example_dags/example_inlet_event_extra.py took 0.496 seconds
[2025-09-25T05:31:01.646+0000] {processor.py:186} INFO - Started process (PID=356) to work on /home/airflow/.local/lib/python3.12/site-packages/airflow/example_dags/example_inlet_event_extra.py
[2025-09-25T05:31:01.647+0000] {processor.py:914} INFO - Processing file /home/airflow/.local/lib/python3.12/site-packages/airflow/example_dags/example_inlet_event_extra.py for tasks to queue
[2025-09-25T05:31:01.650+0000] {logging_mixin.py:190} INFO - [2025-09-25T05:31:01.649+0000] {dagbag.py:588} INFO - Filling up the DagBag from /home/airflow/.local/lib/python3.12/site-packages/airflow/example_dags/example_inlet_event_extra.py
[2025-09-25T05:31:02.093+0000] {processor.py:925} INFO - DAG(s) 'read_dataset_event', 'read_dataset_event_from_classic' retrieved from /home/airflow/.local/lib/python3.12/site-packages/airflow/example_dags/example_inlet_event_extra.py
[2025-09-25T05:31:02.109+0000] {logging_mixin.py:190} INFO - [2025-09-25T05:31:02.108+0000] {dag.py:3239} INFO - Sync 2 DAGs
[2025-09-25T05:31:02.129+0000] {logging_mixin.py:190} INFO - [2025-09-25T05:31:02.129+0000] {dag.py:4180} INFO - Setting next_dagrun for read_dataset_event to 2025-09-24 00:00:00+00:00, run_after=2025-09-25 00:00:00+00:00
[2025-09-25T05:31:02.132+0000] {logging_mixin.py:190} INFO - [2025-09-25T05:31:02.132+0000] {dag.py:4180} INFO - Setting next_dagrun for read_dataset_event_from_classic to 2025-09-24 00:00:00+00:00, run_after=2025-09-25 00:00:00+00:00
[2025-09-25T05:31:02.144+0000] {processor.py:208} INFO - Processing /home/airflow/.local/lib/python3.12/site-packages/airflow/example_dags/example_inlet_event_extra.py took 0.505 seconds
[2025-09-25T05:31:32.436+0000] {processor.py:186} INFO - Started process (PID=419) to work on /home/airflow/.local/lib/python3.12/site-packages/airflow/example_dags/example_inlet_event_extra.py
[2025-09-25T05:31:32.437+0000] {processor.py:914} INFO - Processing file /home/airflow/.local/lib/python3.12/site-packages/airflow/example_dags/example_inlet_event_extra.py for tasks to queue
[2025-09-25T05:31:32.440+0000] {logging_mixin.py:190} INFO - [2025-09-25T05:31:32.440+0000] {dagbag.py:588} INFO - Filling up the DagBag from /home/airflow/.local/lib/python3.12/site-packages/airflow/example_dags/example_inlet_event_extra.py
[2025-09-25T05:31:32.925+0000] {processor.py:925} INFO - DAG(s) 'read_dataset_event', 'read_dataset_event_from_classic' retrieved from /home/airflow/.local/lib/python3.12/site-packages/airflow/example_dags/example_inlet_event_extra.py
[2025-09-25T05:31:32.944+0000] {logging_mixin.py:190} INFO - [2025-09-25T05:31:32.944+0000] {dag.py:3239} INFO - Sync 2 DAGs
[2025-09-25T05:31:32.965+0000] {logging_mixin.py:190} INFO - [2025-09-25T05:31:32.965+0000] {dag.py:4180} INFO - Setting next_dagrun for read_dataset_event to 2025-09-24 00:00:00+00:00, run_after=2025-09-25 00:00:00+00:00
[2025-09-25T05:31:32.970+0000] {logging_mixin.py:190} INFO - [2025-09-25T05:31:32.969+0000] {dag.py:4180} INFO - Setting next_dagrun for read_dataset_event_from_classic to 2025-09-24 00:00:00+00:00, run_after=2025-09-25 00:00:00+00:00
[2025-09-25T05:31:32.987+0000] {processor.py:208} INFO - Processing /home/airflow/.local/lib/python3.12/site-packages/airflow/example_dags/example_inlet_event_extra.py took 0.557 seconds
[2025-09-25T05:32:03.357+0000] {processor.py:186} INFO - Started process (PID=479) to work on /home/airflow/.local/lib/python3.12/site-packages/airflow/example_dags/example_inlet_event_extra.py
[2025-09-25T05:32:03.358+0000] {processor.py:914} INFO - Processing file /home/airflow/.local/lib/python3.12/site-packages/airflow/example_dags/example_inlet_event_extra.py for tasks to queue
[2025-09-25T05:32:03.360+0000] {logging_mixin.py:190} INFO - [2025-09-25T05:32:03.360+0000] {dagbag.py:588} INFO - Filling up the DagBag from /home/airflow/.local/lib/python3.12/site-packages/airflow/example_dags/example_inlet_event_extra.py
[2025-09-25T05:32:03.857+0000] {processor.py:925} INFO - DAG(s) 'read_dataset_event', 'read_dataset_event_from_classic' retrieved from /home/airflow/.local/lib/python3.12/site-packages/airflow/example_dags/example_inlet_event_extra.py
[2025-09-25T05:32:03.872+0000] {logging_mixin.py:190} INFO - [2025-09-25T05:32:03.872+0000] {dag.py:3239} INFO - Sync 2 DAGs
[2025-09-25T05:32:03.890+0000] {logging_mixin.py:190} INFO - [2025-09-25T05:32:03.890+0000] {dag.py:4180} INFO - Setting next_dagrun for read_dataset_event to 2025-09-24 00:00:00+00:00, run_after=2025-09-25 00:00:00+00:00
[2025-09-25T05:32:03.895+0000] {logging_mixin.py:190} INFO - [2025-09-25T05:32:03.894+0000] {dag.py:4180} INFO - Setting next_dagrun for read_dataset_event_from_classic to 2025-09-24 00:00:00+00:00, run_after=2025-09-25 00:00:00+00:00
[2025-09-25T05:32:03.907+0000] {processor.py:208} INFO - Processing /home/airflow/.local/lib/python3.12/site-packages/airflow/example_dags/example_inlet_event_extra.py took 0.556 seconds
[2025-09-25T05:32:35.448+0000] {processor.py:186} INFO - Started process (PID=547) to work on /home/airflow/.local/lib/python3.12/site-packages/airflow/example_dags/example_inlet_event_extra.py
[2025-09-25T05:32:35.449+0000] {processor.py:914} INFO - Processing file /home/airflow/.local/lib/python3.12/site-packages/airflow/example_dags/example_inlet_event_extra.py for tasks to queue
[2025-09-25T05:32:35.451+0000] {logging_mixin.py:190} INFO - [2025-09-25T05:32:35.450+0000] {dagbag.py:588} INFO - Filling up the DagBag from /home/airflow/.local/lib/python3.12/site-packages/airflow/example_dags/example_inlet_event_extra.py
[2025-09-25T05:32:35.958+0000] {processor.py:925} INFO - DAG(s) 'read_dataset_event_from_classic', 'read_dataset_event' retrieved from /home/airflow/.local/lib/python3.12/site-packages/airflow/example_dags/example_inlet_event_extra.py
[2025-09-25T05:32:35.973+0000] {logging_mixin.py:190} INFO - [2025-09-25T05:32:35.973+0000] {dag.py:3239} INFO - Sync 2 DAGs
[2025-09-25T05:32:35.993+0000] {logging_mixin.py:190} INFO - [2025-09-25T05:32:35.993+0000] {dag.py:4180} INFO - Setting next_dagrun for read_dataset_event to 2025-09-24 00:00:00+00:00, run_after=2025-09-25 00:00:00+00:00
[2025-09-25T05:32:35.997+0000] {logging_mixin.py:190} INFO - [2025-09-25T05:32:35.997+0000] {dag.py:4180} INFO - Setting next_dagrun for read_dataset_event_from_classic to 2025-09-24 00:00:00+00:00, run_after=2025-09-25 00:00:00+00:00
[2025-09-25T05:32:36.011+0000] {processor.py:208} INFO - Processing /home/airflow/.local/lib/python3.12/site-packages/airflow/example_dags/example_inlet_event_extra.py took 0.569 seconds
[2025-09-25T05:33:06.040+0000] {processor.py:186} INFO - Started process (PID=616) to work on /home/airflow/.local/lib/python3.12/site-packages/airflow/example_dags/example_inlet_event_extra.py
[2025-09-25T05:33:06.041+0000] {processor.py:914} INFO - Processing file /home/airflow/.local/lib/python3.12/site-packages/airflow/example_dags/example_inlet_event_extra.py for tasks to queue
[2025-09-25T05:33:06.043+0000] {logging_mixin.py:190} INFO - [2025-09-25T05:33:06.043+0000] {dagbag.py:588} INFO - Filling up the DagBag from /home/airflow/.local/lib/python3.12/site-packages/airflow/example_dags/example_inlet_event_extra.py
[2025-09-25T05:33:06.492+0000] {processor.py:925} INFO - DAG(s) 'read_dataset_event_from_classic', 'read_dataset_event' retrieved from /home/airflow/.local/lib/python3.12/site-packages/airflow/example_dags/example_inlet_event_extra.py
[2025-09-25T05:33:06.509+0000] {logging_mixin.py:190} INFO - [2025-09-25T05:33:06.509+0000] {dag.py:3239} INFO - Sync 2 DAGs
[2025-09-25T05:33:06.528+0000] {logging_mixin.py:190} INFO - [2025-09-25T05:33:06.528+0000] {dag.py:4180} INFO - Setting next_dagrun for read_dataset_event to 2025-09-24 00:00:00+00:00, run_after=2025-09-25 00:00:00+00:00
[2025-09-25T05:33:06.532+0000] {logging_mixin.py:190} INFO - [2025-09-25T05:33:06.531+0000] {dag.py:4180} INFO - Setting next_dagrun for read_dataset_event_from_classic to 2025-09-24 00:00:00+00:00, run_after=2025-09-25 00:00:00+00:00
[2025-09-25T05:33:06.547+0000] {processor.py:208} INFO - Processing /home/airflow/.local/lib/python3.12/site-packages/airflow/example_dags/example_inlet_event_extra.py took 0.512 seconds
[2025-09-25T05:33:37.265+0000] {processor.py:186} INFO - Started process (PID=686) to work on /home/airflow/.local/lib/python3.12/site-packages/airflow/example_dags/example_inlet_event_extra.py
[2025-09-25T05:33:37.266+0000] {processor.py:914} INFO - Processing file /home/airflow/.local/lib/python3.12/site-packages/airflow/example_dags/example_inlet_event_extra.py for tasks to queue
[2025-09-25T05:33:37.268+0000] {logging_mixin.py:190} INFO - [2025-09-25T05:33:37.268+0000] {dagbag.py:588} INFO - Filling up the DagBag from /home/airflow/.local/lib/python3.12/site-packages/airflow/example_dags/example_inlet_event_extra.py
[2025-09-25T05:33:37.704+0000] {processor.py:925} INFO - DAG(s) 'read_dataset_event', 'read_dataset_event_from_classic' retrieved from /home/airflow/.local/lib/python3.12/site-packages/airflow/example_dags/example_inlet_event_extra.py
[2025-09-25T05:33:37.720+0000] {logging_mixin.py:190} INFO - [2025-09-25T05:33:37.720+0000] {dag.py:3239} INFO - Sync 2 DAGs
[2025-09-25T05:33:37.737+0000] {logging_mixin.py:190} INFO - [2025-09-25T05:33:37.737+0000] {dag.py:4180} INFO - Setting next_dagrun for read_dataset_event to 2025-09-24 00:00:00+00:00, run_after=2025-09-25 00:00:00+00:00
[2025-09-25T05:33:37.741+0000] {logging_mixin.py:190} INFO - [2025-09-25T05:33:37.740+0000] {dag.py:4180} INFO - Setting next_dagrun for read_dataset_event_from_classic to 2025-09-24 00:00:00+00:00, run_after=2025-09-25 00:00:00+00:00
[2025-09-25T05:33:37.754+0000] {processor.py:208} INFO - Processing /home/airflow/.local/lib/python3.12/site-packages/airflow/example_dags/example_inlet_event_extra.py took 0.495 seconds
[2025-09-25T05:34:08.688+0000] {processor.py:186} INFO - Started process (PID=754) to work on /home/airflow/.local/lib/python3.12/site-packages/airflow/example_dags/example_inlet_event_extra.py
[2025-09-25T05:34:08.689+0000] {processor.py:914} INFO - Processing file /home/airflow/.local/lib/python3.12/site-packages/airflow/example_dags/example_inlet_event_extra.py for tasks to queue
[2025-09-25T05:34:08.691+0000] {logging_mixin.py:190} INFO - [2025-09-25T05:34:08.691+0000] {dagbag.py:588} INFO - Filling up the DagBag from /home/airflow/.local/lib/python3.12/site-packages/airflow/example_dags/example_inlet_event_extra.py
[2025-09-25T05:34:09.149+0000] {processor.py:925} INFO - DAG(s) 'read_dataset_event', 'read_dataset_event_from_classic' retrieved from /home/airflow/.local/lib/python3.12/site-packages/airflow/example_dags/example_inlet_event_extra.py
[2025-09-25T05:34:09.164+0000] {logging_mixin.py:190} INFO - [2025-09-25T05:34:09.164+0000] {dag.py:3239} INFO - Sync 2 DAGs
[2025-09-25T05:34:09.184+0000] {logging_mixin.py:190} INFO - [2025-09-25T05:34:09.184+0000] {dag.py:4180} INFO - Setting next_dagrun for read_dataset_event to 2025-09-24 00:00:00+00:00, run_after=2025-09-25 00:00:00+00:00
[2025-09-25T05:34:09.190+0000] {logging_mixin.py:190} INFO - [2025-09-25T05:34:09.190+0000] {dag.py:4180} INFO - Setting next_dagrun for read_dataset_event_from_classic to 2025-09-24 00:00:00+00:00, run_after=2025-09-25 00:00:00+00:00
[2025-09-25T05:34:09.218+0000] {processor.py:208} INFO - Processing /home/airflow/.local/lib/python3.12/site-packages/airflow/example_dags/example_inlet_event_extra.py took 0.536 seconds
[2025-09-25T05:34:40.070+0000] {processor.py:186} INFO - Started process (PID=819) to work on /home/airflow/.local/lib/python3.12/site-packages/airflow/example_dags/example_inlet_event_extra.py
[2025-09-25T05:34:40.071+0000] {processor.py:914} INFO - Processing file /home/airflow/.local/lib/python3.12/site-packages/airflow/example_dags/example_inlet_event_extra.py for tasks to queue
[2025-09-25T05:34:40.074+0000] {logging_mixin.py:190} INFO - [2025-09-25T05:34:40.073+0000] {dagbag.py:588} INFO - Filling up the DagBag from /home/airflow/.local/lib/python3.12/site-packages/airflow/example_dags/example_inlet_event_extra.py
[2025-09-25T05:34:40.547+0000] {processor.py:925} INFO - DAG(s) 'read_dataset_event', 'read_dataset_event_from_classic' retrieved from /home/airflow/.local/lib/python3.12/site-packages/airflow/example_dags/example_inlet_event_extra.py
[2025-09-25T05:34:40.564+0000] {logging_mixin.py:190} INFO - [2025-09-25T05:34:40.564+0000] {dag.py:3239} INFO - Sync 2 DAGs
[2025-09-25T05:34:40.583+0000] {logging_mixin.py:190} INFO - [2025-09-25T05:34:40.583+0000] {dag.py:4180} INFO - Setting next_dagrun for read_dataset_event to 2025-09-24 00:00:00+00:00, run_after=2025-09-25 00:00:00+00:00
[2025-09-25T05:34:40.587+0000] {logging_mixin.py:190} INFO - [2025-09-25T05:34:40.586+0000] {dag.py:4180} INFO - Setting next_dagrun for read_dataset_event_from_classic to 2025-09-24 00:00:00+00:00, run_after=2025-09-25 00:00:00+00:00
[2025-09-25T05:34:40.599+0000] {processor.py:208} INFO - Processing /home/airflow/.local/lib/python3.12/site-packages/airflow/example_dags/example_inlet_event_extra.py took 0.535 seconds
[2025-09-25T05:35:11.099+0000] {processor.py:186} INFO - Started process (PID=884) to work on /home/airflow/.local/lib/python3.12/site-packages/airflow/example_dags/example_inlet_event_extra.py
[2025-09-25T05:35:11.101+0000] {processor.py:914} INFO - Processing file /home/airflow/.local/lib/python3.12/site-packages/airflow/example_dags/example_inlet_event_extra.py for tasks to queue
[2025-09-25T05:35:11.105+0000] {logging_mixin.py:190} INFO - [2025-09-25T05:35:11.105+0000] {dagbag.py:588} INFO - Filling up the DagBag from /home/airflow/.local/lib/python3.12/site-packages/airflow/example_dags/example_inlet_event_extra.py
[2025-09-25T05:35:11.579+0000] {processor.py:925} INFO - DAG(s) 'read_dataset_event', 'read_dataset_event_from_classic' retrieved from /home/airflow/.local/lib/python3.12/site-packages/airflow/example_dags/example_inlet_event_extra.py
[2025-09-25T05:35:11.597+0000] {logging_mixin.py:190} INFO - [2025-09-25T05:35:11.597+0000] {dag.py:3239} INFO - Sync 2 DAGs
[2025-09-25T05:35:11.614+0000] {logging_mixin.py:190} INFO - [2025-09-25T05:35:11.614+0000] {dag.py:4180} INFO - Setting next_dagrun for read_dataset_event to 2025-09-24 00:00:00+00:00, run_after=2025-09-25 00:00:00+00:00
[2025-09-25T05:35:11.618+0000] {logging_mixin.py:190} INFO - [2025-09-25T05:35:11.618+0000] {dag.py:4180} INFO - Setting next_dagrun for read_dataset_event_from_classic to 2025-09-24 00:00:00+00:00, run_after=2025-09-25 00:00:00+00:00
[2025-09-25T05:35:11.632+0000] {processor.py:208} INFO - Processing /home/airflow/.local/lib/python3.12/site-packages/airflow/example_dags/example_inlet_event_extra.py took 0.540 seconds
[2025-09-25T05:35:42.034+0000] {processor.py:186} INFO - Started process (PID=939) to work on /home/airflow/.local/lib/python3.12/site-packages/airflow/example_dags/example_inlet_event_extra.py
[2025-09-25T05:35:42.035+0000] {processor.py:914} INFO - Processing file /home/airflow/.local/lib/python3.12/site-packages/airflow/example_dags/example_inlet_event_extra.py for tasks to queue
[2025-09-25T05:35:42.038+0000] {logging_mixin.py:190} INFO - [2025-09-25T05:35:42.038+0000] {dagbag.py:588} INFO - Filling up the DagBag from /home/airflow/.local/lib/python3.12/site-packages/airflow/example_dags/example_inlet_event_extra.py
[2025-09-25T05:35:42.486+0000] {processor.py:925} INFO - DAG(s) 'read_dataset_event', 'read_dataset_event_from_classic' retrieved from /home/airflow/.local/lib/python3.12/site-packages/airflow/example_dags/example_inlet_event_extra.py
[2025-09-25T05:35:42.501+0000] {logging_mixin.py:190} INFO - [2025-09-25T05:35:42.501+0000] {dag.py:3239} INFO - Sync 2 DAGs
[2025-09-25T05:35:42.520+0000] {logging_mixin.py:190} INFO - [2025-09-25T05:35:42.520+0000] {dag.py:4180} INFO - Setting next_dagrun for read_dataset_event to 2025-09-24 00:00:00+00:00, run_after=2025-09-25 00:00:00+00:00
[2025-09-25T05:35:42.525+0000] {logging_mixin.py:190} INFO - [2025-09-25T05:35:42.525+0000] {dag.py:4180} INFO - Setting next_dagrun for read_dataset_event_from_classic to 2025-09-24 00:00:00+00:00, run_after=2025-09-25 00:00:00+00:00
[2025-09-25T05:35:42.538+0000] {processor.py:208} INFO - Processing /home/airflow/.local/lib/python3.12/site-packages/airflow/example_dags/example_inlet_event_extra.py took 0.512 seconds
[2025-09-25T05:36:13.424+0000] {processor.py:186} INFO - Started process (PID=1003) to work on /home/airflow/.local/lib/python3.12/site-packages/airflow/example_dags/example_inlet_event_extra.py
[2025-09-25T05:36:13.425+0000] {processor.py:914} INFO - Processing file /home/airflow/.local/lib/python3.12/site-packages/airflow/example_dags/example_inlet_event_extra.py for tasks to queue
[2025-09-25T05:36:13.427+0000] {logging_mixin.py:190} INFO - [2025-09-25T05:36:13.427+0000] {dagbag.py:588} INFO - Filling up the DagBag from /home/airflow/.local/lib/python3.12/site-packages/airflow/example_dags/example_inlet_event_extra.py
[2025-09-25T05:36:13.858+0000] {processor.py:925} INFO - DAG(s) 'read_dataset_event', 'read_dataset_event_from_classic' retrieved from /home/airflow/.local/lib/python3.12/site-packages/airflow/example_dags/example_inlet_event_extra.py
[2025-09-25T05:36:13.875+0000] {logging_mixin.py:190} INFO - [2025-09-25T05:36:13.875+0000] {dag.py:3239} INFO - Sync 2 DAGs
[2025-09-25T05:36:13.892+0000] {logging_mixin.py:190} INFO - [2025-09-25T05:36:13.892+0000] {dag.py:4180} INFO - Setting next_dagrun for read_dataset_event to 2025-09-24 00:00:00+00:00, run_after=2025-09-25 00:00:00+00:00
[2025-09-25T05:36:13.896+0000] {logging_mixin.py:190} INFO - [2025-09-25T05:36:13.896+0000] {dag.py:4180} INFO - Setting next_dagrun for read_dataset_event_from_classic to 2025-09-24 00:00:00+00:00, run_after=2025-09-25 00:00:00+00:00
[2025-09-25T05:36:13.910+0000] {processor.py:208} INFO - Processing /home/airflow/.local/lib/python3.12/site-packages/airflow/example_dags/example_inlet_event_extra.py took 0.491 seconds
[2025-09-25T05:36:44.332+0000] {processor.py:186} INFO - Started process (PID=1065) to work on /home/airflow/.local/lib/python3.12/site-packages/airflow/example_dags/example_inlet_event_extra.py
[2025-09-25T05:36:44.333+0000] {processor.py:914} INFO - Processing file /home/airflow/.local/lib/python3.12/site-packages/airflow/example_dags/example_inlet_event_extra.py for tasks to queue
[2025-09-25T05:36:44.335+0000] {logging_mixin.py:190} INFO - [2025-09-25T05:36:44.334+0000] {dagbag.py:588} INFO - Filling up the DagBag from /home/airflow/.local/lib/python3.12/site-packages/airflow/example_dags/example_inlet_event_extra.py
[2025-09-25T05:36:44.750+0000] {processor.py:925} INFO - DAG(s) 'read_dataset_event_from_classic', 'read_dataset_event' retrieved from /home/airflow/.local/lib/python3.12/site-packages/airflow/example_dags/example_inlet_event_extra.py
[2025-09-25T05:36:44.765+0000] {logging_mixin.py:190} INFO - [2025-09-25T05:36:44.765+0000] {dag.py:3239} INFO - Sync 2 DAGs
[2025-09-25T05:36:44.782+0000] {logging_mixin.py:190} INFO - [2025-09-25T05:36:44.782+0000] {dag.py:4180} INFO - Setting next_dagrun for read_dataset_event to 2025-09-24 00:00:00+00:00, run_after=2025-09-25 00:00:00+00:00
[2025-09-25T05:36:44.786+0000] {logging_mixin.py:190} INFO - [2025-09-25T05:36:44.786+0000] {dag.py:4180} INFO - Setting next_dagrun for read_dataset_event_from_classic to 2025-09-24 00:00:00+00:00, run_after=2025-09-25 00:00:00+00:00
[2025-09-25T05:36:44.797+0000] {processor.py:208} INFO - Processing /home/airflow/.local/lib/python3.12/site-packages/airflow/example_dags/example_inlet_event_extra.py took 0.471 seconds
[2025-09-25T05:37:15.229+0000] {processor.py:186} INFO - Started process (PID=1132) to work on /home/airflow/.local/lib/python3.12/site-packages/airflow/example_dags/example_inlet_event_extra.py
[2025-09-25T05:37:15.230+0000] {processor.py:914} INFO - Processing file /home/airflow/.local/lib/python3.12/site-packages/airflow/example_dags/example_inlet_event_extra.py for tasks to queue
[2025-09-25T05:37:15.233+0000] {logging_mixin.py:190} INFO - [2025-09-25T05:37:15.232+0000] {dagbag.py:588} INFO - Filling up the DagBag from /home/airflow/.local/lib/python3.12/site-packages/airflow/example_dags/example_inlet_event_extra.py
[2025-09-25T05:37:15.709+0000] {processor.py:925} INFO - DAG(s) 'read_dataset_event_from_classic', 'read_dataset_event' retrieved from /home/airflow/.local/lib/python3.12/site-packages/airflow/example_dags/example_inlet_event_extra.py
[2025-09-25T05:37:15.725+0000] {logging_mixin.py:190} INFO - [2025-09-25T05:37:15.725+0000] {dag.py:3239} INFO - Sync 2 DAGs
[2025-09-25T05:37:15.742+0000] {logging_mixin.py:190} INFO - [2025-09-25T05:37:15.742+0000] {dag.py:4180} INFO - Setting next_dagrun for read_dataset_event to 2025-09-24 00:00:00+00:00, run_after=2025-09-25 00:00:00+00:00
[2025-09-25T05:37:15.745+0000] {logging_mixin.py:190} INFO - [2025-09-25T05:37:15.745+0000] {dag.py:4180} INFO - Setting next_dagrun for read_dataset_event_from_classic to 2025-09-24 00:00:00+00:00, run_after=2025-09-25 00:00:00+00:00
[2025-09-25T05:37:15.757+0000] {processor.py:208} INFO - Processing /home/airflow/.local/lib/python3.12/site-packages/airflow/example_dags/example_inlet_event_extra.py took 0.535 seconds
[2025-09-25T05:37:46.592+0000] {processor.py:186} INFO - Started process (PID=1197) to work on /home/airflow/.local/lib/python3.12/site-packages/airflow/example_dags/example_inlet_event_extra.py
[2025-09-25T05:37:46.593+0000] {processor.py:914} INFO - Processing file /home/airflow/.local/lib/python3.12/site-packages/airflow/example_dags/example_inlet_event_extra.py for tasks to queue
[2025-09-25T05:37:46.595+0000] {logging_mixin.py:190} INFO - [2025-09-25T05:37:46.595+0000] {dagbag.py:588} INFO - Filling up the DagBag from /home/airflow/.local/lib/python3.12/site-packages/airflow/example_dags/example_inlet_event_extra.py
[2025-09-25T05:37:47.038+0000] {processor.py:925} INFO - DAG(s) 'read_dataset_event_from_classic', 'read_dataset_event' retrieved from /home/airflow/.local/lib/python3.12/site-packages/airflow/example_dags/example_inlet_event_extra.py
[2025-09-25T05:37:47.054+0000] {logging_mixin.py:190} INFO - [2025-09-25T05:37:47.053+0000] {dag.py:3239} INFO - Sync 2 DAGs
[2025-09-25T05:37:47.073+0000] {logging_mixin.py:190} INFO - [2025-09-25T05:37:47.073+0000] {dag.py:4180} INFO - Setting next_dagrun for read_dataset_event to 2025-09-24 00:00:00+00:00, run_after=2025-09-25 00:00:00+00:00
[2025-09-25T05:37:47.077+0000] {logging_mixin.py:190} INFO - [2025-09-25T05:37:47.077+0000] {dag.py:4180} INFO - Setting next_dagrun for read_dataset_event_from_classic to 2025-09-24 00:00:00+00:00, run_after=2025-09-25 00:00:00+00:00
[2025-09-25T05:37:47.091+0000] {processor.py:208} INFO - Processing /home/airflow/.local/lib/python3.12/site-packages/airflow/example_dags/example_inlet_event_extra.py took 0.504 seconds
[2025-09-25T05:38:17.983+0000] {processor.py:186} INFO - Started process (PID=1262) to work on /home/airflow/.local/lib/python3.12/site-packages/airflow/example_dags/example_inlet_event_extra.py
[2025-09-25T05:38:17.984+0000] {processor.py:914} INFO - Processing file /home/airflow/.local/lib/python3.12/site-packages/airflow/example_dags/example_inlet_event_extra.py for tasks to queue
[2025-09-25T05:38:17.986+0000] {logging_mixin.py:190} INFO - [2025-09-25T05:38:17.985+0000] {dagbag.py:588} INFO - Filling up the DagBag from /home/airflow/.local/lib/python3.12/site-packages/airflow/example_dags/example_inlet_event_extra.py
[2025-09-25T05:38:18.434+0000] {processor.py:925} INFO - DAG(s) 'read_dataset_event', 'read_dataset_event_from_classic' retrieved from /home/airflow/.local/lib/python3.12/site-packages/airflow/example_dags/example_inlet_event_extra.py
[2025-09-25T05:38:18.450+0000] {logging_mixin.py:190} INFO - [2025-09-25T05:38:18.449+0000] {dag.py:3239} INFO - Sync 2 DAGs
[2025-09-25T05:38:18.468+0000] {logging_mixin.py:190} INFO - [2025-09-25T05:38:18.468+0000] {dag.py:4180} INFO - Setting next_dagrun for read_dataset_event to 2025-09-24 00:00:00+00:00, run_after=2025-09-25 00:00:00+00:00
[2025-09-25T05:38:18.471+0000] {logging_mixin.py:190} INFO - [2025-09-25T05:38:18.471+0000] {dag.py:4180} INFO - Setting next_dagrun for read_dataset_event_from_classic to 2025-09-24 00:00:00+00:00, run_after=2025-09-25 00:00:00+00:00
[2025-09-25T05:38:18.484+0000] {processor.py:208} INFO - Processing /home/airflow/.local/lib/python3.12/site-packages/airflow/example_dags/example_inlet_event_extra.py took 0.506 seconds
[2025-09-25T05:38:49.210+0000] {processor.py:186} INFO - Started process (PID=1333) to work on /home/airflow/.local/lib/python3.12/site-packages/airflow/example_dags/example_inlet_event_extra.py
[2025-09-25T05:38:49.211+0000] {processor.py:914} INFO - Processing file /home/airflow/.local/lib/python3.12/site-packages/airflow/example_dags/example_inlet_event_extra.py for tasks to queue
[2025-09-25T05:38:49.213+0000] {logging_mixin.py:190} INFO - [2025-09-25T05:38:49.213+0000] {dagbag.py:588} INFO - Filling up the DagBag from /home/airflow/.local/lib/python3.12/site-packages/airflow/example_dags/example_inlet_event_extra.py
[2025-09-25T05:38:49.656+0000] {processor.py:925} INFO - DAG(s) 'read_dataset_event_from_classic', 'read_dataset_event' retrieved from /home/airflow/.local/lib/python3.12/site-packages/airflow/example_dags/example_inlet_event_extra.py
[2025-09-25T05:38:49.672+0000] {logging_mixin.py:190} INFO - [2025-09-25T05:38:49.672+0000] {dag.py:3239} INFO - Sync 2 DAGs
[2025-09-25T05:38:49.691+0000] {logging_mixin.py:190} INFO - [2025-09-25T05:38:49.691+0000] {dag.py:4180} INFO - Setting next_dagrun for read_dataset_event to 2025-09-24 00:00:00+00:00, run_after=2025-09-25 00:00:00+00:00
[2025-09-25T05:38:49.695+0000] {logging_mixin.py:190} INFO - [2025-09-25T05:38:49.695+0000] {dag.py:4180} INFO - Setting next_dagrun for read_dataset_event_from_classic to 2025-09-24 00:00:00+00:00, run_after=2025-09-25 00:00:00+00:00
[2025-09-25T05:38:49.708+0000] {processor.py:208} INFO - Processing /home/airflow/.local/lib/python3.12/site-packages/airflow/example_dags/example_inlet_event_extra.py took 0.503 seconds
[2025-09-25T05:39:21.060+0000] {processor.py:186} INFO - Started process (PID=1402) to work on /home/airflow/.local/lib/python3.12/site-packages/airflow/example_dags/example_inlet_event_extra.py
[2025-09-25T05:39:21.061+0000] {processor.py:914} INFO - Processing file /home/airflow/.local/lib/python3.12/site-packages/airflow/example_dags/example_inlet_event_extra.py for tasks to queue
[2025-09-25T05:39:21.063+0000] {logging_mixin.py:190} INFO - [2025-09-25T05:39:21.063+0000] {dagbag.py:588} INFO - Filling up the DagBag from /home/airflow/.local/lib/python3.12/site-packages/airflow/example_dags/example_inlet_event_extra.py
[2025-09-25T05:39:21.508+0000] {processor.py:925} INFO - DAG(s) 'read_dataset_event', 'read_dataset_event_from_classic' retrieved from /home/airflow/.local/lib/python3.12/site-packages/airflow/example_dags/example_inlet_event_extra.py
[2025-09-25T05:39:21.527+0000] {logging_mixin.py:190} INFO - [2025-09-25T05:39:21.526+0000] {dag.py:3239} INFO - Sync 2 DAGs
[2025-09-25T05:39:21.567+0000] {logging_mixin.py:190} INFO - [2025-09-25T05:39:21.566+0000] {dag.py:4180} INFO - Setting next_dagrun for read_dataset_event to 2025-09-24 00:00:00+00:00, run_after=2025-09-25 00:00:00+00:00
[2025-09-25T05:39:21.573+0000] {logging_mixin.py:190} INFO - [2025-09-25T05:39:21.572+0000] {dag.py:4180} INFO - Setting next_dagrun for read_dataset_event_from_classic to 2025-09-24 00:00:00+00:00, run_after=2025-09-25 00:00:00+00:00
[2025-09-25T05:39:21.594+0000] {processor.py:208} INFO - Processing /home/airflow/.local/lib/python3.12/site-packages/airflow/example_dags/example_inlet_event_extra.py took 0.540 seconds
[2025-09-25T05:39:52.267+0000] {processor.py:186} INFO - Started process (PID=1465) to work on /home/airflow/.local/lib/python3.12/site-packages/airflow/example_dags/example_inlet_event_extra.py
[2025-09-25T05:39:52.268+0000] {processor.py:914} INFO - Processing file /home/airflow/.local/lib/python3.12/site-packages/airflow/example_dags/example_inlet_event_extra.py for tasks to queue
[2025-09-25T05:39:52.270+0000] {logging_mixin.py:190} INFO - [2025-09-25T05:39:52.270+0000] {dagbag.py:588} INFO - Filling up the DagBag from /home/airflow/.local/lib/python3.12/site-packages/airflow/example_dags/example_inlet_event_extra.py
[2025-09-25T05:39:52.660+0000] {processor.py:925} INFO - DAG(s) 'read_dataset_event_from_classic', 'read_dataset_event' retrieved from /home/airflow/.local/lib/python3.12/site-packages/airflow/example_dags/example_inlet_event_extra.py
[2025-09-25T05:39:52.676+0000] {logging_mixin.py:190} INFO - [2025-09-25T05:39:52.676+0000] {dag.py:3239} INFO - Sync 2 DAGs
[2025-09-25T05:39:52.692+0000] {logging_mixin.py:190} INFO - [2025-09-25T05:39:52.692+0000] {dag.py:4180} INFO - Setting next_dagrun for read_dataset_event to 2025-09-24 00:00:00+00:00, run_after=2025-09-25 00:00:00+00:00
[2025-09-25T05:39:52.695+0000] {logging_mixin.py:190} INFO - [2025-09-25T05:39:52.695+0000] {dag.py:4180} INFO - Setting next_dagrun for read_dataset_event_from_classic to 2025-09-24 00:00:00+00:00, run_after=2025-09-25 00:00:00+00:00
[2025-09-25T05:39:52.706+0000] {processor.py:208} INFO - Processing /home/airflow/.local/lib/python3.12/site-packages/airflow/example_dags/example_inlet_event_extra.py took 0.524 seconds
[2025-09-25T05:40:23.196+0000] {processor.py:186} INFO - Started process (PID=1526) to work on /home/airflow/.local/lib/python3.12/site-packages/airflow/example_dags/example_inlet_event_extra.py
[2025-09-25T05:40:23.197+0000] {processor.py:914} INFO - Processing file /home/airflow/.local/lib/python3.12/site-packages/airflow/example_dags/example_inlet_event_extra.py for tasks to queue
[2025-09-25T05:40:23.199+0000] {logging_mixin.py:190} INFO - [2025-09-25T05:40:23.199+0000] {dagbag.py:588} INFO - Filling up the DagBag from /home/airflow/.local/lib/python3.12/site-packages/airflow/example_dags/example_inlet_event_extra.py
[2025-09-25T05:40:23.652+0000] {processor.py:925} INFO - DAG(s) 'read_dataset_event_from_classic', 'read_dataset_event' retrieved from /home/airflow/.local/lib/python3.12/site-packages/airflow/example_dags/example_inlet_event_extra.py
[2025-09-25T05:40:23.668+0000] {logging_mixin.py:190} INFO - [2025-09-25T05:40:23.667+0000] {dag.py:3239} INFO - Sync 2 DAGs
[2025-09-25T05:40:23.686+0000] {logging_mixin.py:190} INFO - [2025-09-25T05:40:23.685+0000] {dag.py:4180} INFO - Setting next_dagrun for read_dataset_event to 2025-09-24 00:00:00+00:00, run_after=2025-09-25 00:00:00+00:00
[2025-09-25T05:40:23.690+0000] {logging_mixin.py:190} INFO - [2025-09-25T05:40:23.689+0000] {dag.py:4180} INFO - Setting next_dagrun for read_dataset_event_from_classic to 2025-09-24 00:00:00+00:00, run_after=2025-09-25 00:00:00+00:00
[2025-09-25T05:40:23.703+0000] {processor.py:208} INFO - Processing /home/airflow/.local/lib/python3.12/site-packages/airflow/example_dags/example_inlet_event_extra.py took 0.513 seconds
[2025-09-25T05:40:54.648+0000] {processor.py:186} INFO - Started process (PID=1593) to work on /home/airflow/.local/lib/python3.12/site-packages/airflow/example_dags/example_inlet_event_extra.py
[2025-09-25T05:40:54.649+0000] {processor.py:914} INFO - Processing file /home/airflow/.local/lib/python3.12/site-packages/airflow/example_dags/example_inlet_event_extra.py for tasks to queue
[2025-09-25T05:40:54.651+0000] {logging_mixin.py:190} INFO - [2025-09-25T05:40:54.651+0000] {dagbag.py:588} INFO - Filling up the DagBag from /home/airflow/.local/lib/python3.12/site-packages/airflow/example_dags/example_inlet_event_extra.py
[2025-09-25T05:40:55.084+0000] {processor.py:925} INFO - DAG(s) 'read_dataset_event_from_classic', 'read_dataset_event' retrieved from /home/airflow/.local/lib/python3.12/site-packages/airflow/example_dags/example_inlet_event_extra.py
[2025-09-25T05:40:55.100+0000] {logging_mixin.py:190} INFO - [2025-09-25T05:40:55.100+0000] {dag.py:3239} INFO - Sync 2 DAGs
[2025-09-25T05:40:55.117+0000] {logging_mixin.py:190} INFO - [2025-09-25T05:40:55.116+0000] {dag.py:4180} INFO - Setting next_dagrun for read_dataset_event to 2025-09-24 00:00:00+00:00, run_after=2025-09-25 00:00:00+00:00
[2025-09-25T05:40:55.120+0000] {logging_mixin.py:190} INFO - [2025-09-25T05:40:55.120+0000] {dag.py:4180} INFO - Setting next_dagrun for read_dataset_event_from_classic to 2025-09-24 00:00:00+00:00, run_after=2025-09-25 00:00:00+00:00
[2025-09-25T05:40:55.135+0000] {processor.py:208} INFO - Processing /home/airflow/.local/lib/python3.12/site-packages/airflow/example_dags/example_inlet_event_extra.py took 0.492 seconds
[2025-09-25T05:41:25.945+0000] {processor.py:186} INFO - Started process (PID=1658) to work on /home/airflow/.local/lib/python3.12/site-packages/airflow/example_dags/example_inlet_event_extra.py
[2025-09-25T05:41:25.946+0000] {processor.py:914} INFO - Processing file /home/airflow/.local/lib/python3.12/site-packages/airflow/example_dags/example_inlet_event_extra.py for tasks to queue
[2025-09-25T05:41:25.948+0000] {logging_mixin.py:190} INFO - [2025-09-25T05:41:25.947+0000] {dagbag.py:588} INFO - Filling up the DagBag from /home/airflow/.local/lib/python3.12/site-packages/airflow/example_dags/example_inlet_event_extra.py
[2025-09-25T05:41:26.390+0000] {processor.py:925} INFO - DAG(s) 'read_dataset_event_from_classic', 'read_dataset_event' retrieved from /home/airflow/.local/lib/python3.12/site-packages/airflow/example_dags/example_inlet_event_extra.py
[2025-09-25T05:41:26.406+0000] {logging_mixin.py:190} INFO - [2025-09-25T05:41:26.405+0000] {dag.py:3239} INFO - Sync 2 DAGs
[2025-09-25T05:41:26.424+0000] {logging_mixin.py:190} INFO - [2025-09-25T05:41:26.424+0000] {dag.py:4180} INFO - Setting next_dagrun for read_dataset_event to 2025-09-24 00:00:00+00:00, run_after=2025-09-25 00:00:00+00:00
[2025-09-25T05:41:26.428+0000] {logging_mixin.py:190} INFO - [2025-09-25T05:41:26.428+0000] {dag.py:4180} INFO - Setting next_dagrun for read_dataset_event_from_classic to 2025-09-24 00:00:00+00:00, run_after=2025-09-25 00:00:00+00:00
[2025-09-25T05:41:26.441+0000] {processor.py:208} INFO - Processing /home/airflow/.local/lib/python3.12/site-packages/airflow/example_dags/example_inlet_event_extra.py took 0.504 seconds
[2025-09-25T05:41:57.610+0000] {processor.py:186} INFO - Started process (PID=1725) to work on /home/airflow/.local/lib/python3.12/site-packages/airflow/example_dags/example_inlet_event_extra.py
[2025-09-25T05:41:57.611+0000] {processor.py:914} INFO - Processing file /home/airflow/.local/lib/python3.12/site-packages/airflow/example_dags/example_inlet_event_extra.py for tasks to queue
[2025-09-25T05:41:57.613+0000] {logging_mixin.py:190} INFO - [2025-09-25T05:41:57.613+0000] {dagbag.py:588} INFO - Filling up the DagBag from /home/airflow/.local/lib/python3.12/site-packages/airflow/example_dags/example_inlet_event_extra.py
[2025-09-25T05:41:58.097+0000] {processor.py:925} INFO - DAG(s) 'read_dataset_event', 'read_dataset_event_from_classic' retrieved from /home/airflow/.local/lib/python3.12/site-packages/airflow/example_dags/example_inlet_event_extra.py
[2025-09-25T05:41:58.115+0000] {logging_mixin.py:190} INFO - [2025-09-25T05:41:58.114+0000] {dag.py:3239} INFO - Sync 2 DAGs
[2025-09-25T05:41:58.138+0000] {logging_mixin.py:190} INFO - [2025-09-25T05:41:58.138+0000] {dag.py:4180} INFO - Setting next_dagrun for read_dataset_event to 2025-09-24 00:00:00+00:00, run_after=2025-09-25 00:00:00+00:00
[2025-09-25T05:41:58.143+0000] {logging_mixin.py:190} INFO - [2025-09-25T05:41:58.143+0000] {dag.py:4180} INFO - Setting next_dagrun for read_dataset_event_from_classic to 2025-09-24 00:00:00+00:00, run_after=2025-09-25 00:00:00+00:00
[2025-09-25T05:41:58.157+0000] {processor.py:208} INFO - Processing /home/airflow/.local/lib/python3.12/site-packages/airflow/example_dags/example_inlet_event_extra.py took 0.553 seconds
[2025-09-25T05:42:28.286+0000] {processor.py:186} INFO - Started process (PID=1789) to work on /home/airflow/.local/lib/python3.12/site-packages/airflow/example_dags/example_inlet_event_extra.py
[2025-09-25T05:42:28.286+0000] {processor.py:914} INFO - Processing file /home/airflow/.local/lib/python3.12/site-packages/airflow/example_dags/example_inlet_event_extra.py for tasks to queue
[2025-09-25T05:42:28.288+0000] {logging_mixin.py:190} INFO - [2025-09-25T05:42:28.288+0000] {dagbag.py:588} INFO - Filling up the DagBag from /home/airflow/.local/lib/python3.12/site-packages/airflow/example_dags/example_inlet_event_extra.py
[2025-09-25T05:42:28.710+0000] {processor.py:925} INFO - DAG(s) 'read_dataset_event', 'read_dataset_event_from_classic' retrieved from /home/airflow/.local/lib/python3.12/site-packages/airflow/example_dags/example_inlet_event_extra.py
[2025-09-25T05:42:28.725+0000] {logging_mixin.py:190} INFO - [2025-09-25T05:42:28.725+0000] {dag.py:3239} INFO - Sync 2 DAGs
[2025-09-25T05:42:28.742+0000] {logging_mixin.py:190} INFO - [2025-09-25T05:42:28.742+0000] {dag.py:4180} INFO - Setting next_dagrun for read_dataset_event to 2025-09-24 00:00:00+00:00, run_after=2025-09-25 00:00:00+00:00
[2025-09-25T05:42:28.746+0000] {logging_mixin.py:190} INFO - [2025-09-25T05:42:28.746+0000] {dag.py:4180} INFO - Setting next_dagrun for read_dataset_event_from_classic to 2025-09-24 00:00:00+00:00, run_after=2025-09-25 00:00:00+00:00
[2025-09-25T05:42:28.761+0000] {processor.py:208} INFO - Processing /home/airflow/.local/lib/python3.12/site-packages/airflow/example_dags/example_inlet_event_extra.py took 0.481 seconds
[2025-09-25T05:42:59.324+0000] {processor.py:186} INFO - Started process (PID=1857) to work on /home/airflow/.local/lib/python3.12/site-packages/airflow/example_dags/example_inlet_event_extra.py
[2025-09-25T05:42:59.325+0000] {processor.py:914} INFO - Processing file /home/airflow/.local/lib/python3.12/site-packages/airflow/example_dags/example_inlet_event_extra.py for tasks to queue
[2025-09-25T05:42:59.327+0000] {logging_mixin.py:190} INFO - [2025-09-25T05:42:59.327+0000] {dagbag.py:588} INFO - Filling up the DagBag from /home/airflow/.local/lib/python3.12/site-packages/airflow/example_dags/example_inlet_event_extra.py
[2025-09-25T05:42:59.740+0000] {processor.py:925} INFO - DAG(s) 'read_dataset_event_from_classic', 'read_dataset_event' retrieved from /home/airflow/.local/lib/python3.12/site-packages/airflow/example_dags/example_inlet_event_extra.py
[2025-09-25T05:42:59.756+0000] {logging_mixin.py:190} INFO - [2025-09-25T05:42:59.756+0000] {dag.py:3239} INFO - Sync 2 DAGs
[2025-09-25T05:42:59.773+0000] {logging_mixin.py:190} INFO - [2025-09-25T05:42:59.773+0000] {dag.py:4180} INFO - Setting next_dagrun for read_dataset_event to 2025-09-24 00:00:00+00:00, run_after=2025-09-25 00:00:00+00:00
[2025-09-25T05:42:59.776+0000] {logging_mixin.py:190} INFO - [2025-09-25T05:42:59.776+0000] {dag.py:4180} INFO - Setting next_dagrun for read_dataset_event_from_classic to 2025-09-24 00:00:00+00:00, run_after=2025-09-25 00:00:00+00:00
[2025-09-25T05:42:59.789+0000] {processor.py:208} INFO - Processing /home/airflow/.local/lib/python3.12/site-packages/airflow/example_dags/example_inlet_event_extra.py took 0.469 seconds
[2025-09-25T05:43:30.353+0000] {processor.py:186} INFO - Started process (PID=1915) to work on /home/airflow/.local/lib/python3.12/site-packages/airflow/example_dags/example_inlet_event_extra.py
[2025-09-25T05:43:30.354+0000] {processor.py:914} INFO - Processing file /home/airflow/.local/lib/python3.12/site-packages/airflow/example_dags/example_inlet_event_extra.py for tasks to queue
[2025-09-25T05:43:30.356+0000] {logging_mixin.py:190} INFO - [2025-09-25T05:43:30.355+0000] {dagbag.py:588} INFO - Filling up the DagBag from /home/airflow/.local/lib/python3.12/site-packages/airflow/example_dags/example_inlet_event_extra.py
[2025-09-25T05:43:30.772+0000] {processor.py:925} INFO - DAG(s) 'read_dataset_event', 'read_dataset_event_from_classic' retrieved from /home/airflow/.local/lib/python3.12/site-packages/airflow/example_dags/example_inlet_event_extra.py
[2025-09-25T05:43:30.787+0000] {logging_mixin.py:190} INFO - [2025-09-25T05:43:30.786+0000] {dag.py:3239} INFO - Sync 2 DAGs
[2025-09-25T05:43:30.803+0000] {logging_mixin.py:190} INFO - [2025-09-25T05:43:30.802+0000] {dag.py:4180} INFO - Setting next_dagrun for read_dataset_event to 2025-09-24 00:00:00+00:00, run_after=2025-09-25 00:00:00+00:00
[2025-09-25T05:43:30.806+0000] {logging_mixin.py:190} INFO - [2025-09-25T05:43:30.806+0000] {dag.py:4180} INFO - Setting next_dagrun for read_dataset_event_from_classic to 2025-09-24 00:00:00+00:00, run_after=2025-09-25 00:00:00+00:00
[2025-09-25T05:43:30.818+0000] {processor.py:208} INFO - Processing /home/airflow/.local/lib/python3.12/site-packages/airflow/example_dags/example_inlet_event_extra.py took 0.471 seconds
[2025-09-25T05:44:01.187+0000] {processor.py:186} INFO - Started process (PID=1980) to work on /home/airflow/.local/lib/python3.12/site-packages/airflow/example_dags/example_inlet_event_extra.py
[2025-09-25T05:44:01.188+0000] {processor.py:914} INFO - Processing file /home/airflow/.local/lib/python3.12/site-packages/airflow/example_dags/example_inlet_event_extra.py for tasks to queue
[2025-09-25T05:44:01.190+0000] {logging_mixin.py:190} INFO - [2025-09-25T05:44:01.190+0000] {dagbag.py:588} INFO - Filling up the DagBag from /home/airflow/.local/lib/python3.12/site-packages/airflow/example_dags/example_inlet_event_extra.py
[2025-09-25T05:44:01.614+0000] {processor.py:925} INFO - DAG(s) 'read_dataset_event', 'read_dataset_event_from_classic' retrieved from /home/airflow/.local/lib/python3.12/site-packages/airflow/example_dags/example_inlet_event_extra.py
[2025-09-25T05:44:01.630+0000] {logging_mixin.py:190} INFO - [2025-09-25T05:44:01.629+0000] {dag.py:3239} INFO - Sync 2 DAGs
[2025-09-25T05:44:01.648+0000] {logging_mixin.py:190} INFO - [2025-09-25T05:44:01.648+0000] {dag.py:4180} INFO - Setting next_dagrun for read_dataset_event to 2025-09-24 00:00:00+00:00, run_after=2025-09-25 00:00:00+00:00
[2025-09-25T05:44:01.653+0000] {logging_mixin.py:190} INFO - [2025-09-25T05:44:01.652+0000] {dag.py:4180} INFO - Setting next_dagrun for read_dataset_event_from_classic to 2025-09-24 00:00:00+00:00, run_after=2025-09-25 00:00:00+00:00
[2025-09-25T05:44:01.668+0000] {processor.py:208} INFO - Processing /home/airflow/.local/lib/python3.12/site-packages/airflow/example_dags/example_inlet_event_extra.py took 0.486 seconds
[2025-09-25T05:44:31.965+0000] {processor.py:186} INFO - Started process (PID=2045) to work on /home/airflow/.local/lib/python3.12/site-packages/airflow/example_dags/example_inlet_event_extra.py
[2025-09-25T05:44:31.966+0000] {processor.py:914} INFO - Processing file /home/airflow/.local/lib/python3.12/site-packages/airflow/example_dags/example_inlet_event_extra.py for tasks to queue
[2025-09-25T05:44:31.968+0000] {logging_mixin.py:190} INFO - [2025-09-25T05:44:31.968+0000] {dagbag.py:588} INFO - Filling up the DagBag from /home/airflow/.local/lib/python3.12/site-packages/airflow/example_dags/example_inlet_event_extra.py
[2025-09-25T05:44:32.408+0000] {processor.py:925} INFO - DAG(s) 'read_dataset_event', 'read_dataset_event_from_classic' retrieved from /home/airflow/.local/lib/python3.12/site-packages/airflow/example_dags/example_inlet_event_extra.py
[2025-09-25T05:44:32.423+0000] {logging_mixin.py:190} INFO - [2025-09-25T05:44:32.423+0000] {dag.py:3239} INFO - Sync 2 DAGs
[2025-09-25T05:44:32.440+0000] {logging_mixin.py:190} INFO - [2025-09-25T05:44:32.440+0000] {dag.py:4180} INFO - Setting next_dagrun for read_dataset_event to 2025-09-24 00:00:00+00:00, run_after=2025-09-25 00:00:00+00:00
[2025-09-25T05:44:32.444+0000] {logging_mixin.py:190} INFO - [2025-09-25T05:44:32.444+0000] {dag.py:4180} INFO - Setting next_dagrun for read_dataset_event_from_classic to 2025-09-24 00:00:00+00:00, run_after=2025-09-25 00:00:00+00:00
[2025-09-25T05:44:32.456+0000] {processor.py:208} INFO - Processing /home/airflow/.local/lib/python3.12/site-packages/airflow/example_dags/example_inlet_event_extra.py took 0.496 seconds
