[2025-09-25T05:12:41.769+0000] {processor.py:186} INFO - Started process (PID=79) to work on /home/airflow/.local/lib/python3.12/site-packages/airflow/example_dags/example_params_trigger_ui.py
[2025-09-25T05:12:41.770+0000] {processor.py:914} INFO - Processing file /home/airflow/.local/lib/python3.12/site-packages/airflow/example_dags/example_params_trigger_ui.py for tasks to queue
[2025-09-25T05:12:41.772+0000] {logging_mixin.py:190} INFO - [2025-09-25T05:12:41.772+0000] {dagbag.py:588} INFO - Filling up the DagBag from /home/airflow/.local/lib/python3.12/site-packages/airflow/example_dags/example_params_trigger_ui.py
[2025-09-25T05:12:41.783+0000] {processor.py:925} INFO - DAG(s) 'example_params_trigger_ui' retrieved from /home/airflow/.local/lib/python3.12/site-packages/airflow/example_dags/example_params_trigger_ui.py
[2025-09-25T05:12:41.833+0000] {logging_mixin.py:190} INFO - [2025-09-25T05:12:41.832+0000] {dag.py:3239} INFO - Sync 1 DAGs
[2025-09-25T05:12:41.846+0000] {logging_mixin.py:190} INFO - [2025-09-25T05:12:41.845+0000] {dag.py:4180} INFO - Setting next_dagrun for example_params_trigger_ui to None, run_after=None
[2025-09-25T05:12:41.861+0000] {processor.py:208} INFO - Processing /home/airflow/.local/lib/python3.12/site-packages/airflow/example_dags/example_params_trigger_ui.py took 0.097 seconds
[2025-09-25T05:13:12.288+0000] {processor.py:186} INFO - Started process (PID=144) to work on /home/airflow/.local/lib/python3.12/site-packages/airflow/example_dags/example_params_trigger_ui.py
[2025-09-25T05:13:12.289+0000] {processor.py:914} INFO - Processing file /home/airflow/.local/lib/python3.12/site-packages/airflow/example_dags/example_params_trigger_ui.py for tasks to queue
[2025-09-25T05:13:12.291+0000] {logging_mixin.py:190} INFO - [2025-09-25T05:13:12.291+0000] {dagbag.py:588} INFO - Filling up the DagBag from /home/airflow/.local/lib/python3.12/site-packages/airflow/example_dags/example_params_trigger_ui.py
[2025-09-25T05:13:12.301+0000] {processor.py:925} INFO - DAG(s) 'example_params_trigger_ui' retrieved from /home/airflow/.local/lib/python3.12/site-packages/airflow/example_dags/example_params_trigger_ui.py
[2025-09-25T05:13:12.336+0000] {logging_mixin.py:190} INFO - [2025-09-25T05:13:12.335+0000] {dag.py:3239} INFO - Sync 1 DAGs
[2025-09-25T05:13:12.348+0000] {logging_mixin.py:190} INFO - [2025-09-25T05:13:12.347+0000] {dag.py:4180} INFO - Setting next_dagrun for example_params_trigger_ui to None, run_after=None
[2025-09-25T05:13:12.362+0000] {processor.py:208} INFO - Processing /home/airflow/.local/lib/python3.12/site-packages/airflow/example_dags/example_params_trigger_ui.py took 0.080 seconds
[2025-09-25T05:13:42.963+0000] {processor.py:186} INFO - Started process (PID=209) to work on /home/airflow/.local/lib/python3.12/site-packages/airflow/example_dags/example_params_trigger_ui.py
[2025-09-25T05:13:42.964+0000] {processor.py:914} INFO - Processing file /home/airflow/.local/lib/python3.12/site-packages/airflow/example_dags/example_params_trigger_ui.py for tasks to queue
[2025-09-25T05:13:42.966+0000] {logging_mixin.py:190} INFO - [2025-09-25T05:13:42.966+0000] {dagbag.py:588} INFO - Filling up the DagBag from /home/airflow/.local/lib/python3.12/site-packages/airflow/example_dags/example_params_trigger_ui.py
[2025-09-25T05:13:42.976+0000] {processor.py:925} INFO - DAG(s) 'example_params_trigger_ui' retrieved from /home/airflow/.local/lib/python3.12/site-packages/airflow/example_dags/example_params_trigger_ui.py
[2025-09-25T05:13:43.011+0000] {logging_mixin.py:190} INFO - [2025-09-25T05:13:43.011+0000] {dag.py:3239} INFO - Sync 1 DAGs
[2025-09-25T05:13:43.025+0000] {logging_mixin.py:190} INFO - [2025-09-25T05:13:43.025+0000] {dag.py:4180} INFO - Setting next_dagrun for example_params_trigger_ui to None, run_after=None
[2025-09-25T05:13:43.039+0000] {processor.py:208} INFO - Processing /home/airflow/.local/lib/python3.12/site-packages/airflow/example_dags/example_params_trigger_ui.py took 0.081 seconds
[2025-09-25T05:14:13.098+0000] {processor.py:186} INFO - Started process (PID=273) to work on /home/airflow/.local/lib/python3.12/site-packages/airflow/example_dags/example_params_trigger_ui.py
[2025-09-25T05:14:13.099+0000] {processor.py:914} INFO - Processing file /home/airflow/.local/lib/python3.12/site-packages/airflow/example_dags/example_params_trigger_ui.py for tasks to queue
[2025-09-25T05:14:13.101+0000] {logging_mixin.py:190} INFO - [2025-09-25T05:14:13.100+0000] {dagbag.py:588} INFO - Filling up the DagBag from /home/airflow/.local/lib/python3.12/site-packages/airflow/example_dags/example_params_trigger_ui.py
[2025-09-25T05:14:13.112+0000] {processor.py:925} INFO - DAG(s) 'example_params_trigger_ui' retrieved from /home/airflow/.local/lib/python3.12/site-packages/airflow/example_dags/example_params_trigger_ui.py
[2025-09-25T05:14:13.148+0000] {logging_mixin.py:190} INFO - [2025-09-25T05:14:13.148+0000] {dag.py:3239} INFO - Sync 1 DAGs
[2025-09-25T05:14:13.164+0000] {logging_mixin.py:190} INFO - [2025-09-25T05:14:13.164+0000] {dag.py:4180} INFO - Setting next_dagrun for example_params_trigger_ui to None, run_after=None
[2025-09-25T05:14:13.183+0000] {processor.py:208} INFO - Processing /home/airflow/.local/lib/python3.12/site-packages/airflow/example_dags/example_params_trigger_ui.py took 0.091 seconds
[2025-09-25T05:14:44.422+0000] {processor.py:186} INFO - Started process (PID=340) to work on /home/airflow/.local/lib/python3.12/site-packages/airflow/example_dags/example_params_trigger_ui.py
[2025-09-25T05:14:44.423+0000] {processor.py:914} INFO - Processing file /home/airflow/.local/lib/python3.12/site-packages/airflow/example_dags/example_params_trigger_ui.py for tasks to queue
[2025-09-25T05:14:44.425+0000] {logging_mixin.py:190} INFO - [2025-09-25T05:14:44.425+0000] {dagbag.py:588} INFO - Filling up the DagBag from /home/airflow/.local/lib/python3.12/site-packages/airflow/example_dags/example_params_trigger_ui.py
[2025-09-25T05:14:44.437+0000] {processor.py:925} INFO - DAG(s) 'example_params_trigger_ui' retrieved from /home/airflow/.local/lib/python3.12/site-packages/airflow/example_dags/example_params_trigger_ui.py
[2025-09-25T05:14:44.473+0000] {logging_mixin.py:190} INFO - [2025-09-25T05:14:44.473+0000] {dag.py:3239} INFO - Sync 1 DAGs
[2025-09-25T05:14:44.500+0000] {logging_mixin.py:190} INFO - [2025-09-25T05:14:44.500+0000] {dag.py:4180} INFO - Setting next_dagrun for example_params_trigger_ui to None, run_after=None
[2025-09-25T05:14:44.520+0000] {processor.py:208} INFO - Processing /home/airflow/.local/lib/python3.12/site-packages/airflow/example_dags/example_params_trigger_ui.py took 0.104 seconds
[2025-09-25T05:15:15.424+0000] {processor.py:186} INFO - Started process (PID=405) to work on /home/airflow/.local/lib/python3.12/site-packages/airflow/example_dags/example_params_trigger_ui.py
[2025-09-25T05:15:15.425+0000] {processor.py:914} INFO - Processing file /home/airflow/.local/lib/python3.12/site-packages/airflow/example_dags/example_params_trigger_ui.py for tasks to queue
[2025-09-25T05:15:15.428+0000] {logging_mixin.py:190} INFO - [2025-09-25T05:15:15.428+0000] {dagbag.py:588} INFO - Filling up the DagBag from /home/airflow/.local/lib/python3.12/site-packages/airflow/example_dags/example_params_trigger_ui.py
[2025-09-25T05:15:15.440+0000] {processor.py:925} INFO - DAG(s) 'example_params_trigger_ui' retrieved from /home/airflow/.local/lib/python3.12/site-packages/airflow/example_dags/example_params_trigger_ui.py
[2025-09-25T05:15:15.477+0000] {logging_mixin.py:190} INFO - [2025-09-25T05:15:15.476+0000] {dag.py:3239} INFO - Sync 1 DAGs
[2025-09-25T05:15:15.490+0000] {logging_mixin.py:190} INFO - [2025-09-25T05:15:15.489+0000] {dag.py:4180} INFO - Setting next_dagrun for example_params_trigger_ui to None, run_after=None
[2025-09-25T05:15:15.506+0000] {processor.py:208} INFO - Processing /home/airflow/.local/lib/python3.12/site-packages/airflow/example_dags/example_params_trigger_ui.py took 0.088 seconds
[2025-09-25T05:15:46.418+0000] {processor.py:186} INFO - Started process (PID=470) to work on /home/airflow/.local/lib/python3.12/site-packages/airflow/example_dags/example_params_trigger_ui.py
[2025-09-25T05:15:46.420+0000] {processor.py:914} INFO - Processing file /home/airflow/.local/lib/python3.12/site-packages/airflow/example_dags/example_params_trigger_ui.py for tasks to queue
[2025-09-25T05:15:46.422+0000] {logging_mixin.py:190} INFO - [2025-09-25T05:15:46.422+0000] {dagbag.py:588} INFO - Filling up the DagBag from /home/airflow/.local/lib/python3.12/site-packages/airflow/example_dags/example_params_trigger_ui.py
[2025-09-25T05:15:46.434+0000] {processor.py:925} INFO - DAG(s) 'example_params_trigger_ui' retrieved from /home/airflow/.local/lib/python3.12/site-packages/airflow/example_dags/example_params_trigger_ui.py
[2025-09-25T05:15:46.484+0000] {logging_mixin.py:190} INFO - [2025-09-25T05:15:46.483+0000] {dag.py:3239} INFO - Sync 1 DAGs
[2025-09-25T05:15:46.499+0000] {logging_mixin.py:190} INFO - [2025-09-25T05:15:46.498+0000] {dag.py:4180} INFO - Setting next_dagrun for example_params_trigger_ui to None, run_after=None
[2025-09-25T05:15:46.518+0000] {processor.py:208} INFO - Processing /home/airflow/.local/lib/python3.12/site-packages/airflow/example_dags/example_params_trigger_ui.py took 0.106 seconds
[2025-09-25T05:16:17.623+0000] {processor.py:186} INFO - Started process (PID=535) to work on /home/airflow/.local/lib/python3.12/site-packages/airflow/example_dags/example_params_trigger_ui.py
[2025-09-25T05:16:17.624+0000] {processor.py:914} INFO - Processing file /home/airflow/.local/lib/python3.12/site-packages/airflow/example_dags/example_params_trigger_ui.py for tasks to queue
[2025-09-25T05:16:17.626+0000] {logging_mixin.py:190} INFO - [2025-09-25T05:16:17.626+0000] {dagbag.py:588} INFO - Filling up the DagBag from /home/airflow/.local/lib/python3.12/site-packages/airflow/example_dags/example_params_trigger_ui.py
[2025-09-25T05:16:17.635+0000] {processor.py:925} INFO - DAG(s) 'example_params_trigger_ui' retrieved from /home/airflow/.local/lib/python3.12/site-packages/airflow/example_dags/example_params_trigger_ui.py
[2025-09-25T05:16:17.670+0000] {logging_mixin.py:190} INFO - [2025-09-25T05:16:17.669+0000] {dag.py:3239} INFO - Sync 1 DAGs
[2025-09-25T05:16:17.681+0000] {logging_mixin.py:190} INFO - [2025-09-25T05:16:17.681+0000] {dag.py:4180} INFO - Setting next_dagrun for example_params_trigger_ui to None, run_after=None
[2025-09-25T05:16:17.699+0000] {processor.py:208} INFO - Processing /home/airflow/.local/lib/python3.12/site-packages/airflow/example_dags/example_params_trigger_ui.py took 0.081 seconds
[2025-09-25T05:16:48.752+0000] {processor.py:186} INFO - Started process (PID=600) to work on /home/airflow/.local/lib/python3.12/site-packages/airflow/example_dags/example_params_trigger_ui.py
[2025-09-25T05:16:48.753+0000] {processor.py:914} INFO - Processing file /home/airflow/.local/lib/python3.12/site-packages/airflow/example_dags/example_params_trigger_ui.py for tasks to queue
[2025-09-25T05:16:48.756+0000] {logging_mixin.py:190} INFO - [2025-09-25T05:16:48.756+0000] {dagbag.py:588} INFO - Filling up the DagBag from /home/airflow/.local/lib/python3.12/site-packages/airflow/example_dags/example_params_trigger_ui.py
[2025-09-25T05:16:48.770+0000] {processor.py:925} INFO - DAG(s) 'example_params_trigger_ui' retrieved from /home/airflow/.local/lib/python3.12/site-packages/airflow/example_dags/example_params_trigger_ui.py
[2025-09-25T05:16:48.808+0000] {logging_mixin.py:190} INFO - [2025-09-25T05:16:48.808+0000] {dag.py:3239} INFO - Sync 1 DAGs
[2025-09-25T05:16:48.821+0000] {logging_mixin.py:190} INFO - [2025-09-25T05:16:48.821+0000] {dag.py:4180} INFO - Setting next_dagrun for example_params_trigger_ui to None, run_after=None
[2025-09-25T05:16:48.836+0000] {processor.py:208} INFO - Processing /home/airflow/.local/lib/python3.12/site-packages/airflow/example_dags/example_params_trigger_ui.py took 0.090 seconds
[2025-09-25T05:17:19.392+0000] {processor.py:186} INFO - Started process (PID=665) to work on /home/airflow/.local/lib/python3.12/site-packages/airflow/example_dags/example_params_trigger_ui.py
[2025-09-25T05:17:19.393+0000] {processor.py:914} INFO - Processing file /home/airflow/.local/lib/python3.12/site-packages/airflow/example_dags/example_params_trigger_ui.py for tasks to queue
[2025-09-25T05:17:19.395+0000] {logging_mixin.py:190} INFO - [2025-09-25T05:17:19.394+0000] {dagbag.py:588} INFO - Filling up the DagBag from /home/airflow/.local/lib/python3.12/site-packages/airflow/example_dags/example_params_trigger_ui.py
[2025-09-25T05:17:19.404+0000] {processor.py:925} INFO - DAG(s) 'example_params_trigger_ui' retrieved from /home/airflow/.local/lib/python3.12/site-packages/airflow/example_dags/example_params_trigger_ui.py
[2025-09-25T05:17:19.439+0000] {logging_mixin.py:190} INFO - [2025-09-25T05:17:19.438+0000] {dag.py:3239} INFO - Sync 1 DAGs
[2025-09-25T05:17:19.450+0000] {logging_mixin.py:190} INFO - [2025-09-25T05:17:19.450+0000] {dag.py:4180} INFO - Setting next_dagrun for example_params_trigger_ui to None, run_after=None
[2025-09-25T05:17:19.465+0000] {processor.py:208} INFO - Processing /home/airflow/.local/lib/python3.12/site-packages/airflow/example_dags/example_params_trigger_ui.py took 0.079 seconds
[2025-09-25T05:17:50.676+0000] {processor.py:186} INFO - Started process (PID=730) to work on /home/airflow/.local/lib/python3.12/site-packages/airflow/example_dags/example_params_trigger_ui.py
[2025-09-25T05:17:50.677+0000] {processor.py:914} INFO - Processing file /home/airflow/.local/lib/python3.12/site-packages/airflow/example_dags/example_params_trigger_ui.py for tasks to queue
[2025-09-25T05:17:50.679+0000] {logging_mixin.py:190} INFO - [2025-09-25T05:17:50.679+0000] {dagbag.py:588} INFO - Filling up the DagBag from /home/airflow/.local/lib/python3.12/site-packages/airflow/example_dags/example_params_trigger_ui.py
[2025-09-25T05:17:50.694+0000] {processor.py:925} INFO - DAG(s) 'example_params_trigger_ui' retrieved from /home/airflow/.local/lib/python3.12/site-packages/airflow/example_dags/example_params_trigger_ui.py
[2025-09-25T05:17:50.728+0000] {logging_mixin.py:190} INFO - [2025-09-25T05:17:50.727+0000] {dag.py:3239} INFO - Sync 1 DAGs
[2025-09-25T05:17:50.739+0000] {logging_mixin.py:190} INFO - [2025-09-25T05:17:50.739+0000] {dag.py:4180} INFO - Setting next_dagrun for example_params_trigger_ui to None, run_after=None
[2025-09-25T05:17:50.754+0000] {processor.py:208} INFO - Processing /home/airflow/.local/lib/python3.12/site-packages/airflow/example_dags/example_params_trigger_ui.py took 0.084 seconds
[2025-09-25T05:18:22.241+0000] {processor.py:186} INFO - Started process (PID=795) to work on /home/airflow/.local/lib/python3.12/site-packages/airflow/example_dags/example_params_trigger_ui.py
[2025-09-25T05:18:22.242+0000] {processor.py:914} INFO - Processing file /home/airflow/.local/lib/python3.12/site-packages/airflow/example_dags/example_params_trigger_ui.py for tasks to queue
[2025-09-25T05:18:22.245+0000] {logging_mixin.py:190} INFO - [2025-09-25T05:18:22.244+0000] {dagbag.py:588} INFO - Filling up the DagBag from /home/airflow/.local/lib/python3.12/site-packages/airflow/example_dags/example_params_trigger_ui.py
[2025-09-25T05:18:22.257+0000] {processor.py:925} INFO - DAG(s) 'example_params_trigger_ui' retrieved from /home/airflow/.local/lib/python3.12/site-packages/airflow/example_dags/example_params_trigger_ui.py
[2025-09-25T05:18:22.305+0000] {logging_mixin.py:190} INFO - [2025-09-25T05:18:22.305+0000] {dag.py:3239} INFO - Sync 1 DAGs
[2025-09-25T05:18:22.318+0000] {logging_mixin.py:190} INFO - [2025-09-25T05:18:22.318+0000] {dag.py:4180} INFO - Setting next_dagrun for example_params_trigger_ui to None, run_after=None
[2025-09-25T05:18:22.335+0000] {processor.py:208} INFO - Processing /home/airflow/.local/lib/python3.12/site-packages/airflow/example_dags/example_params_trigger_ui.py took 0.102 seconds
[2025-09-25T05:18:53.466+0000] {processor.py:186} INFO - Started process (PID=860) to work on /home/airflow/.local/lib/python3.12/site-packages/airflow/example_dags/example_params_trigger_ui.py
[2025-09-25T05:18:53.467+0000] {processor.py:914} INFO - Processing file /home/airflow/.local/lib/python3.12/site-packages/airflow/example_dags/example_params_trigger_ui.py for tasks to queue
[2025-09-25T05:18:53.469+0000] {logging_mixin.py:190} INFO - [2025-09-25T05:18:53.468+0000] {dagbag.py:588} INFO - Filling up the DagBag from /home/airflow/.local/lib/python3.12/site-packages/airflow/example_dags/example_params_trigger_ui.py
[2025-09-25T05:18:53.480+0000] {processor.py:925} INFO - DAG(s) 'example_params_trigger_ui' retrieved from /home/airflow/.local/lib/python3.12/site-packages/airflow/example_dags/example_params_trigger_ui.py
[2025-09-25T05:18:53.517+0000] {logging_mixin.py:190} INFO - [2025-09-25T05:18:53.517+0000] {dag.py:3239} INFO - Sync 1 DAGs
[2025-09-25T05:18:53.530+0000] {logging_mixin.py:190} INFO - [2025-09-25T05:18:53.529+0000] {dag.py:4180} INFO - Setting next_dagrun for example_params_trigger_ui to None, run_after=None
[2025-09-25T05:18:53.545+0000] {processor.py:208} INFO - Processing /home/airflow/.local/lib/python3.12/site-packages/airflow/example_dags/example_params_trigger_ui.py took 0.086 seconds
[2025-09-25T05:19:24.747+0000] {processor.py:186} INFO - Started process (PID=931) to work on /home/airflow/.local/lib/python3.12/site-packages/airflow/example_dags/example_params_trigger_ui.py
[2025-09-25T05:19:24.749+0000] {processor.py:914} INFO - Processing file /home/airflow/.local/lib/python3.12/site-packages/airflow/example_dags/example_params_trigger_ui.py for tasks to queue
[2025-09-25T05:19:24.752+0000] {logging_mixin.py:190} INFO - [2025-09-25T05:19:24.751+0000] {dagbag.py:588} INFO - Filling up the DagBag from /home/airflow/.local/lib/python3.12/site-packages/airflow/example_dags/example_params_trigger_ui.py
[2025-09-25T05:19:24.762+0000] {processor.py:925} INFO - DAG(s) 'example_params_trigger_ui' retrieved from /home/airflow/.local/lib/python3.12/site-packages/airflow/example_dags/example_params_trigger_ui.py
[2025-09-25T05:19:24.797+0000] {logging_mixin.py:190} INFO - [2025-09-25T05:19:24.797+0000] {dag.py:3239} INFO - Sync 1 DAGs
[2025-09-25T05:19:24.809+0000] {logging_mixin.py:190} INFO - [2025-09-25T05:19:24.809+0000] {dag.py:4180} INFO - Setting next_dagrun for example_params_trigger_ui to None, run_after=None
[2025-09-25T05:19:24.826+0000] {processor.py:208} INFO - Processing /home/airflow/.local/lib/python3.12/site-packages/airflow/example_dags/example_params_trigger_ui.py took 0.085 seconds
[2025-09-25T05:19:55.984+0000] {processor.py:186} INFO - Started process (PID=996) to work on /home/airflow/.local/lib/python3.12/site-packages/airflow/example_dags/example_params_trigger_ui.py
[2025-09-25T05:19:55.985+0000] {processor.py:914} INFO - Processing file /home/airflow/.local/lib/python3.12/site-packages/airflow/example_dags/example_params_trigger_ui.py for tasks to queue
[2025-09-25T05:19:55.987+0000] {logging_mixin.py:190} INFO - [2025-09-25T05:19:55.987+0000] {dagbag.py:588} INFO - Filling up the DagBag from /home/airflow/.local/lib/python3.12/site-packages/airflow/example_dags/example_params_trigger_ui.py
[2025-09-25T05:19:55.997+0000] {processor.py:925} INFO - DAG(s) 'example_params_trigger_ui' retrieved from /home/airflow/.local/lib/python3.12/site-packages/airflow/example_dags/example_params_trigger_ui.py
[2025-09-25T05:19:56.033+0000] {logging_mixin.py:190} INFO - [2025-09-25T05:19:56.033+0000] {dag.py:3239} INFO - Sync 1 DAGs
[2025-09-25T05:19:56.046+0000] {logging_mixin.py:190} INFO - [2025-09-25T05:19:56.046+0000] {dag.py:4180} INFO - Setting next_dagrun for example_params_trigger_ui to None, run_after=None
[2025-09-25T05:19:56.062+0000] {processor.py:208} INFO - Processing /home/airflow/.local/lib/python3.12/site-packages/airflow/example_dags/example_params_trigger_ui.py took 0.083 seconds
[2025-09-25T05:25:41.765+0000] {processor.py:186} INFO - Started process (PID=79) to work on /home/airflow/.local/lib/python3.12/site-packages/airflow/example_dags/example_params_trigger_ui.py
[2025-09-25T05:25:41.766+0000] {processor.py:914} INFO - Processing file /home/airflow/.local/lib/python3.12/site-packages/airflow/example_dags/example_params_trigger_ui.py for tasks to queue
[2025-09-25T05:25:41.768+0000] {logging_mixin.py:190} INFO - [2025-09-25T05:25:41.768+0000] {dagbag.py:588} INFO - Filling up the DagBag from /home/airflow/.local/lib/python3.12/site-packages/airflow/example_dags/example_params_trigger_ui.py
[2025-09-25T05:25:41.779+0000] {processor.py:925} INFO - DAG(s) 'example_params_trigger_ui' retrieved from /home/airflow/.local/lib/python3.12/site-packages/airflow/example_dags/example_params_trigger_ui.py
[2025-09-25T05:25:41.898+0000] {logging_mixin.py:190} INFO - [2025-09-25T05:25:41.898+0000] {dag.py:3239} INFO - Sync 1 DAGs
[2025-09-25T05:25:41.908+0000] {logging_mixin.py:190} INFO - [2025-09-25T05:25:41.908+0000] {dag.py:4180} INFO - Setting next_dagrun for example_params_trigger_ui to None, run_after=None
[2025-09-25T05:25:41.926+0000] {processor.py:208} INFO - Processing /home/airflow/.local/lib/python3.12/site-packages/airflow/example_dags/example_params_trigger_ui.py took 0.167 seconds
[2025-09-25T05:26:12.270+0000] {processor.py:186} INFO - Started process (PID=144) to work on /home/airflow/.local/lib/python3.12/site-packages/airflow/example_dags/example_params_trigger_ui.py
[2025-09-25T05:26:12.271+0000] {processor.py:914} INFO - Processing file /home/airflow/.local/lib/python3.12/site-packages/airflow/example_dags/example_params_trigger_ui.py for tasks to queue
[2025-09-25T05:26:12.273+0000] {logging_mixin.py:190} INFO - [2025-09-25T05:26:12.273+0000] {dagbag.py:588} INFO - Filling up the DagBag from /home/airflow/.local/lib/python3.12/site-packages/airflow/example_dags/example_params_trigger_ui.py
[2025-09-25T05:26:12.283+0000] {processor.py:925} INFO - DAG(s) 'example_params_trigger_ui' retrieved from /home/airflow/.local/lib/python3.12/site-packages/airflow/example_dags/example_params_trigger_ui.py
[2025-09-25T05:26:12.317+0000] {logging_mixin.py:190} INFO - [2025-09-25T05:26:12.317+0000] {dag.py:3239} INFO - Sync 1 DAGs
[2025-09-25T05:26:12.329+0000] {logging_mixin.py:190} INFO - [2025-09-25T05:26:12.328+0000] {dag.py:4180} INFO - Setting next_dagrun for example_params_trigger_ui to None, run_after=None
[2025-09-25T05:26:12.344+0000] {processor.py:208} INFO - Processing /home/airflow/.local/lib/python3.12/site-packages/airflow/example_dags/example_params_trigger_ui.py took 0.079 seconds
[2025-09-25T05:26:43.656+0000] {processor.py:186} INFO - Started process (PID=209) to work on /home/airflow/.local/lib/python3.12/site-packages/airflow/example_dags/example_params_trigger_ui.py
[2025-09-25T05:26:43.657+0000] {processor.py:914} INFO - Processing file /home/airflow/.local/lib/python3.12/site-packages/airflow/example_dags/example_params_trigger_ui.py for tasks to queue
[2025-09-25T05:26:43.659+0000] {logging_mixin.py:190} INFO - [2025-09-25T05:26:43.659+0000] {dagbag.py:588} INFO - Filling up the DagBag from /home/airflow/.local/lib/python3.12/site-packages/airflow/example_dags/example_params_trigger_ui.py
[2025-09-25T05:26:43.671+0000] {processor.py:925} INFO - DAG(s) 'example_params_trigger_ui' retrieved from /home/airflow/.local/lib/python3.12/site-packages/airflow/example_dags/example_params_trigger_ui.py
[2025-09-25T05:26:43.707+0000] {logging_mixin.py:190} INFO - [2025-09-25T05:26:43.707+0000] {dag.py:3239} INFO - Sync 1 DAGs
[2025-09-25T05:26:43.723+0000] {logging_mixin.py:190} INFO - [2025-09-25T05:26:43.723+0000] {dag.py:4180} INFO - Setting next_dagrun for example_params_trigger_ui to None, run_after=None
[2025-09-25T05:26:43.740+0000] {processor.py:208} INFO - Processing /home/airflow/.local/lib/python3.12/site-packages/airflow/example_dags/example_params_trigger_ui.py took 0.090 seconds
[2025-09-25T05:27:14.472+0000] {processor.py:186} INFO - Started process (PID=274) to work on /home/airflow/.local/lib/python3.12/site-packages/airflow/example_dags/example_params_trigger_ui.py
[2025-09-25T05:27:14.473+0000] {processor.py:914} INFO - Processing file /home/airflow/.local/lib/python3.12/site-packages/airflow/example_dags/example_params_trigger_ui.py for tasks to queue
[2025-09-25T05:27:14.475+0000] {logging_mixin.py:190} INFO - [2025-09-25T05:27:14.475+0000] {dagbag.py:588} INFO - Filling up the DagBag from /home/airflow/.local/lib/python3.12/site-packages/airflow/example_dags/example_params_trigger_ui.py
[2025-09-25T05:27:14.486+0000] {processor.py:925} INFO - DAG(s) 'example_params_trigger_ui' retrieved from /home/airflow/.local/lib/python3.12/site-packages/airflow/example_dags/example_params_trigger_ui.py
[2025-09-25T05:27:14.521+0000] {logging_mixin.py:190} INFO - [2025-09-25T05:27:14.521+0000] {dag.py:3239} INFO - Sync 1 DAGs
[2025-09-25T05:27:14.534+0000] {logging_mixin.py:190} INFO - [2025-09-25T05:27:14.534+0000] {dag.py:4180} INFO - Setting next_dagrun for example_params_trigger_ui to None, run_after=None
[2025-09-25T05:27:14.550+0000] {processor.py:208} INFO - Processing /home/airflow/.local/lib/python3.12/site-packages/airflow/example_dags/example_params_trigger_ui.py took 0.083 seconds
[2025-09-25T05:27:45.244+0000] {processor.py:186} INFO - Started process (PID=339) to work on /home/airflow/.local/lib/python3.12/site-packages/airflow/example_dags/example_params_trigger_ui.py
[2025-09-25T05:27:45.247+0000] {processor.py:914} INFO - Processing file /home/airflow/.local/lib/python3.12/site-packages/airflow/example_dags/example_params_trigger_ui.py for tasks to queue
[2025-09-25T05:27:45.249+0000] {logging_mixin.py:190} INFO - [2025-09-25T05:27:45.249+0000] {dagbag.py:588} INFO - Filling up the DagBag from /home/airflow/.local/lib/python3.12/site-packages/airflow/example_dags/example_params_trigger_ui.py
[2025-09-25T05:27:45.263+0000] {processor.py:925} INFO - DAG(s) 'example_params_trigger_ui' retrieved from /home/airflow/.local/lib/python3.12/site-packages/airflow/example_dags/example_params_trigger_ui.py
[2025-09-25T05:27:45.303+0000] {logging_mixin.py:190} INFO - [2025-09-25T05:27:45.303+0000] {dag.py:3239} INFO - Sync 1 DAGs
[2025-09-25T05:27:45.323+0000] {logging_mixin.py:190} INFO - [2025-09-25T05:27:45.323+0000] {dag.py:4180} INFO - Setting next_dagrun for example_params_trigger_ui to None, run_after=None
[2025-09-25T05:27:45.344+0000] {processor.py:208} INFO - Processing /home/airflow/.local/lib/python3.12/site-packages/airflow/example_dags/example_params_trigger_ui.py took 0.106 seconds
[2025-09-25T05:28:56.673+0000] {processor.py:186} INFO - Started process (PID=80) to work on /home/airflow/.local/lib/python3.12/site-packages/airflow/example_dags/example_params_trigger_ui.py
[2025-09-25T05:28:56.674+0000] {processor.py:914} INFO - Processing file /home/airflow/.local/lib/python3.12/site-packages/airflow/example_dags/example_params_trigger_ui.py for tasks to queue
[2025-09-25T05:28:56.676+0000] {logging_mixin.py:190} INFO - [2025-09-25T05:28:56.675+0000] {dagbag.py:588} INFO - Filling up the DagBag from /home/airflow/.local/lib/python3.12/site-packages/airflow/example_dags/example_params_trigger_ui.py
[2025-09-25T05:28:56.685+0000] {processor.py:925} INFO - DAG(s) 'example_params_trigger_ui' retrieved from /home/airflow/.local/lib/python3.12/site-packages/airflow/example_dags/example_params_trigger_ui.py
[2025-09-25T05:28:56.720+0000] {logging_mixin.py:190} INFO - [2025-09-25T05:28:56.720+0000] {dag.py:3239} INFO - Sync 1 DAGs
[2025-09-25T05:28:56.733+0000] {logging_mixin.py:190} INFO - [2025-09-25T05:28:56.733+0000] {dag.py:4180} INFO - Setting next_dagrun for example_params_trigger_ui to None, run_after=None
[2025-09-25T05:28:56.747+0000] {processor.py:208} INFO - Processing /home/airflow/.local/lib/python3.12/site-packages/airflow/example_dags/example_params_trigger_ui.py took 0.079 seconds
[2025-09-25T05:29:27.250+0000] {processor.py:186} INFO - Started process (PID=144) to work on /home/airflow/.local/lib/python3.12/site-packages/airflow/example_dags/example_params_trigger_ui.py
[2025-09-25T05:29:27.251+0000] {processor.py:914} INFO - Processing file /home/airflow/.local/lib/python3.12/site-packages/airflow/example_dags/example_params_trigger_ui.py for tasks to queue
[2025-09-25T05:29:27.254+0000] {logging_mixin.py:190} INFO - [2025-09-25T05:29:27.253+0000] {dagbag.py:588} INFO - Filling up the DagBag from /home/airflow/.local/lib/python3.12/site-packages/airflow/example_dags/example_params_trigger_ui.py
[2025-09-25T05:29:27.263+0000] {processor.py:925} INFO - DAG(s) 'example_params_trigger_ui' retrieved from /home/airflow/.local/lib/python3.12/site-packages/airflow/example_dags/example_params_trigger_ui.py
[2025-09-25T05:29:27.299+0000] {logging_mixin.py:190} INFO - [2025-09-25T05:29:27.299+0000] {dag.py:3239} INFO - Sync 1 DAGs
[2025-09-25T05:29:27.312+0000] {logging_mixin.py:190} INFO - [2025-09-25T05:29:27.312+0000] {dag.py:4180} INFO - Setting next_dagrun for example_params_trigger_ui to None, run_after=None
[2025-09-25T05:29:27.329+0000] {processor.py:208} INFO - Processing /home/airflow/.local/lib/python3.12/site-packages/airflow/example_dags/example_params_trigger_ui.py took 0.084 seconds
[2025-09-25T05:29:58.120+0000] {processor.py:186} INFO - Started process (PID=209) to work on /home/airflow/.local/lib/python3.12/site-packages/airflow/example_dags/example_params_trigger_ui.py
[2025-09-25T05:29:58.121+0000] {processor.py:914} INFO - Processing file /home/airflow/.local/lib/python3.12/site-packages/airflow/example_dags/example_params_trigger_ui.py for tasks to queue
[2025-09-25T05:29:58.123+0000] {logging_mixin.py:190} INFO - [2025-09-25T05:29:58.122+0000] {dagbag.py:588} INFO - Filling up the DagBag from /home/airflow/.local/lib/python3.12/site-packages/airflow/example_dags/example_params_trigger_ui.py
[2025-09-25T05:29:58.132+0000] {processor.py:925} INFO - DAG(s) 'example_params_trigger_ui' retrieved from /home/airflow/.local/lib/python3.12/site-packages/airflow/example_dags/example_params_trigger_ui.py
[2025-09-25T05:29:58.166+0000] {logging_mixin.py:190} INFO - [2025-09-25T05:29:58.166+0000] {dag.py:3239} INFO - Sync 1 DAGs
[2025-09-25T05:29:58.178+0000] {logging_mixin.py:190} INFO - [2025-09-25T05:29:58.178+0000] {dag.py:4180} INFO - Setting next_dagrun for example_params_trigger_ui to None, run_after=None
[2025-09-25T05:29:58.195+0000] {processor.py:208} INFO - Processing /home/airflow/.local/lib/python3.12/site-packages/airflow/example_dags/example_params_trigger_ui.py took 0.080 seconds
[2025-09-25T05:30:29.862+0000] {processor.py:186} INFO - Started process (PID=275) to work on /home/airflow/.local/lib/python3.12/site-packages/airflow/example_dags/example_params_trigger_ui.py
[2025-09-25T05:30:29.863+0000] {processor.py:914} INFO - Processing file /home/airflow/.local/lib/python3.12/site-packages/airflow/example_dags/example_params_trigger_ui.py for tasks to queue
[2025-09-25T05:30:29.865+0000] {logging_mixin.py:190} INFO - [2025-09-25T05:30:29.864+0000] {dagbag.py:588} INFO - Filling up the DagBag from /home/airflow/.local/lib/python3.12/site-packages/airflow/example_dags/example_params_trigger_ui.py
[2025-09-25T05:30:29.874+0000] {processor.py:925} INFO - DAG(s) 'example_params_trigger_ui' retrieved from /home/airflow/.local/lib/python3.12/site-packages/airflow/example_dags/example_params_trigger_ui.py
[2025-09-25T05:30:29.906+0000] {logging_mixin.py:190} INFO - [2025-09-25T05:30:29.905+0000] {dag.py:3239} INFO - Sync 1 DAGs
[2025-09-25T05:30:29.916+0000] {logging_mixin.py:190} INFO - [2025-09-25T05:30:29.916+0000] {dag.py:4180} INFO - Setting next_dagrun for example_params_trigger_ui to None, run_after=None
[2025-09-25T05:30:29.931+0000] {processor.py:208} INFO - Processing /home/airflow/.local/lib/python3.12/site-packages/airflow/example_dags/example_params_trigger_ui.py took 0.074 seconds
[2025-09-25T05:31:00.725+0000] {processor.py:186} INFO - Started process (PID=340) to work on /home/airflow/.local/lib/python3.12/site-packages/airflow/example_dags/example_params_trigger_ui.py
[2025-09-25T05:31:00.726+0000] {processor.py:914} INFO - Processing file /home/airflow/.local/lib/python3.12/site-packages/airflow/example_dags/example_params_trigger_ui.py for tasks to queue
[2025-09-25T05:31:00.728+0000] {logging_mixin.py:190} INFO - [2025-09-25T05:31:00.728+0000] {dagbag.py:588} INFO - Filling up the DagBag from /home/airflow/.local/lib/python3.12/site-packages/airflow/example_dags/example_params_trigger_ui.py
[2025-09-25T05:31:00.738+0000] {processor.py:925} INFO - DAG(s) 'example_params_trigger_ui' retrieved from /home/airflow/.local/lib/python3.12/site-packages/airflow/example_dags/example_params_trigger_ui.py
[2025-09-25T05:31:00.777+0000] {logging_mixin.py:190} INFO - [2025-09-25T05:31:00.776+0000] {dag.py:3239} INFO - Sync 1 DAGs
[2025-09-25T05:31:00.791+0000] {logging_mixin.py:190} INFO - [2025-09-25T05:31:00.791+0000] {dag.py:4180} INFO - Setting next_dagrun for example_params_trigger_ui to None, run_after=None
[2025-09-25T05:31:00.807+0000] {processor.py:208} INFO - Processing /home/airflow/.local/lib/python3.12/site-packages/airflow/example_dags/example_params_trigger_ui.py took 0.088 seconds
[2025-09-25T05:31:31.793+0000] {processor.py:186} INFO - Started process (PID=405) to work on /home/airflow/.local/lib/python3.12/site-packages/airflow/example_dags/example_params_trigger_ui.py
[2025-09-25T05:31:31.794+0000] {processor.py:914} INFO - Processing file /home/airflow/.local/lib/python3.12/site-packages/airflow/example_dags/example_params_trigger_ui.py for tasks to queue
[2025-09-25T05:31:31.796+0000] {logging_mixin.py:190} INFO - [2025-09-25T05:31:31.796+0000] {dagbag.py:588} INFO - Filling up the DagBag from /home/airflow/.local/lib/python3.12/site-packages/airflow/example_dags/example_params_trigger_ui.py
[2025-09-25T05:31:31.806+0000] {processor.py:925} INFO - DAG(s) 'example_params_trigger_ui' retrieved from /home/airflow/.local/lib/python3.12/site-packages/airflow/example_dags/example_params_trigger_ui.py
[2025-09-25T05:31:31.841+0000] {logging_mixin.py:190} INFO - [2025-09-25T05:31:31.841+0000] {dag.py:3239} INFO - Sync 1 DAGs
[2025-09-25T05:31:31.853+0000] {logging_mixin.py:190} INFO - [2025-09-25T05:31:31.853+0000] {dag.py:4180} INFO - Setting next_dagrun for example_params_trigger_ui to None, run_after=None
[2025-09-25T05:31:31.869+0000] {processor.py:208} INFO - Processing /home/airflow/.local/lib/python3.12/site-packages/airflow/example_dags/example_params_trigger_ui.py took 0.082 seconds
[2025-09-25T05:32:02.902+0000] {processor.py:186} INFO - Started process (PID=470) to work on /home/airflow/.local/lib/python3.12/site-packages/airflow/example_dags/example_params_trigger_ui.py
[2025-09-25T05:32:02.904+0000] {processor.py:914} INFO - Processing file /home/airflow/.local/lib/python3.12/site-packages/airflow/example_dags/example_params_trigger_ui.py for tasks to queue
[2025-09-25T05:32:02.907+0000] {logging_mixin.py:190} INFO - [2025-09-25T05:32:02.906+0000] {dagbag.py:588} INFO - Filling up the DagBag from /home/airflow/.local/lib/python3.12/site-packages/airflow/example_dags/example_params_trigger_ui.py
[2025-09-25T05:32:02.917+0000] {processor.py:925} INFO - DAG(s) 'example_params_trigger_ui' retrieved from /home/airflow/.local/lib/python3.12/site-packages/airflow/example_dags/example_params_trigger_ui.py
[2025-09-25T05:32:02.955+0000] {logging_mixin.py:190} INFO - [2025-09-25T05:32:02.955+0000] {dag.py:3239} INFO - Sync 1 DAGs
[2025-09-25T05:32:02.970+0000] {logging_mixin.py:190} INFO - [2025-09-25T05:32:02.969+0000] {dag.py:4180} INFO - Setting next_dagrun for example_params_trigger_ui to None, run_after=None
[2025-09-25T05:32:02.986+0000] {processor.py:208} INFO - Processing /home/airflow/.local/lib/python3.12/site-packages/airflow/example_dags/example_params_trigger_ui.py took 0.089 seconds
[2025-09-25T05:32:34.690+0000] {processor.py:186} INFO - Started process (PID=535) to work on /home/airflow/.local/lib/python3.12/site-packages/airflow/example_dags/example_params_trigger_ui.py
[2025-09-25T05:32:34.692+0000] {processor.py:914} INFO - Processing file /home/airflow/.local/lib/python3.12/site-packages/airflow/example_dags/example_params_trigger_ui.py for tasks to queue
[2025-09-25T05:32:34.694+0000] {logging_mixin.py:190} INFO - [2025-09-25T05:32:34.693+0000] {dagbag.py:588} INFO - Filling up the DagBag from /home/airflow/.local/lib/python3.12/site-packages/airflow/example_dags/example_params_trigger_ui.py
[2025-09-25T05:32:34.705+0000] {processor.py:925} INFO - DAG(s) 'example_params_trigger_ui' retrieved from /home/airflow/.local/lib/python3.12/site-packages/airflow/example_dags/example_params_trigger_ui.py
[2025-09-25T05:32:34.747+0000] {logging_mixin.py:190} INFO - [2025-09-25T05:32:34.747+0000] {dag.py:3239} INFO - Sync 1 DAGs
[2025-09-25T05:32:34.762+0000] {logging_mixin.py:190} INFO - [2025-09-25T05:32:34.761+0000] {dag.py:4180} INFO - Setting next_dagrun for example_params_trigger_ui to None, run_after=None
[2025-09-25T05:32:34.783+0000] {processor.py:208} INFO - Processing /home/airflow/.local/lib/python3.12/site-packages/airflow/example_dags/example_params_trigger_ui.py took 0.100 seconds
[2025-09-25T05:33:05.135+0000] {processor.py:186} INFO - Started process (PID=600) to work on /home/airflow/.local/lib/python3.12/site-packages/airflow/example_dags/example_params_trigger_ui.py
[2025-09-25T05:33:05.136+0000] {processor.py:914} INFO - Processing file /home/airflow/.local/lib/python3.12/site-packages/airflow/example_dags/example_params_trigger_ui.py for tasks to queue
[2025-09-25T05:33:05.138+0000] {logging_mixin.py:190} INFO - [2025-09-25T05:33:05.138+0000] {dagbag.py:588} INFO - Filling up the DagBag from /home/airflow/.local/lib/python3.12/site-packages/airflow/example_dags/example_params_trigger_ui.py
[2025-09-25T05:33:05.152+0000] {processor.py:925} INFO - DAG(s) 'example_params_trigger_ui' retrieved from /home/airflow/.local/lib/python3.12/site-packages/airflow/example_dags/example_params_trigger_ui.py
[2025-09-25T05:33:05.192+0000] {logging_mixin.py:190} INFO - [2025-09-25T05:33:05.191+0000] {dag.py:3239} INFO - Sync 1 DAGs
[2025-09-25T05:33:05.205+0000] {logging_mixin.py:190} INFO - [2025-09-25T05:33:05.205+0000] {dag.py:4180} INFO - Setting next_dagrun for example_params_trigger_ui to None, run_after=None
[2025-09-25T05:33:05.221+0000] {processor.py:208} INFO - Processing /home/airflow/.local/lib/python3.12/site-packages/airflow/example_dags/example_params_trigger_ui.py took 0.093 seconds
[2025-09-25T05:33:36.293+0000] {processor.py:186} INFO - Started process (PID=665) to work on /home/airflow/.local/lib/python3.12/site-packages/airflow/example_dags/example_params_trigger_ui.py
[2025-09-25T05:33:36.294+0000] {processor.py:914} INFO - Processing file /home/airflow/.local/lib/python3.12/site-packages/airflow/example_dags/example_params_trigger_ui.py for tasks to queue
[2025-09-25T05:33:36.296+0000] {logging_mixin.py:190} INFO - [2025-09-25T05:33:36.296+0000] {dagbag.py:588} INFO - Filling up the DagBag from /home/airflow/.local/lib/python3.12/site-packages/airflow/example_dags/example_params_trigger_ui.py
[2025-09-25T05:33:36.306+0000] {processor.py:925} INFO - DAG(s) 'example_params_trigger_ui' retrieved from /home/airflow/.local/lib/python3.12/site-packages/airflow/example_dags/example_params_trigger_ui.py
[2025-09-25T05:33:36.342+0000] {logging_mixin.py:190} INFO - [2025-09-25T05:33:36.342+0000] {dag.py:3239} INFO - Sync 1 DAGs
[2025-09-25T05:33:36.355+0000] {logging_mixin.py:190} INFO - [2025-09-25T05:33:36.355+0000] {dag.py:4180} INFO - Setting next_dagrun for example_params_trigger_ui to None, run_after=None
[2025-09-25T05:33:36.371+0000] {processor.py:208} INFO - Processing /home/airflow/.local/lib/python3.12/site-packages/airflow/example_dags/example_params_trigger_ui.py took 0.085 seconds
[2025-09-25T05:34:07.430+0000] {processor.py:186} INFO - Started process (PID=730) to work on /home/airflow/.local/lib/python3.12/site-packages/airflow/example_dags/example_params_trigger_ui.py
[2025-09-25T05:34:07.431+0000] {processor.py:914} INFO - Processing file /home/airflow/.local/lib/python3.12/site-packages/airflow/example_dags/example_params_trigger_ui.py for tasks to queue
[2025-09-25T05:34:07.433+0000] {logging_mixin.py:190} INFO - [2025-09-25T05:34:07.433+0000] {dagbag.py:588} INFO - Filling up the DagBag from /home/airflow/.local/lib/python3.12/site-packages/airflow/example_dags/example_params_trigger_ui.py
[2025-09-25T05:34:07.443+0000] {processor.py:925} INFO - DAG(s) 'example_params_trigger_ui' retrieved from /home/airflow/.local/lib/python3.12/site-packages/airflow/example_dags/example_params_trigger_ui.py
[2025-09-25T05:34:07.478+0000] {logging_mixin.py:190} INFO - [2025-09-25T05:34:07.478+0000] {dag.py:3239} INFO - Sync 1 DAGs
[2025-09-25T05:34:07.490+0000] {logging_mixin.py:190} INFO - [2025-09-25T05:34:07.490+0000] {dag.py:4180} INFO - Setting next_dagrun for example_params_trigger_ui to None, run_after=None
[2025-09-25T05:34:07.507+0000] {processor.py:208} INFO - Processing /home/airflow/.local/lib/python3.12/site-packages/airflow/example_dags/example_params_trigger_ui.py took 0.082 seconds
[2025-09-25T05:34:38.663+0000] {processor.py:186} INFO - Started process (PID=795) to work on /home/airflow/.local/lib/python3.12/site-packages/airflow/example_dags/example_params_trigger_ui.py
[2025-09-25T05:34:38.664+0000] {processor.py:914} INFO - Processing file /home/airflow/.local/lib/python3.12/site-packages/airflow/example_dags/example_params_trigger_ui.py for tasks to queue
[2025-09-25T05:34:38.666+0000] {logging_mixin.py:190} INFO - [2025-09-25T05:34:38.666+0000] {dagbag.py:588} INFO - Filling up the DagBag from /home/airflow/.local/lib/python3.12/site-packages/airflow/example_dags/example_params_trigger_ui.py
[2025-09-25T05:34:38.678+0000] {processor.py:925} INFO - DAG(s) 'example_params_trigger_ui' retrieved from /home/airflow/.local/lib/python3.12/site-packages/airflow/example_dags/example_params_trigger_ui.py
[2025-09-25T05:34:38.715+0000] {logging_mixin.py:190} INFO - [2025-09-25T05:34:38.715+0000] {dag.py:3239} INFO - Sync 1 DAGs
[2025-09-25T05:34:38.728+0000] {logging_mixin.py:190} INFO - [2025-09-25T05:34:38.728+0000] {dag.py:4180} INFO - Setting next_dagrun for example_params_trigger_ui to None, run_after=None
[2025-09-25T05:34:38.745+0000] {processor.py:208} INFO - Processing /home/airflow/.local/lib/python3.12/site-packages/airflow/example_dags/example_params_trigger_ui.py took 0.089 seconds
[2025-09-25T05:35:09.912+0000] {processor.py:186} INFO - Started process (PID=860) to work on /home/airflow/.local/lib/python3.12/site-packages/airflow/example_dags/example_params_trigger_ui.py
[2025-09-25T05:35:09.913+0000] {processor.py:914} INFO - Processing file /home/airflow/.local/lib/python3.12/site-packages/airflow/example_dags/example_params_trigger_ui.py for tasks to queue
[2025-09-25T05:35:09.915+0000] {logging_mixin.py:190} INFO - [2025-09-25T05:35:09.915+0000] {dagbag.py:588} INFO - Filling up the DagBag from /home/airflow/.local/lib/python3.12/site-packages/airflow/example_dags/example_params_trigger_ui.py
[2025-09-25T05:35:09.927+0000] {processor.py:925} INFO - DAG(s) 'example_params_trigger_ui' retrieved from /home/airflow/.local/lib/python3.12/site-packages/airflow/example_dags/example_params_trigger_ui.py
[2025-09-25T05:35:09.966+0000] {logging_mixin.py:190} INFO - [2025-09-25T05:35:09.966+0000] {dag.py:3239} INFO - Sync 1 DAGs
[2025-09-25T05:35:09.978+0000] {logging_mixin.py:190} INFO - [2025-09-25T05:35:09.978+0000] {dag.py:4180} INFO - Setting next_dagrun for example_params_trigger_ui to None, run_after=None
[2025-09-25T05:35:09.993+0000] {processor.py:208} INFO - Processing /home/airflow/.local/lib/python3.12/site-packages/airflow/example_dags/example_params_trigger_ui.py took 0.087 seconds
[2025-09-25T05:35:41.219+0000] {processor.py:186} INFO - Started process (PID=925) to work on /home/airflow/.local/lib/python3.12/site-packages/airflow/example_dags/example_params_trigger_ui.py
[2025-09-25T05:35:41.220+0000] {processor.py:914} INFO - Processing file /home/airflow/.local/lib/python3.12/site-packages/airflow/example_dags/example_params_trigger_ui.py for tasks to queue
[2025-09-25T05:35:41.222+0000] {logging_mixin.py:190} INFO - [2025-09-25T05:35:41.221+0000] {dagbag.py:588} INFO - Filling up the DagBag from /home/airflow/.local/lib/python3.12/site-packages/airflow/example_dags/example_params_trigger_ui.py
[2025-09-25T05:35:41.232+0000] {processor.py:925} INFO - DAG(s) 'example_params_trigger_ui' retrieved from /home/airflow/.local/lib/python3.12/site-packages/airflow/example_dags/example_params_trigger_ui.py
[2025-09-25T05:35:41.269+0000] {logging_mixin.py:190} INFO - [2025-09-25T05:35:41.268+0000] {dag.py:3239} INFO - Sync 1 DAGs
[2025-09-25T05:35:41.282+0000] {logging_mixin.py:190} INFO - [2025-09-25T05:35:41.282+0000] {dag.py:4180} INFO - Setting next_dagrun for example_params_trigger_ui to None, run_after=None
[2025-09-25T05:35:41.298+0000] {processor.py:208} INFO - Processing /home/airflow/.local/lib/python3.12/site-packages/airflow/example_dags/example_params_trigger_ui.py took 0.085 seconds
[2025-09-25T05:36:12.815+0000] {processor.py:186} INFO - Started process (PID=990) to work on /home/airflow/.local/lib/python3.12/site-packages/airflow/example_dags/example_params_trigger_ui.py
[2025-09-25T05:36:12.816+0000] {processor.py:914} INFO - Processing file /home/airflow/.local/lib/python3.12/site-packages/airflow/example_dags/example_params_trigger_ui.py for tasks to queue
[2025-09-25T05:36:12.818+0000] {logging_mixin.py:190} INFO - [2025-09-25T05:36:12.817+0000] {dagbag.py:588} INFO - Filling up the DagBag from /home/airflow/.local/lib/python3.12/site-packages/airflow/example_dags/example_params_trigger_ui.py
[2025-09-25T05:36:12.827+0000] {processor.py:925} INFO - DAG(s) 'example_params_trigger_ui' retrieved from /home/airflow/.local/lib/python3.12/site-packages/airflow/example_dags/example_params_trigger_ui.py
[2025-09-25T05:36:12.862+0000] {logging_mixin.py:190} INFO - [2025-09-25T05:36:12.861+0000] {dag.py:3239} INFO - Sync 1 DAGs
[2025-09-25T05:36:12.874+0000] {logging_mixin.py:190} INFO - [2025-09-25T05:36:12.874+0000] {dag.py:4180} INFO - Setting next_dagrun for example_params_trigger_ui to None, run_after=None
[2025-09-25T05:36:12.890+0000] {processor.py:208} INFO - Processing /home/airflow/.local/lib/python3.12/site-packages/airflow/example_dags/example_params_trigger_ui.py took 0.081 seconds
[2025-09-25T05:36:43.854+0000] {processor.py:186} INFO - Started process (PID=1055) to work on /home/airflow/.local/lib/python3.12/site-packages/airflow/example_dags/example_params_trigger_ui.py
[2025-09-25T05:36:43.855+0000] {processor.py:914} INFO - Processing file /home/airflow/.local/lib/python3.12/site-packages/airflow/example_dags/example_params_trigger_ui.py for tasks to queue
[2025-09-25T05:36:43.857+0000] {logging_mixin.py:190} INFO - [2025-09-25T05:36:43.857+0000] {dagbag.py:588} INFO - Filling up the DagBag from /home/airflow/.local/lib/python3.12/site-packages/airflow/example_dags/example_params_trigger_ui.py
[2025-09-25T05:36:43.867+0000] {processor.py:925} INFO - DAG(s) 'example_params_trigger_ui' retrieved from /home/airflow/.local/lib/python3.12/site-packages/airflow/example_dags/example_params_trigger_ui.py
[2025-09-25T05:36:43.899+0000] {logging_mixin.py:190} INFO - [2025-09-25T05:36:43.899+0000] {dag.py:3239} INFO - Sync 1 DAGs
[2025-09-25T05:36:43.911+0000] {logging_mixin.py:190} INFO - [2025-09-25T05:36:43.910+0000] {dag.py:4180} INFO - Setting next_dagrun for example_params_trigger_ui to None, run_after=None
[2025-09-25T05:36:43.926+0000] {processor.py:208} INFO - Processing /home/airflow/.local/lib/python3.12/site-packages/airflow/example_dags/example_params_trigger_ui.py took 0.077 seconds
[2025-09-25T05:37:14.536+0000] {processor.py:186} INFO - Started process (PID=1119) to work on /home/airflow/.local/lib/python3.12/site-packages/airflow/example_dags/example_params_trigger_ui.py
[2025-09-25T05:37:14.537+0000] {processor.py:914} INFO - Processing file /home/airflow/.local/lib/python3.12/site-packages/airflow/example_dags/example_params_trigger_ui.py for tasks to queue
[2025-09-25T05:37:14.539+0000] {logging_mixin.py:190} INFO - [2025-09-25T05:37:14.538+0000] {dagbag.py:588} INFO - Filling up the DagBag from /home/airflow/.local/lib/python3.12/site-packages/airflow/example_dags/example_params_trigger_ui.py
[2025-09-25T05:37:14.549+0000] {processor.py:925} INFO - DAG(s) 'example_params_trigger_ui' retrieved from /home/airflow/.local/lib/python3.12/site-packages/airflow/example_dags/example_params_trigger_ui.py
[2025-09-25T05:37:14.583+0000] {logging_mixin.py:190} INFO - [2025-09-25T05:37:14.582+0000] {dag.py:3239} INFO - Sync 1 DAGs
[2025-09-25T05:37:14.594+0000] {logging_mixin.py:190} INFO - [2025-09-25T05:37:14.594+0000] {dag.py:4180} INFO - Setting next_dagrun for example_params_trigger_ui to None, run_after=None
[2025-09-25T05:37:14.610+0000] {processor.py:208} INFO - Processing /home/airflow/.local/lib/python3.12/site-packages/airflow/example_dags/example_params_trigger_ui.py took 0.080 seconds
[2025-09-25T05:37:45.955+0000] {processor.py:186} INFO - Started process (PID=1185) to work on /home/airflow/.local/lib/python3.12/site-packages/airflow/example_dags/example_params_trigger_ui.py
[2025-09-25T05:37:45.956+0000] {processor.py:914} INFO - Processing file /home/airflow/.local/lib/python3.12/site-packages/airflow/example_dags/example_params_trigger_ui.py for tasks to queue
[2025-09-25T05:37:45.958+0000] {logging_mixin.py:190} INFO - [2025-09-25T05:37:45.958+0000] {dagbag.py:588} INFO - Filling up the DagBag from /home/airflow/.local/lib/python3.12/site-packages/airflow/example_dags/example_params_trigger_ui.py
[2025-09-25T05:37:45.968+0000] {processor.py:925} INFO - DAG(s) 'example_params_trigger_ui' retrieved from /home/airflow/.local/lib/python3.12/site-packages/airflow/example_dags/example_params_trigger_ui.py
[2025-09-25T05:37:46.014+0000] {logging_mixin.py:190} INFO - [2025-09-25T05:37:46.014+0000] {dag.py:3239} INFO - Sync 1 DAGs
[2025-09-25T05:37:46.031+0000] {logging_mixin.py:190} INFO - [2025-09-25T05:37:46.030+0000] {dag.py:4180} INFO - Setting next_dagrun for example_params_trigger_ui to None, run_after=None
[2025-09-25T05:37:46.051+0000] {processor.py:208} INFO - Processing /home/airflow/.local/lib/python3.12/site-packages/airflow/example_dags/example_params_trigger_ui.py took 0.101 seconds
[2025-09-25T05:38:17.460+0000] {processor.py:186} INFO - Started process (PID=1250) to work on /home/airflow/.local/lib/python3.12/site-packages/airflow/example_dags/example_params_trigger_ui.py
[2025-09-25T05:38:17.461+0000] {processor.py:914} INFO - Processing file /home/airflow/.local/lib/python3.12/site-packages/airflow/example_dags/example_params_trigger_ui.py for tasks to queue
[2025-09-25T05:38:17.463+0000] {logging_mixin.py:190} INFO - [2025-09-25T05:38:17.463+0000] {dagbag.py:588} INFO - Filling up the DagBag from /home/airflow/.local/lib/python3.12/site-packages/airflow/example_dags/example_params_trigger_ui.py
[2025-09-25T05:38:17.473+0000] {processor.py:925} INFO - DAG(s) 'example_params_trigger_ui' retrieved from /home/airflow/.local/lib/python3.12/site-packages/airflow/example_dags/example_params_trigger_ui.py
[2025-09-25T05:38:17.508+0000] {logging_mixin.py:190} INFO - [2025-09-25T05:38:17.508+0000] {dag.py:3239} INFO - Sync 1 DAGs
[2025-09-25T05:38:17.519+0000] {logging_mixin.py:190} INFO - [2025-09-25T05:38:17.519+0000] {dag.py:4180} INFO - Setting next_dagrun for example_params_trigger_ui to None, run_after=None
[2025-09-25T05:38:17.535+0000] {processor.py:208} INFO - Processing /home/airflow/.local/lib/python3.12/site-packages/airflow/example_dags/example_params_trigger_ui.py took 0.080 seconds
[2025-09-25T05:38:48.616+0000] {processor.py:186} INFO - Started process (PID=1315) to work on /home/airflow/.local/lib/python3.12/site-packages/airflow/example_dags/example_params_trigger_ui.py
[2025-09-25T05:38:48.617+0000] {processor.py:914} INFO - Processing file /home/airflow/.local/lib/python3.12/site-packages/airflow/example_dags/example_params_trigger_ui.py for tasks to queue
[2025-09-25T05:38:48.619+0000] {logging_mixin.py:190} INFO - [2025-09-25T05:38:48.619+0000] {dagbag.py:588} INFO - Filling up the DagBag from /home/airflow/.local/lib/python3.12/site-packages/airflow/example_dags/example_params_trigger_ui.py
[2025-09-25T05:38:48.628+0000] {processor.py:925} INFO - DAG(s) 'example_params_trigger_ui' retrieved from /home/airflow/.local/lib/python3.12/site-packages/airflow/example_dags/example_params_trigger_ui.py
[2025-09-25T05:38:48.662+0000] {logging_mixin.py:190} INFO - [2025-09-25T05:38:48.661+0000] {dag.py:3239} INFO - Sync 1 DAGs
[2025-09-25T05:38:48.674+0000] {logging_mixin.py:190} INFO - [2025-09-25T05:38:48.674+0000] {dag.py:4180} INFO - Setting next_dagrun for example_params_trigger_ui to None, run_after=None
[2025-09-25T05:38:48.689+0000] {processor.py:208} INFO - Processing /home/airflow/.local/lib/python3.12/site-packages/airflow/example_dags/example_params_trigger_ui.py took 0.078 seconds
[2025-09-25T05:39:20.259+0000] {processor.py:186} INFO - Started process (PID=1386) to work on /home/airflow/.local/lib/python3.12/site-packages/airflow/example_dags/example_params_trigger_ui.py
[2025-09-25T05:39:20.261+0000] {processor.py:914} INFO - Processing file /home/airflow/.local/lib/python3.12/site-packages/airflow/example_dags/example_params_trigger_ui.py for tasks to queue
[2025-09-25T05:39:20.263+0000] {logging_mixin.py:190} INFO - [2025-09-25T05:39:20.262+0000] {dagbag.py:588} INFO - Filling up the DagBag from /home/airflow/.local/lib/python3.12/site-packages/airflow/example_dags/example_params_trigger_ui.py
[2025-09-25T05:39:20.272+0000] {processor.py:925} INFO - DAG(s) 'example_params_trigger_ui' retrieved from /home/airflow/.local/lib/python3.12/site-packages/airflow/example_dags/example_params_trigger_ui.py
[2025-09-25T05:39:20.304+0000] {logging_mixin.py:190} INFO - [2025-09-25T05:39:20.304+0000] {dag.py:3239} INFO - Sync 1 DAGs
[2025-09-25T05:39:20.317+0000] {logging_mixin.py:190} INFO - [2025-09-25T05:39:20.316+0000] {dag.py:4180} INFO - Setting next_dagrun for example_params_trigger_ui to None, run_after=None
[2025-09-25T05:39:20.331+0000] {processor.py:208} INFO - Processing /home/airflow/.local/lib/python3.12/site-packages/airflow/example_dags/example_params_trigger_ui.py took 0.077 seconds
[2025-09-25T05:39:51.585+0000] {processor.py:186} INFO - Started process (PID=1451) to work on /home/airflow/.local/lib/python3.12/site-packages/airflow/example_dags/example_params_trigger_ui.py
[2025-09-25T05:39:51.586+0000] {processor.py:914} INFO - Processing file /home/airflow/.local/lib/python3.12/site-packages/airflow/example_dags/example_params_trigger_ui.py for tasks to queue
[2025-09-25T05:39:51.588+0000] {logging_mixin.py:190} INFO - [2025-09-25T05:39:51.588+0000] {dagbag.py:588} INFO - Filling up the DagBag from /home/airflow/.local/lib/python3.12/site-packages/airflow/example_dags/example_params_trigger_ui.py
[2025-09-25T05:39:51.597+0000] {processor.py:925} INFO - DAG(s) 'example_params_trigger_ui' retrieved from /home/airflow/.local/lib/python3.12/site-packages/airflow/example_dags/example_params_trigger_ui.py
[2025-09-25T05:39:51.634+0000] {logging_mixin.py:190} INFO - [2025-09-25T05:39:51.634+0000] {dag.py:3239} INFO - Sync 1 DAGs
[2025-09-25T05:39:51.647+0000] {logging_mixin.py:190} INFO - [2025-09-25T05:39:51.647+0000] {dag.py:4180} INFO - Setting next_dagrun for example_params_trigger_ui to None, run_after=None
[2025-09-25T05:39:51.662+0000] {processor.py:208} INFO - Processing /home/airflow/.local/lib/python3.12/site-packages/airflow/example_dags/example_params_trigger_ui.py took 0.082 seconds
[2025-09-25T05:40:22.688+0000] {processor.py:186} INFO - Started process (PID=1516) to work on /home/airflow/.local/lib/python3.12/site-packages/airflow/example_dags/example_params_trigger_ui.py
[2025-09-25T05:40:22.689+0000] {processor.py:914} INFO - Processing file /home/airflow/.local/lib/python3.12/site-packages/airflow/example_dags/example_params_trigger_ui.py for tasks to queue
[2025-09-25T05:40:22.691+0000] {logging_mixin.py:190} INFO - [2025-09-25T05:40:22.690+0000] {dagbag.py:588} INFO - Filling up the DagBag from /home/airflow/.local/lib/python3.12/site-packages/airflow/example_dags/example_params_trigger_ui.py
[2025-09-25T05:40:22.700+0000] {processor.py:925} INFO - DAG(s) 'example_params_trigger_ui' retrieved from /home/airflow/.local/lib/python3.12/site-packages/airflow/example_dags/example_params_trigger_ui.py
[2025-09-25T05:40:22.734+0000] {logging_mixin.py:190} INFO - [2025-09-25T05:40:22.734+0000] {dag.py:3239} INFO - Sync 1 DAGs
[2025-09-25T05:40:22.746+0000] {logging_mixin.py:190} INFO - [2025-09-25T05:40:22.746+0000] {dag.py:4180} INFO - Setting next_dagrun for example_params_trigger_ui to None, run_after=None
[2025-09-25T05:40:22.760+0000] {processor.py:208} INFO - Processing /home/airflow/.local/lib/python3.12/site-packages/airflow/example_dags/example_params_trigger_ui.py took 0.078 seconds
[2025-09-25T05:40:54.048+0000] {processor.py:186} INFO - Started process (PID=1581) to work on /home/airflow/.local/lib/python3.12/site-packages/airflow/example_dags/example_params_trigger_ui.py
[2025-09-25T05:40:54.049+0000] {processor.py:914} INFO - Processing file /home/airflow/.local/lib/python3.12/site-packages/airflow/example_dags/example_params_trigger_ui.py for tasks to queue
[2025-09-25T05:40:54.051+0000] {logging_mixin.py:190} INFO - [2025-09-25T05:40:54.051+0000] {dagbag.py:588} INFO - Filling up the DagBag from /home/airflow/.local/lib/python3.12/site-packages/airflow/example_dags/example_params_trigger_ui.py
[2025-09-25T05:40:54.060+0000] {processor.py:925} INFO - DAG(s) 'example_params_trigger_ui' retrieved from /home/airflow/.local/lib/python3.12/site-packages/airflow/example_dags/example_params_trigger_ui.py
[2025-09-25T05:40:54.101+0000] {logging_mixin.py:190} INFO - [2025-09-25T05:40:54.100+0000] {dag.py:3239} INFO - Sync 1 DAGs
[2025-09-25T05:40:54.112+0000] {logging_mixin.py:190} INFO - [2025-09-25T05:40:54.112+0000] {dag.py:4180} INFO - Setting next_dagrun for example_params_trigger_ui to None, run_after=None
[2025-09-25T05:40:54.128+0000] {processor.py:208} INFO - Processing /home/airflow/.local/lib/python3.12/site-packages/airflow/example_dags/example_params_trigger_ui.py took 0.085 seconds
[2025-09-25T05:41:25.371+0000] {processor.py:186} INFO - Started process (PID=1646) to work on /home/airflow/.local/lib/python3.12/site-packages/airflow/example_dags/example_params_trigger_ui.py
[2025-09-25T05:41:25.372+0000] {processor.py:914} INFO - Processing file /home/airflow/.local/lib/python3.12/site-packages/airflow/example_dags/example_params_trigger_ui.py for tasks to queue
[2025-09-25T05:41:25.374+0000] {logging_mixin.py:190} INFO - [2025-09-25T05:41:25.374+0000] {dagbag.py:588} INFO - Filling up the DagBag from /home/airflow/.local/lib/python3.12/site-packages/airflow/example_dags/example_params_trigger_ui.py
[2025-09-25T05:41:25.383+0000] {processor.py:925} INFO - DAG(s) 'example_params_trigger_ui' retrieved from /home/airflow/.local/lib/python3.12/site-packages/airflow/example_dags/example_params_trigger_ui.py
[2025-09-25T05:41:25.417+0000] {logging_mixin.py:190} INFO - [2025-09-25T05:41:25.416+0000] {dag.py:3239} INFO - Sync 1 DAGs
[2025-09-25T05:41:25.428+0000] {logging_mixin.py:190} INFO - [2025-09-25T05:41:25.428+0000] {dag.py:4180} INFO - Setting next_dagrun for example_params_trigger_ui to None, run_after=None
[2025-09-25T05:41:25.443+0000] {processor.py:208} INFO - Processing /home/airflow/.local/lib/python3.12/site-packages/airflow/example_dags/example_params_trigger_ui.py took 0.078 seconds
[2025-09-25T05:41:56.800+0000] {processor.py:186} INFO - Started process (PID=1711) to work on /home/airflow/.local/lib/python3.12/site-packages/airflow/example_dags/example_params_trigger_ui.py
[2025-09-25T05:41:56.801+0000] {processor.py:914} INFO - Processing file /home/airflow/.local/lib/python3.12/site-packages/airflow/example_dags/example_params_trigger_ui.py for tasks to queue
[2025-09-25T05:41:56.803+0000] {logging_mixin.py:190} INFO - [2025-09-25T05:41:56.803+0000] {dagbag.py:588} INFO - Filling up the DagBag from /home/airflow/.local/lib/python3.12/site-packages/airflow/example_dags/example_params_trigger_ui.py
[2025-09-25T05:41:56.813+0000] {processor.py:925} INFO - DAG(s) 'example_params_trigger_ui' retrieved from /home/airflow/.local/lib/python3.12/site-packages/airflow/example_dags/example_params_trigger_ui.py
[2025-09-25T05:41:56.847+0000] {logging_mixin.py:190} INFO - [2025-09-25T05:41:56.847+0000] {dag.py:3239} INFO - Sync 1 DAGs
[2025-09-25T05:41:56.860+0000] {logging_mixin.py:190} INFO - [2025-09-25T05:41:56.859+0000] {dag.py:4180} INFO - Setting next_dagrun for example_params_trigger_ui to None, run_after=None
[2025-09-25T05:41:56.874+0000] {processor.py:208} INFO - Processing /home/airflow/.local/lib/python3.12/site-packages/airflow/example_dags/example_params_trigger_ui.py took 0.080 seconds
[2025-09-25T05:42:27.471+0000] {processor.py:186} INFO - Started process (PID=1775) to work on /home/airflow/.local/lib/python3.12/site-packages/airflow/example_dags/example_params_trigger_ui.py
[2025-09-25T05:42:27.472+0000] {processor.py:914} INFO - Processing file /home/airflow/.local/lib/python3.12/site-packages/airflow/example_dags/example_params_trigger_ui.py for tasks to queue
[2025-09-25T05:42:27.475+0000] {logging_mixin.py:190} INFO - [2025-09-25T05:42:27.474+0000] {dagbag.py:588} INFO - Filling up the DagBag from /home/airflow/.local/lib/python3.12/site-packages/airflow/example_dags/example_params_trigger_ui.py
[2025-09-25T05:42:27.484+0000] {processor.py:925} INFO - DAG(s) 'example_params_trigger_ui' retrieved from /home/airflow/.local/lib/python3.12/site-packages/airflow/example_dags/example_params_trigger_ui.py
[2025-09-25T05:42:27.527+0000] {logging_mixin.py:190} INFO - [2025-09-25T05:42:27.527+0000] {dag.py:3239} INFO - Sync 1 DAGs
[2025-09-25T05:42:27.539+0000] {logging_mixin.py:190} INFO - [2025-09-25T05:42:27.539+0000] {dag.py:4180} INFO - Setting next_dagrun for example_params_trigger_ui to None, run_after=None
[2025-09-25T05:42:27.555+0000] {processor.py:208} INFO - Processing /home/airflow/.local/lib/python3.12/site-packages/airflow/example_dags/example_params_trigger_ui.py took 0.089 seconds
[2025-09-25T05:42:58.566+0000] {processor.py:186} INFO - Started process (PID=1841) to work on /home/airflow/.local/lib/python3.12/site-packages/airflow/example_dags/example_params_trigger_ui.py
[2025-09-25T05:42:58.568+0000] {processor.py:914} INFO - Processing file /home/airflow/.local/lib/python3.12/site-packages/airflow/example_dags/example_params_trigger_ui.py for tasks to queue
[2025-09-25T05:42:58.570+0000] {logging_mixin.py:190} INFO - [2025-09-25T05:42:58.570+0000] {dagbag.py:588} INFO - Filling up the DagBag from /home/airflow/.local/lib/python3.12/site-packages/airflow/example_dags/example_params_trigger_ui.py
[2025-09-25T05:42:58.580+0000] {processor.py:925} INFO - DAG(s) 'example_params_trigger_ui' retrieved from /home/airflow/.local/lib/python3.12/site-packages/airflow/example_dags/example_params_trigger_ui.py
[2025-09-25T05:42:58.613+0000] {logging_mixin.py:190} INFO - [2025-09-25T05:42:58.613+0000] {dag.py:3239} INFO - Sync 1 DAGs
[2025-09-25T05:42:58.627+0000] {logging_mixin.py:190} INFO - [2025-09-25T05:42:58.627+0000] {dag.py:4180} INFO - Setting next_dagrun for example_params_trigger_ui to None, run_after=None
[2025-09-25T05:42:58.641+0000] {processor.py:208} INFO - Processing /home/airflow/.local/lib/python3.12/site-packages/airflow/example_dags/example_params_trigger_ui.py took 0.081 seconds
[2025-09-25T05:43:29.779+0000] {processor.py:186} INFO - Started process (PID=1906) to work on /home/airflow/.local/lib/python3.12/site-packages/airflow/example_dags/example_params_trigger_ui.py
[2025-09-25T05:43:29.781+0000] {processor.py:914} INFO - Processing file /home/airflow/.local/lib/python3.12/site-packages/airflow/example_dags/example_params_trigger_ui.py for tasks to queue
[2025-09-25T05:43:29.783+0000] {logging_mixin.py:190} INFO - [2025-09-25T05:43:29.782+0000] {dagbag.py:588} INFO - Filling up the DagBag from /home/airflow/.local/lib/python3.12/site-packages/airflow/example_dags/example_params_trigger_ui.py
[2025-09-25T05:43:29.793+0000] {processor.py:925} INFO - DAG(s) 'example_params_trigger_ui' retrieved from /home/airflow/.local/lib/python3.12/site-packages/airflow/example_dags/example_params_trigger_ui.py
[2025-09-25T05:43:29.826+0000] {logging_mixin.py:190} INFO - [2025-09-25T05:43:29.826+0000] {dag.py:3239} INFO - Sync 1 DAGs
[2025-09-25T05:43:29.838+0000] {logging_mixin.py:190} INFO - [2025-09-25T05:43:29.837+0000] {dag.py:4180} INFO - Setting next_dagrun for example_params_trigger_ui to None, run_after=None
[2025-09-25T05:43:29.853+0000] {processor.py:208} INFO - Processing /home/airflow/.local/lib/python3.12/site-packages/airflow/example_dags/example_params_trigger_ui.py took 0.078 seconds
[2025-09-25T05:44:00.740+0000] {processor.py:186} INFO - Started process (PID=1971) to work on /home/airflow/.local/lib/python3.12/site-packages/airflow/example_dags/example_params_trigger_ui.py
[2025-09-25T05:44:00.741+0000] {processor.py:914} INFO - Processing file /home/airflow/.local/lib/python3.12/site-packages/airflow/example_dags/example_params_trigger_ui.py for tasks to queue
[2025-09-25T05:44:00.744+0000] {logging_mixin.py:190} INFO - [2025-09-25T05:44:00.744+0000] {dagbag.py:588} INFO - Filling up the DagBag from /home/airflow/.local/lib/python3.12/site-packages/airflow/example_dags/example_params_trigger_ui.py
[2025-09-25T05:44:00.756+0000] {processor.py:925} INFO - DAG(s) 'example_params_trigger_ui' retrieved from /home/airflow/.local/lib/python3.12/site-packages/airflow/example_dags/example_params_trigger_ui.py
[2025-09-25T05:44:00.793+0000] {logging_mixin.py:190} INFO - [2025-09-25T05:44:00.793+0000] {dag.py:3239} INFO - Sync 1 DAGs
[2025-09-25T05:44:00.805+0000] {logging_mixin.py:190} INFO - [2025-09-25T05:44:00.805+0000] {dag.py:4180} INFO - Setting next_dagrun for example_params_trigger_ui to None, run_after=None
[2025-09-25T05:44:00.821+0000] {processor.py:208} INFO - Processing /home/airflow/.local/lib/python3.12/site-packages/airflow/example_dags/example_params_trigger_ui.py took 0.086 seconds
[2025-09-25T05:44:31.509+0000] {processor.py:186} INFO - Started process (PID=2036) to work on /home/airflow/.local/lib/python3.12/site-packages/airflow/example_dags/example_params_trigger_ui.py
[2025-09-25T05:44:31.510+0000] {processor.py:914} INFO - Processing file /home/airflow/.local/lib/python3.12/site-packages/airflow/example_dags/example_params_trigger_ui.py for tasks to queue
[2025-09-25T05:44:31.512+0000] {logging_mixin.py:190} INFO - [2025-09-25T05:44:31.512+0000] {dagbag.py:588} INFO - Filling up the DagBag from /home/airflow/.local/lib/python3.12/site-packages/airflow/example_dags/example_params_trigger_ui.py
[2025-09-25T05:44:31.522+0000] {processor.py:925} INFO - DAG(s) 'example_params_trigger_ui' retrieved from /home/airflow/.local/lib/python3.12/site-packages/airflow/example_dags/example_params_trigger_ui.py
[2025-09-25T05:44:31.556+0000] {logging_mixin.py:190} INFO - [2025-09-25T05:44:31.555+0000] {dag.py:3239} INFO - Sync 1 DAGs
[2025-09-25T05:44:31.567+0000] {logging_mixin.py:190} INFO - [2025-09-25T05:44:31.567+0000] {dag.py:4180} INFO - Setting next_dagrun for example_params_trigger_ui to None, run_after=None
[2025-09-25T05:44:31.582+0000] {processor.py:208} INFO - Processing /home/airflow/.local/lib/python3.12/site-packages/airflow/example_dags/example_params_trigger_ui.py took 0.078 seconds
