[2025-09-25T05:12:38.967+0000] {processor.py:186} INFO - Started process (PID=56) to work on /home/airflow/.local/lib/python3.12/site-packages/airflow/example_dags/example_task_group_decorator.py
[2025-09-25T05:12:38.968+0000] {processor.py:914} INFO - Processing file /home/airflow/.local/lib/python3.12/site-packages/airflow/example_dags/example_task_group_decorator.py for tasks to queue
[2025-09-25T05:12:38.971+0000] {logging_mixin.py:190} INFO - [2025-09-25T05:12:38.970+0000] {dagbag.py:588} INFO - Filling up the DagBag from /home/airflow/.local/lib/python3.12/site-packages/airflow/example_dags/example_task_group_decorator.py
[2025-09-25T05:12:38.987+0000] {processor.py:925} INFO - DAG(s) 'example_task_group_decorator' retrieved from /home/airflow/.local/lib/python3.12/site-packages/airflow/example_dags/example_task_group_decorator.py
[2025-09-25T05:12:39.018+0000] {logging_mixin.py:190} INFO - [2025-09-25T05:12:39.018+0000] {dag.py:3239} INFO - Sync 1 DAGs
[2025-09-25T05:12:39.033+0000] {logging_mixin.py:190} INFO - [2025-09-25T05:12:39.032+0000] {dag.py:4180} INFO - Setting next_dagrun for example_task_group_decorator to None, run_after=None
[2025-09-25T05:12:39.049+0000] {processor.py:208} INFO - Processing /home/airflow/.local/lib/python3.12/site-packages/airflow/example_dags/example_task_group_decorator.py took 0.088 seconds
[2025-09-25T05:13:09.226+0000] {processor.py:186} INFO - Started process (PID=120) to work on /home/airflow/.local/lib/python3.12/site-packages/airflow/example_dags/example_task_group_decorator.py
[2025-09-25T05:13:09.227+0000] {processor.py:914} INFO - Processing file /home/airflow/.local/lib/python3.12/site-packages/airflow/example_dags/example_task_group_decorator.py for tasks to queue
[2025-09-25T05:13:09.229+0000] {logging_mixin.py:190} INFO - [2025-09-25T05:13:09.229+0000] {dagbag.py:588} INFO - Filling up the DagBag from /home/airflow/.local/lib/python3.12/site-packages/airflow/example_dags/example_task_group_decorator.py
[2025-09-25T05:13:09.243+0000] {processor.py:925} INFO - DAG(s) 'example_task_group_decorator' retrieved from /home/airflow/.local/lib/python3.12/site-packages/airflow/example_dags/example_task_group_decorator.py
[2025-09-25T05:13:09.264+0000] {logging_mixin.py:190} INFO - [2025-09-25T05:13:09.263+0000] {dag.py:3239} INFO - Sync 1 DAGs
[2025-09-25T05:13:09.275+0000] {logging_mixin.py:190} INFO - [2025-09-25T05:13:09.275+0000] {dag.py:4180} INFO - Setting next_dagrun for example_task_group_decorator to None, run_after=None
[2025-09-25T05:13:09.290+0000] {processor.py:208} INFO - Processing /home/airflow/.local/lib/python3.12/site-packages/airflow/example_dags/example_task_group_decorator.py took 0.069 seconds
[2025-09-25T05:13:39.684+0000] {processor.py:186} INFO - Started process (PID=191) to work on /home/airflow/.local/lib/python3.12/site-packages/airflow/example_dags/example_task_group_decorator.py
[2025-09-25T05:13:39.685+0000] {processor.py:914} INFO - Processing file /home/airflow/.local/lib/python3.12/site-packages/airflow/example_dags/example_task_group_decorator.py for tasks to queue
[2025-09-25T05:13:39.687+0000] {logging_mixin.py:190} INFO - [2025-09-25T05:13:39.687+0000] {dagbag.py:588} INFO - Filling up the DagBag from /home/airflow/.local/lib/python3.12/site-packages/airflow/example_dags/example_task_group_decorator.py
[2025-09-25T05:13:39.702+0000] {processor.py:925} INFO - DAG(s) 'example_task_group_decorator' retrieved from /home/airflow/.local/lib/python3.12/site-packages/airflow/example_dags/example_task_group_decorator.py
[2025-09-25T05:13:39.726+0000] {logging_mixin.py:190} INFO - [2025-09-25T05:13:39.726+0000] {dag.py:3239} INFO - Sync 1 DAGs
[2025-09-25T05:13:39.739+0000] {logging_mixin.py:190} INFO - [2025-09-25T05:13:39.738+0000] {dag.py:4180} INFO - Setting next_dagrun for example_task_group_decorator to None, run_after=None
[2025-09-25T05:13:39.756+0000] {processor.py:208} INFO - Processing /home/airflow/.local/lib/python3.12/site-packages/airflow/example_dags/example_task_group_decorator.py took 0.078 seconds
[2025-09-25T05:14:10.593+0000] {processor.py:186} INFO - Started process (PID=256) to work on /home/airflow/.local/lib/python3.12/site-packages/airflow/example_dags/example_task_group_decorator.py
[2025-09-25T05:14:10.594+0000] {processor.py:914} INFO - Processing file /home/airflow/.local/lib/python3.12/site-packages/airflow/example_dags/example_task_group_decorator.py for tasks to queue
[2025-09-25T05:14:10.596+0000] {logging_mixin.py:190} INFO - [2025-09-25T05:14:10.596+0000] {dagbag.py:588} INFO - Filling up the DagBag from /home/airflow/.local/lib/python3.12/site-packages/airflow/example_dags/example_task_group_decorator.py
[2025-09-25T05:14:10.610+0000] {processor.py:925} INFO - DAG(s) 'example_task_group_decorator' retrieved from /home/airflow/.local/lib/python3.12/site-packages/airflow/example_dags/example_task_group_decorator.py
[2025-09-25T05:14:10.631+0000] {logging_mixin.py:190} INFO - [2025-09-25T05:14:10.631+0000] {dag.py:3239} INFO - Sync 1 DAGs
[2025-09-25T05:14:10.643+0000] {logging_mixin.py:190} INFO - [2025-09-25T05:14:10.643+0000] {dag.py:4180} INFO - Setting next_dagrun for example_task_group_decorator to None, run_after=None
[2025-09-25T05:14:10.659+0000] {processor.py:208} INFO - Processing /home/airflow/.local/lib/python3.12/site-packages/airflow/example_dags/example_task_group_decorator.py took 0.071 seconds
[2025-09-25T05:14:40.802+0000] {processor.py:186} INFO - Started process (PID=321) to work on /home/airflow/.local/lib/python3.12/site-packages/airflow/example_dags/example_task_group_decorator.py
[2025-09-25T05:14:40.803+0000] {processor.py:914} INFO - Processing file /home/airflow/.local/lib/python3.12/site-packages/airflow/example_dags/example_task_group_decorator.py for tasks to queue
[2025-09-25T05:14:40.805+0000] {logging_mixin.py:190} INFO - [2025-09-25T05:14:40.805+0000] {dagbag.py:588} INFO - Filling up the DagBag from /home/airflow/.local/lib/python3.12/site-packages/airflow/example_dags/example_task_group_decorator.py
[2025-09-25T05:14:40.818+0000] {processor.py:925} INFO - DAG(s) 'example_task_group_decorator' retrieved from /home/airflow/.local/lib/python3.12/site-packages/airflow/example_dags/example_task_group_decorator.py
[2025-09-25T05:14:40.841+0000] {logging_mixin.py:190} INFO - [2025-09-25T05:14:40.841+0000] {dag.py:3239} INFO - Sync 1 DAGs
[2025-09-25T05:14:40.853+0000] {logging_mixin.py:190} INFO - [2025-09-25T05:14:40.853+0000] {dag.py:4180} INFO - Setting next_dagrun for example_task_group_decorator to None, run_after=None
[2025-09-25T05:14:40.869+0000] {processor.py:208} INFO - Processing /home/airflow/.local/lib/python3.12/site-packages/airflow/example_dags/example_task_group_decorator.py took 0.071 seconds
[2025-09-25T05:15:10.976+0000] {processor.py:186} INFO - Started process (PID=386) to work on /home/airflow/.local/lib/python3.12/site-packages/airflow/example_dags/example_task_group_decorator.py
[2025-09-25T05:15:10.977+0000] {processor.py:914} INFO - Processing file /home/airflow/.local/lib/python3.12/site-packages/airflow/example_dags/example_task_group_decorator.py for tasks to queue
[2025-09-25T05:15:10.979+0000] {logging_mixin.py:190} INFO - [2025-09-25T05:15:10.978+0000] {dagbag.py:588} INFO - Filling up the DagBag from /home/airflow/.local/lib/python3.12/site-packages/airflow/example_dags/example_task_group_decorator.py
[2025-09-25T05:15:10.994+0000] {processor.py:925} INFO - DAG(s) 'example_task_group_decorator' retrieved from /home/airflow/.local/lib/python3.12/site-packages/airflow/example_dags/example_task_group_decorator.py
[2025-09-25T05:15:11.016+0000] {logging_mixin.py:190} INFO - [2025-09-25T05:15:11.016+0000] {dag.py:3239} INFO - Sync 1 DAGs
[2025-09-25T05:15:11.029+0000] {logging_mixin.py:190} INFO - [2025-09-25T05:15:11.029+0000] {dag.py:4180} INFO - Setting next_dagrun for example_task_group_decorator to None, run_after=None
[2025-09-25T05:15:11.047+0000] {processor.py:208} INFO - Processing /home/airflow/.local/lib/python3.12/site-packages/airflow/example_dags/example_task_group_decorator.py took 0.078 seconds
[2025-09-25T05:15:41.441+0000] {processor.py:186} INFO - Started process (PID=451) to work on /home/airflow/.local/lib/python3.12/site-packages/airflow/example_dags/example_task_group_decorator.py
[2025-09-25T05:15:41.443+0000] {processor.py:914} INFO - Processing file /home/airflow/.local/lib/python3.12/site-packages/airflow/example_dags/example_task_group_decorator.py for tasks to queue
[2025-09-25T05:15:41.445+0000] {logging_mixin.py:190} INFO - [2025-09-25T05:15:41.444+0000] {dagbag.py:588} INFO - Filling up the DagBag from /home/airflow/.local/lib/python3.12/site-packages/airflow/example_dags/example_task_group_decorator.py
[2025-09-25T05:15:41.459+0000] {processor.py:925} INFO - DAG(s) 'example_task_group_decorator' retrieved from /home/airflow/.local/lib/python3.12/site-packages/airflow/example_dags/example_task_group_decorator.py
[2025-09-25T05:15:41.482+0000] {logging_mixin.py:190} INFO - [2025-09-25T05:15:41.482+0000] {dag.py:3239} INFO - Sync 1 DAGs
[2025-09-25T05:15:41.496+0000] {logging_mixin.py:190} INFO - [2025-09-25T05:15:41.496+0000] {dag.py:4180} INFO - Setting next_dagrun for example_task_group_decorator to None, run_after=None
[2025-09-25T05:15:41.514+0000] {processor.py:208} INFO - Processing /home/airflow/.local/lib/python3.12/site-packages/airflow/example_dags/example_task_group_decorator.py took 0.080 seconds
[2025-09-25T05:16:11.749+0000] {processor.py:186} INFO - Started process (PID=516) to work on /home/airflow/.local/lib/python3.12/site-packages/airflow/example_dags/example_task_group_decorator.py
[2025-09-25T05:16:11.750+0000] {processor.py:914} INFO - Processing file /home/airflow/.local/lib/python3.12/site-packages/airflow/example_dags/example_task_group_decorator.py for tasks to queue
[2025-09-25T05:16:11.752+0000] {logging_mixin.py:190} INFO - [2025-09-25T05:16:11.752+0000] {dagbag.py:588} INFO - Filling up the DagBag from /home/airflow/.local/lib/python3.12/site-packages/airflow/example_dags/example_task_group_decorator.py
[2025-09-25T05:16:11.766+0000] {processor.py:925} INFO - DAG(s) 'example_task_group_decorator' retrieved from /home/airflow/.local/lib/python3.12/site-packages/airflow/example_dags/example_task_group_decorator.py
[2025-09-25T05:16:11.788+0000] {logging_mixin.py:190} INFO - [2025-09-25T05:16:11.788+0000] {dag.py:3239} INFO - Sync 1 DAGs
[2025-09-25T05:16:11.801+0000] {logging_mixin.py:190} INFO - [2025-09-25T05:16:11.801+0000] {dag.py:4180} INFO - Setting next_dagrun for example_task_group_decorator to None, run_after=None
[2025-09-25T05:16:11.818+0000] {processor.py:208} INFO - Processing /home/airflow/.local/lib/python3.12/site-packages/airflow/example_dags/example_task_group_decorator.py took 0.075 seconds
[2025-09-25T05:16:42.312+0000] {processor.py:186} INFO - Started process (PID=581) to work on /home/airflow/.local/lib/python3.12/site-packages/airflow/example_dags/example_task_group_decorator.py
[2025-09-25T05:16:42.313+0000] {processor.py:914} INFO - Processing file /home/airflow/.local/lib/python3.12/site-packages/airflow/example_dags/example_task_group_decorator.py for tasks to queue
[2025-09-25T05:16:42.315+0000] {logging_mixin.py:190} INFO - [2025-09-25T05:16:42.315+0000] {dagbag.py:588} INFO - Filling up the DagBag from /home/airflow/.local/lib/python3.12/site-packages/airflow/example_dags/example_task_group_decorator.py
[2025-09-25T05:16:42.331+0000] {processor.py:925} INFO - DAG(s) 'example_task_group_decorator' retrieved from /home/airflow/.local/lib/python3.12/site-packages/airflow/example_dags/example_task_group_decorator.py
[2025-09-25T05:16:42.352+0000] {logging_mixin.py:190} INFO - [2025-09-25T05:16:42.352+0000] {dag.py:3239} INFO - Sync 1 DAGs
[2025-09-25T05:16:42.366+0000] {logging_mixin.py:190} INFO - [2025-09-25T05:16:42.366+0000] {dag.py:4180} INFO - Setting next_dagrun for example_task_group_decorator to None, run_after=None
[2025-09-25T05:16:42.384+0000] {processor.py:208} INFO - Processing /home/airflow/.local/lib/python3.12/site-packages/airflow/example_dags/example_task_group_decorator.py took 0.078 seconds
[2025-09-25T05:17:12.505+0000] {processor.py:186} INFO - Started process (PID=646) to work on /home/airflow/.local/lib/python3.12/site-packages/airflow/example_dags/example_task_group_decorator.py
[2025-09-25T05:17:12.506+0000] {processor.py:914} INFO - Processing file /home/airflow/.local/lib/python3.12/site-packages/airflow/example_dags/example_task_group_decorator.py for tasks to queue
[2025-09-25T05:17:12.508+0000] {logging_mixin.py:190} INFO - [2025-09-25T05:17:12.508+0000] {dagbag.py:588} INFO - Filling up the DagBag from /home/airflow/.local/lib/python3.12/site-packages/airflow/example_dags/example_task_group_decorator.py
[2025-09-25T05:17:12.522+0000] {processor.py:925} INFO - DAG(s) 'example_task_group_decorator' retrieved from /home/airflow/.local/lib/python3.12/site-packages/airflow/example_dags/example_task_group_decorator.py
[2025-09-25T05:17:12.544+0000] {logging_mixin.py:190} INFO - [2025-09-25T05:17:12.544+0000] {dag.py:3239} INFO - Sync 1 DAGs
[2025-09-25T05:17:12.558+0000] {logging_mixin.py:190} INFO - [2025-09-25T05:17:12.557+0000] {dag.py:4180} INFO - Setting next_dagrun for example_task_group_decorator to None, run_after=None
[2025-09-25T05:17:12.575+0000] {processor.py:208} INFO - Processing /home/airflow/.local/lib/python3.12/site-packages/airflow/example_dags/example_task_group_decorator.py took 0.075 seconds
[2025-09-25T05:17:42.713+0000] {processor.py:186} INFO - Started process (PID=711) to work on /home/airflow/.local/lib/python3.12/site-packages/airflow/example_dags/example_task_group_decorator.py
[2025-09-25T05:17:42.714+0000] {processor.py:914} INFO - Processing file /home/airflow/.local/lib/python3.12/site-packages/airflow/example_dags/example_task_group_decorator.py for tasks to queue
[2025-09-25T05:17:42.718+0000] {logging_mixin.py:190} INFO - [2025-09-25T05:17:42.717+0000] {dagbag.py:588} INFO - Filling up the DagBag from /home/airflow/.local/lib/python3.12/site-packages/airflow/example_dags/example_task_group_decorator.py
[2025-09-25T05:17:42.732+0000] {processor.py:925} INFO - DAG(s) 'example_task_group_decorator' retrieved from /home/airflow/.local/lib/python3.12/site-packages/airflow/example_dags/example_task_group_decorator.py
[2025-09-25T05:17:42.760+0000] {logging_mixin.py:190} INFO - [2025-09-25T05:17:42.760+0000] {dag.py:3239} INFO - Sync 1 DAGs
[2025-09-25T05:17:42.775+0000] {logging_mixin.py:190} INFO - [2025-09-25T05:17:42.775+0000] {dag.py:4180} INFO - Setting next_dagrun for example_task_group_decorator to None, run_after=None
[2025-09-25T05:17:42.791+0000] {processor.py:208} INFO - Processing /home/airflow/.local/lib/python3.12/site-packages/airflow/example_dags/example_task_group_decorator.py took 0.085 seconds
[2025-09-25T05:18:13.230+0000] {processor.py:186} INFO - Started process (PID=776) to work on /home/airflow/.local/lib/python3.12/site-packages/airflow/example_dags/example_task_group_decorator.py
[2025-09-25T05:18:13.231+0000] {processor.py:914} INFO - Processing file /home/airflow/.local/lib/python3.12/site-packages/airflow/example_dags/example_task_group_decorator.py for tasks to queue
[2025-09-25T05:18:13.233+0000] {logging_mixin.py:190} INFO - [2025-09-25T05:18:13.233+0000] {dagbag.py:588} INFO - Filling up the DagBag from /home/airflow/.local/lib/python3.12/site-packages/airflow/example_dags/example_task_group_decorator.py
[2025-09-25T05:18:13.248+0000] {processor.py:925} INFO - DAG(s) 'example_task_group_decorator' retrieved from /home/airflow/.local/lib/python3.12/site-packages/airflow/example_dags/example_task_group_decorator.py
[2025-09-25T05:18:13.272+0000] {logging_mixin.py:190} INFO - [2025-09-25T05:18:13.272+0000] {dag.py:3239} INFO - Sync 1 DAGs
[2025-09-25T05:18:13.288+0000] {logging_mixin.py:190} INFO - [2025-09-25T05:18:13.288+0000] {dag.py:4180} INFO - Setting next_dagrun for example_task_group_decorator to None, run_after=None
[2025-09-25T05:18:13.311+0000] {processor.py:208} INFO - Processing /home/airflow/.local/lib/python3.12/site-packages/airflow/example_dags/example_task_group_decorator.py took 0.088 seconds
[2025-09-25T05:18:43.592+0000] {processor.py:186} INFO - Started process (PID=841) to work on /home/airflow/.local/lib/python3.12/site-packages/airflow/example_dags/example_task_group_decorator.py
[2025-09-25T05:18:43.593+0000] {processor.py:914} INFO - Processing file /home/airflow/.local/lib/python3.12/site-packages/airflow/example_dags/example_task_group_decorator.py for tasks to queue
[2025-09-25T05:18:43.595+0000] {logging_mixin.py:190} INFO - [2025-09-25T05:18:43.594+0000] {dagbag.py:588} INFO - Filling up the DagBag from /home/airflow/.local/lib/python3.12/site-packages/airflow/example_dags/example_task_group_decorator.py
[2025-09-25T05:18:43.608+0000] {processor.py:925} INFO - DAG(s) 'example_task_group_decorator' retrieved from /home/airflow/.local/lib/python3.12/site-packages/airflow/example_dags/example_task_group_decorator.py
[2025-09-25T05:18:43.628+0000] {logging_mixin.py:190} INFO - [2025-09-25T05:18:43.627+0000] {dag.py:3239} INFO - Sync 1 DAGs
[2025-09-25T05:18:43.640+0000] {logging_mixin.py:190} INFO - [2025-09-25T05:18:43.640+0000] {dag.py:4180} INFO - Setting next_dagrun for example_task_group_decorator to None, run_after=None
[2025-09-25T05:18:43.656+0000] {processor.py:208} INFO - Processing /home/airflow/.local/lib/python3.12/site-packages/airflow/example_dags/example_task_group_decorator.py took 0.070 seconds
[2025-09-25T05:19:13.779+0000] {processor.py:186} INFO - Started process (PID=906) to work on /home/airflow/.local/lib/python3.12/site-packages/airflow/example_dags/example_task_group_decorator.py
[2025-09-25T05:19:13.780+0000] {processor.py:914} INFO - Processing file /home/airflow/.local/lib/python3.12/site-packages/airflow/example_dags/example_task_group_decorator.py for tasks to queue
[2025-09-25T05:19:13.782+0000] {logging_mixin.py:190} INFO - [2025-09-25T05:19:13.782+0000] {dagbag.py:588} INFO - Filling up the DagBag from /home/airflow/.local/lib/python3.12/site-packages/airflow/example_dags/example_task_group_decorator.py
[2025-09-25T05:19:13.800+0000] {processor.py:925} INFO - DAG(s) 'example_task_group_decorator' retrieved from /home/airflow/.local/lib/python3.12/site-packages/airflow/example_dags/example_task_group_decorator.py
[2025-09-25T05:19:13.823+0000] {logging_mixin.py:190} INFO - [2025-09-25T05:19:13.822+0000] {dag.py:3239} INFO - Sync 1 DAGs
[2025-09-25T05:19:13.835+0000] {logging_mixin.py:190} INFO - [2025-09-25T05:19:13.835+0000] {dag.py:4180} INFO - Setting next_dagrun for example_task_group_decorator to None, run_after=None
[2025-09-25T05:19:13.852+0000] {processor.py:208} INFO - Processing /home/airflow/.local/lib/python3.12/site-packages/airflow/example_dags/example_task_group_decorator.py took 0.078 seconds
[2025-09-25T05:19:43.905+0000] {processor.py:186} INFO - Started process (PID=971) to work on /home/airflow/.local/lib/python3.12/site-packages/airflow/example_dags/example_task_group_decorator.py
[2025-09-25T05:19:43.906+0000] {processor.py:914} INFO - Processing file /home/airflow/.local/lib/python3.12/site-packages/airflow/example_dags/example_task_group_decorator.py for tasks to queue
[2025-09-25T05:19:43.908+0000] {logging_mixin.py:190} INFO - [2025-09-25T05:19:43.908+0000] {dagbag.py:588} INFO - Filling up the DagBag from /home/airflow/.local/lib/python3.12/site-packages/airflow/example_dags/example_task_group_decorator.py
[2025-09-25T05:19:43.921+0000] {processor.py:925} INFO - DAG(s) 'example_task_group_decorator' retrieved from /home/airflow/.local/lib/python3.12/site-packages/airflow/example_dags/example_task_group_decorator.py
[2025-09-25T05:19:43.943+0000] {logging_mixin.py:190} INFO - [2025-09-25T05:19:43.943+0000] {dag.py:3239} INFO - Sync 1 DAGs
[2025-09-25T05:19:43.955+0000] {logging_mixin.py:190} INFO - [2025-09-25T05:19:43.955+0000] {dag.py:4180} INFO - Setting next_dagrun for example_task_group_decorator to None, run_after=None
[2025-09-25T05:19:43.971+0000] {processor.py:208} INFO - Processing /home/airflow/.local/lib/python3.12/site-packages/airflow/example_dags/example_task_group_decorator.py took 0.072 seconds
[2025-09-25T05:25:38.479+0000] {processor.py:186} INFO - Started process (PID=57) to work on /home/airflow/.local/lib/python3.12/site-packages/airflow/example_dags/example_task_group_decorator.py
[2025-09-25T05:25:38.480+0000] {processor.py:914} INFO - Processing file /home/airflow/.local/lib/python3.12/site-packages/airflow/example_dags/example_task_group_decorator.py for tasks to queue
[2025-09-25T05:25:38.482+0000] {logging_mixin.py:190} INFO - [2025-09-25T05:25:38.481+0000] {dagbag.py:588} INFO - Filling up the DagBag from /home/airflow/.local/lib/python3.12/site-packages/airflow/example_dags/example_task_group_decorator.py
[2025-09-25T05:25:38.503+0000] {processor.py:925} INFO - DAG(s) 'example_task_group_decorator' retrieved from /home/airflow/.local/lib/python3.12/site-packages/airflow/example_dags/example_task_group_decorator.py
[2025-09-25T05:25:38.629+0000] {logging_mixin.py:190} INFO - [2025-09-25T05:25:38.629+0000] {dag.py:3239} INFO - Sync 1 DAGs
[2025-09-25T05:25:38.642+0000] {logging_mixin.py:190} INFO - [2025-09-25T05:25:38.642+0000] {dag.py:4180} INFO - Setting next_dagrun for example_task_group_decorator to None, run_after=None
[2025-09-25T05:25:38.662+0000] {processor.py:208} INFO - Processing /home/airflow/.local/lib/python3.12/site-packages/airflow/example_dags/example_task_group_decorator.py took 0.189 seconds
[2025-09-25T05:26:09.416+0000] {processor.py:186} INFO - Started process (PID=126) to work on /home/airflow/.local/lib/python3.12/site-packages/airflow/example_dags/example_task_group_decorator.py
[2025-09-25T05:26:09.417+0000] {processor.py:914} INFO - Processing file /home/airflow/.local/lib/python3.12/site-packages/airflow/example_dags/example_task_group_decorator.py for tasks to queue
[2025-09-25T05:26:09.419+0000] {logging_mixin.py:190} INFO - [2025-09-25T05:26:09.419+0000] {dagbag.py:588} INFO - Filling up the DagBag from /home/airflow/.local/lib/python3.12/site-packages/airflow/example_dags/example_task_group_decorator.py
[2025-09-25T05:26:09.435+0000] {processor.py:925} INFO - DAG(s) 'example_task_group_decorator' retrieved from /home/airflow/.local/lib/python3.12/site-packages/airflow/example_dags/example_task_group_decorator.py
[2025-09-25T05:26:09.465+0000] {logging_mixin.py:190} INFO - [2025-09-25T05:26:09.464+0000] {dag.py:3239} INFO - Sync 1 DAGs
[2025-09-25T05:26:09.477+0000] {logging_mixin.py:190} INFO - [2025-09-25T05:26:09.476+0000] {dag.py:4180} INFO - Setting next_dagrun for example_task_group_decorator to None, run_after=None
[2025-09-25T05:26:09.495+0000] {processor.py:208} INFO - Processing /home/airflow/.local/lib/python3.12/site-packages/airflow/example_dags/example_task_group_decorator.py took 0.085 seconds
[2025-09-25T05:26:40.101+0000] {processor.py:186} INFO - Started process (PID=191) to work on /home/airflow/.local/lib/python3.12/site-packages/airflow/example_dags/example_task_group_decorator.py
[2025-09-25T05:26:40.102+0000] {processor.py:914} INFO - Processing file /home/airflow/.local/lib/python3.12/site-packages/airflow/example_dags/example_task_group_decorator.py for tasks to queue
[2025-09-25T05:26:40.105+0000] {logging_mixin.py:190} INFO - [2025-09-25T05:26:40.104+0000] {dagbag.py:588} INFO - Filling up the DagBag from /home/airflow/.local/lib/python3.12/site-packages/airflow/example_dags/example_task_group_decorator.py
[2025-09-25T05:26:40.123+0000] {processor.py:925} INFO - DAG(s) 'example_task_group_decorator' retrieved from /home/airflow/.local/lib/python3.12/site-packages/airflow/example_dags/example_task_group_decorator.py
[2025-09-25T05:26:40.162+0000] {logging_mixin.py:190} INFO - [2025-09-25T05:26:40.162+0000] {dag.py:3239} INFO - Sync 1 DAGs
[2025-09-25T05:26:40.175+0000] {logging_mixin.py:190} INFO - [2025-09-25T05:26:40.175+0000] {dag.py:4180} INFO - Setting next_dagrun for example_task_group_decorator to None, run_after=None
[2025-09-25T05:26:40.195+0000] {processor.py:208} INFO - Processing /home/airflow/.local/lib/python3.12/site-packages/airflow/example_dags/example_task_group_decorator.py took 0.101 seconds
[2025-09-25T05:27:10.261+0000] {processor.py:186} INFO - Started process (PID=256) to work on /home/airflow/.local/lib/python3.12/site-packages/airflow/example_dags/example_task_group_decorator.py
[2025-09-25T05:27:10.262+0000] {processor.py:914} INFO - Processing file /home/airflow/.local/lib/python3.12/site-packages/airflow/example_dags/example_task_group_decorator.py for tasks to queue
[2025-09-25T05:27:10.264+0000] {logging_mixin.py:190} INFO - [2025-09-25T05:27:10.264+0000] {dagbag.py:588} INFO - Filling up the DagBag from /home/airflow/.local/lib/python3.12/site-packages/airflow/example_dags/example_task_group_decorator.py
[2025-09-25T05:27:10.278+0000] {processor.py:925} INFO - DAG(s) 'example_task_group_decorator' retrieved from /home/airflow/.local/lib/python3.12/site-packages/airflow/example_dags/example_task_group_decorator.py
[2025-09-25T05:27:10.298+0000] {logging_mixin.py:190} INFO - [2025-09-25T05:27:10.298+0000] {dag.py:3239} INFO - Sync 1 DAGs
[2025-09-25T05:27:10.311+0000] {logging_mixin.py:190} INFO - [2025-09-25T05:27:10.310+0000] {dag.py:4180} INFO - Setting next_dagrun for example_task_group_decorator to None, run_after=None
[2025-09-25T05:27:10.325+0000] {processor.py:208} INFO - Processing /home/airflow/.local/lib/python3.12/site-packages/airflow/example_dags/example_task_group_decorator.py took 0.070 seconds
[2025-09-25T05:27:40.382+0000] {processor.py:186} INFO - Started process (PID=321) to work on /home/airflow/.local/lib/python3.12/site-packages/airflow/example_dags/example_task_group_decorator.py
[2025-09-25T05:27:40.383+0000] {processor.py:914} INFO - Processing file /home/airflow/.local/lib/python3.12/site-packages/airflow/example_dags/example_task_group_decorator.py for tasks to queue
[2025-09-25T05:27:40.385+0000] {logging_mixin.py:190} INFO - [2025-09-25T05:27:40.385+0000] {dagbag.py:588} INFO - Filling up the DagBag from /home/airflow/.local/lib/python3.12/site-packages/airflow/example_dags/example_task_group_decorator.py
[2025-09-25T05:27:40.398+0000] {processor.py:925} INFO - DAG(s) 'example_task_group_decorator' retrieved from /home/airflow/.local/lib/python3.12/site-packages/airflow/example_dags/example_task_group_decorator.py
[2025-09-25T05:27:40.420+0000] {logging_mixin.py:190} INFO - [2025-09-25T05:27:40.419+0000] {dag.py:3239} INFO - Sync 1 DAGs
[2025-09-25T05:27:40.433+0000] {logging_mixin.py:190} INFO - [2025-09-25T05:27:40.433+0000] {dag.py:4180} INFO - Setting next_dagrun for example_task_group_decorator to None, run_after=None
[2025-09-25T05:27:40.447+0000] {processor.py:208} INFO - Processing /home/airflow/.local/lib/python3.12/site-packages/airflow/example_dags/example_task_group_decorator.py took 0.070 seconds
[2025-09-25T05:28:54.023+0000] {processor.py:186} INFO - Started process (PID=63) to work on /home/airflow/.local/lib/python3.12/site-packages/airflow/example_dags/example_task_group_decorator.py
[2025-09-25T05:28:54.025+0000] {processor.py:914} INFO - Processing file /home/airflow/.local/lib/python3.12/site-packages/airflow/example_dags/example_task_group_decorator.py for tasks to queue
[2025-09-25T05:28:54.028+0000] {logging_mixin.py:190} INFO - [2025-09-25T05:28:54.028+0000] {dagbag.py:588} INFO - Filling up the DagBag from /home/airflow/.local/lib/python3.12/site-packages/airflow/example_dags/example_task_group_decorator.py
[2025-09-25T05:28:54.047+0000] {processor.py:925} INFO - DAG(s) 'example_task_group_decorator' retrieved from /home/airflow/.local/lib/python3.12/site-packages/airflow/example_dags/example_task_group_decorator.py
[2025-09-25T05:28:54.077+0000] {logging_mixin.py:190} INFO - [2025-09-25T05:28:54.077+0000] {dag.py:3239} INFO - Sync 1 DAGs
[2025-09-25T05:28:54.089+0000] {logging_mixin.py:190} INFO - [2025-09-25T05:28:54.089+0000] {dag.py:4180} INFO - Setting next_dagrun for example_task_group_decorator to None, run_after=None
[2025-09-25T05:28:54.106+0000] {processor.py:208} INFO - Processing /home/airflow/.local/lib/python3.12/site-packages/airflow/example_dags/example_task_group_decorator.py took 0.090 seconds
[2025-09-25T05:29:24.741+0000] {processor.py:186} INFO - Started process (PID=127) to work on /home/airflow/.local/lib/python3.12/site-packages/airflow/example_dags/example_task_group_decorator.py
[2025-09-25T05:29:24.742+0000] {processor.py:914} INFO - Processing file /home/airflow/.local/lib/python3.12/site-packages/airflow/example_dags/example_task_group_decorator.py for tasks to queue
[2025-09-25T05:29:24.745+0000] {logging_mixin.py:190} INFO - [2025-09-25T05:29:24.744+0000] {dagbag.py:588} INFO - Filling up the DagBag from /home/airflow/.local/lib/python3.12/site-packages/airflow/example_dags/example_task_group_decorator.py
[2025-09-25T05:29:24.757+0000] {processor.py:925} INFO - DAG(s) 'example_task_group_decorator' retrieved from /home/airflow/.local/lib/python3.12/site-packages/airflow/example_dags/example_task_group_decorator.py
[2025-09-25T05:29:24.776+0000] {logging_mixin.py:190} INFO - [2025-09-25T05:29:24.776+0000] {dag.py:3239} INFO - Sync 1 DAGs
[2025-09-25T05:29:24.787+0000] {logging_mixin.py:190} INFO - [2025-09-25T05:29:24.787+0000] {dag.py:4180} INFO - Setting next_dagrun for example_task_group_decorator to None, run_after=None
[2025-09-25T05:29:24.802+0000] {processor.py:208} INFO - Processing /home/airflow/.local/lib/python3.12/site-packages/airflow/example_dags/example_task_group_decorator.py took 0.066 seconds
[2025-09-25T05:29:54.987+0000] {processor.py:186} INFO - Started process (PID=192) to work on /home/airflow/.local/lib/python3.12/site-packages/airflow/example_dags/example_task_group_decorator.py
[2025-09-25T05:29:54.988+0000] {processor.py:914} INFO - Processing file /home/airflow/.local/lib/python3.12/site-packages/airflow/example_dags/example_task_group_decorator.py for tasks to queue
[2025-09-25T05:29:54.990+0000] {logging_mixin.py:190} INFO - [2025-09-25T05:29:54.990+0000] {dagbag.py:588} INFO - Filling up the DagBag from /home/airflow/.local/lib/python3.12/site-packages/airflow/example_dags/example_task_group_decorator.py
[2025-09-25T05:29:55.004+0000] {processor.py:925} INFO - DAG(s) 'example_task_group_decorator' retrieved from /home/airflow/.local/lib/python3.12/site-packages/airflow/example_dags/example_task_group_decorator.py
[2025-09-25T05:29:55.024+0000] {logging_mixin.py:190} INFO - [2025-09-25T05:29:55.024+0000] {dag.py:3239} INFO - Sync 1 DAGs
[2025-09-25T05:29:55.036+0000] {logging_mixin.py:190} INFO - [2025-09-25T05:29:55.036+0000] {dag.py:4180} INFO - Setting next_dagrun for example_task_group_decorator to None, run_after=None
[2025-09-25T05:29:55.052+0000] {processor.py:208} INFO - Processing /home/airflow/.local/lib/python3.12/site-packages/airflow/example_dags/example_task_group_decorator.py took 0.070 seconds
[2025-09-25T05:30:25.353+0000] {processor.py:186} INFO - Started process (PID=257) to work on /home/airflow/.local/lib/python3.12/site-packages/airflow/example_dags/example_task_group_decorator.py
[2025-09-25T05:30:25.354+0000] {processor.py:914} INFO - Processing file /home/airflow/.local/lib/python3.12/site-packages/airflow/example_dags/example_task_group_decorator.py for tasks to queue
[2025-09-25T05:30:25.356+0000] {logging_mixin.py:190} INFO - [2025-09-25T05:30:25.355+0000] {dagbag.py:588} INFO - Filling up the DagBag from /home/airflow/.local/lib/python3.12/site-packages/airflow/example_dags/example_task_group_decorator.py
[2025-09-25T05:30:25.368+0000] {processor.py:925} INFO - DAG(s) 'example_task_group_decorator' retrieved from /home/airflow/.local/lib/python3.12/site-packages/airflow/example_dags/example_task_group_decorator.py
[2025-09-25T05:30:25.390+0000] {logging_mixin.py:190} INFO - [2025-09-25T05:30:25.389+0000] {dag.py:3239} INFO - Sync 1 DAGs
[2025-09-25T05:30:25.401+0000] {logging_mixin.py:190} INFO - [2025-09-25T05:30:25.401+0000] {dag.py:4180} INFO - Setting next_dagrun for example_task_group_decorator to None, run_after=None
[2025-09-25T05:30:25.418+0000] {processor.py:208} INFO - Processing /home/airflow/.local/lib/python3.12/site-packages/airflow/example_dags/example_task_group_decorator.py took 0.070 seconds
[2025-09-25T05:30:56.102+0000] {processor.py:186} INFO - Started process (PID=322) to work on /home/airflow/.local/lib/python3.12/site-packages/airflow/example_dags/example_task_group_decorator.py
[2025-09-25T05:30:56.103+0000] {processor.py:914} INFO - Processing file /home/airflow/.local/lib/python3.12/site-packages/airflow/example_dags/example_task_group_decorator.py for tasks to queue
[2025-09-25T05:30:56.105+0000] {logging_mixin.py:190} INFO - [2025-09-25T05:30:56.105+0000] {dagbag.py:588} INFO - Filling up the DagBag from /home/airflow/.local/lib/python3.12/site-packages/airflow/example_dags/example_task_group_decorator.py
[2025-09-25T05:30:56.118+0000] {processor.py:925} INFO - DAG(s) 'example_task_group_decorator' retrieved from /home/airflow/.local/lib/python3.12/site-packages/airflow/example_dags/example_task_group_decorator.py
[2025-09-25T05:30:56.139+0000] {logging_mixin.py:190} INFO - [2025-09-25T05:30:56.138+0000] {dag.py:3239} INFO - Sync 1 DAGs
[2025-09-25T05:30:56.150+0000] {logging_mixin.py:190} INFO - [2025-09-25T05:30:56.149+0000] {dag.py:4180} INFO - Setting next_dagrun for example_task_group_decorator to None, run_after=None
[2025-09-25T05:30:56.166+0000] {processor.py:208} INFO - Processing /home/airflow/.local/lib/python3.12/site-packages/airflow/example_dags/example_task_group_decorator.py took 0.069 seconds
[2025-09-25T05:31:26.236+0000] {processor.py:186} INFO - Started process (PID=387) to work on /home/airflow/.local/lib/python3.12/site-packages/airflow/example_dags/example_task_group_decorator.py
[2025-09-25T05:31:26.237+0000] {processor.py:914} INFO - Processing file /home/airflow/.local/lib/python3.12/site-packages/airflow/example_dags/example_task_group_decorator.py for tasks to queue
[2025-09-25T05:31:26.239+0000] {logging_mixin.py:190} INFO - [2025-09-25T05:31:26.239+0000] {dagbag.py:588} INFO - Filling up the DagBag from /home/airflow/.local/lib/python3.12/site-packages/airflow/example_dags/example_task_group_decorator.py
[2025-09-25T05:31:26.254+0000] {processor.py:925} INFO - DAG(s) 'example_task_group_decorator' retrieved from /home/airflow/.local/lib/python3.12/site-packages/airflow/example_dags/example_task_group_decorator.py
[2025-09-25T05:31:26.274+0000] {logging_mixin.py:190} INFO - [2025-09-25T05:31:26.274+0000] {dag.py:3239} INFO - Sync 1 DAGs
[2025-09-25T05:31:26.285+0000] {logging_mixin.py:190} INFO - [2025-09-25T05:31:26.285+0000] {dag.py:4180} INFO - Setting next_dagrun for example_task_group_decorator to None, run_after=None
[2025-09-25T05:31:26.300+0000] {processor.py:208} INFO - Processing /home/airflow/.local/lib/python3.12/site-packages/airflow/example_dags/example_task_group_decorator.py took 0.068 seconds
[2025-09-25T05:31:57.045+0000] {processor.py:186} INFO - Started process (PID=452) to work on /home/airflow/.local/lib/python3.12/site-packages/airflow/example_dags/example_task_group_decorator.py
[2025-09-25T05:31:57.047+0000] {processor.py:914} INFO - Processing file /home/airflow/.local/lib/python3.12/site-packages/airflow/example_dags/example_task_group_decorator.py for tasks to queue
[2025-09-25T05:31:57.049+0000] {logging_mixin.py:190} INFO - [2025-09-25T05:31:57.048+0000] {dagbag.py:588} INFO - Filling up the DagBag from /home/airflow/.local/lib/python3.12/site-packages/airflow/example_dags/example_task_group_decorator.py
[2025-09-25T05:31:57.062+0000] {processor.py:925} INFO - DAG(s) 'example_task_group_decorator' retrieved from /home/airflow/.local/lib/python3.12/site-packages/airflow/example_dags/example_task_group_decorator.py
[2025-09-25T05:31:57.083+0000] {logging_mixin.py:190} INFO - [2025-09-25T05:31:57.082+0000] {dag.py:3239} INFO - Sync 1 DAGs
[2025-09-25T05:31:57.096+0000] {logging_mixin.py:190} INFO - [2025-09-25T05:31:57.096+0000] {dag.py:4180} INFO - Setting next_dagrun for example_task_group_decorator to None, run_after=None
[2025-09-25T05:31:57.111+0000] {processor.py:208} INFO - Processing /home/airflow/.local/lib/python3.12/site-packages/airflow/example_dags/example_task_group_decorator.py took 0.073 seconds
[2025-09-25T05:32:27.391+0000] {processor.py:186} INFO - Started process (PID=517) to work on /home/airflow/.local/lib/python3.12/site-packages/airflow/example_dags/example_task_group_decorator.py
[2025-09-25T05:32:27.392+0000] {processor.py:914} INFO - Processing file /home/airflow/.local/lib/python3.12/site-packages/airflow/example_dags/example_task_group_decorator.py for tasks to queue
[2025-09-25T05:32:27.394+0000] {logging_mixin.py:190} INFO - [2025-09-25T05:32:27.394+0000] {dagbag.py:588} INFO - Filling up the DagBag from /home/airflow/.local/lib/python3.12/site-packages/airflow/example_dags/example_task_group_decorator.py
[2025-09-25T05:32:27.408+0000] {processor.py:925} INFO - DAG(s) 'example_task_group_decorator' retrieved from /home/airflow/.local/lib/python3.12/site-packages/airflow/example_dags/example_task_group_decorator.py
[2025-09-25T05:32:27.429+0000] {logging_mixin.py:190} INFO - [2025-09-25T05:32:27.428+0000] {dag.py:3239} INFO - Sync 1 DAGs
[2025-09-25T05:32:27.441+0000] {logging_mixin.py:190} INFO - [2025-09-25T05:32:27.441+0000] {dag.py:4180} INFO - Setting next_dagrun for example_task_group_decorator to None, run_after=None
[2025-09-25T05:32:27.457+0000] {processor.py:208} INFO - Processing /home/airflow/.local/lib/python3.12/site-packages/airflow/example_dags/example_task_group_decorator.py took 0.071 seconds
[2025-09-25T05:32:58.215+0000] {processor.py:186} INFO - Started process (PID=582) to work on /home/airflow/.local/lib/python3.12/site-packages/airflow/example_dags/example_task_group_decorator.py
[2025-09-25T05:32:58.229+0000] {processor.py:914} INFO - Processing file /home/airflow/.local/lib/python3.12/site-packages/airflow/example_dags/example_task_group_decorator.py for tasks to queue
[2025-09-25T05:32:58.232+0000] {logging_mixin.py:190} INFO - [2025-09-25T05:32:58.231+0000] {dagbag.py:588} INFO - Filling up the DagBag from /home/airflow/.local/lib/python3.12/site-packages/airflow/example_dags/example_task_group_decorator.py
[2025-09-25T05:32:58.253+0000] {processor.py:925} INFO - DAG(s) 'example_task_group_decorator' retrieved from /home/airflow/.local/lib/python3.12/site-packages/airflow/example_dags/example_task_group_decorator.py
[2025-09-25T05:32:58.277+0000] {logging_mixin.py:190} INFO - [2025-09-25T05:32:58.277+0000] {dag.py:3239} INFO - Sync 1 DAGs
[2025-09-25T05:32:58.294+0000] {logging_mixin.py:190} INFO - [2025-09-25T05:32:58.293+0000] {dag.py:4180} INFO - Setting next_dagrun for example_task_group_decorator to None, run_after=None
[2025-09-25T05:32:58.309+0000] {processor.py:208} INFO - Processing /home/airflow/.local/lib/python3.12/site-packages/airflow/example_dags/example_task_group_decorator.py took 0.112 seconds
[2025-09-25T05:33:28.403+0000] {processor.py:186} INFO - Started process (PID=647) to work on /home/airflow/.local/lib/python3.12/site-packages/airflow/example_dags/example_task_group_decorator.py
[2025-09-25T05:33:28.404+0000] {processor.py:914} INFO - Processing file /home/airflow/.local/lib/python3.12/site-packages/airflow/example_dags/example_task_group_decorator.py for tasks to queue
[2025-09-25T05:33:28.406+0000] {logging_mixin.py:190} INFO - [2025-09-25T05:33:28.406+0000] {dagbag.py:588} INFO - Filling up the DagBag from /home/airflow/.local/lib/python3.12/site-packages/airflow/example_dags/example_task_group_decorator.py
[2025-09-25T05:33:28.420+0000] {processor.py:925} INFO - DAG(s) 'example_task_group_decorator' retrieved from /home/airflow/.local/lib/python3.12/site-packages/airflow/example_dags/example_task_group_decorator.py
[2025-09-25T05:33:28.439+0000] {logging_mixin.py:190} INFO - [2025-09-25T05:33:28.439+0000] {dag.py:3239} INFO - Sync 1 DAGs
[2025-09-25T05:33:28.450+0000] {logging_mixin.py:190} INFO - [2025-09-25T05:33:28.450+0000] {dag.py:4180} INFO - Setting next_dagrun for example_task_group_decorator to None, run_after=None
[2025-09-25T05:33:28.466+0000] {processor.py:208} INFO - Processing /home/airflow/.local/lib/python3.12/site-packages/airflow/example_dags/example_task_group_decorator.py took 0.069 seconds
[2025-09-25T05:33:58.554+0000] {processor.py:186} INFO - Started process (PID=712) to work on /home/airflow/.local/lib/python3.12/site-packages/airflow/example_dags/example_task_group_decorator.py
[2025-09-25T05:33:58.555+0000] {processor.py:914} INFO - Processing file /home/airflow/.local/lib/python3.12/site-packages/airflow/example_dags/example_task_group_decorator.py for tasks to queue
[2025-09-25T05:33:58.558+0000] {logging_mixin.py:190} INFO - [2025-09-25T05:33:58.558+0000] {dagbag.py:588} INFO - Filling up the DagBag from /home/airflow/.local/lib/python3.12/site-packages/airflow/example_dags/example_task_group_decorator.py
[2025-09-25T05:33:58.571+0000] {processor.py:925} INFO - DAG(s) 'example_task_group_decorator' retrieved from /home/airflow/.local/lib/python3.12/site-packages/airflow/example_dags/example_task_group_decorator.py
[2025-09-25T05:33:58.592+0000] {logging_mixin.py:190} INFO - [2025-09-25T05:33:58.591+0000] {dag.py:3239} INFO - Sync 1 DAGs
[2025-09-25T05:33:58.603+0000] {logging_mixin.py:190} INFO - [2025-09-25T05:33:58.603+0000] {dag.py:4180} INFO - Setting next_dagrun for example_task_group_decorator to None, run_after=None
[2025-09-25T05:33:58.618+0000] {processor.py:208} INFO - Processing /home/airflow/.local/lib/python3.12/site-packages/airflow/example_dags/example_task_group_decorator.py took 0.071 seconds
[2025-09-25T05:34:28.792+0000] {processor.py:186} INFO - Started process (PID=777) to work on /home/airflow/.local/lib/python3.12/site-packages/airflow/example_dags/example_task_group_decorator.py
[2025-09-25T05:34:28.793+0000] {processor.py:914} INFO - Processing file /home/airflow/.local/lib/python3.12/site-packages/airflow/example_dags/example_task_group_decorator.py for tasks to queue
[2025-09-25T05:34:28.795+0000] {logging_mixin.py:190} INFO - [2025-09-25T05:34:28.795+0000] {dagbag.py:588} INFO - Filling up the DagBag from /home/airflow/.local/lib/python3.12/site-packages/airflow/example_dags/example_task_group_decorator.py
[2025-09-25T05:34:28.809+0000] {processor.py:925} INFO - DAG(s) 'example_task_group_decorator' retrieved from /home/airflow/.local/lib/python3.12/site-packages/airflow/example_dags/example_task_group_decorator.py
[2025-09-25T05:34:28.829+0000] {logging_mixin.py:190} INFO - [2025-09-25T05:34:28.829+0000] {dag.py:3239} INFO - Sync 1 DAGs
[2025-09-25T05:34:28.840+0000] {logging_mixin.py:190} INFO - [2025-09-25T05:34:28.840+0000] {dag.py:4180} INFO - Setting next_dagrun for example_task_group_decorator to None, run_after=None
[2025-09-25T05:34:28.855+0000] {processor.py:208} INFO - Processing /home/airflow/.local/lib/python3.12/site-packages/airflow/example_dags/example_task_group_decorator.py took 0.070 seconds
[2025-09-25T05:34:59.040+0000] {processor.py:186} INFO - Started process (PID=842) to work on /home/airflow/.local/lib/python3.12/site-packages/airflow/example_dags/example_task_group_decorator.py
[2025-09-25T05:34:59.041+0000] {processor.py:914} INFO - Processing file /home/airflow/.local/lib/python3.12/site-packages/airflow/example_dags/example_task_group_decorator.py for tasks to queue
[2025-09-25T05:34:59.044+0000] {logging_mixin.py:190} INFO - [2025-09-25T05:34:59.044+0000] {dagbag.py:588} INFO - Filling up the DagBag from /home/airflow/.local/lib/python3.12/site-packages/airflow/example_dags/example_task_group_decorator.py
[2025-09-25T05:34:59.058+0000] {processor.py:925} INFO - DAG(s) 'example_task_group_decorator' retrieved from /home/airflow/.local/lib/python3.12/site-packages/airflow/example_dags/example_task_group_decorator.py
[2025-09-25T05:34:59.078+0000] {logging_mixin.py:190} INFO - [2025-09-25T05:34:59.078+0000] {dag.py:3239} INFO - Sync 1 DAGs
[2025-09-25T05:34:59.090+0000] {logging_mixin.py:190} INFO - [2025-09-25T05:34:59.090+0000] {dag.py:4180} INFO - Setting next_dagrun for example_task_group_decorator to None, run_after=None
[2025-09-25T05:34:59.105+0000] {processor.py:208} INFO - Processing /home/airflow/.local/lib/python3.12/site-packages/airflow/example_dags/example_task_group_decorator.py took 0.069 seconds
[2025-09-25T05:35:29.278+0000] {processor.py:186} INFO - Started process (PID=907) to work on /home/airflow/.local/lib/python3.12/site-packages/airflow/example_dags/example_task_group_decorator.py
[2025-09-25T05:35:29.279+0000] {processor.py:914} INFO - Processing file /home/airflow/.local/lib/python3.12/site-packages/airflow/example_dags/example_task_group_decorator.py for tasks to queue
[2025-09-25T05:35:29.281+0000] {logging_mixin.py:190} INFO - [2025-09-25T05:35:29.281+0000] {dagbag.py:588} INFO - Filling up the DagBag from /home/airflow/.local/lib/python3.12/site-packages/airflow/example_dags/example_task_group_decorator.py
[2025-09-25T05:35:29.294+0000] {processor.py:925} INFO - DAG(s) 'example_task_group_decorator' retrieved from /home/airflow/.local/lib/python3.12/site-packages/airflow/example_dags/example_task_group_decorator.py
[2025-09-25T05:35:29.315+0000] {logging_mixin.py:190} INFO - [2025-09-25T05:35:29.314+0000] {dag.py:3239} INFO - Sync 1 DAGs
[2025-09-25T05:35:29.327+0000] {logging_mixin.py:190} INFO - [2025-09-25T05:35:29.326+0000] {dag.py:4180} INFO - Setting next_dagrun for example_task_group_decorator to None, run_after=None
[2025-09-25T05:35:29.344+0000] {processor.py:208} INFO - Processing /home/airflow/.local/lib/python3.12/site-packages/airflow/example_dags/example_task_group_decorator.py took 0.071 seconds
[2025-09-25T05:35:59.697+0000] {processor.py:186} INFO - Started process (PID=972) to work on /home/airflow/.local/lib/python3.12/site-packages/airflow/example_dags/example_task_group_decorator.py
[2025-09-25T05:35:59.698+0000] {processor.py:914} INFO - Processing file /home/airflow/.local/lib/python3.12/site-packages/airflow/example_dags/example_task_group_decorator.py for tasks to queue
[2025-09-25T05:35:59.701+0000] {logging_mixin.py:190} INFO - [2025-09-25T05:35:59.700+0000] {dagbag.py:588} INFO - Filling up the DagBag from /home/airflow/.local/lib/python3.12/site-packages/airflow/example_dags/example_task_group_decorator.py
[2025-09-25T05:35:59.713+0000] {processor.py:925} INFO - DAG(s) 'example_task_group_decorator' retrieved from /home/airflow/.local/lib/python3.12/site-packages/airflow/example_dags/example_task_group_decorator.py
[2025-09-25T05:35:59.734+0000] {logging_mixin.py:190} INFO - [2025-09-25T05:35:59.734+0000] {dag.py:3239} INFO - Sync 1 DAGs
[2025-09-25T05:35:59.746+0000] {logging_mixin.py:190} INFO - [2025-09-25T05:35:59.746+0000] {dag.py:4180} INFO - Setting next_dagrun for example_task_group_decorator to None, run_after=None
[2025-09-25T05:35:59.762+0000] {processor.py:208} INFO - Processing /home/airflow/.local/lib/python3.12/site-packages/airflow/example_dags/example_task_group_decorator.py took 0.070 seconds
[2025-09-25T05:36:30.096+0000] {processor.py:186} INFO - Started process (PID=1037) to work on /home/airflow/.local/lib/python3.12/site-packages/airflow/example_dags/example_task_group_decorator.py
[2025-09-25T05:36:30.097+0000] {processor.py:914} INFO - Processing file /home/airflow/.local/lib/python3.12/site-packages/airflow/example_dags/example_task_group_decorator.py for tasks to queue
[2025-09-25T05:36:30.099+0000] {logging_mixin.py:190} INFO - [2025-09-25T05:36:30.099+0000] {dagbag.py:588} INFO - Filling up the DagBag from /home/airflow/.local/lib/python3.12/site-packages/airflow/example_dags/example_task_group_decorator.py
[2025-09-25T05:36:30.112+0000] {processor.py:925} INFO - DAG(s) 'example_task_group_decorator' retrieved from /home/airflow/.local/lib/python3.12/site-packages/airflow/example_dags/example_task_group_decorator.py
[2025-09-25T05:36:30.132+0000] {logging_mixin.py:190} INFO - [2025-09-25T05:36:30.131+0000] {dag.py:3239} INFO - Sync 1 DAGs
[2025-09-25T05:36:30.143+0000] {logging_mixin.py:190} INFO - [2025-09-25T05:36:30.143+0000] {dag.py:4180} INFO - Setting next_dagrun for example_task_group_decorator to None, run_after=None
[2025-09-25T05:36:30.158+0000] {processor.py:208} INFO - Processing /home/airflow/.local/lib/python3.12/site-packages/airflow/example_dags/example_task_group_decorator.py took 0.068 seconds
[2025-09-25T05:37:00.674+0000] {processor.py:186} INFO - Started process (PID=1102) to work on /home/airflow/.local/lib/python3.12/site-packages/airflow/example_dags/example_task_group_decorator.py
[2025-09-25T05:37:00.675+0000] {processor.py:914} INFO - Processing file /home/airflow/.local/lib/python3.12/site-packages/airflow/example_dags/example_task_group_decorator.py for tasks to queue
[2025-09-25T05:37:00.677+0000] {logging_mixin.py:190} INFO - [2025-09-25T05:37:00.677+0000] {dagbag.py:588} INFO - Filling up the DagBag from /home/airflow/.local/lib/python3.12/site-packages/airflow/example_dags/example_task_group_decorator.py
[2025-09-25T05:37:00.690+0000] {processor.py:925} INFO - DAG(s) 'example_task_group_decorator' retrieved from /home/airflow/.local/lib/python3.12/site-packages/airflow/example_dags/example_task_group_decorator.py
[2025-09-25T05:37:00.710+0000] {logging_mixin.py:190} INFO - [2025-09-25T05:37:00.710+0000] {dag.py:3239} INFO - Sync 1 DAGs
[2025-09-25T05:37:00.721+0000] {logging_mixin.py:190} INFO - [2025-09-25T05:37:00.721+0000] {dag.py:4180} INFO - Setting next_dagrun for example_task_group_decorator to None, run_after=None
[2025-09-25T05:37:00.737+0000] {processor.py:208} INFO - Processing /home/airflow/.local/lib/python3.12/site-packages/airflow/example_dags/example_task_group_decorator.py took 0.068 seconds
[2025-09-25T05:37:31.066+0000] {processor.py:186} INFO - Started process (PID=1167) to work on /home/airflow/.local/lib/python3.12/site-packages/airflow/example_dags/example_task_group_decorator.py
[2025-09-25T05:37:31.067+0000] {processor.py:914} INFO - Processing file /home/airflow/.local/lib/python3.12/site-packages/airflow/example_dags/example_task_group_decorator.py for tasks to queue
[2025-09-25T05:37:31.069+0000] {logging_mixin.py:190} INFO - [2025-09-25T05:37:31.069+0000] {dagbag.py:588} INFO - Filling up the DagBag from /home/airflow/.local/lib/python3.12/site-packages/airflow/example_dags/example_task_group_decorator.py
[2025-09-25T05:37:31.082+0000] {processor.py:925} INFO - DAG(s) 'example_task_group_decorator' retrieved from /home/airflow/.local/lib/python3.12/site-packages/airflow/example_dags/example_task_group_decorator.py
[2025-09-25T05:37:31.103+0000] {logging_mixin.py:190} INFO - [2025-09-25T05:37:31.102+0000] {dag.py:3239} INFO - Sync 1 DAGs
[2025-09-25T05:37:31.115+0000] {logging_mixin.py:190} INFO - [2025-09-25T05:37:31.115+0000] {dag.py:4180} INFO - Setting next_dagrun for example_task_group_decorator to None, run_after=None
[2025-09-25T05:37:31.130+0000] {processor.py:208} INFO - Processing /home/airflow/.local/lib/python3.12/site-packages/airflow/example_dags/example_task_group_decorator.py took 0.070 seconds
[2025-09-25T05:38:01.397+0000] {processor.py:186} INFO - Started process (PID=1232) to work on /home/airflow/.local/lib/python3.12/site-packages/airflow/example_dags/example_task_group_decorator.py
[2025-09-25T05:38:01.398+0000] {processor.py:914} INFO - Processing file /home/airflow/.local/lib/python3.12/site-packages/airflow/example_dags/example_task_group_decorator.py for tasks to queue
[2025-09-25T05:38:01.401+0000] {logging_mixin.py:190} INFO - [2025-09-25T05:38:01.400+0000] {dagbag.py:588} INFO - Filling up the DagBag from /home/airflow/.local/lib/python3.12/site-packages/airflow/example_dags/example_task_group_decorator.py
[2025-09-25T05:38:01.414+0000] {processor.py:925} INFO - DAG(s) 'example_task_group_decorator' retrieved from /home/airflow/.local/lib/python3.12/site-packages/airflow/example_dags/example_task_group_decorator.py
[2025-09-25T05:38:01.435+0000] {logging_mixin.py:190} INFO - [2025-09-25T05:38:01.435+0000] {dag.py:3239} INFO - Sync 1 DAGs
[2025-09-25T05:38:01.447+0000] {logging_mixin.py:190} INFO - [2025-09-25T05:38:01.447+0000] {dag.py:4180} INFO - Setting next_dagrun for example_task_group_decorator to None, run_after=None
[2025-09-25T05:38:01.464+0000] {processor.py:208} INFO - Processing /home/airflow/.local/lib/python3.12/site-packages/airflow/example_dags/example_task_group_decorator.py took 0.072 seconds
[2025-09-25T05:38:31.657+0000] {processor.py:186} INFO - Started process (PID=1297) to work on /home/airflow/.local/lib/python3.12/site-packages/airflow/example_dags/example_task_group_decorator.py
[2025-09-25T05:38:31.658+0000] {processor.py:914} INFO - Processing file /home/airflow/.local/lib/python3.12/site-packages/airflow/example_dags/example_task_group_decorator.py for tasks to queue
[2025-09-25T05:38:31.660+0000] {logging_mixin.py:190} INFO - [2025-09-25T05:38:31.660+0000] {dagbag.py:588} INFO - Filling up the DagBag from /home/airflow/.local/lib/python3.12/site-packages/airflow/example_dags/example_task_group_decorator.py
[2025-09-25T05:38:31.674+0000] {processor.py:925} INFO - DAG(s) 'example_task_group_decorator' retrieved from /home/airflow/.local/lib/python3.12/site-packages/airflow/example_dags/example_task_group_decorator.py
[2025-09-25T05:38:31.696+0000] {logging_mixin.py:190} INFO - [2025-09-25T05:38:31.696+0000] {dag.py:3239} INFO - Sync 1 DAGs
[2025-09-25T05:38:31.710+0000] {logging_mixin.py:190} INFO - [2025-09-25T05:38:31.709+0000] {dag.py:4180} INFO - Setting next_dagrun for example_task_group_decorator to None, run_after=None
[2025-09-25T05:38:31.726+0000] {processor.py:208} INFO - Processing /home/airflow/.local/lib/python3.12/site-packages/airflow/example_dags/example_task_group_decorator.py took 0.075 seconds
[2025-09-25T05:39:02.066+0000] {processor.py:186} INFO - Started process (PID=1362) to work on /home/airflow/.local/lib/python3.12/site-packages/airflow/example_dags/example_task_group_decorator.py
[2025-09-25T05:39:02.067+0000] {processor.py:914} INFO - Processing file /home/airflow/.local/lib/python3.12/site-packages/airflow/example_dags/example_task_group_decorator.py for tasks to queue
[2025-09-25T05:39:02.069+0000] {logging_mixin.py:190} INFO - [2025-09-25T05:39:02.069+0000] {dagbag.py:588} INFO - Filling up the DagBag from /home/airflow/.local/lib/python3.12/site-packages/airflow/example_dags/example_task_group_decorator.py
[2025-09-25T05:39:02.090+0000] {processor.py:925} INFO - DAG(s) 'example_task_group_decorator' retrieved from /home/airflow/.local/lib/python3.12/site-packages/airflow/example_dags/example_task_group_decorator.py
[2025-09-25T05:39:02.137+0000] {logging_mixin.py:190} INFO - [2025-09-25T05:39:02.137+0000] {dag.py:3239} INFO - Sync 1 DAGs
[2025-09-25T05:39:02.167+0000] {logging_mixin.py:190} INFO - [2025-09-25T05:39:02.167+0000] {dag.py:4180} INFO - Setting next_dagrun for example_task_group_decorator to None, run_after=None
[2025-09-25T05:39:02.215+0000] {processor.py:208} INFO - Processing /home/airflow/.local/lib/python3.12/site-packages/airflow/example_dags/example_task_group_decorator.py took 0.156 seconds
[2025-09-25T05:39:32.766+0000] {processor.py:186} INFO - Started process (PID=1427) to work on /home/airflow/.local/lib/python3.12/site-packages/airflow/example_dags/example_task_group_decorator.py
[2025-09-25T05:39:32.767+0000] {processor.py:914} INFO - Processing file /home/airflow/.local/lib/python3.12/site-packages/airflow/example_dags/example_task_group_decorator.py for tasks to queue
[2025-09-25T05:39:32.769+0000] {logging_mixin.py:190} INFO - [2025-09-25T05:39:32.769+0000] {dagbag.py:588} INFO - Filling up the DagBag from /home/airflow/.local/lib/python3.12/site-packages/airflow/example_dags/example_task_group_decorator.py
[2025-09-25T05:39:32.782+0000] {processor.py:925} INFO - DAG(s) 'example_task_group_decorator' retrieved from /home/airflow/.local/lib/python3.12/site-packages/airflow/example_dags/example_task_group_decorator.py
[2025-09-25T05:39:32.802+0000] {logging_mixin.py:190} INFO - [2025-09-25T05:39:32.801+0000] {dag.py:3239} INFO - Sync 1 DAGs
[2025-09-25T05:39:32.814+0000] {logging_mixin.py:190} INFO - [2025-09-25T05:39:32.814+0000] {dag.py:4180} INFO - Setting next_dagrun for example_task_group_decorator to None, run_after=None
[2025-09-25T05:39:32.829+0000] {processor.py:208} INFO - Processing /home/airflow/.local/lib/python3.12/site-packages/airflow/example_dags/example_task_group_decorator.py took 0.067 seconds
[2025-09-25T05:40:02.877+0000] {processor.py:186} INFO - Started process (PID=1492) to work on /home/airflow/.local/lib/python3.12/site-packages/airflow/example_dags/example_task_group_decorator.py
[2025-09-25T05:40:02.878+0000] {processor.py:914} INFO - Processing file /home/airflow/.local/lib/python3.12/site-packages/airflow/example_dags/example_task_group_decorator.py for tasks to queue
[2025-09-25T05:40:02.880+0000] {logging_mixin.py:190} INFO - [2025-09-25T05:40:02.880+0000] {dagbag.py:588} INFO - Filling up the DagBag from /home/airflow/.local/lib/python3.12/site-packages/airflow/example_dags/example_task_group_decorator.py
[2025-09-25T05:40:02.892+0000] {processor.py:925} INFO - DAG(s) 'example_task_group_decorator' retrieved from /home/airflow/.local/lib/python3.12/site-packages/airflow/example_dags/example_task_group_decorator.py
[2025-09-25T05:40:02.913+0000] {logging_mixin.py:190} INFO - [2025-09-25T05:40:02.913+0000] {dag.py:3239} INFO - Sync 1 DAGs
[2025-09-25T05:40:02.926+0000] {logging_mixin.py:190} INFO - [2025-09-25T05:40:02.925+0000] {dag.py:4180} INFO - Setting next_dagrun for example_task_group_decorator to None, run_after=None
[2025-09-25T05:40:02.941+0000] {processor.py:208} INFO - Processing /home/airflow/.local/lib/python3.12/site-packages/airflow/example_dags/example_task_group_decorator.py took 0.069 seconds
[2025-09-25T05:40:33.181+0000] {processor.py:186} INFO - Started process (PID=1557) to work on /home/airflow/.local/lib/python3.12/site-packages/airflow/example_dags/example_task_group_decorator.py
[2025-09-25T05:40:33.182+0000] {processor.py:914} INFO - Processing file /home/airflow/.local/lib/python3.12/site-packages/airflow/example_dags/example_task_group_decorator.py for tasks to queue
[2025-09-25T05:40:33.185+0000] {logging_mixin.py:190} INFO - [2025-09-25T05:40:33.185+0000] {dagbag.py:588} INFO - Filling up the DagBag from /home/airflow/.local/lib/python3.12/site-packages/airflow/example_dags/example_task_group_decorator.py
[2025-09-25T05:40:33.203+0000] {processor.py:925} INFO - DAG(s) 'example_task_group_decorator' retrieved from /home/airflow/.local/lib/python3.12/site-packages/airflow/example_dags/example_task_group_decorator.py
[2025-09-25T05:40:33.225+0000] {logging_mixin.py:190} INFO - [2025-09-25T05:40:33.225+0000] {dag.py:3239} INFO - Sync 1 DAGs
[2025-09-25T05:40:33.239+0000] {logging_mixin.py:190} INFO - [2025-09-25T05:40:33.239+0000] {dag.py:4180} INFO - Setting next_dagrun for example_task_group_decorator to None, run_after=None
[2025-09-25T05:40:33.259+0000] {processor.py:208} INFO - Processing /home/airflow/.local/lib/python3.12/site-packages/airflow/example_dags/example_task_group_decorator.py took 0.083 seconds
[2025-09-25T05:41:03.525+0000] {processor.py:186} INFO - Started process (PID=1622) to work on /home/airflow/.local/lib/python3.12/site-packages/airflow/example_dags/example_task_group_decorator.py
[2025-09-25T05:41:03.526+0000] {processor.py:914} INFO - Processing file /home/airflow/.local/lib/python3.12/site-packages/airflow/example_dags/example_task_group_decorator.py for tasks to queue
[2025-09-25T05:41:03.528+0000] {logging_mixin.py:190} INFO - [2025-09-25T05:41:03.528+0000] {dagbag.py:588} INFO - Filling up the DagBag from /home/airflow/.local/lib/python3.12/site-packages/airflow/example_dags/example_task_group_decorator.py
[2025-09-25T05:41:03.540+0000] {processor.py:925} INFO - DAG(s) 'example_task_group_decorator' retrieved from /home/airflow/.local/lib/python3.12/site-packages/airflow/example_dags/example_task_group_decorator.py
[2025-09-25T05:41:03.562+0000] {logging_mixin.py:190} INFO - [2025-09-25T05:41:03.562+0000] {dag.py:3239} INFO - Sync 1 DAGs
[2025-09-25T05:41:03.574+0000] {logging_mixin.py:190} INFO - [2025-09-25T05:41:03.574+0000] {dag.py:4180} INFO - Setting next_dagrun for example_task_group_decorator to None, run_after=None
[2025-09-25T05:41:03.589+0000] {processor.py:208} INFO - Processing /home/airflow/.local/lib/python3.12/site-packages/airflow/example_dags/example_task_group_decorator.py took 0.069 seconds
[2025-09-25T05:41:33.982+0000] {processor.py:186} INFO - Started process (PID=1687) to work on /home/airflow/.local/lib/python3.12/site-packages/airflow/example_dags/example_task_group_decorator.py
[2025-09-25T05:41:33.983+0000] {processor.py:914} INFO - Processing file /home/airflow/.local/lib/python3.12/site-packages/airflow/example_dags/example_task_group_decorator.py for tasks to queue
[2025-09-25T05:41:33.986+0000] {logging_mixin.py:190} INFO - [2025-09-25T05:41:33.985+0000] {dagbag.py:588} INFO - Filling up the DagBag from /home/airflow/.local/lib/python3.12/site-packages/airflow/example_dags/example_task_group_decorator.py
[2025-09-25T05:41:33.998+0000] {processor.py:925} INFO - DAG(s) 'example_task_group_decorator' retrieved from /home/airflow/.local/lib/python3.12/site-packages/airflow/example_dags/example_task_group_decorator.py
[2025-09-25T05:41:34.020+0000] {logging_mixin.py:190} INFO - [2025-09-25T05:41:34.020+0000] {dag.py:3239} INFO - Sync 1 DAGs
[2025-09-25T05:41:34.035+0000] {logging_mixin.py:190} INFO - [2025-09-25T05:41:34.034+0000] {dag.py:4180} INFO - Setting next_dagrun for example_task_group_decorator to None, run_after=None
[2025-09-25T05:41:34.056+0000] {processor.py:208} INFO - Processing /home/airflow/.local/lib/python3.12/site-packages/airflow/example_dags/example_task_group_decorator.py took 0.079 seconds
[2025-09-25T05:42:04.547+0000] {processor.py:186} INFO - Started process (PID=1752) to work on /home/airflow/.local/lib/python3.12/site-packages/airflow/example_dags/example_task_group_decorator.py
[2025-09-25T05:42:04.548+0000] {processor.py:914} INFO - Processing file /home/airflow/.local/lib/python3.12/site-packages/airflow/example_dags/example_task_group_decorator.py for tasks to queue
[2025-09-25T05:42:04.550+0000] {logging_mixin.py:190} INFO - [2025-09-25T05:42:04.550+0000] {dagbag.py:588} INFO - Filling up the DagBag from /home/airflow/.local/lib/python3.12/site-packages/airflow/example_dags/example_task_group_decorator.py
[2025-09-25T05:42:04.564+0000] {processor.py:925} INFO - DAG(s) 'example_task_group_decorator' retrieved from /home/airflow/.local/lib/python3.12/site-packages/airflow/example_dags/example_task_group_decorator.py
[2025-09-25T05:42:04.585+0000] {logging_mixin.py:190} INFO - [2025-09-25T05:42:04.585+0000] {dag.py:3239} INFO - Sync 1 DAGs
[2025-09-25T05:42:04.597+0000] {logging_mixin.py:190} INFO - [2025-09-25T05:42:04.597+0000] {dag.py:4180} INFO - Setting next_dagrun for example_task_group_decorator to None, run_after=None
[2025-09-25T05:42:04.612+0000] {processor.py:208} INFO - Processing /home/airflow/.local/lib/python3.12/site-packages/airflow/example_dags/example_task_group_decorator.py took 0.070 seconds
[2025-09-25T05:42:34.690+0000] {processor.py:186} INFO - Started process (PID=1817) to work on /home/airflow/.local/lib/python3.12/site-packages/airflow/example_dags/example_task_group_decorator.py
[2025-09-25T05:42:34.691+0000] {processor.py:914} INFO - Processing file /home/airflow/.local/lib/python3.12/site-packages/airflow/example_dags/example_task_group_decorator.py for tasks to queue
[2025-09-25T05:42:34.694+0000] {logging_mixin.py:190} INFO - [2025-09-25T05:42:34.694+0000] {dagbag.py:588} INFO - Filling up the DagBag from /home/airflow/.local/lib/python3.12/site-packages/airflow/example_dags/example_task_group_decorator.py
[2025-09-25T05:42:34.706+0000] {processor.py:925} INFO - DAG(s) 'example_task_group_decorator' retrieved from /home/airflow/.local/lib/python3.12/site-packages/airflow/example_dags/example_task_group_decorator.py
[2025-09-25T05:42:34.727+0000] {logging_mixin.py:190} INFO - [2025-09-25T05:42:34.727+0000] {dag.py:3239} INFO - Sync 1 DAGs
[2025-09-25T05:42:34.738+0000] {logging_mixin.py:190} INFO - [2025-09-25T05:42:34.738+0000] {dag.py:4180} INFO - Setting next_dagrun for example_task_group_decorator to None, run_after=None
[2025-09-25T05:42:34.752+0000] {processor.py:208} INFO - Processing /home/airflow/.local/lib/python3.12/site-packages/airflow/example_dags/example_task_group_decorator.py took 0.068 seconds
[2025-09-25T05:43:05.020+0000] {processor.py:186} INFO - Started process (PID=1882) to work on /home/airflow/.local/lib/python3.12/site-packages/airflow/example_dags/example_task_group_decorator.py
[2025-09-25T05:43:05.021+0000] {processor.py:914} INFO - Processing file /home/airflow/.local/lib/python3.12/site-packages/airflow/example_dags/example_task_group_decorator.py for tasks to queue
[2025-09-25T05:43:05.023+0000] {logging_mixin.py:190} INFO - [2025-09-25T05:43:05.023+0000] {dagbag.py:588} INFO - Filling up the DagBag from /home/airflow/.local/lib/python3.12/site-packages/airflow/example_dags/example_task_group_decorator.py
[2025-09-25T05:43:05.036+0000] {processor.py:925} INFO - DAG(s) 'example_task_group_decorator' retrieved from /home/airflow/.local/lib/python3.12/site-packages/airflow/example_dags/example_task_group_decorator.py
[2025-09-25T05:43:05.057+0000] {logging_mixin.py:190} INFO - [2025-09-25T05:43:05.057+0000] {dag.py:3239} INFO - Sync 1 DAGs
[2025-09-25T05:43:05.068+0000] {logging_mixin.py:190} INFO - [2025-09-25T05:43:05.068+0000] {dag.py:4180} INFO - Setting next_dagrun for example_task_group_decorator to None, run_after=None
[2025-09-25T05:43:05.082+0000] {processor.py:208} INFO - Processing /home/airflow/.local/lib/python3.12/site-packages/airflow/example_dags/example_task_group_decorator.py took 0.068 seconds
[2025-09-25T05:43:35.614+0000] {processor.py:186} INFO - Started process (PID=1947) to work on /home/airflow/.local/lib/python3.12/site-packages/airflow/example_dags/example_task_group_decorator.py
[2025-09-25T05:43:35.615+0000] {processor.py:914} INFO - Processing file /home/airflow/.local/lib/python3.12/site-packages/airflow/example_dags/example_task_group_decorator.py for tasks to queue
[2025-09-25T05:43:35.618+0000] {logging_mixin.py:190} INFO - [2025-09-25T05:43:35.617+0000] {dagbag.py:588} INFO - Filling up the DagBag from /home/airflow/.local/lib/python3.12/site-packages/airflow/example_dags/example_task_group_decorator.py
[2025-09-25T05:43:35.630+0000] {processor.py:925} INFO - DAG(s) 'example_task_group_decorator' retrieved from /home/airflow/.local/lib/python3.12/site-packages/airflow/example_dags/example_task_group_decorator.py
[2025-09-25T05:43:35.664+0000] {logging_mixin.py:190} INFO - [2025-09-25T05:43:35.664+0000] {dag.py:3239} INFO - Sync 1 DAGs
[2025-09-25T05:43:35.682+0000] {logging_mixin.py:190} INFO - [2025-09-25T05:43:35.681+0000] {dag.py:4180} INFO - Setting next_dagrun for example_task_group_decorator to None, run_after=None
[2025-09-25T05:43:35.704+0000] {processor.py:208} INFO - Processing /home/airflow/.local/lib/python3.12/site-packages/airflow/example_dags/example_task_group_decorator.py took 0.095 seconds
[2025-09-25T05:44:05.883+0000] {processor.py:186} INFO - Started process (PID=2012) to work on /home/airflow/.local/lib/python3.12/site-packages/airflow/example_dags/example_task_group_decorator.py
[2025-09-25T05:44:05.884+0000] {processor.py:914} INFO - Processing file /home/airflow/.local/lib/python3.12/site-packages/airflow/example_dags/example_task_group_decorator.py for tasks to queue
[2025-09-25T05:44:05.886+0000] {logging_mixin.py:190} INFO - [2025-09-25T05:44:05.886+0000] {dagbag.py:588} INFO - Filling up the DagBag from /home/airflow/.local/lib/python3.12/site-packages/airflow/example_dags/example_task_group_decorator.py
[2025-09-25T05:44:05.899+0000] {processor.py:925} INFO - DAG(s) 'example_task_group_decorator' retrieved from /home/airflow/.local/lib/python3.12/site-packages/airflow/example_dags/example_task_group_decorator.py
[2025-09-25T05:44:05.920+0000] {logging_mixin.py:190} INFO - [2025-09-25T05:44:05.920+0000] {dag.py:3239} INFO - Sync 1 DAGs
[2025-09-25T05:44:05.933+0000] {logging_mixin.py:190} INFO - [2025-09-25T05:44:05.932+0000] {dag.py:4180} INFO - Setting next_dagrun for example_task_group_decorator to None, run_after=None
[2025-09-25T05:44:05.948+0000] {processor.py:208} INFO - Processing /home/airflow/.local/lib/python3.12/site-packages/airflow/example_dags/example_task_group_decorator.py took 0.070 seconds
[2025-09-25T05:44:36.664+0000] {processor.py:186} INFO - Started process (PID=2077) to work on /home/airflow/.local/lib/python3.12/site-packages/airflow/example_dags/example_task_group_decorator.py
[2025-09-25T05:44:36.665+0000] {processor.py:914} INFO - Processing file /home/airflow/.local/lib/python3.12/site-packages/airflow/example_dags/example_task_group_decorator.py for tasks to queue
[2025-09-25T05:44:36.668+0000] {logging_mixin.py:190} INFO - [2025-09-25T05:44:36.667+0000] {dagbag.py:588} INFO - Filling up the DagBag from /home/airflow/.local/lib/python3.12/site-packages/airflow/example_dags/example_task_group_decorator.py
[2025-09-25T05:44:36.682+0000] {processor.py:925} INFO - DAG(s) 'example_task_group_decorator' retrieved from /home/airflow/.local/lib/python3.12/site-packages/airflow/example_dags/example_task_group_decorator.py
[2025-09-25T05:44:36.704+0000] {logging_mixin.py:190} INFO - [2025-09-25T05:44:36.703+0000] {dag.py:3239} INFO - Sync 1 DAGs
[2025-09-25T05:44:36.716+0000] {logging_mixin.py:190} INFO - [2025-09-25T05:44:36.716+0000] {dag.py:4180} INFO - Setting next_dagrun for example_task_group_decorator to None, run_after=None
[2025-09-25T05:44:36.731+0000] {processor.py:208} INFO - Processing /home/airflow/.local/lib/python3.12/site-packages/airflow/example_dags/example_task_group_decorator.py took 0.074 seconds
