[2025-09-25T05:12:43.563+0000] {processor.py:186} INFO - Started process (PID=106) to work on /home/airflow/.local/lib/python3.12/site-packages/airflow/example_dags/example_task_group.py
[2025-09-25T05:12:43.564+0000] {processor.py:914} INFO - Processing file /home/airflow/.local/lib/python3.12/site-packages/airflow/example_dags/example_task_group.py for tasks to queue
[2025-09-25T05:12:43.566+0000] {logging_mixin.py:190} INFO - [2025-09-25T05:12:43.565+0000] {dagbag.py:588} INFO - Filling up the DagBag from /home/airflow/.local/lib/python3.12/site-packages/airflow/example_dags/example_task_group.py
[2025-09-25T05:12:43.574+0000] {processor.py:925} INFO - DAG(s) 'example_task_group' retrieved from /home/airflow/.local/lib/python3.12/site-packages/airflow/example_dags/example_task_group.py
[2025-09-25T05:12:43.592+0000] {logging_mixin.py:190} INFO - [2025-09-25T05:12:43.592+0000] {dag.py:3239} INFO - Sync 1 DAGs
[2025-09-25T05:12:43.606+0000] {logging_mixin.py:190} INFO - [2025-09-25T05:12:43.605+0000] {dag.py:4180} INFO - Setting next_dagrun for example_task_group to None, run_after=None
[2025-09-25T05:12:43.623+0000] {processor.py:208} INFO - Processing /home/airflow/.local/lib/python3.12/site-packages/airflow/example_dags/example_task_group.py took 0.065 seconds
[2025-09-25T05:13:13.873+0000] {processor.py:186} INFO - Started process (PID=171) to work on /home/airflow/.local/lib/python3.12/site-packages/airflow/example_dags/example_task_group.py
[2025-09-25T05:13:13.874+0000] {processor.py:914} INFO - Processing file /home/airflow/.local/lib/python3.12/site-packages/airflow/example_dags/example_task_group.py for tasks to queue
[2025-09-25T05:13:13.876+0000] {logging_mixin.py:190} INFO - [2025-09-25T05:13:13.876+0000] {dagbag.py:588} INFO - Filling up the DagBag from /home/airflow/.local/lib/python3.12/site-packages/airflow/example_dags/example_task_group.py
[2025-09-25T05:13:13.884+0000] {processor.py:925} INFO - DAG(s) 'example_task_group' retrieved from /home/airflow/.local/lib/python3.12/site-packages/airflow/example_dags/example_task_group.py
[2025-09-25T05:13:13.900+0000] {logging_mixin.py:190} INFO - [2025-09-25T05:13:13.900+0000] {dag.py:3239} INFO - Sync 1 DAGs
[2025-09-25T05:13:13.912+0000] {logging_mixin.py:190} INFO - [2025-09-25T05:13:13.912+0000] {dag.py:4180} INFO - Setting next_dagrun for example_task_group to None, run_after=None
[2025-09-25T05:13:13.925+0000] {processor.py:208} INFO - Processing /home/airflow/.local/lib/python3.12/site-packages/airflow/example_dags/example_task_group.py took 0.058 seconds
[2025-09-25T05:13:44.490+0000] {processor.py:186} INFO - Started process (PID=236) to work on /home/airflow/.local/lib/python3.12/site-packages/airflow/example_dags/example_task_group.py
[2025-09-25T05:13:44.491+0000] {processor.py:914} INFO - Processing file /home/airflow/.local/lib/python3.12/site-packages/airflow/example_dags/example_task_group.py for tasks to queue
[2025-09-25T05:13:44.493+0000] {logging_mixin.py:190} INFO - [2025-09-25T05:13:44.493+0000] {dagbag.py:588} INFO - Filling up the DagBag from /home/airflow/.local/lib/python3.12/site-packages/airflow/example_dags/example_task_group.py
[2025-09-25T05:13:44.502+0000] {processor.py:925} INFO - DAG(s) 'example_task_group' retrieved from /home/airflow/.local/lib/python3.12/site-packages/airflow/example_dags/example_task_group.py
[2025-09-25T05:13:44.523+0000] {logging_mixin.py:190} INFO - [2025-09-25T05:13:44.523+0000] {dag.py:3239} INFO - Sync 1 DAGs
[2025-09-25T05:13:44.535+0000] {logging_mixin.py:190} INFO - [2025-09-25T05:13:44.535+0000] {dag.py:4180} INFO - Setting next_dagrun for example_task_group to None, run_after=None
[2025-09-25T05:13:44.552+0000] {processor.py:208} INFO - Processing /home/airflow/.local/lib/python3.12/site-packages/airflow/example_dags/example_task_group.py took 0.067 seconds
[2025-09-25T05:14:15.851+0000] {processor.py:186} INFO - Started process (PID=301) to work on /home/airflow/.local/lib/python3.12/site-packages/airflow/example_dags/example_task_group.py
[2025-09-25T05:14:15.852+0000] {processor.py:914} INFO - Processing file /home/airflow/.local/lib/python3.12/site-packages/airflow/example_dags/example_task_group.py for tasks to queue
[2025-09-25T05:14:15.855+0000] {logging_mixin.py:190} INFO - [2025-09-25T05:14:15.854+0000] {dagbag.py:588} INFO - Filling up the DagBag from /home/airflow/.local/lib/python3.12/site-packages/airflow/example_dags/example_task_group.py
[2025-09-25T05:14:15.862+0000] {processor.py:925} INFO - DAG(s) 'example_task_group' retrieved from /home/airflow/.local/lib/python3.12/site-packages/airflow/example_dags/example_task_group.py
[2025-09-25T05:14:15.881+0000] {logging_mixin.py:190} INFO - [2025-09-25T05:14:15.881+0000] {dag.py:3239} INFO - Sync 1 DAGs
[2025-09-25T05:14:15.893+0000] {logging_mixin.py:190} INFO - [2025-09-25T05:14:15.893+0000] {dag.py:4180} INFO - Setting next_dagrun for example_task_group to None, run_after=None
[2025-09-25T05:14:15.908+0000] {processor.py:208} INFO - Processing /home/airflow/.local/lib/python3.12/site-packages/airflow/example_dags/example_task_group.py took 0.062 seconds
[2025-09-25T05:14:46.167+0000] {processor.py:186} INFO - Started process (PID=366) to work on /home/airflow/.local/lib/python3.12/site-packages/airflow/example_dags/example_task_group.py
[2025-09-25T05:14:46.168+0000] {processor.py:914} INFO - Processing file /home/airflow/.local/lib/python3.12/site-packages/airflow/example_dags/example_task_group.py for tasks to queue
[2025-09-25T05:14:46.170+0000] {logging_mixin.py:190} INFO - [2025-09-25T05:14:46.170+0000] {dagbag.py:588} INFO - Filling up the DagBag from /home/airflow/.local/lib/python3.12/site-packages/airflow/example_dags/example_task_group.py
[2025-09-25T05:14:46.179+0000] {processor.py:925} INFO - DAG(s) 'example_task_group' retrieved from /home/airflow/.local/lib/python3.12/site-packages/airflow/example_dags/example_task_group.py
[2025-09-25T05:14:46.197+0000] {logging_mixin.py:190} INFO - [2025-09-25T05:14:46.197+0000] {dag.py:3239} INFO - Sync 1 DAGs
[2025-09-25T05:14:46.210+0000] {logging_mixin.py:190} INFO - [2025-09-25T05:14:46.210+0000] {dag.py:4180} INFO - Setting next_dagrun for example_task_group to None, run_after=None
[2025-09-25T05:14:46.225+0000] {processor.py:208} INFO - Processing /home/airflow/.local/lib/python3.12/site-packages/airflow/example_dags/example_task_group.py took 0.064 seconds
[2025-09-25T05:15:17.069+0000] {processor.py:186} INFO - Started process (PID=431) to work on /home/airflow/.local/lib/python3.12/site-packages/airflow/example_dags/example_task_group.py
[2025-09-25T05:15:17.070+0000] {processor.py:914} INFO - Processing file /home/airflow/.local/lib/python3.12/site-packages/airflow/example_dags/example_task_group.py for tasks to queue
[2025-09-25T05:15:17.072+0000] {logging_mixin.py:190} INFO - [2025-09-25T05:15:17.072+0000] {dagbag.py:588} INFO - Filling up the DagBag from /home/airflow/.local/lib/python3.12/site-packages/airflow/example_dags/example_task_group.py
[2025-09-25T05:15:17.081+0000] {processor.py:925} INFO - DAG(s) 'example_task_group' retrieved from /home/airflow/.local/lib/python3.12/site-packages/airflow/example_dags/example_task_group.py
[2025-09-25T05:15:17.101+0000] {logging_mixin.py:190} INFO - [2025-09-25T05:15:17.101+0000] {dag.py:3239} INFO - Sync 1 DAGs
[2025-09-25T05:15:17.114+0000] {logging_mixin.py:190} INFO - [2025-09-25T05:15:17.114+0000] {dag.py:4180} INFO - Setting next_dagrun for example_task_group to None, run_after=None
[2025-09-25T05:15:17.135+0000] {processor.py:208} INFO - Processing /home/airflow/.local/lib/python3.12/site-packages/airflow/example_dags/example_task_group.py took 0.072 seconds
[2025-09-25T05:15:48.466+0000] {processor.py:186} INFO - Started process (PID=496) to work on /home/airflow/.local/lib/python3.12/site-packages/airflow/example_dags/example_task_group.py
[2025-09-25T05:15:48.467+0000] {processor.py:914} INFO - Processing file /home/airflow/.local/lib/python3.12/site-packages/airflow/example_dags/example_task_group.py for tasks to queue
[2025-09-25T05:15:48.470+0000] {logging_mixin.py:190} INFO - [2025-09-25T05:15:48.469+0000] {dagbag.py:588} INFO - Filling up the DagBag from /home/airflow/.local/lib/python3.12/site-packages/airflow/example_dags/example_task_group.py
[2025-09-25T05:15:48.478+0000] {processor.py:925} INFO - DAG(s) 'example_task_group' retrieved from /home/airflow/.local/lib/python3.12/site-packages/airflow/example_dags/example_task_group.py
[2025-09-25T05:15:48.501+0000] {logging_mixin.py:190} INFO - [2025-09-25T05:15:48.501+0000] {dag.py:3239} INFO - Sync 1 DAGs
[2025-09-25T05:15:48.514+0000] {logging_mixin.py:190} INFO - [2025-09-25T05:15:48.514+0000] {dag.py:4180} INFO - Setting next_dagrun for example_task_group to None, run_after=None
[2025-09-25T05:15:48.531+0000] {processor.py:208} INFO - Processing /home/airflow/.local/lib/python3.12/site-packages/airflow/example_dags/example_task_group.py took 0.072 seconds
[2025-09-25T05:16:19.410+0000] {processor.py:186} INFO - Started process (PID=561) to work on /home/airflow/.local/lib/python3.12/site-packages/airflow/example_dags/example_task_group.py
[2025-09-25T05:16:19.411+0000] {processor.py:914} INFO - Processing file /home/airflow/.local/lib/python3.12/site-packages/airflow/example_dags/example_task_group.py for tasks to queue
[2025-09-25T05:16:19.413+0000] {logging_mixin.py:190} INFO - [2025-09-25T05:16:19.412+0000] {dagbag.py:588} INFO - Filling up the DagBag from /home/airflow/.local/lib/python3.12/site-packages/airflow/example_dags/example_task_group.py
[2025-09-25T05:16:19.421+0000] {processor.py:925} INFO - DAG(s) 'example_task_group' retrieved from /home/airflow/.local/lib/python3.12/site-packages/airflow/example_dags/example_task_group.py
[2025-09-25T05:16:19.439+0000] {logging_mixin.py:190} INFO - [2025-09-25T05:16:19.439+0000] {dag.py:3239} INFO - Sync 1 DAGs
[2025-09-25T05:16:19.451+0000] {logging_mixin.py:190} INFO - [2025-09-25T05:16:19.451+0000] {dag.py:4180} INFO - Setting next_dagrun for example_task_group to None, run_after=None
[2025-09-25T05:16:19.468+0000] {processor.py:208} INFO - Processing /home/airflow/.local/lib/python3.12/site-packages/airflow/example_dags/example_task_group.py took 0.064 seconds
[2025-09-25T05:16:50.160+0000] {processor.py:186} INFO - Started process (PID=626) to work on /home/airflow/.local/lib/python3.12/site-packages/airflow/example_dags/example_task_group.py
[2025-09-25T05:16:50.161+0000] {processor.py:914} INFO - Processing file /home/airflow/.local/lib/python3.12/site-packages/airflow/example_dags/example_task_group.py for tasks to queue
[2025-09-25T05:16:50.163+0000] {logging_mixin.py:190} INFO - [2025-09-25T05:16:50.163+0000] {dagbag.py:588} INFO - Filling up the DagBag from /home/airflow/.local/lib/python3.12/site-packages/airflow/example_dags/example_task_group.py
[2025-09-25T05:16:50.171+0000] {processor.py:925} INFO - DAG(s) 'example_task_group' retrieved from /home/airflow/.local/lib/python3.12/site-packages/airflow/example_dags/example_task_group.py
[2025-09-25T05:16:50.190+0000] {logging_mixin.py:190} INFO - [2025-09-25T05:16:50.190+0000] {dag.py:3239} INFO - Sync 1 DAGs
[2025-09-25T05:16:50.202+0000] {logging_mixin.py:190} INFO - [2025-09-25T05:16:50.202+0000] {dag.py:4180} INFO - Setting next_dagrun for example_task_group to None, run_after=None
[2025-09-25T05:16:50.217+0000] {processor.py:208} INFO - Processing /home/airflow/.local/lib/python3.12/site-packages/airflow/example_dags/example_task_group.py took 0.063 seconds
[2025-09-25T05:17:20.789+0000] {processor.py:186} INFO - Started process (PID=691) to work on /home/airflow/.local/lib/python3.12/site-packages/airflow/example_dags/example_task_group.py
[2025-09-25T05:17:20.791+0000] {processor.py:914} INFO - Processing file /home/airflow/.local/lib/python3.12/site-packages/airflow/example_dags/example_task_group.py for tasks to queue
[2025-09-25T05:17:20.794+0000] {logging_mixin.py:190} INFO - [2025-09-25T05:17:20.794+0000] {dagbag.py:588} INFO - Filling up the DagBag from /home/airflow/.local/lib/python3.12/site-packages/airflow/example_dags/example_task_group.py
[2025-09-25T05:17:20.804+0000] {processor.py:925} INFO - DAG(s) 'example_task_group' retrieved from /home/airflow/.local/lib/python3.12/site-packages/airflow/example_dags/example_task_group.py
[2025-09-25T05:17:20.825+0000] {logging_mixin.py:190} INFO - [2025-09-25T05:17:20.824+0000] {dag.py:3239} INFO - Sync 1 DAGs
[2025-09-25T05:17:20.841+0000] {logging_mixin.py:190} INFO - [2025-09-25T05:17:20.841+0000] {dag.py:4180} INFO - Setting next_dagrun for example_task_group to None, run_after=None
[2025-09-25T05:17:20.858+0000] {processor.py:208} INFO - Processing /home/airflow/.local/lib/python3.12/site-packages/airflow/example_dags/example_task_group.py took 0.075 seconds
[2025-09-25T05:17:52.213+0000] {processor.py:186} INFO - Started process (PID=756) to work on /home/airflow/.local/lib/python3.12/site-packages/airflow/example_dags/example_task_group.py
[2025-09-25T05:17:52.214+0000] {processor.py:914} INFO - Processing file /home/airflow/.local/lib/python3.12/site-packages/airflow/example_dags/example_task_group.py for tasks to queue
[2025-09-25T05:17:52.216+0000] {logging_mixin.py:190} INFO - [2025-09-25T05:17:52.216+0000] {dagbag.py:588} INFO - Filling up the DagBag from /home/airflow/.local/lib/python3.12/site-packages/airflow/example_dags/example_task_group.py
[2025-09-25T05:17:52.224+0000] {processor.py:925} INFO - DAG(s) 'example_task_group' retrieved from /home/airflow/.local/lib/python3.12/site-packages/airflow/example_dags/example_task_group.py
[2025-09-25T05:17:52.242+0000] {logging_mixin.py:190} INFO - [2025-09-25T05:17:52.242+0000] {dag.py:3239} INFO - Sync 1 DAGs
[2025-09-25T05:17:52.257+0000] {logging_mixin.py:190} INFO - [2025-09-25T05:17:52.257+0000] {dag.py:4180} INFO - Setting next_dagrun for example_task_group to None, run_after=None
[2025-09-25T05:17:52.272+0000] {processor.py:208} INFO - Processing /home/airflow/.local/lib/python3.12/site-packages/airflow/example_dags/example_task_group.py took 0.065 seconds
[2025-09-25T05:18:23.800+0000] {processor.py:186} INFO - Started process (PID=821) to work on /home/airflow/.local/lib/python3.12/site-packages/airflow/example_dags/example_task_group.py
[2025-09-25T05:18:23.801+0000] {processor.py:914} INFO - Processing file /home/airflow/.local/lib/python3.12/site-packages/airflow/example_dags/example_task_group.py for tasks to queue
[2025-09-25T05:18:23.803+0000] {logging_mixin.py:190} INFO - [2025-09-25T05:18:23.802+0000] {dagbag.py:588} INFO - Filling up the DagBag from /home/airflow/.local/lib/python3.12/site-packages/airflow/example_dags/example_task_group.py
[2025-09-25T05:18:23.810+0000] {processor.py:925} INFO - DAG(s) 'example_task_group' retrieved from /home/airflow/.local/lib/python3.12/site-packages/airflow/example_dags/example_task_group.py
[2025-09-25T05:18:23.832+0000] {logging_mixin.py:190} INFO - [2025-09-25T05:18:23.831+0000] {dag.py:3239} INFO - Sync 1 DAGs
[2025-09-25T05:18:23.844+0000] {logging_mixin.py:190} INFO - [2025-09-25T05:18:23.844+0000] {dag.py:4180} INFO - Setting next_dagrun for example_task_group to None, run_after=None
[2025-09-25T05:18:23.862+0000] {processor.py:208} INFO - Processing /home/airflow/.local/lib/python3.12/site-packages/airflow/example_dags/example_task_group.py took 0.068 seconds
[2025-09-25T05:18:55.019+0000] {processor.py:186} INFO - Started process (PID=886) to work on /home/airflow/.local/lib/python3.12/site-packages/airflow/example_dags/example_task_group.py
[2025-09-25T05:18:55.020+0000] {processor.py:914} INFO - Processing file /home/airflow/.local/lib/python3.12/site-packages/airflow/example_dags/example_task_group.py for tasks to queue
[2025-09-25T05:18:55.022+0000] {logging_mixin.py:190} INFO - [2025-09-25T05:18:55.021+0000] {dagbag.py:588} INFO - Filling up the DagBag from /home/airflow/.local/lib/python3.12/site-packages/airflow/example_dags/example_task_group.py
[2025-09-25T05:18:55.031+0000] {processor.py:925} INFO - DAG(s) 'example_task_group' retrieved from /home/airflow/.local/lib/python3.12/site-packages/airflow/example_dags/example_task_group.py
[2025-09-25T05:18:55.049+0000] {logging_mixin.py:190} INFO - [2025-09-25T05:18:55.049+0000] {dag.py:3239} INFO - Sync 1 DAGs
[2025-09-25T05:18:55.061+0000] {logging_mixin.py:190} INFO - [2025-09-25T05:18:55.061+0000] {dag.py:4180} INFO - Setting next_dagrun for example_task_group to None, run_after=None
[2025-09-25T05:18:55.077+0000] {processor.py:208} INFO - Processing /home/airflow/.local/lib/python3.12/site-packages/airflow/example_dags/example_task_group.py took 0.064 seconds
[2025-09-25T05:19:26.277+0000] {processor.py:186} INFO - Started process (PID=957) to work on /home/airflow/.local/lib/python3.12/site-packages/airflow/example_dags/example_task_group.py
[2025-09-25T05:19:26.278+0000] {processor.py:914} INFO - Processing file /home/airflow/.local/lib/python3.12/site-packages/airflow/example_dags/example_task_group.py for tasks to queue
[2025-09-25T05:19:26.280+0000] {logging_mixin.py:190} INFO - [2025-09-25T05:19:26.280+0000] {dagbag.py:588} INFO - Filling up the DagBag from /home/airflow/.local/lib/python3.12/site-packages/airflow/example_dags/example_task_group.py
[2025-09-25T05:19:26.290+0000] {processor.py:925} INFO - DAG(s) 'example_task_group' retrieved from /home/airflow/.local/lib/python3.12/site-packages/airflow/example_dags/example_task_group.py
[2025-09-25T05:19:26.309+0000] {logging_mixin.py:190} INFO - [2025-09-25T05:19:26.309+0000] {dag.py:3239} INFO - Sync 1 DAGs
[2025-09-25T05:19:26.321+0000] {logging_mixin.py:190} INFO - [2025-09-25T05:19:26.321+0000] {dag.py:4180} INFO - Setting next_dagrun for example_task_group to None, run_after=None
[2025-09-25T05:19:26.339+0000] {processor.py:208} INFO - Processing /home/airflow/.local/lib/python3.12/site-packages/airflow/example_dags/example_task_group.py took 0.070 seconds
[2025-09-25T05:19:56.269+0000] {processor.py:186} INFO - Started process (PID=1022) to work on /home/airflow/.local/lib/python3.12/site-packages/airflow/example_dags/example_task_group.py
[2025-09-25T05:19:56.270+0000] {processor.py:914} INFO - Processing file /home/airflow/.local/lib/python3.12/site-packages/airflow/example_dags/example_task_group.py for tasks to queue
[2025-09-25T05:19:56.272+0000] {logging_mixin.py:190} INFO - [2025-09-25T05:19:56.272+0000] {dagbag.py:588} INFO - Filling up the DagBag from /home/airflow/.local/lib/python3.12/site-packages/airflow/example_dags/example_task_group.py
[2025-09-25T05:19:56.282+0000] {processor.py:925} INFO - DAG(s) 'example_task_group' retrieved from /home/airflow/.local/lib/python3.12/site-packages/airflow/example_dags/example_task_group.py
[2025-09-25T05:19:56.301+0000] {logging_mixin.py:190} INFO - [2025-09-25T05:19:56.301+0000] {dag.py:3239} INFO - Sync 1 DAGs
[2025-09-25T05:19:56.314+0000] {logging_mixin.py:190} INFO - [2025-09-25T05:19:56.314+0000] {dag.py:4180} INFO - Setting next_dagrun for example_task_group to None, run_after=None
[2025-09-25T05:19:56.330+0000] {processor.py:208} INFO - Processing /home/airflow/.local/lib/python3.12/site-packages/airflow/example_dags/example_task_group.py took 0.067 seconds
[2025-09-25T05:25:44.681+0000] {processor.py:186} INFO - Started process (PID=106) to work on /home/airflow/.local/lib/python3.12/site-packages/airflow/example_dags/example_task_group.py
[2025-09-25T05:25:44.682+0000] {processor.py:914} INFO - Processing file /home/airflow/.local/lib/python3.12/site-packages/airflow/example_dags/example_task_group.py for tasks to queue
[2025-09-25T05:25:44.684+0000] {logging_mixin.py:190} INFO - [2025-09-25T05:25:44.684+0000] {dagbag.py:588} INFO - Filling up the DagBag from /home/airflow/.local/lib/python3.12/site-packages/airflow/example_dags/example_task_group.py
[2025-09-25T05:25:44.694+0000] {processor.py:925} INFO - DAG(s) 'example_task_group' retrieved from /home/airflow/.local/lib/python3.12/site-packages/airflow/example_dags/example_task_group.py
[2025-09-25T05:25:44.796+0000] {logging_mixin.py:190} INFO - [2025-09-25T05:25:44.796+0000] {dag.py:3239} INFO - Sync 1 DAGs
[2025-09-25T05:25:44.806+0000] {logging_mixin.py:190} INFO - [2025-09-25T05:25:44.805+0000] {dag.py:4180} INFO - Setting next_dagrun for example_task_group to None, run_after=None
[2025-09-25T05:25:44.823+0000] {processor.py:208} INFO - Processing /home/airflow/.local/lib/python3.12/site-packages/airflow/example_dags/example_task_group.py took 0.147 seconds
[2025-09-25T05:26:14.868+0000] {processor.py:186} INFO - Started process (PID=171) to work on /home/airflow/.local/lib/python3.12/site-packages/airflow/example_dags/example_task_group.py
[2025-09-25T05:26:14.869+0000] {processor.py:914} INFO - Processing file /home/airflow/.local/lib/python3.12/site-packages/airflow/example_dags/example_task_group.py for tasks to queue
[2025-09-25T05:26:14.871+0000] {logging_mixin.py:190} INFO - [2025-09-25T05:26:14.871+0000] {dagbag.py:588} INFO - Filling up the DagBag from /home/airflow/.local/lib/python3.12/site-packages/airflow/example_dags/example_task_group.py
[2025-09-25T05:26:14.879+0000] {processor.py:925} INFO - DAG(s) 'example_task_group' retrieved from /home/airflow/.local/lib/python3.12/site-packages/airflow/example_dags/example_task_group.py
[2025-09-25T05:26:14.897+0000] {logging_mixin.py:190} INFO - [2025-09-25T05:26:14.897+0000] {dag.py:3239} INFO - Sync 1 DAGs
[2025-09-25T05:26:14.909+0000] {logging_mixin.py:190} INFO - [2025-09-25T05:26:14.909+0000] {dag.py:4180} INFO - Setting next_dagrun for example_task_group to None, run_after=None
[2025-09-25T05:26:14.924+0000] {processor.py:208} INFO - Processing /home/airflow/.local/lib/python3.12/site-packages/airflow/example_dags/example_task_group.py took 0.061 seconds
[2025-09-25T05:26:45.260+0000] {processor.py:186} INFO - Started process (PID=236) to work on /home/airflow/.local/lib/python3.12/site-packages/airflow/example_dags/example_task_group.py
[2025-09-25T05:26:45.261+0000] {processor.py:914} INFO - Processing file /home/airflow/.local/lib/python3.12/site-packages/airflow/example_dags/example_task_group.py for tasks to queue
[2025-09-25T05:26:45.263+0000] {logging_mixin.py:190} INFO - [2025-09-25T05:26:45.263+0000] {dagbag.py:588} INFO - Filling up the DagBag from /home/airflow/.local/lib/python3.12/site-packages/airflow/example_dags/example_task_group.py
[2025-09-25T05:26:45.272+0000] {processor.py:925} INFO - DAG(s) 'example_task_group' retrieved from /home/airflow/.local/lib/python3.12/site-packages/airflow/example_dags/example_task_group.py
[2025-09-25T05:26:45.291+0000] {logging_mixin.py:190} INFO - [2025-09-25T05:26:45.291+0000] {dag.py:3239} INFO - Sync 1 DAGs
[2025-09-25T05:26:45.303+0000] {logging_mixin.py:190} INFO - [2025-09-25T05:26:45.303+0000] {dag.py:4180} INFO - Setting next_dagrun for example_task_group to None, run_after=None
[2025-09-25T05:26:45.319+0000] {processor.py:208} INFO - Processing /home/airflow/.local/lib/python3.12/site-packages/airflow/example_dags/example_task_group.py took 0.064 seconds
[2025-09-25T05:27:15.884+0000] {processor.py:186} INFO - Started process (PID=301) to work on /home/airflow/.local/lib/python3.12/site-packages/airflow/example_dags/example_task_group.py
[2025-09-25T05:27:15.886+0000] {processor.py:914} INFO - Processing file /home/airflow/.local/lib/python3.12/site-packages/airflow/example_dags/example_task_group.py for tasks to queue
[2025-09-25T05:27:15.888+0000] {logging_mixin.py:190} INFO - [2025-09-25T05:27:15.887+0000] {dagbag.py:588} INFO - Filling up the DagBag from /home/airflow/.local/lib/python3.12/site-packages/airflow/example_dags/example_task_group.py
[2025-09-25T05:27:15.896+0000] {processor.py:925} INFO - DAG(s) 'example_task_group' retrieved from /home/airflow/.local/lib/python3.12/site-packages/airflow/example_dags/example_task_group.py
[2025-09-25T05:27:15.914+0000] {logging_mixin.py:190} INFO - [2025-09-25T05:27:15.914+0000] {dag.py:3239} INFO - Sync 1 DAGs
[2025-09-25T05:27:15.927+0000] {logging_mixin.py:190} INFO - [2025-09-25T05:27:15.926+0000] {dag.py:4180} INFO - Setting next_dagrun for example_task_group to None, run_after=None
[2025-09-25T05:27:15.941+0000] {processor.py:208} INFO - Processing /home/airflow/.local/lib/python3.12/site-packages/airflow/example_dags/example_task_group.py took 0.062 seconds
[2025-09-25T05:27:46.787+0000] {processor.py:186} INFO - Started process (PID=366) to work on /home/airflow/.local/lib/python3.12/site-packages/airflow/example_dags/example_task_group.py
[2025-09-25T05:27:46.788+0000] {processor.py:914} INFO - Processing file /home/airflow/.local/lib/python3.12/site-packages/airflow/example_dags/example_task_group.py for tasks to queue
[2025-09-25T05:27:46.790+0000] {logging_mixin.py:190} INFO - [2025-09-25T05:27:46.790+0000] {dagbag.py:588} INFO - Filling up the DagBag from /home/airflow/.local/lib/python3.12/site-packages/airflow/example_dags/example_task_group.py
[2025-09-25T05:27:46.798+0000] {processor.py:925} INFO - DAG(s) 'example_task_group' retrieved from /home/airflow/.local/lib/python3.12/site-packages/airflow/example_dags/example_task_group.py
[2025-09-25T05:27:46.819+0000] {logging_mixin.py:190} INFO - [2025-09-25T05:27:46.818+0000] {dag.py:3239} INFO - Sync 1 DAGs
[2025-09-25T05:27:46.831+0000] {logging_mixin.py:190} INFO - [2025-09-25T05:27:46.831+0000] {dag.py:4180} INFO - Setting next_dagrun for example_task_group to None, run_after=None
[2025-09-25T05:27:46.847+0000] {processor.py:208} INFO - Processing /home/airflow/.local/lib/python3.12/site-packages/airflow/example_dags/example_task_group.py took 0.066 seconds
[2025-09-25T05:28:58.318+0000] {processor.py:186} INFO - Started process (PID=107) to work on /home/airflow/.local/lib/python3.12/site-packages/airflow/example_dags/example_task_group.py
[2025-09-25T05:28:58.319+0000] {processor.py:914} INFO - Processing file /home/airflow/.local/lib/python3.12/site-packages/airflow/example_dags/example_task_group.py for tasks to queue
[2025-09-25T05:28:58.321+0000] {logging_mixin.py:190} INFO - [2025-09-25T05:28:58.321+0000] {dagbag.py:588} INFO - Filling up the DagBag from /home/airflow/.local/lib/python3.12/site-packages/airflow/example_dags/example_task_group.py
[2025-09-25T05:28:58.328+0000] {processor.py:925} INFO - DAG(s) 'example_task_group' retrieved from /home/airflow/.local/lib/python3.12/site-packages/airflow/example_dags/example_task_group.py
[2025-09-25T05:28:58.344+0000] {logging_mixin.py:190} INFO - [2025-09-25T05:28:58.344+0000] {dag.py:3239} INFO - Sync 1 DAGs
[2025-09-25T05:28:58.356+0000] {logging_mixin.py:190} INFO - [2025-09-25T05:28:58.356+0000] {dag.py:4180} INFO - Setting next_dagrun for example_task_group to None, run_after=None
[2025-09-25T05:28:58.371+0000] {processor.py:208} INFO - Processing /home/airflow/.local/lib/python3.12/site-packages/airflow/example_dags/example_task_group.py took 0.057 seconds
[2025-09-25T05:29:28.556+0000] {processor.py:186} INFO - Started process (PID=176) to work on /home/airflow/.local/lib/python3.12/site-packages/airflow/example_dags/example_task_group.py
[2025-09-25T05:29:28.557+0000] {processor.py:914} INFO - Processing file /home/airflow/.local/lib/python3.12/site-packages/airflow/example_dags/example_task_group.py for tasks to queue
[2025-09-25T05:29:28.560+0000] {logging_mixin.py:190} INFO - [2025-09-25T05:29:28.559+0000] {dagbag.py:588} INFO - Filling up the DagBag from /home/airflow/.local/lib/python3.12/site-packages/airflow/example_dags/example_task_group.py
[2025-09-25T05:29:28.567+0000] {processor.py:925} INFO - DAG(s) 'example_task_group' retrieved from /home/airflow/.local/lib/python3.12/site-packages/airflow/example_dags/example_task_group.py
[2025-09-25T05:29:28.582+0000] {logging_mixin.py:190} INFO - [2025-09-25T05:29:28.582+0000] {dag.py:3239} INFO - Sync 1 DAGs
[2025-09-25T05:29:28.592+0000] {logging_mixin.py:190} INFO - [2025-09-25T05:29:28.592+0000] {dag.py:4180} INFO - Setting next_dagrun for example_task_group to None, run_after=None
[2025-09-25T05:29:28.605+0000] {processor.py:208} INFO - Processing /home/airflow/.local/lib/python3.12/site-packages/airflow/example_dags/example_task_group.py took 0.054 seconds
[2025-09-25T05:29:59.916+0000] {processor.py:186} INFO - Started process (PID=241) to work on /home/airflow/.local/lib/python3.12/site-packages/airflow/example_dags/example_task_group.py
[2025-09-25T05:29:59.917+0000] {processor.py:914} INFO - Processing file /home/airflow/.local/lib/python3.12/site-packages/airflow/example_dags/example_task_group.py for tasks to queue
[2025-09-25T05:29:59.919+0000] {logging_mixin.py:190} INFO - [2025-09-25T05:29:59.919+0000] {dagbag.py:588} INFO - Filling up the DagBag from /home/airflow/.local/lib/python3.12/site-packages/airflow/example_dags/example_task_group.py
[2025-09-25T05:29:59.927+0000] {processor.py:925} INFO - DAG(s) 'example_task_group' retrieved from /home/airflow/.local/lib/python3.12/site-packages/airflow/example_dags/example_task_group.py
[2025-09-25T05:29:59.944+0000] {logging_mixin.py:190} INFO - [2025-09-25T05:29:59.944+0000] {dag.py:3239} INFO - Sync 1 DAGs
[2025-09-25T05:29:59.955+0000] {logging_mixin.py:190} INFO - [2025-09-25T05:29:59.955+0000] {dag.py:4180} INFO - Setting next_dagrun for example_task_group to None, run_after=None
[2025-09-25T05:29:59.968+0000] {processor.py:208} INFO - Processing /home/airflow/.local/lib/python3.12/site-packages/airflow/example_dags/example_task_group.py took 0.057 seconds
[2025-09-25T05:30:31.411+0000] {processor.py:186} INFO - Started process (PID=302) to work on /home/airflow/.local/lib/python3.12/site-packages/airflow/example_dags/example_task_group.py
[2025-09-25T05:30:31.413+0000] {processor.py:914} INFO - Processing file /home/airflow/.local/lib/python3.12/site-packages/airflow/example_dags/example_task_group.py for tasks to queue
[2025-09-25T05:30:31.415+0000] {logging_mixin.py:190} INFO - [2025-09-25T05:30:31.414+0000] {dagbag.py:588} INFO - Filling up the DagBag from /home/airflow/.local/lib/python3.12/site-packages/airflow/example_dags/example_task_group.py
[2025-09-25T05:30:31.422+0000] {processor.py:925} INFO - DAG(s) 'example_task_group' retrieved from /home/airflow/.local/lib/python3.12/site-packages/airflow/example_dags/example_task_group.py
[2025-09-25T05:30:31.438+0000] {logging_mixin.py:190} INFO - [2025-09-25T05:30:31.438+0000] {dag.py:3239} INFO - Sync 1 DAGs
[2025-09-25T05:30:31.449+0000] {logging_mixin.py:190} INFO - [2025-09-25T05:30:31.449+0000] {dag.py:4180} INFO - Setting next_dagrun for example_task_group to None, run_after=None
[2025-09-25T05:30:31.469+0000] {processor.py:208} INFO - Processing /home/airflow/.local/lib/python3.12/site-packages/airflow/example_dags/example_task_group.py took 0.064 seconds
[2025-09-25T05:31:02.357+0000] {processor.py:186} INFO - Started process (PID=367) to work on /home/airflow/.local/lib/python3.12/site-packages/airflow/example_dags/example_task_group.py
[2025-09-25T05:31:02.358+0000] {processor.py:914} INFO - Processing file /home/airflow/.local/lib/python3.12/site-packages/airflow/example_dags/example_task_group.py for tasks to queue
[2025-09-25T05:31:02.360+0000] {logging_mixin.py:190} INFO - [2025-09-25T05:31:02.359+0000] {dagbag.py:588} INFO - Filling up the DagBag from /home/airflow/.local/lib/python3.12/site-packages/airflow/example_dags/example_task_group.py
[2025-09-25T05:31:02.367+0000] {processor.py:925} INFO - DAG(s) 'example_task_group' retrieved from /home/airflow/.local/lib/python3.12/site-packages/airflow/example_dags/example_task_group.py
[2025-09-25T05:31:02.384+0000] {logging_mixin.py:190} INFO - [2025-09-25T05:31:02.383+0000] {dag.py:3239} INFO - Sync 1 DAGs
[2025-09-25T05:31:02.395+0000] {logging_mixin.py:190} INFO - [2025-09-25T05:31:02.395+0000] {dag.py:4180} INFO - Setting next_dagrun for example_task_group to None, run_after=None
[2025-09-25T05:31:02.409+0000] {processor.py:208} INFO - Processing /home/airflow/.local/lib/python3.12/site-packages/airflow/example_dags/example_task_group.py took 0.058 seconds
[2025-09-25T05:31:33.359+0000] {processor.py:186} INFO - Started process (PID=431) to work on /home/airflow/.local/lib/python3.12/site-packages/airflow/example_dags/example_task_group.py
[2025-09-25T05:31:33.360+0000] {processor.py:914} INFO - Processing file /home/airflow/.local/lib/python3.12/site-packages/airflow/example_dags/example_task_group.py for tasks to queue
[2025-09-25T05:31:33.362+0000] {logging_mixin.py:190} INFO - [2025-09-25T05:31:33.362+0000] {dagbag.py:588} INFO - Filling up the DagBag from /home/airflow/.local/lib/python3.12/site-packages/airflow/example_dags/example_task_group.py
[2025-09-25T05:31:33.371+0000] {processor.py:925} INFO - DAG(s) 'example_task_group' retrieved from /home/airflow/.local/lib/python3.12/site-packages/airflow/example_dags/example_task_group.py
[2025-09-25T05:31:33.392+0000] {logging_mixin.py:190} INFO - [2025-09-25T05:31:33.392+0000] {dag.py:3239} INFO - Sync 1 DAGs
[2025-09-25T05:31:33.408+0000] {logging_mixin.py:190} INFO - [2025-09-25T05:31:33.407+0000] {dag.py:4180} INFO - Setting next_dagrun for example_task_group to None, run_after=None
[2025-09-25T05:31:33.426+0000] {processor.py:208} INFO - Processing /home/airflow/.local/lib/python3.12/site-packages/airflow/example_dags/example_task_group.py took 0.073 seconds
[2025-09-25T05:32:04.463+0000] {processor.py:186} INFO - Started process (PID=497) to work on /home/airflow/.local/lib/python3.12/site-packages/airflow/example_dags/example_task_group.py
[2025-09-25T05:32:04.464+0000] {processor.py:914} INFO - Processing file /home/airflow/.local/lib/python3.12/site-packages/airflow/example_dags/example_task_group.py for tasks to queue
[2025-09-25T05:32:04.466+0000] {logging_mixin.py:190} INFO - [2025-09-25T05:32:04.466+0000] {dagbag.py:588} INFO - Filling up the DagBag from /home/airflow/.local/lib/python3.12/site-packages/airflow/example_dags/example_task_group.py
[2025-09-25T05:32:04.474+0000] {processor.py:925} INFO - DAG(s) 'example_task_group' retrieved from /home/airflow/.local/lib/python3.12/site-packages/airflow/example_dags/example_task_group.py
[2025-09-25T05:32:04.493+0000] {logging_mixin.py:190} INFO - [2025-09-25T05:32:04.492+0000] {dag.py:3239} INFO - Sync 1 DAGs
[2025-09-25T05:32:04.506+0000] {logging_mixin.py:190} INFO - [2025-09-25T05:32:04.506+0000] {dag.py:4180} INFO - Setting next_dagrun for example_task_group to None, run_after=None
[2025-09-25T05:32:04.521+0000] {processor.py:208} INFO - Processing /home/airflow/.local/lib/python3.12/site-packages/airflow/example_dags/example_task_group.py took 0.064 seconds
[2025-09-25T05:32:36.414+0000] {processor.py:186} INFO - Started process (PID=562) to work on /home/airflow/.local/lib/python3.12/site-packages/airflow/example_dags/example_task_group.py
[2025-09-25T05:32:36.416+0000] {processor.py:914} INFO - Processing file /home/airflow/.local/lib/python3.12/site-packages/airflow/example_dags/example_task_group.py for tasks to queue
[2025-09-25T05:32:36.418+0000] {logging_mixin.py:190} INFO - [2025-09-25T05:32:36.417+0000] {dagbag.py:588} INFO - Filling up the DagBag from /home/airflow/.local/lib/python3.12/site-packages/airflow/example_dags/example_task_group.py
[2025-09-25T05:32:36.425+0000] {processor.py:925} INFO - DAG(s) 'example_task_group' retrieved from /home/airflow/.local/lib/python3.12/site-packages/airflow/example_dags/example_task_group.py
[2025-09-25T05:32:36.444+0000] {logging_mixin.py:190} INFO - [2025-09-25T05:32:36.444+0000] {dag.py:3239} INFO - Sync 1 DAGs
[2025-09-25T05:32:36.461+0000] {logging_mixin.py:190} INFO - [2025-09-25T05:32:36.461+0000] {dag.py:4180} INFO - Setting next_dagrun for example_task_group to None, run_after=None
[2025-09-25T05:32:36.478+0000] {processor.py:208} INFO - Processing /home/airflow/.local/lib/python3.12/site-packages/airflow/example_dags/example_task_group.py took 0.070 seconds
[2025-09-25T05:33:06.870+0000] {processor.py:186} INFO - Started process (PID=627) to work on /home/airflow/.local/lib/python3.12/site-packages/airflow/example_dags/example_task_group.py
[2025-09-25T05:33:06.871+0000] {processor.py:914} INFO - Processing file /home/airflow/.local/lib/python3.12/site-packages/airflow/example_dags/example_task_group.py for tasks to queue
[2025-09-25T05:33:06.873+0000] {logging_mixin.py:190} INFO - [2025-09-25T05:33:06.873+0000] {dagbag.py:588} INFO - Filling up the DagBag from /home/airflow/.local/lib/python3.12/site-packages/airflow/example_dags/example_task_group.py
[2025-09-25T05:33:06.881+0000] {processor.py:925} INFO - DAG(s) 'example_task_group' retrieved from /home/airflow/.local/lib/python3.12/site-packages/airflow/example_dags/example_task_group.py
[2025-09-25T05:33:06.900+0000] {logging_mixin.py:190} INFO - [2025-09-25T05:33:06.899+0000] {dag.py:3239} INFO - Sync 1 DAGs
[2025-09-25T05:33:06.912+0000] {logging_mixin.py:190} INFO - [2025-09-25T05:33:06.912+0000] {dag.py:4180} INFO - Setting next_dagrun for example_task_group to None, run_after=None
[2025-09-25T05:33:06.929+0000] {processor.py:208} INFO - Processing /home/airflow/.local/lib/python3.12/site-packages/airflow/example_dags/example_task_group.py took 0.064 seconds
[2025-09-25T05:33:37.788+0000] {processor.py:186} INFO - Started process (PID=692) to work on /home/airflow/.local/lib/python3.12/site-packages/airflow/example_dags/example_task_group.py
[2025-09-25T05:33:37.789+0000] {processor.py:914} INFO - Processing file /home/airflow/.local/lib/python3.12/site-packages/airflow/example_dags/example_task_group.py for tasks to queue
[2025-09-25T05:33:37.791+0000] {logging_mixin.py:190} INFO - [2025-09-25T05:33:37.790+0000] {dagbag.py:588} INFO - Filling up the DagBag from /home/airflow/.local/lib/python3.12/site-packages/airflow/example_dags/example_task_group.py
[2025-09-25T05:33:37.799+0000] {processor.py:925} INFO - DAG(s) 'example_task_group' retrieved from /home/airflow/.local/lib/python3.12/site-packages/airflow/example_dags/example_task_group.py
[2025-09-25T05:33:37.816+0000] {logging_mixin.py:190} INFO - [2025-09-25T05:33:37.816+0000] {dag.py:3239} INFO - Sync 1 DAGs
[2025-09-25T05:33:37.827+0000] {logging_mixin.py:190} INFO - [2025-09-25T05:33:37.827+0000] {dag.py:4180} INFO - Setting next_dagrun for example_task_group to None, run_after=None
[2025-09-25T05:33:37.842+0000] {processor.py:208} INFO - Processing /home/airflow/.local/lib/python3.12/site-packages/airflow/example_dags/example_task_group.py took 0.059 seconds
[2025-09-25T05:34:09.361+0000] {processor.py:186} INFO - Started process (PID=757) to work on /home/airflow/.local/lib/python3.12/site-packages/airflow/example_dags/example_task_group.py
[2025-09-25T05:34:09.362+0000] {processor.py:914} INFO - Processing file /home/airflow/.local/lib/python3.12/site-packages/airflow/example_dags/example_task_group.py for tasks to queue
[2025-09-25T05:34:09.365+0000] {logging_mixin.py:190} INFO - [2025-09-25T05:34:09.364+0000] {dagbag.py:588} INFO - Filling up the DagBag from /home/airflow/.local/lib/python3.12/site-packages/airflow/example_dags/example_task_group.py
[2025-09-25T05:34:09.375+0000] {processor.py:925} INFO - DAG(s) 'example_task_group' retrieved from /home/airflow/.local/lib/python3.12/site-packages/airflow/example_dags/example_task_group.py
[2025-09-25T05:34:09.396+0000] {logging_mixin.py:190} INFO - [2025-09-25T05:34:09.396+0000] {dag.py:3239} INFO - Sync 1 DAGs
[2025-09-25T05:34:09.408+0000] {logging_mixin.py:190} INFO - [2025-09-25T05:34:09.408+0000] {dag.py:4180} INFO - Setting next_dagrun for example_task_group to None, run_after=None
[2025-09-25T05:34:09.427+0000] {processor.py:208} INFO - Processing /home/airflow/.local/lib/python3.12/site-packages/airflow/example_dags/example_task_group.py took 0.073 seconds
[2025-09-25T05:34:40.710+0000] {processor.py:186} INFO - Started process (PID=822) to work on /home/airflow/.local/lib/python3.12/site-packages/airflow/example_dags/example_task_group.py
[2025-09-25T05:34:40.711+0000] {processor.py:914} INFO - Processing file /home/airflow/.local/lib/python3.12/site-packages/airflow/example_dags/example_task_group.py for tasks to queue
[2025-09-25T05:34:40.713+0000] {logging_mixin.py:190} INFO - [2025-09-25T05:34:40.713+0000] {dagbag.py:588} INFO - Filling up the DagBag from /home/airflow/.local/lib/python3.12/site-packages/airflow/example_dags/example_task_group.py
[2025-09-25T05:34:40.724+0000] {processor.py:925} INFO - DAG(s) 'example_task_group' retrieved from /home/airflow/.local/lib/python3.12/site-packages/airflow/example_dags/example_task_group.py
[2025-09-25T05:34:40.743+0000] {logging_mixin.py:190} INFO - [2025-09-25T05:34:40.742+0000] {dag.py:3239} INFO - Sync 1 DAGs
[2025-09-25T05:34:40.754+0000] {logging_mixin.py:190} INFO - [2025-09-25T05:34:40.754+0000] {dag.py:4180} INFO - Setting next_dagrun for example_task_group to None, run_after=None
[2025-09-25T05:34:40.769+0000] {processor.py:208} INFO - Processing /home/airflow/.local/lib/python3.12/site-packages/airflow/example_dags/example_task_group.py took 0.066 seconds
[2025-09-25T05:35:11.319+0000] {processor.py:186} INFO - Started process (PID=887) to work on /home/airflow/.local/lib/python3.12/site-packages/airflow/example_dags/example_task_group.py
[2025-09-25T05:35:11.320+0000] {processor.py:914} INFO - Processing file /home/airflow/.local/lib/python3.12/site-packages/airflow/example_dags/example_task_group.py for tasks to queue
[2025-09-25T05:35:11.322+0000] {logging_mixin.py:190} INFO - [2025-09-25T05:35:11.321+0000] {dagbag.py:588} INFO - Filling up the DagBag from /home/airflow/.local/lib/python3.12/site-packages/airflow/example_dags/example_task_group.py
[2025-09-25T05:35:11.329+0000] {processor.py:925} INFO - DAG(s) 'example_task_group' retrieved from /home/airflow/.local/lib/python3.12/site-packages/airflow/example_dags/example_task_group.py
[2025-09-25T05:35:11.347+0000] {logging_mixin.py:190} INFO - [2025-09-25T05:35:11.347+0000] {dag.py:3239} INFO - Sync 1 DAGs
[2025-09-25T05:35:11.360+0000] {logging_mixin.py:190} INFO - [2025-09-25T05:35:11.360+0000] {dag.py:4180} INFO - Setting next_dagrun for example_task_group to None, run_after=None
[2025-09-25T05:35:11.377+0000] {processor.py:208} INFO - Processing /home/airflow/.local/lib/python3.12/site-packages/airflow/example_dags/example_task_group.py took 0.065 seconds
[2025-09-25T05:35:42.912+0000] {processor.py:186} INFO - Started process (PID=952) to work on /home/airflow/.local/lib/python3.12/site-packages/airflow/example_dags/example_task_group.py
[2025-09-25T05:35:42.912+0000] {processor.py:914} INFO - Processing file /home/airflow/.local/lib/python3.12/site-packages/airflow/example_dags/example_task_group.py for tasks to queue
[2025-09-25T05:35:42.914+0000] {logging_mixin.py:190} INFO - [2025-09-25T05:35:42.914+0000] {dagbag.py:588} INFO - Filling up the DagBag from /home/airflow/.local/lib/python3.12/site-packages/airflow/example_dags/example_task_group.py
[2025-09-25T05:35:42.922+0000] {processor.py:925} INFO - DAG(s) 'example_task_group' retrieved from /home/airflow/.local/lib/python3.12/site-packages/airflow/example_dags/example_task_group.py
[2025-09-25T05:35:42.940+0000] {logging_mixin.py:190} INFO - [2025-09-25T05:35:42.940+0000] {dag.py:3239} INFO - Sync 1 DAGs
[2025-09-25T05:35:42.952+0000] {logging_mixin.py:190} INFO - [2025-09-25T05:35:42.952+0000] {dag.py:4180} INFO - Setting next_dagrun for example_task_group to None, run_after=None
[2025-09-25T05:35:42.966+0000] {processor.py:208} INFO - Processing /home/airflow/.local/lib/python3.12/site-packages/airflow/example_dags/example_task_group.py took 0.060 seconds
[2025-09-25T05:36:14.253+0000] {processor.py:186} INFO - Started process (PID=1017) to work on /home/airflow/.local/lib/python3.12/site-packages/airflow/example_dags/example_task_group.py
[2025-09-25T05:36:14.254+0000] {processor.py:914} INFO - Processing file /home/airflow/.local/lib/python3.12/site-packages/airflow/example_dags/example_task_group.py for tasks to queue
[2025-09-25T05:36:14.256+0000] {logging_mixin.py:190} INFO - [2025-09-25T05:36:14.256+0000] {dagbag.py:588} INFO - Filling up the DagBag from /home/airflow/.local/lib/python3.12/site-packages/airflow/example_dags/example_task_group.py
[2025-09-25T05:36:14.265+0000] {processor.py:925} INFO - DAG(s) 'example_task_group' retrieved from /home/airflow/.local/lib/python3.12/site-packages/airflow/example_dags/example_task_group.py
[2025-09-25T05:36:14.286+0000] {logging_mixin.py:190} INFO - [2025-09-25T05:36:14.286+0000] {dag.py:3239} INFO - Sync 1 DAGs
[2025-09-25T05:36:14.298+0000] {logging_mixin.py:190} INFO - [2025-09-25T05:36:14.297+0000] {dag.py:4180} INFO - Setting next_dagrun for example_task_group to None, run_after=None
[2025-09-25T05:36:14.312+0000] {processor.py:208} INFO - Processing /home/airflow/.local/lib/python3.12/site-packages/airflow/example_dags/example_task_group.py took 0.066 seconds
[2025-09-25T05:36:45.286+0000] {processor.py:186} INFO - Started process (PID=1082) to work on /home/airflow/.local/lib/python3.12/site-packages/airflow/example_dags/example_task_group.py
[2025-09-25T05:36:45.287+0000] {processor.py:914} INFO - Processing file /home/airflow/.local/lib/python3.12/site-packages/airflow/example_dags/example_task_group.py for tasks to queue
[2025-09-25T05:36:45.289+0000] {logging_mixin.py:190} INFO - [2025-09-25T05:36:45.289+0000] {dagbag.py:588} INFO - Filling up the DagBag from /home/airflow/.local/lib/python3.12/site-packages/airflow/example_dags/example_task_group.py
[2025-09-25T05:36:45.297+0000] {processor.py:925} INFO - DAG(s) 'example_task_group' retrieved from /home/airflow/.local/lib/python3.12/site-packages/airflow/example_dags/example_task_group.py
[2025-09-25T05:36:45.314+0000] {logging_mixin.py:190} INFO - [2025-09-25T05:36:45.313+0000] {dag.py:3239} INFO - Sync 1 DAGs
[2025-09-25T05:36:45.325+0000] {logging_mixin.py:190} INFO - [2025-09-25T05:36:45.325+0000] {dag.py:4180} INFO - Setting next_dagrun for example_task_group to None, run_after=None
[2025-09-25T05:36:45.338+0000] {processor.py:208} INFO - Processing /home/airflow/.local/lib/python3.12/site-packages/airflow/example_dags/example_task_group.py took 0.060 seconds
[2025-09-25T05:37:16.171+0000] {processor.py:186} INFO - Started process (PID=1147) to work on /home/airflow/.local/lib/python3.12/site-packages/airflow/example_dags/example_task_group.py
[2025-09-25T05:37:16.173+0000] {processor.py:914} INFO - Processing file /home/airflow/.local/lib/python3.12/site-packages/airflow/example_dags/example_task_group.py for tasks to queue
[2025-09-25T05:37:16.175+0000] {logging_mixin.py:190} INFO - [2025-09-25T05:37:16.175+0000] {dagbag.py:588} INFO - Filling up the DagBag from /home/airflow/.local/lib/python3.12/site-packages/airflow/example_dags/example_task_group.py
[2025-09-25T05:37:16.186+0000] {processor.py:925} INFO - DAG(s) 'example_task_group' retrieved from /home/airflow/.local/lib/python3.12/site-packages/airflow/example_dags/example_task_group.py
[2025-09-25T05:37:16.210+0000] {logging_mixin.py:190} INFO - [2025-09-25T05:37:16.210+0000] {dag.py:3239} INFO - Sync 1 DAGs
[2025-09-25T05:37:16.226+0000] {logging_mixin.py:190} INFO - [2025-09-25T05:37:16.226+0000] {dag.py:4180} INFO - Setting next_dagrun for example_task_group to None, run_after=None
[2025-09-25T05:37:16.245+0000] {processor.py:208} INFO - Processing /home/airflow/.local/lib/python3.12/site-packages/airflow/example_dags/example_task_group.py took 0.080 seconds
[2025-09-25T05:37:47.488+0000] {processor.py:186} INFO - Started process (PID=1212) to work on /home/airflow/.local/lib/python3.12/site-packages/airflow/example_dags/example_task_group.py
[2025-09-25T05:37:47.489+0000] {processor.py:914} INFO - Processing file /home/airflow/.local/lib/python3.12/site-packages/airflow/example_dags/example_task_group.py for tasks to queue
[2025-09-25T05:37:47.491+0000] {logging_mixin.py:190} INFO - [2025-09-25T05:37:47.491+0000] {dagbag.py:588} INFO - Filling up the DagBag from /home/airflow/.local/lib/python3.12/site-packages/airflow/example_dags/example_task_group.py
[2025-09-25T05:37:47.499+0000] {processor.py:925} INFO - DAG(s) 'example_task_group' retrieved from /home/airflow/.local/lib/python3.12/site-packages/airflow/example_dags/example_task_group.py
[2025-09-25T05:37:47.516+0000] {logging_mixin.py:190} INFO - [2025-09-25T05:37:47.516+0000] {dag.py:3239} INFO - Sync 1 DAGs
[2025-09-25T05:37:47.528+0000] {logging_mixin.py:190} INFO - [2025-09-25T05:37:47.528+0000] {dag.py:4180} INFO - Setting next_dagrun for example_task_group to None, run_after=None
[2025-09-25T05:37:47.543+0000] {processor.py:208} INFO - Processing /home/airflow/.local/lib/python3.12/site-packages/airflow/example_dags/example_task_group.py took 0.061 seconds
[2025-09-25T05:38:19.252+0000] {processor.py:186} INFO - Started process (PID=1283) to work on /home/airflow/.local/lib/python3.12/site-packages/airflow/example_dags/example_task_group.py
[2025-09-25T05:38:19.253+0000] {processor.py:914} INFO - Processing file /home/airflow/.local/lib/python3.12/site-packages/airflow/example_dags/example_task_group.py for tasks to queue
[2025-09-25T05:38:19.255+0000] {logging_mixin.py:190} INFO - [2025-09-25T05:38:19.255+0000] {dagbag.py:588} INFO - Filling up the DagBag from /home/airflow/.local/lib/python3.12/site-packages/airflow/example_dags/example_task_group.py
[2025-09-25T05:38:19.263+0000] {processor.py:925} INFO - DAG(s) 'example_task_group' retrieved from /home/airflow/.local/lib/python3.12/site-packages/airflow/example_dags/example_task_group.py
[2025-09-25T05:38:19.281+0000] {logging_mixin.py:190} INFO - [2025-09-25T05:38:19.281+0000] {dag.py:3239} INFO - Sync 1 DAGs
[2025-09-25T05:38:19.293+0000] {logging_mixin.py:190} INFO - [2025-09-25T05:38:19.293+0000] {dag.py:4180} INFO - Setting next_dagrun for example_task_group to None, run_after=None
[2025-09-25T05:38:19.308+0000] {processor.py:208} INFO - Processing /home/airflow/.local/lib/python3.12/site-packages/airflow/example_dags/example_task_group.py took 0.061 seconds
[2025-09-25T05:38:50.107+0000] {processor.py:186} INFO - Started process (PID=1348) to work on /home/airflow/.local/lib/python3.12/site-packages/airflow/example_dags/example_task_group.py
[2025-09-25T05:38:50.109+0000] {processor.py:914} INFO - Processing file /home/airflow/.local/lib/python3.12/site-packages/airflow/example_dags/example_task_group.py for tasks to queue
[2025-09-25T05:38:50.112+0000] {logging_mixin.py:190} INFO - [2025-09-25T05:38:50.111+0000] {dagbag.py:588} INFO - Filling up the DagBag from /home/airflow/.local/lib/python3.12/site-packages/airflow/example_dags/example_task_group.py
[2025-09-25T05:38:50.124+0000] {processor.py:925} INFO - DAG(s) 'example_task_group' retrieved from /home/airflow/.local/lib/python3.12/site-packages/airflow/example_dags/example_task_group.py
[2025-09-25T05:38:50.141+0000] {logging_mixin.py:190} INFO - [2025-09-25T05:38:50.141+0000] {dag.py:3239} INFO - Sync 1 DAGs
[2025-09-25T05:38:50.153+0000] {logging_mixin.py:190} INFO - [2025-09-25T05:38:50.153+0000] {dag.py:4180} INFO - Setting next_dagrun for example_task_group to None, run_after=None
[2025-09-25T05:38:50.169+0000] {processor.py:208} INFO - Processing /home/airflow/.local/lib/python3.12/site-packages/airflow/example_dags/example_task_group.py took 0.067 seconds
[2025-09-25T05:39:21.832+0000] {processor.py:186} INFO - Started process (PID=1413) to work on /home/airflow/.local/lib/python3.12/site-packages/airflow/example_dags/example_task_group.py
[2025-09-25T05:39:21.833+0000] {processor.py:914} INFO - Processing file /home/airflow/.local/lib/python3.12/site-packages/airflow/example_dags/example_task_group.py for tasks to queue
[2025-09-25T05:39:21.835+0000] {logging_mixin.py:190} INFO - [2025-09-25T05:39:21.835+0000] {dagbag.py:588} INFO - Filling up the DagBag from /home/airflow/.local/lib/python3.12/site-packages/airflow/example_dags/example_task_group.py
[2025-09-25T05:39:21.843+0000] {processor.py:925} INFO - DAG(s) 'example_task_group' retrieved from /home/airflow/.local/lib/python3.12/site-packages/airflow/example_dags/example_task_group.py
[2025-09-25T05:39:21.862+0000] {logging_mixin.py:190} INFO - [2025-09-25T05:39:21.862+0000] {dag.py:3239} INFO - Sync 1 DAGs
[2025-09-25T05:39:21.874+0000] {logging_mixin.py:190} INFO - [2025-09-25T05:39:21.874+0000] {dag.py:4180} INFO - Setting next_dagrun for example_task_group to None, run_after=None
[2025-09-25T05:39:21.890+0000] {processor.py:208} INFO - Processing /home/airflow/.local/lib/python3.12/site-packages/airflow/example_dags/example_task_group.py took 0.064 seconds
[2025-09-25T05:39:53.014+0000] {processor.py:186} INFO - Started process (PID=1478) to work on /home/airflow/.local/lib/python3.12/site-packages/airflow/example_dags/example_task_group.py
[2025-09-25T05:39:53.015+0000] {processor.py:914} INFO - Processing file /home/airflow/.local/lib/python3.12/site-packages/airflow/example_dags/example_task_group.py for tasks to queue
[2025-09-25T05:39:53.017+0000] {logging_mixin.py:190} INFO - [2025-09-25T05:39:53.017+0000] {dagbag.py:588} INFO - Filling up the DagBag from /home/airflow/.local/lib/python3.12/site-packages/airflow/example_dags/example_task_group.py
[2025-09-25T05:39:53.024+0000] {processor.py:925} INFO - DAG(s) 'example_task_group' retrieved from /home/airflow/.local/lib/python3.12/site-packages/airflow/example_dags/example_task_group.py
[2025-09-25T05:39:53.041+0000] {logging_mixin.py:190} INFO - [2025-09-25T05:39:53.041+0000] {dag.py:3239} INFO - Sync 1 DAGs
[2025-09-25T05:39:53.053+0000] {logging_mixin.py:190} INFO - [2025-09-25T05:39:53.053+0000] {dag.py:4180} INFO - Setting next_dagrun for example_task_group to None, run_after=None
[2025-09-25T05:39:53.067+0000] {processor.py:208} INFO - Processing /home/airflow/.local/lib/python3.12/site-packages/airflow/example_dags/example_task_group.py took 0.058 seconds
[2025-09-25T05:40:24.228+0000] {processor.py:186} INFO - Started process (PID=1543) to work on /home/airflow/.local/lib/python3.12/site-packages/airflow/example_dags/example_task_group.py
[2025-09-25T05:40:24.229+0000] {processor.py:914} INFO - Processing file /home/airflow/.local/lib/python3.12/site-packages/airflow/example_dags/example_task_group.py for tasks to queue
[2025-09-25T05:40:24.231+0000] {logging_mixin.py:190} INFO - [2025-09-25T05:40:24.231+0000] {dagbag.py:588} INFO - Filling up the DagBag from /home/airflow/.local/lib/python3.12/site-packages/airflow/example_dags/example_task_group.py
[2025-09-25T05:40:24.239+0000] {processor.py:925} INFO - DAG(s) 'example_task_group' retrieved from /home/airflow/.local/lib/python3.12/site-packages/airflow/example_dags/example_task_group.py
[2025-09-25T05:40:24.256+0000] {logging_mixin.py:190} INFO - [2025-09-25T05:40:24.255+0000] {dag.py:3239} INFO - Sync 1 DAGs
[2025-09-25T05:40:24.268+0000] {logging_mixin.py:190} INFO - [2025-09-25T05:40:24.268+0000] {dag.py:4180} INFO - Setting next_dagrun for example_task_group to None, run_after=None
[2025-09-25T05:40:24.284+0000] {processor.py:208} INFO - Processing /home/airflow/.local/lib/python3.12/site-packages/airflow/example_dags/example_task_group.py took 0.061 seconds
[2025-09-25T05:40:55.523+0000] {processor.py:186} INFO - Started process (PID=1608) to work on /home/airflow/.local/lib/python3.12/site-packages/airflow/example_dags/example_task_group.py
[2025-09-25T05:40:55.524+0000] {processor.py:914} INFO - Processing file /home/airflow/.local/lib/python3.12/site-packages/airflow/example_dags/example_task_group.py for tasks to queue
[2025-09-25T05:40:55.526+0000] {logging_mixin.py:190} INFO - [2025-09-25T05:40:55.526+0000] {dagbag.py:588} INFO - Filling up the DagBag from /home/airflow/.local/lib/python3.12/site-packages/airflow/example_dags/example_task_group.py
[2025-09-25T05:40:55.533+0000] {processor.py:925} INFO - DAG(s) 'example_task_group' retrieved from /home/airflow/.local/lib/python3.12/site-packages/airflow/example_dags/example_task_group.py
[2025-09-25T05:40:55.551+0000] {logging_mixin.py:190} INFO - [2025-09-25T05:40:55.551+0000] {dag.py:3239} INFO - Sync 1 DAGs
[2025-09-25T05:40:55.565+0000] {logging_mixin.py:190} INFO - [2025-09-25T05:40:55.565+0000] {dag.py:4180} INFO - Setting next_dagrun for example_task_group to None, run_after=None
[2025-09-25T05:40:55.582+0000] {processor.py:208} INFO - Processing /home/airflow/.local/lib/python3.12/site-packages/airflow/example_dags/example_task_group.py took 0.065 seconds
[2025-09-25T05:41:26.879+0000] {processor.py:186} INFO - Started process (PID=1673) to work on /home/airflow/.local/lib/python3.12/site-packages/airflow/example_dags/example_task_group.py
[2025-09-25T05:41:26.880+0000] {processor.py:914} INFO - Processing file /home/airflow/.local/lib/python3.12/site-packages/airflow/example_dags/example_task_group.py for tasks to queue
[2025-09-25T05:41:26.882+0000] {logging_mixin.py:190} INFO - [2025-09-25T05:41:26.882+0000] {dagbag.py:588} INFO - Filling up the DagBag from /home/airflow/.local/lib/python3.12/site-packages/airflow/example_dags/example_task_group.py
[2025-09-25T05:41:26.890+0000] {processor.py:925} INFO - DAG(s) 'example_task_group' retrieved from /home/airflow/.local/lib/python3.12/site-packages/airflow/example_dags/example_task_group.py
[2025-09-25T05:41:26.907+0000] {logging_mixin.py:190} INFO - [2025-09-25T05:41:26.907+0000] {dag.py:3239} INFO - Sync 1 DAGs
[2025-09-25T05:41:26.922+0000] {logging_mixin.py:190} INFO - [2025-09-25T05:41:26.921+0000] {dag.py:4180} INFO - Setting next_dagrun for example_task_group to None, run_after=None
[2025-09-25T05:41:26.939+0000] {processor.py:208} INFO - Processing /home/airflow/.local/lib/python3.12/site-packages/airflow/example_dags/example_task_group.py took 0.065 seconds
[2025-09-25T05:41:58.509+0000] {processor.py:186} INFO - Started process (PID=1738) to work on /home/airflow/.local/lib/python3.12/site-packages/airflow/example_dags/example_task_group.py
[2025-09-25T05:41:58.510+0000] {processor.py:914} INFO - Processing file /home/airflow/.local/lib/python3.12/site-packages/airflow/example_dags/example_task_group.py for tasks to queue
[2025-09-25T05:41:58.512+0000] {logging_mixin.py:190} INFO - [2025-09-25T05:41:58.512+0000] {dagbag.py:588} INFO - Filling up the DagBag from /home/airflow/.local/lib/python3.12/site-packages/airflow/example_dags/example_task_group.py
[2025-09-25T05:41:58.520+0000] {processor.py:925} INFO - DAG(s) 'example_task_group' retrieved from /home/airflow/.local/lib/python3.12/site-packages/airflow/example_dags/example_task_group.py
[2025-09-25T05:41:58.537+0000] {logging_mixin.py:190} INFO - [2025-09-25T05:41:58.537+0000] {dag.py:3239} INFO - Sync 1 DAGs
[2025-09-25T05:41:58.550+0000] {logging_mixin.py:190} INFO - [2025-09-25T05:41:58.550+0000] {dag.py:4180} INFO - Setting next_dagrun for example_task_group to None, run_after=None
[2025-09-25T05:41:58.567+0000] {processor.py:208} INFO - Processing /home/airflow/.local/lib/python3.12/site-packages/airflow/example_dags/example_task_group.py took 0.064 seconds
[2025-09-25T05:42:29.157+0000] {processor.py:186} INFO - Started process (PID=1803) to work on /home/airflow/.local/lib/python3.12/site-packages/airflow/example_dags/example_task_group.py
[2025-09-25T05:42:29.158+0000] {processor.py:914} INFO - Processing file /home/airflow/.local/lib/python3.12/site-packages/airflow/example_dags/example_task_group.py for tasks to queue
[2025-09-25T05:42:29.161+0000] {logging_mixin.py:190} INFO - [2025-09-25T05:42:29.160+0000] {dagbag.py:588} INFO - Filling up the DagBag from /home/airflow/.local/lib/python3.12/site-packages/airflow/example_dags/example_task_group.py
[2025-09-25T05:42:29.168+0000] {processor.py:925} INFO - DAG(s) 'example_task_group' retrieved from /home/airflow/.local/lib/python3.12/site-packages/airflow/example_dags/example_task_group.py
[2025-09-25T05:42:29.186+0000] {logging_mixin.py:190} INFO - [2025-09-25T05:42:29.186+0000] {dag.py:3239} INFO - Sync 1 DAGs
[2025-09-25T05:42:29.200+0000] {logging_mixin.py:190} INFO - [2025-09-25T05:42:29.200+0000] {dag.py:4180} INFO - Setting next_dagrun for example_task_group to None, run_after=None
[2025-09-25T05:42:29.215+0000] {processor.py:208} INFO - Processing /home/airflow/.local/lib/python3.12/site-packages/airflow/example_dags/example_task_group.py took 0.063 seconds
[2025-09-25T05:43:00.131+0000] {processor.py:186} INFO - Started process (PID=1868) to work on /home/airflow/.local/lib/python3.12/site-packages/airflow/example_dags/example_task_group.py
[2025-09-25T05:43:00.132+0000] {processor.py:914} INFO - Processing file /home/airflow/.local/lib/python3.12/site-packages/airflow/example_dags/example_task_group.py for tasks to queue
[2025-09-25T05:43:00.134+0000] {logging_mixin.py:190} INFO - [2025-09-25T05:43:00.134+0000] {dagbag.py:588} INFO - Filling up the DagBag from /home/airflow/.local/lib/python3.12/site-packages/airflow/example_dags/example_task_group.py
[2025-09-25T05:43:00.142+0000] {processor.py:925} INFO - DAG(s) 'example_task_group' retrieved from /home/airflow/.local/lib/python3.12/site-packages/airflow/example_dags/example_task_group.py
[2025-09-25T05:43:00.159+0000] {logging_mixin.py:190} INFO - [2025-09-25T05:43:00.159+0000] {dag.py:3239} INFO - Sync 1 DAGs
[2025-09-25T05:43:00.171+0000] {logging_mixin.py:190} INFO - [2025-09-25T05:43:00.171+0000] {dag.py:4180} INFO - Setting next_dagrun for example_task_group to None, run_after=None
[2025-09-25T05:43:00.185+0000] {processor.py:208} INFO - Processing /home/airflow/.local/lib/python3.12/site-packages/airflow/example_dags/example_task_group.py took 0.059 seconds
[2025-09-25T05:43:31.626+0000] {processor.py:186} INFO - Started process (PID=1933) to work on /home/airflow/.local/lib/python3.12/site-packages/airflow/example_dags/example_task_group.py
[2025-09-25T05:43:31.627+0000] {processor.py:914} INFO - Processing file /home/airflow/.local/lib/python3.12/site-packages/airflow/example_dags/example_task_group.py for tasks to queue
[2025-09-25T05:43:31.629+0000] {logging_mixin.py:190} INFO - [2025-09-25T05:43:31.629+0000] {dagbag.py:588} INFO - Filling up the DagBag from /home/airflow/.local/lib/python3.12/site-packages/airflow/example_dags/example_task_group.py
[2025-09-25T05:43:31.638+0000] {processor.py:925} INFO - DAG(s) 'example_task_group' retrieved from /home/airflow/.local/lib/python3.12/site-packages/airflow/example_dags/example_task_group.py
[2025-09-25T05:43:31.656+0000] {logging_mixin.py:190} INFO - [2025-09-25T05:43:31.656+0000] {dag.py:3239} INFO - Sync 1 DAGs
[2025-09-25T05:43:31.668+0000] {logging_mixin.py:190} INFO - [2025-09-25T05:43:31.668+0000] {dag.py:4180} INFO - Setting next_dagrun for example_task_group to None, run_after=None
[2025-09-25T05:43:31.683+0000] {processor.py:208} INFO - Processing /home/airflow/.local/lib/python3.12/site-packages/airflow/example_dags/example_task_group.py took 0.062 seconds
[2025-09-25T05:44:02.373+0000] {processor.py:186} INFO - Started process (PID=1998) to work on /home/airflow/.local/lib/python3.12/site-packages/airflow/example_dags/example_task_group.py
[2025-09-25T05:44:02.374+0000] {processor.py:914} INFO - Processing file /home/airflow/.local/lib/python3.12/site-packages/airflow/example_dags/example_task_group.py for tasks to queue
[2025-09-25T05:44:02.376+0000] {logging_mixin.py:190} INFO - [2025-09-25T05:44:02.376+0000] {dagbag.py:588} INFO - Filling up the DagBag from /home/airflow/.local/lib/python3.12/site-packages/airflow/example_dags/example_task_group.py
[2025-09-25T05:44:02.385+0000] {processor.py:925} INFO - DAG(s) 'example_task_group' retrieved from /home/airflow/.local/lib/python3.12/site-packages/airflow/example_dags/example_task_group.py
[2025-09-25T05:44:02.402+0000] {logging_mixin.py:190} INFO - [2025-09-25T05:44:02.402+0000] {dag.py:3239} INFO - Sync 1 DAGs
[2025-09-25T05:44:02.414+0000] {logging_mixin.py:190} INFO - [2025-09-25T05:44:02.413+0000] {dag.py:4180} INFO - Setting next_dagrun for example_task_group to None, run_after=None
[2025-09-25T05:44:02.429+0000] {processor.py:208} INFO - Processing /home/airflow/.local/lib/python3.12/site-packages/airflow/example_dags/example_task_group.py took 0.061 seconds
[2025-09-25T05:44:33.079+0000] {processor.py:186} INFO - Started process (PID=2063) to work on /home/airflow/.local/lib/python3.12/site-packages/airflow/example_dags/example_task_group.py
[2025-09-25T05:44:33.080+0000] {processor.py:914} INFO - Processing file /home/airflow/.local/lib/python3.12/site-packages/airflow/example_dags/example_task_group.py for tasks to queue
[2025-09-25T05:44:33.082+0000] {logging_mixin.py:190} INFO - [2025-09-25T05:44:33.082+0000] {dagbag.py:588} INFO - Filling up the DagBag from /home/airflow/.local/lib/python3.12/site-packages/airflow/example_dags/example_task_group.py
[2025-09-25T05:44:33.091+0000] {processor.py:925} INFO - DAG(s) 'example_task_group' retrieved from /home/airflow/.local/lib/python3.12/site-packages/airflow/example_dags/example_task_group.py
[2025-09-25T05:44:33.108+0000] {logging_mixin.py:190} INFO - [2025-09-25T05:44:33.108+0000] {dag.py:3239} INFO - Sync 1 DAGs
[2025-09-25T05:44:33.121+0000] {logging_mixin.py:190} INFO - [2025-09-25T05:44:33.121+0000] {dag.py:4180} INFO - Setting next_dagrun for example_task_group to None, run_after=None
[2025-09-25T05:44:33.138+0000] {processor.py:208} INFO - Processing /home/airflow/.local/lib/python3.12/site-packages/airflow/example_dags/example_task_group.py took 0.064 seconds
