[2025-09-25T05:12:42.412+0000] {processor.py:186} INFO - Started process (PID=90) to work on /home/airflow/.local/lib/python3.12/site-packages/airflow/example_dags/example_bash_operator.py
[2025-09-25T05:12:42.413+0000] {processor.py:914} INFO - Processing file /home/airflow/.local/lib/python3.12/site-packages/airflow/example_dags/example_bash_operator.py for tasks to queue
[2025-09-25T05:12:42.415+0000] {logging_mixin.py:190} INFO - [2025-09-25T05:12:42.415+0000] {dagbag.py:588} INFO - Filling up the DagBag from /home/airflow/.local/lib/python3.12/site-packages/airflow/example_dags/example_bash_operator.py
[2025-09-25T05:12:42.431+0000] {processor.py:925} INFO - DAG(s) 'example_bash_operator' retrieved from /home/airflow/.local/lib/python3.12/site-packages/airflow/example_dags/example_bash_operator.py
[2025-09-25T05:12:42.457+0000] {logging_mixin.py:190} INFO - [2025-09-25T05:12:42.457+0000] {dag.py:3239} INFO - Sync 1 DAGs
[2025-09-25T05:12:42.480+0000] {logging_mixin.py:190} INFO - [2025-09-25T05:12:42.480+0000] {dag.py:4180} INFO - Setting next_dagrun for example_bash_operator to 2025-09-24 00:00:00+00:00, run_after=2025-09-25 00:00:00+00:00
[2025-09-25T05:12:42.498+0000] {processor.py:208} INFO - Processing /home/airflow/.local/lib/python3.12/site-packages/airflow/example_dags/example_bash_operator.py took 0.091 seconds
[2025-09-25T05:13:12.857+0000] {processor.py:186} INFO - Started process (PID=154) to work on /home/airflow/.local/lib/python3.12/site-packages/airflow/example_dags/example_bash_operator.py
[2025-09-25T05:13:12.857+0000] {processor.py:914} INFO - Processing file /home/airflow/.local/lib/python3.12/site-packages/airflow/example_dags/example_bash_operator.py for tasks to queue
[2025-09-25T05:13:12.859+0000] {logging_mixin.py:190} INFO - [2025-09-25T05:13:12.859+0000] {dagbag.py:588} INFO - Filling up the DagBag from /home/airflow/.local/lib/python3.12/site-packages/airflow/example_dags/example_bash_operator.py
[2025-09-25T05:13:12.871+0000] {processor.py:925} INFO - DAG(s) 'example_bash_operator' retrieved from /home/airflow/.local/lib/python3.12/site-packages/airflow/example_dags/example_bash_operator.py
[2025-09-25T05:13:12.895+0000] {logging_mixin.py:190} INFO - [2025-09-25T05:13:12.894+0000] {dag.py:3239} INFO - Sync 1 DAGs
[2025-09-25T05:13:12.913+0000] {logging_mixin.py:190} INFO - [2025-09-25T05:13:12.913+0000] {dag.py:4180} INFO - Setting next_dagrun for example_bash_operator to 2025-09-24 00:00:00+00:00, run_after=2025-09-25 00:00:00+00:00
[2025-09-25T05:13:12.927+0000] {processor.py:208} INFO - Processing /home/airflow/.local/lib/python3.12/site-packages/airflow/example_dags/example_bash_operator.py took 0.076 seconds
[2025-09-25T05:13:43.524+0000] {processor.py:186} INFO - Started process (PID=219) to work on /home/airflow/.local/lib/python3.12/site-packages/airflow/example_dags/example_bash_operator.py
[2025-09-25T05:13:43.526+0000] {processor.py:914} INFO - Processing file /home/airflow/.local/lib/python3.12/site-packages/airflow/example_dags/example_bash_operator.py for tasks to queue
[2025-09-25T05:13:43.528+0000] {logging_mixin.py:190} INFO - [2025-09-25T05:13:43.528+0000] {dagbag.py:588} INFO - Filling up the DagBag from /home/airflow/.local/lib/python3.12/site-packages/airflow/example_dags/example_bash_operator.py
[2025-09-25T05:13:43.542+0000] {processor.py:925} INFO - DAG(s) 'example_bash_operator' retrieved from /home/airflow/.local/lib/python3.12/site-packages/airflow/example_dags/example_bash_operator.py
[2025-09-25T05:13:43.564+0000] {logging_mixin.py:190} INFO - [2025-09-25T05:13:43.564+0000] {dag.py:3239} INFO - Sync 1 DAGs
[2025-09-25T05:13:43.584+0000] {logging_mixin.py:190} INFO - [2025-09-25T05:13:43.584+0000] {dag.py:4180} INFO - Setting next_dagrun for example_bash_operator to 2025-09-24 00:00:00+00:00, run_after=2025-09-25 00:00:00+00:00
[2025-09-25T05:13:43.598+0000] {processor.py:208} INFO - Processing /home/airflow/.local/lib/python3.12/site-packages/airflow/example_dags/example_bash_operator.py took 0.079 seconds
[2025-09-25T05:14:13.741+0000] {processor.py:186} INFO - Started process (PID=284) to work on /home/airflow/.local/lib/python3.12/site-packages/airflow/example_dags/example_bash_operator.py
[2025-09-25T05:14:13.742+0000] {processor.py:914} INFO - Processing file /home/airflow/.local/lib/python3.12/site-packages/airflow/example_dags/example_bash_operator.py for tasks to queue
[2025-09-25T05:14:13.744+0000] {logging_mixin.py:190} INFO - [2025-09-25T05:14:13.744+0000] {dagbag.py:588} INFO - Filling up the DagBag from /home/airflow/.local/lib/python3.12/site-packages/airflow/example_dags/example_bash_operator.py
[2025-09-25T05:14:13.756+0000] {processor.py:925} INFO - DAG(s) 'example_bash_operator' retrieved from /home/airflow/.local/lib/python3.12/site-packages/airflow/example_dags/example_bash_operator.py
[2025-09-25T05:14:13.781+0000] {logging_mixin.py:190} INFO - [2025-09-25T05:14:13.781+0000] {dag.py:3239} INFO - Sync 1 DAGs
[2025-09-25T05:14:13.805+0000] {logging_mixin.py:190} INFO - [2025-09-25T05:14:13.805+0000] {dag.py:4180} INFO - Setting next_dagrun for example_bash_operator to 2025-09-24 00:00:00+00:00, run_after=2025-09-25 00:00:00+00:00
[2025-09-25T05:14:13.819+0000] {processor.py:208} INFO - Processing /home/airflow/.local/lib/python3.12/site-packages/airflow/example_dags/example_bash_operator.py took 0.084 seconds
[2025-09-25T05:14:44.879+0000] {processor.py:186} INFO - Started process (PID=349) to work on /home/airflow/.local/lib/python3.12/site-packages/airflow/example_dags/example_bash_operator.py
[2025-09-25T05:14:44.880+0000] {processor.py:914} INFO - Processing file /home/airflow/.local/lib/python3.12/site-packages/airflow/example_dags/example_bash_operator.py for tasks to queue
[2025-09-25T05:14:44.882+0000] {logging_mixin.py:190} INFO - [2025-09-25T05:14:44.882+0000] {dagbag.py:588} INFO - Filling up the DagBag from /home/airflow/.local/lib/python3.12/site-packages/airflow/example_dags/example_bash_operator.py
[2025-09-25T05:14:44.895+0000] {processor.py:925} INFO - DAG(s) 'example_bash_operator' retrieved from /home/airflow/.local/lib/python3.12/site-packages/airflow/example_dags/example_bash_operator.py
[2025-09-25T05:14:44.916+0000] {logging_mixin.py:190} INFO - [2025-09-25T05:14:44.916+0000] {dag.py:3239} INFO - Sync 1 DAGs
[2025-09-25T05:14:44.936+0000] {logging_mixin.py:190} INFO - [2025-09-25T05:14:44.936+0000] {dag.py:4180} INFO - Setting next_dagrun for example_bash_operator to 2025-09-24 00:00:00+00:00, run_after=2025-09-25 00:00:00+00:00
[2025-09-25T05:14:44.951+0000] {processor.py:208} INFO - Processing /home/airflow/.local/lib/python3.12/site-packages/airflow/example_dags/example_bash_operator.py took 0.077 seconds
[2025-09-25T05:15:15.988+0000] {processor.py:186} INFO - Started process (PID=414) to work on /home/airflow/.local/lib/python3.12/site-packages/airflow/example_dags/example_bash_operator.py
[2025-09-25T05:15:15.989+0000] {processor.py:914} INFO - Processing file /home/airflow/.local/lib/python3.12/site-packages/airflow/example_dags/example_bash_operator.py for tasks to queue
[2025-09-25T05:15:15.991+0000] {logging_mixin.py:190} INFO - [2025-09-25T05:15:15.991+0000] {dagbag.py:588} INFO - Filling up the DagBag from /home/airflow/.local/lib/python3.12/site-packages/airflow/example_dags/example_bash_operator.py
[2025-09-25T05:15:16.004+0000] {processor.py:925} INFO - DAG(s) 'example_bash_operator' retrieved from /home/airflow/.local/lib/python3.12/site-packages/airflow/example_dags/example_bash_operator.py
[2025-09-25T05:15:16.029+0000] {logging_mixin.py:190} INFO - [2025-09-25T05:15:16.029+0000] {dag.py:3239} INFO - Sync 1 DAGs
[2025-09-25T05:15:16.054+0000] {logging_mixin.py:190} INFO - [2025-09-25T05:15:16.053+0000] {dag.py:4180} INFO - Setting next_dagrun for example_bash_operator to 2025-09-24 00:00:00+00:00, run_after=2025-09-25 00:00:00+00:00
[2025-09-25T05:15:16.073+0000] {processor.py:208} INFO - Processing /home/airflow/.local/lib/python3.12/site-packages/airflow/example_dags/example_bash_operator.py took 0.091 seconds
[2025-09-25T05:15:46.985+0000] {processor.py:186} INFO - Started process (PID=479) to work on /home/airflow/.local/lib/python3.12/site-packages/airflow/example_dags/example_bash_operator.py
[2025-09-25T05:15:46.986+0000] {processor.py:914} INFO - Processing file /home/airflow/.local/lib/python3.12/site-packages/airflow/example_dags/example_bash_operator.py for tasks to queue
[2025-09-25T05:15:46.988+0000] {logging_mixin.py:190} INFO - [2025-09-25T05:15:46.988+0000] {dagbag.py:588} INFO - Filling up the DagBag from /home/airflow/.local/lib/python3.12/site-packages/airflow/example_dags/example_bash_operator.py
[2025-09-25T05:15:47.002+0000] {processor.py:925} INFO - DAG(s) 'example_bash_operator' retrieved from /home/airflow/.local/lib/python3.12/site-packages/airflow/example_dags/example_bash_operator.py
[2025-09-25T05:15:47.038+0000] {logging_mixin.py:190} INFO - [2025-09-25T05:15:47.038+0000] {dag.py:3239} INFO - Sync 1 DAGs
[2025-09-25T05:15:47.067+0000] {logging_mixin.py:190} INFO - [2025-09-25T05:15:47.067+0000] {dag.py:4180} INFO - Setting next_dagrun for example_bash_operator to 2025-09-24 00:00:00+00:00, run_after=2025-09-25 00:00:00+00:00
[2025-09-25T05:15:47.089+0000] {processor.py:208} INFO - Processing /home/airflow/.local/lib/python3.12/site-packages/airflow/example_dags/example_bash_operator.py took 0.110 seconds
[2025-09-25T05:16:18.044+0000] {processor.py:186} INFO - Started process (PID=544) to work on /home/airflow/.local/lib/python3.12/site-packages/airflow/example_dags/example_bash_operator.py
[2025-09-25T05:16:18.045+0000] {processor.py:914} INFO - Processing file /home/airflow/.local/lib/python3.12/site-packages/airflow/example_dags/example_bash_operator.py for tasks to queue
[2025-09-25T05:16:18.047+0000] {logging_mixin.py:190} INFO - [2025-09-25T05:16:18.046+0000] {dagbag.py:588} INFO - Filling up the DagBag from /home/airflow/.local/lib/python3.12/site-packages/airflow/example_dags/example_bash_operator.py
[2025-09-25T05:16:18.058+0000] {processor.py:925} INFO - DAG(s) 'example_bash_operator' retrieved from /home/airflow/.local/lib/python3.12/site-packages/airflow/example_dags/example_bash_operator.py
[2025-09-25T05:16:18.080+0000] {logging_mixin.py:190} INFO - [2025-09-25T05:16:18.080+0000] {dag.py:3239} INFO - Sync 1 DAGs
[2025-09-25T05:16:18.102+0000] {logging_mixin.py:190} INFO - [2025-09-25T05:16:18.101+0000] {dag.py:4180} INFO - Setting next_dagrun for example_bash_operator to 2025-09-24 00:00:00+00:00, run_after=2025-09-25 00:00:00+00:00
[2025-09-25T05:16:18.116+0000] {processor.py:208} INFO - Processing /home/airflow/.local/lib/python3.12/site-packages/airflow/example_dags/example_bash_operator.py took 0.078 seconds
[2025-09-25T05:16:49.152+0000] {processor.py:186} INFO - Started process (PID=609) to work on /home/airflow/.local/lib/python3.12/site-packages/airflow/example_dags/example_bash_operator.py
[2025-09-25T05:16:49.154+0000] {processor.py:914} INFO - Processing file /home/airflow/.local/lib/python3.12/site-packages/airflow/example_dags/example_bash_operator.py for tasks to queue
[2025-09-25T05:16:49.156+0000] {logging_mixin.py:190} INFO - [2025-09-25T05:16:49.155+0000] {dagbag.py:588} INFO - Filling up the DagBag from /home/airflow/.local/lib/python3.12/site-packages/airflow/example_dags/example_bash_operator.py
[2025-09-25T05:16:49.168+0000] {processor.py:925} INFO - DAG(s) 'example_bash_operator' retrieved from /home/airflow/.local/lib/python3.12/site-packages/airflow/example_dags/example_bash_operator.py
[2025-09-25T05:16:49.190+0000] {logging_mixin.py:190} INFO - [2025-09-25T05:16:49.190+0000] {dag.py:3239} INFO - Sync 1 DAGs
[2025-09-25T05:16:49.211+0000] {logging_mixin.py:190} INFO - [2025-09-25T05:16:49.211+0000] {dag.py:4180} INFO - Setting next_dagrun for example_bash_operator to 2025-09-24 00:00:00+00:00, run_after=2025-09-25 00:00:00+00:00
[2025-09-25T05:16:49.227+0000] {processor.py:208} INFO - Processing /home/airflow/.local/lib/python3.12/site-packages/airflow/example_dags/example_bash_operator.py took 0.082 seconds
[2025-09-25T05:17:19.864+0000] {processor.py:186} INFO - Started process (PID=674) to work on /home/airflow/.local/lib/python3.12/site-packages/airflow/example_dags/example_bash_operator.py
[2025-09-25T05:17:19.865+0000] {processor.py:914} INFO - Processing file /home/airflow/.local/lib/python3.12/site-packages/airflow/example_dags/example_bash_operator.py for tasks to queue
[2025-09-25T05:17:19.868+0000] {logging_mixin.py:190} INFO - [2025-09-25T05:17:19.867+0000] {dagbag.py:588} INFO - Filling up the DagBag from /home/airflow/.local/lib/python3.12/site-packages/airflow/example_dags/example_bash_operator.py
[2025-09-25T05:17:19.880+0000] {processor.py:925} INFO - DAG(s) 'example_bash_operator' retrieved from /home/airflow/.local/lib/python3.12/site-packages/airflow/example_dags/example_bash_operator.py
[2025-09-25T05:17:19.902+0000] {logging_mixin.py:190} INFO - [2025-09-25T05:17:19.901+0000] {dag.py:3239} INFO - Sync 1 DAGs
[2025-09-25T05:17:19.922+0000] {logging_mixin.py:190} INFO - [2025-09-25T05:17:19.922+0000] {dag.py:4180} INFO - Setting next_dagrun for example_bash_operator to 2025-09-24 00:00:00+00:00, run_after=2025-09-25 00:00:00+00:00
[2025-09-25T05:17:19.937+0000] {processor.py:208} INFO - Processing /home/airflow/.local/lib/python3.12/site-packages/airflow/example_dags/example_bash_operator.py took 0.078 seconds
[2025-09-25T05:17:51.133+0000] {processor.py:186} INFO - Started process (PID=739) to work on /home/airflow/.local/lib/python3.12/site-packages/airflow/example_dags/example_bash_operator.py
[2025-09-25T05:17:51.134+0000] {processor.py:914} INFO - Processing file /home/airflow/.local/lib/python3.12/site-packages/airflow/example_dags/example_bash_operator.py for tasks to queue
[2025-09-25T05:17:51.136+0000] {logging_mixin.py:190} INFO - [2025-09-25T05:17:51.136+0000] {dagbag.py:588} INFO - Filling up the DagBag from /home/airflow/.local/lib/python3.12/site-packages/airflow/example_dags/example_bash_operator.py
[2025-09-25T05:17:51.147+0000] {processor.py:925} INFO - DAG(s) 'example_bash_operator' retrieved from /home/airflow/.local/lib/python3.12/site-packages/airflow/example_dags/example_bash_operator.py
[2025-09-25T05:17:51.170+0000] {logging_mixin.py:190} INFO - [2025-09-25T05:17:51.170+0000] {dag.py:3239} INFO - Sync 1 DAGs
[2025-09-25T05:17:51.191+0000] {logging_mixin.py:190} INFO - [2025-09-25T05:17:51.191+0000] {dag.py:4180} INFO - Setting next_dagrun for example_bash_operator to 2025-09-24 00:00:00+00:00, run_after=2025-09-25 00:00:00+00:00
[2025-09-25T05:17:51.207+0000] {processor.py:208} INFO - Processing /home/airflow/.local/lib/python3.12/site-packages/airflow/example_dags/example_bash_operator.py took 0.079 seconds
[2025-09-25T05:18:22.810+0000] {processor.py:186} INFO - Started process (PID=805) to work on /home/airflow/.local/lib/python3.12/site-packages/airflow/example_dags/example_bash_operator.py
[2025-09-25T05:18:22.811+0000] {processor.py:914} INFO - Processing file /home/airflow/.local/lib/python3.12/site-packages/airflow/example_dags/example_bash_operator.py for tasks to queue
[2025-09-25T05:18:22.814+0000] {logging_mixin.py:190} INFO - [2025-09-25T05:18:22.814+0000] {dagbag.py:588} INFO - Filling up the DagBag from /home/airflow/.local/lib/python3.12/site-packages/airflow/example_dags/example_bash_operator.py
[2025-09-25T05:18:22.828+0000] {processor.py:925} INFO - DAG(s) 'example_bash_operator' retrieved from /home/airflow/.local/lib/python3.12/site-packages/airflow/example_dags/example_bash_operator.py
[2025-09-25T05:18:22.850+0000] {logging_mixin.py:190} INFO - [2025-09-25T05:18:22.850+0000] {dag.py:3239} INFO - Sync 1 DAGs
[2025-09-25T05:18:22.872+0000] {logging_mixin.py:190} INFO - [2025-09-25T05:18:22.872+0000] {dag.py:4180} INFO - Setting next_dagrun for example_bash_operator to 2025-09-24 00:00:00+00:00, run_after=2025-09-25 00:00:00+00:00
[2025-09-25T05:18:22.887+0000] {processor.py:208} INFO - Processing /home/airflow/.local/lib/python3.12/site-packages/airflow/example_dags/example_bash_operator.py took 0.085 seconds
[2025-09-25T05:18:54.015+0000] {processor.py:186} INFO - Started process (PID=870) to work on /home/airflow/.local/lib/python3.12/site-packages/airflow/example_dags/example_bash_operator.py
[2025-09-25T05:18:54.016+0000] {processor.py:914} INFO - Processing file /home/airflow/.local/lib/python3.12/site-packages/airflow/example_dags/example_bash_operator.py for tasks to queue
[2025-09-25T05:18:54.019+0000] {logging_mixin.py:190} INFO - [2025-09-25T05:18:54.018+0000] {dagbag.py:588} INFO - Filling up the DagBag from /home/airflow/.local/lib/python3.12/site-packages/airflow/example_dags/example_bash_operator.py
[2025-09-25T05:18:54.037+0000] {processor.py:925} INFO - DAG(s) 'example_bash_operator' retrieved from /home/airflow/.local/lib/python3.12/site-packages/airflow/example_dags/example_bash_operator.py
[2025-09-25T05:18:54.060+0000] {logging_mixin.py:190} INFO - [2025-09-25T05:18:54.060+0000] {dag.py:3239} INFO - Sync 1 DAGs
[2025-09-25T05:18:54.084+0000] {logging_mixin.py:190} INFO - [2025-09-25T05:18:54.083+0000] {dag.py:4180} INFO - Setting next_dagrun for example_bash_operator to 2025-09-24 00:00:00+00:00, run_after=2025-09-25 00:00:00+00:00
[2025-09-25T05:18:54.101+0000] {processor.py:208} INFO - Processing /home/airflow/.local/lib/python3.12/site-packages/airflow/example_dags/example_bash_operator.py took 0.094 seconds
[2025-09-25T05:19:25.276+0000] {processor.py:186} INFO - Started process (PID=941) to work on /home/airflow/.local/lib/python3.12/site-packages/airflow/example_dags/example_bash_operator.py
[2025-09-25T05:19:25.277+0000] {processor.py:914} INFO - Processing file /home/airflow/.local/lib/python3.12/site-packages/airflow/example_dags/example_bash_operator.py for tasks to queue
[2025-09-25T05:19:25.279+0000] {logging_mixin.py:190} INFO - [2025-09-25T05:19:25.278+0000] {dagbag.py:588} INFO - Filling up the DagBag from /home/airflow/.local/lib/python3.12/site-packages/airflow/example_dags/example_bash_operator.py
[2025-09-25T05:19:25.290+0000] {processor.py:925} INFO - DAG(s) 'example_bash_operator' retrieved from /home/airflow/.local/lib/python3.12/site-packages/airflow/example_dags/example_bash_operator.py
[2025-09-25T05:19:25.311+0000] {logging_mixin.py:190} INFO - [2025-09-25T05:19:25.311+0000] {dag.py:3239} INFO - Sync 1 DAGs
[2025-09-25T05:19:25.331+0000] {logging_mixin.py:190} INFO - [2025-09-25T05:19:25.331+0000] {dag.py:4180} INFO - Setting next_dagrun for example_bash_operator to 2025-09-24 00:00:00+00:00, run_after=2025-09-25 00:00:00+00:00
[2025-09-25T05:19:25.347+0000] {processor.py:208} INFO - Processing /home/airflow/.local/lib/python3.12/site-packages/airflow/example_dags/example_bash_operator.py took 0.077 seconds
[2025-09-25T05:19:56.474+0000] {processor.py:186} INFO - Started process (PID=1006) to work on /home/airflow/.local/lib/python3.12/site-packages/airflow/example_dags/example_bash_operator.py
[2025-09-25T05:19:56.475+0000] {processor.py:914} INFO - Processing file /home/airflow/.local/lib/python3.12/site-packages/airflow/example_dags/example_bash_operator.py for tasks to queue
[2025-09-25T05:19:56.478+0000] {logging_mixin.py:190} INFO - [2025-09-25T05:19:56.477+0000] {dagbag.py:588} INFO - Filling up the DagBag from /home/airflow/.local/lib/python3.12/site-packages/airflow/example_dags/example_bash_operator.py
[2025-09-25T05:19:56.489+0000] {processor.py:925} INFO - DAG(s) 'example_bash_operator' retrieved from /home/airflow/.local/lib/python3.12/site-packages/airflow/example_dags/example_bash_operator.py
[2025-09-25T05:19:56.513+0000] {logging_mixin.py:190} INFO - [2025-09-25T05:19:56.513+0000] {dag.py:3239} INFO - Sync 1 DAGs
[2025-09-25T05:19:56.534+0000] {logging_mixin.py:190} INFO - [2025-09-25T05:19:56.534+0000] {dag.py:4180} INFO - Setting next_dagrun for example_bash_operator to 2025-09-24 00:00:00+00:00, run_after=2025-09-25 00:00:00+00:00
[2025-09-25T05:19:56.549+0000] {processor.py:208} INFO - Processing /home/airflow/.local/lib/python3.12/site-packages/airflow/example_dags/example_bash_operator.py took 0.081 seconds
[2025-09-25T05:25:42.953+0000] {processor.py:186} INFO - Started process (PID=90) to work on /home/airflow/.local/lib/python3.12/site-packages/airflow/example_dags/example_bash_operator.py
[2025-09-25T05:25:42.954+0000] {processor.py:914} INFO - Processing file /home/airflow/.local/lib/python3.12/site-packages/airflow/example_dags/example_bash_operator.py for tasks to queue
[2025-09-25T05:25:42.956+0000] {logging_mixin.py:190} INFO - [2025-09-25T05:25:42.956+0000] {dagbag.py:588} INFO - Filling up the DagBag from /home/airflow/.local/lib/python3.12/site-packages/airflow/example_dags/example_bash_operator.py
[2025-09-25T05:25:42.970+0000] {processor.py:925} INFO - DAG(s) 'example_bash_operator' retrieved from /home/airflow/.local/lib/python3.12/site-packages/airflow/example_dags/example_bash_operator.py
[2025-09-25T05:25:43.083+0000] {logging_mixin.py:190} INFO - [2025-09-25T05:25:43.083+0000] {dag.py:3239} INFO - Sync 1 DAGs
[2025-09-25T05:25:43.106+0000] {logging_mixin.py:190} INFO - [2025-09-25T05:25:43.106+0000] {dag.py:4180} INFO - Setting next_dagrun for example_bash_operator to 2025-09-24 00:00:00+00:00, run_after=2025-09-25 00:00:00+00:00
[2025-09-25T05:25:43.130+0000] {processor.py:208} INFO - Processing /home/airflow/.local/lib/python3.12/site-packages/airflow/example_dags/example_bash_operator.py took 0.182 seconds
[2025-09-25T05:26:13.910+0000] {processor.py:186} INFO - Started process (PID=155) to work on /home/airflow/.local/lib/python3.12/site-packages/airflow/example_dags/example_bash_operator.py
[2025-09-25T05:26:13.911+0000] {processor.py:914} INFO - Processing file /home/airflow/.local/lib/python3.12/site-packages/airflow/example_dags/example_bash_operator.py for tasks to queue
[2025-09-25T05:26:13.913+0000] {logging_mixin.py:190} INFO - [2025-09-25T05:26:13.913+0000] {dagbag.py:588} INFO - Filling up the DagBag from /home/airflow/.local/lib/python3.12/site-packages/airflow/example_dags/example_bash_operator.py
[2025-09-25T05:26:13.924+0000] {processor.py:925} INFO - DAG(s) 'example_bash_operator' retrieved from /home/airflow/.local/lib/python3.12/site-packages/airflow/example_dags/example_bash_operator.py
[2025-09-25T05:26:13.947+0000] {logging_mixin.py:190} INFO - [2025-09-25T05:26:13.947+0000] {dag.py:3239} INFO - Sync 1 DAGs
[2025-09-25T05:26:13.967+0000] {logging_mixin.py:190} INFO - [2025-09-25T05:26:13.967+0000] {dag.py:4180} INFO - Setting next_dagrun for example_bash_operator to 2025-09-24 00:00:00+00:00, run_after=2025-09-25 00:00:00+00:00
[2025-09-25T05:26:13.982+0000] {processor.py:208} INFO - Processing /home/airflow/.local/lib/python3.12/site-packages/airflow/example_dags/example_bash_operator.py took 0.078 seconds
[2025-09-25T05:26:44.197+0000] {processor.py:186} INFO - Started process (PID=219) to work on /home/airflow/.local/lib/python3.12/site-packages/airflow/example_dags/example_bash_operator.py
[2025-09-25T05:26:44.198+0000] {processor.py:914} INFO - Processing file /home/airflow/.local/lib/python3.12/site-packages/airflow/example_dags/example_bash_operator.py for tasks to queue
[2025-09-25T05:26:44.200+0000] {logging_mixin.py:190} INFO - [2025-09-25T05:26:44.200+0000] {dagbag.py:588} INFO - Filling up the DagBag from /home/airflow/.local/lib/python3.12/site-packages/airflow/example_dags/example_bash_operator.py
[2025-09-25T05:26:44.213+0000] {processor.py:925} INFO - DAG(s) 'example_bash_operator' retrieved from /home/airflow/.local/lib/python3.12/site-packages/airflow/example_dags/example_bash_operator.py
[2025-09-25T05:26:44.237+0000] {logging_mixin.py:190} INFO - [2025-09-25T05:26:44.237+0000] {dag.py:3239} INFO - Sync 1 DAGs
[2025-09-25T05:26:44.258+0000] {logging_mixin.py:190} INFO - [2025-09-25T05:26:44.258+0000] {dag.py:4180} INFO - Setting next_dagrun for example_bash_operator to 2025-09-24 00:00:00+00:00, run_after=2025-09-25 00:00:00+00:00
[2025-09-25T05:26:44.274+0000] {processor.py:208} INFO - Processing /home/airflow/.local/lib/python3.12/site-packages/airflow/example_dags/example_bash_operator.py took 0.083 seconds
[2025-09-25T05:27:14.889+0000] {processor.py:186} INFO - Started process (PID=284) to work on /home/airflow/.local/lib/python3.12/site-packages/airflow/example_dags/example_bash_operator.py
[2025-09-25T05:27:14.890+0000] {processor.py:914} INFO - Processing file /home/airflow/.local/lib/python3.12/site-packages/airflow/example_dags/example_bash_operator.py for tasks to queue
[2025-09-25T05:27:14.892+0000] {logging_mixin.py:190} INFO - [2025-09-25T05:27:14.892+0000] {dagbag.py:588} INFO - Filling up the DagBag from /home/airflow/.local/lib/python3.12/site-packages/airflow/example_dags/example_bash_operator.py
[2025-09-25T05:27:14.904+0000] {processor.py:925} INFO - DAG(s) 'example_bash_operator' retrieved from /home/airflow/.local/lib/python3.12/site-packages/airflow/example_dags/example_bash_operator.py
[2025-09-25T05:27:14.929+0000] {logging_mixin.py:190} INFO - [2025-09-25T05:27:14.929+0000] {dag.py:3239} INFO - Sync 1 DAGs
[2025-09-25T05:27:14.952+0000] {logging_mixin.py:190} INFO - [2025-09-25T05:27:14.951+0000] {dag.py:4180} INFO - Setting next_dagrun for example_bash_operator to 2025-09-24 00:00:00+00:00, run_after=2025-09-25 00:00:00+00:00
[2025-09-25T05:27:14.968+0000] {processor.py:208} INFO - Processing /home/airflow/.local/lib/python3.12/site-packages/airflow/example_dags/example_bash_operator.py took 0.085 seconds
[2025-09-25T05:27:45.778+0000] {processor.py:186} INFO - Started process (PID=349) to work on /home/airflow/.local/lib/python3.12/site-packages/airflow/example_dags/example_bash_operator.py
[2025-09-25T05:27:45.779+0000] {processor.py:914} INFO - Processing file /home/airflow/.local/lib/python3.12/site-packages/airflow/example_dags/example_bash_operator.py for tasks to queue
[2025-09-25T05:27:45.781+0000] {logging_mixin.py:190} INFO - [2025-09-25T05:27:45.781+0000] {dagbag.py:588} INFO - Filling up the DagBag from /home/airflow/.local/lib/python3.12/site-packages/airflow/example_dags/example_bash_operator.py
[2025-09-25T05:27:45.794+0000] {processor.py:925} INFO - DAG(s) 'example_bash_operator' retrieved from /home/airflow/.local/lib/python3.12/site-packages/airflow/example_dags/example_bash_operator.py
[2025-09-25T05:27:45.820+0000] {logging_mixin.py:190} INFO - [2025-09-25T05:27:45.820+0000] {dag.py:3239} INFO - Sync 1 DAGs
[2025-09-25T05:27:45.842+0000] {logging_mixin.py:190} INFO - [2025-09-25T05:27:45.842+0000] {dag.py:4180} INFO - Setting next_dagrun for example_bash_operator to 2025-09-24 00:00:00+00:00, run_after=2025-09-25 00:00:00+00:00
[2025-09-25T05:27:45.857+0000] {processor.py:208} INFO - Processing /home/airflow/.local/lib/python3.12/site-packages/airflow/example_dags/example_bash_operator.py took 0.085 seconds
[2025-09-25T05:28:57.294+0000] {processor.py:186} INFO - Started process (PID=91) to work on /home/airflow/.local/lib/python3.12/site-packages/airflow/example_dags/example_bash_operator.py
[2025-09-25T05:28:57.295+0000] {processor.py:914} INFO - Processing file /home/airflow/.local/lib/python3.12/site-packages/airflow/example_dags/example_bash_operator.py for tasks to queue
[2025-09-25T05:28:57.298+0000] {logging_mixin.py:190} INFO - [2025-09-25T05:28:57.298+0000] {dagbag.py:588} INFO - Filling up the DagBag from /home/airflow/.local/lib/python3.12/site-packages/airflow/example_dags/example_bash_operator.py
[2025-09-25T05:28:57.311+0000] {processor.py:925} INFO - DAG(s) 'example_bash_operator' retrieved from /home/airflow/.local/lib/python3.12/site-packages/airflow/example_dags/example_bash_operator.py
[2025-09-25T05:28:57.332+0000] {logging_mixin.py:190} INFO - [2025-09-25T05:28:57.332+0000] {dag.py:3239} INFO - Sync 1 DAGs
[2025-09-25T05:28:57.358+0000] {logging_mixin.py:190} INFO - [2025-09-25T05:28:57.358+0000] {dag.py:4180} INFO - Setting next_dagrun for example_bash_operator to 2025-09-24 00:00:00+00:00, run_after=2025-09-25 00:00:00+00:00
[2025-09-25T05:28:57.374+0000] {processor.py:208} INFO - Processing /home/airflow/.local/lib/python3.12/site-packages/airflow/example_dags/example_bash_operator.py took 0.085 seconds
[2025-09-25T05:29:28.017+0000] {processor.py:186} INFO - Started process (PID=156) to work on /home/airflow/.local/lib/python3.12/site-packages/airflow/example_dags/example_bash_operator.py
[2025-09-25T05:29:28.017+0000] {processor.py:914} INFO - Processing file /home/airflow/.local/lib/python3.12/site-packages/airflow/example_dags/example_bash_operator.py for tasks to queue
[2025-09-25T05:29:28.019+0000] {logging_mixin.py:190} INFO - [2025-09-25T05:29:28.019+0000] {dagbag.py:588} INFO - Filling up the DagBag from /home/airflow/.local/lib/python3.12/site-packages/airflow/example_dags/example_bash_operator.py
[2025-09-25T05:29:28.029+0000] {processor.py:925} INFO - DAG(s) 'example_bash_operator' retrieved from /home/airflow/.local/lib/python3.12/site-packages/airflow/example_dags/example_bash_operator.py
[2025-09-25T05:29:28.048+0000] {logging_mixin.py:190} INFO - [2025-09-25T05:29:28.048+0000] {dag.py:3239} INFO - Sync 1 DAGs
[2025-09-25T05:29:28.066+0000] {logging_mixin.py:190} INFO - [2025-09-25T05:29:28.065+0000] {dag.py:4180} INFO - Setting next_dagrun for example_bash_operator to 2025-09-24 00:00:00+00:00, run_after=2025-09-25 00:00:00+00:00
[2025-09-25T05:29:27.694+0000] {processor.py:208} INFO - Processing /home/airflow/.local/lib/python3.12/site-packages/airflow/example_dags/example_bash_operator.py took 0.067 seconds
[2025-09-25T05:29:58.477+0000] {processor.py:186} INFO - Started process (PID=215) to work on /home/airflow/.local/lib/python3.12/site-packages/airflow/example_dags/example_bash_operator.py
[2025-09-25T05:29:58.478+0000] {processor.py:914} INFO - Processing file /home/airflow/.local/lib/python3.12/site-packages/airflow/example_dags/example_bash_operator.py for tasks to queue
[2025-09-25T05:29:58.480+0000] {logging_mixin.py:190} INFO - [2025-09-25T05:29:58.479+0000] {dagbag.py:588} INFO - Filling up the DagBag from /home/airflow/.local/lib/python3.12/site-packages/airflow/example_dags/example_bash_operator.py
[2025-09-25T05:29:58.491+0000] {processor.py:925} INFO - DAG(s) 'example_bash_operator' retrieved from /home/airflow/.local/lib/python3.12/site-packages/airflow/example_dags/example_bash_operator.py
[2025-09-25T05:29:58.513+0000] {logging_mixin.py:190} INFO - [2025-09-25T05:29:58.513+0000] {dag.py:3239} INFO - Sync 1 DAGs
[2025-09-25T05:29:58.534+0000] {logging_mixin.py:190} INFO - [2025-09-25T05:29:58.533+0000] {dag.py:4180} INFO - Setting next_dagrun for example_bash_operator to 2025-09-24 00:00:00+00:00, run_after=2025-09-25 00:00:00+00:00
[2025-09-25T05:29:58.549+0000] {processor.py:208} INFO - Processing /home/airflow/.local/lib/python3.12/site-packages/airflow/example_dags/example_bash_operator.py took 0.078 seconds
[2025-09-25T05:30:30.421+0000] {processor.py:186} INFO - Started process (PID=285) to work on /home/airflow/.local/lib/python3.12/site-packages/airflow/example_dags/example_bash_operator.py
[2025-09-25T05:30:30.422+0000] {processor.py:914} INFO - Processing file /home/airflow/.local/lib/python3.12/site-packages/airflow/example_dags/example_bash_operator.py for tasks to queue
[2025-09-25T05:30:30.424+0000] {logging_mixin.py:190} INFO - [2025-09-25T05:30:30.424+0000] {dagbag.py:588} INFO - Filling up the DagBag from /home/airflow/.local/lib/python3.12/site-packages/airflow/example_dags/example_bash_operator.py
[2025-09-25T05:30:30.435+0000] {processor.py:925} INFO - DAG(s) 'example_bash_operator' retrieved from /home/airflow/.local/lib/python3.12/site-packages/airflow/example_dags/example_bash_operator.py
[2025-09-25T05:30:30.456+0000] {logging_mixin.py:190} INFO - [2025-09-25T05:30:30.456+0000] {dag.py:3239} INFO - Sync 1 DAGs
[2025-09-25T05:30:30.475+0000] {logging_mixin.py:190} INFO - [2025-09-25T05:30:30.475+0000] {dag.py:4180} INFO - Setting next_dagrun for example_bash_operator to 2025-09-24 00:00:00+00:00, run_after=2025-09-25 00:00:00+00:00
[2025-09-25T05:30:30.492+0000] {processor.py:208} INFO - Processing /home/airflow/.local/lib/python3.12/site-packages/airflow/example_dags/example_bash_operator.py took 0.077 seconds
[2025-09-25T05:31:01.351+0000] {processor.py:186} INFO - Started process (PID=350) to work on /home/airflow/.local/lib/python3.12/site-packages/airflow/example_dags/example_bash_operator.py
[2025-09-25T05:31:01.353+0000] {processor.py:914} INFO - Processing file /home/airflow/.local/lib/python3.12/site-packages/airflow/example_dags/example_bash_operator.py for tasks to queue
[2025-09-25T05:31:01.355+0000] {logging_mixin.py:190} INFO - [2025-09-25T05:31:01.354+0000] {dagbag.py:588} INFO - Filling up the DagBag from /home/airflow/.local/lib/python3.12/site-packages/airflow/example_dags/example_bash_operator.py
[2025-09-25T05:31:01.366+0000] {processor.py:925} INFO - DAG(s) 'example_bash_operator' retrieved from /home/airflow/.local/lib/python3.12/site-packages/airflow/example_dags/example_bash_operator.py
[2025-09-25T05:31:01.388+0000] {logging_mixin.py:190} INFO - [2025-09-25T05:31:01.388+0000] {dag.py:3239} INFO - Sync 1 DAGs
[2025-09-25T05:31:01.410+0000] {logging_mixin.py:190} INFO - [2025-09-25T05:31:01.410+0000] {dag.py:4180} INFO - Setting next_dagrun for example_bash_operator to 2025-09-24 00:00:00+00:00, run_after=2025-09-25 00:00:00+00:00
[2025-09-25T05:31:01.426+0000] {processor.py:208} INFO - Processing /home/airflow/.local/lib/python3.12/site-packages/airflow/example_dags/example_bash_operator.py took 0.080 seconds
[2025-09-25T05:31:32.240+0000] {processor.py:186} INFO - Started process (PID=415) to work on /home/airflow/.local/lib/python3.12/site-packages/airflow/example_dags/example_bash_operator.py
[2025-09-25T05:31:32.241+0000] {processor.py:914} INFO - Processing file /home/airflow/.local/lib/python3.12/site-packages/airflow/example_dags/example_bash_operator.py for tasks to queue
[2025-09-25T05:31:32.244+0000] {logging_mixin.py:190} INFO - [2025-09-25T05:31:32.244+0000] {dagbag.py:588} INFO - Filling up the DagBag from /home/airflow/.local/lib/python3.12/site-packages/airflow/example_dags/example_bash_operator.py
[2025-09-25T05:31:32.257+0000] {processor.py:925} INFO - DAG(s) 'example_bash_operator' retrieved from /home/airflow/.local/lib/python3.12/site-packages/airflow/example_dags/example_bash_operator.py
[2025-09-25T05:31:32.281+0000] {logging_mixin.py:190} INFO - [2025-09-25T05:31:32.281+0000] {dag.py:3239} INFO - Sync 1 DAGs
[2025-09-25T05:31:32.301+0000] {logging_mixin.py:190} INFO - [2025-09-25T05:31:32.301+0000] {dag.py:4180} INFO - Setting next_dagrun for example_bash_operator to 2025-09-24 00:00:00+00:00, run_after=2025-09-25 00:00:00+00:00
[2025-09-25T05:31:32.316+0000] {processor.py:208} INFO - Processing /home/airflow/.local/lib/python3.12/site-packages/airflow/example_dags/example_bash_operator.py took 0.082 seconds
[2025-09-25T05:32:03.514+0000] {processor.py:186} INFO - Started process (PID=481) to work on /home/airflow/.local/lib/python3.12/site-packages/airflow/example_dags/example_bash_operator.py
[2025-09-25T05:32:03.515+0000] {processor.py:914} INFO - Processing file /home/airflow/.local/lib/python3.12/site-packages/airflow/example_dags/example_bash_operator.py for tasks to queue
[2025-09-25T05:32:03.517+0000] {logging_mixin.py:190} INFO - [2025-09-25T05:32:03.517+0000] {dagbag.py:588} INFO - Filling up the DagBag from /home/airflow/.local/lib/python3.12/site-packages/airflow/example_dags/example_bash_operator.py
[2025-09-25T05:32:03.533+0000] {processor.py:925} INFO - DAG(s) 'example_bash_operator' retrieved from /home/airflow/.local/lib/python3.12/site-packages/airflow/example_dags/example_bash_operator.py
[2025-09-25T05:32:03.557+0000] {logging_mixin.py:190} INFO - [2025-09-25T05:32:03.557+0000] {dag.py:3239} INFO - Sync 1 DAGs
[2025-09-25T05:32:03.577+0000] {logging_mixin.py:190} INFO - [2025-09-25T05:32:03.577+0000] {dag.py:4180} INFO - Setting next_dagrun for example_bash_operator to 2025-09-24 00:00:00+00:00, run_after=2025-09-25 00:00:00+00:00
[2025-09-25T05:32:03.592+0000] {processor.py:208} INFO - Processing /home/airflow/.local/lib/python3.12/site-packages/airflow/example_dags/example_bash_operator.py took 0.084 seconds
[2025-09-25T05:32:35.278+0000] {processor.py:186} INFO - Started process (PID=545) to work on /home/airflow/.local/lib/python3.12/site-packages/airflow/example_dags/example_bash_operator.py
[2025-09-25T05:32:35.279+0000] {processor.py:914} INFO - Processing file /home/airflow/.local/lib/python3.12/site-packages/airflow/example_dags/example_bash_operator.py for tasks to queue
[2025-09-25T05:32:35.281+0000] {logging_mixin.py:190} INFO - [2025-09-25T05:32:35.281+0000] {dagbag.py:588} INFO - Filling up the DagBag from /home/airflow/.local/lib/python3.12/site-packages/airflow/example_dags/example_bash_operator.py
[2025-09-25T05:32:35.293+0000] {processor.py:925} INFO - DAG(s) 'example_bash_operator' retrieved from /home/airflow/.local/lib/python3.12/site-packages/airflow/example_dags/example_bash_operator.py
[2025-09-25T05:32:35.318+0000] {logging_mixin.py:190} INFO - [2025-09-25T05:32:35.318+0000] {dag.py:3239} INFO - Sync 1 DAGs
[2025-09-25T05:32:35.340+0000] {logging_mixin.py:190} INFO - [2025-09-25T05:32:35.340+0000] {dag.py:4180} INFO - Setting next_dagrun for example_bash_operator to 2025-09-24 00:00:00+00:00, run_after=2025-09-25 00:00:00+00:00
[2025-09-25T05:32:35.356+0000] {processor.py:208} INFO - Processing /home/airflow/.local/lib/python3.12/site-packages/airflow/example_dags/example_bash_operator.py took 0.084 seconds
[2025-09-25T05:33:05.658+0000] {processor.py:186} INFO - Started process (PID=610) to work on /home/airflow/.local/lib/python3.12/site-packages/airflow/example_dags/example_bash_operator.py
[2025-09-25T05:33:05.659+0000] {processor.py:914} INFO - Processing file /home/airflow/.local/lib/python3.12/site-packages/airflow/example_dags/example_bash_operator.py for tasks to queue
[2025-09-25T05:33:05.661+0000] {logging_mixin.py:190} INFO - [2025-09-25T05:33:05.661+0000] {dagbag.py:588} INFO - Filling up the DagBag from /home/airflow/.local/lib/python3.12/site-packages/airflow/example_dags/example_bash_operator.py
[2025-09-25T05:33:05.674+0000] {processor.py:925} INFO - DAG(s) 'example_bash_operator' retrieved from /home/airflow/.local/lib/python3.12/site-packages/airflow/example_dags/example_bash_operator.py
[2025-09-25T05:33:05.696+0000] {logging_mixin.py:190} INFO - [2025-09-25T05:33:05.695+0000] {dag.py:3239} INFO - Sync 1 DAGs
[2025-09-25T05:33:05.716+0000] {logging_mixin.py:190} INFO - [2025-09-25T05:33:05.716+0000] {dag.py:4180} INFO - Setting next_dagrun for example_bash_operator to 2025-09-24 00:00:00+00:00, run_after=2025-09-25 00:00:00+00:00
[2025-09-25T05:33:05.731+0000] {processor.py:208} INFO - Processing /home/airflow/.local/lib/python3.12/site-packages/airflow/example_dags/example_bash_operator.py took 0.079 seconds
[2025-09-25T05:33:36.745+0000] {processor.py:186} INFO - Started process (PID=675) to work on /home/airflow/.local/lib/python3.12/site-packages/airflow/example_dags/example_bash_operator.py
[2025-09-25T05:33:36.746+0000] {processor.py:914} INFO - Processing file /home/airflow/.local/lib/python3.12/site-packages/airflow/example_dags/example_bash_operator.py for tasks to queue
[2025-09-25T05:33:36.748+0000] {logging_mixin.py:190} INFO - [2025-09-25T05:33:36.748+0000] {dagbag.py:588} INFO - Filling up the DagBag from /home/airflow/.local/lib/python3.12/site-packages/airflow/example_dags/example_bash_operator.py
[2025-09-25T05:33:36.760+0000] {processor.py:925} INFO - DAG(s) 'example_bash_operator' retrieved from /home/airflow/.local/lib/python3.12/site-packages/airflow/example_dags/example_bash_operator.py
[2025-09-25T05:33:36.781+0000] {logging_mixin.py:190} INFO - [2025-09-25T05:33:36.781+0000] {dag.py:3239} INFO - Sync 1 DAGs
[2025-09-25T05:33:36.801+0000] {logging_mixin.py:190} INFO - [2025-09-25T05:33:36.801+0000] {dag.py:4180} INFO - Setting next_dagrun for example_bash_operator to 2025-09-24 00:00:00+00:00, run_after=2025-09-25 00:00:00+00:00
[2025-09-25T05:33:36.816+0000] {processor.py:208} INFO - Processing /home/airflow/.local/lib/python3.12/site-packages/airflow/example_dags/example_bash_operator.py took 0.077 seconds
[2025-09-25T05:34:07.957+0000] {processor.py:186} INFO - Started process (PID=740) to work on /home/airflow/.local/lib/python3.12/site-packages/airflow/example_dags/example_bash_operator.py
[2025-09-25T05:34:07.959+0000] {processor.py:914} INFO - Processing file /home/airflow/.local/lib/python3.12/site-packages/airflow/example_dags/example_bash_operator.py for tasks to queue
[2025-09-25T05:34:07.961+0000] {logging_mixin.py:190} INFO - [2025-09-25T05:34:07.960+0000] {dagbag.py:588} INFO - Filling up the DagBag from /home/airflow/.local/lib/python3.12/site-packages/airflow/example_dags/example_bash_operator.py
[2025-09-25T05:34:07.974+0000] {processor.py:925} INFO - DAG(s) 'example_bash_operator' retrieved from /home/airflow/.local/lib/python3.12/site-packages/airflow/example_dags/example_bash_operator.py
[2025-09-25T05:34:07.997+0000] {logging_mixin.py:190} INFO - [2025-09-25T05:34:07.996+0000] {dag.py:3239} INFO - Sync 1 DAGs
[2025-09-25T05:34:08.018+0000] {logging_mixin.py:190} INFO - [2025-09-25T05:34:08.018+0000] {dag.py:4180} INFO - Setting next_dagrun for example_bash_operator to 2025-09-24 00:00:00+00:00, run_after=2025-09-25 00:00:00+00:00
[2025-09-25T05:34:08.038+0000] {processor.py:208} INFO - Processing /home/airflow/.local/lib/python3.12/site-packages/airflow/example_dags/example_bash_operator.py took 0.088 seconds
[2025-09-25T05:34:39.246+0000] {processor.py:186} INFO - Started process (PID=805) to work on /home/airflow/.local/lib/python3.12/site-packages/airflow/example_dags/example_bash_operator.py
[2025-09-25T05:34:39.248+0000] {processor.py:914} INFO - Processing file /home/airflow/.local/lib/python3.12/site-packages/airflow/example_dags/example_bash_operator.py for tasks to queue
[2025-09-25T05:34:39.250+0000] {logging_mixin.py:190} INFO - [2025-09-25T05:34:39.249+0000] {dagbag.py:588} INFO - Filling up the DagBag from /home/airflow/.local/lib/python3.12/site-packages/airflow/example_dags/example_bash_operator.py
[2025-09-25T05:34:39.261+0000] {processor.py:925} INFO - DAG(s) 'example_bash_operator' retrieved from /home/airflow/.local/lib/python3.12/site-packages/airflow/example_dags/example_bash_operator.py
[2025-09-25T05:34:39.283+0000] {logging_mixin.py:190} INFO - [2025-09-25T05:34:39.282+0000] {dag.py:3239} INFO - Sync 1 DAGs
[2025-09-25T05:34:39.303+0000] {logging_mixin.py:190} INFO - [2025-09-25T05:34:39.303+0000] {dag.py:4180} INFO - Setting next_dagrun for example_bash_operator to 2025-09-24 00:00:00+00:00, run_after=2025-09-25 00:00:00+00:00
[2025-09-25T05:34:39.318+0000] {processor.py:208} INFO - Processing /home/airflow/.local/lib/python3.12/site-packages/airflow/example_dags/example_bash_operator.py took 0.078 seconds
[2025-09-25T05:35:10.380+0000] {processor.py:186} INFO - Started process (PID=870) to work on /home/airflow/.local/lib/python3.12/site-packages/airflow/example_dags/example_bash_operator.py
[2025-09-25T05:35:10.382+0000] {processor.py:914} INFO - Processing file /home/airflow/.local/lib/python3.12/site-packages/airflow/example_dags/example_bash_operator.py for tasks to queue
[2025-09-25T05:35:10.383+0000] {logging_mixin.py:190} INFO - [2025-09-25T05:35:10.383+0000] {dagbag.py:588} INFO - Filling up the DagBag from /home/airflow/.local/lib/python3.12/site-packages/airflow/example_dags/example_bash_operator.py
[2025-09-25T05:35:10.395+0000] {processor.py:925} INFO - DAG(s) 'example_bash_operator' retrieved from /home/airflow/.local/lib/python3.12/site-packages/airflow/example_dags/example_bash_operator.py
[2025-09-25T05:35:10.418+0000] {logging_mixin.py:190} INFO - [2025-09-25T05:35:10.418+0000] {dag.py:3239} INFO - Sync 1 DAGs
[2025-09-25T05:35:10.437+0000] {logging_mixin.py:190} INFO - [2025-09-25T05:35:10.437+0000] {dag.py:4180} INFO - Setting next_dagrun for example_bash_operator to 2025-09-24 00:00:00+00:00, run_after=2025-09-25 00:00:00+00:00
[2025-09-25T05:35:10.451+0000] {processor.py:208} INFO - Processing /home/airflow/.local/lib/python3.12/site-packages/airflow/example_dags/example_bash_operator.py took 0.080 seconds
[2025-09-25T05:35:41.749+0000] {processor.py:186} INFO - Started process (PID=935) to work on /home/airflow/.local/lib/python3.12/site-packages/airflow/example_dags/example_bash_operator.py
[2025-09-25T05:35:41.750+0000] {processor.py:914} INFO - Processing file /home/airflow/.local/lib/python3.12/site-packages/airflow/example_dags/example_bash_operator.py for tasks to queue
[2025-09-25T05:35:41.752+0000] {logging_mixin.py:190} INFO - [2025-09-25T05:35:41.752+0000] {dagbag.py:588} INFO - Filling up the DagBag from /home/airflow/.local/lib/python3.12/site-packages/airflow/example_dags/example_bash_operator.py
[2025-09-25T05:35:41.764+0000] {processor.py:925} INFO - DAG(s) 'example_bash_operator' retrieved from /home/airflow/.local/lib/python3.12/site-packages/airflow/example_dags/example_bash_operator.py
[2025-09-25T05:35:41.786+0000] {logging_mixin.py:190} INFO - [2025-09-25T05:35:41.786+0000] {dag.py:3239} INFO - Sync 1 DAGs
[2025-09-25T05:35:41.806+0000] {logging_mixin.py:190} INFO - [2025-09-25T05:35:41.806+0000] {dag.py:4180} INFO - Setting next_dagrun for example_bash_operator to 2025-09-24 00:00:00+00:00, run_after=2025-09-25 00:00:00+00:00
[2025-09-25T05:35:41.822+0000] {processor.py:208} INFO - Processing /home/airflow/.local/lib/python3.12/site-packages/airflow/example_dags/example_bash_operator.py took 0.079 seconds
[2025-09-25T05:36:13.227+0000] {processor.py:186} INFO - Started process (PID=1000) to work on /home/airflow/.local/lib/python3.12/site-packages/airflow/example_dags/example_bash_operator.py
[2025-09-25T05:36:13.228+0000] {processor.py:914} INFO - Processing file /home/airflow/.local/lib/python3.12/site-packages/airflow/example_dags/example_bash_operator.py for tasks to queue
[2025-09-25T05:36:13.230+0000] {logging_mixin.py:190} INFO - [2025-09-25T05:36:13.230+0000] {dagbag.py:588} INFO - Filling up the DagBag from /home/airflow/.local/lib/python3.12/site-packages/airflow/example_dags/example_bash_operator.py
[2025-09-25T05:36:13.242+0000] {processor.py:925} INFO - DAG(s) 'example_bash_operator' retrieved from /home/airflow/.local/lib/python3.12/site-packages/airflow/example_dags/example_bash_operator.py
[2025-09-25T05:36:13.264+0000] {logging_mixin.py:190} INFO - [2025-09-25T05:36:13.264+0000] {dag.py:3239} INFO - Sync 1 DAGs
[2025-09-25T05:36:13.285+0000] {logging_mixin.py:190} INFO - [2025-09-25T05:36:13.285+0000] {dag.py:4180} INFO - Setting next_dagrun for example_bash_operator to 2025-09-24 00:00:00+00:00, run_after=2025-09-25 00:00:00+00:00
[2025-09-25T05:36:13.301+0000] {processor.py:208} INFO - Processing /home/airflow/.local/lib/python3.12/site-packages/airflow/example_dags/example_bash_operator.py took 0.079 seconds
[2025-09-25T05:36:44.349+0000] {processor.py:186} INFO - Started process (PID=1066) to work on /home/airflow/.local/lib/python3.12/site-packages/airflow/example_dags/example_bash_operator.py
[2025-09-25T05:36:44.350+0000] {processor.py:914} INFO - Processing file /home/airflow/.local/lib/python3.12/site-packages/airflow/example_dags/example_bash_operator.py for tasks to queue
[2025-09-25T05:36:44.353+0000] {logging_mixin.py:190} INFO - [2025-09-25T05:36:44.352+0000] {dagbag.py:588} INFO - Filling up the DagBag from /home/airflow/.local/lib/python3.12/site-packages/airflow/example_dags/example_bash_operator.py
[2025-09-25T05:36:44.363+0000] {processor.py:925} INFO - DAG(s) 'example_bash_operator' retrieved from /home/airflow/.local/lib/python3.12/site-packages/airflow/example_dags/example_bash_operator.py
[2025-09-25T05:36:44.384+0000] {logging_mixin.py:190} INFO - [2025-09-25T05:36:44.384+0000] {dag.py:3239} INFO - Sync 1 DAGs
[2025-09-25T05:36:44.405+0000] {logging_mixin.py:190} INFO - [2025-09-25T05:36:44.405+0000] {dag.py:4180} INFO - Setting next_dagrun for example_bash_operator to 2025-09-24 00:00:00+00:00, run_after=2025-09-25 00:00:00+00:00
[2025-09-25T05:36:44.418+0000] {processor.py:208} INFO - Processing /home/airflow/.local/lib/python3.12/site-packages/airflow/example_dags/example_bash_operator.py took 0.074 seconds
[2025-09-25T05:37:15.126+0000] {processor.py:186} INFO - Started process (PID=1130) to work on /home/airflow/.local/lib/python3.12/site-packages/airflow/example_dags/example_bash_operator.py
[2025-09-25T05:37:15.127+0000] {processor.py:914} INFO - Processing file /home/airflow/.local/lib/python3.12/site-packages/airflow/example_dags/example_bash_operator.py for tasks to queue
[2025-09-25T05:37:15.129+0000] {logging_mixin.py:190} INFO - [2025-09-25T05:37:15.129+0000] {dagbag.py:588} INFO - Filling up the DagBag from /home/airflow/.local/lib/python3.12/site-packages/airflow/example_dags/example_bash_operator.py
[2025-09-25T05:37:15.141+0000] {processor.py:925} INFO - DAG(s) 'example_bash_operator' retrieved from /home/airflow/.local/lib/python3.12/site-packages/airflow/example_dags/example_bash_operator.py
[2025-09-25T05:37:15.164+0000] {logging_mixin.py:190} INFO - [2025-09-25T05:37:15.164+0000] {dag.py:3239} INFO - Sync 1 DAGs
[2025-09-25T05:37:15.185+0000] {logging_mixin.py:190} INFO - [2025-09-25T05:37:15.185+0000] {dag.py:4180} INFO - Setting next_dagrun for example_bash_operator to 2025-09-24 00:00:00+00:00, run_after=2025-09-25 00:00:00+00:00
[2025-09-25T05:37:15.200+0000] {processor.py:208} INFO - Processing /home/airflow/.local/lib/python3.12/site-packages/airflow/example_dags/example_bash_operator.py took 0.080 seconds
[2025-09-25T05:37:46.498+0000] {processor.py:186} INFO - Started process (PID=1195) to work on /home/airflow/.local/lib/python3.12/site-packages/airflow/example_dags/example_bash_operator.py
[2025-09-25T05:37:46.499+0000] {processor.py:914} INFO - Processing file /home/airflow/.local/lib/python3.12/site-packages/airflow/example_dags/example_bash_operator.py for tasks to queue
[2025-09-25T05:37:46.501+0000] {logging_mixin.py:190} INFO - [2025-09-25T05:37:46.501+0000] {dagbag.py:588} INFO - Filling up the DagBag from /home/airflow/.local/lib/python3.12/site-packages/airflow/example_dags/example_bash_operator.py
[2025-09-25T05:37:46.513+0000] {processor.py:925} INFO - DAG(s) 'example_bash_operator' retrieved from /home/airflow/.local/lib/python3.12/site-packages/airflow/example_dags/example_bash_operator.py
[2025-09-25T05:37:46.536+0000] {logging_mixin.py:190} INFO - [2025-09-25T05:37:46.535+0000] {dag.py:3239} INFO - Sync 1 DAGs
[2025-09-25T05:37:46.555+0000] {logging_mixin.py:190} INFO - [2025-09-25T05:37:46.555+0000] {dag.py:4180} INFO - Setting next_dagrun for example_bash_operator to 2025-09-24 00:00:00+00:00, run_after=2025-09-25 00:00:00+00:00
[2025-09-25T05:37:46.569+0000] {processor.py:208} INFO - Processing /home/airflow/.local/lib/python3.12/site-packages/airflow/example_dags/example_bash_operator.py took 0.076 seconds
[2025-09-25T05:38:17.891+0000] {processor.py:186} INFO - Started process (PID=1260) to work on /home/airflow/.local/lib/python3.12/site-packages/airflow/example_dags/example_bash_operator.py
[2025-09-25T05:38:17.892+0000] {processor.py:914} INFO - Processing file /home/airflow/.local/lib/python3.12/site-packages/airflow/example_dags/example_bash_operator.py for tasks to queue
[2025-09-25T05:38:17.895+0000] {logging_mixin.py:190} INFO - [2025-09-25T05:38:17.895+0000] {dagbag.py:588} INFO - Filling up the DagBag from /home/airflow/.local/lib/python3.12/site-packages/airflow/example_dags/example_bash_operator.py
[2025-09-25T05:38:17.907+0000] {processor.py:925} INFO - DAG(s) 'example_bash_operator' retrieved from /home/airflow/.local/lib/python3.12/site-packages/airflow/example_dags/example_bash_operator.py
[2025-09-25T05:38:17.928+0000] {logging_mixin.py:190} INFO - [2025-09-25T05:38:17.928+0000] {dag.py:3239} INFO - Sync 1 DAGs
[2025-09-25T05:38:17.947+0000] {logging_mixin.py:190} INFO - [2025-09-25T05:38:17.947+0000] {dag.py:4180} INFO - Setting next_dagrun for example_bash_operator to 2025-09-24 00:00:00+00:00, run_after=2025-09-25 00:00:00+00:00
[2025-09-25T05:38:17.961+0000] {processor.py:208} INFO - Processing /home/airflow/.local/lib/python3.12/site-packages/airflow/example_dags/example_bash_operator.py took 0.076 seconds
[2025-09-25T05:38:49.117+0000] {processor.py:186} INFO - Started process (PID=1331) to work on /home/airflow/.local/lib/python3.12/site-packages/airflow/example_dags/example_bash_operator.py
[2025-09-25T05:38:49.118+0000] {processor.py:914} INFO - Processing file /home/airflow/.local/lib/python3.12/site-packages/airflow/example_dags/example_bash_operator.py for tasks to queue
[2025-09-25T05:38:49.120+0000] {logging_mixin.py:190} INFO - [2025-09-25T05:38:49.120+0000] {dagbag.py:588} INFO - Filling up the DagBag from /home/airflow/.local/lib/python3.12/site-packages/airflow/example_dags/example_bash_operator.py
[2025-09-25T05:38:49.132+0000] {processor.py:925} INFO - DAG(s) 'example_bash_operator' retrieved from /home/airflow/.local/lib/python3.12/site-packages/airflow/example_dags/example_bash_operator.py
[2025-09-25T05:38:49.154+0000] {logging_mixin.py:190} INFO - [2025-09-25T05:38:49.154+0000] {dag.py:3239} INFO - Sync 1 DAGs
[2025-09-25T05:38:49.173+0000] {logging_mixin.py:190} INFO - [2025-09-25T05:38:49.173+0000] {dag.py:4180} INFO - Setting next_dagrun for example_bash_operator to 2025-09-24 00:00:00+00:00, run_after=2025-09-25 00:00:00+00:00
[2025-09-25T05:38:49.188+0000] {processor.py:208} INFO - Processing /home/airflow/.local/lib/python3.12/site-packages/airflow/example_dags/example_bash_operator.py took 0.076 seconds
[2025-09-25T05:39:20.784+0000] {processor.py:186} INFO - Started process (PID=1396) to work on /home/airflow/.local/lib/python3.12/site-packages/airflow/example_dags/example_bash_operator.py
[2025-09-25T05:39:20.785+0000] {processor.py:914} INFO - Processing file /home/airflow/.local/lib/python3.12/site-packages/airflow/example_dags/example_bash_operator.py for tasks to queue
[2025-09-25T05:39:20.787+0000] {logging_mixin.py:190} INFO - [2025-09-25T05:39:20.787+0000] {dagbag.py:588} INFO - Filling up the DagBag from /home/airflow/.local/lib/python3.12/site-packages/airflow/example_dags/example_bash_operator.py
[2025-09-25T05:39:20.799+0000] {processor.py:925} INFO - DAG(s) 'example_bash_operator' retrieved from /home/airflow/.local/lib/python3.12/site-packages/airflow/example_dags/example_bash_operator.py
[2025-09-25T05:39:20.822+0000] {logging_mixin.py:190} INFO - [2025-09-25T05:39:20.822+0000] {dag.py:3239} INFO - Sync 1 DAGs
[2025-09-25T05:39:20.844+0000] {logging_mixin.py:190} INFO - [2025-09-25T05:39:20.844+0000] {dag.py:4180} INFO - Setting next_dagrun for example_bash_operator to 2025-09-24 00:00:00+00:00, run_after=2025-09-25 00:00:00+00:00
[2025-09-25T05:39:20.860+0000] {processor.py:208} INFO - Processing /home/airflow/.local/lib/python3.12/site-packages/airflow/example_dags/example_bash_operator.py took 0.081 seconds
[2025-09-25T05:39:52.086+0000] {processor.py:186} INFO - Started process (PID=1461) to work on /home/airflow/.local/lib/python3.12/site-packages/airflow/example_dags/example_bash_operator.py
[2025-09-25T05:39:52.087+0000] {processor.py:914} INFO - Processing file /home/airflow/.local/lib/python3.12/site-packages/airflow/example_dags/example_bash_operator.py for tasks to queue
[2025-09-25T05:39:52.089+0000] {logging_mixin.py:190} INFO - [2025-09-25T05:39:52.089+0000] {dagbag.py:588} INFO - Filling up the DagBag from /home/airflow/.local/lib/python3.12/site-packages/airflow/example_dags/example_bash_operator.py
[2025-09-25T05:39:52.102+0000] {processor.py:925} INFO - DAG(s) 'example_bash_operator' retrieved from /home/airflow/.local/lib/python3.12/site-packages/airflow/example_dags/example_bash_operator.py
[2025-09-25T05:39:52.122+0000] {logging_mixin.py:190} INFO - [2025-09-25T05:39:52.122+0000] {dag.py:3239} INFO - Sync 1 DAGs
[2025-09-25T05:39:52.142+0000] {logging_mixin.py:190} INFO - [2025-09-25T05:39:52.142+0000] {dag.py:4180} INFO - Setting next_dagrun for example_bash_operator to 2025-09-24 00:00:00+00:00, run_after=2025-09-25 00:00:00+00:00
[2025-09-25T05:39:52.157+0000] {processor.py:208} INFO - Processing /home/airflow/.local/lib/python3.12/site-packages/airflow/example_dags/example_bash_operator.py took 0.078 seconds
[2025-09-25T05:40:23.222+0000] {processor.py:186} INFO - Started process (PID=1527) to work on /home/airflow/.local/lib/python3.12/site-packages/airflow/example_dags/example_bash_operator.py
[2025-09-25T05:40:23.223+0000] {processor.py:914} INFO - Processing file /home/airflow/.local/lib/python3.12/site-packages/airflow/example_dags/example_bash_operator.py for tasks to queue
[2025-09-25T05:40:23.225+0000] {logging_mixin.py:190} INFO - [2025-09-25T05:40:23.225+0000] {dagbag.py:588} INFO - Filling up the DagBag from /home/airflow/.local/lib/python3.12/site-packages/airflow/example_dags/example_bash_operator.py
[2025-09-25T05:40:23.236+0000] {processor.py:925} INFO - DAG(s) 'example_bash_operator' retrieved from /home/airflow/.local/lib/python3.12/site-packages/airflow/example_dags/example_bash_operator.py
[2025-09-25T05:40:23.257+0000] {logging_mixin.py:190} INFO - [2025-09-25T05:40:23.257+0000] {dag.py:3239} INFO - Sync 1 DAGs
[2025-09-25T05:40:23.282+0000] {logging_mixin.py:190} INFO - [2025-09-25T05:40:23.282+0000] {dag.py:4180} INFO - Setting next_dagrun for example_bash_operator to 2025-09-24 00:00:00+00:00, run_after=2025-09-25 00:00:00+00:00
[2025-09-25T05:40:23.300+0000] {processor.py:208} INFO - Processing /home/airflow/.local/lib/python3.12/site-packages/airflow/example_dags/example_bash_operator.py took 0.083 seconds
[2025-09-25T05:40:54.556+0000] {processor.py:186} INFO - Started process (PID=1591) to work on /home/airflow/.local/lib/python3.12/site-packages/airflow/example_dags/example_bash_operator.py
[2025-09-25T05:40:54.557+0000] {processor.py:914} INFO - Processing file /home/airflow/.local/lib/python3.12/site-packages/airflow/example_dags/example_bash_operator.py for tasks to queue
[2025-09-25T05:40:54.560+0000] {logging_mixin.py:190} INFO - [2025-09-25T05:40:54.559+0000] {dagbag.py:588} INFO - Filling up the DagBag from /home/airflow/.local/lib/python3.12/site-packages/airflow/example_dags/example_bash_operator.py
[2025-09-25T05:40:54.571+0000] {processor.py:925} INFO - DAG(s) 'example_bash_operator' retrieved from /home/airflow/.local/lib/python3.12/site-packages/airflow/example_dags/example_bash_operator.py
[2025-09-25T05:40:54.592+0000] {logging_mixin.py:190} INFO - [2025-09-25T05:40:54.592+0000] {dag.py:3239} INFO - Sync 1 DAGs
[2025-09-25T05:40:54.611+0000] {logging_mixin.py:190} INFO - [2025-09-25T05:40:54.611+0000] {dag.py:4180} INFO - Setting next_dagrun for example_bash_operator to 2025-09-24 00:00:00+00:00, run_after=2025-09-25 00:00:00+00:00
[2025-09-25T05:40:54.625+0000] {processor.py:208} INFO - Processing /home/airflow/.local/lib/python3.12/site-packages/airflow/example_dags/example_bash_operator.py took 0.074 seconds
[2025-09-25T05:41:25.842+0000] {processor.py:186} INFO - Started process (PID=1656) to work on /home/airflow/.local/lib/python3.12/site-packages/airflow/example_dags/example_bash_operator.py
[2025-09-25T05:41:25.844+0000] {processor.py:914} INFO - Processing file /home/airflow/.local/lib/python3.12/site-packages/airflow/example_dags/example_bash_operator.py for tasks to queue
[2025-09-25T05:41:25.846+0000] {logging_mixin.py:190} INFO - [2025-09-25T05:41:25.846+0000] {dagbag.py:588} INFO - Filling up the DagBag from /home/airflow/.local/lib/python3.12/site-packages/airflow/example_dags/example_bash_operator.py
[2025-09-25T05:41:25.858+0000] {processor.py:925} INFO - DAG(s) 'example_bash_operator' retrieved from /home/airflow/.local/lib/python3.12/site-packages/airflow/example_dags/example_bash_operator.py
[2025-09-25T05:41:25.884+0000] {logging_mixin.py:190} INFO - [2025-09-25T05:41:25.883+0000] {dag.py:3239} INFO - Sync 1 DAGs
[2025-09-25T05:41:25.903+0000] {logging_mixin.py:190} INFO - [2025-09-25T05:41:25.903+0000] {dag.py:4180} INFO - Setting next_dagrun for example_bash_operator to 2025-09-24 00:00:00+00:00, run_after=2025-09-25 00:00:00+00:00
[2025-09-25T05:41:25.919+0000] {processor.py:208} INFO - Processing /home/airflow/.local/lib/python3.12/site-packages/airflow/example_dags/example_bash_operator.py took 0.082 seconds
[2025-09-25T05:41:57.328+0000] {processor.py:186} INFO - Started process (PID=1721) to work on /home/airflow/.local/lib/python3.12/site-packages/airflow/example_dags/example_bash_operator.py
[2025-09-25T05:41:57.329+0000] {processor.py:914} INFO - Processing file /home/airflow/.local/lib/python3.12/site-packages/airflow/example_dags/example_bash_operator.py for tasks to queue
[2025-09-25T05:41:57.331+0000] {logging_mixin.py:190} INFO - [2025-09-25T05:41:57.331+0000] {dagbag.py:588} INFO - Filling up the DagBag from /home/airflow/.local/lib/python3.12/site-packages/airflow/example_dags/example_bash_operator.py
[2025-09-25T05:41:57.342+0000] {processor.py:925} INFO - DAG(s) 'example_bash_operator' retrieved from /home/airflow/.local/lib/python3.12/site-packages/airflow/example_dags/example_bash_operator.py
[2025-09-25T05:41:57.364+0000] {logging_mixin.py:190} INFO - [2025-09-25T05:41:57.364+0000] {dag.py:3239} INFO - Sync 1 DAGs
[2025-09-25T05:41:57.385+0000] {logging_mixin.py:190} INFO - [2025-09-25T05:41:57.385+0000] {dag.py:4180} INFO - Setting next_dagrun for example_bash_operator to 2025-09-24 00:00:00+00:00, run_after=2025-09-25 00:00:00+00:00
[2025-09-25T05:41:57.400+0000] {processor.py:208} INFO - Processing /home/airflow/.local/lib/python3.12/site-packages/airflow/example_dags/example_bash_operator.py took 0.078 seconds
[2025-09-25T05:42:28.132+0000] {processor.py:186} INFO - Started process (PID=1786) to work on /home/airflow/.local/lib/python3.12/site-packages/airflow/example_dags/example_bash_operator.py
[2025-09-25T05:42:28.133+0000] {processor.py:914} INFO - Processing file /home/airflow/.local/lib/python3.12/site-packages/airflow/example_dags/example_bash_operator.py for tasks to queue
[2025-09-25T05:42:28.135+0000] {logging_mixin.py:190} INFO - [2025-09-25T05:42:28.135+0000] {dagbag.py:588} INFO - Filling up the DagBag from /home/airflow/.local/lib/python3.12/site-packages/airflow/example_dags/example_bash_operator.py
[2025-09-25T05:42:28.147+0000] {processor.py:925} INFO - DAG(s) 'example_bash_operator' retrieved from /home/airflow/.local/lib/python3.12/site-packages/airflow/example_dags/example_bash_operator.py
[2025-09-25T05:42:28.169+0000] {logging_mixin.py:190} INFO - [2025-09-25T05:42:28.169+0000] {dag.py:3239} INFO - Sync 1 DAGs
[2025-09-25T05:42:28.190+0000] {logging_mixin.py:190} INFO - [2025-09-25T05:42:28.190+0000] {dag.py:4180} INFO - Setting next_dagrun for example_bash_operator to 2025-09-24 00:00:00+00:00, run_after=2025-09-25 00:00:00+00:00
[2025-09-25T05:42:28.204+0000] {processor.py:208} INFO - Processing /home/airflow/.local/lib/python3.12/site-packages/airflow/example_dags/example_bash_operator.py took 0.077 seconds
[2025-09-25T05:42:58.979+0000] {processor.py:186} INFO - Started process (PID=1851) to work on /home/airflow/.local/lib/python3.12/site-packages/airflow/example_dags/example_bash_operator.py
[2025-09-25T05:42:58.980+0000] {processor.py:914} INFO - Processing file /home/airflow/.local/lib/python3.12/site-packages/airflow/example_dags/example_bash_operator.py for tasks to queue
[2025-09-25T05:42:58.982+0000] {logging_mixin.py:190} INFO - [2025-09-25T05:42:58.982+0000] {dagbag.py:588} INFO - Filling up the DagBag from /home/airflow/.local/lib/python3.12/site-packages/airflow/example_dags/example_bash_operator.py
[2025-09-25T05:42:58.994+0000] {processor.py:925} INFO - DAG(s) 'example_bash_operator' retrieved from /home/airflow/.local/lib/python3.12/site-packages/airflow/example_dags/example_bash_operator.py
[2025-09-25T05:42:59.016+0000] {logging_mixin.py:190} INFO - [2025-09-25T05:42:59.016+0000] {dag.py:3239} INFO - Sync 1 DAGs
[2025-09-25T05:42:59.036+0000] {logging_mixin.py:190} INFO - [2025-09-25T05:42:59.035+0000] {dag.py:4180} INFO - Setting next_dagrun for example_bash_operator to 2025-09-24 00:00:00+00:00, run_after=2025-09-25 00:00:00+00:00
[2025-09-25T05:42:59.050+0000] {processor.py:208} INFO - Processing /home/airflow/.local/lib/python3.12/site-packages/airflow/example_dags/example_bash_operator.py took 0.076 seconds
[2025-09-25T05:43:30.848+0000] {processor.py:186} INFO - Started process (PID=1917) to work on /home/airflow/.local/lib/python3.12/site-packages/airflow/example_dags/example_bash_operator.py
[2025-09-25T05:43:30.849+0000] {processor.py:914} INFO - Processing file /home/airflow/.local/lib/python3.12/site-packages/airflow/example_dags/example_bash_operator.py for tasks to queue
[2025-09-25T05:43:30.851+0000] {logging_mixin.py:190} INFO - [2025-09-25T05:43:30.850+0000] {dagbag.py:588} INFO - Filling up the DagBag from /home/airflow/.local/lib/python3.12/site-packages/airflow/example_dags/example_bash_operator.py
[2025-09-25T05:43:30.862+0000] {processor.py:925} INFO - DAG(s) 'example_bash_operator' retrieved from /home/airflow/.local/lib/python3.12/site-packages/airflow/example_dags/example_bash_operator.py
[2025-09-25T05:43:30.899+0000] {logging_mixin.py:190} INFO - [2025-09-25T05:43:30.899+0000] {dag.py:3239} INFO - Sync 1 DAGs
[2025-09-25T05:43:30.928+0000] {logging_mixin.py:190} INFO - [2025-09-25T05:43:30.927+0000] {dag.py:4180} INFO - Setting next_dagrun for example_bash_operator to 2025-09-24 00:00:00+00:00, run_after=2025-09-25 00:00:00+00:00
[2025-09-25T05:43:30.946+0000] {processor.py:208} INFO - Processing /home/airflow/.local/lib/python3.12/site-packages/airflow/example_dags/example_bash_operator.py took 0.103 seconds
[2025-09-25T05:44:01.334+0000] {processor.py:186} INFO - Started process (PID=1982) to work on /home/airflow/.local/lib/python3.12/site-packages/airflow/example_dags/example_bash_operator.py
[2025-09-25T05:44:01.335+0000] {processor.py:914} INFO - Processing file /home/airflow/.local/lib/python3.12/site-packages/airflow/example_dags/example_bash_operator.py for tasks to queue
[2025-09-25T05:44:01.337+0000] {logging_mixin.py:190} INFO - [2025-09-25T05:44:01.337+0000] {dagbag.py:588} INFO - Filling up the DagBag from /home/airflow/.local/lib/python3.12/site-packages/airflow/example_dags/example_bash_operator.py
[2025-09-25T05:44:01.349+0000] {processor.py:925} INFO - DAG(s) 'example_bash_operator' retrieved from /home/airflow/.local/lib/python3.12/site-packages/airflow/example_dags/example_bash_operator.py
[2025-09-25T05:44:01.372+0000] {logging_mixin.py:190} INFO - [2025-09-25T05:44:01.371+0000] {dag.py:3239} INFO - Sync 1 DAGs
[2025-09-25T05:44:01.391+0000] {logging_mixin.py:190} INFO - [2025-09-25T05:44:01.391+0000] {dag.py:4180} INFO - Setting next_dagrun for example_bash_operator to 2025-09-24 00:00:00+00:00, run_after=2025-09-25 00:00:00+00:00
[2025-09-25T05:44:01.407+0000] {processor.py:208} INFO - Processing /home/airflow/.local/lib/python3.12/site-packages/airflow/example_dags/example_bash_operator.py took 0.079 seconds
[2025-09-25T05:44:32.107+0000] {processor.py:186} INFO - Started process (PID=2047) to work on /home/airflow/.local/lib/python3.12/site-packages/airflow/example_dags/example_bash_operator.py
[2025-09-25T05:44:32.108+0000] {processor.py:914} INFO - Processing file /home/airflow/.local/lib/python3.12/site-packages/airflow/example_dags/example_bash_operator.py for tasks to queue
[2025-09-25T05:44:32.111+0000] {logging_mixin.py:190} INFO - [2025-09-25T05:44:32.110+0000] {dagbag.py:588} INFO - Filling up the DagBag from /home/airflow/.local/lib/python3.12/site-packages/airflow/example_dags/example_bash_operator.py
[2025-09-25T05:44:32.122+0000] {processor.py:925} INFO - DAG(s) 'example_bash_operator' retrieved from /home/airflow/.local/lib/python3.12/site-packages/airflow/example_dags/example_bash_operator.py
[2025-09-25T05:44:32.144+0000] {logging_mixin.py:190} INFO - [2025-09-25T05:44:32.144+0000] {dag.py:3239} INFO - Sync 1 DAGs
[2025-09-25T05:44:32.163+0000] {logging_mixin.py:190} INFO - [2025-09-25T05:44:32.163+0000] {dag.py:4180} INFO - Setting next_dagrun for example_bash_operator to 2025-09-24 00:00:00+00:00, run_after=2025-09-25 00:00:00+00:00
[2025-09-25T05:44:32.178+0000] {processor.py:208} INFO - Processing /home/airflow/.local/lib/python3.12/site-packages/airflow/example_dags/example_bash_operator.py took 0.076 seconds
