[2025-09-25T05:12:43.770+0000] {processor.py:186} INFO - Started process (PID=109) to work on /home/airflow/.local/lib/python3.12/site-packages/airflow/example_dags/example_params_ui_tutorial.py
[2025-09-25T05:12:43.771+0000] {processor.py:914} INFO - Processing file /home/airflow/.local/lib/python3.12/site-packages/airflow/example_dags/example_params_ui_tutorial.py for tasks to queue
[2025-09-25T05:12:43.774+0000] {logging_mixin.py:190} INFO - [2025-09-25T05:12:43.773+0000] {dagbag.py:588} INFO - Filling up the DagBag from /home/airflow/.local/lib/python3.12/site-packages/airflow/example_dags/example_params_ui_tutorial.py
[2025-09-25T05:12:43.792+0000] {processor.py:925} INFO - DAG(s) 'example_params_ui_tutorial' retrieved from /home/airflow/.local/lib/python3.12/site-packages/airflow/example_dags/example_params_ui_tutorial.py
[2025-09-25T05:12:44.007+0000] {logging_mixin.py:190} INFO - [2025-09-25T05:12:44.007+0000] {dag.py:3239} INFO - Sync 1 DAGs
[2025-09-25T05:12:44.019+0000] {logging_mixin.py:190} INFO - [2025-09-25T05:12:44.018+0000] {dag.py:4180} INFO - Setting next_dagrun for example_params_ui_tutorial to None, run_after=None
[2025-09-25T05:12:44.039+0000] {processor.py:208} INFO - Processing /home/airflow/.local/lib/python3.12/site-packages/airflow/example_dags/example_params_ui_tutorial.py took 0.281 seconds
[2025-09-25T05:13:14.961+0000] {processor.py:186} INFO - Started process (PID=174) to work on /home/airflow/.local/lib/python3.12/site-packages/airflow/example_dags/example_params_ui_tutorial.py
[2025-09-25T05:13:14.962+0000] {processor.py:914} INFO - Processing file /home/airflow/.local/lib/python3.12/site-packages/airflow/example_dags/example_params_ui_tutorial.py for tasks to queue
[2025-09-25T05:13:14.964+0000] {logging_mixin.py:190} INFO - [2025-09-25T05:13:14.963+0000] {dagbag.py:588} INFO - Filling up the DagBag from /home/airflow/.local/lib/python3.12/site-packages/airflow/example_dags/example_params_ui_tutorial.py
[2025-09-25T05:13:14.971+0000] {processor.py:925} INFO - DAG(s) 'example_params_ui_tutorial' retrieved from /home/airflow/.local/lib/python3.12/site-packages/airflow/example_dags/example_params_ui_tutorial.py
[2025-09-25T05:13:15.007+0000] {logging_mixin.py:190} INFO - [2025-09-25T05:13:15.007+0000] {dag.py:3239} INFO - Sync 1 DAGs
[2025-09-25T05:13:15.019+0000] {logging_mixin.py:190} INFO - [2025-09-25T05:13:15.019+0000] {dag.py:4180} INFO - Setting next_dagrun for example_params_ui_tutorial to None, run_after=None
[2025-09-25T05:13:15.034+0000] {processor.py:208} INFO - Processing /home/airflow/.local/lib/python3.12/site-packages/airflow/example_dags/example_params_ui_tutorial.py took 0.079 seconds
[2025-09-25T05:13:45.542+0000] {processor.py:186} INFO - Started process (PID=239) to work on /home/airflow/.local/lib/python3.12/site-packages/airflow/example_dags/example_params_ui_tutorial.py
[2025-09-25T05:13:45.543+0000] {processor.py:914} INFO - Processing file /home/airflow/.local/lib/python3.12/site-packages/airflow/example_dags/example_params_ui_tutorial.py for tasks to queue
[2025-09-25T05:13:45.545+0000] {logging_mixin.py:190} INFO - [2025-09-25T05:13:45.545+0000] {dagbag.py:588} INFO - Filling up the DagBag from /home/airflow/.local/lib/python3.12/site-packages/airflow/example_dags/example_params_ui_tutorial.py
[2025-09-25T05:13:45.553+0000] {processor.py:925} INFO - DAG(s) 'example_params_ui_tutorial' retrieved from /home/airflow/.local/lib/python3.12/site-packages/airflow/example_dags/example_params_ui_tutorial.py
[2025-09-25T05:13:45.588+0000] {logging_mixin.py:190} INFO - [2025-09-25T05:13:45.588+0000] {dag.py:3239} INFO - Sync 1 DAGs
[2025-09-25T05:13:45.601+0000] {logging_mixin.py:190} INFO - [2025-09-25T05:13:45.601+0000] {dag.py:4180} INFO - Setting next_dagrun for example_params_ui_tutorial to None, run_after=None
[2025-09-25T05:13:45.618+0000] {processor.py:208} INFO - Processing /home/airflow/.local/lib/python3.12/site-packages/airflow/example_dags/example_params_ui_tutorial.py took 0.081 seconds
[2025-09-25T05:14:16.031+0000] {processor.py:186} INFO - Started process (PID=304) to work on /home/airflow/.local/lib/python3.12/site-packages/airflow/example_dags/example_params_ui_tutorial.py
[2025-09-25T05:14:16.032+0000] {processor.py:914} INFO - Processing file /home/airflow/.local/lib/python3.12/site-packages/airflow/example_dags/example_params_ui_tutorial.py for tasks to queue
[2025-09-25T05:14:16.033+0000] {logging_mixin.py:190} INFO - [2025-09-25T05:14:16.033+0000] {dagbag.py:588} INFO - Filling up the DagBag from /home/airflow/.local/lib/python3.12/site-packages/airflow/example_dags/example_params_ui_tutorial.py
[2025-09-25T05:14:16.041+0000] {processor.py:925} INFO - DAG(s) 'example_params_ui_tutorial' retrieved from /home/airflow/.local/lib/python3.12/site-packages/airflow/example_dags/example_params_ui_tutorial.py
[2025-09-25T05:14:16.076+0000] {logging_mixin.py:190} INFO - [2025-09-25T05:14:16.076+0000] {dag.py:3239} INFO - Sync 1 DAGs
[2025-09-25T05:14:16.088+0000] {logging_mixin.py:190} INFO - [2025-09-25T05:14:16.088+0000] {dag.py:4180} INFO - Setting next_dagrun for example_params_ui_tutorial to None, run_after=None
[2025-09-25T05:14:16.105+0000] {processor.py:208} INFO - Processing /home/airflow/.local/lib/python3.12/site-packages/airflow/example_dags/example_params_ui_tutorial.py took 0.080 seconds
[2025-09-25T05:14:46.302+0000] {processor.py:186} INFO - Started process (PID=369) to work on /home/airflow/.local/lib/python3.12/site-packages/airflow/example_dags/example_params_ui_tutorial.py
[2025-09-25T05:14:46.303+0000] {processor.py:914} INFO - Processing file /home/airflow/.local/lib/python3.12/site-packages/airflow/example_dags/example_params_ui_tutorial.py for tasks to queue
[2025-09-25T05:14:46.305+0000] {logging_mixin.py:190} INFO - [2025-09-25T05:14:46.305+0000] {dagbag.py:588} INFO - Filling up the DagBag from /home/airflow/.local/lib/python3.12/site-packages/airflow/example_dags/example_params_ui_tutorial.py
[2025-09-25T05:14:46.314+0000] {processor.py:925} INFO - DAG(s) 'example_params_ui_tutorial' retrieved from /home/airflow/.local/lib/python3.12/site-packages/airflow/example_dags/example_params_ui_tutorial.py
[2025-09-25T05:14:46.351+0000] {logging_mixin.py:190} INFO - [2025-09-25T05:14:46.351+0000] {dag.py:3239} INFO - Sync 1 DAGs
[2025-09-25T05:14:46.363+0000] {logging_mixin.py:190} INFO - [2025-09-25T05:14:46.362+0000] {dag.py:4180} INFO - Setting next_dagrun for example_params_ui_tutorial to None, run_after=None
[2025-09-25T05:14:46.379+0000] {processor.py:208} INFO - Processing /home/airflow/.local/lib/python3.12/site-packages/airflow/example_dags/example_params_ui_tutorial.py took 0.082 seconds
[2025-09-25T05:15:17.247+0000] {processor.py:186} INFO - Started process (PID=434) to work on /home/airflow/.local/lib/python3.12/site-packages/airflow/example_dags/example_params_ui_tutorial.py
[2025-09-25T05:15:17.248+0000] {processor.py:914} INFO - Processing file /home/airflow/.local/lib/python3.12/site-packages/airflow/example_dags/example_params_ui_tutorial.py for tasks to queue
[2025-09-25T05:15:17.250+0000] {logging_mixin.py:190} INFO - [2025-09-25T05:15:17.249+0000] {dagbag.py:588} INFO - Filling up the DagBag from /home/airflow/.local/lib/python3.12/site-packages/airflow/example_dags/example_params_ui_tutorial.py
[2025-09-25T05:15:17.258+0000] {processor.py:925} INFO - DAG(s) 'example_params_ui_tutorial' retrieved from /home/airflow/.local/lib/python3.12/site-packages/airflow/example_dags/example_params_ui_tutorial.py
[2025-09-25T05:15:17.296+0000] {logging_mixin.py:190} INFO - [2025-09-25T05:15:17.295+0000] {dag.py:3239} INFO - Sync 1 DAGs
[2025-09-25T05:15:17.309+0000] {logging_mixin.py:190} INFO - [2025-09-25T05:15:17.309+0000] {dag.py:4180} INFO - Setting next_dagrun for example_params_ui_tutorial to None, run_after=None
[2025-09-25T05:15:17.327+0000] {processor.py:208} INFO - Processing /home/airflow/.local/lib/python3.12/site-packages/airflow/example_dags/example_params_ui_tutorial.py took 0.086 seconds
[2025-09-25T05:15:48.622+0000] {processor.py:186} INFO - Started process (PID=499) to work on /home/airflow/.local/lib/python3.12/site-packages/airflow/example_dags/example_params_ui_tutorial.py
[2025-09-25T05:15:48.623+0000] {processor.py:914} INFO - Processing file /home/airflow/.local/lib/python3.12/site-packages/airflow/example_dags/example_params_ui_tutorial.py for tasks to queue
[2025-09-25T05:15:48.625+0000] {logging_mixin.py:190} INFO - [2025-09-25T05:15:48.625+0000] {dagbag.py:588} INFO - Filling up the DagBag from /home/airflow/.local/lib/python3.12/site-packages/airflow/example_dags/example_params_ui_tutorial.py
[2025-09-25T05:15:48.635+0000] {processor.py:925} INFO - DAG(s) 'example_params_ui_tutorial' retrieved from /home/airflow/.local/lib/python3.12/site-packages/airflow/example_dags/example_params_ui_tutorial.py
[2025-09-25T05:15:48.678+0000] {logging_mixin.py:190} INFO - [2025-09-25T05:15:48.678+0000] {dag.py:3239} INFO - Sync 1 DAGs
[2025-09-25T05:15:48.692+0000] {logging_mixin.py:190} INFO - [2025-09-25T05:15:48.692+0000] {dag.py:4180} INFO - Setting next_dagrun for example_params_ui_tutorial to None, run_after=None
[2025-09-25T05:15:48.709+0000] {processor.py:208} INFO - Processing /home/airflow/.local/lib/python3.12/site-packages/airflow/example_dags/example_params_ui_tutorial.py took 0.093 seconds
[2025-09-25T05:16:19.560+0000] {processor.py:186} INFO - Started process (PID=564) to work on /home/airflow/.local/lib/python3.12/site-packages/airflow/example_dags/example_params_ui_tutorial.py
[2025-09-25T05:16:19.562+0000] {processor.py:914} INFO - Processing file /home/airflow/.local/lib/python3.12/site-packages/airflow/example_dags/example_params_ui_tutorial.py for tasks to queue
[2025-09-25T05:16:19.564+0000] {logging_mixin.py:190} INFO - [2025-09-25T05:16:19.563+0000] {dagbag.py:588} INFO - Filling up the DagBag from /home/airflow/.local/lib/python3.12/site-packages/airflow/example_dags/example_params_ui_tutorial.py
[2025-09-25T05:16:19.573+0000] {processor.py:925} INFO - DAG(s) 'example_params_ui_tutorial' retrieved from /home/airflow/.local/lib/python3.12/site-packages/airflow/example_dags/example_params_ui_tutorial.py
[2025-09-25T05:16:19.610+0000] {logging_mixin.py:190} INFO - [2025-09-25T05:16:19.610+0000] {dag.py:3239} INFO - Sync 1 DAGs
[2025-09-25T05:16:19.624+0000] {logging_mixin.py:190} INFO - [2025-09-25T05:16:19.624+0000] {dag.py:4180} INFO - Setting next_dagrun for example_params_ui_tutorial to None, run_after=None
[2025-09-25T05:16:19.641+0000] {processor.py:208} INFO - Processing /home/airflow/.local/lib/python3.12/site-packages/airflow/example_dags/example_params_ui_tutorial.py took 0.086 seconds
[2025-09-25T05:16:50.276+0000] {processor.py:186} INFO - Started process (PID=629) to work on /home/airflow/.local/lib/python3.12/site-packages/airflow/example_dags/example_params_ui_tutorial.py
[2025-09-25T05:16:50.277+0000] {processor.py:914} INFO - Processing file /home/airflow/.local/lib/python3.12/site-packages/airflow/example_dags/example_params_ui_tutorial.py for tasks to queue
[2025-09-25T05:16:50.279+0000] {logging_mixin.py:190} INFO - [2025-09-25T05:16:50.278+0000] {dagbag.py:588} INFO - Filling up the DagBag from /home/airflow/.local/lib/python3.12/site-packages/airflow/example_dags/example_params_ui_tutorial.py
[2025-09-25T05:16:50.291+0000] {processor.py:925} INFO - DAG(s) 'example_params_ui_tutorial' retrieved from /home/airflow/.local/lib/python3.12/site-packages/airflow/example_dags/example_params_ui_tutorial.py
[2025-09-25T05:16:50.329+0000] {logging_mixin.py:190} INFO - [2025-09-25T05:16:50.329+0000] {dag.py:3239} INFO - Sync 1 DAGs
[2025-09-25T05:16:50.341+0000] {logging_mixin.py:190} INFO - [2025-09-25T05:16:50.341+0000] {dag.py:4180} INFO - Setting next_dagrun for example_params_ui_tutorial to None, run_after=None
[2025-09-25T05:16:50.359+0000] {processor.py:208} INFO - Processing /home/airflow/.local/lib/python3.12/site-packages/airflow/example_dags/example_params_ui_tutorial.py took 0.089 seconds
[2025-09-25T05:17:21.065+0000] {processor.py:186} INFO - Started process (PID=694) to work on /home/airflow/.local/lib/python3.12/site-packages/airflow/example_dags/example_params_ui_tutorial.py
[2025-09-25T05:17:21.067+0000] {processor.py:914} INFO - Processing file /home/airflow/.local/lib/python3.12/site-packages/airflow/example_dags/example_params_ui_tutorial.py for tasks to queue
[2025-09-25T05:17:21.069+0000] {logging_mixin.py:190} INFO - [2025-09-25T05:17:21.068+0000] {dagbag.py:588} INFO - Filling up the DagBag from /home/airflow/.local/lib/python3.12/site-packages/airflow/example_dags/example_params_ui_tutorial.py
[2025-09-25T05:17:21.077+0000] {processor.py:925} INFO - DAG(s) 'example_params_ui_tutorial' retrieved from /home/airflow/.local/lib/python3.12/site-packages/airflow/example_dags/example_params_ui_tutorial.py
[2025-09-25T05:17:21.111+0000] {logging_mixin.py:190} INFO - [2025-09-25T05:17:21.111+0000] {dag.py:3239} INFO - Sync 1 DAGs
[2025-09-25T05:17:21.124+0000] {logging_mixin.py:190} INFO - [2025-09-25T05:17:21.124+0000] {dag.py:4180} INFO - Setting next_dagrun for example_params_ui_tutorial to None, run_after=None
[2025-09-25T05:17:21.141+0000] {processor.py:208} INFO - Processing /home/airflow/.local/lib/python3.12/site-packages/airflow/example_dags/example_params_ui_tutorial.py took 0.080 seconds
[2025-09-25T05:17:52.371+0000] {processor.py:186} INFO - Started process (PID=759) to work on /home/airflow/.local/lib/python3.12/site-packages/airflow/example_dags/example_params_ui_tutorial.py
[2025-09-25T05:17:52.372+0000] {processor.py:914} INFO - Processing file /home/airflow/.local/lib/python3.12/site-packages/airflow/example_dags/example_params_ui_tutorial.py for tasks to queue
[2025-09-25T05:17:52.374+0000] {logging_mixin.py:190} INFO - [2025-09-25T05:17:52.374+0000] {dagbag.py:588} INFO - Filling up the DagBag from /home/airflow/.local/lib/python3.12/site-packages/airflow/example_dags/example_params_ui_tutorial.py
[2025-09-25T05:17:52.383+0000] {processor.py:925} INFO - DAG(s) 'example_params_ui_tutorial' retrieved from /home/airflow/.local/lib/python3.12/site-packages/airflow/example_dags/example_params_ui_tutorial.py
[2025-09-25T05:17:52.419+0000] {logging_mixin.py:190} INFO - [2025-09-25T05:17:52.418+0000] {dag.py:3239} INFO - Sync 1 DAGs
[2025-09-25T05:17:52.431+0000] {logging_mixin.py:190} INFO - [2025-09-25T05:17:52.430+0000] {dag.py:4180} INFO - Setting next_dagrun for example_params_ui_tutorial to None, run_after=None
[2025-09-25T05:17:52.447+0000] {processor.py:208} INFO - Processing /home/airflow/.local/lib/python3.12/site-packages/airflow/example_dags/example_params_ui_tutorial.py took 0.080 seconds
[2025-09-25T05:18:23.981+0000] {processor.py:186} INFO - Started process (PID=824) to work on /home/airflow/.local/lib/python3.12/site-packages/airflow/example_dags/example_params_ui_tutorial.py
[2025-09-25T05:18:23.982+0000] {processor.py:914} INFO - Processing file /home/airflow/.local/lib/python3.12/site-packages/airflow/example_dags/example_params_ui_tutorial.py for tasks to queue
[2025-09-25T05:18:23.985+0000] {logging_mixin.py:190} INFO - [2025-09-25T05:18:23.985+0000] {dagbag.py:588} INFO - Filling up the DagBag from /home/airflow/.local/lib/python3.12/site-packages/airflow/example_dags/example_params_ui_tutorial.py
[2025-09-25T05:18:23.997+0000] {processor.py:925} INFO - DAG(s) 'example_params_ui_tutorial' retrieved from /home/airflow/.local/lib/python3.12/site-packages/airflow/example_dags/example_params_ui_tutorial.py
[2025-09-25T05:18:24.042+0000] {logging_mixin.py:190} INFO - [2025-09-25T05:18:24.041+0000] {dag.py:3239} INFO - Sync 1 DAGs
[2025-09-25T05:18:24.059+0000] {logging_mixin.py:190} INFO - [2025-09-25T05:18:24.059+0000] {dag.py:4180} INFO - Setting next_dagrun for example_params_ui_tutorial to None, run_after=None
[2025-09-25T05:18:24.077+0000] {processor.py:208} INFO - Processing /home/airflow/.local/lib/python3.12/site-packages/airflow/example_dags/example_params_ui_tutorial.py took 0.101 seconds
[2025-09-25T05:18:55.183+0000] {processor.py:186} INFO - Started process (PID=889) to work on /home/airflow/.local/lib/python3.12/site-packages/airflow/example_dags/example_params_ui_tutorial.py
[2025-09-25T05:18:55.184+0000] {processor.py:914} INFO - Processing file /home/airflow/.local/lib/python3.12/site-packages/airflow/example_dags/example_params_ui_tutorial.py for tasks to queue
[2025-09-25T05:18:55.186+0000] {logging_mixin.py:190} INFO - [2025-09-25T05:18:55.186+0000] {dagbag.py:588} INFO - Filling up the DagBag from /home/airflow/.local/lib/python3.12/site-packages/airflow/example_dags/example_params_ui_tutorial.py
[2025-09-25T05:18:55.194+0000] {processor.py:925} INFO - DAG(s) 'example_params_ui_tutorial' retrieved from /home/airflow/.local/lib/python3.12/site-packages/airflow/example_dags/example_params_ui_tutorial.py
[2025-09-25T05:18:55.230+0000] {logging_mixin.py:190} INFO - [2025-09-25T05:18:55.229+0000] {dag.py:3239} INFO - Sync 1 DAGs
[2025-09-25T05:18:55.242+0000] {logging_mixin.py:190} INFO - [2025-09-25T05:18:55.242+0000] {dag.py:4180} INFO - Setting next_dagrun for example_params_ui_tutorial to None, run_after=None
[2025-09-25T05:18:55.258+0000] {processor.py:208} INFO - Processing /home/airflow/.local/lib/python3.12/site-packages/airflow/example_dags/example_params_ui_tutorial.py took 0.081 seconds
[2025-09-25T05:19:26.393+0000] {processor.py:186} INFO - Started process (PID=960) to work on /home/airflow/.local/lib/python3.12/site-packages/airflow/example_dags/example_params_ui_tutorial.py
[2025-09-25T05:19:26.394+0000] {processor.py:914} INFO - Processing file /home/airflow/.local/lib/python3.12/site-packages/airflow/example_dags/example_params_ui_tutorial.py for tasks to queue
[2025-09-25T05:19:26.397+0000] {logging_mixin.py:190} INFO - [2025-09-25T05:19:26.397+0000] {dagbag.py:588} INFO - Filling up the DagBag from /home/airflow/.local/lib/python3.12/site-packages/airflow/example_dags/example_params_ui_tutorial.py
[2025-09-25T05:19:26.410+0000] {processor.py:925} INFO - DAG(s) 'example_params_ui_tutorial' retrieved from /home/airflow/.local/lib/python3.12/site-packages/airflow/example_dags/example_params_ui_tutorial.py
[2025-09-25T05:19:26.449+0000] {logging_mixin.py:190} INFO - [2025-09-25T05:19:26.449+0000] {dag.py:3239} INFO - Sync 1 DAGs
[2025-09-25T05:19:26.463+0000] {logging_mixin.py:190} INFO - [2025-09-25T05:19:26.463+0000] {dag.py:4180} INFO - Setting next_dagrun for example_params_ui_tutorial to None, run_after=None
[2025-09-25T05:19:26.480+0000] {processor.py:208} INFO - Processing /home/airflow/.local/lib/python3.12/site-packages/airflow/example_dags/example_params_ui_tutorial.py took 0.092 seconds
[2025-09-25T05:19:57.364+0000] {processor.py:186} INFO - Started process (PID=1025) to work on /home/airflow/.local/lib/python3.12/site-packages/airflow/example_dags/example_params_ui_tutorial.py
[2025-09-25T05:19:57.365+0000] {processor.py:914} INFO - Processing file /home/airflow/.local/lib/python3.12/site-packages/airflow/example_dags/example_params_ui_tutorial.py for tasks to queue
[2025-09-25T05:19:57.367+0000] {logging_mixin.py:190} INFO - [2025-09-25T05:19:57.367+0000] {dagbag.py:588} INFO - Filling up the DagBag from /home/airflow/.local/lib/python3.12/site-packages/airflow/example_dags/example_params_ui_tutorial.py
[2025-09-25T05:19:57.375+0000] {processor.py:925} INFO - DAG(s) 'example_params_ui_tutorial' retrieved from /home/airflow/.local/lib/python3.12/site-packages/airflow/example_dags/example_params_ui_tutorial.py
[2025-09-25T05:19:57.410+0000] {logging_mixin.py:190} INFO - [2025-09-25T05:19:57.410+0000] {dag.py:3239} INFO - Sync 1 DAGs
[2025-09-25T05:19:57.423+0000] {logging_mixin.py:190} INFO - [2025-09-25T05:19:57.423+0000] {dag.py:4180} INFO - Setting next_dagrun for example_params_ui_tutorial to None, run_after=None
[2025-09-25T05:19:57.440+0000] {processor.py:208} INFO - Processing /home/airflow/.local/lib/python3.12/site-packages/airflow/example_dags/example_params_ui_tutorial.py took 0.081 seconds
[2025-09-25T05:25:45.007+0000] {processor.py:186} INFO - Started process (PID=109) to work on /home/airflow/.local/lib/python3.12/site-packages/airflow/example_dags/example_params_ui_tutorial.py
[2025-09-25T05:25:45.008+0000] {processor.py:914} INFO - Processing file /home/airflow/.local/lib/python3.12/site-packages/airflow/example_dags/example_params_ui_tutorial.py for tasks to queue
[2025-09-25T05:25:45.010+0000] {logging_mixin.py:190} INFO - [2025-09-25T05:25:45.010+0000] {dagbag.py:588} INFO - Filling up the DagBag from /home/airflow/.local/lib/python3.12/site-packages/airflow/example_dags/example_params_ui_tutorial.py
[2025-09-25T05:25:45.020+0000] {processor.py:925} INFO - DAG(s) 'example_params_ui_tutorial' retrieved from /home/airflow/.local/lib/python3.12/site-packages/airflow/example_dags/example_params_ui_tutorial.py
[2025-09-25T05:25:45.135+0000] {logging_mixin.py:190} INFO - [2025-09-25T05:25:45.135+0000] {dag.py:3239} INFO - Sync 1 DAGs
[2025-09-25T05:25:45.145+0000] {logging_mixin.py:190} INFO - [2025-09-25T05:25:45.145+0000] {dag.py:4180} INFO - Setting next_dagrun for example_params_ui_tutorial to None, run_after=None
[2025-09-25T05:25:45.163+0000] {processor.py:208} INFO - Processing /home/airflow/.local/lib/python3.12/site-packages/airflow/example_dags/example_params_ui_tutorial.py took 0.162 seconds
[2025-09-25T05:26:15.992+0000] {processor.py:186} INFO - Started process (PID=174) to work on /home/airflow/.local/lib/python3.12/site-packages/airflow/example_dags/example_params_ui_tutorial.py
[2025-09-25T05:26:15.993+0000] {processor.py:914} INFO - Processing file /home/airflow/.local/lib/python3.12/site-packages/airflow/example_dags/example_params_ui_tutorial.py for tasks to queue
[2025-09-25T05:26:15.995+0000] {logging_mixin.py:190} INFO - [2025-09-25T05:26:15.995+0000] {dagbag.py:588} INFO - Filling up the DagBag from /home/airflow/.local/lib/python3.12/site-packages/airflow/example_dags/example_params_ui_tutorial.py
[2025-09-25T05:26:16.004+0000] {processor.py:925} INFO - DAG(s) 'example_params_ui_tutorial' retrieved from /home/airflow/.local/lib/python3.12/site-packages/airflow/example_dags/example_params_ui_tutorial.py
[2025-09-25T05:26:16.041+0000] {logging_mixin.py:190} INFO - [2025-09-25T05:26:16.041+0000] {dag.py:3239} INFO - Sync 1 DAGs
[2025-09-25T05:26:16.054+0000] {logging_mixin.py:190} INFO - [2025-09-25T05:26:16.054+0000] {dag.py:4180} INFO - Setting next_dagrun for example_params_ui_tutorial to None, run_after=None
[2025-09-25T05:26:16.070+0000] {processor.py:208} INFO - Processing /home/airflow/.local/lib/python3.12/site-packages/airflow/example_dags/example_params_ui_tutorial.py took 0.083 seconds
[2025-09-25T05:26:46.358+0000] {processor.py:186} INFO - Started process (PID=239) to work on /home/airflow/.local/lib/python3.12/site-packages/airflow/example_dags/example_params_ui_tutorial.py
[2025-09-25T05:26:46.359+0000] {processor.py:914} INFO - Processing file /home/airflow/.local/lib/python3.12/site-packages/airflow/example_dags/example_params_ui_tutorial.py for tasks to queue
[2025-09-25T05:26:46.361+0000] {logging_mixin.py:190} INFO - [2025-09-25T05:26:46.361+0000] {dagbag.py:588} INFO - Filling up the DagBag from /home/airflow/.local/lib/python3.12/site-packages/airflow/example_dags/example_params_ui_tutorial.py
[2025-09-25T05:26:46.372+0000] {processor.py:925} INFO - DAG(s) 'example_params_ui_tutorial' retrieved from /home/airflow/.local/lib/python3.12/site-packages/airflow/example_dags/example_params_ui_tutorial.py
[2025-09-25T05:26:46.409+0000] {logging_mixin.py:190} INFO - [2025-09-25T05:26:46.409+0000] {dag.py:3239} INFO - Sync 1 DAGs
[2025-09-25T05:26:46.423+0000] {logging_mixin.py:190} INFO - [2025-09-25T05:26:46.423+0000] {dag.py:4180} INFO - Setting next_dagrun for example_params_ui_tutorial to None, run_after=None
[2025-09-25T05:26:46.440+0000] {processor.py:208} INFO - Processing /home/airflow/.local/lib/python3.12/site-packages/airflow/example_dags/example_params_ui_tutorial.py took 0.089 seconds
[2025-09-25T05:27:17.035+0000] {processor.py:186} INFO - Started process (PID=304) to work on /home/airflow/.local/lib/python3.12/site-packages/airflow/example_dags/example_params_ui_tutorial.py
[2025-09-25T05:27:17.037+0000] {processor.py:914} INFO - Processing file /home/airflow/.local/lib/python3.12/site-packages/airflow/example_dags/example_params_ui_tutorial.py for tasks to queue
[2025-09-25T05:27:17.039+0000] {logging_mixin.py:190} INFO - [2025-09-25T05:27:17.039+0000] {dagbag.py:588} INFO - Filling up the DagBag from /home/airflow/.local/lib/python3.12/site-packages/airflow/example_dags/example_params_ui_tutorial.py
[2025-09-25T05:27:17.047+0000] {processor.py:925} INFO - DAG(s) 'example_params_ui_tutorial' retrieved from /home/airflow/.local/lib/python3.12/site-packages/airflow/example_dags/example_params_ui_tutorial.py
[2025-09-25T05:27:17.083+0000] {logging_mixin.py:190} INFO - [2025-09-25T05:27:17.083+0000] {dag.py:3239} INFO - Sync 1 DAGs
[2025-09-25T05:27:17.095+0000] {logging_mixin.py:190} INFO - [2025-09-25T05:27:17.095+0000] {dag.py:4180} INFO - Setting next_dagrun for example_params_ui_tutorial to None, run_after=None
[2025-09-25T05:27:17.109+0000] {processor.py:208} INFO - Processing /home/airflow/.local/lib/python3.12/site-packages/airflow/example_dags/example_params_ui_tutorial.py took 0.079 seconds
[2025-09-25T05:27:47.953+0000] {processor.py:186} INFO - Started process (PID=369) to work on /home/airflow/.local/lib/python3.12/site-packages/airflow/example_dags/example_params_ui_tutorial.py
[2025-09-25T05:27:47.954+0000] {processor.py:914} INFO - Processing file /home/airflow/.local/lib/python3.12/site-packages/airflow/example_dags/example_params_ui_tutorial.py for tasks to queue
[2025-09-25T05:27:47.956+0000] {logging_mixin.py:190} INFO - [2025-09-25T05:27:47.956+0000] {dagbag.py:588} INFO - Filling up the DagBag from /home/airflow/.local/lib/python3.12/site-packages/airflow/example_dags/example_params_ui_tutorial.py
[2025-09-25T05:27:47.964+0000] {processor.py:925} INFO - DAG(s) 'example_params_ui_tutorial' retrieved from /home/airflow/.local/lib/python3.12/site-packages/airflow/example_dags/example_params_ui_tutorial.py
[2025-09-25T05:27:47.998+0000] {logging_mixin.py:190} INFO - [2025-09-25T05:27:47.998+0000] {dag.py:3239} INFO - Sync 1 DAGs
[2025-09-25T05:27:48.010+0000] {logging_mixin.py:190} INFO - [2025-09-25T05:27:48.010+0000] {dag.py:4180} INFO - Setting next_dagrun for example_params_ui_tutorial to None, run_after=None
[2025-09-25T05:27:48.026+0000] {processor.py:208} INFO - Processing /home/airflow/.local/lib/python3.12/site-packages/airflow/example_dags/example_params_ui_tutorial.py took 0.078 seconds
[2025-09-25T05:28:58.477+0000] {processor.py:186} INFO - Started process (PID=110) to work on /home/airflow/.local/lib/python3.12/site-packages/airflow/example_dags/example_params_ui_tutorial.py
[2025-09-25T05:28:58.478+0000] {processor.py:914} INFO - Processing file /home/airflow/.local/lib/python3.12/site-packages/airflow/example_dags/example_params_ui_tutorial.py for tasks to queue
[2025-09-25T05:28:58.481+0000] {logging_mixin.py:190} INFO - [2025-09-25T05:28:58.480+0000] {dagbag.py:588} INFO - Filling up the DagBag from /home/airflow/.local/lib/python3.12/site-packages/airflow/example_dags/example_params_ui_tutorial.py
[2025-09-25T05:28:58.491+0000] {processor.py:925} INFO - DAG(s) 'example_params_ui_tutorial' retrieved from /home/airflow/.local/lib/python3.12/site-packages/airflow/example_dags/example_params_ui_tutorial.py
[2025-09-25T05:28:58.526+0000] {logging_mixin.py:190} INFO - [2025-09-25T05:28:58.526+0000] {dag.py:3239} INFO - Sync 1 DAGs
[2025-09-25T05:28:58.539+0000] {logging_mixin.py:190} INFO - [2025-09-25T05:28:58.539+0000] {dag.py:4180} INFO - Setting next_dagrun for example_params_ui_tutorial to None, run_after=None
[2025-09-25T05:28:58.555+0000] {processor.py:208} INFO - Processing /home/airflow/.local/lib/python3.12/site-packages/airflow/example_dags/example_params_ui_tutorial.py took 0.084 seconds
[2025-09-25T05:29:28.644+0000] {processor.py:186} INFO - Started process (PID=179) to work on /home/airflow/.local/lib/python3.12/site-packages/airflow/example_dags/example_params_ui_tutorial.py
[2025-09-25T05:29:28.645+0000] {processor.py:914} INFO - Processing file /home/airflow/.local/lib/python3.12/site-packages/airflow/example_dags/example_params_ui_tutorial.py for tasks to queue
[2025-09-25T05:29:28.647+0000] {logging_mixin.py:190} INFO - [2025-09-25T05:29:28.647+0000] {dagbag.py:588} INFO - Filling up the DagBag from /home/airflow/.local/lib/python3.12/site-packages/airflow/example_dags/example_params_ui_tutorial.py
[2025-09-25T05:29:28.654+0000] {processor.py:925} INFO - DAG(s) 'example_params_ui_tutorial' retrieved from /home/airflow/.local/lib/python3.12/site-packages/airflow/example_dags/example_params_ui_tutorial.py
[2025-09-25T05:29:28.685+0000] {logging_mixin.py:190} INFO - [2025-09-25T05:29:28.685+0000] {dag.py:3239} INFO - Sync 1 DAGs
[2025-09-25T05:29:28.696+0000] {logging_mixin.py:190} INFO - [2025-09-25T05:29:28.696+0000] {dag.py:4180} INFO - Setting next_dagrun for example_params_ui_tutorial to None, run_after=None
[2025-09-25T05:29:28.710+0000] {processor.py:208} INFO - Processing /home/airflow/.local/lib/python3.12/site-packages/airflow/example_dags/example_params_ui_tutorial.py took 0.070 seconds
[2025-09-25T05:30:00.012+0000] {processor.py:186} INFO - Started process (PID=244) to work on /home/airflow/.local/lib/python3.12/site-packages/airflow/example_dags/example_params_ui_tutorial.py
[2025-09-25T05:30:00.013+0000] {processor.py:914} INFO - Processing file /home/airflow/.local/lib/python3.12/site-packages/airflow/example_dags/example_params_ui_tutorial.py for tasks to queue
[2025-09-25T05:30:00.015+0000] {logging_mixin.py:190} INFO - [2025-09-25T05:30:00.014+0000] {dagbag.py:588} INFO - Filling up the DagBag from /home/airflow/.local/lib/python3.12/site-packages/airflow/example_dags/example_params_ui_tutorial.py
[2025-09-25T05:30:00.022+0000] {processor.py:925} INFO - DAG(s) 'example_params_ui_tutorial' retrieved from /home/airflow/.local/lib/python3.12/site-packages/airflow/example_dags/example_params_ui_tutorial.py
[2025-09-25T05:30:00.054+0000] {logging_mixin.py:190} INFO - [2025-09-25T05:30:00.053+0000] {dag.py:3239} INFO - Sync 1 DAGs
[2025-09-25T05:30:00.065+0000] {logging_mixin.py:190} INFO - [2025-09-25T05:30:00.065+0000] {dag.py:4180} INFO - Setting next_dagrun for example_params_ui_tutorial to None, run_after=None
[2025-09-25T05:30:00.079+0000] {processor.py:208} INFO - Processing /home/airflow/.local/lib/python3.12/site-packages/airflow/example_dags/example_params_ui_tutorial.py took 0.072 seconds
[2025-09-25T05:30:31.533+0000] {processor.py:186} INFO - Started process (PID=305) to work on /home/airflow/.local/lib/python3.12/site-packages/airflow/example_dags/example_params_ui_tutorial.py
[2025-09-25T05:30:31.534+0000] {processor.py:914} INFO - Processing file /home/airflow/.local/lib/python3.12/site-packages/airflow/example_dags/example_params_ui_tutorial.py for tasks to queue
[2025-09-25T05:30:31.536+0000] {logging_mixin.py:190} INFO - [2025-09-25T05:30:31.536+0000] {dagbag.py:588} INFO - Filling up the DagBag from /home/airflow/.local/lib/python3.12/site-packages/airflow/example_dags/example_params_ui_tutorial.py
[2025-09-25T05:30:31.545+0000] {processor.py:925} INFO - DAG(s) 'example_params_ui_tutorial' retrieved from /home/airflow/.local/lib/python3.12/site-packages/airflow/example_dags/example_params_ui_tutorial.py
[2025-09-25T05:30:31.579+0000] {logging_mixin.py:190} INFO - [2025-09-25T05:30:31.579+0000] {dag.py:3239} INFO - Sync 1 DAGs
[2025-09-25T05:30:31.591+0000] {logging_mixin.py:190} INFO - [2025-09-25T05:30:31.591+0000] {dag.py:4180} INFO - Setting next_dagrun for example_params_ui_tutorial to None, run_after=None
[2025-09-25T05:30:31.607+0000] {processor.py:208} INFO - Processing /home/airflow/.local/lib/python3.12/site-packages/airflow/example_dags/example_params_ui_tutorial.py took 0.079 seconds
[2025-09-25T05:31:02.510+0000] {processor.py:186} INFO - Started process (PID=370) to work on /home/airflow/.local/lib/python3.12/site-packages/airflow/example_dags/example_params_ui_tutorial.py
[2025-09-25T05:31:02.511+0000] {processor.py:914} INFO - Processing file /home/airflow/.local/lib/python3.12/site-packages/airflow/example_dags/example_params_ui_tutorial.py for tasks to queue
[2025-09-25T05:31:02.513+0000] {logging_mixin.py:190} INFO - [2025-09-25T05:31:02.513+0000] {dagbag.py:588} INFO - Filling up the DagBag from /home/airflow/.local/lib/python3.12/site-packages/airflow/example_dags/example_params_ui_tutorial.py
[2025-09-25T05:31:02.521+0000] {processor.py:925} INFO - DAG(s) 'example_params_ui_tutorial' retrieved from /home/airflow/.local/lib/python3.12/site-packages/airflow/example_dags/example_params_ui_tutorial.py
[2025-09-25T05:31:02.557+0000] {logging_mixin.py:190} INFO - [2025-09-25T05:31:02.557+0000] {dag.py:3239} INFO - Sync 1 DAGs
[2025-09-25T05:31:02.569+0000] {logging_mixin.py:190} INFO - [2025-09-25T05:31:02.569+0000] {dag.py:4180} INFO - Setting next_dagrun for example_params_ui_tutorial to None, run_after=None
[2025-09-25T05:31:02.585+0000] {processor.py:208} INFO - Processing /home/airflow/.local/lib/python3.12/site-packages/airflow/example_dags/example_params_ui_tutorial.py took 0.082 seconds
[2025-09-25T05:31:33.537+0000] {processor.py:186} INFO - Started process (PID=435) to work on /home/airflow/.local/lib/python3.12/site-packages/airflow/example_dags/example_params_ui_tutorial.py
[2025-09-25T05:31:33.539+0000] {processor.py:914} INFO - Processing file /home/airflow/.local/lib/python3.12/site-packages/airflow/example_dags/example_params_ui_tutorial.py for tasks to queue
[2025-09-25T05:31:33.541+0000] {logging_mixin.py:190} INFO - [2025-09-25T05:31:33.541+0000] {dagbag.py:588} INFO - Filling up the DagBag from /home/airflow/.local/lib/python3.12/site-packages/airflow/example_dags/example_params_ui_tutorial.py
[2025-09-25T05:31:33.550+0000] {processor.py:925} INFO - DAG(s) 'example_params_ui_tutorial' retrieved from /home/airflow/.local/lib/python3.12/site-packages/airflow/example_dags/example_params_ui_tutorial.py
[2025-09-25T05:31:33.591+0000] {logging_mixin.py:190} INFO - [2025-09-25T05:31:33.590+0000] {dag.py:3239} INFO - Sync 1 DAGs
[2025-09-25T05:31:33.604+0000] {logging_mixin.py:190} INFO - [2025-09-25T05:31:33.604+0000] {dag.py:4180} INFO - Setting next_dagrun for example_params_ui_tutorial to None, run_after=None
[2025-09-25T05:31:33.620+0000] {processor.py:208} INFO - Processing /home/airflow/.local/lib/python3.12/site-packages/airflow/example_dags/example_params_ui_tutorial.py took 0.089 seconds
[2025-09-25T05:32:04.635+0000] {processor.py:186} INFO - Started process (PID=500) to work on /home/airflow/.local/lib/python3.12/site-packages/airflow/example_dags/example_params_ui_tutorial.py
[2025-09-25T05:32:04.636+0000] {processor.py:914} INFO - Processing file /home/airflow/.local/lib/python3.12/site-packages/airflow/example_dags/example_params_ui_tutorial.py for tasks to queue
[2025-09-25T05:32:04.638+0000] {logging_mixin.py:190} INFO - [2025-09-25T05:32:04.638+0000] {dagbag.py:588} INFO - Filling up the DagBag from /home/airflow/.local/lib/python3.12/site-packages/airflow/example_dags/example_params_ui_tutorial.py
[2025-09-25T05:32:04.647+0000] {processor.py:925} INFO - DAG(s) 'example_params_ui_tutorial' retrieved from /home/airflow/.local/lib/python3.12/site-packages/airflow/example_dags/example_params_ui_tutorial.py
[2025-09-25T05:32:04.685+0000] {logging_mixin.py:190} INFO - [2025-09-25T05:32:04.684+0000] {dag.py:3239} INFO - Sync 1 DAGs
[2025-09-25T05:32:04.700+0000] {logging_mixin.py:190} INFO - [2025-09-25T05:32:04.700+0000] {dag.py:4180} INFO - Setting next_dagrun for example_params_ui_tutorial to None, run_after=None
[2025-09-25T05:32:04.719+0000] {processor.py:208} INFO - Processing /home/airflow/.local/lib/python3.12/site-packages/airflow/example_dags/example_params_ui_tutorial.py took 0.089 seconds
[2025-09-25T05:32:36.591+0000] {processor.py:186} INFO - Started process (PID=565) to work on /home/airflow/.local/lib/python3.12/site-packages/airflow/example_dags/example_params_ui_tutorial.py
[2025-09-25T05:32:36.592+0000] {processor.py:914} INFO - Processing file /home/airflow/.local/lib/python3.12/site-packages/airflow/example_dags/example_params_ui_tutorial.py for tasks to queue
[2025-09-25T05:32:36.594+0000] {logging_mixin.py:190} INFO - [2025-09-25T05:32:36.594+0000] {dagbag.py:588} INFO - Filling up the DagBag from /home/airflow/.local/lib/python3.12/site-packages/airflow/example_dags/example_params_ui_tutorial.py
[2025-09-25T05:32:36.604+0000] {processor.py:925} INFO - DAG(s) 'example_params_ui_tutorial' retrieved from /home/airflow/.local/lib/python3.12/site-packages/airflow/example_dags/example_params_ui_tutorial.py
[2025-09-25T05:32:36.641+0000] {logging_mixin.py:190} INFO - [2025-09-25T05:32:36.640+0000] {dag.py:3239} INFO - Sync 1 DAGs
[2025-09-25T05:32:36.653+0000] {logging_mixin.py:190} INFO - [2025-09-25T05:32:36.653+0000] {dag.py:4180} INFO - Setting next_dagrun for example_params_ui_tutorial to None, run_after=None
[2025-09-25T05:32:36.669+0000] {processor.py:208} INFO - Processing /home/airflow/.local/lib/python3.12/site-packages/airflow/example_dags/example_params_ui_tutorial.py took 0.085 seconds
[2025-09-25T05:33:07.036+0000] {processor.py:186} INFO - Started process (PID=630) to work on /home/airflow/.local/lib/python3.12/site-packages/airflow/example_dags/example_params_ui_tutorial.py
[2025-09-25T05:33:07.037+0000] {processor.py:914} INFO - Processing file /home/airflow/.local/lib/python3.12/site-packages/airflow/example_dags/example_params_ui_tutorial.py for tasks to queue
[2025-09-25T05:33:07.040+0000] {logging_mixin.py:190} INFO - [2025-09-25T05:33:07.039+0000] {dagbag.py:588} INFO - Filling up the DagBag from /home/airflow/.local/lib/python3.12/site-packages/airflow/example_dags/example_params_ui_tutorial.py
[2025-09-25T05:33:07.048+0000] {processor.py:925} INFO - DAG(s) 'example_params_ui_tutorial' retrieved from /home/airflow/.local/lib/python3.12/site-packages/airflow/example_dags/example_params_ui_tutorial.py
[2025-09-25T05:33:07.084+0000] {logging_mixin.py:190} INFO - [2025-09-25T05:33:07.083+0000] {dag.py:3239} INFO - Sync 1 DAGs
[2025-09-25T05:33:07.095+0000] {logging_mixin.py:190} INFO - [2025-09-25T05:33:07.095+0000] {dag.py:4180} INFO - Setting next_dagrun for example_params_ui_tutorial to None, run_after=None
[2025-09-25T05:33:07.111+0000] {processor.py:208} INFO - Processing /home/airflow/.local/lib/python3.12/site-packages/airflow/example_dags/example_params_ui_tutorial.py took 0.082 seconds
[2025-09-25T05:33:37.939+0000] {processor.py:186} INFO - Started process (PID=695) to work on /home/airflow/.local/lib/python3.12/site-packages/airflow/example_dags/example_params_ui_tutorial.py
[2025-09-25T05:33:37.940+0000] {processor.py:914} INFO - Processing file /home/airflow/.local/lib/python3.12/site-packages/airflow/example_dags/example_params_ui_tutorial.py for tasks to queue
[2025-09-25T05:33:37.943+0000] {logging_mixin.py:190} INFO - [2025-09-25T05:33:37.942+0000] {dagbag.py:588} INFO - Filling up the DagBag from /home/airflow/.local/lib/python3.12/site-packages/airflow/example_dags/example_params_ui_tutorial.py
[2025-09-25T05:33:37.951+0000] {processor.py:925} INFO - DAG(s) 'example_params_ui_tutorial' retrieved from /home/airflow/.local/lib/python3.12/site-packages/airflow/example_dags/example_params_ui_tutorial.py
[2025-09-25T05:33:37.986+0000] {logging_mixin.py:190} INFO - [2025-09-25T05:33:37.986+0000] {dag.py:3239} INFO - Sync 1 DAGs
[2025-09-25T05:33:37.998+0000] {logging_mixin.py:190} INFO - [2025-09-25T05:33:37.997+0000] {dag.py:4180} INFO - Setting next_dagrun for example_params_ui_tutorial to None, run_after=None
[2025-09-25T05:33:38.011+0000] {processor.py:208} INFO - Processing /home/airflow/.local/lib/python3.12/site-packages/airflow/example_dags/example_params_ui_tutorial.py took 0.077 seconds
[2025-09-25T05:34:09.545+0000] {processor.py:186} INFO - Started process (PID=760) to work on /home/airflow/.local/lib/python3.12/site-packages/airflow/example_dags/example_params_ui_tutorial.py
[2025-09-25T05:34:09.546+0000] {processor.py:914} INFO - Processing file /home/airflow/.local/lib/python3.12/site-packages/airflow/example_dags/example_params_ui_tutorial.py for tasks to queue
[2025-09-25T05:34:09.548+0000] {logging_mixin.py:190} INFO - [2025-09-25T05:34:09.548+0000] {dagbag.py:588} INFO - Filling up the DagBag from /home/airflow/.local/lib/python3.12/site-packages/airflow/example_dags/example_params_ui_tutorial.py
[2025-09-25T05:34:09.557+0000] {processor.py:925} INFO - DAG(s) 'example_params_ui_tutorial' retrieved from /home/airflow/.local/lib/python3.12/site-packages/airflow/example_dags/example_params_ui_tutorial.py
[2025-09-25T05:34:09.596+0000] {logging_mixin.py:190} INFO - [2025-09-25T05:34:09.595+0000] {dag.py:3239} INFO - Sync 1 DAGs
[2025-09-25T05:34:09.608+0000] {logging_mixin.py:190} INFO - [2025-09-25T05:34:09.608+0000] {dag.py:4180} INFO - Setting next_dagrun for example_params_ui_tutorial to None, run_after=None
[2025-09-25T05:34:09.623+0000] {processor.py:208} INFO - Processing /home/airflow/.local/lib/python3.12/site-packages/airflow/example_dags/example_params_ui_tutorial.py took 0.084 seconds
[2025-09-25T05:34:40.898+0000] {processor.py:186} INFO - Started process (PID=825) to work on /home/airflow/.local/lib/python3.12/site-packages/airflow/example_dags/example_params_ui_tutorial.py
[2025-09-25T05:34:40.899+0000] {processor.py:914} INFO - Processing file /home/airflow/.local/lib/python3.12/site-packages/airflow/example_dags/example_params_ui_tutorial.py for tasks to queue
[2025-09-25T05:34:40.902+0000] {logging_mixin.py:190} INFO - [2025-09-25T05:34:40.901+0000] {dagbag.py:588} INFO - Filling up the DagBag from /home/airflow/.local/lib/python3.12/site-packages/airflow/example_dags/example_params_ui_tutorial.py
[2025-09-25T05:34:40.910+0000] {processor.py:925} INFO - DAG(s) 'example_params_ui_tutorial' retrieved from /home/airflow/.local/lib/python3.12/site-packages/airflow/example_dags/example_params_ui_tutorial.py
[2025-09-25T05:34:40.948+0000] {logging_mixin.py:190} INFO - [2025-09-25T05:34:40.947+0000] {dag.py:3239} INFO - Sync 1 DAGs
[2025-09-25T05:34:40.960+0000] {logging_mixin.py:190} INFO - [2025-09-25T05:34:40.960+0000] {dag.py:4180} INFO - Setting next_dagrun for example_params_ui_tutorial to None, run_after=None
[2025-09-25T05:34:40.977+0000] {processor.py:208} INFO - Processing /home/airflow/.local/lib/python3.12/site-packages/airflow/example_dags/example_params_ui_tutorial.py took 0.084 seconds
[2025-09-25T05:35:11.593+0000] {processor.py:186} INFO - Started process (PID=890) to work on /home/airflow/.local/lib/python3.12/site-packages/airflow/example_dags/example_params_ui_tutorial.py
[2025-09-25T05:35:11.594+0000] {processor.py:914} INFO - Processing file /home/airflow/.local/lib/python3.12/site-packages/airflow/example_dags/example_params_ui_tutorial.py for tasks to queue
[2025-09-25T05:35:11.596+0000] {logging_mixin.py:190} INFO - [2025-09-25T05:35:11.596+0000] {dagbag.py:588} INFO - Filling up the DagBag from /home/airflow/.local/lib/python3.12/site-packages/airflow/example_dags/example_params_ui_tutorial.py
[2025-09-25T05:35:11.604+0000] {processor.py:925} INFO - DAG(s) 'example_params_ui_tutorial' retrieved from /home/airflow/.local/lib/python3.12/site-packages/airflow/example_dags/example_params_ui_tutorial.py
[2025-09-25T05:35:11.641+0000] {logging_mixin.py:190} INFO - [2025-09-25T05:35:11.640+0000] {dag.py:3239} INFO - Sync 1 DAGs
[2025-09-25T05:35:11.653+0000] {logging_mixin.py:190} INFO - [2025-09-25T05:35:11.653+0000] {dag.py:4180} INFO - Setting next_dagrun for example_params_ui_tutorial to None, run_after=None
[2025-09-25T05:35:11.670+0000] {processor.py:208} INFO - Processing /home/airflow/.local/lib/python3.12/site-packages/airflow/example_dags/example_params_ui_tutorial.py took 0.083 seconds
[2025-09-25T05:35:43.032+0000] {processor.py:186} INFO - Started process (PID=955) to work on /home/airflow/.local/lib/python3.12/site-packages/airflow/example_dags/example_params_ui_tutorial.py
[2025-09-25T05:35:43.033+0000] {processor.py:914} INFO - Processing file /home/airflow/.local/lib/python3.12/site-packages/airflow/example_dags/example_params_ui_tutorial.py for tasks to queue
[2025-09-25T05:35:43.035+0000] {logging_mixin.py:190} INFO - [2025-09-25T05:35:43.035+0000] {dagbag.py:588} INFO - Filling up the DagBag from /home/airflow/.local/lib/python3.12/site-packages/airflow/example_dags/example_params_ui_tutorial.py
[2025-09-25T05:35:43.043+0000] {processor.py:925} INFO - DAG(s) 'example_params_ui_tutorial' retrieved from /home/airflow/.local/lib/python3.12/site-packages/airflow/example_dags/example_params_ui_tutorial.py
[2025-09-25T05:35:43.080+0000] {logging_mixin.py:190} INFO - [2025-09-25T05:35:43.079+0000] {dag.py:3239} INFO - Sync 1 DAGs
[2025-09-25T05:35:43.091+0000] {logging_mixin.py:190} INFO - [2025-09-25T05:35:43.091+0000] {dag.py:4180} INFO - Setting next_dagrun for example_params_ui_tutorial to None, run_after=None
[2025-09-25T05:35:43.106+0000] {processor.py:208} INFO - Processing /home/airflow/.local/lib/python3.12/site-packages/airflow/example_dags/example_params_ui_tutorial.py took 0.079 seconds
[2025-09-25T05:36:14.362+0000] {processor.py:186} INFO - Started process (PID=1020) to work on /home/airflow/.local/lib/python3.12/site-packages/airflow/example_dags/example_params_ui_tutorial.py
[2025-09-25T05:36:14.364+0000] {processor.py:914} INFO - Processing file /home/airflow/.local/lib/python3.12/site-packages/airflow/example_dags/example_params_ui_tutorial.py for tasks to queue
[2025-09-25T05:36:14.366+0000] {logging_mixin.py:190} INFO - [2025-09-25T05:36:14.365+0000] {dagbag.py:588} INFO - Filling up the DagBag from /home/airflow/.local/lib/python3.12/site-packages/airflow/example_dags/example_params_ui_tutorial.py
[2025-09-25T05:36:14.374+0000] {processor.py:925} INFO - DAG(s) 'example_params_ui_tutorial' retrieved from /home/airflow/.local/lib/python3.12/site-packages/airflow/example_dags/example_params_ui_tutorial.py
[2025-09-25T05:36:14.410+0000] {logging_mixin.py:190} INFO - [2025-09-25T05:36:14.410+0000] {dag.py:3239} INFO - Sync 1 DAGs
[2025-09-25T05:36:14.422+0000] {logging_mixin.py:190} INFO - [2025-09-25T05:36:14.422+0000] {dag.py:4180} INFO - Setting next_dagrun for example_params_ui_tutorial to None, run_after=None
[2025-09-25T05:36:14.441+0000] {processor.py:208} INFO - Processing /home/airflow/.local/lib/python3.12/site-packages/airflow/example_dags/example_params_ui_tutorial.py took 0.084 seconds
[2025-09-25T05:36:45.439+0000] {processor.py:186} INFO - Started process (PID=1085) to work on /home/airflow/.local/lib/python3.12/site-packages/airflow/example_dags/example_params_ui_tutorial.py
[2025-09-25T05:36:45.440+0000] {processor.py:914} INFO - Processing file /home/airflow/.local/lib/python3.12/site-packages/airflow/example_dags/example_params_ui_tutorial.py for tasks to queue
[2025-09-25T05:36:45.442+0000] {logging_mixin.py:190} INFO - [2025-09-25T05:36:45.442+0000] {dagbag.py:588} INFO - Filling up the DagBag from /home/airflow/.local/lib/python3.12/site-packages/airflow/example_dags/example_params_ui_tutorial.py
[2025-09-25T05:36:45.450+0000] {processor.py:925} INFO - DAG(s) 'example_params_ui_tutorial' retrieved from /home/airflow/.local/lib/python3.12/site-packages/airflow/example_dags/example_params_ui_tutorial.py
[2025-09-25T05:36:45.484+0000] {logging_mixin.py:190} INFO - [2025-09-25T05:36:45.484+0000] {dag.py:3239} INFO - Sync 1 DAGs
[2025-09-25T05:36:45.495+0000] {logging_mixin.py:190} INFO - [2025-09-25T05:36:45.495+0000] {dag.py:4180} INFO - Setting next_dagrun for example_params_ui_tutorial to None, run_after=None
[2025-09-25T05:36:45.510+0000] {processor.py:208} INFO - Processing /home/airflow/.local/lib/python3.12/site-packages/airflow/example_dags/example_params_ui_tutorial.py took 0.076 seconds
[2025-09-25T05:37:16.306+0000] {processor.py:186} INFO - Started process (PID=1150) to work on /home/airflow/.local/lib/python3.12/site-packages/airflow/example_dags/example_params_ui_tutorial.py
[2025-09-25T05:37:16.315+0000] {processor.py:914} INFO - Processing file /home/airflow/.local/lib/python3.12/site-packages/airflow/example_dags/example_params_ui_tutorial.py for tasks to queue
[2025-09-25T05:37:16.317+0000] {logging_mixin.py:190} INFO - [2025-09-25T05:37:16.317+0000] {dagbag.py:588} INFO - Filling up the DagBag from /home/airflow/.local/lib/python3.12/site-packages/airflow/example_dags/example_params_ui_tutorial.py
[2025-09-25T05:37:16.325+0000] {processor.py:925} INFO - DAG(s) 'example_params_ui_tutorial' retrieved from /home/airflow/.local/lib/python3.12/site-packages/airflow/example_dags/example_params_ui_tutorial.py
[2025-09-25T05:37:16.363+0000] {logging_mixin.py:190} INFO - [2025-09-25T05:37:16.362+0000] {dag.py:3239} INFO - Sync 1 DAGs
[2025-09-25T05:37:16.376+0000] {logging_mixin.py:190} INFO - [2025-09-25T05:37:16.376+0000] {dag.py:4180} INFO - Setting next_dagrun for example_params_ui_tutorial to None, run_after=None
[2025-09-25T05:37:16.391+0000] {processor.py:208} INFO - Processing /home/airflow/.local/lib/python3.12/site-packages/airflow/example_dags/example_params_ui_tutorial.py took 0.092 seconds
[2025-09-25T05:37:47.596+0000] {processor.py:186} INFO - Started process (PID=1215) to work on /home/airflow/.local/lib/python3.12/site-packages/airflow/example_dags/example_params_ui_tutorial.py
[2025-09-25T05:37:47.597+0000] {processor.py:914} INFO - Processing file /home/airflow/.local/lib/python3.12/site-packages/airflow/example_dags/example_params_ui_tutorial.py for tasks to queue
[2025-09-25T05:37:47.599+0000] {logging_mixin.py:190} INFO - [2025-09-25T05:37:47.599+0000] {dagbag.py:588} INFO - Filling up the DagBag from /home/airflow/.local/lib/python3.12/site-packages/airflow/example_dags/example_params_ui_tutorial.py
[2025-09-25T05:37:47.607+0000] {processor.py:925} INFO - DAG(s) 'example_params_ui_tutorial' retrieved from /home/airflow/.local/lib/python3.12/site-packages/airflow/example_dags/example_params_ui_tutorial.py
[2025-09-25T05:37:47.640+0000] {logging_mixin.py:190} INFO - [2025-09-25T05:37:47.640+0000] {dag.py:3239} INFO - Sync 1 DAGs
[2025-09-25T05:37:47.653+0000] {logging_mixin.py:190} INFO - [2025-09-25T05:37:47.653+0000] {dag.py:4180} INFO - Setting next_dagrun for example_params_ui_tutorial to None, run_after=None
[2025-09-25T05:37:47.668+0000] {processor.py:208} INFO - Processing /home/airflow/.local/lib/python3.12/site-packages/airflow/example_dags/example_params_ui_tutorial.py took 0.078 seconds
[2025-09-25T05:38:19.365+0000] {processor.py:186} INFO - Started process (PID=1286) to work on /home/airflow/.local/lib/python3.12/site-packages/airflow/example_dags/example_params_ui_tutorial.py
[2025-09-25T05:38:19.366+0000] {processor.py:914} INFO - Processing file /home/airflow/.local/lib/python3.12/site-packages/airflow/example_dags/example_params_ui_tutorial.py for tasks to queue
[2025-09-25T05:38:19.368+0000] {logging_mixin.py:190} INFO - [2025-09-25T05:38:19.368+0000] {dagbag.py:588} INFO - Filling up the DagBag from /home/airflow/.local/lib/python3.12/site-packages/airflow/example_dags/example_params_ui_tutorial.py
[2025-09-25T05:38:19.376+0000] {processor.py:925} INFO - DAG(s) 'example_params_ui_tutorial' retrieved from /home/airflow/.local/lib/python3.12/site-packages/airflow/example_dags/example_params_ui_tutorial.py
[2025-09-25T05:38:19.412+0000] {logging_mixin.py:190} INFO - [2025-09-25T05:38:19.412+0000] {dag.py:3239} INFO - Sync 1 DAGs
[2025-09-25T05:38:19.424+0000] {logging_mixin.py:190} INFO - [2025-09-25T05:38:19.424+0000] {dag.py:4180} INFO - Setting next_dagrun for example_params_ui_tutorial to None, run_after=None
[2025-09-25T05:38:19.440+0000] {processor.py:208} INFO - Processing /home/airflow/.local/lib/python3.12/site-packages/airflow/example_dags/example_params_ui_tutorial.py took 0.080 seconds
[2025-09-25T05:38:50.247+0000] {processor.py:186} INFO - Started process (PID=1351) to work on /home/airflow/.local/lib/python3.12/site-packages/airflow/example_dags/example_params_ui_tutorial.py
[2025-09-25T05:38:50.248+0000] {processor.py:914} INFO - Processing file /home/airflow/.local/lib/python3.12/site-packages/airflow/example_dags/example_params_ui_tutorial.py for tasks to queue
[2025-09-25T05:38:50.251+0000] {logging_mixin.py:190} INFO - [2025-09-25T05:38:50.250+0000] {dagbag.py:588} INFO - Filling up the DagBag from /home/airflow/.local/lib/python3.12/site-packages/airflow/example_dags/example_params_ui_tutorial.py
[2025-09-25T05:38:50.264+0000] {processor.py:925} INFO - DAG(s) 'example_params_ui_tutorial' retrieved from /home/airflow/.local/lib/python3.12/site-packages/airflow/example_dags/example_params_ui_tutorial.py
[2025-09-25T05:38:50.299+0000] {logging_mixin.py:190} INFO - [2025-09-25T05:38:50.298+0000] {dag.py:3239} INFO - Sync 1 DAGs
[2025-09-25T05:38:50.315+0000] {logging_mixin.py:190} INFO - [2025-09-25T05:38:50.315+0000] {dag.py:4180} INFO - Setting next_dagrun for example_params_ui_tutorial to None, run_after=None
[2025-09-25T05:38:50.331+0000] {processor.py:208} INFO - Processing /home/airflow/.local/lib/python3.12/site-packages/airflow/example_dags/example_params_ui_tutorial.py took 0.096 seconds
[2025-09-25T05:39:21.928+0000] {processor.py:186} INFO - Started process (PID=1416) to work on /home/airflow/.local/lib/python3.12/site-packages/airflow/example_dags/example_params_ui_tutorial.py
[2025-09-25T05:39:21.929+0000] {processor.py:914} INFO - Processing file /home/airflow/.local/lib/python3.12/site-packages/airflow/example_dags/example_params_ui_tutorial.py for tasks to queue
[2025-09-25T05:39:21.931+0000] {logging_mixin.py:190} INFO - [2025-09-25T05:39:21.931+0000] {dagbag.py:588} INFO - Filling up the DagBag from /home/airflow/.local/lib/python3.12/site-packages/airflow/example_dags/example_params_ui_tutorial.py
[2025-09-25T05:39:21.939+0000] {processor.py:925} INFO - DAG(s) 'example_params_ui_tutorial' retrieved from /home/airflow/.local/lib/python3.12/site-packages/airflow/example_dags/example_params_ui_tutorial.py
[2025-09-25T05:39:21.972+0000] {logging_mixin.py:190} INFO - [2025-09-25T05:39:21.972+0000] {dag.py:3239} INFO - Sync 1 DAGs
[2025-09-25T05:39:21.984+0000] {logging_mixin.py:190} INFO - [2025-09-25T05:39:21.984+0000] {dag.py:4180} INFO - Setting next_dagrun for example_params_ui_tutorial to None, run_after=None
[2025-09-25T05:39:22.000+0000] {processor.py:208} INFO - Processing /home/airflow/.local/lib/python3.12/site-packages/airflow/example_dags/example_params_ui_tutorial.py took 0.076 seconds
[2025-09-25T05:39:53.107+0000] {processor.py:186} INFO - Started process (PID=1481) to work on /home/airflow/.local/lib/python3.12/site-packages/airflow/example_dags/example_params_ui_tutorial.py
[2025-09-25T05:39:53.108+0000] {processor.py:914} INFO - Processing file /home/airflow/.local/lib/python3.12/site-packages/airflow/example_dags/example_params_ui_tutorial.py for tasks to queue
[2025-09-25T05:39:53.110+0000] {logging_mixin.py:190} INFO - [2025-09-25T05:39:53.109+0000] {dagbag.py:588} INFO - Filling up the DagBag from /home/airflow/.local/lib/python3.12/site-packages/airflow/example_dags/example_params_ui_tutorial.py
[2025-09-25T05:39:53.118+0000] {processor.py:925} INFO - DAG(s) 'example_params_ui_tutorial' retrieved from /home/airflow/.local/lib/python3.12/site-packages/airflow/example_dags/example_params_ui_tutorial.py
[2025-09-25T05:39:53.153+0000] {logging_mixin.py:190} INFO - [2025-09-25T05:39:53.153+0000] {dag.py:3239} INFO - Sync 1 DAGs
[2025-09-25T05:39:53.165+0000] {logging_mixin.py:190} INFO - [2025-09-25T05:39:53.165+0000] {dag.py:4180} INFO - Setting next_dagrun for example_params_ui_tutorial to None, run_after=None
[2025-09-25T05:39:53.182+0000] {processor.py:208} INFO - Processing /home/airflow/.local/lib/python3.12/site-packages/airflow/example_dags/example_params_ui_tutorial.py took 0.081 seconds
[2025-09-25T05:40:24.381+0000] {processor.py:186} INFO - Started process (PID=1546) to work on /home/airflow/.local/lib/python3.12/site-packages/airflow/example_dags/example_params_ui_tutorial.py
[2025-09-25T05:40:24.382+0000] {processor.py:914} INFO - Processing file /home/airflow/.local/lib/python3.12/site-packages/airflow/example_dags/example_params_ui_tutorial.py for tasks to queue
[2025-09-25T05:40:24.385+0000] {logging_mixin.py:190} INFO - [2025-09-25T05:40:24.384+0000] {dagbag.py:588} INFO - Filling up the DagBag from /home/airflow/.local/lib/python3.12/site-packages/airflow/example_dags/example_params_ui_tutorial.py
[2025-09-25T05:40:24.395+0000] {processor.py:925} INFO - DAG(s) 'example_params_ui_tutorial' retrieved from /home/airflow/.local/lib/python3.12/site-packages/airflow/example_dags/example_params_ui_tutorial.py
[2025-09-25T05:40:24.433+0000] {logging_mixin.py:190} INFO - [2025-09-25T05:40:24.433+0000] {dag.py:3239} INFO - Sync 1 DAGs
[2025-09-25T05:40:24.445+0000] {logging_mixin.py:190} INFO - [2025-09-25T05:40:24.444+0000] {dag.py:4180} INFO - Setting next_dagrun for example_params_ui_tutorial to None, run_after=None
[2025-09-25T05:40:24.462+0000] {processor.py:208} INFO - Processing /home/airflow/.local/lib/python3.12/site-packages/airflow/example_dags/example_params_ui_tutorial.py took 0.086 seconds
[2025-09-25T05:40:55.646+0000] {processor.py:186} INFO - Started process (PID=1611) to work on /home/airflow/.local/lib/python3.12/site-packages/airflow/example_dags/example_params_ui_tutorial.py
[2025-09-25T05:40:55.647+0000] {processor.py:914} INFO - Processing file /home/airflow/.local/lib/python3.12/site-packages/airflow/example_dags/example_params_ui_tutorial.py for tasks to queue
[2025-09-25T05:40:55.649+0000] {logging_mixin.py:190} INFO - [2025-09-25T05:40:55.649+0000] {dagbag.py:588} INFO - Filling up the DagBag from /home/airflow/.local/lib/python3.12/site-packages/airflow/example_dags/example_params_ui_tutorial.py
[2025-09-25T05:40:55.657+0000] {processor.py:925} INFO - DAG(s) 'example_params_ui_tutorial' retrieved from /home/airflow/.local/lib/python3.12/site-packages/airflow/example_dags/example_params_ui_tutorial.py
[2025-09-25T05:40:55.690+0000] {logging_mixin.py:190} INFO - [2025-09-25T05:40:55.690+0000] {dag.py:3239} INFO - Sync 1 DAGs
[2025-09-25T05:40:55.702+0000] {logging_mixin.py:190} INFO - [2025-09-25T05:40:55.702+0000] {dag.py:4180} INFO - Setting next_dagrun for example_params_ui_tutorial to None, run_after=None
[2025-09-25T05:40:55.717+0000] {processor.py:208} INFO - Processing /home/airflow/.local/lib/python3.12/site-packages/airflow/example_dags/example_params_ui_tutorial.py took 0.076 seconds
[2025-09-25T05:41:27.001+0000] {processor.py:186} INFO - Started process (PID=1676) to work on /home/airflow/.local/lib/python3.12/site-packages/airflow/example_dags/example_params_ui_tutorial.py
[2025-09-25T05:41:27.010+0000] {processor.py:914} INFO - Processing file /home/airflow/.local/lib/python3.12/site-packages/airflow/example_dags/example_params_ui_tutorial.py for tasks to queue
[2025-09-25T05:41:27.016+0000] {logging_mixin.py:190} INFO - [2025-09-25T05:41:27.015+0000] {dagbag.py:588} INFO - Filling up the DagBag from /home/airflow/.local/lib/python3.12/site-packages/airflow/example_dags/example_params_ui_tutorial.py
[2025-09-25T05:41:27.027+0000] {processor.py:925} INFO - DAG(s) 'example_params_ui_tutorial' retrieved from /home/airflow/.local/lib/python3.12/site-packages/airflow/example_dags/example_params_ui_tutorial.py
[2025-09-25T05:41:27.104+0000] {logging_mixin.py:190} INFO - [2025-09-25T05:41:27.104+0000] {dag.py:3239} INFO - Sync 1 DAGs
[2025-09-25T05:41:27.121+0000] {logging_mixin.py:190} INFO - [2025-09-25T05:41:27.121+0000] {dag.py:4180} INFO - Setting next_dagrun for example_params_ui_tutorial to None, run_after=None
[2025-09-25T05:41:27.138+0000] {processor.py:208} INFO - Processing /home/airflow/.local/lib/python3.12/site-packages/airflow/example_dags/example_params_ui_tutorial.py took 0.155 seconds
[2025-09-25T05:41:58.613+0000] {processor.py:186} INFO - Started process (PID=1741) to work on /home/airflow/.local/lib/python3.12/site-packages/airflow/example_dags/example_params_ui_tutorial.py
[2025-09-25T05:41:58.613+0000] {processor.py:914} INFO - Processing file /home/airflow/.local/lib/python3.12/site-packages/airflow/example_dags/example_params_ui_tutorial.py for tasks to queue
[2025-09-25T05:41:58.616+0000] {logging_mixin.py:190} INFO - [2025-09-25T05:41:58.615+0000] {dagbag.py:588} INFO - Filling up the DagBag from /home/airflow/.local/lib/python3.12/site-packages/airflow/example_dags/example_params_ui_tutorial.py
[2025-09-25T05:41:58.624+0000] {processor.py:925} INFO - DAG(s) 'example_params_ui_tutorial' retrieved from /home/airflow/.local/lib/python3.12/site-packages/airflow/example_dags/example_params_ui_tutorial.py
[2025-09-25T05:41:58.658+0000] {logging_mixin.py:190} INFO - [2025-09-25T05:41:58.658+0000] {dag.py:3239} INFO - Sync 1 DAGs
[2025-09-25T05:41:58.670+0000] {logging_mixin.py:190} INFO - [2025-09-25T05:41:58.669+0000] {dag.py:4180} INFO - Setting next_dagrun for example_params_ui_tutorial to None, run_after=None
[2025-09-25T05:41:58.685+0000] {processor.py:208} INFO - Processing /home/airflow/.local/lib/python3.12/site-packages/airflow/example_dags/example_params_ui_tutorial.py took 0.078 seconds
[2025-09-25T05:42:29.322+0000] {processor.py:186} INFO - Started process (PID=1806) to work on /home/airflow/.local/lib/python3.12/site-packages/airflow/example_dags/example_params_ui_tutorial.py
[2025-09-25T05:42:29.323+0000] {processor.py:914} INFO - Processing file /home/airflow/.local/lib/python3.12/site-packages/airflow/example_dags/example_params_ui_tutorial.py for tasks to queue
[2025-09-25T05:42:29.325+0000] {logging_mixin.py:190} INFO - [2025-09-25T05:42:29.324+0000] {dagbag.py:588} INFO - Filling up the DagBag from /home/airflow/.local/lib/python3.12/site-packages/airflow/example_dags/example_params_ui_tutorial.py
[2025-09-25T05:42:29.333+0000] {processor.py:925} INFO - DAG(s) 'example_params_ui_tutorial' retrieved from /home/airflow/.local/lib/python3.12/site-packages/airflow/example_dags/example_params_ui_tutorial.py
[2025-09-25T05:42:29.370+0000] {logging_mixin.py:190} INFO - [2025-09-25T05:42:29.370+0000] {dag.py:3239} INFO - Sync 1 DAGs
[2025-09-25T05:42:29.382+0000] {logging_mixin.py:190} INFO - [2025-09-25T05:42:29.382+0000] {dag.py:4180} INFO - Setting next_dagrun for example_params_ui_tutorial to None, run_after=None
[2025-09-25T05:42:29.398+0000] {processor.py:208} INFO - Processing /home/airflow/.local/lib/python3.12/site-packages/airflow/example_dags/example_params_ui_tutorial.py took 0.082 seconds
[2025-09-25T05:43:00.303+0000] {processor.py:186} INFO - Started process (PID=1871) to work on /home/airflow/.local/lib/python3.12/site-packages/airflow/example_dags/example_params_ui_tutorial.py
[2025-09-25T05:43:00.304+0000] {processor.py:914} INFO - Processing file /home/airflow/.local/lib/python3.12/site-packages/airflow/example_dags/example_params_ui_tutorial.py for tasks to queue
[2025-09-25T05:43:00.306+0000] {logging_mixin.py:190} INFO - [2025-09-25T05:43:00.306+0000] {dagbag.py:588} INFO - Filling up the DagBag from /home/airflow/.local/lib/python3.12/site-packages/airflow/example_dags/example_params_ui_tutorial.py
[2025-09-25T05:43:00.314+0000] {processor.py:925} INFO - DAG(s) 'example_params_ui_tutorial' retrieved from /home/airflow/.local/lib/python3.12/site-packages/airflow/example_dags/example_params_ui_tutorial.py
[2025-09-25T05:43:00.347+0000] {logging_mixin.py:190} INFO - [2025-09-25T05:43:00.347+0000] {dag.py:3239} INFO - Sync 1 DAGs
[2025-09-25T05:43:00.360+0000] {logging_mixin.py:190} INFO - [2025-09-25T05:43:00.360+0000] {dag.py:4180} INFO - Setting next_dagrun for example_params_ui_tutorial to None, run_after=None
[2025-09-25T05:43:00.375+0000] {processor.py:208} INFO - Processing /home/airflow/.local/lib/python3.12/site-packages/airflow/example_dags/example_params_ui_tutorial.py took 0.077 seconds
[2025-09-25T05:43:31.787+0000] {processor.py:186} INFO - Started process (PID=1936) to work on /home/airflow/.local/lib/python3.12/site-packages/airflow/example_dags/example_params_ui_tutorial.py
[2025-09-25T05:43:31.788+0000] {processor.py:914} INFO - Processing file /home/airflow/.local/lib/python3.12/site-packages/airflow/example_dags/example_params_ui_tutorial.py for tasks to queue
[2025-09-25T05:43:31.790+0000] {logging_mixin.py:190} INFO - [2025-09-25T05:43:31.789+0000] {dagbag.py:588} INFO - Filling up the DagBag from /home/airflow/.local/lib/python3.12/site-packages/airflow/example_dags/example_params_ui_tutorial.py
[2025-09-25T05:43:31.798+0000] {processor.py:925} INFO - DAG(s) 'example_params_ui_tutorial' retrieved from /home/airflow/.local/lib/python3.12/site-packages/airflow/example_dags/example_params_ui_tutorial.py
[2025-09-25T05:43:31.831+0000] {logging_mixin.py:190} INFO - [2025-09-25T05:43:31.831+0000] {dag.py:3239} INFO - Sync 1 DAGs
[2025-09-25T05:43:31.843+0000] {logging_mixin.py:190} INFO - [2025-09-25T05:43:31.843+0000] {dag.py:4180} INFO - Setting next_dagrun for example_params_ui_tutorial to None, run_after=None
[2025-09-25T05:43:31.858+0000] {processor.py:208} INFO - Processing /home/airflow/.local/lib/python3.12/site-packages/airflow/example_dags/example_params_ui_tutorial.py took 0.077 seconds
[2025-09-25T05:44:02.483+0000] {processor.py:186} INFO - Started process (PID=2001) to work on /home/airflow/.local/lib/python3.12/site-packages/airflow/example_dags/example_params_ui_tutorial.py
[2025-09-25T05:44:02.484+0000] {processor.py:914} INFO - Processing file /home/airflow/.local/lib/python3.12/site-packages/airflow/example_dags/example_params_ui_tutorial.py for tasks to queue
[2025-09-25T05:44:02.486+0000] {logging_mixin.py:190} INFO - [2025-09-25T05:44:02.486+0000] {dagbag.py:588} INFO - Filling up the DagBag from /home/airflow/.local/lib/python3.12/site-packages/airflow/example_dags/example_params_ui_tutorial.py
[2025-09-25T05:44:02.496+0000] {processor.py:925} INFO - DAG(s) 'example_params_ui_tutorial' retrieved from /home/airflow/.local/lib/python3.12/site-packages/airflow/example_dags/example_params_ui_tutorial.py
[2025-09-25T05:44:02.530+0000] {logging_mixin.py:190} INFO - [2025-09-25T05:44:02.530+0000] {dag.py:3239} INFO - Sync 1 DAGs
[2025-09-25T05:44:02.542+0000] {logging_mixin.py:190} INFO - [2025-09-25T05:44:02.542+0000] {dag.py:4180} INFO - Setting next_dagrun for example_params_ui_tutorial to None, run_after=None
[2025-09-25T05:44:02.557+0000] {processor.py:208} INFO - Processing /home/airflow/.local/lib/python3.12/site-packages/airflow/example_dags/example_params_ui_tutorial.py took 0.079 seconds
[2025-09-25T05:44:33.180+0000] {processor.py:186} INFO - Started process (PID=2066) to work on /home/airflow/.local/lib/python3.12/site-packages/airflow/example_dags/example_params_ui_tutorial.py
[2025-09-25T05:44:33.181+0000] {processor.py:914} INFO - Processing file /home/airflow/.local/lib/python3.12/site-packages/airflow/example_dags/example_params_ui_tutorial.py for tasks to queue
[2025-09-25T05:44:33.183+0000] {logging_mixin.py:190} INFO - [2025-09-25T05:44:33.183+0000] {dagbag.py:588} INFO - Filling up the DagBag from /home/airflow/.local/lib/python3.12/site-packages/airflow/example_dags/example_params_ui_tutorial.py
[2025-09-25T05:44:33.192+0000] {processor.py:925} INFO - DAG(s) 'example_params_ui_tutorial' retrieved from /home/airflow/.local/lib/python3.12/site-packages/airflow/example_dags/example_params_ui_tutorial.py
[2025-09-25T05:44:33.225+0000] {logging_mixin.py:190} INFO - [2025-09-25T05:44:33.224+0000] {dag.py:3239} INFO - Sync 1 DAGs
[2025-09-25T05:44:33.236+0000] {logging_mixin.py:190} INFO - [2025-09-25T05:44:33.236+0000] {dag.py:4180} INFO - Setting next_dagrun for example_params_ui_tutorial to None, run_after=None
[2025-09-25T05:44:33.252+0000] {processor.py:208} INFO - Processing /home/airflow/.local/lib/python3.12/site-packages/airflow/example_dags/example_params_ui_tutorial.py took 0.077 seconds
