[2025-09-25T05:12:42.693+0000] {processor.py:186} INFO - Started process (PID=93) to work on /home/airflow/.local/lib/python3.12/site-packages/airflow/example_dags/example_branch_day_of_week_operator.py
[2025-09-25T05:12:42.694+0000] {processor.py:914} INFO - Processing file /home/airflow/.local/lib/python3.12/site-packages/airflow/example_dags/example_branch_day_of_week_operator.py for tasks to queue
[2025-09-25T05:12:42.697+0000] {logging_mixin.py:190} INFO - [2025-09-25T05:12:42.696+0000] {dagbag.py:588} INFO - Filling up the DagBag from /home/airflow/.local/lib/python3.12/site-packages/airflow/example_dags/example_branch_day_of_week_operator.py
[2025-09-25T05:12:42.706+0000] {processor.py:925} INFO - DAG(s) 'example_weekday_branch_operator' retrieved from /home/airflow/.local/lib/python3.12/site-packages/airflow/example_dags/example_branch_day_of_week_operator.py
[2025-09-25T05:12:42.723+0000] {logging_mixin.py:190} INFO - [2025-09-25T05:12:42.723+0000] {dag.py:3239} INFO - Sync 1 DAGs
[2025-09-25T05:12:42.745+0000] {logging_mixin.py:190} INFO - [2025-09-25T05:12:42.745+0000] {dag.py:4180} INFO - Setting next_dagrun for example_weekday_branch_operator to 2025-09-24 00:00:00+00:00, run_after=2025-09-25 00:00:00+00:00
[2025-09-25T05:12:42.761+0000] {processor.py:208} INFO - Processing /home/airflow/.local/lib/python3.12/site-packages/airflow/example_dags/example_branch_day_of_week_operator.py took 0.073 seconds
[2025-09-25T05:13:13.079+0000] {processor.py:186} INFO - Started process (PID=158) to work on /home/airflow/.local/lib/python3.12/site-packages/airflow/example_dags/example_branch_day_of_week_operator.py
[2025-09-25T05:13:13.080+0000] {processor.py:914} INFO - Processing file /home/airflow/.local/lib/python3.12/site-packages/airflow/example_dags/example_branch_day_of_week_operator.py for tasks to queue
[2025-09-25T05:13:13.083+0000] {logging_mixin.py:190} INFO - [2025-09-25T05:13:13.082+0000] {dagbag.py:588} INFO - Filling up the DagBag from /home/airflow/.local/lib/python3.12/site-packages/airflow/example_dags/example_branch_day_of_week_operator.py
[2025-09-25T05:13:13.091+0000] {processor.py:925} INFO - DAG(s) 'example_weekday_branch_operator' retrieved from /home/airflow/.local/lib/python3.12/site-packages/airflow/example_dags/example_branch_day_of_week_operator.py
[2025-09-25T05:13:13.108+0000] {logging_mixin.py:190} INFO - [2025-09-25T05:13:13.108+0000] {dag.py:3239} INFO - Sync 1 DAGs
[2025-09-25T05:13:13.127+0000] {logging_mixin.py:190} INFO - [2025-09-25T05:13:13.127+0000] {dag.py:4180} INFO - Setting next_dagrun for example_weekday_branch_operator to 2025-09-24 00:00:00+00:00, run_after=2025-09-25 00:00:00+00:00
[2025-09-25T05:13:13.142+0000] {processor.py:208} INFO - Processing /home/airflow/.local/lib/python3.12/site-packages/airflow/example_dags/example_branch_day_of_week_operator.py took 0.067 seconds
[2025-09-25T05:13:43.655+0000] {processor.py:186} INFO - Started process (PID=222) to work on /home/airflow/.local/lib/python3.12/site-packages/airflow/example_dags/example_branch_day_of_week_operator.py
[2025-09-25T05:13:43.656+0000] {processor.py:914} INFO - Processing file /home/airflow/.local/lib/python3.12/site-packages/airflow/example_dags/example_branch_day_of_week_operator.py for tasks to queue
[2025-09-25T05:13:43.658+0000] {logging_mixin.py:190} INFO - [2025-09-25T05:13:43.658+0000] {dagbag.py:588} INFO - Filling up the DagBag from /home/airflow/.local/lib/python3.12/site-packages/airflow/example_dags/example_branch_day_of_week_operator.py
[2025-09-25T05:13:43.666+0000] {processor.py:925} INFO - DAG(s) 'example_weekday_branch_operator' retrieved from /home/airflow/.local/lib/python3.12/site-packages/airflow/example_dags/example_branch_day_of_week_operator.py
[2025-09-25T05:13:43.687+0000] {logging_mixin.py:190} INFO - [2025-09-25T05:13:43.686+0000] {dag.py:3239} INFO - Sync 1 DAGs
[2025-09-25T05:13:43.707+0000] {logging_mixin.py:190} INFO - [2025-09-25T05:13:43.707+0000] {dag.py:4180} INFO - Setting next_dagrun for example_weekday_branch_operator to 2025-09-24 00:00:00+00:00, run_after=2025-09-25 00:00:00+00:00
[2025-09-25T05:13:43.722+0000] {processor.py:208} INFO - Processing /home/airflow/.local/lib/python3.12/site-packages/airflow/example_dags/example_branch_day_of_week_operator.py took 0.072 seconds
[2025-09-25T05:14:13.892+0000] {processor.py:186} INFO - Started process (PID=287) to work on /home/airflow/.local/lib/python3.12/site-packages/airflow/example_dags/example_branch_day_of_week_operator.py
[2025-09-25T05:14:13.893+0000] {processor.py:914} INFO - Processing file /home/airflow/.local/lib/python3.12/site-packages/airflow/example_dags/example_branch_day_of_week_operator.py for tasks to queue
[2025-09-25T05:14:13.897+0000] {logging_mixin.py:190} INFO - [2025-09-25T05:14:13.896+0000] {dagbag.py:588} INFO - Filling up the DagBag from /home/airflow/.local/lib/python3.12/site-packages/airflow/example_dags/example_branch_day_of_week_operator.py
[2025-09-25T05:14:13.910+0000] {processor.py:925} INFO - DAG(s) 'example_weekday_branch_operator' retrieved from /home/airflow/.local/lib/python3.12/site-packages/airflow/example_dags/example_branch_day_of_week_operator.py
[2025-09-25T05:14:13.933+0000] {logging_mixin.py:190} INFO - [2025-09-25T05:14:13.933+0000] {dag.py:3239} INFO - Sync 1 DAGs
[2025-09-25T05:14:13.960+0000] {logging_mixin.py:190} INFO - [2025-09-25T05:14:13.960+0000] {dag.py:4180} INFO - Setting next_dagrun for example_weekday_branch_operator to 2025-09-24 00:00:00+00:00, run_after=2025-09-25 00:00:00+00:00
[2025-09-25T05:14:13.977+0000] {processor.py:208} INFO - Processing /home/airflow/.local/lib/python3.12/site-packages/airflow/example_dags/example_branch_day_of_week_operator.py took 0.094 seconds
[2025-09-25T05:14:44.992+0000] {processor.py:186} INFO - Started process (PID=352) to work on /home/airflow/.local/lib/python3.12/site-packages/airflow/example_dags/example_branch_day_of_week_operator.py
[2025-09-25T05:14:44.994+0000] {processor.py:914} INFO - Processing file /home/airflow/.local/lib/python3.12/site-packages/airflow/example_dags/example_branch_day_of_week_operator.py for tasks to queue
[2025-09-25T05:14:44.996+0000] {logging_mixin.py:190} INFO - [2025-09-25T05:14:44.995+0000] {dagbag.py:588} INFO - Filling up the DagBag from /home/airflow/.local/lib/python3.12/site-packages/airflow/example_dags/example_branch_day_of_week_operator.py
[2025-09-25T05:14:45.005+0000] {processor.py:925} INFO - DAG(s) 'example_weekday_branch_operator' retrieved from /home/airflow/.local/lib/python3.12/site-packages/airflow/example_dags/example_branch_day_of_week_operator.py
[2025-09-25T05:14:45.024+0000] {logging_mixin.py:190} INFO - [2025-09-25T05:14:45.023+0000] {dag.py:3239} INFO - Sync 1 DAGs
[2025-09-25T05:14:45.046+0000] {logging_mixin.py:190} INFO - [2025-09-25T05:14:45.046+0000] {dag.py:4180} INFO - Setting next_dagrun for example_weekday_branch_operator to 2025-09-24 00:00:00+00:00, run_after=2025-09-25 00:00:00+00:00
[2025-09-25T05:14:45.068+0000] {processor.py:208} INFO - Processing /home/airflow/.local/lib/python3.12/site-packages/airflow/example_dags/example_branch_day_of_week_operator.py took 0.083 seconds
[2025-09-25T05:15:16.147+0000] {processor.py:186} INFO - Started process (PID=417) to work on /home/airflow/.local/lib/python3.12/site-packages/airflow/example_dags/example_branch_day_of_week_operator.py
[2025-09-25T05:15:16.148+0000] {processor.py:914} INFO - Processing file /home/airflow/.local/lib/python3.12/site-packages/airflow/example_dags/example_branch_day_of_week_operator.py for tasks to queue
[2025-09-25T05:15:16.151+0000] {logging_mixin.py:190} INFO - [2025-09-25T05:15:16.150+0000] {dagbag.py:588} INFO - Filling up the DagBag from /home/airflow/.local/lib/python3.12/site-packages/airflow/example_dags/example_branch_day_of_week_operator.py
[2025-09-25T05:15:16.160+0000] {processor.py:925} INFO - DAG(s) 'example_weekday_branch_operator' retrieved from /home/airflow/.local/lib/python3.12/site-packages/airflow/example_dags/example_branch_day_of_week_operator.py
[2025-09-25T05:15:16.180+0000] {logging_mixin.py:190} INFO - [2025-09-25T05:15:16.179+0000] {dag.py:3239} INFO - Sync 1 DAGs
[2025-09-25T05:15:16.206+0000] {logging_mixin.py:190} INFO - [2025-09-25T05:15:16.206+0000] {dag.py:4180} INFO - Setting next_dagrun for example_weekday_branch_operator to 2025-09-24 00:00:00+00:00, run_after=2025-09-25 00:00:00+00:00
[2025-09-25T05:15:16.228+0000] {processor.py:208} INFO - Processing /home/airflow/.local/lib/python3.12/site-packages/airflow/example_dags/example_branch_day_of_week_operator.py took 0.087 seconds
[2025-09-25T05:15:47.153+0000] {processor.py:186} INFO - Started process (PID=482) to work on /home/airflow/.local/lib/python3.12/site-packages/airflow/example_dags/example_branch_day_of_week_operator.py
[2025-09-25T05:15:47.154+0000] {processor.py:914} INFO - Processing file /home/airflow/.local/lib/python3.12/site-packages/airflow/example_dags/example_branch_day_of_week_operator.py for tasks to queue
[2025-09-25T05:15:47.156+0000] {logging_mixin.py:190} INFO - [2025-09-25T05:15:47.156+0000] {dagbag.py:588} INFO - Filling up the DagBag from /home/airflow/.local/lib/python3.12/site-packages/airflow/example_dags/example_branch_day_of_week_operator.py
[2025-09-25T05:15:47.167+0000] {processor.py:925} INFO - DAG(s) 'example_weekday_branch_operator' retrieved from /home/airflow/.local/lib/python3.12/site-packages/airflow/example_dags/example_branch_day_of_week_operator.py
[2025-09-25T05:15:47.188+0000] {logging_mixin.py:190} INFO - [2025-09-25T05:15:47.188+0000] {dag.py:3239} INFO - Sync 1 DAGs
[2025-09-25T05:15:47.212+0000] {logging_mixin.py:190} INFO - [2025-09-25T05:15:47.212+0000] {dag.py:4180} INFO - Setting next_dagrun for example_weekday_branch_operator to 2025-09-24 00:00:00+00:00, run_after=2025-09-25 00:00:00+00:00
[2025-09-25T05:15:47.230+0000] {processor.py:208} INFO - Processing /home/airflow/.local/lib/python3.12/site-packages/airflow/example_dags/example_branch_day_of_week_operator.py took 0.083 seconds
[2025-09-25T05:16:18.160+0000] {processor.py:186} INFO - Started process (PID=547) to work on /home/airflow/.local/lib/python3.12/site-packages/airflow/example_dags/example_branch_day_of_week_operator.py
[2025-09-25T05:16:18.161+0000] {processor.py:914} INFO - Processing file /home/airflow/.local/lib/python3.12/site-packages/airflow/example_dags/example_branch_day_of_week_operator.py for tasks to queue
[2025-09-25T05:16:18.164+0000] {logging_mixin.py:190} INFO - [2025-09-25T05:16:18.164+0000] {dagbag.py:588} INFO - Filling up the DagBag from /home/airflow/.local/lib/python3.12/site-packages/airflow/example_dags/example_branch_day_of_week_operator.py
[2025-09-25T05:16:18.173+0000] {processor.py:925} INFO - DAG(s) 'example_weekday_branch_operator' retrieved from /home/airflow/.local/lib/python3.12/site-packages/airflow/example_dags/example_branch_day_of_week_operator.py
[2025-09-25T05:16:18.190+0000] {logging_mixin.py:190} INFO - [2025-09-25T05:16:18.190+0000] {dag.py:3239} INFO - Sync 1 DAGs
[2025-09-25T05:16:18.211+0000] {logging_mixin.py:190} INFO - [2025-09-25T05:16:18.211+0000] {dag.py:4180} INFO - Setting next_dagrun for example_weekday_branch_operator to 2025-09-24 00:00:00+00:00, run_after=2025-09-25 00:00:00+00:00
[2025-09-25T05:16:18.228+0000] {processor.py:208} INFO - Processing /home/airflow/.local/lib/python3.12/site-packages/airflow/example_dags/example_branch_day_of_week_operator.py took 0.074 seconds
[2025-09-25T05:16:49.285+0000] {processor.py:186} INFO - Started process (PID=612) to work on /home/airflow/.local/lib/python3.12/site-packages/airflow/example_dags/example_branch_day_of_week_operator.py
[2025-09-25T05:16:49.286+0000] {processor.py:914} INFO - Processing file /home/airflow/.local/lib/python3.12/site-packages/airflow/example_dags/example_branch_day_of_week_operator.py for tasks to queue
[2025-09-25T05:16:49.290+0000] {logging_mixin.py:190} INFO - [2025-09-25T05:16:49.289+0000] {dagbag.py:588} INFO - Filling up the DagBag from /home/airflow/.local/lib/python3.12/site-packages/airflow/example_dags/example_branch_day_of_week_operator.py
[2025-09-25T05:16:49.300+0000] {processor.py:925} INFO - DAG(s) 'example_weekday_branch_operator' retrieved from /home/airflow/.local/lib/python3.12/site-packages/airflow/example_dags/example_branch_day_of_week_operator.py
[2025-09-25T05:16:49.319+0000] {logging_mixin.py:190} INFO - [2025-09-25T05:16:49.319+0000] {dag.py:3239} INFO - Sync 1 DAGs
[2025-09-25T05:16:49.340+0000] {logging_mixin.py:190} INFO - [2025-09-25T05:16:49.340+0000] {dag.py:4180} INFO - Setting next_dagrun for example_weekday_branch_operator to 2025-09-24 00:00:00+00:00, run_after=2025-09-25 00:00:00+00:00
[2025-09-25T05:16:49.357+0000] {processor.py:208} INFO - Processing /home/airflow/.local/lib/python3.12/site-packages/airflow/example_dags/example_branch_day_of_week_operator.py took 0.079 seconds
[2025-09-25T05:17:20.003+0000] {processor.py:186} INFO - Started process (PID=677) to work on /home/airflow/.local/lib/python3.12/site-packages/airflow/example_dags/example_branch_day_of_week_operator.py
[2025-09-25T05:17:20.005+0000] {processor.py:914} INFO - Processing file /home/airflow/.local/lib/python3.12/site-packages/airflow/example_dags/example_branch_day_of_week_operator.py for tasks to queue
[2025-09-25T05:17:20.008+0000] {logging_mixin.py:190} INFO - [2025-09-25T05:17:20.008+0000] {dagbag.py:588} INFO - Filling up the DagBag from /home/airflow/.local/lib/python3.12/site-packages/airflow/example_dags/example_branch_day_of_week_operator.py
[2025-09-25T05:17:20.017+0000] {processor.py:925} INFO - DAG(s) 'example_weekday_branch_operator' retrieved from /home/airflow/.local/lib/python3.12/site-packages/airflow/example_dags/example_branch_day_of_week_operator.py
[2025-09-25T05:17:20.035+0000] {logging_mixin.py:190} INFO - [2025-09-25T05:17:20.035+0000] {dag.py:3239} INFO - Sync 1 DAGs
[2025-09-25T05:17:20.056+0000] {logging_mixin.py:190} INFO - [2025-09-25T05:17:20.055+0000] {dag.py:4180} INFO - Setting next_dagrun for example_weekday_branch_operator to 2025-09-24 00:00:00+00:00, run_after=2025-09-25 00:00:00+00:00
[2025-09-25T05:17:20.071+0000] {processor.py:208} INFO - Processing /home/airflow/.local/lib/python3.12/site-packages/airflow/example_dags/example_branch_day_of_week_operator.py took 0.073 seconds
[2025-09-25T05:17:51.267+0000] {processor.py:186} INFO - Started process (PID=742) to work on /home/airflow/.local/lib/python3.12/site-packages/airflow/example_dags/example_branch_day_of_week_operator.py
[2025-09-25T05:17:51.268+0000] {processor.py:914} INFO - Processing file /home/airflow/.local/lib/python3.12/site-packages/airflow/example_dags/example_branch_day_of_week_operator.py for tasks to queue
[2025-09-25T05:17:51.270+0000] {logging_mixin.py:190} INFO - [2025-09-25T05:17:51.270+0000] {dagbag.py:588} INFO - Filling up the DagBag from /home/airflow/.local/lib/python3.12/site-packages/airflow/example_dags/example_branch_day_of_week_operator.py
[2025-09-25T05:17:51.279+0000] {processor.py:925} INFO - DAG(s) 'example_weekday_branch_operator' retrieved from /home/airflow/.local/lib/python3.12/site-packages/airflow/example_dags/example_branch_day_of_week_operator.py
[2025-09-25T05:17:51.298+0000] {logging_mixin.py:190} INFO - [2025-09-25T05:17:51.297+0000] {dag.py:3239} INFO - Sync 1 DAGs
[2025-09-25T05:17:51.322+0000] {logging_mixin.py:190} INFO - [2025-09-25T05:17:51.321+0000] {dag.py:4180} INFO - Setting next_dagrun for example_weekday_branch_operator to 2025-09-24 00:00:00+00:00, run_after=2025-09-25 00:00:00+00:00
[2025-09-25T05:17:51.337+0000] {processor.py:208} INFO - Processing /home/airflow/.local/lib/python3.12/site-packages/airflow/example_dags/example_branch_day_of_week_operator.py took 0.076 seconds
[2025-09-25T05:18:23.097+0000] {processor.py:186} INFO - Started process (PID=808) to work on /home/airflow/.local/lib/python3.12/site-packages/airflow/example_dags/example_branch_day_of_week_operator.py
[2025-09-25T05:18:23.098+0000] {processor.py:914} INFO - Processing file /home/airflow/.local/lib/python3.12/site-packages/airflow/example_dags/example_branch_day_of_week_operator.py for tasks to queue
[2025-09-25T05:18:23.100+0000] {logging_mixin.py:190} INFO - [2025-09-25T05:18:23.099+0000] {dagbag.py:588} INFO - Filling up the DagBag from /home/airflow/.local/lib/python3.12/site-packages/airflow/example_dags/example_branch_day_of_week_operator.py
[2025-09-25T05:18:23.116+0000] {processor.py:925} INFO - DAG(s) 'example_weekday_branch_operator' retrieved from /home/airflow/.local/lib/python3.12/site-packages/airflow/example_dags/example_branch_day_of_week_operator.py
[2025-09-25T05:18:23.157+0000] {logging_mixin.py:190} INFO - [2025-09-25T05:18:23.157+0000] {dag.py:3239} INFO - Sync 1 DAGs
[2025-09-25T05:18:23.185+0000] {logging_mixin.py:190} INFO - [2025-09-25T05:18:23.185+0000] {dag.py:4180} INFO - Setting next_dagrun for example_weekday_branch_operator to 2025-09-24 00:00:00+00:00, run_after=2025-09-25 00:00:00+00:00
[2025-09-25T05:18:23.203+0000] {processor.py:208} INFO - Processing /home/airflow/.local/lib/python3.12/site-packages/airflow/example_dags/example_branch_day_of_week_operator.py took 0.111 seconds
[2025-09-25T05:18:54.305+0000] {processor.py:186} INFO - Started process (PID=873) to work on /home/airflow/.local/lib/python3.12/site-packages/airflow/example_dags/example_branch_day_of_week_operator.py
[2025-09-25T05:18:54.306+0000] {processor.py:914} INFO - Processing file /home/airflow/.local/lib/python3.12/site-packages/airflow/example_dags/example_branch_day_of_week_operator.py for tasks to queue
[2025-09-25T05:18:54.308+0000] {logging_mixin.py:190} INFO - [2025-09-25T05:18:54.308+0000] {dagbag.py:588} INFO - Filling up the DagBag from /home/airflow/.local/lib/python3.12/site-packages/airflow/example_dags/example_branch_day_of_week_operator.py
[2025-09-25T05:18:54.316+0000] {processor.py:925} INFO - DAG(s) 'example_weekday_branch_operator' retrieved from /home/airflow/.local/lib/python3.12/site-packages/airflow/example_dags/example_branch_day_of_week_operator.py
[2025-09-25T05:18:54.336+0000] {logging_mixin.py:190} INFO - [2025-09-25T05:18:54.336+0000] {dag.py:3239} INFO - Sync 1 DAGs
[2025-09-25T05:18:54.357+0000] {logging_mixin.py:190} INFO - [2025-09-25T05:18:54.357+0000] {dag.py:4180} INFO - Setting next_dagrun for example_weekday_branch_operator to 2025-09-24 00:00:00+00:00, run_after=2025-09-25 00:00:00+00:00
[2025-09-25T05:18:54.372+0000] {processor.py:208} INFO - Processing /home/airflow/.local/lib/python3.12/site-packages/airflow/example_dags/example_branch_day_of_week_operator.py took 0.073 seconds
[2025-09-25T05:19:25.552+0000] {processor.py:186} INFO - Started process (PID=944) to work on /home/airflow/.local/lib/python3.12/site-packages/airflow/example_dags/example_branch_day_of_week_operator.py
[2025-09-25T05:19:25.553+0000] {processor.py:914} INFO - Processing file /home/airflow/.local/lib/python3.12/site-packages/airflow/example_dags/example_branch_day_of_week_operator.py for tasks to queue
[2025-09-25T05:19:25.555+0000] {logging_mixin.py:190} INFO - [2025-09-25T05:19:25.555+0000] {dagbag.py:588} INFO - Filling up the DagBag from /home/airflow/.local/lib/python3.12/site-packages/airflow/example_dags/example_branch_day_of_week_operator.py
[2025-09-25T05:19:25.564+0000] {processor.py:925} INFO - DAG(s) 'example_weekday_branch_operator' retrieved from /home/airflow/.local/lib/python3.12/site-packages/airflow/example_dags/example_branch_day_of_week_operator.py
[2025-09-25T05:19:25.581+0000] {logging_mixin.py:190} INFO - [2025-09-25T05:19:25.581+0000] {dag.py:3239} INFO - Sync 1 DAGs
[2025-09-25T05:19:25.601+0000] {logging_mixin.py:190} INFO - [2025-09-25T05:19:25.601+0000] {dag.py:4180} INFO - Setting next_dagrun for example_weekday_branch_operator to 2025-09-24 00:00:00+00:00, run_after=2025-09-25 00:00:00+00:00
[2025-09-25T05:19:25.618+0000] {processor.py:208} INFO - Processing /home/airflow/.local/lib/python3.12/site-packages/airflow/example_dags/example_branch_day_of_week_operator.py took 0.074 seconds
[2025-09-25T05:19:56.770+0000] {processor.py:186} INFO - Started process (PID=1009) to work on /home/airflow/.local/lib/python3.12/site-packages/airflow/example_dags/example_branch_day_of_week_operator.py
[2025-09-25T05:19:56.771+0000] {processor.py:914} INFO - Processing file /home/airflow/.local/lib/python3.12/site-packages/airflow/example_dags/example_branch_day_of_week_operator.py for tasks to queue
[2025-09-25T05:19:56.773+0000] {logging_mixin.py:190} INFO - [2025-09-25T05:19:56.773+0000] {dagbag.py:588} INFO - Filling up the DagBag from /home/airflow/.local/lib/python3.12/site-packages/airflow/example_dags/example_branch_day_of_week_operator.py
[2025-09-25T05:19:56.783+0000] {processor.py:925} INFO - DAG(s) 'example_weekday_branch_operator' retrieved from /home/airflow/.local/lib/python3.12/site-packages/airflow/example_dags/example_branch_day_of_week_operator.py
[2025-09-25T05:19:56.806+0000] {logging_mixin.py:190} INFO - [2025-09-25T05:19:56.805+0000] {dag.py:3239} INFO - Sync 1 DAGs
[2025-09-25T05:19:56.836+0000] {logging_mixin.py:190} INFO - [2025-09-25T05:19:56.835+0000] {dag.py:4180} INFO - Setting next_dagrun for example_weekday_branch_operator to 2025-09-24 00:00:00+00:00, run_after=2025-09-25 00:00:00+00:00
[2025-09-25T05:19:56.856+0000] {processor.py:208} INFO - Processing /home/airflow/.local/lib/python3.12/site-packages/airflow/example_dags/example_branch_day_of_week_operator.py took 0.093 seconds
[2025-09-25T05:25:43.435+0000] {processor.py:186} INFO - Started process (PID=93) to work on /home/airflow/.local/lib/python3.12/site-packages/airflow/example_dags/example_branch_day_of_week_operator.py
[2025-09-25T05:25:43.436+0000] {processor.py:914} INFO - Processing file /home/airflow/.local/lib/python3.12/site-packages/airflow/example_dags/example_branch_day_of_week_operator.py for tasks to queue
[2025-09-25T05:25:43.439+0000] {logging_mixin.py:190} INFO - [2025-09-25T05:25:43.439+0000] {dagbag.py:588} INFO - Filling up the DagBag from /home/airflow/.local/lib/python3.12/site-packages/airflow/example_dags/example_branch_day_of_week_operator.py
[2025-09-25T05:25:43.449+0000] {processor.py:925} INFO - DAG(s) 'example_weekday_branch_operator' retrieved from /home/airflow/.local/lib/python3.12/site-packages/airflow/example_dags/example_branch_day_of_week_operator.py
[2025-09-25T05:25:43.565+0000] {logging_mixin.py:190} INFO - [2025-09-25T05:25:43.565+0000] {dag.py:3239} INFO - Sync 1 DAGs
[2025-09-25T05:25:43.590+0000] {logging_mixin.py:190} INFO - [2025-09-25T05:25:43.589+0000] {dag.py:4180} INFO - Setting next_dagrun for example_weekday_branch_operator to 2025-09-24 00:00:00+00:00, run_after=2025-09-25 00:00:00+00:00
[2025-09-25T05:25:43.611+0000] {processor.py:208} INFO - Processing /home/airflow/.local/lib/python3.12/site-packages/airflow/example_dags/example_branch_day_of_week_operator.py took 0.182 seconds
[2025-09-25T05:26:14.179+0000] {processor.py:186} INFO - Started process (PID=158) to work on /home/airflow/.local/lib/python3.12/site-packages/airflow/example_dags/example_branch_day_of_week_operator.py
[2025-09-25T05:26:14.180+0000] {processor.py:914} INFO - Processing file /home/airflow/.local/lib/python3.12/site-packages/airflow/example_dags/example_branch_day_of_week_operator.py for tasks to queue
[2025-09-25T05:26:14.183+0000] {logging_mixin.py:190} INFO - [2025-09-25T05:26:14.182+0000] {dagbag.py:588} INFO - Filling up the DagBag from /home/airflow/.local/lib/python3.12/site-packages/airflow/example_dags/example_branch_day_of_week_operator.py
[2025-09-25T05:26:14.193+0000] {processor.py:925} INFO - DAG(s) 'example_weekday_branch_operator' retrieved from /home/airflow/.local/lib/python3.12/site-packages/airflow/example_dags/example_branch_day_of_week_operator.py
[2025-09-25T05:26:14.211+0000] {logging_mixin.py:190} INFO - [2025-09-25T05:26:14.211+0000] {dag.py:3239} INFO - Sync 1 DAGs
[2025-09-25T05:26:14.234+0000] {logging_mixin.py:190} INFO - [2025-09-25T05:26:14.234+0000] {dag.py:4180} INFO - Setting next_dagrun for example_weekday_branch_operator to 2025-09-24 00:00:00+00:00, run_after=2025-09-25 00:00:00+00:00
[2025-09-25T05:26:14.250+0000] {processor.py:208} INFO - Processing /home/airflow/.local/lib/python3.12/site-packages/airflow/example_dags/example_branch_day_of_week_operator.py took 0.077 seconds
[2025-09-25T05:26:44.330+0000] {processor.py:186} INFO - Started process (PID=222) to work on /home/airflow/.local/lib/python3.12/site-packages/airflow/example_dags/example_branch_day_of_week_operator.py
[2025-09-25T05:26:44.331+0000] {processor.py:914} INFO - Processing file /home/airflow/.local/lib/python3.12/site-packages/airflow/example_dags/example_branch_day_of_week_operator.py for tasks to queue
[2025-09-25T05:26:44.333+0000] {logging_mixin.py:190} INFO - [2025-09-25T05:26:44.333+0000] {dagbag.py:588} INFO - Filling up the DagBag from /home/airflow/.local/lib/python3.12/site-packages/airflow/example_dags/example_branch_day_of_week_operator.py
[2025-09-25T05:26:44.342+0000] {processor.py:925} INFO - DAG(s) 'example_weekday_branch_operator' retrieved from /home/airflow/.local/lib/python3.12/site-packages/airflow/example_dags/example_branch_day_of_week_operator.py
[2025-09-25T05:26:44.361+0000] {logging_mixin.py:190} INFO - [2025-09-25T05:26:44.361+0000] {dag.py:3239} INFO - Sync 1 DAGs
[2025-09-25T05:26:44.383+0000] {logging_mixin.py:190} INFO - [2025-09-25T05:26:44.383+0000] {dag.py:4180} INFO - Setting next_dagrun for example_weekday_branch_operator to 2025-09-24 00:00:00+00:00, run_after=2025-09-25 00:00:00+00:00
[2025-09-25T05:26:44.398+0000] {processor.py:208} INFO - Processing /home/airflow/.local/lib/python3.12/site-packages/airflow/example_dags/example_branch_day_of_week_operator.py took 0.074 seconds
[2025-09-25T05:27:15.077+0000] {processor.py:186} INFO - Started process (PID=287) to work on /home/airflow/.local/lib/python3.12/site-packages/airflow/example_dags/example_branch_day_of_week_operator.py
[2025-09-25T05:27:15.078+0000] {processor.py:914} INFO - Processing file /home/airflow/.local/lib/python3.12/site-packages/airflow/example_dags/example_branch_day_of_week_operator.py for tasks to queue
[2025-09-25T05:27:15.080+0000] {logging_mixin.py:190} INFO - [2025-09-25T05:27:15.080+0000] {dagbag.py:588} INFO - Filling up the DagBag from /home/airflow/.local/lib/python3.12/site-packages/airflow/example_dags/example_branch_day_of_week_operator.py
[2025-09-25T05:27:15.089+0000] {processor.py:925} INFO - DAG(s) 'example_weekday_branch_operator' retrieved from /home/airflow/.local/lib/python3.12/site-packages/airflow/example_dags/example_branch_day_of_week_operator.py
[2025-09-25T05:27:15.106+0000] {logging_mixin.py:190} INFO - [2025-09-25T05:27:15.106+0000] {dag.py:3239} INFO - Sync 1 DAGs
[2025-09-25T05:27:15.127+0000] {logging_mixin.py:190} INFO - [2025-09-25T05:27:15.127+0000] {dag.py:4180} INFO - Setting next_dagrun for example_weekday_branch_operator to 2025-09-24 00:00:00+00:00, run_after=2025-09-25 00:00:00+00:00
[2025-09-25T05:27:15.142+0000] {processor.py:208} INFO - Processing /home/airflow/.local/lib/python3.12/site-packages/airflow/example_dags/example_branch_day_of_week_operator.py took 0.072 seconds
[2025-09-25T05:27:45.936+0000] {processor.py:186} INFO - Started process (PID=352) to work on /home/airflow/.local/lib/python3.12/site-packages/airflow/example_dags/example_branch_day_of_week_operator.py
[2025-09-25T05:27:45.937+0000] {processor.py:914} INFO - Processing file /home/airflow/.local/lib/python3.12/site-packages/airflow/example_dags/example_branch_day_of_week_operator.py for tasks to queue
[2025-09-25T05:27:45.939+0000] {logging_mixin.py:190} INFO - [2025-09-25T05:27:45.939+0000] {dagbag.py:588} INFO - Filling up the DagBag from /home/airflow/.local/lib/python3.12/site-packages/airflow/example_dags/example_branch_day_of_week_operator.py
[2025-09-25T05:27:45.948+0000] {processor.py:925} INFO - DAG(s) 'example_weekday_branch_operator' retrieved from /home/airflow/.local/lib/python3.12/site-packages/airflow/example_dags/example_branch_day_of_week_operator.py
[2025-09-25T05:27:45.966+0000] {logging_mixin.py:190} INFO - [2025-09-25T05:27:45.965+0000] {dag.py:3239} INFO - Sync 1 DAGs
[2025-09-25T05:27:45.986+0000] {logging_mixin.py:190} INFO - [2025-09-25T05:27:45.986+0000] {dag.py:4180} INFO - Setting next_dagrun for example_weekday_branch_operator to 2025-09-24 00:00:00+00:00, run_after=2025-09-25 00:00:00+00:00
[2025-09-25T05:27:46.004+0000] {processor.py:208} INFO - Processing /home/airflow/.local/lib/python3.12/site-packages/airflow/example_dags/example_branch_day_of_week_operator.py took 0.073 seconds
[2025-09-25T05:28:57.571+0000] {processor.py:186} INFO - Started process (PID=94) to work on /home/airflow/.local/lib/python3.12/site-packages/airflow/example_dags/example_branch_day_of_week_operator.py
[2025-09-25T05:28:57.572+0000] {processor.py:914} INFO - Processing file /home/airflow/.local/lib/python3.12/site-packages/airflow/example_dags/example_branch_day_of_week_operator.py for tasks to queue
[2025-09-25T05:28:57.575+0000] {logging_mixin.py:190} INFO - [2025-09-25T05:28:57.574+0000] {dagbag.py:588} INFO - Filling up the DagBag from /home/airflow/.local/lib/python3.12/site-packages/airflow/example_dags/example_branch_day_of_week_operator.py
[2025-09-25T05:28:57.587+0000] {processor.py:925} INFO - DAG(s) 'example_weekday_branch_operator' retrieved from /home/airflow/.local/lib/python3.12/site-packages/airflow/example_dags/example_branch_day_of_week_operator.py
[2025-09-25T05:28:57.605+0000] {logging_mixin.py:190} INFO - [2025-09-25T05:28:57.605+0000] {dag.py:3239} INFO - Sync 1 DAGs
[2025-09-25T05:28:57.627+0000] {logging_mixin.py:190} INFO - [2025-09-25T05:28:57.627+0000] {dag.py:4180} INFO - Setting next_dagrun for example_weekday_branch_operator to 2025-09-24 00:00:00+00:00, run_after=2025-09-25 00:00:00+00:00
[2025-09-25T05:28:57.643+0000] {processor.py:208} INFO - Processing /home/airflow/.local/lib/python3.12/site-packages/airflow/example_dags/example_branch_day_of_week_operator.py took 0.076 seconds
[2025-09-25T05:29:27.859+0000] {processor.py:186} INFO - Started process (PID=159) to work on /home/airflow/.local/lib/python3.12/site-packages/airflow/example_dags/example_branch_day_of_week_operator.py
[2025-09-25T05:29:27.860+0000] {processor.py:914} INFO - Processing file /home/airflow/.local/lib/python3.12/site-packages/airflow/example_dags/example_branch_day_of_week_operator.py for tasks to queue
[2025-09-25T05:29:27.862+0000] {logging_mixin.py:190} INFO - [2025-09-25T05:29:27.862+0000] {dagbag.py:588} INFO - Filling up the DagBag from /home/airflow/.local/lib/python3.12/site-packages/airflow/example_dags/example_branch_day_of_week_operator.py
[2025-09-25T05:29:27.873+0000] {processor.py:925} INFO - DAG(s) 'example_weekday_branch_operator' retrieved from /home/airflow/.local/lib/python3.12/site-packages/airflow/example_dags/example_branch_day_of_week_operator.py
[2025-09-25T05:29:27.890+0000] {logging_mixin.py:190} INFO - [2025-09-25T05:29:27.890+0000] {dag.py:3239} INFO - Sync 1 DAGs
[2025-09-25T05:29:27.910+0000] {logging_mixin.py:190} INFO - [2025-09-25T05:29:27.910+0000] {dag.py:4180} INFO - Setting next_dagrun for example_weekday_branch_operator to 2025-09-24 00:00:00+00:00, run_after=2025-09-25 00:00:00+00:00
[2025-09-25T05:29:27.924+0000] {processor.py:208} INFO - Processing /home/airflow/.local/lib/python3.12/site-packages/airflow/example_dags/example_branch_day_of_week_operator.py took 0.070 seconds
[2025-09-25T05:29:59.200+0000] {processor.py:186} INFO - Started process (PID=224) to work on /home/airflow/.local/lib/python3.12/site-packages/airflow/example_dags/example_branch_day_of_week_operator.py
[2025-09-25T05:29:59.201+0000] {processor.py:914} INFO - Processing file /home/airflow/.local/lib/python3.12/site-packages/airflow/example_dags/example_branch_day_of_week_operator.py for tasks to queue
[2025-09-25T05:29:59.203+0000] {logging_mixin.py:190} INFO - [2025-09-25T05:29:59.203+0000] {dagbag.py:588} INFO - Filling up the DagBag from /home/airflow/.local/lib/python3.12/site-packages/airflow/example_dags/example_branch_day_of_week_operator.py
[2025-09-25T05:29:59.212+0000] {processor.py:925} INFO - DAG(s) 'example_weekday_branch_operator' retrieved from /home/airflow/.local/lib/python3.12/site-packages/airflow/example_dags/example_branch_day_of_week_operator.py
[2025-09-25T05:29:59.229+0000] {logging_mixin.py:190} INFO - [2025-09-25T05:29:59.228+0000] {dag.py:3239} INFO - Sync 1 DAGs
[2025-09-25T05:29:59.249+0000] {logging_mixin.py:190} INFO - [2025-09-25T05:29:59.249+0000] {dag.py:4180} INFO - Setting next_dagrun for example_weekday_branch_operator to 2025-09-24 00:00:00+00:00, run_after=2025-09-25 00:00:00+00:00
[2025-09-25T05:29:59.265+0000] {processor.py:208} INFO - Processing /home/airflow/.local/lib/python3.12/site-packages/airflow/example_dags/example_branch_day_of_week_operator.py took 0.070 seconds
[2025-09-25T05:30:30.607+0000] {processor.py:186} INFO - Started process (PID=289) to work on /home/airflow/.local/lib/python3.12/site-packages/airflow/example_dags/example_branch_day_of_week_operator.py
[2025-09-25T05:30:30.608+0000] {processor.py:914} INFO - Processing file /home/airflow/.local/lib/python3.12/site-packages/airflow/example_dags/example_branch_day_of_week_operator.py for tasks to queue
[2025-09-25T05:30:30.611+0000] {logging_mixin.py:190} INFO - [2025-09-25T05:30:30.611+0000] {dagbag.py:588} INFO - Filling up the DagBag from /home/airflow/.local/lib/python3.12/site-packages/airflow/example_dags/example_branch_day_of_week_operator.py
[2025-09-25T05:30:30.619+0000] {processor.py:925} INFO - DAG(s) 'example_weekday_branch_operator' retrieved from /home/airflow/.local/lib/python3.12/site-packages/airflow/example_dags/example_branch_day_of_week_operator.py
[2025-09-25T05:30:30.637+0000] {logging_mixin.py:190} INFO - [2025-09-25T05:30:30.636+0000] {dag.py:3239} INFO - Sync 1 DAGs
[2025-09-25T05:30:30.656+0000] {logging_mixin.py:190} INFO - [2025-09-25T05:30:30.656+0000] {dag.py:4180} INFO - Setting next_dagrun for example_weekday_branch_operator to 2025-09-24 00:00:00+00:00, run_after=2025-09-25 00:00:00+00:00
[2025-09-25T05:30:30.671+0000] {processor.py:208} INFO - Processing /home/airflow/.local/lib/python3.12/site-packages/airflow/example_dags/example_branch_day_of_week_operator.py took 0.070 seconds
[2025-09-25T05:31:01.510+0000] {processor.py:186} INFO - Started process (PID=353) to work on /home/airflow/.local/lib/python3.12/site-packages/airflow/example_dags/example_branch_day_of_week_operator.py
[2025-09-25T05:31:01.511+0000] {processor.py:914} INFO - Processing file /home/airflow/.local/lib/python3.12/site-packages/airflow/example_dags/example_branch_day_of_week_operator.py for tasks to queue
[2025-09-25T05:31:01.515+0000] {logging_mixin.py:190} INFO - [2025-09-25T05:31:01.514+0000] {dagbag.py:588} INFO - Filling up the DagBag from /home/airflow/.local/lib/python3.12/site-packages/airflow/example_dags/example_branch_day_of_week_operator.py
[2025-09-25T05:31:01.524+0000] {processor.py:925} INFO - DAG(s) 'example_weekday_branch_operator' retrieved from /home/airflow/.local/lib/python3.12/site-packages/airflow/example_dags/example_branch_day_of_week_operator.py
[2025-09-25T05:31:01.543+0000] {logging_mixin.py:190} INFO - [2025-09-25T05:31:01.543+0000] {dag.py:3239} INFO - Sync 1 DAGs
[2025-09-25T05:31:01.563+0000] {logging_mixin.py:190} INFO - [2025-09-25T05:31:01.563+0000] {dag.py:4180} INFO - Setting next_dagrun for example_weekday_branch_operator to 2025-09-24 00:00:00+00:00, run_after=2025-09-25 00:00:00+00:00
[2025-09-25T05:31:01.578+0000] {processor.py:208} INFO - Processing /home/airflow/.local/lib/python3.12/site-packages/airflow/example_dags/example_branch_day_of_week_operator.py took 0.073 seconds
[2025-09-25T05:31:32.372+0000] {processor.py:186} INFO - Started process (PID=418) to work on /home/airflow/.local/lib/python3.12/site-packages/airflow/example_dags/example_branch_day_of_week_operator.py
[2025-09-25T05:31:32.373+0000] {processor.py:914} INFO - Processing file /home/airflow/.local/lib/python3.12/site-packages/airflow/example_dags/example_branch_day_of_week_operator.py for tasks to queue
[2025-09-25T05:31:32.375+0000] {logging_mixin.py:190} INFO - [2025-09-25T05:31:32.374+0000] {dagbag.py:588} INFO - Filling up the DagBag from /home/airflow/.local/lib/python3.12/site-packages/airflow/example_dags/example_branch_day_of_week_operator.py
[2025-09-25T05:31:32.384+0000] {processor.py:925} INFO - DAG(s) 'example_weekday_branch_operator' retrieved from /home/airflow/.local/lib/python3.12/site-packages/airflow/example_dags/example_branch_day_of_week_operator.py
[2025-09-25T05:31:32.401+0000] {logging_mixin.py:190} INFO - [2025-09-25T05:31:32.401+0000] {dag.py:3239} INFO - Sync 1 DAGs
[2025-09-25T05:31:32.422+0000] {logging_mixin.py:190} INFO - [2025-09-25T05:31:32.422+0000] {dag.py:4180} INFO - Setting next_dagrun for example_weekday_branch_operator to 2025-09-24 00:00:00+00:00, run_after=2025-09-25 00:00:00+00:00
[2025-09-25T05:31:32.438+0000] {processor.py:208} INFO - Processing /home/airflow/.local/lib/python3.12/site-packages/airflow/example_dags/example_branch_day_of_week_operator.py took 0.072 seconds
[2025-09-25T05:32:03.790+0000] {processor.py:186} INFO - Started process (PID=484) to work on /home/airflow/.local/lib/python3.12/site-packages/airflow/example_dags/example_branch_day_of_week_operator.py
[2025-09-25T05:32:03.791+0000] {processor.py:914} INFO - Processing file /home/airflow/.local/lib/python3.12/site-packages/airflow/example_dags/example_branch_day_of_week_operator.py for tasks to queue
[2025-09-25T05:32:03.794+0000] {logging_mixin.py:190} INFO - [2025-09-25T05:32:03.793+0000] {dagbag.py:588} INFO - Filling up the DagBag from /home/airflow/.local/lib/python3.12/site-packages/airflow/example_dags/example_branch_day_of_week_operator.py
[2025-09-25T05:32:03.803+0000] {processor.py:925} INFO - DAG(s) 'example_weekday_branch_operator' retrieved from /home/airflow/.local/lib/python3.12/site-packages/airflow/example_dags/example_branch_day_of_week_operator.py
[2025-09-25T05:32:03.822+0000] {logging_mixin.py:190} INFO - [2025-09-25T05:32:03.822+0000] {dag.py:3239} INFO - Sync 1 DAGs
[2025-09-25T05:32:03.844+0000] {logging_mixin.py:190} INFO - [2025-09-25T05:32:03.844+0000] {dag.py:4180} INFO - Setting next_dagrun for example_weekday_branch_operator to 2025-09-24 00:00:00+00:00, run_after=2025-09-25 00:00:00+00:00
[2025-09-25T05:32:03.859+0000] {processor.py:208} INFO - Processing /home/airflow/.local/lib/python3.12/site-packages/airflow/example_dags/example_branch_day_of_week_operator.py took 0.075 seconds
[2025-09-25T05:32:35.547+0000] {processor.py:186} INFO - Started process (PID=549) to work on /home/airflow/.local/lib/python3.12/site-packages/airflow/example_dags/example_branch_day_of_week_operator.py
[2025-09-25T05:32:35.548+0000] {processor.py:914} INFO - Processing file /home/airflow/.local/lib/python3.12/site-packages/airflow/example_dags/example_branch_day_of_week_operator.py for tasks to queue
[2025-09-25T05:32:35.550+0000] {logging_mixin.py:190} INFO - [2025-09-25T05:32:35.550+0000] {dagbag.py:588} INFO - Filling up the DagBag from /home/airflow/.local/lib/python3.12/site-packages/airflow/example_dags/example_branch_day_of_week_operator.py
[2025-09-25T05:32:35.559+0000] {processor.py:925} INFO - DAG(s) 'example_weekday_branch_operator' retrieved from /home/airflow/.local/lib/python3.12/site-packages/airflow/example_dags/example_branch_day_of_week_operator.py
[2025-09-25T05:32:35.577+0000] {logging_mixin.py:190} INFO - [2025-09-25T05:32:35.577+0000] {dag.py:3239} INFO - Sync 1 DAGs
[2025-09-25T05:32:35.613+0000] {logging_mixin.py:190} INFO - [2025-09-25T05:32:35.613+0000] {dag.py:4180} INFO - Setting next_dagrun for example_weekday_branch_operator to 2025-09-24 00:00:00+00:00, run_after=2025-09-25 00:00:00+00:00
[2025-09-25T05:32:35.636+0000] {processor.py:208} INFO - Processing /home/airflow/.local/lib/python3.12/site-packages/airflow/example_dags/example_branch_day_of_week_operator.py took 0.094 seconds
[2025-09-25T05:33:05.767+0000] {processor.py:186} INFO - Started process (PID=613) to work on /home/airflow/.local/lib/python3.12/site-packages/airflow/example_dags/example_branch_day_of_week_operator.py
[2025-09-25T05:33:05.768+0000] {processor.py:914} INFO - Processing file /home/airflow/.local/lib/python3.12/site-packages/airflow/example_dags/example_branch_day_of_week_operator.py for tasks to queue
[2025-09-25T05:33:05.771+0000] {logging_mixin.py:190} INFO - [2025-09-25T05:33:05.771+0000] {dagbag.py:588} INFO - Filling up the DagBag from /home/airflow/.local/lib/python3.12/site-packages/airflow/example_dags/example_branch_day_of_week_operator.py
[2025-09-25T05:33:05.780+0000] {processor.py:925} INFO - DAG(s) 'example_weekday_branch_operator' retrieved from /home/airflow/.local/lib/python3.12/site-packages/airflow/example_dags/example_branch_day_of_week_operator.py
[2025-09-25T05:33:05.798+0000] {logging_mixin.py:190} INFO - [2025-09-25T05:33:05.798+0000] {dag.py:3239} INFO - Sync 1 DAGs
[2025-09-25T05:33:05.818+0000] {logging_mixin.py:190} INFO - [2025-09-25T05:33:05.818+0000] {dag.py:4180} INFO - Setting next_dagrun for example_weekday_branch_operator to 2025-09-24 00:00:00+00:00, run_after=2025-09-25 00:00:00+00:00
[2025-09-25T05:33:05.834+0000] {processor.py:208} INFO - Processing /home/airflow/.local/lib/python3.12/site-packages/airflow/example_dags/example_branch_day_of_week_operator.py took 0.073 seconds
[2025-09-25T05:33:36.888+0000] {processor.py:186} INFO - Started process (PID=678) to work on /home/airflow/.local/lib/python3.12/site-packages/airflow/example_dags/example_branch_day_of_week_operator.py
[2025-09-25T05:33:36.889+0000] {processor.py:914} INFO - Processing file /home/airflow/.local/lib/python3.12/site-packages/airflow/example_dags/example_branch_day_of_week_operator.py for tasks to queue
[2025-09-25T05:33:36.892+0000] {logging_mixin.py:190} INFO - [2025-09-25T05:33:36.891+0000] {dagbag.py:588} INFO - Filling up the DagBag from /home/airflow/.local/lib/python3.12/site-packages/airflow/example_dags/example_branch_day_of_week_operator.py
[2025-09-25T05:33:36.900+0000] {processor.py:925} INFO - DAG(s) 'example_weekday_branch_operator' retrieved from /home/airflow/.local/lib/python3.12/site-packages/airflow/example_dags/example_branch_day_of_week_operator.py
[2025-09-25T05:33:36.917+0000] {logging_mixin.py:190} INFO - [2025-09-25T05:33:36.917+0000] {dag.py:3239} INFO - Sync 1 DAGs
[2025-09-25T05:33:36.939+0000] {logging_mixin.py:190} INFO - [2025-09-25T05:33:36.939+0000] {dag.py:4180} INFO - Setting next_dagrun for example_weekday_branch_operator to 2025-09-24 00:00:00+00:00, run_after=2025-09-25 00:00:00+00:00
[2025-09-25T05:33:36.955+0000] {processor.py:208} INFO - Processing /home/airflow/.local/lib/python3.12/site-packages/airflow/example_dags/example_branch_day_of_week_operator.py took 0.072 seconds
[2025-09-25T05:34:08.125+0000] {processor.py:186} INFO - Started process (PID=743) to work on /home/airflow/.local/lib/python3.12/site-packages/airflow/example_dags/example_branch_day_of_week_operator.py
[2025-09-25T05:34:08.126+0000] {processor.py:914} INFO - Processing file /home/airflow/.local/lib/python3.12/site-packages/airflow/example_dags/example_branch_day_of_week_operator.py for tasks to queue
[2025-09-25T05:34:08.128+0000] {logging_mixin.py:190} INFO - [2025-09-25T05:34:08.127+0000] {dagbag.py:588} INFO - Filling up the DagBag from /home/airflow/.local/lib/python3.12/site-packages/airflow/example_dags/example_branch_day_of_week_operator.py
[2025-09-25T05:34:08.137+0000] {processor.py:925} INFO - DAG(s) 'example_weekday_branch_operator' retrieved from /home/airflow/.local/lib/python3.12/site-packages/airflow/example_dags/example_branch_day_of_week_operator.py
[2025-09-25T05:34:08.155+0000] {logging_mixin.py:190} INFO - [2025-09-25T05:34:08.154+0000] {dag.py:3239} INFO - Sync 1 DAGs
[2025-09-25T05:34:08.175+0000] {logging_mixin.py:190} INFO - [2025-09-25T05:34:08.175+0000] {dag.py:4180} INFO - Setting next_dagrun for example_weekday_branch_operator to 2025-09-24 00:00:00+00:00, run_after=2025-09-25 00:00:00+00:00
[2025-09-25T05:34:08.192+0000] {processor.py:208} INFO - Processing /home/airflow/.local/lib/python3.12/site-packages/airflow/example_dags/example_branch_day_of_week_operator.py took 0.073 seconds
[2025-09-25T05:34:39.449+0000] {processor.py:186} INFO - Started process (PID=808) to work on /home/airflow/.local/lib/python3.12/site-packages/airflow/example_dags/example_branch_day_of_week_operator.py
[2025-09-25T05:34:39.450+0000] {processor.py:914} INFO - Processing file /home/airflow/.local/lib/python3.12/site-packages/airflow/example_dags/example_branch_day_of_week_operator.py for tasks to queue
[2025-09-25T05:34:39.453+0000] {logging_mixin.py:190} INFO - [2025-09-25T05:34:39.453+0000] {dagbag.py:588} INFO - Filling up the DagBag from /home/airflow/.local/lib/python3.12/site-packages/airflow/example_dags/example_branch_day_of_week_operator.py
[2025-09-25T05:34:39.467+0000] {processor.py:925} INFO - DAG(s) 'example_weekday_branch_operator' retrieved from /home/airflow/.local/lib/python3.12/site-packages/airflow/example_dags/example_branch_day_of_week_operator.py
[2025-09-25T05:34:39.489+0000] {logging_mixin.py:190} INFO - [2025-09-25T05:34:39.489+0000] {dag.py:3239} INFO - Sync 1 DAGs
[2025-09-25T05:34:39.521+0000] {logging_mixin.py:190} INFO - [2025-09-25T05:34:39.521+0000] {dag.py:4180} INFO - Setting next_dagrun for example_weekday_branch_operator to 2025-09-24 00:00:00+00:00, run_after=2025-09-25 00:00:00+00:00
[2025-09-25T05:34:39.541+0000] {processor.py:208} INFO - Processing /home/airflow/.local/lib/python3.12/site-packages/airflow/example_dags/example_branch_day_of_week_operator.py took 0.099 seconds
[2025-09-25T05:35:10.508+0000] {processor.py:186} INFO - Started process (PID=873) to work on /home/airflow/.local/lib/python3.12/site-packages/airflow/example_dags/example_branch_day_of_week_operator.py
[2025-09-25T05:35:10.509+0000] {processor.py:914} INFO - Processing file /home/airflow/.local/lib/python3.12/site-packages/airflow/example_dags/example_branch_day_of_week_operator.py for tasks to queue
[2025-09-25T05:35:10.511+0000] {logging_mixin.py:190} INFO - [2025-09-25T05:35:10.511+0000] {dagbag.py:588} INFO - Filling up the DagBag from /home/airflow/.local/lib/python3.12/site-packages/airflow/example_dags/example_branch_day_of_week_operator.py
[2025-09-25T05:35:10.521+0000] {processor.py:925} INFO - DAG(s) 'example_weekday_branch_operator' retrieved from /home/airflow/.local/lib/python3.12/site-packages/airflow/example_dags/example_branch_day_of_week_operator.py
[2025-09-25T05:35:10.537+0000] {logging_mixin.py:190} INFO - [2025-09-25T05:35:10.537+0000] {dag.py:3239} INFO - Sync 1 DAGs
[2025-09-25T05:35:10.557+0000] {logging_mixin.py:190} INFO - [2025-09-25T05:35:10.557+0000] {dag.py:4180} INFO - Setting next_dagrun for example_weekday_branch_operator to 2025-09-24 00:00:00+00:00, run_after=2025-09-25 00:00:00+00:00
[2025-09-25T05:35:10.572+0000] {processor.py:208} INFO - Processing /home/airflow/.local/lib/python3.12/site-packages/airflow/example_dags/example_branch_day_of_week_operator.py took 0.069 seconds
[2025-09-25T05:35:41.942+0000] {processor.py:186} INFO - Started process (PID=938) to work on /home/airflow/.local/lib/python3.12/site-packages/airflow/example_dags/example_branch_day_of_week_operator.py
[2025-09-25T05:35:41.943+0000] {processor.py:914} INFO - Processing file /home/airflow/.local/lib/python3.12/site-packages/airflow/example_dags/example_branch_day_of_week_operator.py for tasks to queue
[2025-09-25T05:35:41.945+0000] {logging_mixin.py:190} INFO - [2025-09-25T05:35:41.945+0000] {dagbag.py:588} INFO - Filling up the DagBag from /home/airflow/.local/lib/python3.12/site-packages/airflow/example_dags/example_branch_day_of_week_operator.py
[2025-09-25T05:35:41.956+0000] {processor.py:925} INFO - DAG(s) 'example_weekday_branch_operator' retrieved from /home/airflow/.local/lib/python3.12/site-packages/airflow/example_dags/example_branch_day_of_week_operator.py
[2025-09-25T05:35:41.974+0000] {logging_mixin.py:190} INFO - [2025-09-25T05:35:41.974+0000] {dag.py:3239} INFO - Sync 1 DAGs
[2025-09-25T05:35:41.994+0000] {logging_mixin.py:190} INFO - [2025-09-25T05:35:41.993+0000] {dag.py:4180} INFO - Setting next_dagrun for example_weekday_branch_operator to 2025-09-24 00:00:00+00:00, run_after=2025-09-25 00:00:00+00:00
[2025-09-25T05:35:42.009+0000] {processor.py:208} INFO - Processing /home/airflow/.local/lib/python3.12/site-packages/airflow/example_dags/example_branch_day_of_week_operator.py took 0.073 seconds
[2025-09-25T05:36:13.429+0000] {processor.py:186} INFO - Started process (PID=1004) to work on /home/airflow/.local/lib/python3.12/site-packages/airflow/example_dags/example_branch_day_of_week_operator.py
[2025-09-25T05:36:13.430+0000] {processor.py:914} INFO - Processing file /home/airflow/.local/lib/python3.12/site-packages/airflow/example_dags/example_branch_day_of_week_operator.py for tasks to queue
[2025-09-25T05:36:13.433+0000] {logging_mixin.py:190} INFO - [2025-09-25T05:36:13.432+0000] {dagbag.py:588} INFO - Filling up the DagBag from /home/airflow/.local/lib/python3.12/site-packages/airflow/example_dags/example_branch_day_of_week_operator.py
[2025-09-25T05:36:13.441+0000] {processor.py:925} INFO - DAG(s) 'example_weekday_branch_operator' retrieved from /home/airflow/.local/lib/python3.12/site-packages/airflow/example_dags/example_branch_day_of_week_operator.py
[2025-09-25T05:36:13.458+0000] {logging_mixin.py:190} INFO - [2025-09-25T05:36:13.458+0000] {dag.py:3239} INFO - Sync 1 DAGs
[2025-09-25T05:36:13.478+0000] {logging_mixin.py:190} INFO - [2025-09-25T05:36:13.477+0000] {dag.py:4180} INFO - Setting next_dagrun for example_weekday_branch_operator to 2025-09-24 00:00:00+00:00, run_after=2025-09-25 00:00:00+00:00
[2025-09-25T05:36:13.493+0000] {processor.py:208} INFO - Processing /home/airflow/.local/lib/python3.12/site-packages/airflow/example_dags/example_branch_day_of_week_operator.py took 0.069 seconds
[2025-09-25T05:36:44.597+0000] {processor.py:186} INFO - Started process (PID=1069) to work on /home/airflow/.local/lib/python3.12/site-packages/airflow/example_dags/example_branch_day_of_week_operator.py
[2025-09-25T05:36:44.598+0000] {processor.py:914} INFO - Processing file /home/airflow/.local/lib/python3.12/site-packages/airflow/example_dags/example_branch_day_of_week_operator.py for tasks to queue
[2025-09-25T05:36:44.600+0000] {logging_mixin.py:190} INFO - [2025-09-25T05:36:44.600+0000] {dagbag.py:588} INFO - Filling up the DagBag from /home/airflow/.local/lib/python3.12/site-packages/airflow/example_dags/example_branch_day_of_week_operator.py
[2025-09-25T05:36:44.609+0000] {processor.py:925} INFO - DAG(s) 'example_weekday_branch_operator' retrieved from /home/airflow/.local/lib/python3.12/site-packages/airflow/example_dags/example_branch_day_of_week_operator.py
[2025-09-25T05:36:44.626+0000] {logging_mixin.py:190} INFO - [2025-09-25T05:36:44.625+0000] {dag.py:3239} INFO - Sync 1 DAGs
[2025-09-25T05:36:44.645+0000] {logging_mixin.py:190} INFO - [2025-09-25T05:36:44.645+0000] {dag.py:4180} INFO - Setting next_dagrun for example_weekday_branch_operator to 2025-09-24 00:00:00+00:00, run_after=2025-09-25 00:00:00+00:00
[2025-09-25T05:36:44.662+0000] {processor.py:208} INFO - Processing /home/airflow/.local/lib/python3.12/site-packages/airflow/example_dags/example_branch_day_of_week_operator.py took 0.070 seconds
[2025-09-25T05:37:15.379+0000] {processor.py:186} INFO - Started process (PID=1134) to work on /home/airflow/.local/lib/python3.12/site-packages/airflow/example_dags/example_branch_day_of_week_operator.py
[2025-09-25T05:37:15.380+0000] {processor.py:914} INFO - Processing file /home/airflow/.local/lib/python3.12/site-packages/airflow/example_dags/example_branch_day_of_week_operator.py for tasks to queue
[2025-09-25T05:37:15.382+0000] {logging_mixin.py:190} INFO - [2025-09-25T05:37:15.381+0000] {dagbag.py:588} INFO - Filling up the DagBag from /home/airflow/.local/lib/python3.12/site-packages/airflow/example_dags/example_branch_day_of_week_operator.py
[2025-09-25T05:37:15.391+0000] {processor.py:925} INFO - DAG(s) 'example_weekday_branch_operator' retrieved from /home/airflow/.local/lib/python3.12/site-packages/airflow/example_dags/example_branch_day_of_week_operator.py
[2025-09-25T05:37:15.408+0000] {logging_mixin.py:190} INFO - [2025-09-25T05:37:15.408+0000] {dag.py:3239} INFO - Sync 1 DAGs
[2025-09-25T05:37:15.430+0000] {logging_mixin.py:190} INFO - [2025-09-25T05:37:15.430+0000] {dag.py:4180} INFO - Setting next_dagrun for example_weekday_branch_operator to 2025-09-24 00:00:00+00:00, run_after=2025-09-25 00:00:00+00:00
[2025-09-25T05:37:15.445+0000] {processor.py:208} INFO - Processing /home/airflow/.local/lib/python3.12/site-packages/airflow/example_dags/example_branch_day_of_week_operator.py took 0.072 seconds
[2025-09-25T05:37:46.712+0000] {processor.py:186} INFO - Started process (PID=1199) to work on /home/airflow/.local/lib/python3.12/site-packages/airflow/example_dags/example_branch_day_of_week_operator.py
[2025-09-25T05:37:46.713+0000] {processor.py:914} INFO - Processing file /home/airflow/.local/lib/python3.12/site-packages/airflow/example_dags/example_branch_day_of_week_operator.py for tasks to queue
[2025-09-25T05:37:46.715+0000] {logging_mixin.py:190} INFO - [2025-09-25T05:37:46.715+0000] {dagbag.py:588} INFO - Filling up the DagBag from /home/airflow/.local/lib/python3.12/site-packages/airflow/example_dags/example_branch_day_of_week_operator.py
[2025-09-25T05:37:46.724+0000] {processor.py:925} INFO - DAG(s) 'example_weekday_branch_operator' retrieved from /home/airflow/.local/lib/python3.12/site-packages/airflow/example_dags/example_branch_day_of_week_operator.py
[2025-09-25T05:37:46.741+0000] {logging_mixin.py:190} INFO - [2025-09-25T05:37:46.741+0000] {dag.py:3239} INFO - Sync 1 DAGs
[2025-09-25T05:37:46.766+0000] {logging_mixin.py:190} INFO - [2025-09-25T05:37:46.766+0000] {dag.py:4180} INFO - Setting next_dagrun for example_weekday_branch_operator to 2025-09-24 00:00:00+00:00, run_after=2025-09-25 00:00:00+00:00
[2025-09-25T05:37:46.783+0000] {processor.py:208} INFO - Processing /home/airflow/.local/lib/python3.12/site-packages/airflow/example_dags/example_branch_day_of_week_operator.py took 0.076 seconds
[2025-09-25T05:38:18.515+0000] {processor.py:186} INFO - Started process (PID=1264) to work on /home/airflow/.local/lib/python3.12/site-packages/airflow/example_dags/example_branch_day_of_week_operator.py
[2025-09-25T05:38:18.516+0000] {processor.py:914} INFO - Processing file /home/airflow/.local/lib/python3.12/site-packages/airflow/example_dags/example_branch_day_of_week_operator.py for tasks to queue
[2025-09-25T05:38:18.519+0000] {logging_mixin.py:190} INFO - [2025-09-25T05:38:18.519+0000] {dagbag.py:588} INFO - Filling up the DagBag from /home/airflow/.local/lib/python3.12/site-packages/airflow/example_dags/example_branch_day_of_week_operator.py
[2025-09-25T05:38:18.528+0000] {processor.py:925} INFO - DAG(s) 'example_weekday_branch_operator' retrieved from /home/airflow/.local/lib/python3.12/site-packages/airflow/example_dags/example_branch_day_of_week_operator.py
[2025-09-25T05:38:18.546+0000] {logging_mixin.py:190} INFO - [2025-09-25T05:38:18.545+0000] {dag.py:3239} INFO - Sync 1 DAGs
[2025-09-25T05:38:18.568+0000] {logging_mixin.py:190} INFO - [2025-09-25T05:38:18.567+0000] {dag.py:4180} INFO - Setting next_dagrun for example_weekday_branch_operator to 2025-09-24 00:00:00+00:00, run_after=2025-09-25 00:00:00+00:00
[2025-09-25T05:38:18.584+0000] {processor.py:208} INFO - Processing /home/airflow/.local/lib/python3.12/site-packages/airflow/example_dags/example_branch_day_of_week_operator.py took 0.074 seconds
[2025-09-25T05:38:49.319+0000] {processor.py:186} INFO - Started process (PID=1335) to work on /home/airflow/.local/lib/python3.12/site-packages/airflow/example_dags/example_branch_day_of_week_operator.py
[2025-09-25T05:38:49.320+0000] {processor.py:914} INFO - Processing file /home/airflow/.local/lib/python3.12/site-packages/airflow/example_dags/example_branch_day_of_week_operator.py for tasks to queue
[2025-09-25T05:38:49.322+0000] {logging_mixin.py:190} INFO - [2025-09-25T05:38:49.322+0000] {dagbag.py:588} INFO - Filling up the DagBag from /home/airflow/.local/lib/python3.12/site-packages/airflow/example_dags/example_branch_day_of_week_operator.py
[2025-09-25T05:38:49.333+0000] {processor.py:925} INFO - DAG(s) 'example_weekday_branch_operator' retrieved from /home/airflow/.local/lib/python3.12/site-packages/airflow/example_dags/example_branch_day_of_week_operator.py
[2025-09-25T05:38:49.351+0000] {logging_mixin.py:190} INFO - [2025-09-25T05:38:49.350+0000] {dag.py:3239} INFO - Sync 1 DAGs
[2025-09-25T05:38:49.372+0000] {logging_mixin.py:190} INFO - [2025-09-25T05:38:49.372+0000] {dag.py:4180} INFO - Setting next_dagrun for example_weekday_branch_operator to 2025-09-24 00:00:00+00:00, run_after=2025-09-25 00:00:00+00:00
[2025-09-25T05:38:49.388+0000] {processor.py:208} INFO - Processing /home/airflow/.local/lib/python3.12/site-packages/airflow/example_dags/example_branch_day_of_week_operator.py took 0.074 seconds
[2025-09-25T05:39:20.904+0000] {processor.py:186} INFO - Started process (PID=1399) to work on /home/airflow/.local/lib/python3.12/site-packages/airflow/example_dags/example_branch_day_of_week_operator.py
[2025-09-25T05:39:20.905+0000] {processor.py:914} INFO - Processing file /home/airflow/.local/lib/python3.12/site-packages/airflow/example_dags/example_branch_day_of_week_operator.py for tasks to queue
[2025-09-25T05:39:20.907+0000] {logging_mixin.py:190} INFO - [2025-09-25T05:39:20.907+0000] {dagbag.py:588} INFO - Filling up the DagBag from /home/airflow/.local/lib/python3.12/site-packages/airflow/example_dags/example_branch_day_of_week_operator.py
[2025-09-25T05:39:20.915+0000] {processor.py:925} INFO - DAG(s) 'example_weekday_branch_operator' retrieved from /home/airflow/.local/lib/python3.12/site-packages/airflow/example_dags/example_branch_day_of_week_operator.py
[2025-09-25T05:39:20.935+0000] {logging_mixin.py:190} INFO - [2025-09-25T05:39:20.934+0000] {dag.py:3239} INFO - Sync 1 DAGs
[2025-09-25T05:39:20.955+0000] {logging_mixin.py:190} INFO - [2025-09-25T05:39:20.955+0000] {dag.py:4180} INFO - Setting next_dagrun for example_weekday_branch_operator to 2025-09-24 00:00:00+00:00, run_after=2025-09-25 00:00:00+00:00
[2025-09-25T05:39:20.972+0000] {processor.py:208} INFO - Processing /home/airflow/.local/lib/python3.12/site-packages/airflow/example_dags/example_branch_day_of_week_operator.py took 0.073 seconds
[2025-09-25T05:39:52.193+0000] {processor.py:186} INFO - Started process (PID=1464) to work on /home/airflow/.local/lib/python3.12/site-packages/airflow/example_dags/example_branch_day_of_week_operator.py
[2025-09-25T05:39:52.194+0000] {processor.py:914} INFO - Processing file /home/airflow/.local/lib/python3.12/site-packages/airflow/example_dags/example_branch_day_of_week_operator.py for tasks to queue
[2025-09-25T05:39:52.196+0000] {logging_mixin.py:190} INFO - [2025-09-25T05:39:52.196+0000] {dagbag.py:588} INFO - Filling up the DagBag from /home/airflow/.local/lib/python3.12/site-packages/airflow/example_dags/example_branch_day_of_week_operator.py
[2025-09-25T05:39:52.204+0000] {processor.py:925} INFO - DAG(s) 'example_weekday_branch_operator' retrieved from /home/airflow/.local/lib/python3.12/site-packages/airflow/example_dags/example_branch_day_of_week_operator.py
[2025-09-25T05:39:52.223+0000] {logging_mixin.py:190} INFO - [2025-09-25T05:39:52.222+0000] {dag.py:3239} INFO - Sync 1 DAGs
[2025-09-25T05:39:52.244+0000] {logging_mixin.py:190} INFO - [2025-09-25T05:39:52.243+0000] {dag.py:4180} INFO - Setting next_dagrun for example_weekday_branch_operator to 2025-09-24 00:00:00+00:00, run_after=2025-09-25 00:00:00+00:00
[2025-09-25T05:39:52.259+0000] {processor.py:208} INFO - Processing /home/airflow/.local/lib/python3.12/site-packages/airflow/example_dags/example_branch_day_of_week_operator.py took 0.071 seconds
[2025-09-25T05:40:23.507+0000] {processor.py:186} INFO - Started process (PID=1530) to work on /home/airflow/.local/lib/python3.12/site-packages/airflow/example_dags/example_branch_day_of_week_operator.py
[2025-09-25T05:40:23.508+0000] {processor.py:914} INFO - Processing file /home/airflow/.local/lib/python3.12/site-packages/airflow/example_dags/example_branch_day_of_week_operator.py for tasks to queue
[2025-09-25T05:40:23.510+0000] {logging_mixin.py:190} INFO - [2025-09-25T05:40:23.510+0000] {dagbag.py:588} INFO - Filling up the DagBag from /home/airflow/.local/lib/python3.12/site-packages/airflow/example_dags/example_branch_day_of_week_operator.py
[2025-09-25T05:40:23.519+0000] {processor.py:925} INFO - DAG(s) 'example_weekday_branch_operator' retrieved from /home/airflow/.local/lib/python3.12/site-packages/airflow/example_dags/example_branch_day_of_week_operator.py
[2025-09-25T05:40:23.537+0000] {logging_mixin.py:190} INFO - [2025-09-25T05:40:23.537+0000] {dag.py:3239} INFO - Sync 1 DAGs
[2025-09-25T05:40:23.556+0000] {logging_mixin.py:190} INFO - [2025-09-25T05:40:23.556+0000] {dag.py:4180} INFO - Setting next_dagrun for example_weekday_branch_operator to 2025-09-24 00:00:00+00:00, run_after=2025-09-25 00:00:00+00:00
[2025-09-25T05:40:23.572+0000] {processor.py:208} INFO - Processing /home/airflow/.local/lib/python3.12/site-packages/airflow/example_dags/example_branch_day_of_week_operator.py took 0.071 seconds
[2025-09-25T05:40:54.760+0000] {processor.py:186} INFO - Started process (PID=1595) to work on /home/airflow/.local/lib/python3.12/site-packages/airflow/example_dags/example_branch_day_of_week_operator.py
[2025-09-25T05:40:54.761+0000] {processor.py:914} INFO - Processing file /home/airflow/.local/lib/python3.12/site-packages/airflow/example_dags/example_branch_day_of_week_operator.py for tasks to queue
[2025-09-25T05:40:54.764+0000] {logging_mixin.py:190} INFO - [2025-09-25T05:40:54.763+0000] {dagbag.py:588} INFO - Filling up the DagBag from /home/airflow/.local/lib/python3.12/site-packages/airflow/example_dags/example_branch_day_of_week_operator.py
[2025-09-25T05:40:54.772+0000] {processor.py:925} INFO - DAG(s) 'example_weekday_branch_operator' retrieved from /home/airflow/.local/lib/python3.12/site-packages/airflow/example_dags/example_branch_day_of_week_operator.py
[2025-09-25T05:40:54.788+0000] {logging_mixin.py:190} INFO - [2025-09-25T05:40:54.788+0000] {dag.py:3239} INFO - Sync 1 DAGs
[2025-09-25T05:40:54.809+0000] {logging_mixin.py:190} INFO - [2025-09-25T05:40:54.809+0000] {dag.py:4180} INFO - Setting next_dagrun for example_weekday_branch_operator to 2025-09-24 00:00:00+00:00, run_after=2025-09-25 00:00:00+00:00
[2025-09-25T05:40:54.828+0000] {processor.py:208} INFO - Processing /home/airflow/.local/lib/python3.12/site-packages/airflow/example_dags/example_branch_day_of_week_operator.py took 0.074 seconds
[2025-09-25T05:41:26.058+0000] {processor.py:186} INFO - Started process (PID=1660) to work on /home/airflow/.local/lib/python3.12/site-packages/airflow/example_dags/example_branch_day_of_week_operator.py
[2025-09-25T05:41:26.060+0000] {processor.py:914} INFO - Processing file /home/airflow/.local/lib/python3.12/site-packages/airflow/example_dags/example_branch_day_of_week_operator.py for tasks to queue
[2025-09-25T05:41:26.062+0000] {logging_mixin.py:190} INFO - [2025-09-25T05:41:26.062+0000] {dagbag.py:588} INFO - Filling up the DagBag from /home/airflow/.local/lib/python3.12/site-packages/airflow/example_dags/example_branch_day_of_week_operator.py
[2025-09-25T05:41:26.070+0000] {processor.py:925} INFO - DAG(s) 'example_weekday_branch_operator' retrieved from /home/airflow/.local/lib/python3.12/site-packages/airflow/example_dags/example_branch_day_of_week_operator.py
[2025-09-25T05:41:26.087+0000] {logging_mixin.py:190} INFO - [2025-09-25T05:41:26.087+0000] {dag.py:3239} INFO - Sync 1 DAGs
[2025-09-25T05:41:26.107+0000] {logging_mixin.py:190} INFO - [2025-09-25T05:41:26.106+0000] {dag.py:4180} INFO - Setting next_dagrun for example_weekday_branch_operator to 2025-09-24 00:00:00+00:00, run_after=2025-09-25 00:00:00+00:00
[2025-09-25T05:41:26.123+0000] {processor.py:208} INFO - Processing /home/airflow/.local/lib/python3.12/site-packages/airflow/example_dags/example_branch_day_of_week_operator.py took 0.072 seconds
[2025-09-25T05:41:57.520+0000] {processor.py:186} INFO - Started process (PID=1724) to work on /home/airflow/.local/lib/python3.12/site-packages/airflow/example_dags/example_branch_day_of_week_operator.py
[2025-09-25T05:41:57.521+0000] {processor.py:914} INFO - Processing file /home/airflow/.local/lib/python3.12/site-packages/airflow/example_dags/example_branch_day_of_week_operator.py for tasks to queue
[2025-09-25T05:41:57.523+0000] {logging_mixin.py:190} INFO - [2025-09-25T05:41:57.523+0000] {dagbag.py:588} INFO - Filling up the DagBag from /home/airflow/.local/lib/python3.12/site-packages/airflow/example_dags/example_branch_day_of_week_operator.py
[2025-09-25T05:41:57.533+0000] {processor.py:925} INFO - DAG(s) 'example_weekday_branch_operator' retrieved from /home/airflow/.local/lib/python3.12/site-packages/airflow/example_dags/example_branch_day_of_week_operator.py
[2025-09-25T05:41:57.552+0000] {logging_mixin.py:190} INFO - [2025-09-25T05:41:57.552+0000] {dag.py:3239} INFO - Sync 1 DAGs
[2025-09-25T05:41:57.572+0000] {logging_mixin.py:190} INFO - [2025-09-25T05:41:57.572+0000] {dag.py:4180} INFO - Setting next_dagrun for example_weekday_branch_operator to 2025-09-24 00:00:00+00:00, run_after=2025-09-25 00:00:00+00:00
[2025-09-25T05:41:57.587+0000] {processor.py:208} INFO - Processing /home/airflow/.local/lib/python3.12/site-packages/airflow/example_dags/example_branch_day_of_week_operator.py took 0.072 seconds
[2025-09-25T05:42:28.322+0000] {processor.py:186} INFO - Started process (PID=1790) to work on /home/airflow/.local/lib/python3.12/site-packages/airflow/example_dags/example_branch_day_of_week_operator.py
[2025-09-25T05:42:28.323+0000] {processor.py:914} INFO - Processing file /home/airflow/.local/lib/python3.12/site-packages/airflow/example_dags/example_branch_day_of_week_operator.py for tasks to queue
[2025-09-25T05:42:28.325+0000] {logging_mixin.py:190} INFO - [2025-09-25T05:42:28.325+0000] {dagbag.py:588} INFO - Filling up the DagBag from /home/airflow/.local/lib/python3.12/site-packages/airflow/example_dags/example_branch_day_of_week_operator.py
[2025-09-25T05:42:28.334+0000] {processor.py:925} INFO - DAG(s) 'example_weekday_branch_operator' retrieved from /home/airflow/.local/lib/python3.12/site-packages/airflow/example_dags/example_branch_day_of_week_operator.py
[2025-09-25T05:42:28.352+0000] {logging_mixin.py:190} INFO - [2025-09-25T05:42:28.351+0000] {dag.py:3239} INFO - Sync 1 DAGs
[2025-09-25T05:42:28.371+0000] {logging_mixin.py:190} INFO - [2025-09-25T05:42:28.371+0000] {dag.py:4180} INFO - Setting next_dagrun for example_weekday_branch_operator to 2025-09-24 00:00:00+00:00, run_after=2025-09-25 00:00:00+00:00
[2025-09-25T05:42:28.386+0000] {processor.py:208} INFO - Processing /home/airflow/.local/lib/python3.12/site-packages/airflow/example_dags/example_branch_day_of_week_operator.py took 0.069 seconds
[2025-09-25T05:42:59.157+0000] {processor.py:186} INFO - Started process (PID=1854) to work on /home/airflow/.local/lib/python3.12/site-packages/airflow/example_dags/example_branch_day_of_week_operator.py
[2025-09-25T05:42:59.158+0000] {processor.py:914} INFO - Processing file /home/airflow/.local/lib/python3.12/site-packages/airflow/example_dags/example_branch_day_of_week_operator.py for tasks to queue
[2025-09-25T05:42:59.160+0000] {logging_mixin.py:190} INFO - [2025-09-25T05:42:59.160+0000] {dagbag.py:588} INFO - Filling up the DagBag from /home/airflow/.local/lib/python3.12/site-packages/airflow/example_dags/example_branch_day_of_week_operator.py
[2025-09-25T05:42:59.168+0000] {processor.py:925} INFO - DAG(s) 'example_weekday_branch_operator' retrieved from /home/airflow/.local/lib/python3.12/site-packages/airflow/example_dags/example_branch_day_of_week_operator.py
[2025-09-25T05:42:59.185+0000] {logging_mixin.py:190} INFO - [2025-09-25T05:42:59.184+0000] {dag.py:3239} INFO - Sync 1 DAGs
[2025-09-25T05:42:59.205+0000] {logging_mixin.py:190} INFO - [2025-09-25T05:42:59.204+0000] {dag.py:4180} INFO - Setting next_dagrun for example_weekday_branch_operator to 2025-09-24 00:00:00+00:00, run_after=2025-09-25 00:00:00+00:00
[2025-09-25T05:42:59.221+0000] {processor.py:208} INFO - Processing /home/airflow/.local/lib/python3.12/site-packages/airflow/example_dags/example_branch_day_of_week_operator.py took 0.069 seconds
[2025-09-25T05:43:31.033+0000] {processor.py:186} INFO - Started process (PID=1920) to work on /home/airflow/.local/lib/python3.12/site-packages/airflow/example_dags/example_branch_day_of_week_operator.py
[2025-09-25T05:43:31.034+0000] {processor.py:914} INFO - Processing file /home/airflow/.local/lib/python3.12/site-packages/airflow/example_dags/example_branch_day_of_week_operator.py for tasks to queue
[2025-09-25T05:43:31.036+0000] {logging_mixin.py:190} INFO - [2025-09-25T05:43:31.036+0000] {dagbag.py:588} INFO - Filling up the DagBag from /home/airflow/.local/lib/python3.12/site-packages/airflow/example_dags/example_branch_day_of_week_operator.py
[2025-09-25T05:43:31.045+0000] {processor.py:925} INFO - DAG(s) 'example_weekday_branch_operator' retrieved from /home/airflow/.local/lib/python3.12/site-packages/airflow/example_dags/example_branch_day_of_week_operator.py
[2025-09-25T05:43:31.061+0000] {logging_mixin.py:190} INFO - [2025-09-25T05:43:31.061+0000] {dag.py:3239} INFO - Sync 1 DAGs
[2025-09-25T05:43:31.081+0000] {logging_mixin.py:190} INFO - [2025-09-25T05:43:31.080+0000] {dag.py:4180} INFO - Setting next_dagrun for example_weekday_branch_operator to 2025-09-24 00:00:00+00:00, run_after=2025-09-25 00:00:00+00:00
[2025-09-25T05:43:31.095+0000] {processor.py:208} INFO - Processing /home/airflow/.local/lib/python3.12/site-packages/airflow/example_dags/example_branch_day_of_week_operator.py took 0.068 seconds
[2025-09-25T05:44:01.595+0000] {processor.py:186} INFO - Started process (PID=1985) to work on /home/airflow/.local/lib/python3.12/site-packages/airflow/example_dags/example_branch_day_of_week_operator.py
[2025-09-25T05:44:01.596+0000] {processor.py:914} INFO - Processing file /home/airflow/.local/lib/python3.12/site-packages/airflow/example_dags/example_branch_day_of_week_operator.py for tasks to queue
[2025-09-25T05:44:01.598+0000] {logging_mixin.py:190} INFO - [2025-09-25T05:44:01.598+0000] {dagbag.py:588} INFO - Filling up the DagBag from /home/airflow/.local/lib/python3.12/site-packages/airflow/example_dags/example_branch_day_of_week_operator.py
[2025-09-25T05:44:01.606+0000] {processor.py:925} INFO - DAG(s) 'example_weekday_branch_operator' retrieved from /home/airflow/.local/lib/python3.12/site-packages/airflow/example_dags/example_branch_day_of_week_operator.py
[2025-09-25T05:44:01.623+0000] {logging_mixin.py:190} INFO - [2025-09-25T05:44:01.623+0000] {dag.py:3239} INFO - Sync 1 DAGs
[2025-09-25T05:44:01.647+0000] {logging_mixin.py:190} INFO - [2025-09-25T05:44:01.647+0000] {dag.py:4180} INFO - Setting next_dagrun for example_weekday_branch_operator to 2025-09-24 00:00:00+00:00, run_after=2025-09-25 00:00:00+00:00
[2025-09-25T05:44:01.666+0000] {processor.py:208} INFO - Processing /home/airflow/.local/lib/python3.12/site-packages/airflow/example_dags/example_branch_day_of_week_operator.py took 0.076 seconds
[2025-09-25T05:44:32.367+0000] {processor.py:186} INFO - Started process (PID=2050) to work on /home/airflow/.local/lib/python3.12/site-packages/airflow/example_dags/example_branch_day_of_week_operator.py
[2025-09-25T05:44:32.368+0000] {processor.py:914} INFO - Processing file /home/airflow/.local/lib/python3.12/site-packages/airflow/example_dags/example_branch_day_of_week_operator.py for tasks to queue
[2025-09-25T05:44:32.370+0000] {logging_mixin.py:190} INFO - [2025-09-25T05:44:32.370+0000] {dagbag.py:588} INFO - Filling up the DagBag from /home/airflow/.local/lib/python3.12/site-packages/airflow/example_dags/example_branch_day_of_week_operator.py
[2025-09-25T05:44:32.379+0000] {processor.py:925} INFO - DAG(s) 'example_weekday_branch_operator' retrieved from /home/airflow/.local/lib/python3.12/site-packages/airflow/example_dags/example_branch_day_of_week_operator.py
[2025-09-25T05:44:32.396+0000] {logging_mixin.py:190} INFO - [2025-09-25T05:44:32.396+0000] {dag.py:3239} INFO - Sync 1 DAGs
[2025-09-25T05:44:32.415+0000] {logging_mixin.py:190} INFO - [2025-09-25T05:44:32.415+0000] {dag.py:4180} INFO - Setting next_dagrun for example_weekday_branch_operator to 2025-09-24 00:00:00+00:00, run_after=2025-09-25 00:00:00+00:00
[2025-09-25T05:44:32.429+0000] {processor.py:208} INFO - Processing /home/airflow/.local/lib/python3.12/site-packages/airflow/example_dags/example_branch_day_of_week_operator.py took 0.068 seconds
