[2025-09-25T05:12:43.441+0000] {processor.py:186} INFO - Started process (PID=103) to work on /home/airflow/.local/lib/python3.12/site-packages/airflow/example_dags/example_sla_dag.py
[2025-09-25T05:12:43.442+0000] {processor.py:914} INFO - Processing file /home/airflow/.local/lib/python3.12/site-packages/airflow/example_dags/example_sla_dag.py for tasks to queue
[2025-09-25T05:12:43.444+0000] {logging_mixin.py:190} INFO - [2025-09-25T05:12:43.444+0000] {dagbag.py:588} INFO - Filling up the DagBag from /home/airflow/.local/lib/python3.12/site-packages/airflow/example_dags/example_sla_dag.py
[2025-09-25T05:12:43.455+0000] {processor.py:925} INFO - DAG(s) 'example_sla_dag' retrieved from /home/airflow/.local/lib/python3.12/site-packages/airflow/example_dags/example_sla_dag.py
[2025-09-25T05:12:43.471+0000] {logging_mixin.py:190} INFO - [2025-09-25T05:12:43.471+0000] {dag.py:3239} INFO - Sync 1 DAGs
[2025-09-25T05:12:43.492+0000] {logging_mixin.py:190} INFO - [2025-09-25T05:12:43.492+0000] {dag.py:4180} INFO - Setting next_dagrun for example_sla_dag to 2025-09-25 05:10:00+00:00, run_after=2025-09-25 05:12:00+00:00
[2025-09-25T05:12:43.509+0000] {processor.py:208} INFO - Processing /home/airflow/.local/lib/python3.12/site-packages/airflow/example_dags/example_sla_dag.py took 0.075 seconds
[2025-09-25T05:13:13.711+0000] {processor.py:186} INFO - Started process (PID=168) to work on /home/airflow/.local/lib/python3.12/site-packages/airflow/example_dags/example_sla_dag.py
[2025-09-25T05:13:13.712+0000] {processor.py:914} INFO - Processing file /home/airflow/.local/lib/python3.12/site-packages/airflow/example_dags/example_sla_dag.py for tasks to queue
[2025-09-25T05:13:13.714+0000] {logging_mixin.py:190} INFO - [2025-09-25T05:13:13.714+0000] {dagbag.py:588} INFO - Filling up the DagBag from /home/airflow/.local/lib/python3.12/site-packages/airflow/example_dags/example_sla_dag.py
[2025-09-25T05:13:13.725+0000] {processor.py:925} INFO - DAG(s) 'example_sla_dag' retrieved from /home/airflow/.local/lib/python3.12/site-packages/airflow/example_dags/example_sla_dag.py
[2025-09-25T05:13:13.744+0000] {logging_mixin.py:190} INFO - [2025-09-25T05:13:13.744+0000] {dag.py:3239} INFO - Sync 1 DAGs
[2025-09-25T05:13:13.767+0000] {logging_mixin.py:190} INFO - [2025-09-25T05:13:13.766+0000] {dag.py:4180} INFO - Setting next_dagrun for example_sla_dag to 2025-09-25 05:10:00+00:00, run_after=2025-09-25 05:12:00+00:00
[2025-09-25T05:13:13.785+0000] {processor.py:208} INFO - Processing /home/airflow/.local/lib/python3.12/site-packages/airflow/example_dags/example_sla_dag.py took 0.080 seconds
[2025-09-25T05:13:44.553+0000] {processor.py:186} INFO - Started process (PID=233) to work on /home/airflow/.local/lib/python3.12/site-packages/airflow/example_dags/example_sla_dag.py
[2025-09-25T05:13:44.554+0000] {processor.py:914} INFO - Processing file /home/airflow/.local/lib/python3.12/site-packages/airflow/example_dags/example_sla_dag.py for tasks to queue
[2025-09-25T05:13:44.557+0000] {logging_mixin.py:190} INFO - [2025-09-25T05:13:44.556+0000] {dagbag.py:588} INFO - Filling up the DagBag from /home/airflow/.local/lib/python3.12/site-packages/airflow/example_dags/example_sla_dag.py
[2025-09-25T05:13:44.568+0000] {processor.py:925} INFO - DAG(s) 'example_sla_dag' retrieved from /home/airflow/.local/lib/python3.12/site-packages/airflow/example_dags/example_sla_dag.py
[2025-09-25T05:13:44.587+0000] {logging_mixin.py:190} INFO - [2025-09-25T05:13:44.587+0000] {dag.py:3239} INFO - Sync 1 DAGs
[2025-09-25T05:13:44.609+0000] {logging_mixin.py:190} INFO - [2025-09-25T05:13:44.609+0000] {dag.py:4180} INFO - Setting next_dagrun for example_sla_dag to 2025-09-25 05:10:00+00:00, run_after=2025-09-25 05:12:00+00:00
[2025-09-25T05:13:44.625+0000] {processor.py:208} INFO - Processing /home/airflow/.local/lib/python3.12/site-packages/airflow/example_dags/example_sla_dag.py took 0.079 seconds
[2025-09-25T05:14:15.686+0000] {processor.py:186} INFO - Started process (PID=298) to work on /home/airflow/.local/lib/python3.12/site-packages/airflow/example_dags/example_sla_dag.py
[2025-09-25T05:14:15.687+0000] {processor.py:914} INFO - Processing file /home/airflow/.local/lib/python3.12/site-packages/airflow/example_dags/example_sla_dag.py for tasks to queue
[2025-09-25T05:14:15.689+0000] {logging_mixin.py:190} INFO - [2025-09-25T05:14:15.689+0000] {dagbag.py:588} INFO - Filling up the DagBag from /home/airflow/.local/lib/python3.12/site-packages/airflow/example_dags/example_sla_dag.py
[2025-09-25T05:14:15.698+0000] {processor.py:925} INFO - DAG(s) 'example_sla_dag' retrieved from /home/airflow/.local/lib/python3.12/site-packages/airflow/example_dags/example_sla_dag.py
[2025-09-25T05:14:15.716+0000] {logging_mixin.py:190} INFO - [2025-09-25T05:14:15.715+0000] {dag.py:3239} INFO - Sync 1 DAGs
[2025-09-25T05:14:15.737+0000] {logging_mixin.py:190} INFO - [2025-09-25T05:14:15.737+0000] {dag.py:4180} INFO - Setting next_dagrun for example_sla_dag to 2025-09-25 05:12:00+00:00, run_after=2025-09-25 05:14:00+00:00
[2025-09-25T05:14:15.751+0000] {processor.py:208} INFO - Processing /home/airflow/.local/lib/python3.12/site-packages/airflow/example_dags/example_sla_dag.py took 0.070 seconds
[2025-09-25T05:14:45.886+0000] {processor.py:186} INFO - Started process (PID=363) to work on /home/airflow/.local/lib/python3.12/site-packages/airflow/example_dags/example_sla_dag.py
[2025-09-25T05:14:45.887+0000] {processor.py:914} INFO - Processing file /home/airflow/.local/lib/python3.12/site-packages/airflow/example_dags/example_sla_dag.py for tasks to queue
[2025-09-25T05:14:45.889+0000] {logging_mixin.py:190} INFO - [2025-09-25T05:14:45.888+0000] {dagbag.py:588} INFO - Filling up the DagBag from /home/airflow/.local/lib/python3.12/site-packages/airflow/example_dags/example_sla_dag.py
[2025-09-25T05:14:45.899+0000] {processor.py:925} INFO - DAG(s) 'example_sla_dag' retrieved from /home/airflow/.local/lib/python3.12/site-packages/airflow/example_dags/example_sla_dag.py
[2025-09-25T05:14:45.916+0000] {logging_mixin.py:190} INFO - [2025-09-25T05:14:45.915+0000] {dag.py:3239} INFO - Sync 1 DAGs
[2025-09-25T05:14:45.937+0000] {logging_mixin.py:190} INFO - [2025-09-25T05:14:45.937+0000] {dag.py:4180} INFO - Setting next_dagrun for example_sla_dag to 2025-09-25 05:12:00+00:00, run_after=2025-09-25 05:14:00+00:00
[2025-09-25T05:14:45.956+0000] {processor.py:208} INFO - Processing /home/airflow/.local/lib/python3.12/site-packages/airflow/example_dags/example_sla_dag.py took 0.076 seconds
[2025-09-25T05:15:16.762+0000] {processor.py:186} INFO - Started process (PID=428) to work on /home/airflow/.local/lib/python3.12/site-packages/airflow/example_dags/example_sla_dag.py
[2025-09-25T05:15:16.764+0000] {processor.py:914} INFO - Processing file /home/airflow/.local/lib/python3.12/site-packages/airflow/example_dags/example_sla_dag.py for tasks to queue
[2025-09-25T05:15:16.766+0000] {logging_mixin.py:190} INFO - [2025-09-25T05:15:16.765+0000] {dagbag.py:588} INFO - Filling up the DagBag from /home/airflow/.local/lib/python3.12/site-packages/airflow/example_dags/example_sla_dag.py
[2025-09-25T05:15:16.776+0000] {processor.py:925} INFO - DAG(s) 'example_sla_dag' retrieved from /home/airflow/.local/lib/python3.12/site-packages/airflow/example_dags/example_sla_dag.py
[2025-09-25T05:15:16.796+0000] {logging_mixin.py:190} INFO - [2025-09-25T05:15:16.796+0000] {dag.py:3239} INFO - Sync 1 DAGs
[2025-09-25T05:15:16.820+0000] {logging_mixin.py:190} INFO - [2025-09-25T05:15:16.820+0000] {dag.py:4180} INFO - Setting next_dagrun for example_sla_dag to 2025-09-25 05:12:00+00:00, run_after=2025-09-25 05:14:00+00:00
[2025-09-25T05:15:16.837+0000] {processor.py:208} INFO - Processing /home/airflow/.local/lib/python3.12/site-packages/airflow/example_dags/example_sla_dag.py took 0.080 seconds
[2025-09-25T05:15:48.317+0000] {processor.py:186} INFO - Started process (PID=493) to work on /home/airflow/.local/lib/python3.12/site-packages/airflow/example_dags/example_sla_dag.py
[2025-09-25T05:15:48.318+0000] {processor.py:914} INFO - Processing file /home/airflow/.local/lib/python3.12/site-packages/airflow/example_dags/example_sla_dag.py for tasks to queue
[2025-09-25T05:15:48.320+0000] {logging_mixin.py:190} INFO - [2025-09-25T05:15:48.320+0000] {dagbag.py:588} INFO - Filling up the DagBag from /home/airflow/.local/lib/python3.12/site-packages/airflow/example_dags/example_sla_dag.py
[2025-09-25T05:15:48.332+0000] {processor.py:925} INFO - DAG(s) 'example_sla_dag' retrieved from /home/airflow/.local/lib/python3.12/site-packages/airflow/example_dags/example_sla_dag.py
[2025-09-25T05:15:48.354+0000] {logging_mixin.py:190} INFO - [2025-09-25T05:15:48.353+0000] {dag.py:3239} INFO - Sync 1 DAGs
[2025-09-25T05:15:48.387+0000] {logging_mixin.py:190} INFO - [2025-09-25T05:15:48.387+0000] {dag.py:4180} INFO - Setting next_dagrun for example_sla_dag to 2025-09-25 05:12:00+00:00, run_after=2025-09-25 05:14:00+00:00
[2025-09-25T05:15:48.405+0000] {processor.py:208} INFO - Processing /home/airflow/.local/lib/python3.12/site-packages/airflow/example_dags/example_sla_dag.py took 0.094 seconds
[2025-09-25T05:16:19.294+0000] {processor.py:186} INFO - Started process (PID=558) to work on /home/airflow/.local/lib/python3.12/site-packages/airflow/example_dags/example_sla_dag.py
[2025-09-25T05:16:19.295+0000] {processor.py:914} INFO - Processing file /home/airflow/.local/lib/python3.12/site-packages/airflow/example_dags/example_sla_dag.py for tasks to queue
[2025-09-25T05:16:19.297+0000] {logging_mixin.py:190} INFO - [2025-09-25T05:16:19.297+0000] {dagbag.py:588} INFO - Filling up the DagBag from /home/airflow/.local/lib/python3.12/site-packages/airflow/example_dags/example_sla_dag.py
[2025-09-25T05:16:19.307+0000] {processor.py:925} INFO - DAG(s) 'example_sla_dag' retrieved from /home/airflow/.local/lib/python3.12/site-packages/airflow/example_dags/example_sla_dag.py
[2025-09-25T05:16:19.324+0000] {logging_mixin.py:190} INFO - [2025-09-25T05:16:19.324+0000] {dag.py:3239} INFO - Sync 1 DAGs
[2025-09-25T05:16:19.346+0000] {logging_mixin.py:190} INFO - [2025-09-25T05:16:19.345+0000] {dag.py:4180} INFO - Setting next_dagrun for example_sla_dag to 2025-09-25 05:14:00+00:00, run_after=2025-09-25 05:16:00+00:00
[2025-09-25T05:16:19.361+0000] {processor.py:208} INFO - Processing /home/airflow/.local/lib/python3.12/site-packages/airflow/example_dags/example_sla_dag.py took 0.076 seconds
[2025-09-25T05:16:49.897+0000] {processor.py:186} INFO - Started process (PID=623) to work on /home/airflow/.local/lib/python3.12/site-packages/airflow/example_dags/example_sla_dag.py
[2025-09-25T05:16:49.898+0000] {processor.py:914} INFO - Processing file /home/airflow/.local/lib/python3.12/site-packages/airflow/example_dags/example_sla_dag.py for tasks to queue
[2025-09-25T05:16:49.900+0000] {logging_mixin.py:190} INFO - [2025-09-25T05:16:49.900+0000] {dagbag.py:588} INFO - Filling up the DagBag from /home/airflow/.local/lib/python3.12/site-packages/airflow/example_dags/example_sla_dag.py
[2025-09-25T05:16:49.910+0000] {processor.py:925} INFO - DAG(s) 'example_sla_dag' retrieved from /home/airflow/.local/lib/python3.12/site-packages/airflow/example_dags/example_sla_dag.py
[2025-09-25T05:16:49.926+0000] {logging_mixin.py:190} INFO - [2025-09-25T05:16:49.926+0000] {dag.py:3239} INFO - Sync 1 DAGs
[2025-09-25T05:16:49.947+0000] {logging_mixin.py:190} INFO - [2025-09-25T05:16:49.946+0000] {dag.py:4180} INFO - Setting next_dagrun for example_sla_dag to 2025-09-25 05:14:00+00:00, run_after=2025-09-25 05:16:00+00:00
[2025-09-25T05:16:49.961+0000] {processor.py:208} INFO - Processing /home/airflow/.local/lib/python3.12/site-packages/airflow/example_dags/example_sla_dag.py took 0.069 seconds
[2025-09-25T05:17:20.518+0000] {processor.py:186} INFO - Started process (PID=688) to work on /home/airflow/.local/lib/python3.12/site-packages/airflow/example_dags/example_sla_dag.py
[2025-09-25T05:17:20.519+0000] {processor.py:914} INFO - Processing file /home/airflow/.local/lib/python3.12/site-packages/airflow/example_dags/example_sla_dag.py for tasks to queue
[2025-09-25T05:17:20.521+0000] {logging_mixin.py:190} INFO - [2025-09-25T05:17:20.521+0000] {dagbag.py:588} INFO - Filling up the DagBag from /home/airflow/.local/lib/python3.12/site-packages/airflow/example_dags/example_sla_dag.py
[2025-09-25T05:17:20.534+0000] {processor.py:925} INFO - DAG(s) 'example_sla_dag' retrieved from /home/airflow/.local/lib/python3.12/site-packages/airflow/example_dags/example_sla_dag.py
[2025-09-25T05:17:20.551+0000] {logging_mixin.py:190} INFO - [2025-09-25T05:17:20.551+0000] {dag.py:3239} INFO - Sync 1 DAGs
[2025-09-25T05:17:20.572+0000] {logging_mixin.py:190} INFO - [2025-09-25T05:17:20.572+0000] {dag.py:4180} INFO - Setting next_dagrun for example_sla_dag to 2025-09-25 05:14:00+00:00, run_after=2025-09-25 05:16:00+00:00
[2025-09-25T05:17:20.586+0000] {processor.py:208} INFO - Processing /home/airflow/.local/lib/python3.12/site-packages/airflow/example_dags/example_sla_dag.py took 0.073 seconds
[2025-09-25T05:17:52.039+0000] {processor.py:186} INFO - Started process (PID=753) to work on /home/airflow/.local/lib/python3.12/site-packages/airflow/example_dags/example_sla_dag.py
[2025-09-25T05:17:52.041+0000] {processor.py:914} INFO - Processing file /home/airflow/.local/lib/python3.12/site-packages/airflow/example_dags/example_sla_dag.py for tasks to queue
[2025-09-25T05:17:52.043+0000] {logging_mixin.py:190} INFO - [2025-09-25T05:17:52.042+0000] {dagbag.py:588} INFO - Filling up the DagBag from /home/airflow/.local/lib/python3.12/site-packages/airflow/example_dags/example_sla_dag.py
[2025-09-25T05:17:52.052+0000] {processor.py:925} INFO - DAG(s) 'example_sla_dag' retrieved from /home/airflow/.local/lib/python3.12/site-packages/airflow/example_dags/example_sla_dag.py
[2025-09-25T05:17:52.068+0000] {logging_mixin.py:190} INFO - [2025-09-25T05:17:52.068+0000] {dag.py:3239} INFO - Sync 1 DAGs
[2025-09-25T05:17:52.089+0000] {logging_mixin.py:190} INFO - [2025-09-25T05:17:52.089+0000] {dag.py:4180} INFO - Setting next_dagrun for example_sla_dag to 2025-09-25 05:14:00+00:00, run_after=2025-09-25 05:16:00+00:00
[2025-09-25T05:17:52.105+0000] {processor.py:208} INFO - Processing /home/airflow/.local/lib/python3.12/site-packages/airflow/example_dags/example_sla_dag.py took 0.071 seconds
[2025-09-25T05:18:23.618+0000] {processor.py:186} INFO - Started process (PID=818) to work on /home/airflow/.local/lib/python3.12/site-packages/airflow/example_dags/example_sla_dag.py
[2025-09-25T05:18:23.620+0000] {processor.py:914} INFO - Processing file /home/airflow/.local/lib/python3.12/site-packages/airflow/example_dags/example_sla_dag.py for tasks to queue
[2025-09-25T05:18:23.622+0000] {logging_mixin.py:190} INFO - [2025-09-25T05:18:23.621+0000] {dagbag.py:588} INFO - Filling up the DagBag from /home/airflow/.local/lib/python3.12/site-packages/airflow/example_dags/example_sla_dag.py
[2025-09-25T05:18:23.631+0000] {processor.py:925} INFO - DAG(s) 'example_sla_dag' retrieved from /home/airflow/.local/lib/python3.12/site-packages/airflow/example_dags/example_sla_dag.py
[2025-09-25T05:18:23.648+0000] {logging_mixin.py:190} INFO - [2025-09-25T05:18:23.648+0000] {dag.py:3239} INFO - Sync 1 DAGs
[2025-09-25T05:18:23.669+0000] {logging_mixin.py:190} INFO - [2025-09-25T05:18:23.669+0000] {dag.py:4180} INFO - Setting next_dagrun for example_sla_dag to 2025-09-25 05:16:00+00:00, run_after=2025-09-25 05:18:00+00:00
[2025-09-25T05:18:23.684+0000] {processor.py:208} INFO - Processing /home/airflow/.local/lib/python3.12/site-packages/airflow/example_dags/example_sla_dag.py took 0.071 seconds
[2025-09-25T05:18:54.835+0000] {processor.py:186} INFO - Started process (PID=883) to work on /home/airflow/.local/lib/python3.12/site-packages/airflow/example_dags/example_sla_dag.py
[2025-09-25T05:18:54.836+0000] {processor.py:914} INFO - Processing file /home/airflow/.local/lib/python3.12/site-packages/airflow/example_dags/example_sla_dag.py for tasks to queue
[2025-09-25T05:18:54.838+0000] {logging_mixin.py:190} INFO - [2025-09-25T05:18:54.838+0000] {dagbag.py:588} INFO - Filling up the DagBag from /home/airflow/.local/lib/python3.12/site-packages/airflow/example_dags/example_sla_dag.py
[2025-09-25T05:18:54.850+0000] {processor.py:925} INFO - DAG(s) 'example_sla_dag' retrieved from /home/airflow/.local/lib/python3.12/site-packages/airflow/example_dags/example_sla_dag.py
[2025-09-25T05:18:54.867+0000] {logging_mixin.py:190} INFO - [2025-09-25T05:18:54.867+0000] {dag.py:3239} INFO - Sync 1 DAGs
[2025-09-25T05:18:54.890+0000] {logging_mixin.py:190} INFO - [2025-09-25T05:18:54.889+0000] {dag.py:4180} INFO - Setting next_dagrun for example_sla_dag to 2025-09-25 05:16:00+00:00, run_after=2025-09-25 05:18:00+00:00
[2025-09-25T05:18:54.905+0000] {processor.py:208} INFO - Processing /home/airflow/.local/lib/python3.12/site-packages/airflow/example_dags/example_sla_dag.py took 0.076 seconds
[2025-09-25T05:19:26.110+0000] {processor.py:186} INFO - Started process (PID=954) to work on /home/airflow/.local/lib/python3.12/site-packages/airflow/example_dags/example_sla_dag.py
[2025-09-25T05:19:26.112+0000] {processor.py:914} INFO - Processing file /home/airflow/.local/lib/python3.12/site-packages/airflow/example_dags/example_sla_dag.py for tasks to queue
[2025-09-25T05:19:26.115+0000] {logging_mixin.py:190} INFO - [2025-09-25T05:19:26.114+0000] {dagbag.py:588} INFO - Filling up the DagBag from /home/airflow/.local/lib/python3.12/site-packages/airflow/example_dags/example_sla_dag.py
[2025-09-25T05:19:26.131+0000] {processor.py:925} INFO - DAG(s) 'example_sla_dag' retrieved from /home/airflow/.local/lib/python3.12/site-packages/airflow/example_dags/example_sla_dag.py
[2025-09-25T05:19:26.149+0000] {logging_mixin.py:190} INFO - [2025-09-25T05:19:26.149+0000] {dag.py:3239} INFO - Sync 1 DAGs
[2025-09-25T05:19:26.179+0000] {logging_mixin.py:190} INFO - [2025-09-25T05:19:26.179+0000] {dag.py:4180} INFO - Setting next_dagrun for example_sla_dag to 2025-09-25 05:16:00+00:00, run_after=2025-09-25 05:18:00+00:00
[2025-09-25T05:19:26.195+0000] {processor.py:208} INFO - Processing /home/airflow/.local/lib/python3.12/site-packages/airflow/example_dags/example_sla_dag.py took 0.093 seconds
[2025-09-25T05:19:57.103+0000] {processor.py:186} INFO - Started process (PID=1019) to work on /home/airflow/.local/lib/python3.12/site-packages/airflow/example_dags/example_sla_dag.py
[2025-09-25T05:19:57.113+0000] {processor.py:914} INFO - Processing file /home/airflow/.local/lib/python3.12/site-packages/airflow/example_dags/example_sla_dag.py for tasks to queue
[2025-09-25T05:19:57.117+0000] {logging_mixin.py:190} INFO - [2025-09-25T05:19:57.116+0000] {dagbag.py:588} INFO - Filling up the DagBag from /home/airflow/.local/lib/python3.12/site-packages/airflow/example_dags/example_sla_dag.py
[2025-09-25T05:19:57.130+0000] {processor.py:925} INFO - DAG(s) 'example_sla_dag' retrieved from /home/airflow/.local/lib/python3.12/site-packages/airflow/example_dags/example_sla_dag.py
[2025-09-25T05:19:57.165+0000] {logging_mixin.py:190} INFO - [2025-09-25T05:19:57.164+0000] {dag.py:3239} INFO - Sync 1 DAGs
[2025-09-25T05:19:57.197+0000] {logging_mixin.py:190} INFO - [2025-09-25T05:19:57.197+0000] {dag.py:4180} INFO - Setting next_dagrun for example_sla_dag to 2025-09-25 05:16:00+00:00, run_after=2025-09-25 05:18:00+00:00
[2025-09-25T05:19:57.218+0000] {processor.py:208} INFO - Processing /home/airflow/.local/lib/python3.12/site-packages/airflow/example_dags/example_sla_dag.py took 0.123 seconds
[2025-09-25T05:25:44.345+0000] {processor.py:186} INFO - Started process (PID=103) to work on /home/airflow/.local/lib/python3.12/site-packages/airflow/example_dags/example_sla_dag.py
[2025-09-25T05:25:44.346+0000] {processor.py:914} INFO - Processing file /home/airflow/.local/lib/python3.12/site-packages/airflow/example_dags/example_sla_dag.py for tasks to queue
[2025-09-25T05:25:44.348+0000] {logging_mixin.py:190} INFO - [2025-09-25T05:25:44.348+0000] {dagbag.py:588} INFO - Filling up the DagBag from /home/airflow/.local/lib/python3.12/site-packages/airflow/example_dags/example_sla_dag.py
[2025-09-25T05:25:44.359+0000] {processor.py:925} INFO - DAG(s) 'example_sla_dag' retrieved from /home/airflow/.local/lib/python3.12/site-packages/airflow/example_dags/example_sla_dag.py
[2025-09-25T05:25:44.456+0000] {logging_mixin.py:190} INFO - [2025-09-25T05:25:44.455+0000] {dag.py:3239} INFO - Sync 1 DAGs
[2025-09-25T05:25:44.480+0000] {logging_mixin.py:190} INFO - [2025-09-25T05:25:44.480+0000] {dag.py:4180} INFO - Setting next_dagrun for example_sla_dag to 2025-09-25 05:22:00+00:00, run_after=2025-09-25 05:24:00+00:00
[2025-09-25T05:25:44.496+0000] {processor.py:208} INFO - Processing /home/airflow/.local/lib/python3.12/site-packages/airflow/example_dags/example_sla_dag.py took 0.157 seconds
[2025-09-25T05:26:14.715+0000] {processor.py:186} INFO - Started process (PID=168) to work on /home/airflow/.local/lib/python3.12/site-packages/airflow/example_dags/example_sla_dag.py
[2025-09-25T05:26:14.716+0000] {processor.py:914} INFO - Processing file /home/airflow/.local/lib/python3.12/site-packages/airflow/example_dags/example_sla_dag.py for tasks to queue
[2025-09-25T05:26:14.718+0000] {logging_mixin.py:190} INFO - [2025-09-25T05:26:14.718+0000] {dagbag.py:588} INFO - Filling up the DagBag from /home/airflow/.local/lib/python3.12/site-packages/airflow/example_dags/example_sla_dag.py
[2025-09-25T05:26:14.727+0000] {processor.py:925} INFO - DAG(s) 'example_sla_dag' retrieved from /home/airflow/.local/lib/python3.12/site-packages/airflow/example_dags/example_sla_dag.py
[2025-09-25T05:26:14.744+0000] {logging_mixin.py:190} INFO - [2025-09-25T05:26:14.744+0000] {dag.py:3239} INFO - Sync 1 DAGs
[2025-09-25T05:26:14.765+0000] {logging_mixin.py:190} INFO - [2025-09-25T05:26:14.765+0000] {dag.py:4180} INFO - Setting next_dagrun for example_sla_dag to 2025-09-25 05:24:00+00:00, run_after=2025-09-25 05:26:00+00:00
[2025-09-25T05:26:14.779+0000] {processor.py:208} INFO - Processing /home/airflow/.local/lib/python3.12/site-packages/airflow/example_dags/example_sla_dag.py took 0.070 seconds
[2025-09-25T05:26:45.078+0000] {processor.py:186} INFO - Started process (PID=233) to work on /home/airflow/.local/lib/python3.12/site-packages/airflow/example_dags/example_sla_dag.py
[2025-09-25T05:26:45.079+0000] {processor.py:914} INFO - Processing file /home/airflow/.local/lib/python3.12/site-packages/airflow/example_dags/example_sla_dag.py for tasks to queue
[2025-09-25T05:26:45.082+0000] {logging_mixin.py:190} INFO - [2025-09-25T05:26:45.082+0000] {dagbag.py:588} INFO - Filling up the DagBag from /home/airflow/.local/lib/python3.12/site-packages/airflow/example_dags/example_sla_dag.py
[2025-09-25T05:26:45.094+0000] {processor.py:925} INFO - DAG(s) 'example_sla_dag' retrieved from /home/airflow/.local/lib/python3.12/site-packages/airflow/example_dags/example_sla_dag.py
[2025-09-25T05:26:45.112+0000] {logging_mixin.py:190} INFO - [2025-09-25T05:26:45.112+0000] {dag.py:3239} INFO - Sync 1 DAGs
[2025-09-25T05:26:45.135+0000] {logging_mixin.py:190} INFO - [2025-09-25T05:26:45.135+0000] {dag.py:4180} INFO - Setting next_dagrun for example_sla_dag to 2025-09-25 05:24:00+00:00, run_after=2025-09-25 05:26:00+00:00
[2025-09-25T05:26:45.150+0000] {processor.py:208} INFO - Processing /home/airflow/.local/lib/python3.12/site-packages/airflow/example_dags/example_sla_dag.py took 0.077 seconds
[2025-09-25T05:27:15.784+0000] {processor.py:186} INFO - Started process (PID=298) to work on /home/airflow/.local/lib/python3.12/site-packages/airflow/example_dags/example_sla_dag.py
[2025-09-25T05:27:15.785+0000] {processor.py:914} INFO - Processing file /home/airflow/.local/lib/python3.12/site-packages/airflow/example_dags/example_sla_dag.py for tasks to queue
[2025-09-25T05:27:15.787+0000] {logging_mixin.py:190} INFO - [2025-09-25T05:27:15.787+0000] {dagbag.py:588} INFO - Filling up the DagBag from /home/airflow/.local/lib/python3.12/site-packages/airflow/example_dags/example_sla_dag.py
[2025-09-25T05:27:15.796+0000] {processor.py:925} INFO - DAG(s) 'example_sla_dag' retrieved from /home/airflow/.local/lib/python3.12/site-packages/airflow/example_dags/example_sla_dag.py
[2025-09-25T05:27:15.812+0000] {logging_mixin.py:190} INFO - [2025-09-25T05:27:15.812+0000] {dag.py:3239} INFO - Sync 1 DAGs
[2025-09-25T05:27:15.833+0000] {logging_mixin.py:190} INFO - [2025-09-25T05:27:15.833+0000] {dag.py:4180} INFO - Setting next_dagrun for example_sla_dag to 2025-09-25 05:24:00+00:00, run_after=2025-09-25 05:26:00+00:00
[2025-09-25T05:27:15.846+0000] {processor.py:208} INFO - Processing /home/airflow/.local/lib/python3.12/site-packages/airflow/example_dags/example_sla_dag.py took 0.068 seconds
[2025-09-25T05:27:46.510+0000] {processor.py:186} INFO - Started process (PID=363) to work on /home/airflow/.local/lib/python3.12/site-packages/airflow/example_dags/example_sla_dag.py
[2025-09-25T05:27:46.511+0000] {processor.py:914} INFO - Processing file /home/airflow/.local/lib/python3.12/site-packages/airflow/example_dags/example_sla_dag.py for tasks to queue
[2025-09-25T05:27:46.513+0000] {logging_mixin.py:190} INFO - [2025-09-25T05:27:46.513+0000] {dagbag.py:588} INFO - Filling up the DagBag from /home/airflow/.local/lib/python3.12/site-packages/airflow/example_dags/example_sla_dag.py
[2025-09-25T05:27:46.522+0000] {processor.py:925} INFO - DAG(s) 'example_sla_dag' retrieved from /home/airflow/.local/lib/python3.12/site-packages/airflow/example_dags/example_sla_dag.py
[2025-09-25T05:27:46.539+0000] {logging_mixin.py:190} INFO - [2025-09-25T05:27:46.539+0000] {dag.py:3239} INFO - Sync 1 DAGs
[2025-09-25T05:27:46.562+0000] {logging_mixin.py:190} INFO - [2025-09-25T05:27:46.562+0000] {dag.py:4180} INFO - Setting next_dagrun for example_sla_dag to 2025-09-25 05:24:00+00:00, run_after=2025-09-25 05:26:00+00:00
[2025-09-25T05:27:46.578+0000] {processor.py:208} INFO - Processing /home/airflow/.local/lib/python3.12/site-packages/airflow/example_dags/example_sla_dag.py took 0.073 seconds
[2025-09-25T05:28:58.169+0000] {processor.py:186} INFO - Started process (PID=104) to work on /home/airflow/.local/lib/python3.12/site-packages/airflow/example_dags/example_sla_dag.py
[2025-09-25T05:28:58.171+0000] {processor.py:914} INFO - Processing file /home/airflow/.local/lib/python3.12/site-packages/airflow/example_dags/example_sla_dag.py for tasks to queue
[2025-09-25T05:28:58.174+0000] {logging_mixin.py:190} INFO - [2025-09-25T05:28:58.173+0000] {dagbag.py:588} INFO - Filling up the DagBag from /home/airflow/.local/lib/python3.12/site-packages/airflow/example_dags/example_sla_dag.py
[2025-09-25T05:28:58.187+0000] {processor.py:925} INFO - DAG(s) 'example_sla_dag' retrieved from /home/airflow/.local/lib/python3.12/site-packages/airflow/example_dags/example_sla_dag.py
[2025-09-25T05:28:58.205+0000] {logging_mixin.py:190} INFO - [2025-09-25T05:28:58.204+0000] {dag.py:3239} INFO - Sync 1 DAGs
[2025-09-25T05:28:58.228+0000] {logging_mixin.py:190} INFO - [2025-09-25T05:28:58.228+0000] {dag.py:4180} INFO - Setting next_dagrun for example_sla_dag to 2025-09-25 05:26:00+00:00, run_after=2025-09-25 05:28:00+00:00
[2025-09-25T05:28:58.243+0000] {processor.py:208} INFO - Processing /home/airflow/.local/lib/python3.12/site-packages/airflow/example_dags/example_sla_dag.py took 0.079 seconds
[2025-09-25T05:29:28.349+0000] {processor.py:186} INFO - Started process (PID=170) to work on /home/airflow/.local/lib/python3.12/site-packages/airflow/example_dags/example_sla_dag.py
[2025-09-25T05:29:28.350+0000] {processor.py:914} INFO - Processing file /home/airflow/.local/lib/python3.12/site-packages/airflow/example_dags/example_sla_dag.py for tasks to queue
[2025-09-25T05:29:28.352+0000] {logging_mixin.py:190} INFO - [2025-09-25T05:29:28.352+0000] {dagbag.py:588} INFO - Filling up the DagBag from /home/airflow/.local/lib/python3.12/site-packages/airflow/example_dags/example_sla_dag.py
[2025-09-25T05:29:28.361+0000] {processor.py:925} INFO - DAG(s) 'example_sla_dag' retrieved from /home/airflow/.local/lib/python3.12/site-packages/airflow/example_dags/example_sla_dag.py
[2025-09-25T05:29:28.375+0000] {logging_mixin.py:190} INFO - [2025-09-25T05:29:28.375+0000] {dag.py:3239} INFO - Sync 1 DAGs
[2025-09-25T05:29:28.394+0000] {logging_mixin.py:190} INFO - [2025-09-25T05:29:28.394+0000] {dag.py:4180} INFO - Setting next_dagrun for example_sla_dag to 2025-09-25 05:26:00+00:00, run_after=2025-09-25 05:28:00+00:00
[2025-09-25T05:29:28.407+0000] {processor.py:208} INFO - Processing /home/airflow/.local/lib/python3.12/site-packages/airflow/example_dags/example_sla_dag.py took 0.063 seconds
[2025-09-25T05:29:59.689+0000] {processor.py:186} INFO - Started process (PID=234) to work on /home/airflow/.local/lib/python3.12/site-packages/airflow/example_dags/example_sla_dag.py
[2025-09-25T05:29:59.690+0000] {processor.py:914} INFO - Processing file /home/airflow/.local/lib/python3.12/site-packages/airflow/example_dags/example_sla_dag.py for tasks to queue
[2025-09-25T05:29:59.692+0000] {logging_mixin.py:190} INFO - [2025-09-25T05:29:59.692+0000] {dagbag.py:588} INFO - Filling up the DagBag from /home/airflow/.local/lib/python3.12/site-packages/airflow/example_dags/example_sla_dag.py
[2025-09-25T05:29:59.700+0000] {processor.py:925} INFO - DAG(s) 'example_sla_dag' retrieved from /home/airflow/.local/lib/python3.12/site-packages/airflow/example_dags/example_sla_dag.py
[2025-09-25T05:29:59.716+0000] {logging_mixin.py:190} INFO - [2025-09-25T05:29:59.716+0000] {dag.py:3239} INFO - Sync 1 DAGs
[2025-09-25T05:29:59.736+0000] {logging_mixin.py:190} INFO - [2025-09-25T05:29:59.736+0000] {dag.py:4180} INFO - Setting next_dagrun for example_sla_dag to 2025-09-25 05:26:00+00:00, run_after=2025-09-25 05:28:00+00:00
[2025-09-25T05:29:59.750+0000] {processor.py:208} INFO - Processing /home/airflow/.local/lib/python3.12/site-packages/airflow/example_dags/example_sla_dag.py took 0.066 seconds
[2025-09-25T05:30:31.244+0000] {processor.py:186} INFO - Started process (PID=299) to work on /home/airflow/.local/lib/python3.12/site-packages/airflow/example_dags/example_sla_dag.py
[2025-09-25T05:30:31.245+0000] {processor.py:914} INFO - Processing file /home/airflow/.local/lib/python3.12/site-packages/airflow/example_dags/example_sla_dag.py for tasks to queue
[2025-09-25T05:30:31.247+0000] {logging_mixin.py:190} INFO - [2025-09-25T05:30:31.247+0000] {dagbag.py:588} INFO - Filling up the DagBag from /home/airflow/.local/lib/python3.12/site-packages/airflow/example_dags/example_sla_dag.py
[2025-09-25T05:30:31.256+0000] {processor.py:925} INFO - DAG(s) 'example_sla_dag' retrieved from /home/airflow/.local/lib/python3.12/site-packages/airflow/example_dags/example_sla_dag.py
[2025-09-25T05:30:31.275+0000] {logging_mixin.py:190} INFO - [2025-09-25T05:30:31.275+0000] {dag.py:3239} INFO - Sync 1 DAGs
[2025-09-25T05:30:31.298+0000] {logging_mixin.py:190} INFO - [2025-09-25T05:30:31.298+0000] {dag.py:4180} INFO - Setting next_dagrun for example_sla_dag to 2025-09-25 05:28:00+00:00, run_after=2025-09-25 05:30:00+00:00
[2025-09-25T05:30:31.319+0000] {processor.py:208} INFO - Processing /home/airflow/.local/lib/python3.12/site-packages/airflow/example_dags/example_sla_dag.py took 0.079 seconds
[2025-09-25T05:31:02.190+0000] {processor.py:186} INFO - Started process (PID=364) to work on /home/airflow/.local/lib/python3.12/site-packages/airflow/example_dags/example_sla_dag.py
[2025-09-25T05:31:02.192+0000] {processor.py:914} INFO - Processing file /home/airflow/.local/lib/python3.12/site-packages/airflow/example_dags/example_sla_dag.py for tasks to queue
[2025-09-25T05:31:02.194+0000] {logging_mixin.py:190} INFO - [2025-09-25T05:31:02.193+0000] {dagbag.py:588} INFO - Filling up the DagBag from /home/airflow/.local/lib/python3.12/site-packages/airflow/example_dags/example_sla_dag.py
[2025-09-25T05:31:02.202+0000] {processor.py:925} INFO - DAG(s) 'example_sla_dag' retrieved from /home/airflow/.local/lib/python3.12/site-packages/airflow/example_dags/example_sla_dag.py
[2025-09-25T05:31:02.217+0000] {logging_mixin.py:190} INFO - [2025-09-25T05:31:02.217+0000] {dag.py:3239} INFO - Sync 1 DAGs
[2025-09-25T05:31:02.236+0000] {logging_mixin.py:190} INFO - [2025-09-25T05:31:02.235+0000] {dag.py:4180} INFO - Setting next_dagrun for example_sla_dag to 2025-09-25 05:28:00+00:00, run_after=2025-09-25 05:30:00+00:00
[2025-09-25T05:31:02.250+0000] {processor.py:208} INFO - Processing /home/airflow/.local/lib/python3.12/site-packages/airflow/example_dags/example_sla_dag.py took 0.065 seconds
[2025-09-25T05:31:33.245+0000] {processor.py:186} INFO - Started process (PID=429) to work on /home/airflow/.local/lib/python3.12/site-packages/airflow/example_dags/example_sla_dag.py
[2025-09-25T05:31:33.247+0000] {processor.py:914} INFO - Processing file /home/airflow/.local/lib/python3.12/site-packages/airflow/example_dags/example_sla_dag.py for tasks to queue
[2025-09-25T05:31:33.251+0000] {logging_mixin.py:190} INFO - [2025-09-25T05:31:33.250+0000] {dagbag.py:588} INFO - Filling up the DagBag from /home/airflow/.local/lib/python3.12/site-packages/airflow/example_dags/example_sla_dag.py
[2025-09-25T05:31:33.272+0000] {processor.py:925} INFO - DAG(s) 'example_sla_dag' retrieved from /home/airflow/.local/lib/python3.12/site-packages/airflow/example_dags/example_sla_dag.py
[2025-09-25T05:31:33.292+0000] {logging_mixin.py:190} INFO - [2025-09-25T05:31:33.292+0000] {dag.py:3239} INFO - Sync 1 DAGs
[2025-09-25T05:31:33.320+0000] {logging_mixin.py:190} INFO - [2025-09-25T05:31:33.320+0000] {dag.py:4180} INFO - Setting next_dagrun for example_sla_dag to 2025-09-25 05:28:00+00:00, run_after=2025-09-25 05:30:00+00:00
[2025-09-25T05:31:33.335+0000] {processor.py:208} INFO - Processing /home/airflow/.local/lib/python3.12/site-packages/airflow/example_dags/example_sla_dag.py took 0.098 seconds
[2025-09-25T05:32:04.290+0000] {processor.py:186} INFO - Started process (PID=494) to work on /home/airflow/.local/lib/python3.12/site-packages/airflow/example_dags/example_sla_dag.py
[2025-09-25T05:32:04.291+0000] {processor.py:914} INFO - Processing file /home/airflow/.local/lib/python3.12/site-packages/airflow/example_dags/example_sla_dag.py for tasks to queue
[2025-09-25T05:32:04.293+0000] {logging_mixin.py:190} INFO - [2025-09-25T05:32:04.293+0000] {dagbag.py:588} INFO - Filling up the DagBag from /home/airflow/.local/lib/python3.12/site-packages/airflow/example_dags/example_sla_dag.py
[2025-09-25T05:32:04.303+0000] {processor.py:925} INFO - DAG(s) 'example_sla_dag' retrieved from /home/airflow/.local/lib/python3.12/site-packages/airflow/example_dags/example_sla_dag.py
[2025-09-25T05:32:04.321+0000] {logging_mixin.py:190} INFO - [2025-09-25T05:32:04.321+0000] {dag.py:3239} INFO - Sync 1 DAGs
[2025-09-25T05:32:04.342+0000] {logging_mixin.py:190} INFO - [2025-09-25T05:32:04.342+0000] {dag.py:4180} INFO - Setting next_dagrun for example_sla_dag to 2025-09-25 05:30:00+00:00, run_after=2025-09-25 05:32:00+00:00
[2025-09-25T05:32:04.358+0000] {processor.py:208} INFO - Processing /home/airflow/.local/lib/python3.12/site-packages/airflow/example_dags/example_sla_dag.py took 0.076 seconds
[2025-09-25T05:32:36.234+0000] {processor.py:186} INFO - Started process (PID=559) to work on /home/airflow/.local/lib/python3.12/site-packages/airflow/example_dags/example_sla_dag.py
[2025-09-25T05:32:36.236+0000] {processor.py:914} INFO - Processing file /home/airflow/.local/lib/python3.12/site-packages/airflow/example_dags/example_sla_dag.py for tasks to queue
[2025-09-25T05:32:36.238+0000] {logging_mixin.py:190} INFO - [2025-09-25T05:32:36.237+0000] {dagbag.py:588} INFO - Filling up the DagBag from /home/airflow/.local/lib/python3.12/site-packages/airflow/example_dags/example_sla_dag.py
[2025-09-25T05:32:36.247+0000] {processor.py:925} INFO - DAG(s) 'example_sla_dag' retrieved from /home/airflow/.local/lib/python3.12/site-packages/airflow/example_dags/example_sla_dag.py
[2025-09-25T05:32:36.264+0000] {logging_mixin.py:190} INFO - [2025-09-25T05:32:36.264+0000] {dag.py:3239} INFO - Sync 1 DAGs
[2025-09-25T05:32:36.288+0000] {logging_mixin.py:190} INFO - [2025-09-25T05:32:36.288+0000] {dag.py:4180} INFO - Setting next_dagrun for example_sla_dag to 2025-09-25 05:30:00+00:00, run_after=2025-09-25 05:32:00+00:00
[2025-09-25T05:32:36.303+0000] {processor.py:208} INFO - Processing /home/airflow/.local/lib/python3.12/site-packages/airflow/example_dags/example_sla_dag.py took 0.075 seconds
[2025-09-25T05:33:06.692+0000] {processor.py:186} INFO - Started process (PID=624) to work on /home/airflow/.local/lib/python3.12/site-packages/airflow/example_dags/example_sla_dag.py
[2025-09-25T05:33:06.693+0000] {processor.py:914} INFO - Processing file /home/airflow/.local/lib/python3.12/site-packages/airflow/example_dags/example_sla_dag.py for tasks to queue
[2025-09-25T05:33:06.695+0000] {logging_mixin.py:190} INFO - [2025-09-25T05:33:06.695+0000] {dagbag.py:588} INFO - Filling up the DagBag from /home/airflow/.local/lib/python3.12/site-packages/airflow/example_dags/example_sla_dag.py
[2025-09-25T05:33:06.704+0000] {processor.py:925} INFO - DAG(s) 'example_sla_dag' retrieved from /home/airflow/.local/lib/python3.12/site-packages/airflow/example_dags/example_sla_dag.py
[2025-09-25T05:33:06.722+0000] {logging_mixin.py:190} INFO - [2025-09-25T05:33:06.722+0000] {dag.py:3239} INFO - Sync 1 DAGs
[2025-09-25T05:33:06.744+0000] {logging_mixin.py:190} INFO - [2025-09-25T05:33:06.744+0000] {dag.py:4180} INFO - Setting next_dagrun for example_sla_dag to 2025-09-25 05:30:00+00:00, run_after=2025-09-25 05:32:00+00:00
[2025-09-25T05:33:06.759+0000] {processor.py:208} INFO - Processing /home/airflow/.local/lib/python3.12/site-packages/airflow/example_dags/example_sla_dag.py took 0.072 seconds
[2025-09-25T05:33:37.525+0000] {processor.py:186} INFO - Started process (PID=689) to work on /home/airflow/.local/lib/python3.12/site-packages/airflow/example_dags/example_sla_dag.py
[2025-09-25T05:33:37.526+0000] {processor.py:914} INFO - Processing file /home/airflow/.local/lib/python3.12/site-packages/airflow/example_dags/example_sla_dag.py for tasks to queue
[2025-09-25T05:33:37.529+0000] {logging_mixin.py:190} INFO - [2025-09-25T05:33:37.529+0000] {dagbag.py:588} INFO - Filling up the DagBag from /home/airflow/.local/lib/python3.12/site-packages/airflow/example_dags/example_sla_dag.py
[2025-09-25T05:33:37.542+0000] {processor.py:925} INFO - DAG(s) 'example_sla_dag' retrieved from /home/airflow/.local/lib/python3.12/site-packages/airflow/example_dags/example_sla_dag.py
[2025-09-25T05:33:37.558+0000] {logging_mixin.py:190} INFO - [2025-09-25T05:33:37.558+0000] {dag.py:3239} INFO - Sync 1 DAGs
[2025-09-25T05:33:37.579+0000] {logging_mixin.py:190} INFO - [2025-09-25T05:33:37.579+0000] {dag.py:4180} INFO - Setting next_dagrun for example_sla_dag to 2025-09-25 05:30:00+00:00, run_after=2025-09-25 05:32:00+00:00
[2025-09-25T05:33:37.595+0000] {processor.py:208} INFO - Processing /home/airflow/.local/lib/python3.12/site-packages/airflow/example_dags/example_sla_dag.py took 0.075 seconds
[2025-09-25T05:34:08.603+0000] {processor.py:186} INFO - Started process (PID=753) to work on /home/airflow/.local/lib/python3.12/site-packages/airflow/example_dags/example_sla_dag.py
[2025-09-25T05:34:08.604+0000] {processor.py:914} INFO - Processing file /home/airflow/.local/lib/python3.12/site-packages/airflow/example_dags/example_sla_dag.py for tasks to queue
[2025-09-25T05:34:08.607+0000] {logging_mixin.py:190} INFO - [2025-09-25T05:34:08.606+0000] {dagbag.py:588} INFO - Filling up the DagBag from /home/airflow/.local/lib/python3.12/site-packages/airflow/example_dags/example_sla_dag.py
[2025-09-25T05:34:08.617+0000] {processor.py:925} INFO - DAG(s) 'example_sla_dag' retrieved from /home/airflow/.local/lib/python3.12/site-packages/airflow/example_dags/example_sla_dag.py
[2025-09-25T05:34:08.634+0000] {logging_mixin.py:190} INFO - [2025-09-25T05:34:08.634+0000] {dag.py:3239} INFO - Sync 1 DAGs
[2025-09-25T05:34:08.655+0000] {logging_mixin.py:190} INFO - [2025-09-25T05:34:08.655+0000] {dag.py:4180} INFO - Setting next_dagrun for example_sla_dag to 2025-09-25 05:32:00+00:00, run_after=2025-09-25 05:34:00+00:00
[2025-09-25T05:34:08.673+0000] {processor.py:208} INFO - Processing /home/airflow/.local/lib/python3.12/site-packages/airflow/example_dags/example_sla_dag.py took 0.075 seconds
[2025-09-25T05:34:39.983+0000] {processor.py:186} INFO - Started process (PID=818) to work on /home/airflow/.local/lib/python3.12/site-packages/airflow/example_dags/example_sla_dag.py
[2025-09-25T05:34:39.984+0000] {processor.py:914} INFO - Processing file /home/airflow/.local/lib/python3.12/site-packages/airflow/example_dags/example_sla_dag.py for tasks to queue
[2025-09-25T05:34:39.986+0000] {logging_mixin.py:190} INFO - [2025-09-25T05:34:39.986+0000] {dagbag.py:588} INFO - Filling up the DagBag from /home/airflow/.local/lib/python3.12/site-packages/airflow/example_dags/example_sla_dag.py
[2025-09-25T05:34:39.996+0000] {processor.py:925} INFO - DAG(s) 'example_sla_dag' retrieved from /home/airflow/.local/lib/python3.12/site-packages/airflow/example_dags/example_sla_dag.py
[2025-09-25T05:34:40.015+0000] {logging_mixin.py:190} INFO - [2025-09-25T05:34:40.014+0000] {dag.py:3239} INFO - Sync 1 DAGs
[2025-09-25T05:34:40.035+0000] {logging_mixin.py:190} INFO - [2025-09-25T05:34:40.035+0000] {dag.py:4180} INFO - Setting next_dagrun for example_sla_dag to 2025-09-25 05:32:00+00:00, run_after=2025-09-25 05:34:00+00:00
[2025-09-25T05:34:40.050+0000] {processor.py:208} INFO - Processing /home/airflow/.local/lib/python3.12/site-packages/airflow/example_dags/example_sla_dag.py took 0.074 seconds
[2025-09-25T05:35:11.047+0000] {processor.py:186} INFO - Started process (PID=883) to work on /home/airflow/.local/lib/python3.12/site-packages/airflow/example_dags/example_sla_dag.py
[2025-09-25T05:35:11.048+0000] {processor.py:914} INFO - Processing file /home/airflow/.local/lib/python3.12/site-packages/airflow/example_dags/example_sla_dag.py for tasks to queue
[2025-09-25T05:35:11.050+0000] {logging_mixin.py:190} INFO - [2025-09-25T05:35:11.050+0000] {dagbag.py:588} INFO - Filling up the DagBag from /home/airflow/.local/lib/python3.12/site-packages/airflow/example_dags/example_sla_dag.py
[2025-09-25T05:35:11.063+0000] {processor.py:925} INFO - DAG(s) 'example_sla_dag' retrieved from /home/airflow/.local/lib/python3.12/site-packages/airflow/example_dags/example_sla_dag.py
[2025-09-25T05:35:11.083+0000] {logging_mixin.py:190} INFO - [2025-09-25T05:35:11.082+0000] {dag.py:3239} INFO - Sync 1 DAGs
[2025-09-25T05:35:11.106+0000] {logging_mixin.py:190} INFO - [2025-09-25T05:35:11.106+0000] {dag.py:4180} INFO - Setting next_dagrun for example_sla_dag to 2025-09-25 05:32:00+00:00, run_after=2025-09-25 05:34:00+00:00
[2025-09-25T05:35:11.122+0000] {processor.py:208} INFO - Processing /home/airflow/.local/lib/python3.12/site-packages/airflow/example_dags/example_sla_dag.py took 0.080 seconds
[2025-09-25T05:35:42.743+0000] {processor.py:186} INFO - Started process (PID=949) to work on /home/airflow/.local/lib/python3.12/site-packages/airflow/example_dags/example_sla_dag.py
[2025-09-25T05:35:42.744+0000] {processor.py:914} INFO - Processing file /home/airflow/.local/lib/python3.12/site-packages/airflow/example_dags/example_sla_dag.py for tasks to queue
[2025-09-25T05:35:42.746+0000] {logging_mixin.py:190} INFO - [2025-09-25T05:35:42.746+0000] {dagbag.py:588} INFO - Filling up the DagBag from /home/airflow/.local/lib/python3.12/site-packages/airflow/example_dags/example_sla_dag.py
[2025-09-25T05:35:42.756+0000] {processor.py:925} INFO - DAG(s) 'example_sla_dag' retrieved from /home/airflow/.local/lib/python3.12/site-packages/airflow/example_dags/example_sla_dag.py
[2025-09-25T05:35:42.777+0000] {logging_mixin.py:190} INFO - [2025-09-25T05:35:42.777+0000] {dag.py:3239} INFO - Sync 1 DAGs
[2025-09-25T05:35:42.807+0000] {logging_mixin.py:190} INFO - [2025-09-25T05:35:42.807+0000] {dag.py:4180} INFO - Setting next_dagrun for example_sla_dag to 2025-09-25 05:32:00+00:00, run_after=2025-09-25 05:34:00+00:00
[2025-09-25T05:35:42.832+0000] {processor.py:208} INFO - Processing /home/airflow/.local/lib/python3.12/site-packages/airflow/example_dags/example_sla_dag.py took 0.094 seconds
[2025-09-25T05:36:14.108+0000] {processor.py:186} INFO - Started process (PID=1014) to work on /home/airflow/.local/lib/python3.12/site-packages/airflow/example_dags/example_sla_dag.py
[2025-09-25T05:36:14.109+0000] {processor.py:914} INFO - Processing file /home/airflow/.local/lib/python3.12/site-packages/airflow/example_dags/example_sla_dag.py for tasks to queue
[2025-09-25T05:36:14.111+0000] {logging_mixin.py:190} INFO - [2025-09-25T05:36:14.111+0000] {dagbag.py:588} INFO - Filling up the DagBag from /home/airflow/.local/lib/python3.12/site-packages/airflow/example_dags/example_sla_dag.py
[2025-09-25T05:36:14.120+0000] {processor.py:925} INFO - DAG(s) 'example_sla_dag' retrieved from /home/airflow/.local/lib/python3.12/site-packages/airflow/example_dags/example_sla_dag.py
[2025-09-25T05:36:14.137+0000] {logging_mixin.py:190} INFO - [2025-09-25T05:36:14.136+0000] {dag.py:3239} INFO - Sync 1 DAGs
[2025-09-25T05:36:14.157+0000] {logging_mixin.py:190} INFO - [2025-09-25T05:36:14.157+0000] {dag.py:4180} INFO - Setting next_dagrun for example_sla_dag to 2025-09-25 05:34:00+00:00, run_after=2025-09-25 05:36:00+00:00
[2025-09-25T05:36:14.171+0000] {processor.py:208} INFO - Processing /home/airflow/.local/lib/python3.12/site-packages/airflow/example_dags/example_sla_dag.py took 0.071 seconds
[2025-09-25T05:36:45.103+0000] {processor.py:186} INFO - Started process (PID=1079) to work on /home/airflow/.local/lib/python3.12/site-packages/airflow/example_dags/example_sla_dag.py
[2025-09-25T05:36:45.104+0000] {processor.py:914} INFO - Processing file /home/airflow/.local/lib/python3.12/site-packages/airflow/example_dags/example_sla_dag.py for tasks to queue
[2025-09-25T05:36:45.106+0000] {logging_mixin.py:190} INFO - [2025-09-25T05:36:45.106+0000] {dagbag.py:588} INFO - Filling up the DagBag from /home/airflow/.local/lib/python3.12/site-packages/airflow/example_dags/example_sla_dag.py
[2025-09-25T05:36:45.117+0000] {processor.py:925} INFO - DAG(s) 'example_sla_dag' retrieved from /home/airflow/.local/lib/python3.12/site-packages/airflow/example_dags/example_sla_dag.py
[2025-09-25T05:36:45.135+0000] {logging_mixin.py:190} INFO - [2025-09-25T05:36:45.134+0000] {dag.py:3239} INFO - Sync 1 DAGs
[2025-09-25T05:36:45.154+0000] {logging_mixin.py:190} INFO - [2025-09-25T05:36:45.154+0000] {dag.py:4180} INFO - Setting next_dagrun for example_sla_dag to 2025-09-25 05:34:00+00:00, run_after=2025-09-25 05:36:00+00:00
[2025-09-25T05:36:45.169+0000] {processor.py:208} INFO - Processing /home/airflow/.local/lib/python3.12/site-packages/airflow/example_dags/example_sla_dag.py took 0.071 seconds
[2025-09-25T05:37:16.029+0000] {processor.py:186} INFO - Started process (PID=1144) to work on /home/airflow/.local/lib/python3.12/site-packages/airflow/example_dags/example_sla_dag.py
[2025-09-25T05:37:16.030+0000] {processor.py:914} INFO - Processing file /home/airflow/.local/lib/python3.12/site-packages/airflow/example_dags/example_sla_dag.py for tasks to queue
[2025-09-25T05:37:16.032+0000] {logging_mixin.py:190} INFO - [2025-09-25T05:37:16.032+0000] {dagbag.py:588} INFO - Filling up the DagBag from /home/airflow/.local/lib/python3.12/site-packages/airflow/example_dags/example_sla_dag.py
[2025-09-25T05:37:16.041+0000] {processor.py:925} INFO - DAG(s) 'example_sla_dag' retrieved from /home/airflow/.local/lib/python3.12/site-packages/airflow/example_dags/example_sla_dag.py
[2025-09-25T05:37:16.057+0000] {logging_mixin.py:190} INFO - [2025-09-25T05:37:16.057+0000] {dag.py:3239} INFO - Sync 1 DAGs
[2025-09-25T05:37:16.078+0000] {logging_mixin.py:190} INFO - [2025-09-25T05:37:16.078+0000] {dag.py:4180} INFO - Setting next_dagrun for example_sla_dag to 2025-09-25 05:34:00+00:00, run_after=2025-09-25 05:36:00+00:00
[2025-09-25T05:37:16.094+0000] {processor.py:208} INFO - Processing /home/airflow/.local/lib/python3.12/site-packages/airflow/example_dags/example_sla_dag.py took 0.071 seconds
[2025-09-25T05:37:47.340+0000] {processor.py:186} INFO - Started process (PID=1209) to work on /home/airflow/.local/lib/python3.12/site-packages/airflow/example_dags/example_sla_dag.py
[2025-09-25T05:37:47.342+0000] {processor.py:914} INFO - Processing file /home/airflow/.local/lib/python3.12/site-packages/airflow/example_dags/example_sla_dag.py for tasks to queue
[2025-09-25T05:37:47.343+0000] {logging_mixin.py:190} INFO - [2025-09-25T05:37:47.343+0000] {dagbag.py:588} INFO - Filling up the DagBag from /home/airflow/.local/lib/python3.12/site-packages/airflow/example_dags/example_sla_dag.py
[2025-09-25T05:37:47.353+0000] {processor.py:925} INFO - DAG(s) 'example_sla_dag' retrieved from /home/airflow/.local/lib/python3.12/site-packages/airflow/example_dags/example_sla_dag.py
[2025-09-25T05:37:47.369+0000] {logging_mixin.py:190} INFO - [2025-09-25T05:37:47.368+0000] {dag.py:3239} INFO - Sync 1 DAGs
[2025-09-25T05:37:47.389+0000] {logging_mixin.py:190} INFO - [2025-09-25T05:37:47.389+0000] {dag.py:4180} INFO - Setting next_dagrun for example_sla_dag to 2025-09-25 05:34:00+00:00, run_after=2025-09-25 05:36:00+00:00
[2025-09-25T05:37:47.403+0000] {processor.py:208} INFO - Processing /home/airflow/.local/lib/python3.12/site-packages/airflow/example_dags/example_sla_dag.py took 0.068 seconds
[2025-09-25T05:38:19.081+0000] {processor.py:186} INFO - Started process (PID=1274) to work on /home/airflow/.local/lib/python3.12/site-packages/airflow/example_dags/example_sla_dag.py
[2025-09-25T05:38:19.082+0000] {processor.py:914} INFO - Processing file /home/airflow/.local/lib/python3.12/site-packages/airflow/example_dags/example_sla_dag.py for tasks to queue
[2025-09-25T05:38:19.085+0000] {logging_mixin.py:190} INFO - [2025-09-25T05:38:19.084+0000] {dagbag.py:588} INFO - Filling up the DagBag from /home/airflow/.local/lib/python3.12/site-packages/airflow/example_dags/example_sla_dag.py
[2025-09-25T05:38:19.096+0000] {processor.py:925} INFO - DAG(s) 'example_sla_dag' retrieved from /home/airflow/.local/lib/python3.12/site-packages/airflow/example_dags/example_sla_dag.py
[2025-09-25T05:38:19.117+0000] {logging_mixin.py:190} INFO - [2025-09-25T05:38:19.117+0000] {dag.py:3239} INFO - Sync 1 DAGs
[2025-09-25T05:38:19.146+0000] {logging_mixin.py:190} INFO - [2025-09-25T05:38:19.146+0000] {dag.py:4180} INFO - Setting next_dagrun for example_sla_dag to 2025-09-25 05:36:00+00:00, run_after=2025-09-25 05:38:00+00:00
[2025-09-25T05:38:19.164+0000] {processor.py:208} INFO - Processing /home/airflow/.local/lib/python3.12/site-packages/airflow/example_dags/example_sla_dag.py took 0.089 seconds
[2025-09-25T05:38:49.953+0000] {processor.py:186} INFO - Started process (PID=1345) to work on /home/airflow/.local/lib/python3.12/site-packages/airflow/example_dags/example_sla_dag.py
[2025-09-25T05:38:49.955+0000] {processor.py:914} INFO - Processing file /home/airflow/.local/lib/python3.12/site-packages/airflow/example_dags/example_sla_dag.py for tasks to queue
[2025-09-25T05:38:49.957+0000] {logging_mixin.py:190} INFO - [2025-09-25T05:38:49.956+0000] {dagbag.py:588} INFO - Filling up the DagBag from /home/airflow/.local/lib/python3.12/site-packages/airflow/example_dags/example_sla_dag.py
[2025-09-25T05:38:49.966+0000] {processor.py:925} INFO - DAG(s) 'example_sla_dag' retrieved from /home/airflow/.local/lib/python3.12/site-packages/airflow/example_dags/example_sla_dag.py
[2025-09-25T05:38:49.985+0000] {logging_mixin.py:190} INFO - [2025-09-25T05:38:49.985+0000] {dag.py:3239} INFO - Sync 1 DAGs
[2025-09-25T05:38:50.007+0000] {logging_mixin.py:190} INFO - [2025-09-25T05:38:50.007+0000] {dag.py:4180} INFO - Setting next_dagrun for example_sla_dag to 2025-09-25 05:36:00+00:00, run_after=2025-09-25 05:38:00+00:00
[2025-09-25T05:38:50.022+0000] {processor.py:208} INFO - Processing /home/airflow/.local/lib/python3.12/site-packages/airflow/example_dags/example_sla_dag.py took 0.074 seconds
[2025-09-25T05:39:21.671+0000] {processor.py:186} INFO - Started process (PID=1410) to work on /home/airflow/.local/lib/python3.12/site-packages/airflow/example_dags/example_sla_dag.py
[2025-09-25T05:39:21.672+0000] {processor.py:914} INFO - Processing file /home/airflow/.local/lib/python3.12/site-packages/airflow/example_dags/example_sla_dag.py for tasks to queue
[2025-09-25T05:39:21.674+0000] {logging_mixin.py:190} INFO - [2025-09-25T05:39:21.674+0000] {dagbag.py:588} INFO - Filling up the DagBag from /home/airflow/.local/lib/python3.12/site-packages/airflow/example_dags/example_sla_dag.py
[2025-09-25T05:39:21.683+0000] {processor.py:925} INFO - DAG(s) 'example_sla_dag' retrieved from /home/airflow/.local/lib/python3.12/site-packages/airflow/example_dags/example_sla_dag.py
[2025-09-25T05:39:21.700+0000] {logging_mixin.py:190} INFO - [2025-09-25T05:39:21.699+0000] {dag.py:3239} INFO - Sync 1 DAGs
[2025-09-25T05:39:21.720+0000] {logging_mixin.py:190} INFO - [2025-09-25T05:39:21.720+0000] {dag.py:4180} INFO - Setting next_dagrun for example_sla_dag to 2025-09-25 05:36:00+00:00, run_after=2025-09-25 05:38:00+00:00
[2025-09-25T05:39:21.737+0000] {processor.py:208} INFO - Processing /home/airflow/.local/lib/python3.12/site-packages/airflow/example_dags/example_sla_dag.py took 0.072 seconds
[2025-09-25T05:39:52.834+0000] {processor.py:186} INFO - Started process (PID=1475) to work on /home/airflow/.local/lib/python3.12/site-packages/airflow/example_dags/example_sla_dag.py
[2025-09-25T05:39:52.835+0000] {processor.py:914} INFO - Processing file /home/airflow/.local/lib/python3.12/site-packages/airflow/example_dags/example_sla_dag.py for tasks to queue
[2025-09-25T05:39:52.837+0000] {logging_mixin.py:190} INFO - [2025-09-25T05:39:52.837+0000] {dagbag.py:588} INFO - Filling up the DagBag from /home/airflow/.local/lib/python3.12/site-packages/airflow/example_dags/example_sla_dag.py
[2025-09-25T05:39:52.846+0000] {processor.py:925} INFO - DAG(s) 'example_sla_dag' retrieved from /home/airflow/.local/lib/python3.12/site-packages/airflow/example_dags/example_sla_dag.py
[2025-09-25T05:39:52.862+0000] {logging_mixin.py:190} INFO - [2025-09-25T05:39:52.862+0000] {dag.py:3239} INFO - Sync 1 DAGs
[2025-09-25T05:39:52.882+0000] {logging_mixin.py:190} INFO - [2025-09-25T05:39:52.882+0000] {dag.py:4180} INFO - Setting next_dagrun for example_sla_dag to 2025-09-25 05:36:00+00:00, run_after=2025-09-25 05:38:00+00:00
[2025-09-25T05:39:52.897+0000] {processor.py:208} INFO - Processing /home/airflow/.local/lib/python3.12/site-packages/airflow/example_dags/example_sla_dag.py took 0.067 seconds
[2025-09-25T05:40:24.051+0000] {processor.py:186} INFO - Started process (PID=1540) to work on /home/airflow/.local/lib/python3.12/site-packages/airflow/example_dags/example_sla_dag.py
[2025-09-25T05:40:24.052+0000] {processor.py:914} INFO - Processing file /home/airflow/.local/lib/python3.12/site-packages/airflow/example_dags/example_sla_dag.py for tasks to queue
[2025-09-25T05:40:24.054+0000] {logging_mixin.py:190} INFO - [2025-09-25T05:40:24.054+0000] {dagbag.py:588} INFO - Filling up the DagBag from /home/airflow/.local/lib/python3.12/site-packages/airflow/example_dags/example_sla_dag.py
[2025-09-25T05:40:24.063+0000] {processor.py:925} INFO - DAG(s) 'example_sla_dag' retrieved from /home/airflow/.local/lib/python3.12/site-packages/airflow/example_dags/example_sla_dag.py
[2025-09-25T05:40:24.079+0000] {logging_mixin.py:190} INFO - [2025-09-25T05:40:24.079+0000] {dag.py:3239} INFO - Sync 1 DAGs
[2025-09-25T05:40:24.101+0000] {logging_mixin.py:190} INFO - [2025-09-25T05:40:24.101+0000] {dag.py:4180} INFO - Setting next_dagrun for example_sla_dag to 2025-09-25 05:38:00+00:00, run_after=2025-09-25 05:40:00+00:00
[2025-09-25T05:40:24.116+0000] {processor.py:208} INFO - Processing /home/airflow/.local/lib/python3.12/site-packages/airflow/example_dags/example_sla_dag.py took 0.071 seconds
[2025-09-25T05:40:55.381+0000] {processor.py:186} INFO - Started process (PID=1605) to work on /home/airflow/.local/lib/python3.12/site-packages/airflow/example_dags/example_sla_dag.py
[2025-09-25T05:40:55.382+0000] {processor.py:914} INFO - Processing file /home/airflow/.local/lib/python3.12/site-packages/airflow/example_dags/example_sla_dag.py for tasks to queue
[2025-09-25T05:40:55.384+0000] {logging_mixin.py:190} INFO - [2025-09-25T05:40:55.383+0000] {dagbag.py:588} INFO - Filling up the DagBag from /home/airflow/.local/lib/python3.12/site-packages/airflow/example_dags/example_sla_dag.py
[2025-09-25T05:40:55.393+0000] {processor.py:925} INFO - DAG(s) 'example_sla_dag' retrieved from /home/airflow/.local/lib/python3.12/site-packages/airflow/example_dags/example_sla_dag.py
[2025-09-25T05:40:55.410+0000] {logging_mixin.py:190} INFO - [2025-09-25T05:40:55.409+0000] {dag.py:3239} INFO - Sync 1 DAGs
[2025-09-25T05:40:55.430+0000] {logging_mixin.py:190} INFO - [2025-09-25T05:40:55.430+0000] {dag.py:4180} INFO - Setting next_dagrun for example_sla_dag to 2025-09-25 05:38:00+00:00, run_after=2025-09-25 05:40:00+00:00
[2025-09-25T05:40:55.449+0000] {processor.py:208} INFO - Processing /home/airflow/.local/lib/python3.12/site-packages/airflow/example_dags/example_sla_dag.py took 0.073 seconds
[2025-09-25T05:41:26.677+0000] {processor.py:186} INFO - Started process (PID=1670) to work on /home/airflow/.local/lib/python3.12/site-packages/airflow/example_dags/example_sla_dag.py
[2025-09-25T05:41:26.678+0000] {processor.py:914} INFO - Processing file /home/airflow/.local/lib/python3.12/site-packages/airflow/example_dags/example_sla_dag.py for tasks to queue
[2025-09-25T05:41:26.680+0000] {logging_mixin.py:190} INFO - [2025-09-25T05:41:26.680+0000] {dagbag.py:588} INFO - Filling up the DagBag from /home/airflow/.local/lib/python3.12/site-packages/airflow/example_dags/example_sla_dag.py
[2025-09-25T05:41:26.690+0000] {processor.py:925} INFO - DAG(s) 'example_sla_dag' retrieved from /home/airflow/.local/lib/python3.12/site-packages/airflow/example_dags/example_sla_dag.py
[2025-09-25T05:41:26.707+0000] {logging_mixin.py:190} INFO - [2025-09-25T05:41:26.707+0000] {dag.py:3239} INFO - Sync 1 DAGs
[2025-09-25T05:41:26.729+0000] {logging_mixin.py:190} INFO - [2025-09-25T05:41:26.729+0000] {dag.py:4180} INFO - Setting next_dagrun for example_sla_dag to 2025-09-25 05:38:00+00:00, run_after=2025-09-25 05:40:00+00:00
[2025-09-25T05:41:26.745+0000] {processor.py:208} INFO - Processing /home/airflow/.local/lib/python3.12/site-packages/airflow/example_dags/example_sla_dag.py took 0.074 seconds
[2025-09-25T05:41:58.334+0000] {processor.py:186} INFO - Started process (PID=1735) to work on /home/airflow/.local/lib/python3.12/site-packages/airflow/example_dags/example_sla_dag.py
[2025-09-25T05:41:58.335+0000] {processor.py:914} INFO - Processing file /home/airflow/.local/lib/python3.12/site-packages/airflow/example_dags/example_sla_dag.py for tasks to queue
[2025-09-25T05:41:58.337+0000] {logging_mixin.py:190} INFO - [2025-09-25T05:41:58.337+0000] {dagbag.py:588} INFO - Filling up the DagBag from /home/airflow/.local/lib/python3.12/site-packages/airflow/example_dags/example_sla_dag.py
[2025-09-25T05:41:58.347+0000] {processor.py:925} INFO - DAG(s) 'example_sla_dag' retrieved from /home/airflow/.local/lib/python3.12/site-packages/airflow/example_dags/example_sla_dag.py
[2025-09-25T05:41:58.364+0000] {logging_mixin.py:190} INFO - [2025-09-25T05:41:58.364+0000] {dag.py:3239} INFO - Sync 1 DAGs
[2025-09-25T05:41:58.388+0000] {logging_mixin.py:190} INFO - [2025-09-25T05:41:58.387+0000] {dag.py:4180} INFO - Setting next_dagrun for example_sla_dag to 2025-09-25 05:38:00+00:00, run_after=2025-09-25 05:40:00+00:00
[2025-09-25T05:41:58.403+0000] {processor.py:208} INFO - Processing /home/airflow/.local/lib/python3.12/site-packages/airflow/example_dags/example_sla_dag.py took 0.076 seconds
[2025-09-25T05:42:28.957+0000] {processor.py:186} INFO - Started process (PID=1800) to work on /home/airflow/.local/lib/python3.12/site-packages/airflow/example_dags/example_sla_dag.py
[2025-09-25T05:42:28.958+0000] {processor.py:914} INFO - Processing file /home/airflow/.local/lib/python3.12/site-packages/airflow/example_dags/example_sla_dag.py for tasks to queue
[2025-09-25T05:42:28.960+0000] {logging_mixin.py:190} INFO - [2025-09-25T05:42:28.960+0000] {dagbag.py:588} INFO - Filling up the DagBag from /home/airflow/.local/lib/python3.12/site-packages/airflow/example_dags/example_sla_dag.py
[2025-09-25T05:42:28.969+0000] {processor.py:925} INFO - DAG(s) 'example_sla_dag' retrieved from /home/airflow/.local/lib/python3.12/site-packages/airflow/example_dags/example_sla_dag.py
[2025-09-25T05:42:28.989+0000] {logging_mixin.py:190} INFO - [2025-09-25T05:42:28.989+0000] {dag.py:3239} INFO - Sync 1 DAGs
[2025-09-25T05:42:29.030+0000] {logging_mixin.py:190} INFO - [2025-09-25T05:42:29.030+0000] {dag.py:4180} INFO - Setting next_dagrun for example_sla_dag to 2025-09-25 05:40:00+00:00, run_after=2025-09-25 05:42:00+00:00
[2025-09-25T05:42:29.051+0000] {processor.py:208} INFO - Processing /home/airflow/.local/lib/python3.12/site-packages/airflow/example_dags/example_sla_dag.py took 0.099 seconds
[2025-09-25T05:42:59.921+0000] {processor.py:186} INFO - Started process (PID=1865) to work on /home/airflow/.local/lib/python3.12/site-packages/airflow/example_dags/example_sla_dag.py
[2025-09-25T05:42:59.922+0000] {processor.py:914} INFO - Processing file /home/airflow/.local/lib/python3.12/site-packages/airflow/example_dags/example_sla_dag.py for tasks to queue
[2025-09-25T05:42:59.923+0000] {logging_mixin.py:190} INFO - [2025-09-25T05:42:59.923+0000] {dagbag.py:588} INFO - Filling up the DagBag from /home/airflow/.local/lib/python3.12/site-packages/airflow/example_dags/example_sla_dag.py
[2025-09-25T05:42:59.932+0000] {processor.py:925} INFO - DAG(s) 'example_sla_dag' retrieved from /home/airflow/.local/lib/python3.12/site-packages/airflow/example_dags/example_sla_dag.py
[2025-09-25T05:42:59.949+0000] {logging_mixin.py:190} INFO - [2025-09-25T05:42:59.949+0000] {dag.py:3239} INFO - Sync 1 DAGs
[2025-09-25T05:42:59.969+0000] {logging_mixin.py:190} INFO - [2025-09-25T05:42:59.969+0000] {dag.py:4180} INFO - Setting next_dagrun for example_sla_dag to 2025-09-25 05:40:00+00:00, run_after=2025-09-25 05:42:00+00:00
[2025-09-25T05:43:00.008+0000] {processor.py:208} INFO - Processing /home/airflow/.local/lib/python3.12/site-packages/airflow/example_dags/example_sla_dag.py took 0.093 seconds
[2025-09-25T05:43:31.451+0000] {processor.py:186} INFO - Started process (PID=1930) to work on /home/airflow/.local/lib/python3.12/site-packages/airflow/example_dags/example_sla_dag.py
[2025-09-25T05:43:31.452+0000] {processor.py:914} INFO - Processing file /home/airflow/.local/lib/python3.12/site-packages/airflow/example_dags/example_sla_dag.py for tasks to queue
[2025-09-25T05:43:31.454+0000] {logging_mixin.py:190} INFO - [2025-09-25T05:43:31.454+0000] {dagbag.py:588} INFO - Filling up the DagBag from /home/airflow/.local/lib/python3.12/site-packages/airflow/example_dags/example_sla_dag.py
[2025-09-25T05:43:31.463+0000] {processor.py:925} INFO - DAG(s) 'example_sla_dag' retrieved from /home/airflow/.local/lib/python3.12/site-packages/airflow/example_dags/example_sla_dag.py
[2025-09-25T05:43:31.479+0000] {logging_mixin.py:190} INFO - [2025-09-25T05:43:31.479+0000] {dag.py:3239} INFO - Sync 1 DAGs
[2025-09-25T05:43:31.500+0000] {logging_mixin.py:190} INFO - [2025-09-25T05:43:31.500+0000] {dag.py:4180} INFO - Setting next_dagrun for example_sla_dag to 2025-09-25 05:40:00+00:00, run_after=2025-09-25 05:42:00+00:00
[2025-09-25T05:43:31.516+0000] {processor.py:208} INFO - Processing /home/airflow/.local/lib/python3.12/site-packages/airflow/example_dags/example_sla_dag.py took 0.070 seconds
[2025-09-25T05:44:02.204+0000] {processor.py:186} INFO - Started process (PID=1995) to work on /home/airflow/.local/lib/python3.12/site-packages/airflow/example_dags/example_sla_dag.py
[2025-09-25T05:44:02.205+0000] {processor.py:914} INFO - Processing file /home/airflow/.local/lib/python3.12/site-packages/airflow/example_dags/example_sla_dag.py for tasks to queue
[2025-09-25T05:44:02.208+0000] {logging_mixin.py:190} INFO - [2025-09-25T05:44:02.207+0000] {dagbag.py:588} INFO - Filling up the DagBag from /home/airflow/.local/lib/python3.12/site-packages/airflow/example_dags/example_sla_dag.py
[2025-09-25T05:44:02.219+0000] {processor.py:925} INFO - DAG(s) 'example_sla_dag' retrieved from /home/airflow/.local/lib/python3.12/site-packages/airflow/example_dags/example_sla_dag.py
[2025-09-25T05:44:02.237+0000] {logging_mixin.py:190} INFO - [2025-09-25T05:44:02.237+0000] {dag.py:3239} INFO - Sync 1 DAGs
[2025-09-25T05:44:02.269+0000] {logging_mixin.py:190} INFO - [2025-09-25T05:44:02.268+0000] {dag.py:4180} INFO - Setting next_dagrun for example_sla_dag to 2025-09-25 05:42:00+00:00, run_after=2025-09-25 05:44:00+00:00
[2025-09-25T05:44:02.286+0000] {processor.py:208} INFO - Processing /home/airflow/.local/lib/python3.12/site-packages/airflow/example_dags/example_sla_dag.py took 0.088 seconds
[2025-09-25T05:44:32.873+0000] {processor.py:186} INFO - Started process (PID=2060) to work on /home/airflow/.local/lib/python3.12/site-packages/airflow/example_dags/example_sla_dag.py
[2025-09-25T05:44:32.874+0000] {processor.py:914} INFO - Processing file /home/airflow/.local/lib/python3.12/site-packages/airflow/example_dags/example_sla_dag.py for tasks to queue
[2025-09-25T05:44:32.876+0000] {logging_mixin.py:190} INFO - [2025-09-25T05:44:32.876+0000] {dagbag.py:588} INFO - Filling up the DagBag from /home/airflow/.local/lib/python3.12/site-packages/airflow/example_dags/example_sla_dag.py
[2025-09-25T05:44:32.885+0000] {processor.py:925} INFO - DAG(s) 'example_sla_dag' retrieved from /home/airflow/.local/lib/python3.12/site-packages/airflow/example_dags/example_sla_dag.py
[2025-09-25T05:44:32.902+0000] {logging_mixin.py:190} INFO - [2025-09-25T05:44:32.902+0000] {dag.py:3239} INFO - Sync 1 DAGs
[2025-09-25T05:44:32.922+0000] {logging_mixin.py:190} INFO - [2025-09-25T05:44:32.922+0000] {dag.py:4180} INFO - Setting next_dagrun for example_sla_dag to 2025-09-25 05:42:00+00:00, run_after=2025-09-25 05:44:00+00:00
[2025-09-25T05:44:32.938+0000] {processor.py:208} INFO - Processing /home/airflow/.local/lib/python3.12/site-packages/airflow/example_dags/example_sla_dag.py took 0.071 seconds
