[2025-09-25T05:12:39.069+0000] {processor.py:186} INFO - Started process (PID=57) to work on /home/airflow/.local/lib/python3.12/site-packages/airflow/example_dags/example_short_circuit_decorator.py
[2025-09-25T05:12:39.070+0000] {processor.py:914} INFO - Processing file /home/airflow/.local/lib/python3.12/site-packages/airflow/example_dags/example_short_circuit_decorator.py for tasks to queue
[2025-09-25T05:12:39.073+0000] {logging_mixin.py:190} INFO - [2025-09-25T05:12:39.072+0000] {dagbag.py:588} INFO - Filling up the DagBag from /home/airflow/.local/lib/python3.12/site-packages/airflow/example_dags/example_short_circuit_decorator.py
[2025-09-25T05:12:39.084+0000] {processor.py:925} INFO - DAG(s) 'example_short_circuit_decorator' retrieved from /home/airflow/.local/lib/python3.12/site-packages/airflow/example_dags/example_short_circuit_decorator.py
[2025-09-25T05:12:39.113+0000] {logging_mixin.py:190} INFO - [2025-09-25T05:12:39.113+0000] {dag.py:3239} INFO - Sync 1 DAGs
[2025-09-25T05:12:39.127+0000] {logging_mixin.py:190} INFO - [2025-09-25T05:12:39.127+0000] {dag.py:4180} INFO - Setting next_dagrun for example_short_circuit_decorator to None, run_after=None
[2025-09-25T05:12:39.145+0000] {processor.py:208} INFO - Processing /home/airflow/.local/lib/python3.12/site-packages/airflow/example_dags/example_short_circuit_decorator.py took 0.081 seconds
[2025-09-25T05:13:09.291+0000] {processor.py:186} INFO - Started process (PID=121) to work on /home/airflow/.local/lib/python3.12/site-packages/airflow/example_dags/example_short_circuit_decorator.py
[2025-09-25T05:13:09.292+0000] {processor.py:914} INFO - Processing file /home/airflow/.local/lib/python3.12/site-packages/airflow/example_dags/example_short_circuit_decorator.py for tasks to queue
[2025-09-25T05:13:09.294+0000] {logging_mixin.py:190} INFO - [2025-09-25T05:13:09.294+0000] {dagbag.py:588} INFO - Filling up the DagBag from /home/airflow/.local/lib/python3.12/site-packages/airflow/example_dags/example_short_circuit_decorator.py
[2025-09-25T05:13:09.303+0000] {processor.py:925} INFO - DAG(s) 'example_short_circuit_decorator' retrieved from /home/airflow/.local/lib/python3.12/site-packages/airflow/example_dags/example_short_circuit_decorator.py
[2025-09-25T05:13:09.320+0000] {logging_mixin.py:190} INFO - [2025-09-25T05:13:09.320+0000] {dag.py:3239} INFO - Sync 1 DAGs
[2025-09-25T05:13:09.331+0000] {logging_mixin.py:190} INFO - [2025-09-25T05:13:09.331+0000] {dag.py:4180} INFO - Setting next_dagrun for example_short_circuit_decorator to None, run_after=None
[2025-09-25T05:13:09.346+0000] {processor.py:208} INFO - Processing /home/airflow/.local/lib/python3.12/site-packages/airflow/example_dags/example_short_circuit_decorator.py took 0.060 seconds
[2025-09-25T05:13:39.757+0000] {processor.py:186} INFO - Started process (PID=192) to work on /home/airflow/.local/lib/python3.12/site-packages/airflow/example_dags/example_short_circuit_decorator.py
[2025-09-25T05:13:39.758+0000] {processor.py:914} INFO - Processing file /home/airflow/.local/lib/python3.12/site-packages/airflow/example_dags/example_short_circuit_decorator.py for tasks to queue
[2025-09-25T05:13:39.760+0000] {logging_mixin.py:190} INFO - [2025-09-25T05:13:39.760+0000] {dagbag.py:588} INFO - Filling up the DagBag from /home/airflow/.local/lib/python3.12/site-packages/airflow/example_dags/example_short_circuit_decorator.py
[2025-09-25T05:13:39.769+0000] {processor.py:925} INFO - DAG(s) 'example_short_circuit_decorator' retrieved from /home/airflow/.local/lib/python3.12/site-packages/airflow/example_dags/example_short_circuit_decorator.py
[2025-09-25T05:13:39.788+0000] {logging_mixin.py:190} INFO - [2025-09-25T05:13:39.787+0000] {dag.py:3239} INFO - Sync 1 DAGs
[2025-09-25T05:13:39.799+0000] {logging_mixin.py:190} INFO - [2025-09-25T05:13:39.799+0000] {dag.py:4180} INFO - Setting next_dagrun for example_short_circuit_decorator to None, run_after=None
[2025-09-25T05:13:39.814+0000] {processor.py:208} INFO - Processing /home/airflow/.local/lib/python3.12/site-packages/airflow/example_dags/example_short_circuit_decorator.py took 0.063 seconds
[2025-09-25T05:14:10.654+0000] {processor.py:186} INFO - Started process (PID=257) to work on /home/airflow/.local/lib/python3.12/site-packages/airflow/example_dags/example_short_circuit_decorator.py
[2025-09-25T05:14:10.656+0000] {processor.py:914} INFO - Processing file /home/airflow/.local/lib/python3.12/site-packages/airflow/example_dags/example_short_circuit_decorator.py for tasks to queue
[2025-09-25T05:14:10.658+0000] {logging_mixin.py:190} INFO - [2025-09-25T05:14:10.657+0000] {dagbag.py:588} INFO - Filling up the DagBag from /home/airflow/.local/lib/python3.12/site-packages/airflow/example_dags/example_short_circuit_decorator.py
[2025-09-25T05:14:10.667+0000] {processor.py:925} INFO - DAG(s) 'example_short_circuit_decorator' retrieved from /home/airflow/.local/lib/python3.12/site-packages/airflow/example_dags/example_short_circuit_decorator.py
[2025-09-25T05:14:10.687+0000] {logging_mixin.py:190} INFO - [2025-09-25T05:14:10.687+0000] {dag.py:3239} INFO - Sync 1 DAGs
[2025-09-25T05:14:10.699+0000] {logging_mixin.py:190} INFO - [2025-09-25T05:14:10.698+0000] {dag.py:4180} INFO - Setting next_dagrun for example_short_circuit_decorator to None, run_after=None
[2025-09-25T05:14:10.713+0000] {processor.py:208} INFO - Processing /home/airflow/.local/lib/python3.12/site-packages/airflow/example_dags/example_short_circuit_decorator.py took 0.064 seconds
[2025-09-25T05:14:40.861+0000] {processor.py:186} INFO - Started process (PID=322) to work on /home/airflow/.local/lib/python3.12/site-packages/airflow/example_dags/example_short_circuit_decorator.py
[2025-09-25T05:14:40.862+0000] {processor.py:914} INFO - Processing file /home/airflow/.local/lib/python3.12/site-packages/airflow/example_dags/example_short_circuit_decorator.py for tasks to queue
[2025-09-25T05:14:40.864+0000] {logging_mixin.py:190} INFO - [2025-09-25T05:14:40.864+0000] {dagbag.py:588} INFO - Filling up the DagBag from /home/airflow/.local/lib/python3.12/site-packages/airflow/example_dags/example_short_circuit_decorator.py
[2025-09-25T05:14:40.872+0000] {processor.py:925} INFO - DAG(s) 'example_short_circuit_decorator' retrieved from /home/airflow/.local/lib/python3.12/site-packages/airflow/example_dags/example_short_circuit_decorator.py
[2025-09-25T05:14:40.891+0000] {logging_mixin.py:190} INFO - [2025-09-25T05:14:40.891+0000] {dag.py:3239} INFO - Sync 1 DAGs
[2025-09-25T05:14:40.903+0000] {logging_mixin.py:190} INFO - [2025-09-25T05:14:40.902+0000] {dag.py:4180} INFO - Setting next_dagrun for example_short_circuit_decorator to None, run_after=None
[2025-09-25T05:14:40.917+0000] {processor.py:208} INFO - Processing /home/airflow/.local/lib/python3.12/site-packages/airflow/example_dags/example_short_circuit_decorator.py took 0.061 seconds
[2025-09-25T05:15:11.045+0000] {processor.py:186} INFO - Started process (PID=387) to work on /home/airflow/.local/lib/python3.12/site-packages/airflow/example_dags/example_short_circuit_decorator.py
[2025-09-25T05:15:11.046+0000] {processor.py:914} INFO - Processing file /home/airflow/.local/lib/python3.12/site-packages/airflow/example_dags/example_short_circuit_decorator.py for tasks to queue
[2025-09-25T05:15:11.049+0000] {logging_mixin.py:190} INFO - [2025-09-25T05:15:11.048+0000] {dagbag.py:588} INFO - Filling up the DagBag from /home/airflow/.local/lib/python3.12/site-packages/airflow/example_dags/example_short_circuit_decorator.py
[2025-09-25T05:15:11.059+0000] {processor.py:925} INFO - DAG(s) 'example_short_circuit_decorator' retrieved from /home/airflow/.local/lib/python3.12/site-packages/airflow/example_dags/example_short_circuit_decorator.py
[2025-09-25T05:15:11.080+0000] {logging_mixin.py:190} INFO - [2025-09-25T05:15:11.079+0000] {dag.py:3239} INFO - Sync 1 DAGs
[2025-09-25T05:15:11.092+0000] {logging_mixin.py:190} INFO - [2025-09-25T05:15:11.092+0000] {dag.py:4180} INFO - Setting next_dagrun for example_short_circuit_decorator to None, run_after=None
[2025-09-25T05:15:11.107+0000] {processor.py:208} INFO - Processing /home/airflow/.local/lib/python3.12/site-packages/airflow/example_dags/example_short_circuit_decorator.py took 0.068 seconds
[2025-09-25T05:15:41.507+0000] {processor.py:186} INFO - Started process (PID=452) to work on /home/airflow/.local/lib/python3.12/site-packages/airflow/example_dags/example_short_circuit_decorator.py
[2025-09-25T05:15:41.509+0000] {processor.py:914} INFO - Processing file /home/airflow/.local/lib/python3.12/site-packages/airflow/example_dags/example_short_circuit_decorator.py for tasks to queue
[2025-09-25T05:15:41.511+0000] {logging_mixin.py:190} INFO - [2025-09-25T05:15:41.511+0000] {dagbag.py:588} INFO - Filling up the DagBag from /home/airflow/.local/lib/python3.12/site-packages/airflow/example_dags/example_short_circuit_decorator.py
[2025-09-25T05:15:41.521+0000] {processor.py:925} INFO - DAG(s) 'example_short_circuit_decorator' retrieved from /home/airflow/.local/lib/python3.12/site-packages/airflow/example_dags/example_short_circuit_decorator.py
[2025-09-25T05:15:41.541+0000] {logging_mixin.py:190} INFO - [2025-09-25T05:15:41.541+0000] {dag.py:3239} INFO - Sync 1 DAGs
[2025-09-25T05:15:41.555+0000] {logging_mixin.py:190} INFO - [2025-09-25T05:15:41.555+0000] {dag.py:4180} INFO - Setting next_dagrun for example_short_circuit_decorator to None, run_after=None
[2025-09-25T05:15:41.573+0000] {processor.py:208} INFO - Processing /home/airflow/.local/lib/python3.12/site-packages/airflow/example_dags/example_short_circuit_decorator.py took 0.071 seconds
[2025-09-25T05:16:11.817+0000] {processor.py:186} INFO - Started process (PID=517) to work on /home/airflow/.local/lib/python3.12/site-packages/airflow/example_dags/example_short_circuit_decorator.py
[2025-09-25T05:16:11.819+0000] {processor.py:914} INFO - Processing file /home/airflow/.local/lib/python3.12/site-packages/airflow/example_dags/example_short_circuit_decorator.py for tasks to queue
[2025-09-25T05:16:11.822+0000] {logging_mixin.py:190} INFO - [2025-09-25T05:16:11.822+0000] {dagbag.py:588} INFO - Filling up the DagBag from /home/airflow/.local/lib/python3.12/site-packages/airflow/example_dags/example_short_circuit_decorator.py
[2025-09-25T05:16:11.831+0000] {processor.py:925} INFO - DAG(s) 'example_short_circuit_decorator' retrieved from /home/airflow/.local/lib/python3.12/site-packages/airflow/example_dags/example_short_circuit_decorator.py
[2025-09-25T05:16:11.850+0000] {logging_mixin.py:190} INFO - [2025-09-25T05:16:11.850+0000] {dag.py:3239} INFO - Sync 1 DAGs
[2025-09-25T05:16:11.862+0000] {logging_mixin.py:190} INFO - [2025-09-25T05:16:11.862+0000] {dag.py:4180} INFO - Setting next_dagrun for example_short_circuit_decorator to None, run_after=None
[2025-09-25T05:16:11.879+0000] {processor.py:208} INFO - Processing /home/airflow/.local/lib/python3.12/site-packages/airflow/example_dags/example_short_circuit_decorator.py took 0.067 seconds
[2025-09-25T05:16:42.375+0000] {processor.py:186} INFO - Started process (PID=582) to work on /home/airflow/.local/lib/python3.12/site-packages/airflow/example_dags/example_short_circuit_decorator.py
[2025-09-25T05:16:42.376+0000] {processor.py:914} INFO - Processing file /home/airflow/.local/lib/python3.12/site-packages/airflow/example_dags/example_short_circuit_decorator.py for tasks to queue
[2025-09-25T05:16:42.378+0000] {logging_mixin.py:190} INFO - [2025-09-25T05:16:42.378+0000] {dagbag.py:588} INFO - Filling up the DagBag from /home/airflow/.local/lib/python3.12/site-packages/airflow/example_dags/example_short_circuit_decorator.py
[2025-09-25T05:16:42.388+0000] {processor.py:925} INFO - DAG(s) 'example_short_circuit_decorator' retrieved from /home/airflow/.local/lib/python3.12/site-packages/airflow/example_dags/example_short_circuit_decorator.py
[2025-09-25T05:16:42.410+0000] {logging_mixin.py:190} INFO - [2025-09-25T05:16:42.410+0000] {dag.py:3239} INFO - Sync 1 DAGs
[2025-09-25T05:16:42.423+0000] {logging_mixin.py:190} INFO - [2025-09-25T05:16:42.423+0000] {dag.py:4180} INFO - Setting next_dagrun for example_short_circuit_decorator to None, run_after=None
[2025-09-25T05:16:42.440+0000] {processor.py:208} INFO - Processing /home/airflow/.local/lib/python3.12/site-packages/airflow/example_dags/example_short_circuit_decorator.py took 0.071 seconds
[2025-09-25T05:17:12.570+0000] {processor.py:186} INFO - Started process (PID=647) to work on /home/airflow/.local/lib/python3.12/site-packages/airflow/example_dags/example_short_circuit_decorator.py
[2025-09-25T05:17:12.571+0000] {processor.py:914} INFO - Processing file /home/airflow/.local/lib/python3.12/site-packages/airflow/example_dags/example_short_circuit_decorator.py for tasks to queue
[2025-09-25T05:17:12.573+0000] {logging_mixin.py:190} INFO - [2025-09-25T05:17:12.573+0000] {dagbag.py:588} INFO - Filling up the DagBag from /home/airflow/.local/lib/python3.12/site-packages/airflow/example_dags/example_short_circuit_decorator.py
[2025-09-25T05:17:12.587+0000] {processor.py:925} INFO - DAG(s) 'example_short_circuit_decorator' retrieved from /home/airflow/.local/lib/python3.12/site-packages/airflow/example_dags/example_short_circuit_decorator.py
[2025-09-25T05:17:12.607+0000] {logging_mixin.py:190} INFO - [2025-09-25T05:17:12.607+0000] {dag.py:3239} INFO - Sync 1 DAGs
[2025-09-25T05:17:12.619+0000] {logging_mixin.py:190} INFO - [2025-09-25T05:17:12.619+0000] {dag.py:4180} INFO - Setting next_dagrun for example_short_circuit_decorator to None, run_after=None
[2025-09-25T05:17:12.636+0000] {processor.py:208} INFO - Processing /home/airflow/.local/lib/python3.12/site-packages/airflow/example_dags/example_short_circuit_decorator.py took 0.072 seconds
[2025-09-25T05:17:42.784+0000] {processor.py:186} INFO - Started process (PID=712) to work on /home/airflow/.local/lib/python3.12/site-packages/airflow/example_dags/example_short_circuit_decorator.py
[2025-09-25T05:17:42.785+0000] {processor.py:914} INFO - Processing file /home/airflow/.local/lib/python3.12/site-packages/airflow/example_dags/example_short_circuit_decorator.py for tasks to queue
[2025-09-25T05:17:42.787+0000] {logging_mixin.py:190} INFO - [2025-09-25T05:17:42.787+0000] {dagbag.py:588} INFO - Filling up the DagBag from /home/airflow/.local/lib/python3.12/site-packages/airflow/example_dags/example_short_circuit_decorator.py
[2025-09-25T05:17:42.797+0000] {processor.py:925} INFO - DAG(s) 'example_short_circuit_decorator' retrieved from /home/airflow/.local/lib/python3.12/site-packages/airflow/example_dags/example_short_circuit_decorator.py
[2025-09-25T05:17:42.816+0000] {logging_mixin.py:190} INFO - [2025-09-25T05:17:42.816+0000] {dag.py:3239} INFO - Sync 1 DAGs
[2025-09-25T05:17:42.828+0000] {logging_mixin.py:190} INFO - [2025-09-25T05:17:42.828+0000] {dag.py:4180} INFO - Setting next_dagrun for example_short_circuit_decorator to None, run_after=None
[2025-09-25T05:17:42.844+0000] {processor.py:208} INFO - Processing /home/airflow/.local/lib/python3.12/site-packages/airflow/example_dags/example_short_circuit_decorator.py took 0.066 seconds
[2025-09-25T05:18:13.302+0000] {processor.py:186} INFO - Started process (PID=777) to work on /home/airflow/.local/lib/python3.12/site-packages/airflow/example_dags/example_short_circuit_decorator.py
[2025-09-25T05:18:13.304+0000] {processor.py:914} INFO - Processing file /home/airflow/.local/lib/python3.12/site-packages/airflow/example_dags/example_short_circuit_decorator.py for tasks to queue
[2025-09-25T05:18:13.306+0000] {logging_mixin.py:190} INFO - [2025-09-25T05:18:13.306+0000] {dagbag.py:588} INFO - Filling up the DagBag from /home/airflow/.local/lib/python3.12/site-packages/airflow/example_dags/example_short_circuit_decorator.py
[2025-09-25T05:18:13.318+0000] {processor.py:925} INFO - DAG(s) 'example_short_circuit_decorator' retrieved from /home/airflow/.local/lib/python3.12/site-packages/airflow/example_dags/example_short_circuit_decorator.py
[2025-09-25T05:18:13.348+0000] {logging_mixin.py:190} INFO - [2025-09-25T05:18:13.348+0000] {dag.py:3239} INFO - Sync 1 DAGs
[2025-09-25T05:18:13.364+0000] {logging_mixin.py:190} INFO - [2025-09-25T05:18:13.364+0000] {dag.py:4180} INFO - Setting next_dagrun for example_short_circuit_decorator to None, run_after=None
[2025-09-25T05:18:13.386+0000] {processor.py:208} INFO - Processing /home/airflow/.local/lib/python3.12/site-packages/airflow/example_dags/example_short_circuit_decorator.py took 0.090 seconds
[2025-09-25T05:18:43.651+0000] {processor.py:186} INFO - Started process (PID=842) to work on /home/airflow/.local/lib/python3.12/site-packages/airflow/example_dags/example_short_circuit_decorator.py
[2025-09-25T05:18:43.652+0000] {processor.py:914} INFO - Processing file /home/airflow/.local/lib/python3.12/site-packages/airflow/example_dags/example_short_circuit_decorator.py for tasks to queue
[2025-09-25T05:18:43.654+0000] {logging_mixin.py:190} INFO - [2025-09-25T05:18:43.654+0000] {dagbag.py:588} INFO - Filling up the DagBag from /home/airflow/.local/lib/python3.12/site-packages/airflow/example_dags/example_short_circuit_decorator.py
[2025-09-25T05:18:43.665+0000] {processor.py:925} INFO - DAG(s) 'example_short_circuit_decorator' retrieved from /home/airflow/.local/lib/python3.12/site-packages/airflow/example_dags/example_short_circuit_decorator.py
[2025-09-25T05:18:43.683+0000] {logging_mixin.py:190} INFO - [2025-09-25T05:18:43.683+0000] {dag.py:3239} INFO - Sync 1 DAGs
[2025-09-25T05:18:43.695+0000] {logging_mixin.py:190} INFO - [2025-09-25T05:18:43.695+0000] {dag.py:4180} INFO - Setting next_dagrun for example_short_circuit_decorator to None, run_after=None
[2025-09-25T05:18:43.710+0000] {processor.py:208} INFO - Processing /home/airflow/.local/lib/python3.12/site-packages/airflow/example_dags/example_short_circuit_decorator.py took 0.066 seconds
[2025-09-25T05:19:13.839+0000] {processor.py:186} INFO - Started process (PID=907) to work on /home/airflow/.local/lib/python3.12/site-packages/airflow/example_dags/example_short_circuit_decorator.py
[2025-09-25T05:19:13.840+0000] {processor.py:914} INFO - Processing file /home/airflow/.local/lib/python3.12/site-packages/airflow/example_dags/example_short_circuit_decorator.py for tasks to queue
[2025-09-25T05:19:13.842+0000] {logging_mixin.py:190} INFO - [2025-09-25T05:19:13.842+0000] {dagbag.py:588} INFO - Filling up the DagBag from /home/airflow/.local/lib/python3.12/site-packages/airflow/example_dags/example_short_circuit_decorator.py
[2025-09-25T05:19:13.851+0000] {processor.py:925} INFO - DAG(s) 'example_short_circuit_decorator' retrieved from /home/airflow/.local/lib/python3.12/site-packages/airflow/example_dags/example_short_circuit_decorator.py
[2025-09-25T05:19:13.871+0000] {logging_mixin.py:190} INFO - [2025-09-25T05:19:13.871+0000] {dag.py:3239} INFO - Sync 1 DAGs
[2025-09-25T05:19:13.884+0000] {logging_mixin.py:190} INFO - [2025-09-25T05:19:13.884+0000] {dag.py:4180} INFO - Setting next_dagrun for example_short_circuit_decorator to None, run_after=None
[2025-09-25T05:19:13.900+0000] {processor.py:208} INFO - Processing /home/airflow/.local/lib/python3.12/site-packages/airflow/example_dags/example_short_circuit_decorator.py took 0.067 seconds
[2025-09-25T05:19:43.960+0000] {processor.py:186} INFO - Started process (PID=972) to work on /home/airflow/.local/lib/python3.12/site-packages/airflow/example_dags/example_short_circuit_decorator.py
[2025-09-25T05:19:43.961+0000] {processor.py:914} INFO - Processing file /home/airflow/.local/lib/python3.12/site-packages/airflow/example_dags/example_short_circuit_decorator.py for tasks to queue
[2025-09-25T05:19:43.963+0000] {logging_mixin.py:190} INFO - [2025-09-25T05:19:43.963+0000] {dagbag.py:588} INFO - Filling up the DagBag from /home/airflow/.local/lib/python3.12/site-packages/airflow/example_dags/example_short_circuit_decorator.py
[2025-09-25T05:19:43.972+0000] {processor.py:925} INFO - DAG(s) 'example_short_circuit_decorator' retrieved from /home/airflow/.local/lib/python3.12/site-packages/airflow/example_dags/example_short_circuit_decorator.py
[2025-09-25T05:19:43.990+0000] {logging_mixin.py:190} INFO - [2025-09-25T05:19:43.990+0000] {dag.py:3239} INFO - Sync 1 DAGs
[2025-09-25T05:19:44.002+0000] {logging_mixin.py:190} INFO - [2025-09-25T05:19:44.001+0000] {dag.py:4180} INFO - Setting next_dagrun for example_short_circuit_decorator to None, run_after=None
[2025-09-25T05:19:44.016+0000] {processor.py:208} INFO - Processing /home/airflow/.local/lib/python3.12/site-packages/airflow/example_dags/example_short_circuit_decorator.py took 0.062 seconds
[2025-09-25T05:25:38.685+0000] {processor.py:186} INFO - Started process (PID=58) to work on /home/airflow/.local/lib/python3.12/site-packages/airflow/example_dags/example_short_circuit_decorator.py
[2025-09-25T05:25:38.686+0000] {processor.py:914} INFO - Processing file /home/airflow/.local/lib/python3.12/site-packages/airflow/example_dags/example_short_circuit_decorator.py for tasks to queue
[2025-09-25T05:25:38.688+0000] {logging_mixin.py:190} INFO - [2025-09-25T05:25:38.688+0000] {dagbag.py:588} INFO - Filling up the DagBag from /home/airflow/.local/lib/python3.12/site-packages/airflow/example_dags/example_short_circuit_decorator.py
[2025-09-25T05:25:38.698+0000] {processor.py:925} INFO - DAG(s) 'example_short_circuit_decorator' retrieved from /home/airflow/.local/lib/python3.12/site-packages/airflow/example_dags/example_short_circuit_decorator.py
[2025-09-25T05:25:38.817+0000] {logging_mixin.py:190} INFO - [2025-09-25T05:25:38.817+0000] {dag.py:3239} INFO - Sync 1 DAGs
[2025-09-25T05:25:38.829+0000] {logging_mixin.py:190} INFO - [2025-09-25T05:25:38.829+0000] {dag.py:4180} INFO - Setting next_dagrun for example_short_circuit_decorator to None, run_after=None
[2025-09-25T05:25:38.849+0000] {processor.py:208} INFO - Processing /home/airflow/.local/lib/python3.12/site-packages/airflow/example_dags/example_short_circuit_decorator.py took 0.169 seconds
[2025-09-25T05:26:09.466+0000] {processor.py:186} INFO - Started process (PID=127) to work on /home/airflow/.local/lib/python3.12/site-packages/airflow/example_dags/example_short_circuit_decorator.py
[2025-09-25T05:26:09.466+0000] {processor.py:914} INFO - Processing file /home/airflow/.local/lib/python3.12/site-packages/airflow/example_dags/example_short_circuit_decorator.py for tasks to queue
[2025-09-25T05:26:09.468+0000] {logging_mixin.py:190} INFO - [2025-09-25T05:26:09.468+0000] {dagbag.py:588} INFO - Filling up the DagBag from /home/airflow/.local/lib/python3.12/site-packages/airflow/example_dags/example_short_circuit_decorator.py
[2025-09-25T05:26:09.478+0000] {processor.py:925} INFO - DAG(s) 'example_short_circuit_decorator' retrieved from /home/airflow/.local/lib/python3.12/site-packages/airflow/example_dags/example_short_circuit_decorator.py
[2025-09-25T05:26:09.503+0000] {logging_mixin.py:190} INFO - [2025-09-25T05:26:09.503+0000] {dag.py:3239} INFO - Sync 1 DAGs
[2025-09-25T05:26:09.519+0000] {logging_mixin.py:190} INFO - [2025-09-25T05:26:09.519+0000] {dag.py:4180} INFO - Setting next_dagrun for example_short_circuit_decorator to None, run_after=None
[2025-09-25T05:26:09.544+0000] {processor.py:208} INFO - Processing /home/airflow/.local/lib/python3.12/site-packages/airflow/example_dags/example_short_circuit_decorator.py took 0.084 seconds
[2025-09-25T05:26:40.175+0000] {processor.py:186} INFO - Started process (PID=192) to work on /home/airflow/.local/lib/python3.12/site-packages/airflow/example_dags/example_short_circuit_decorator.py
[2025-09-25T05:26:40.176+0000] {processor.py:914} INFO - Processing file /home/airflow/.local/lib/python3.12/site-packages/airflow/example_dags/example_short_circuit_decorator.py for tasks to queue
[2025-09-25T05:26:40.178+0000] {logging_mixin.py:190} INFO - [2025-09-25T05:26:40.178+0000] {dagbag.py:588} INFO - Filling up the DagBag from /home/airflow/.local/lib/python3.12/site-packages/airflow/example_dags/example_short_circuit_decorator.py
[2025-09-25T05:26:40.190+0000] {processor.py:925} INFO - DAG(s) 'example_short_circuit_decorator' retrieved from /home/airflow/.local/lib/python3.12/site-packages/airflow/example_dags/example_short_circuit_decorator.py
[2025-09-25T05:26:40.227+0000] {logging_mixin.py:190} INFO - [2025-09-25T05:26:40.227+0000] {dag.py:3239} INFO - Sync 1 DAGs
[2025-09-25T05:26:40.239+0000] {logging_mixin.py:190} INFO - [2025-09-25T05:26:40.239+0000] {dag.py:4180} INFO - Setting next_dagrun for example_short_circuit_decorator to None, run_after=None
[2025-09-25T05:26:40.255+0000] {processor.py:208} INFO - Processing /home/airflow/.local/lib/python3.12/site-packages/airflow/example_dags/example_short_circuit_decorator.py took 0.086 seconds
[2025-09-25T05:27:10.346+0000] {processor.py:186} INFO - Started process (PID=257) to work on /home/airflow/.local/lib/python3.12/site-packages/airflow/example_dags/example_short_circuit_decorator.py
[2025-09-25T05:27:10.347+0000] {processor.py:914} INFO - Processing file /home/airflow/.local/lib/python3.12/site-packages/airflow/example_dags/example_short_circuit_decorator.py for tasks to queue
[2025-09-25T05:27:10.349+0000] {logging_mixin.py:190} INFO - [2025-09-25T05:27:10.349+0000] {dagbag.py:588} INFO - Filling up the DagBag from /home/airflow/.local/lib/python3.12/site-packages/airflow/example_dags/example_short_circuit_decorator.py
[2025-09-25T05:27:10.357+0000] {processor.py:925} INFO - DAG(s) 'example_short_circuit_decorator' retrieved from /home/airflow/.local/lib/python3.12/site-packages/airflow/example_dags/example_short_circuit_decorator.py
[2025-09-25T05:27:10.378+0000] {logging_mixin.py:190} INFO - [2025-09-25T05:27:10.378+0000] {dag.py:3239} INFO - Sync 1 DAGs
[2025-09-25T05:27:10.390+0000] {logging_mixin.py:190} INFO - [2025-09-25T05:27:10.390+0000] {dag.py:4180} INFO - Setting next_dagrun for example_short_circuit_decorator to None, run_after=None
[2025-09-25T05:27:10.404+0000] {processor.py:208} INFO - Processing /home/airflow/.local/lib/python3.12/site-packages/airflow/example_dags/example_short_circuit_decorator.py took 0.064 seconds
[2025-09-25T05:27:40.429+0000] {processor.py:186} INFO - Started process (PID=322) to work on /home/airflow/.local/lib/python3.12/site-packages/airflow/example_dags/example_short_circuit_decorator.py
[2025-09-25T05:27:40.429+0000] {processor.py:914} INFO - Processing file /home/airflow/.local/lib/python3.12/site-packages/airflow/example_dags/example_short_circuit_decorator.py for tasks to queue
[2025-09-25T05:27:40.431+0000] {logging_mixin.py:190} INFO - [2025-09-25T05:27:40.431+0000] {dagbag.py:588} INFO - Filling up the DagBag from /home/airflow/.local/lib/python3.12/site-packages/airflow/example_dags/example_short_circuit_decorator.py
[2025-09-25T05:27:40.440+0000] {processor.py:925} INFO - DAG(s) 'example_short_circuit_decorator' retrieved from /home/airflow/.local/lib/python3.12/site-packages/airflow/example_dags/example_short_circuit_decorator.py
[2025-09-25T05:27:40.459+0000] {logging_mixin.py:190} INFO - [2025-09-25T05:27:40.458+0000] {dag.py:3239} INFO - Sync 1 DAGs
[2025-09-25T05:27:40.471+0000] {logging_mixin.py:190} INFO - [2025-09-25T05:27:40.470+0000] {dag.py:4180} INFO - Setting next_dagrun for example_short_circuit_decorator to None, run_after=None
[2025-09-25T05:27:40.485+0000] {processor.py:208} INFO - Processing /home/airflow/.local/lib/python3.12/site-packages/airflow/example_dags/example_short_circuit_decorator.py took 0.062 seconds
[2025-09-25T05:28:54.129+0000] {processor.py:186} INFO - Started process (PID=64) to work on /home/airflow/.local/lib/python3.12/site-packages/airflow/example_dags/example_short_circuit_decorator.py
[2025-09-25T05:28:54.130+0000] {processor.py:914} INFO - Processing file /home/airflow/.local/lib/python3.12/site-packages/airflow/example_dags/example_short_circuit_decorator.py for tasks to queue
[2025-09-25T05:28:54.131+0000] {logging_mixin.py:190} INFO - [2025-09-25T05:28:54.131+0000] {dagbag.py:588} INFO - Filling up the DagBag from /home/airflow/.local/lib/python3.12/site-packages/airflow/example_dags/example_short_circuit_decorator.py
[2025-09-25T05:28:54.144+0000] {processor.py:925} INFO - DAG(s) 'example_short_circuit_decorator' retrieved from /home/airflow/.local/lib/python3.12/site-packages/airflow/example_dags/example_short_circuit_decorator.py
[2025-09-25T05:28:54.173+0000] {logging_mixin.py:190} INFO - [2025-09-25T05:28:54.173+0000] {dag.py:3239} INFO - Sync 1 DAGs
[2025-09-25T05:28:54.185+0000] {logging_mixin.py:190} INFO - [2025-09-25T05:28:54.185+0000] {dag.py:4180} INFO - Setting next_dagrun for example_short_circuit_decorator to None, run_after=None
[2025-09-25T05:28:54.202+0000] {processor.py:208} INFO - Processing /home/airflow/.local/lib/python3.12/site-packages/airflow/example_dags/example_short_circuit_decorator.py took 0.080 seconds
[2025-09-25T05:29:24.810+0000] {processor.py:186} INFO - Started process (PID=128) to work on /home/airflow/.local/lib/python3.12/site-packages/airflow/example_dags/example_short_circuit_decorator.py
[2025-09-25T05:29:24.811+0000] {processor.py:914} INFO - Processing file /home/airflow/.local/lib/python3.12/site-packages/airflow/example_dags/example_short_circuit_decorator.py for tasks to queue
[2025-09-25T05:29:24.813+0000] {logging_mixin.py:190} INFO - [2025-09-25T05:29:24.813+0000] {dagbag.py:588} INFO - Filling up the DagBag from /home/airflow/.local/lib/python3.12/site-packages/airflow/example_dags/example_short_circuit_decorator.py
[2025-09-25T05:29:24.821+0000] {processor.py:925} INFO - DAG(s) 'example_short_circuit_decorator' retrieved from /home/airflow/.local/lib/python3.12/site-packages/airflow/example_dags/example_short_circuit_decorator.py
[2025-09-25T05:29:24.840+0000] {logging_mixin.py:190} INFO - [2025-09-25T05:29:24.839+0000] {dag.py:3239} INFO - Sync 1 DAGs
[2025-09-25T05:29:24.851+0000] {logging_mixin.py:190} INFO - [2025-09-25T05:29:24.851+0000] {dag.py:4180} INFO - Setting next_dagrun for example_short_circuit_decorator to None, run_after=None
[2025-09-25T05:29:24.866+0000] {processor.py:208} INFO - Processing /home/airflow/.local/lib/python3.12/site-packages/airflow/example_dags/example_short_circuit_decorator.py took 0.061 seconds
[2025-09-25T05:29:55.059+0000] {processor.py:186} INFO - Started process (PID=193) to work on /home/airflow/.local/lib/python3.12/site-packages/airflow/example_dags/example_short_circuit_decorator.py
[2025-09-25T05:29:55.060+0000] {processor.py:914} INFO - Processing file /home/airflow/.local/lib/python3.12/site-packages/airflow/example_dags/example_short_circuit_decorator.py for tasks to queue
[2025-09-25T05:29:55.065+0000] {logging_mixin.py:190} INFO - [2025-09-25T05:29:55.064+0000] {dagbag.py:588} INFO - Filling up the DagBag from /home/airflow/.local/lib/python3.12/site-packages/airflow/example_dags/example_short_circuit_decorator.py
[2025-09-25T05:29:55.073+0000] {processor.py:925} INFO - DAG(s) 'example_short_circuit_decorator' retrieved from /home/airflow/.local/lib/python3.12/site-packages/airflow/example_dags/example_short_circuit_decorator.py
[2025-09-25T05:29:55.092+0000] {logging_mixin.py:190} INFO - [2025-09-25T05:29:55.092+0000] {dag.py:3239} INFO - Sync 1 DAGs
[2025-09-25T05:29:55.104+0000] {logging_mixin.py:190} INFO - [2025-09-25T05:29:55.103+0000] {dag.py:4180} INFO - Setting next_dagrun for example_short_circuit_decorator to None, run_after=None
[2025-09-25T05:29:55.118+0000] {processor.py:208} INFO - Processing /home/airflow/.local/lib/python3.12/site-packages/airflow/example_dags/example_short_circuit_decorator.py took 0.065 seconds
[2025-09-25T05:30:25.425+0000] {processor.py:186} INFO - Started process (PID=258) to work on /home/airflow/.local/lib/python3.12/site-packages/airflow/example_dags/example_short_circuit_decorator.py
[2025-09-25T05:30:25.426+0000] {processor.py:914} INFO - Processing file /home/airflow/.local/lib/python3.12/site-packages/airflow/example_dags/example_short_circuit_decorator.py for tasks to queue
[2025-09-25T05:30:25.428+0000] {logging_mixin.py:190} INFO - [2025-09-25T05:30:25.428+0000] {dagbag.py:588} INFO - Filling up the DagBag from /home/airflow/.local/lib/python3.12/site-packages/airflow/example_dags/example_short_circuit_decorator.py
[2025-09-25T05:30:25.437+0000] {processor.py:925} INFO - DAG(s) 'example_short_circuit_decorator' retrieved from /home/airflow/.local/lib/python3.12/site-packages/airflow/example_dags/example_short_circuit_decorator.py
[2025-09-25T05:30:25.456+0000] {logging_mixin.py:190} INFO - [2025-09-25T05:30:25.456+0000] {dag.py:3239} INFO - Sync 1 DAGs
[2025-09-25T05:30:25.467+0000] {logging_mixin.py:190} INFO - [2025-09-25T05:30:25.467+0000] {dag.py:4180} INFO - Setting next_dagrun for example_short_circuit_decorator to None, run_after=None
[2025-09-25T05:30:25.481+0000] {processor.py:208} INFO - Processing /home/airflow/.local/lib/python3.12/site-packages/airflow/example_dags/example_short_circuit_decorator.py took 0.061 seconds
[2025-09-25T05:30:56.108+0000] {processor.py:186} INFO - Started process (PID=323) to work on /home/airflow/.local/lib/python3.12/site-packages/airflow/example_dags/example_short_circuit_decorator.py
[2025-09-25T05:30:56.109+0000] {processor.py:914} INFO - Processing file /home/airflow/.local/lib/python3.12/site-packages/airflow/example_dags/example_short_circuit_decorator.py for tasks to queue
[2025-09-25T05:30:56.111+0000] {logging_mixin.py:190} INFO - [2025-09-25T05:30:56.111+0000] {dagbag.py:588} INFO - Filling up the DagBag from /home/airflow/.local/lib/python3.12/site-packages/airflow/example_dags/example_short_circuit_decorator.py
[2025-09-25T05:30:56.122+0000] {processor.py:925} INFO - DAG(s) 'example_short_circuit_decorator' retrieved from /home/airflow/.local/lib/python3.12/site-packages/airflow/example_dags/example_short_circuit_decorator.py
[2025-09-25T05:30:56.142+0000] {logging_mixin.py:190} INFO - [2025-09-25T05:30:56.142+0000] {dag.py:3239} INFO - Sync 1 DAGs
[2025-09-25T05:30:56.153+0000] {logging_mixin.py:190} INFO - [2025-09-25T05:30:56.152+0000] {dag.py:4180} INFO - Setting next_dagrun for example_short_circuit_decorator to None, run_after=None
[2025-09-25T05:30:56.171+0000] {processor.py:208} INFO - Processing /home/airflow/.local/lib/python3.12/site-packages/airflow/example_dags/example_short_circuit_decorator.py took 0.069 seconds
[2025-09-25T05:31:26.309+0000] {processor.py:186} INFO - Started process (PID=388) to work on /home/airflow/.local/lib/python3.12/site-packages/airflow/example_dags/example_short_circuit_decorator.py
[2025-09-25T05:31:26.310+0000] {processor.py:914} INFO - Processing file /home/airflow/.local/lib/python3.12/site-packages/airflow/example_dags/example_short_circuit_decorator.py for tasks to queue
[2025-09-25T05:31:26.311+0000] {logging_mixin.py:190} INFO - [2025-09-25T05:31:26.311+0000] {dagbag.py:588} INFO - Filling up the DagBag from /home/airflow/.local/lib/python3.12/site-packages/airflow/example_dags/example_short_circuit_decorator.py
[2025-09-25T05:31:26.319+0000] {processor.py:925} INFO - DAG(s) 'example_short_circuit_decorator' retrieved from /home/airflow/.local/lib/python3.12/site-packages/airflow/example_dags/example_short_circuit_decorator.py
[2025-09-25T05:31:26.336+0000] {logging_mixin.py:190} INFO - [2025-09-25T05:31:26.336+0000] {dag.py:3239} INFO - Sync 1 DAGs
[2025-09-25T05:31:26.347+0000] {logging_mixin.py:190} INFO - [2025-09-25T05:31:26.346+0000] {dag.py:4180} INFO - Setting next_dagrun for example_short_circuit_decorator to None, run_after=None
[2025-09-25T05:31:26.360+0000] {processor.py:208} INFO - Processing /home/airflow/.local/lib/python3.12/site-packages/airflow/example_dags/example_short_circuit_decorator.py took 0.056 seconds
[2025-09-25T05:31:57.115+0000] {processor.py:186} INFO - Started process (PID=453) to work on /home/airflow/.local/lib/python3.12/site-packages/airflow/example_dags/example_short_circuit_decorator.py
[2025-09-25T05:31:57.116+0000] {processor.py:914} INFO - Processing file /home/airflow/.local/lib/python3.12/site-packages/airflow/example_dags/example_short_circuit_decorator.py for tasks to queue
[2025-09-25T05:31:57.118+0000] {logging_mixin.py:190} INFO - [2025-09-25T05:31:57.118+0000] {dagbag.py:588} INFO - Filling up the DagBag from /home/airflow/.local/lib/python3.12/site-packages/airflow/example_dags/example_short_circuit_decorator.py
[2025-09-25T05:31:57.127+0000] {processor.py:925} INFO - DAG(s) 'example_short_circuit_decorator' retrieved from /home/airflow/.local/lib/python3.12/site-packages/airflow/example_dags/example_short_circuit_decorator.py
[2025-09-25T05:31:57.145+0000] {logging_mixin.py:190} INFO - [2025-09-25T05:31:57.145+0000] {dag.py:3239} INFO - Sync 1 DAGs
[2025-09-25T05:31:57.157+0000] {logging_mixin.py:190} INFO - [2025-09-25T05:31:57.157+0000] {dag.py:4180} INFO - Setting next_dagrun for example_short_circuit_decorator to None, run_after=None
[2025-09-25T05:31:57.174+0000] {processor.py:208} INFO - Processing /home/airflow/.local/lib/python3.12/site-packages/airflow/example_dags/example_short_circuit_decorator.py took 0.064 seconds
[2025-09-25T05:32:27.469+0000] {processor.py:186} INFO - Started process (PID=518) to work on /home/airflow/.local/lib/python3.12/site-packages/airflow/example_dags/example_short_circuit_decorator.py
[2025-09-25T05:32:27.470+0000] {processor.py:914} INFO - Processing file /home/airflow/.local/lib/python3.12/site-packages/airflow/example_dags/example_short_circuit_decorator.py for tasks to queue
[2025-09-25T05:32:27.472+0000] {logging_mixin.py:190} INFO - [2025-09-25T05:32:27.472+0000] {dagbag.py:588} INFO - Filling up the DagBag from /home/airflow/.local/lib/python3.12/site-packages/airflow/example_dags/example_short_circuit_decorator.py
[2025-09-25T05:32:27.481+0000] {processor.py:925} INFO - DAG(s) 'example_short_circuit_decorator' retrieved from /home/airflow/.local/lib/python3.12/site-packages/airflow/example_dags/example_short_circuit_decorator.py
[2025-09-25T05:32:27.499+0000] {logging_mixin.py:190} INFO - [2025-09-25T05:32:27.499+0000] {dag.py:3239} INFO - Sync 1 DAGs
[2025-09-25T05:32:27.510+0000] {logging_mixin.py:190} INFO - [2025-09-25T05:32:27.510+0000] {dag.py:4180} INFO - Setting next_dagrun for example_short_circuit_decorator to None, run_after=None
[2025-09-25T05:32:27.525+0000] {processor.py:208} INFO - Processing /home/airflow/.local/lib/python3.12/site-packages/airflow/example_dags/example_short_circuit_decorator.py took 0.061 seconds
[2025-09-25T05:32:58.307+0000] {processor.py:186} INFO - Started process (PID=583) to work on /home/airflow/.local/lib/python3.12/site-packages/airflow/example_dags/example_short_circuit_decorator.py
[2025-09-25T05:32:58.308+0000] {processor.py:914} INFO - Processing file /home/airflow/.local/lib/python3.12/site-packages/airflow/example_dags/example_short_circuit_decorator.py for tasks to queue
[2025-09-25T05:32:58.310+0000] {logging_mixin.py:190} INFO - [2025-09-25T05:32:58.310+0000] {dagbag.py:588} INFO - Filling up the DagBag from /home/airflow/.local/lib/python3.12/site-packages/airflow/example_dags/example_short_circuit_decorator.py
[2025-09-25T05:32:58.319+0000] {processor.py:925} INFO - DAG(s) 'example_short_circuit_decorator' retrieved from /home/airflow/.local/lib/python3.12/site-packages/airflow/example_dags/example_short_circuit_decorator.py
[2025-09-25T05:32:58.337+0000] {logging_mixin.py:190} INFO - [2025-09-25T05:32:58.337+0000] {dag.py:3239} INFO - Sync 1 DAGs
[2025-09-25T05:32:58.349+0000] {logging_mixin.py:190} INFO - [2025-09-25T05:32:58.349+0000] {dag.py:4180} INFO - Setting next_dagrun for example_short_circuit_decorator to None, run_after=None
[2025-09-25T05:32:58.365+0000] {processor.py:208} INFO - Processing /home/airflow/.local/lib/python3.12/site-packages/airflow/example_dags/example_short_circuit_decorator.py took 0.063 seconds
[2025-09-25T05:33:28.408+0000] {processor.py:186} INFO - Started process (PID=648) to work on /home/airflow/.local/lib/python3.12/site-packages/airflow/example_dags/example_short_circuit_decorator.py
[2025-09-25T05:33:28.409+0000] {processor.py:914} INFO - Processing file /home/airflow/.local/lib/python3.12/site-packages/airflow/example_dags/example_short_circuit_decorator.py for tasks to queue
[2025-09-25T05:33:28.411+0000] {logging_mixin.py:190} INFO - [2025-09-25T05:33:28.411+0000] {dagbag.py:588} INFO - Filling up the DagBag from /home/airflow/.local/lib/python3.12/site-packages/airflow/example_dags/example_short_circuit_decorator.py
[2025-09-25T05:33:28.420+0000] {processor.py:925} INFO - DAG(s) 'example_short_circuit_decorator' retrieved from /home/airflow/.local/lib/python3.12/site-packages/airflow/example_dags/example_short_circuit_decorator.py
[2025-09-25T05:33:28.438+0000] {logging_mixin.py:190} INFO - [2025-09-25T05:33:28.438+0000] {dag.py:3239} INFO - Sync 1 DAGs
[2025-09-25T05:33:28.450+0000] {logging_mixin.py:190} INFO - [2025-09-25T05:33:28.449+0000] {dag.py:4180} INFO - Setting next_dagrun for example_short_circuit_decorator to None, run_after=None
[2025-09-25T05:33:28.466+0000] {processor.py:208} INFO - Processing /home/airflow/.local/lib/python3.12/site-packages/airflow/example_dags/example_short_circuit_decorator.py took 0.063 seconds
[2025-09-25T05:33:58.559+0000] {processor.py:186} INFO - Started process (PID=713) to work on /home/airflow/.local/lib/python3.12/site-packages/airflow/example_dags/example_short_circuit_decorator.py
[2025-09-25T05:33:58.560+0000] {processor.py:914} INFO - Processing file /home/airflow/.local/lib/python3.12/site-packages/airflow/example_dags/example_short_circuit_decorator.py for tasks to queue
[2025-09-25T05:33:58.562+0000] {logging_mixin.py:190} INFO - [2025-09-25T05:33:58.562+0000] {dagbag.py:588} INFO - Filling up the DagBag from /home/airflow/.local/lib/python3.12/site-packages/airflow/example_dags/example_short_circuit_decorator.py
[2025-09-25T05:33:58.570+0000] {processor.py:925} INFO - DAG(s) 'example_short_circuit_decorator' retrieved from /home/airflow/.local/lib/python3.12/site-packages/airflow/example_dags/example_short_circuit_decorator.py
[2025-09-25T05:33:58.589+0000] {logging_mixin.py:190} INFO - [2025-09-25T05:33:58.588+0000] {dag.py:3239} INFO - Sync 1 DAGs
[2025-09-25T05:33:58.600+0000] {logging_mixin.py:190} INFO - [2025-09-25T05:33:58.600+0000] {dag.py:4180} INFO - Setting next_dagrun for example_short_circuit_decorator to None, run_after=None
[2025-09-25T05:33:58.615+0000] {processor.py:208} INFO - Processing /home/airflow/.local/lib/python3.12/site-packages/airflow/example_dags/example_short_circuit_decorator.py took 0.062 seconds
[2025-09-25T05:34:28.798+0000] {processor.py:186} INFO - Started process (PID=778) to work on /home/airflow/.local/lib/python3.12/site-packages/airflow/example_dags/example_short_circuit_decorator.py
[2025-09-25T05:34:28.799+0000] {processor.py:914} INFO - Processing file /home/airflow/.local/lib/python3.12/site-packages/airflow/example_dags/example_short_circuit_decorator.py for tasks to queue
[2025-09-25T05:34:28.801+0000] {logging_mixin.py:190} INFO - [2025-09-25T05:34:28.801+0000] {dagbag.py:588} INFO - Filling up the DagBag from /home/airflow/.local/lib/python3.12/site-packages/airflow/example_dags/example_short_circuit_decorator.py
[2025-09-25T05:34:28.810+0000] {processor.py:925} INFO - DAG(s) 'example_short_circuit_decorator' retrieved from /home/airflow/.local/lib/python3.12/site-packages/airflow/example_dags/example_short_circuit_decorator.py
[2025-09-25T05:34:28.828+0000] {logging_mixin.py:190} INFO - [2025-09-25T05:34:28.828+0000] {dag.py:3239} INFO - Sync 1 DAGs
[2025-09-25T05:34:28.840+0000] {logging_mixin.py:190} INFO - [2025-09-25T05:34:28.840+0000] {dag.py:4180} INFO - Setting next_dagrun for example_short_circuit_decorator to None, run_after=None
[2025-09-25T05:34:28.855+0000] {processor.py:208} INFO - Processing /home/airflow/.local/lib/python3.12/site-packages/airflow/example_dags/example_short_circuit_decorator.py took 0.063 seconds
[2025-09-25T05:34:59.046+0000] {processor.py:186} INFO - Started process (PID=843) to work on /home/airflow/.local/lib/python3.12/site-packages/airflow/example_dags/example_short_circuit_decorator.py
[2025-09-25T05:34:59.047+0000] {processor.py:914} INFO - Processing file /home/airflow/.local/lib/python3.12/site-packages/airflow/example_dags/example_short_circuit_decorator.py for tasks to queue
[2025-09-25T05:34:59.050+0000] {logging_mixin.py:190} INFO - [2025-09-25T05:34:59.049+0000] {dagbag.py:588} INFO - Filling up the DagBag from /home/airflow/.local/lib/python3.12/site-packages/airflow/example_dags/example_short_circuit_decorator.py
[2025-09-25T05:34:59.058+0000] {processor.py:925} INFO - DAG(s) 'example_short_circuit_decorator' retrieved from /home/airflow/.local/lib/python3.12/site-packages/airflow/example_dags/example_short_circuit_decorator.py
[2025-09-25T05:34:59.077+0000] {logging_mixin.py:190} INFO - [2025-09-25T05:34:59.077+0000] {dag.py:3239} INFO - Sync 1 DAGs
[2025-09-25T05:34:59.089+0000] {logging_mixin.py:190} INFO - [2025-09-25T05:34:59.089+0000] {dag.py:4180} INFO - Setting next_dagrun for example_short_circuit_decorator to None, run_after=None
[2025-09-25T05:34:59.105+0000] {processor.py:208} INFO - Processing /home/airflow/.local/lib/python3.12/site-packages/airflow/example_dags/example_short_circuit_decorator.py took 0.064 seconds
[2025-09-25T05:35:29.350+0000] {processor.py:186} INFO - Started process (PID=908) to work on /home/airflow/.local/lib/python3.12/site-packages/airflow/example_dags/example_short_circuit_decorator.py
[2025-09-25T05:35:29.351+0000] {processor.py:914} INFO - Processing file /home/airflow/.local/lib/python3.12/site-packages/airflow/example_dags/example_short_circuit_decorator.py for tasks to queue
[2025-09-25T05:35:29.353+0000] {logging_mixin.py:190} INFO - [2025-09-25T05:35:29.353+0000] {dagbag.py:588} INFO - Filling up the DagBag from /home/airflow/.local/lib/python3.12/site-packages/airflow/example_dags/example_short_circuit_decorator.py
[2025-09-25T05:35:29.361+0000] {processor.py:925} INFO - DAG(s) 'example_short_circuit_decorator' retrieved from /home/airflow/.local/lib/python3.12/site-packages/airflow/example_dags/example_short_circuit_decorator.py
[2025-09-25T05:35:29.381+0000] {logging_mixin.py:190} INFO - [2025-09-25T05:35:29.380+0000] {dag.py:3239} INFO - Sync 1 DAGs
[2025-09-25T05:35:29.392+0000] {logging_mixin.py:190} INFO - [2025-09-25T05:35:29.391+0000] {dag.py:4180} INFO - Setting next_dagrun for example_short_circuit_decorator to None, run_after=None
[2025-09-25T05:35:29.407+0000] {processor.py:208} INFO - Processing /home/airflow/.local/lib/python3.12/site-packages/airflow/example_dags/example_short_circuit_decorator.py took 0.062 seconds
[2025-09-25T05:35:59.772+0000] {processor.py:186} INFO - Started process (PID=973) to work on /home/airflow/.local/lib/python3.12/site-packages/airflow/example_dags/example_short_circuit_decorator.py
[2025-09-25T05:35:59.773+0000] {processor.py:914} INFO - Processing file /home/airflow/.local/lib/python3.12/site-packages/airflow/example_dags/example_short_circuit_decorator.py for tasks to queue
[2025-09-25T05:35:59.776+0000] {logging_mixin.py:190} INFO - [2025-09-25T05:35:59.776+0000] {dagbag.py:588} INFO - Filling up the DagBag from /home/airflow/.local/lib/python3.12/site-packages/airflow/example_dags/example_short_circuit_decorator.py
[2025-09-25T05:35:59.784+0000] {processor.py:925} INFO - DAG(s) 'example_short_circuit_decorator' retrieved from /home/airflow/.local/lib/python3.12/site-packages/airflow/example_dags/example_short_circuit_decorator.py
[2025-09-25T05:35:59.802+0000] {logging_mixin.py:190} INFO - [2025-09-25T05:35:59.802+0000] {dag.py:3239} INFO - Sync 1 DAGs
[2025-09-25T05:35:59.813+0000] {logging_mixin.py:190} INFO - [2025-09-25T05:35:59.813+0000] {dag.py:4180} INFO - Setting next_dagrun for example_short_circuit_decorator to None, run_after=None
[2025-09-25T05:35:59.830+0000] {processor.py:208} INFO - Processing /home/airflow/.local/lib/python3.12/site-packages/airflow/example_dags/example_short_circuit_decorator.py took 0.063 seconds
[2025-09-25T05:36:30.168+0000] {processor.py:186} INFO - Started process (PID=1038) to work on /home/airflow/.local/lib/python3.12/site-packages/airflow/example_dags/example_short_circuit_decorator.py
[2025-09-25T05:36:30.169+0000] {processor.py:914} INFO - Processing file /home/airflow/.local/lib/python3.12/site-packages/airflow/example_dags/example_short_circuit_decorator.py for tasks to queue
[2025-09-25T05:36:30.172+0000] {logging_mixin.py:190} INFO - [2025-09-25T05:36:30.171+0000] {dagbag.py:588} INFO - Filling up the DagBag from /home/airflow/.local/lib/python3.12/site-packages/airflow/example_dags/example_short_circuit_decorator.py
[2025-09-25T05:36:30.180+0000] {processor.py:925} INFO - DAG(s) 'example_short_circuit_decorator' retrieved from /home/airflow/.local/lib/python3.12/site-packages/airflow/example_dags/example_short_circuit_decorator.py
[2025-09-25T05:36:30.198+0000] {logging_mixin.py:190} INFO - [2025-09-25T05:36:30.198+0000] {dag.py:3239} INFO - Sync 1 DAGs
[2025-09-25T05:36:30.211+0000] {logging_mixin.py:190} INFO - [2025-09-25T05:36:30.210+0000] {dag.py:4180} INFO - Setting next_dagrun for example_short_circuit_decorator to None, run_after=None
[2025-09-25T05:36:30.227+0000] {processor.py:208} INFO - Processing /home/airflow/.local/lib/python3.12/site-packages/airflow/example_dags/example_short_circuit_decorator.py took 0.064 seconds
[2025-09-25T05:37:00.747+0000] {processor.py:186} INFO - Started process (PID=1103) to work on /home/airflow/.local/lib/python3.12/site-packages/airflow/example_dags/example_short_circuit_decorator.py
[2025-09-25T05:37:00.748+0000] {processor.py:914} INFO - Processing file /home/airflow/.local/lib/python3.12/site-packages/airflow/example_dags/example_short_circuit_decorator.py for tasks to queue
[2025-09-25T05:37:00.751+0000] {logging_mixin.py:190} INFO - [2025-09-25T05:37:00.750+0000] {dagbag.py:588} INFO - Filling up the DagBag from /home/airflow/.local/lib/python3.12/site-packages/airflow/example_dags/example_short_circuit_decorator.py
[2025-09-25T05:37:00.760+0000] {processor.py:925} INFO - DAG(s) 'example_short_circuit_decorator' retrieved from /home/airflow/.local/lib/python3.12/site-packages/airflow/example_dags/example_short_circuit_decorator.py
[2025-09-25T05:37:00.777+0000] {logging_mixin.py:190} INFO - [2025-09-25T05:37:00.777+0000] {dag.py:3239} INFO - Sync 1 DAGs
[2025-09-25T05:37:00.790+0000] {logging_mixin.py:190} INFO - [2025-09-25T05:37:00.789+0000] {dag.py:4180} INFO - Setting next_dagrun for example_short_circuit_decorator to None, run_after=None
[2025-09-25T05:37:00.805+0000] {processor.py:208} INFO - Processing /home/airflow/.local/lib/python3.12/site-packages/airflow/example_dags/example_short_circuit_decorator.py took 0.062 seconds
[2025-09-25T05:37:31.072+0000] {processor.py:186} INFO - Started process (PID=1168) to work on /home/airflow/.local/lib/python3.12/site-packages/airflow/example_dags/example_short_circuit_decorator.py
[2025-09-25T05:37:31.073+0000] {processor.py:914} INFO - Processing file /home/airflow/.local/lib/python3.12/site-packages/airflow/example_dags/example_short_circuit_decorator.py for tasks to queue
[2025-09-25T05:37:31.075+0000] {logging_mixin.py:190} INFO - [2025-09-25T05:37:31.075+0000] {dagbag.py:588} INFO - Filling up the DagBag from /home/airflow/.local/lib/python3.12/site-packages/airflow/example_dags/example_short_circuit_decorator.py
[2025-09-25T05:37:31.084+0000] {processor.py:925} INFO - DAG(s) 'example_short_circuit_decorator' retrieved from /home/airflow/.local/lib/python3.12/site-packages/airflow/example_dags/example_short_circuit_decorator.py
[2025-09-25T05:37:31.107+0000] {logging_mixin.py:190} INFO - [2025-09-25T05:37:31.107+0000] {dag.py:3239} INFO - Sync 1 DAGs
[2025-09-25T05:37:31.119+0000] {logging_mixin.py:190} INFO - [2025-09-25T05:37:31.119+0000] {dag.py:4180} INFO - Setting next_dagrun for example_short_circuit_decorator to None, run_after=None
[2025-09-25T05:37:31.135+0000] {processor.py:208} INFO - Processing /home/airflow/.local/lib/python3.12/site-packages/airflow/example_dags/example_short_circuit_decorator.py took 0.068 seconds
[2025-09-25T05:38:01.473+0000] {processor.py:186} INFO - Started process (PID=1233) to work on /home/airflow/.local/lib/python3.12/site-packages/airflow/example_dags/example_short_circuit_decorator.py
[2025-09-25T05:38:01.473+0000] {processor.py:914} INFO - Processing file /home/airflow/.local/lib/python3.12/site-packages/airflow/example_dags/example_short_circuit_decorator.py for tasks to queue
[2025-09-25T05:38:01.476+0000] {logging_mixin.py:190} INFO - [2025-09-25T05:38:01.475+0000] {dagbag.py:588} INFO - Filling up the DagBag from /home/airflow/.local/lib/python3.12/site-packages/airflow/example_dags/example_short_circuit_decorator.py
[2025-09-25T05:38:01.485+0000] {processor.py:925} INFO - DAG(s) 'example_short_circuit_decorator' retrieved from /home/airflow/.local/lib/python3.12/site-packages/airflow/example_dags/example_short_circuit_decorator.py
[2025-09-25T05:38:01.503+0000] {logging_mixin.py:190} INFO - [2025-09-25T05:38:01.503+0000] {dag.py:3239} INFO - Sync 1 DAGs
[2025-09-25T05:38:01.516+0000] {logging_mixin.py:190} INFO - [2025-09-25T05:38:01.515+0000] {dag.py:4180} INFO - Setting next_dagrun for example_short_circuit_decorator to None, run_after=None
[2025-09-25T05:38:01.531+0000] {processor.py:208} INFO - Processing /home/airflow/.local/lib/python3.12/site-packages/airflow/example_dags/example_short_circuit_decorator.py took 0.064 seconds
[2025-09-25T05:38:31.730+0000] {processor.py:186} INFO - Started process (PID=1298) to work on /home/airflow/.local/lib/python3.12/site-packages/airflow/example_dags/example_short_circuit_decorator.py
[2025-09-25T05:38:31.731+0000] {processor.py:914} INFO - Processing file /home/airflow/.local/lib/python3.12/site-packages/airflow/example_dags/example_short_circuit_decorator.py for tasks to queue
[2025-09-25T05:38:31.733+0000] {logging_mixin.py:190} INFO - [2025-09-25T05:38:31.733+0000] {dagbag.py:588} INFO - Filling up the DagBag from /home/airflow/.local/lib/python3.12/site-packages/airflow/example_dags/example_short_circuit_decorator.py
[2025-09-25T05:38:31.743+0000] {processor.py:925} INFO - DAG(s) 'example_short_circuit_decorator' retrieved from /home/airflow/.local/lib/python3.12/site-packages/airflow/example_dags/example_short_circuit_decorator.py
[2025-09-25T05:38:31.762+0000] {logging_mixin.py:190} INFO - [2025-09-25T05:38:31.761+0000] {dag.py:3239} INFO - Sync 1 DAGs
[2025-09-25T05:38:31.773+0000] {logging_mixin.py:190} INFO - [2025-09-25T05:38:31.773+0000] {dag.py:4180} INFO - Setting next_dagrun for example_short_circuit_decorator to None, run_after=None
[2025-09-25T05:38:31.788+0000] {processor.py:208} INFO - Processing /home/airflow/.local/lib/python3.12/site-packages/airflow/example_dags/example_short_circuit_decorator.py took 0.065 seconds
[2025-09-25T05:39:02.208+0000] {processor.py:186} INFO - Started process (PID=1363) to work on /home/airflow/.local/lib/python3.12/site-packages/airflow/example_dags/example_short_circuit_decorator.py
[2025-09-25T05:39:02.209+0000] {processor.py:914} INFO - Processing file /home/airflow/.local/lib/python3.12/site-packages/airflow/example_dags/example_short_circuit_decorator.py for tasks to queue
[2025-09-25T05:39:02.212+0000] {logging_mixin.py:190} INFO - [2025-09-25T05:39:02.212+0000] {dagbag.py:588} INFO - Filling up the DagBag from /home/airflow/.local/lib/python3.12/site-packages/airflow/example_dags/example_short_circuit_decorator.py
[2025-09-25T05:39:02.226+0000] {processor.py:925} INFO - DAG(s) 'example_short_circuit_decorator' retrieved from /home/airflow/.local/lib/python3.12/site-packages/airflow/example_dags/example_short_circuit_decorator.py
[2025-09-25T05:39:02.260+0000] {logging_mixin.py:190} INFO - [2025-09-25T05:39:02.259+0000] {dag.py:3239} INFO - Sync 1 DAGs
[2025-09-25T05:39:02.280+0000] {logging_mixin.py:190} INFO - [2025-09-25T05:39:02.280+0000] {dag.py:4180} INFO - Setting next_dagrun for example_short_circuit_decorator to None, run_after=None
[2025-09-25T05:39:02.298+0000] {processor.py:208} INFO - Processing /home/airflow/.local/lib/python3.12/site-packages/airflow/example_dags/example_short_circuit_decorator.py took 0.099 seconds
[2025-09-25T05:39:32.838+0000] {processor.py:186} INFO - Started process (PID=1428) to work on /home/airflow/.local/lib/python3.12/site-packages/airflow/example_dags/example_short_circuit_decorator.py
[2025-09-25T05:39:32.839+0000] {processor.py:914} INFO - Processing file /home/airflow/.local/lib/python3.12/site-packages/airflow/example_dags/example_short_circuit_decorator.py for tasks to queue
[2025-09-25T05:39:32.841+0000] {logging_mixin.py:190} INFO - [2025-09-25T05:39:32.841+0000] {dagbag.py:588} INFO - Filling up the DagBag from /home/airflow/.local/lib/python3.12/site-packages/airflow/example_dags/example_short_circuit_decorator.py
[2025-09-25T05:39:32.849+0000] {processor.py:925} INFO - DAG(s) 'example_short_circuit_decorator' retrieved from /home/airflow/.local/lib/python3.12/site-packages/airflow/example_dags/example_short_circuit_decorator.py
[2025-09-25T05:39:32.867+0000] {logging_mixin.py:190} INFO - [2025-09-25T05:39:32.867+0000] {dag.py:3239} INFO - Sync 1 DAGs
[2025-09-25T05:39:32.878+0000] {logging_mixin.py:190} INFO - [2025-09-25T05:39:32.878+0000] {dag.py:4180} INFO - Setting next_dagrun for example_short_circuit_decorator to None, run_after=None
[2025-09-25T05:39:32.892+0000] {processor.py:208} INFO - Processing /home/airflow/.local/lib/python3.12/site-packages/airflow/example_dags/example_short_circuit_decorator.py took 0.059 seconds
[2025-09-25T05:40:02.950+0000] {processor.py:186} INFO - Started process (PID=1493) to work on /home/airflow/.local/lib/python3.12/site-packages/airflow/example_dags/example_short_circuit_decorator.py
[2025-09-25T05:40:02.950+0000] {processor.py:914} INFO - Processing file /home/airflow/.local/lib/python3.12/site-packages/airflow/example_dags/example_short_circuit_decorator.py for tasks to queue
[2025-09-25T05:40:02.952+0000] {logging_mixin.py:190} INFO - [2025-09-25T05:40:02.952+0000] {dagbag.py:588} INFO - Filling up the DagBag from /home/airflow/.local/lib/python3.12/site-packages/airflow/example_dags/example_short_circuit_decorator.py
[2025-09-25T05:40:02.960+0000] {processor.py:925} INFO - DAG(s) 'example_short_circuit_decorator' retrieved from /home/airflow/.local/lib/python3.12/site-packages/airflow/example_dags/example_short_circuit_decorator.py
[2025-09-25T05:40:02.979+0000] {logging_mixin.py:190} INFO - [2025-09-25T05:40:02.978+0000] {dag.py:3239} INFO - Sync 1 DAGs
[2025-09-25T05:40:02.990+0000] {logging_mixin.py:190} INFO - [2025-09-25T05:40:02.990+0000] {dag.py:4180} INFO - Setting next_dagrun for example_short_circuit_decorator to None, run_after=None
[2025-09-25T05:40:03.005+0000] {processor.py:208} INFO - Processing /home/airflow/.local/lib/python3.12/site-packages/airflow/example_dags/example_short_circuit_decorator.py took 0.061 seconds
[2025-09-25T05:40:33.275+0000] {processor.py:186} INFO - Started process (PID=1558) to work on /home/airflow/.local/lib/python3.12/site-packages/airflow/example_dags/example_short_circuit_decorator.py
[2025-09-25T05:40:33.276+0000] {processor.py:914} INFO - Processing file /home/airflow/.local/lib/python3.12/site-packages/airflow/example_dags/example_short_circuit_decorator.py for tasks to queue
[2025-09-25T05:40:33.278+0000] {logging_mixin.py:190} INFO - [2025-09-25T05:40:33.278+0000] {dagbag.py:588} INFO - Filling up the DagBag from /home/airflow/.local/lib/python3.12/site-packages/airflow/example_dags/example_short_circuit_decorator.py
[2025-09-25T05:40:33.289+0000] {processor.py:925} INFO - DAG(s) 'example_short_circuit_decorator' retrieved from /home/airflow/.local/lib/python3.12/site-packages/airflow/example_dags/example_short_circuit_decorator.py
[2025-09-25T05:40:33.309+0000] {logging_mixin.py:190} INFO - [2025-09-25T05:40:33.308+0000] {dag.py:3239} INFO - Sync 1 DAGs
[2025-09-25T05:40:33.322+0000] {logging_mixin.py:190} INFO - [2025-09-25T05:40:33.322+0000] {dag.py:4180} INFO - Setting next_dagrun for example_short_circuit_decorator to None, run_after=None
[2025-09-25T05:40:33.340+0000] {processor.py:208} INFO - Processing /home/airflow/.local/lib/python3.12/site-packages/airflow/example_dags/example_short_circuit_decorator.py took 0.073 seconds
[2025-09-25T05:41:03.596+0000] {processor.py:186} INFO - Started process (PID=1623) to work on /home/airflow/.local/lib/python3.12/site-packages/airflow/example_dags/example_short_circuit_decorator.py
[2025-09-25T05:41:03.597+0000] {processor.py:914} INFO - Processing file /home/airflow/.local/lib/python3.12/site-packages/airflow/example_dags/example_short_circuit_decorator.py for tasks to queue
[2025-09-25T05:41:03.599+0000] {logging_mixin.py:190} INFO - [2025-09-25T05:41:03.599+0000] {dagbag.py:588} INFO - Filling up the DagBag from /home/airflow/.local/lib/python3.12/site-packages/airflow/example_dags/example_short_circuit_decorator.py
[2025-09-25T05:41:03.608+0000] {processor.py:925} INFO - DAG(s) 'example_short_circuit_decorator' retrieved from /home/airflow/.local/lib/python3.12/site-packages/airflow/example_dags/example_short_circuit_decorator.py
[2025-09-25T05:41:03.625+0000] {logging_mixin.py:190} INFO - [2025-09-25T05:41:03.625+0000] {dag.py:3239} INFO - Sync 1 DAGs
[2025-09-25T05:41:03.637+0000] {logging_mixin.py:190} INFO - [2025-09-25T05:41:03.636+0000] {dag.py:4180} INFO - Setting next_dagrun for example_short_circuit_decorator to None, run_after=None
[2025-09-25T05:41:03.651+0000] {processor.py:208} INFO - Processing /home/airflow/.local/lib/python3.12/site-packages/airflow/example_dags/example_short_circuit_decorator.py took 0.061 seconds
[2025-09-25T05:41:33.989+0000] {processor.py:186} INFO - Started process (PID=1688) to work on /home/airflow/.local/lib/python3.12/site-packages/airflow/example_dags/example_short_circuit_decorator.py
[2025-09-25T05:41:33.990+0000] {processor.py:914} INFO - Processing file /home/airflow/.local/lib/python3.12/site-packages/airflow/example_dags/example_short_circuit_decorator.py for tasks to queue
[2025-09-25T05:41:33.992+0000] {logging_mixin.py:190} INFO - [2025-09-25T05:41:33.992+0000] {dagbag.py:588} INFO - Filling up the DagBag from /home/airflow/.local/lib/python3.12/site-packages/airflow/example_dags/example_short_circuit_decorator.py
[2025-09-25T05:41:34.003+0000] {processor.py:925} INFO - DAG(s) 'example_short_circuit_decorator' retrieved from /home/airflow/.local/lib/python3.12/site-packages/airflow/example_dags/example_short_circuit_decorator.py
[2025-09-25T05:41:34.024+0000] {logging_mixin.py:190} INFO - [2025-09-25T05:41:34.024+0000] {dag.py:3239} INFO - Sync 1 DAGs
[2025-09-25T05:41:34.039+0000] {logging_mixin.py:190} INFO - [2025-09-25T05:41:34.039+0000] {dag.py:4180} INFO - Setting next_dagrun for example_short_circuit_decorator to None, run_after=None
[2025-09-25T05:41:34.059+0000] {processor.py:208} INFO - Processing /home/airflow/.local/lib/python3.12/site-packages/airflow/example_dags/example_short_circuit_decorator.py took 0.076 seconds
[2025-09-25T05:42:04.554+0000] {processor.py:186} INFO - Started process (PID=1753) to work on /home/airflow/.local/lib/python3.12/site-packages/airflow/example_dags/example_short_circuit_decorator.py
[2025-09-25T05:42:04.555+0000] {processor.py:914} INFO - Processing file /home/airflow/.local/lib/python3.12/site-packages/airflow/example_dags/example_short_circuit_decorator.py for tasks to queue
[2025-09-25T05:42:04.557+0000] {logging_mixin.py:190} INFO - [2025-09-25T05:42:04.557+0000] {dagbag.py:588} INFO - Filling up the DagBag from /home/airflow/.local/lib/python3.12/site-packages/airflow/example_dags/example_short_circuit_decorator.py
[2025-09-25T05:42:04.566+0000] {processor.py:925} INFO - DAG(s) 'example_short_circuit_decorator' retrieved from /home/airflow/.local/lib/python3.12/site-packages/airflow/example_dags/example_short_circuit_decorator.py
[2025-09-25T05:42:04.586+0000] {logging_mixin.py:190} INFO - [2025-09-25T05:42:04.586+0000] {dag.py:3239} INFO - Sync 1 DAGs
[2025-09-25T05:42:04.598+0000] {logging_mixin.py:190} INFO - [2025-09-25T05:42:04.598+0000] {dag.py:4180} INFO - Setting next_dagrun for example_short_circuit_decorator to None, run_after=None
[2025-09-25T05:42:04.612+0000] {processor.py:208} INFO - Processing /home/airflow/.local/lib/python3.12/site-packages/airflow/example_dags/example_short_circuit_decorator.py took 0.065 seconds
[2025-09-25T05:42:34.762+0000] {processor.py:186} INFO - Started process (PID=1818) to work on /home/airflow/.local/lib/python3.12/site-packages/airflow/example_dags/example_short_circuit_decorator.py
[2025-09-25T05:42:34.763+0000] {processor.py:914} INFO - Processing file /home/airflow/.local/lib/python3.12/site-packages/airflow/example_dags/example_short_circuit_decorator.py for tasks to queue
[2025-09-25T05:42:34.765+0000] {logging_mixin.py:190} INFO - [2025-09-25T05:42:34.765+0000] {dagbag.py:588} INFO - Filling up the DagBag from /home/airflow/.local/lib/python3.12/site-packages/airflow/example_dags/example_short_circuit_decorator.py
[2025-09-25T05:42:34.774+0000] {processor.py:925} INFO - DAG(s) 'example_short_circuit_decorator' retrieved from /home/airflow/.local/lib/python3.12/site-packages/airflow/example_dags/example_short_circuit_decorator.py
[2025-09-25T05:42:34.793+0000] {logging_mixin.py:190} INFO - [2025-09-25T05:42:34.792+0000] {dag.py:3239} INFO - Sync 1 DAGs
[2025-09-25T05:42:34.805+0000] {logging_mixin.py:190} INFO - [2025-09-25T05:42:34.805+0000] {dag.py:4180} INFO - Setting next_dagrun for example_short_circuit_decorator to None, run_after=None
[2025-09-25T05:42:34.819+0000] {processor.py:208} INFO - Processing /home/airflow/.local/lib/python3.12/site-packages/airflow/example_dags/example_short_circuit_decorator.py took 0.064 seconds
[2025-09-25T05:43:05.103+0000] {processor.py:186} INFO - Started process (PID=1883) to work on /home/airflow/.local/lib/python3.12/site-packages/airflow/example_dags/example_short_circuit_decorator.py
[2025-09-25T05:43:05.104+0000] {processor.py:914} INFO - Processing file /home/airflow/.local/lib/python3.12/site-packages/airflow/example_dags/example_short_circuit_decorator.py for tasks to queue
[2025-09-25T05:43:05.106+0000] {logging_mixin.py:190} INFO - [2025-09-25T05:43:05.106+0000] {dagbag.py:588} INFO - Filling up the DagBag from /home/airflow/.local/lib/python3.12/site-packages/airflow/example_dags/example_short_circuit_decorator.py
[2025-09-25T05:43:05.114+0000] {processor.py:925} INFO - DAG(s) 'example_short_circuit_decorator' retrieved from /home/airflow/.local/lib/python3.12/site-packages/airflow/example_dags/example_short_circuit_decorator.py
[2025-09-25T05:43:05.133+0000] {logging_mixin.py:190} INFO - [2025-09-25T05:43:05.133+0000] {dag.py:3239} INFO - Sync 1 DAGs
[2025-09-25T05:43:05.146+0000] {logging_mixin.py:190} INFO - [2025-09-25T05:43:05.146+0000] {dag.py:4180} INFO - Setting next_dagrun for example_short_circuit_decorator to None, run_after=None
[2025-09-25T05:43:05.161+0000] {processor.py:208} INFO - Processing /home/airflow/.local/lib/python3.12/site-packages/airflow/example_dags/example_short_circuit_decorator.py took 0.063 seconds
[2025-09-25T05:43:35.706+0000] {processor.py:186} INFO - Started process (PID=1948) to work on /home/airflow/.local/lib/python3.12/site-packages/airflow/example_dags/example_short_circuit_decorator.py
[2025-09-25T05:43:35.707+0000] {processor.py:914} INFO - Processing file /home/airflow/.local/lib/python3.12/site-packages/airflow/example_dags/example_short_circuit_decorator.py for tasks to queue
[2025-09-25T05:43:35.711+0000] {logging_mixin.py:190} INFO - [2025-09-25T05:43:35.710+0000] {dagbag.py:588} INFO - Filling up the DagBag from /home/airflow/.local/lib/python3.12/site-packages/airflow/example_dags/example_short_circuit_decorator.py
[2025-09-25T05:43:35.722+0000] {processor.py:925} INFO - DAG(s) 'example_short_circuit_decorator' retrieved from /home/airflow/.local/lib/python3.12/site-packages/airflow/example_dags/example_short_circuit_decorator.py
[2025-09-25T05:43:35.748+0000] {logging_mixin.py:190} INFO - [2025-09-25T05:43:35.747+0000] {dag.py:3239} INFO - Sync 1 DAGs
[2025-09-25T05:43:35.763+0000] {logging_mixin.py:190} INFO - [2025-09-25T05:43:35.762+0000] {dag.py:4180} INFO - Setting next_dagrun for example_short_circuit_decorator to None, run_after=None
[2025-09-25T05:43:35.780+0000] {processor.py:208} INFO - Processing /home/airflow/.local/lib/python3.12/site-packages/airflow/example_dags/example_short_circuit_decorator.py took 0.082 seconds
[2025-09-25T05:44:05.957+0000] {processor.py:186} INFO - Started process (PID=2013) to work on /home/airflow/.local/lib/python3.12/site-packages/airflow/example_dags/example_short_circuit_decorator.py
[2025-09-25T05:44:05.958+0000] {processor.py:914} INFO - Processing file /home/airflow/.local/lib/python3.12/site-packages/airflow/example_dags/example_short_circuit_decorator.py for tasks to queue
[2025-09-25T05:44:05.960+0000] {logging_mixin.py:190} INFO - [2025-09-25T05:44:05.959+0000] {dagbag.py:588} INFO - Filling up the DagBag from /home/airflow/.local/lib/python3.12/site-packages/airflow/example_dags/example_short_circuit_decorator.py
[2025-09-25T05:44:05.968+0000] {processor.py:925} INFO - DAG(s) 'example_short_circuit_decorator' retrieved from /home/airflow/.local/lib/python3.12/site-packages/airflow/example_dags/example_short_circuit_decorator.py
[2025-09-25T05:44:05.986+0000] {logging_mixin.py:190} INFO - [2025-09-25T05:44:05.986+0000] {dag.py:3239} INFO - Sync 1 DAGs
[2025-09-25T05:44:05.999+0000] {logging_mixin.py:190} INFO - [2025-09-25T05:44:05.999+0000] {dag.py:4180} INFO - Setting next_dagrun for example_short_circuit_decorator to None, run_after=None
[2025-09-25T05:44:06.015+0000] {processor.py:208} INFO - Processing /home/airflow/.local/lib/python3.12/site-packages/airflow/example_dags/example_short_circuit_decorator.py took 0.064 seconds
[2025-09-25T05:44:36.670+0000] {processor.py:186} INFO - Started process (PID=2078) to work on /home/airflow/.local/lib/python3.12/site-packages/airflow/example_dags/example_short_circuit_decorator.py
[2025-09-25T05:44:36.671+0000] {processor.py:914} INFO - Processing file /home/airflow/.local/lib/python3.12/site-packages/airflow/example_dags/example_short_circuit_decorator.py for tasks to queue
[2025-09-25T05:44:36.673+0000] {logging_mixin.py:190} INFO - [2025-09-25T05:44:36.673+0000] {dagbag.py:588} INFO - Filling up the DagBag from /home/airflow/.local/lib/python3.12/site-packages/airflow/example_dags/example_short_circuit_decorator.py
[2025-09-25T05:44:36.682+0000] {processor.py:925} INFO - DAG(s) 'example_short_circuit_decorator' retrieved from /home/airflow/.local/lib/python3.12/site-packages/airflow/example_dags/example_short_circuit_decorator.py
[2025-09-25T05:44:36.702+0000] {logging_mixin.py:190} INFO - [2025-09-25T05:44:36.702+0000] {dag.py:3239} INFO - Sync 1 DAGs
[2025-09-25T05:44:36.716+0000] {logging_mixin.py:190} INFO - [2025-09-25T05:44:36.716+0000] {dag.py:4180} INFO - Setting next_dagrun for example_short_circuit_decorator to None, run_after=None
[2025-09-25T05:44:36.731+0000] {processor.py:208} INFO - Processing /home/airflow/.local/lib/python3.12/site-packages/airflow/example_dags/example_short_circuit_decorator.py took 0.067 seconds
