[2025-09-25T05:12:41.858+0000] {processor.py:186} INFO - Started process (PID=80) to work on /home/airflow/.local/lib/python3.12/site-packages/airflow/example_dags/example_external_task_marker_dag.py
[2025-09-25T05:12:41.859+0000] {processor.py:914} INFO - Processing file /home/airflow/.local/lib/python3.12/site-packages/airflow/example_dags/example_external_task_marker_dag.py for tasks to queue
[2025-09-25T05:12:41.861+0000] {logging_mixin.py:190} INFO - [2025-09-25T05:12:41.861+0000] {dagbag.py:588} INFO - Filling up the DagBag from /home/airflow/.local/lib/python3.12/site-packages/airflow/example_dags/example_external_task_marker_dag.py
[2025-09-25T05:12:41.869+0000] {processor.py:925} INFO - DAG(s) 'example_external_task_marker_parent', 'example_external_task_marker_child' retrieved from /home/airflow/.local/lib/python3.12/site-packages/airflow/example_dags/example_external_task_marker_dag.py
[2025-09-25T05:12:41.889+0000] {logging_mixin.py:190} INFO - [2025-09-25T05:12:41.888+0000] {dag.py:3239} INFO - Sync 2 DAGs
[2025-09-25T05:12:41.902+0000] {logging_mixin.py:190} INFO - [2025-09-25T05:12:41.902+0000] {dag.py:4180} INFO - Setting next_dagrun for example_external_task_marker_child to None, run_after=None
[2025-09-25T05:12:41.906+0000] {logging_mixin.py:190} INFO - [2025-09-25T05:12:41.905+0000] {dag.py:4180} INFO - Setting next_dagrun for example_external_task_marker_parent to None, run_after=None
[2025-09-25T05:12:41.919+0000] {processor.py:208} INFO - Processing /home/airflow/.local/lib/python3.12/site-packages/airflow/example_dags/example_external_task_marker_dag.py took 0.066 seconds
[2025-09-25T05:13:12.383+0000] {processor.py:186} INFO - Started process (PID=145) to work on /home/airflow/.local/lib/python3.12/site-packages/airflow/example_dags/example_external_task_marker_dag.py
[2025-09-25T05:13:12.384+0000] {processor.py:914} INFO - Processing file /home/airflow/.local/lib/python3.12/site-packages/airflow/example_dags/example_external_task_marker_dag.py for tasks to queue
[2025-09-25T05:13:12.386+0000] {logging_mixin.py:190} INFO - [2025-09-25T05:13:12.385+0000] {dagbag.py:588} INFO - Filling up the DagBag from /home/airflow/.local/lib/python3.12/site-packages/airflow/example_dags/example_external_task_marker_dag.py
[2025-09-25T05:13:12.400+0000] {processor.py:925} INFO - DAG(s) 'example_external_task_marker_parent', 'example_external_task_marker_child' retrieved from /home/airflow/.local/lib/python3.12/site-packages/airflow/example_dags/example_external_task_marker_dag.py
[2025-09-25T05:13:12.434+0000] {logging_mixin.py:190} INFO - [2025-09-25T05:13:12.434+0000] {dag.py:3239} INFO - Sync 2 DAGs
[2025-09-25T05:13:12.455+0000] {logging_mixin.py:190} INFO - [2025-09-25T05:13:12.455+0000] {dag.py:4180} INFO - Setting next_dagrun for example_external_task_marker_child to None, run_after=None
[2025-09-25T05:13:12.459+0000] {logging_mixin.py:190} INFO - [2025-09-25T05:13:12.459+0000] {dag.py:4180} INFO - Setting next_dagrun for example_external_task_marker_parent to None, run_after=None
[2025-09-25T05:13:12.475+0000] {processor.py:208} INFO - Processing /home/airflow/.local/lib/python3.12/site-packages/airflow/example_dags/example_external_task_marker_dag.py took 0.097 seconds
[2025-09-25T05:13:43.061+0000] {processor.py:186} INFO - Started process (PID=210) to work on /home/airflow/.local/lib/python3.12/site-packages/airflow/example_dags/example_external_task_marker_dag.py
[2025-09-25T05:13:43.061+0000] {processor.py:914} INFO - Processing file /home/airflow/.local/lib/python3.12/site-packages/airflow/example_dags/example_external_task_marker_dag.py for tasks to queue
[2025-09-25T05:13:43.063+0000] {logging_mixin.py:190} INFO - [2025-09-25T05:13:43.063+0000] {dagbag.py:588} INFO - Filling up the DagBag from /home/airflow/.local/lib/python3.12/site-packages/airflow/example_dags/example_external_task_marker_dag.py
[2025-09-25T05:13:43.075+0000] {processor.py:925} INFO - DAG(s) 'example_external_task_marker_child', 'example_external_task_marker_parent' retrieved from /home/airflow/.local/lib/python3.12/site-packages/airflow/example_dags/example_external_task_marker_dag.py
[2025-09-25T05:13:43.099+0000] {logging_mixin.py:190} INFO - [2025-09-25T05:13:43.099+0000] {dag.py:3239} INFO - Sync 2 DAGs
[2025-09-25T05:13:43.113+0000] {logging_mixin.py:190} INFO - [2025-09-25T05:13:43.113+0000] {dag.py:4180} INFO - Setting next_dagrun for example_external_task_marker_child to None, run_after=None
[2025-09-25T05:13:43.116+0000] {logging_mixin.py:190} INFO - [2025-09-25T05:13:43.116+0000] {dag.py:4180} INFO - Setting next_dagrun for example_external_task_marker_parent to None, run_after=None
[2025-09-25T05:13:43.133+0000] {processor.py:208} INFO - Processing /home/airflow/.local/lib/python3.12/site-packages/airflow/example_dags/example_external_task_marker_dag.py took 0.078 seconds
[2025-09-25T05:14:13.212+0000] {processor.py:186} INFO - Started process (PID=274) to work on /home/airflow/.local/lib/python3.12/site-packages/airflow/example_dags/example_external_task_marker_dag.py
[2025-09-25T05:14:13.213+0000] {processor.py:914} INFO - Processing file /home/airflow/.local/lib/python3.12/site-packages/airflow/example_dags/example_external_task_marker_dag.py for tasks to queue
[2025-09-25T05:14:13.215+0000] {logging_mixin.py:190} INFO - [2025-09-25T05:14:13.215+0000] {dagbag.py:588} INFO - Filling up the DagBag from /home/airflow/.local/lib/python3.12/site-packages/airflow/example_dags/example_external_task_marker_dag.py
[2025-09-25T05:14:13.223+0000] {processor.py:925} INFO - DAG(s) 'example_external_task_marker_parent', 'example_external_task_marker_child' retrieved from /home/airflow/.local/lib/python3.12/site-packages/airflow/example_dags/example_external_task_marker_dag.py
[2025-09-25T05:14:13.248+0000] {logging_mixin.py:190} INFO - [2025-09-25T05:14:13.248+0000] {dag.py:3239} INFO - Sync 2 DAGs
[2025-09-25T05:14:13.263+0000] {logging_mixin.py:190} INFO - [2025-09-25T05:14:13.262+0000] {dag.py:4180} INFO - Setting next_dagrun for example_external_task_marker_child to None, run_after=None
[2025-09-25T05:14:13.268+0000] {logging_mixin.py:190} INFO - [2025-09-25T05:14:13.268+0000] {dag.py:4180} INFO - Setting next_dagrun for example_external_task_marker_parent to None, run_after=None
[2025-09-25T05:14:13.285+0000] {processor.py:208} INFO - Processing /home/airflow/.local/lib/python3.12/site-packages/airflow/example_dags/example_external_task_marker_dag.py took 0.082 seconds
[2025-09-25T05:14:44.528+0000] {processor.py:186} INFO - Started process (PID=341) to work on /home/airflow/.local/lib/python3.12/site-packages/airflow/example_dags/example_external_task_marker_dag.py
[2025-09-25T05:14:44.529+0000] {processor.py:914} INFO - Processing file /home/airflow/.local/lib/python3.12/site-packages/airflow/example_dags/example_external_task_marker_dag.py for tasks to queue
[2025-09-25T05:14:44.531+0000] {logging_mixin.py:190} INFO - [2025-09-25T05:14:44.530+0000] {dagbag.py:588} INFO - Filling up the DagBag from /home/airflow/.local/lib/python3.12/site-packages/airflow/example_dags/example_external_task_marker_dag.py
[2025-09-25T05:14:44.538+0000] {processor.py:925} INFO - DAG(s) 'example_external_task_marker_child', 'example_external_task_marker_parent' retrieved from /home/airflow/.local/lib/python3.12/site-packages/airflow/example_dags/example_external_task_marker_dag.py
[2025-09-25T05:14:44.556+0000] {logging_mixin.py:190} INFO - [2025-09-25T05:14:44.556+0000] {dag.py:3239} INFO - Sync 2 DAGs
[2025-09-25T05:14:44.568+0000] {logging_mixin.py:190} INFO - [2025-09-25T05:14:44.568+0000] {dag.py:4180} INFO - Setting next_dagrun for example_external_task_marker_child to None, run_after=None
[2025-09-25T05:14:44.572+0000] {logging_mixin.py:190} INFO - [2025-09-25T05:14:44.572+0000] {dag.py:4180} INFO - Setting next_dagrun for example_external_task_marker_parent to None, run_after=None
[2025-09-25T05:14:44.585+0000] {processor.py:208} INFO - Processing /home/airflow/.local/lib/python3.12/site-packages/airflow/example_dags/example_external_task_marker_dag.py took 0.063 seconds
[2025-09-25T05:15:15.529+0000] {processor.py:186} INFO - Started process (PID=406) to work on /home/airflow/.local/lib/python3.12/site-packages/airflow/example_dags/example_external_task_marker_dag.py
[2025-09-25T05:15:15.530+0000] {processor.py:914} INFO - Processing file /home/airflow/.local/lib/python3.12/site-packages/airflow/example_dags/example_external_task_marker_dag.py for tasks to queue
[2025-09-25T05:15:15.532+0000] {logging_mixin.py:190} INFO - [2025-09-25T05:15:15.532+0000] {dagbag.py:588} INFO - Filling up the DagBag from /home/airflow/.local/lib/python3.12/site-packages/airflow/example_dags/example_external_task_marker_dag.py
[2025-09-25T05:15:15.541+0000] {processor.py:925} INFO - DAG(s) 'example_external_task_marker_parent', 'example_external_task_marker_child' retrieved from /home/airflow/.local/lib/python3.12/site-packages/airflow/example_dags/example_external_task_marker_dag.py
[2025-09-25T05:15:15.561+0000] {logging_mixin.py:190} INFO - [2025-09-25T05:15:15.561+0000] {dag.py:3239} INFO - Sync 2 DAGs
[2025-09-25T05:15:15.575+0000] {logging_mixin.py:190} INFO - [2025-09-25T05:15:15.574+0000] {dag.py:4180} INFO - Setting next_dagrun for example_external_task_marker_child to None, run_after=None
[2025-09-25T05:15:15.578+0000] {logging_mixin.py:190} INFO - [2025-09-25T05:15:15.578+0000] {dag.py:4180} INFO - Setting next_dagrun for example_external_task_marker_parent to None, run_after=None
[2025-09-25T05:15:15.593+0000] {processor.py:208} INFO - Processing /home/airflow/.local/lib/python3.12/site-packages/airflow/example_dags/example_external_task_marker_dag.py took 0.070 seconds
[2025-09-25T05:15:46.542+0000] {processor.py:186} INFO - Started process (PID=471) to work on /home/airflow/.local/lib/python3.12/site-packages/airflow/example_dags/example_external_task_marker_dag.py
[2025-09-25T05:15:46.543+0000] {processor.py:914} INFO - Processing file /home/airflow/.local/lib/python3.12/site-packages/airflow/example_dags/example_external_task_marker_dag.py for tasks to queue
[2025-09-25T05:15:46.546+0000] {logging_mixin.py:190} INFO - [2025-09-25T05:15:46.545+0000] {dagbag.py:588} INFO - Filling up the DagBag from /home/airflow/.local/lib/python3.12/site-packages/airflow/example_dags/example_external_task_marker_dag.py
[2025-09-25T05:15:46.554+0000] {processor.py:925} INFO - DAG(s) 'example_external_task_marker_child', 'example_external_task_marker_parent' retrieved from /home/airflow/.local/lib/python3.12/site-packages/airflow/example_dags/example_external_task_marker_dag.py
[2025-09-25T05:15:46.575+0000] {logging_mixin.py:190} INFO - [2025-09-25T05:15:46.574+0000] {dag.py:3239} INFO - Sync 2 DAGs
[2025-09-25T05:15:46.589+0000] {logging_mixin.py:190} INFO - [2025-09-25T05:15:46.589+0000] {dag.py:4180} INFO - Setting next_dagrun for example_external_task_marker_child to None, run_after=None
[2025-09-25T05:15:46.601+0000] {logging_mixin.py:190} INFO - [2025-09-25T05:15:46.601+0000] {dag.py:4180} INFO - Setting next_dagrun for example_external_task_marker_parent to None, run_after=None
[2025-09-25T05:15:46.642+0000] {processor.py:208} INFO - Processing /home/airflow/.local/lib/python3.12/site-packages/airflow/example_dags/example_external_task_marker_dag.py took 0.105 seconds
[2025-09-25T05:16:17.719+0000] {processor.py:186} INFO - Started process (PID=536) to work on /home/airflow/.local/lib/python3.12/site-packages/airflow/example_dags/example_external_task_marker_dag.py
[2025-09-25T05:16:17.720+0000] {processor.py:914} INFO - Processing file /home/airflow/.local/lib/python3.12/site-packages/airflow/example_dags/example_external_task_marker_dag.py for tasks to queue
[2025-09-25T05:16:17.722+0000] {logging_mixin.py:190} INFO - [2025-09-25T05:16:17.721+0000] {dagbag.py:588} INFO - Filling up the DagBag from /home/airflow/.local/lib/python3.12/site-packages/airflow/example_dags/example_external_task_marker_dag.py
[2025-09-25T05:16:17.729+0000] {processor.py:925} INFO - DAG(s) 'example_external_task_marker_parent', 'example_external_task_marker_child' retrieved from /home/airflow/.local/lib/python3.12/site-packages/airflow/example_dags/example_external_task_marker_dag.py
[2025-09-25T05:16:17.749+0000] {logging_mixin.py:190} INFO - [2025-09-25T05:16:17.749+0000] {dag.py:3239} INFO - Sync 2 DAGs
[2025-09-25T05:16:17.761+0000] {logging_mixin.py:190} INFO - [2025-09-25T05:16:17.761+0000] {dag.py:4180} INFO - Setting next_dagrun for example_external_task_marker_child to None, run_after=None
[2025-09-25T05:16:17.764+0000] {logging_mixin.py:190} INFO - [2025-09-25T05:16:17.764+0000] {dag.py:4180} INFO - Setting next_dagrun for example_external_task_marker_parent to None, run_after=None
[2025-09-25T05:16:17.778+0000] {processor.py:208} INFO - Processing /home/airflow/.local/lib/python3.12/site-packages/airflow/example_dags/example_external_task_marker_dag.py took 0.065 seconds
[2025-09-25T05:16:48.812+0000] {processor.py:186} INFO - Started process (PID=601) to work on /home/airflow/.local/lib/python3.12/site-packages/airflow/example_dags/example_external_task_marker_dag.py
[2025-09-25T05:16:48.813+0000] {processor.py:914} INFO - Processing file /home/airflow/.local/lib/python3.12/site-packages/airflow/example_dags/example_external_task_marker_dag.py for tasks to queue
[2025-09-25T05:16:48.815+0000] {logging_mixin.py:190} INFO - [2025-09-25T05:16:48.815+0000] {dagbag.py:588} INFO - Filling up the DagBag from /home/airflow/.local/lib/python3.12/site-packages/airflow/example_dags/example_external_task_marker_dag.py
[2025-09-25T05:16:48.822+0000] {processor.py:925} INFO - DAG(s) 'example_external_task_marker_parent', 'example_external_task_marker_child' retrieved from /home/airflow/.local/lib/python3.12/site-packages/airflow/example_dags/example_external_task_marker_dag.py
[2025-09-25T05:16:48.842+0000] {logging_mixin.py:190} INFO - [2025-09-25T05:16:48.842+0000] {dag.py:3239} INFO - Sync 2 DAGs
[2025-09-25T05:16:48.854+0000] {logging_mixin.py:190} INFO - [2025-09-25T05:16:48.854+0000] {dag.py:4180} INFO - Setting next_dagrun for example_external_task_marker_child to None, run_after=None
[2025-09-25T05:16:48.857+0000] {logging_mixin.py:190} INFO - [2025-09-25T05:16:48.857+0000] {dag.py:4180} INFO - Setting next_dagrun for example_external_task_marker_parent to None, run_after=None
[2025-09-25T05:16:48.873+0000] {processor.py:208} INFO - Processing /home/airflow/.local/lib/python3.12/site-packages/airflow/example_dags/example_external_task_marker_dag.py took 0.066 seconds
[2025-09-25T05:17:19.486+0000] {processor.py:186} INFO - Started process (PID=666) to work on /home/airflow/.local/lib/python3.12/site-packages/airflow/example_dags/example_external_task_marker_dag.py
[2025-09-25T05:17:19.487+0000] {processor.py:914} INFO - Processing file /home/airflow/.local/lib/python3.12/site-packages/airflow/example_dags/example_external_task_marker_dag.py for tasks to queue
[2025-09-25T05:17:19.490+0000] {logging_mixin.py:190} INFO - [2025-09-25T05:17:19.489+0000] {dagbag.py:588} INFO - Filling up the DagBag from /home/airflow/.local/lib/python3.12/site-packages/airflow/example_dags/example_external_task_marker_dag.py
[2025-09-25T05:17:19.499+0000] {processor.py:925} INFO - DAG(s) 'example_external_task_marker_child', 'example_external_task_marker_parent' retrieved from /home/airflow/.local/lib/python3.12/site-packages/airflow/example_dags/example_external_task_marker_dag.py
[2025-09-25T05:17:19.519+0000] {logging_mixin.py:190} INFO - [2025-09-25T05:17:19.519+0000] {dag.py:3239} INFO - Sync 2 DAGs
[2025-09-25T05:17:19.532+0000] {logging_mixin.py:190} INFO - [2025-09-25T05:17:19.532+0000] {dag.py:4180} INFO - Setting next_dagrun for example_external_task_marker_child to None, run_after=None
[2025-09-25T05:17:19.536+0000] {logging_mixin.py:190} INFO - [2025-09-25T05:17:19.536+0000] {dag.py:4180} INFO - Setting next_dagrun for example_external_task_marker_parent to None, run_after=None
[2025-09-25T05:17:19.551+0000] {processor.py:208} INFO - Processing /home/airflow/.local/lib/python3.12/site-packages/airflow/example_dags/example_external_task_marker_dag.py took 0.070 seconds
[2025-09-25T05:17:50.778+0000] {processor.py:186} INFO - Started process (PID=731) to work on /home/airflow/.local/lib/python3.12/site-packages/airflow/example_dags/example_external_task_marker_dag.py
[2025-09-25T05:17:50.779+0000] {processor.py:914} INFO - Processing file /home/airflow/.local/lib/python3.12/site-packages/airflow/example_dags/example_external_task_marker_dag.py for tasks to queue
[2025-09-25T05:17:50.781+0000] {logging_mixin.py:190} INFO - [2025-09-25T05:17:50.781+0000] {dagbag.py:588} INFO - Filling up the DagBag from /home/airflow/.local/lib/python3.12/site-packages/airflow/example_dags/example_external_task_marker_dag.py
[2025-09-25T05:17:50.789+0000] {processor.py:925} INFO - DAG(s) 'example_external_task_marker_child', 'example_external_task_marker_parent' retrieved from /home/airflow/.local/lib/python3.12/site-packages/airflow/example_dags/example_external_task_marker_dag.py
[2025-09-25T05:17:50.814+0000] {logging_mixin.py:190} INFO - [2025-09-25T05:17:50.813+0000] {dag.py:3239} INFO - Sync 2 DAGs
[2025-09-25T05:17:50.827+0000] {logging_mixin.py:190} INFO - [2025-09-25T05:17:50.826+0000] {dag.py:4180} INFO - Setting next_dagrun for example_external_task_marker_child to None, run_after=None
[2025-09-25T05:17:50.830+0000] {logging_mixin.py:190} INFO - [2025-09-25T05:17:50.830+0000] {dag.py:4180} INFO - Setting next_dagrun for example_external_task_marker_parent to None, run_after=None
[2025-09-25T05:17:50.844+0000] {processor.py:208} INFO - Processing /home/airflow/.local/lib/python3.12/site-packages/airflow/example_dags/example_external_task_marker_dag.py took 0.071 seconds
[2025-09-25T05:18:22.363+0000] {processor.py:186} INFO - Started process (PID=796) to work on /home/airflow/.local/lib/python3.12/site-packages/airflow/example_dags/example_external_task_marker_dag.py
[2025-09-25T05:18:22.364+0000] {processor.py:914} INFO - Processing file /home/airflow/.local/lib/python3.12/site-packages/airflow/example_dags/example_external_task_marker_dag.py for tasks to queue
[2025-09-25T05:18:22.366+0000] {logging_mixin.py:190} INFO - [2025-09-25T05:18:22.366+0000] {dagbag.py:588} INFO - Filling up the DagBag from /home/airflow/.local/lib/python3.12/site-packages/airflow/example_dags/example_external_task_marker_dag.py
[2025-09-25T05:18:22.375+0000] {processor.py:925} INFO - DAG(s) 'example_external_task_marker_parent', 'example_external_task_marker_child' retrieved from /home/airflow/.local/lib/python3.12/site-packages/airflow/example_dags/example_external_task_marker_dag.py
[2025-09-25T05:18:22.401+0000] {logging_mixin.py:190} INFO - [2025-09-25T05:18:22.401+0000] {dag.py:3239} INFO - Sync 2 DAGs
[2025-09-25T05:18:22.420+0000] {logging_mixin.py:190} INFO - [2025-09-25T05:18:22.420+0000] {dag.py:4180} INFO - Setting next_dagrun for example_external_task_marker_child to None, run_after=None
[2025-09-25T05:18:22.424+0000] {logging_mixin.py:190} INFO - [2025-09-25T05:18:22.424+0000] {dag.py:4180} INFO - Setting next_dagrun for example_external_task_marker_parent to None, run_after=None
[2025-09-25T05:18:22.441+0000] {processor.py:208} INFO - Processing /home/airflow/.local/lib/python3.12/site-packages/airflow/example_dags/example_external_task_marker_dag.py took 0.085 seconds
[2025-09-25T05:18:53.569+0000] {processor.py:186} INFO - Started process (PID=861) to work on /home/airflow/.local/lib/python3.12/site-packages/airflow/example_dags/example_external_task_marker_dag.py
[2025-09-25T05:18:53.570+0000] {processor.py:914} INFO - Processing file /home/airflow/.local/lib/python3.12/site-packages/airflow/example_dags/example_external_task_marker_dag.py for tasks to queue
[2025-09-25T05:18:53.572+0000] {logging_mixin.py:190} INFO - [2025-09-25T05:18:53.572+0000] {dagbag.py:588} INFO - Filling up the DagBag from /home/airflow/.local/lib/python3.12/site-packages/airflow/example_dags/example_external_task_marker_dag.py
[2025-09-25T05:18:53.580+0000] {processor.py:925} INFO - DAG(s) 'example_external_task_marker_child', 'example_external_task_marker_parent' retrieved from /home/airflow/.local/lib/python3.12/site-packages/airflow/example_dags/example_external_task_marker_dag.py
[2025-09-25T05:18:53.601+0000] {logging_mixin.py:190} INFO - [2025-09-25T05:18:53.600+0000] {dag.py:3239} INFO - Sync 2 DAGs
[2025-09-25T05:18:53.613+0000] {logging_mixin.py:190} INFO - [2025-09-25T05:18:53.613+0000] {dag.py:4180} INFO - Setting next_dagrun for example_external_task_marker_child to None, run_after=None
[2025-09-25T05:18:53.616+0000] {logging_mixin.py:190} INFO - [2025-09-25T05:18:53.616+0000] {dag.py:4180} INFO - Setting next_dagrun for example_external_task_marker_parent to None, run_after=None
[2025-09-25T05:18:53.631+0000] {processor.py:208} INFO - Processing /home/airflow/.local/lib/python3.12/site-packages/airflow/example_dags/example_external_task_marker_dag.py took 0.069 seconds
[2025-09-25T05:19:24.848+0000] {processor.py:186} INFO - Started process (PID=932) to work on /home/airflow/.local/lib/python3.12/site-packages/airflow/example_dags/example_external_task_marker_dag.py
[2025-09-25T05:19:24.849+0000] {processor.py:914} INFO - Processing file /home/airflow/.local/lib/python3.12/site-packages/airflow/example_dags/example_external_task_marker_dag.py for tasks to queue
[2025-09-25T05:19:24.851+0000] {logging_mixin.py:190} INFO - [2025-09-25T05:19:24.851+0000] {dagbag.py:588} INFO - Filling up the DagBag from /home/airflow/.local/lib/python3.12/site-packages/airflow/example_dags/example_external_task_marker_dag.py
[2025-09-25T05:19:24.858+0000] {processor.py:925} INFO - DAG(s) 'example_external_task_marker_parent', 'example_external_task_marker_child' retrieved from /home/airflow/.local/lib/python3.12/site-packages/airflow/example_dags/example_external_task_marker_dag.py
[2025-09-25T05:19:24.879+0000] {logging_mixin.py:190} INFO - [2025-09-25T05:19:24.878+0000] {dag.py:3239} INFO - Sync 2 DAGs
[2025-09-25T05:19:24.892+0000] {logging_mixin.py:190} INFO - [2025-09-25T05:19:24.892+0000] {dag.py:4180} INFO - Setting next_dagrun for example_external_task_marker_child to None, run_after=None
[2025-09-25T05:19:24.895+0000] {logging_mixin.py:190} INFO - [2025-09-25T05:19:24.895+0000] {dag.py:4180} INFO - Setting next_dagrun for example_external_task_marker_parent to None, run_after=None
[2025-09-25T05:19:24.909+0000] {processor.py:208} INFO - Processing /home/airflow/.local/lib/python3.12/site-packages/airflow/example_dags/example_external_task_marker_dag.py took 0.067 seconds
[2025-09-25T05:19:56.084+0000] {processor.py:186} INFO - Started process (PID=997) to work on /home/airflow/.local/lib/python3.12/site-packages/airflow/example_dags/example_external_task_marker_dag.py
[2025-09-25T05:19:56.085+0000] {processor.py:914} INFO - Processing file /home/airflow/.local/lib/python3.12/site-packages/airflow/example_dags/example_external_task_marker_dag.py for tasks to queue
[2025-09-25T05:19:56.087+0000] {logging_mixin.py:190} INFO - [2025-09-25T05:19:56.087+0000] {dagbag.py:588} INFO - Filling up the DagBag from /home/airflow/.local/lib/python3.12/site-packages/airflow/example_dags/example_external_task_marker_dag.py
[2025-09-25T05:19:56.095+0000] {processor.py:925} INFO - DAG(s) 'example_external_task_marker_parent', 'example_external_task_marker_child' retrieved from /home/airflow/.local/lib/python3.12/site-packages/airflow/example_dags/example_external_task_marker_dag.py
[2025-09-25T05:19:56.116+0000] {logging_mixin.py:190} INFO - [2025-09-25T05:19:56.116+0000] {dag.py:3239} INFO - Sync 2 DAGs
[2025-09-25T05:19:56.129+0000] {logging_mixin.py:190} INFO - [2025-09-25T05:19:56.129+0000] {dag.py:4180} INFO - Setting next_dagrun for example_external_task_marker_child to None, run_after=None
[2025-09-25T05:19:56.132+0000] {logging_mixin.py:190} INFO - [2025-09-25T05:19:56.132+0000] {dag.py:4180} INFO - Setting next_dagrun for example_external_task_marker_parent to None, run_after=None
[2025-09-25T05:19:56.145+0000] {processor.py:208} INFO - Processing /home/airflow/.local/lib/python3.12/site-packages/airflow/example_dags/example_external_task_marker_dag.py took 0.066 seconds
[2025-09-25T05:25:41.950+0000] {processor.py:186} INFO - Started process (PID=80) to work on /home/airflow/.local/lib/python3.12/site-packages/airflow/example_dags/example_external_task_marker_dag.py
[2025-09-25T05:25:41.951+0000] {processor.py:914} INFO - Processing file /home/airflow/.local/lib/python3.12/site-packages/airflow/example_dags/example_external_task_marker_dag.py for tasks to queue
[2025-09-25T05:25:41.953+0000] {logging_mixin.py:190} INFO - [2025-09-25T05:25:41.953+0000] {dagbag.py:588} INFO - Filling up the DagBag from /home/airflow/.local/lib/python3.12/site-packages/airflow/example_dags/example_external_task_marker_dag.py
[2025-09-25T05:25:41.961+0000] {processor.py:925} INFO - DAG(s) 'example_external_task_marker_parent', 'example_external_task_marker_child' retrieved from /home/airflow/.local/lib/python3.12/site-packages/airflow/example_dags/example_external_task_marker_dag.py
[2025-09-25T05:25:42.113+0000] {logging_mixin.py:190} INFO - [2025-09-25T05:25:42.113+0000] {dag.py:3239} INFO - Sync 2 DAGs
[2025-09-25T05:25:42.125+0000] {logging_mixin.py:190} INFO - [2025-09-25T05:25:42.125+0000] {dag.py:4180} INFO - Setting next_dagrun for example_external_task_marker_child to None, run_after=None
[2025-09-25T05:25:42.128+0000] {logging_mixin.py:190} INFO - [2025-09-25T05:25:42.128+0000] {dag.py:4180} INFO - Setting next_dagrun for example_external_task_marker_parent to None, run_after=None
[2025-09-25T05:25:42.144+0000] {processor.py:208} INFO - Processing /home/airflow/.local/lib/python3.12/site-packages/airflow/example_dags/example_external_task_marker_dag.py took 0.200 seconds
[2025-09-25T05:26:12.366+0000] {processor.py:186} INFO - Started process (PID=145) to work on /home/airflow/.local/lib/python3.12/site-packages/airflow/example_dags/example_external_task_marker_dag.py
[2025-09-25T05:26:12.367+0000] {processor.py:914} INFO - Processing file /home/airflow/.local/lib/python3.12/site-packages/airflow/example_dags/example_external_task_marker_dag.py for tasks to queue
[2025-09-25T05:26:12.369+0000] {logging_mixin.py:190} INFO - [2025-09-25T05:26:12.368+0000] {dagbag.py:588} INFO - Filling up the DagBag from /home/airflow/.local/lib/python3.12/site-packages/airflow/example_dags/example_external_task_marker_dag.py
[2025-09-25T05:26:12.375+0000] {processor.py:925} INFO - DAG(s) 'example_external_task_marker_parent', 'example_external_task_marker_child' retrieved from /home/airflow/.local/lib/python3.12/site-packages/airflow/example_dags/example_external_task_marker_dag.py
[2025-09-25T05:26:12.396+0000] {logging_mixin.py:190} INFO - [2025-09-25T05:26:12.396+0000] {dag.py:3239} INFO - Sync 2 DAGs
[2025-09-25T05:26:12.410+0000] {logging_mixin.py:190} INFO - [2025-09-25T05:26:12.410+0000] {dag.py:4180} INFO - Setting next_dagrun for example_external_task_marker_child to None, run_after=None
[2025-09-25T05:26:12.413+0000] {logging_mixin.py:190} INFO - [2025-09-25T05:26:12.413+0000] {dag.py:4180} INFO - Setting next_dagrun for example_external_task_marker_parent to None, run_after=None
[2025-09-25T05:26:12.427+0000] {processor.py:208} INFO - Processing /home/airflow/.local/lib/python3.12/site-packages/airflow/example_dags/example_external_task_marker_dag.py took 0.067 seconds
[2025-09-25T05:26:43.761+0000] {processor.py:186} INFO - Started process (PID=210) to work on /home/airflow/.local/lib/python3.12/site-packages/airflow/example_dags/example_external_task_marker_dag.py
[2025-09-25T05:26:43.762+0000] {processor.py:914} INFO - Processing file /home/airflow/.local/lib/python3.12/site-packages/airflow/example_dags/example_external_task_marker_dag.py for tasks to queue
[2025-09-25T05:26:43.764+0000] {logging_mixin.py:190} INFO - [2025-09-25T05:26:43.764+0000] {dagbag.py:588} INFO - Filling up the DagBag from /home/airflow/.local/lib/python3.12/site-packages/airflow/example_dags/example_external_task_marker_dag.py
[2025-09-25T05:26:43.773+0000] {processor.py:925} INFO - DAG(s) 'example_external_task_marker_child', 'example_external_task_marker_parent' retrieved from /home/airflow/.local/lib/python3.12/site-packages/airflow/example_dags/example_external_task_marker_dag.py
[2025-09-25T05:26:43.794+0000] {logging_mixin.py:190} INFO - [2025-09-25T05:26:43.793+0000] {dag.py:3239} INFO - Sync 2 DAGs
[2025-09-25T05:26:43.808+0000] {logging_mixin.py:190} INFO - [2025-09-25T05:26:43.807+0000] {dag.py:4180} INFO - Setting next_dagrun for example_external_task_marker_child to None, run_after=None
[2025-09-25T05:26:43.812+0000] {logging_mixin.py:190} INFO - [2025-09-25T05:26:43.812+0000] {dag.py:4180} INFO - Setting next_dagrun for example_external_task_marker_parent to None, run_after=None
[2025-09-25T05:26:43.826+0000] {processor.py:208} INFO - Processing /home/airflow/.local/lib/python3.12/site-packages/airflow/example_dags/example_external_task_marker_dag.py took 0.070 seconds
[2025-09-25T05:27:14.477+0000] {processor.py:186} INFO - Started process (PID=275) to work on /home/airflow/.local/lib/python3.12/site-packages/airflow/example_dags/example_external_task_marker_dag.py
[2025-09-25T05:27:14.478+0000] {processor.py:914} INFO - Processing file /home/airflow/.local/lib/python3.12/site-packages/airflow/example_dags/example_external_task_marker_dag.py for tasks to queue
[2025-09-25T05:27:14.481+0000] {logging_mixin.py:190} INFO - [2025-09-25T05:27:14.480+0000] {dagbag.py:588} INFO - Filling up the DagBag from /home/airflow/.local/lib/python3.12/site-packages/airflow/example_dags/example_external_task_marker_dag.py
[2025-09-25T05:27:14.488+0000] {processor.py:925} INFO - DAG(s) 'example_external_task_marker_child', 'example_external_task_marker_parent' retrieved from /home/airflow/.local/lib/python3.12/site-packages/airflow/example_dags/example_external_task_marker_dag.py
[2025-09-25T05:27:14.509+0000] {logging_mixin.py:190} INFO - [2025-09-25T05:27:14.508+0000] {dag.py:3239} INFO - Sync 2 DAGs
[2025-09-25T05:27:14.521+0000] {logging_mixin.py:190} INFO - [2025-09-25T05:27:14.521+0000] {dag.py:4180} INFO - Setting next_dagrun for example_external_task_marker_child to None, run_after=None
[2025-09-25T05:27:14.525+0000] {logging_mixin.py:190} INFO - [2025-09-25T05:27:14.525+0000] {dag.py:4180} INFO - Setting next_dagrun for example_external_task_marker_parent to None, run_after=None
[2025-09-25T05:27:14.539+0000] {processor.py:208} INFO - Processing /home/airflow/.local/lib/python3.12/site-packages/airflow/example_dags/example_external_task_marker_dag.py took 0.067 seconds
[2025-09-25T05:27:45.253+0000] {processor.py:186} INFO - Started process (PID=340) to work on /home/airflow/.local/lib/python3.12/site-packages/airflow/example_dags/example_external_task_marker_dag.py
[2025-09-25T05:27:45.254+0000] {processor.py:914} INFO - Processing file /home/airflow/.local/lib/python3.12/site-packages/airflow/example_dags/example_external_task_marker_dag.py for tasks to queue
[2025-09-25T05:27:45.256+0000] {logging_mixin.py:190} INFO - [2025-09-25T05:27:45.256+0000] {dagbag.py:588} INFO - Filling up the DagBag from /home/airflow/.local/lib/python3.12/site-packages/airflow/example_dags/example_external_task_marker_dag.py
[2025-09-25T05:27:45.264+0000] {processor.py:925} INFO - DAG(s) 'example_external_task_marker_parent', 'example_external_task_marker_child' retrieved from /home/airflow/.local/lib/python3.12/site-packages/airflow/example_dags/example_external_task_marker_dag.py
[2025-09-25T05:27:45.288+0000] {logging_mixin.py:190} INFO - [2025-09-25T05:27:45.288+0000] {dag.py:3239} INFO - Sync 2 DAGs
[2025-09-25T05:27:45.302+0000] {logging_mixin.py:190} INFO - [2025-09-25T05:27:45.302+0000] {dag.py:4180} INFO - Setting next_dagrun for example_external_task_marker_child to None, run_after=None
[2025-09-25T05:27:45.308+0000] {logging_mixin.py:190} INFO - [2025-09-25T05:27:45.307+0000] {dag.py:4180} INFO - Setting next_dagrun for example_external_task_marker_parent to None, run_after=None
[2025-09-25T05:27:45.339+0000] {processor.py:208} INFO - Processing /home/airflow/.local/lib/python3.12/site-packages/airflow/example_dags/example_external_task_marker_dag.py took 0.092 seconds
[2025-09-25T05:28:56.769+0000] {processor.py:186} INFO - Started process (PID=81) to work on /home/airflow/.local/lib/python3.12/site-packages/airflow/example_dags/example_external_task_marker_dag.py
[2025-09-25T05:28:56.770+0000] {processor.py:914} INFO - Processing file /home/airflow/.local/lib/python3.12/site-packages/airflow/example_dags/example_external_task_marker_dag.py for tasks to queue
[2025-09-25T05:28:56.772+0000] {logging_mixin.py:190} INFO - [2025-09-25T05:28:56.772+0000] {dagbag.py:588} INFO - Filling up the DagBag from /home/airflow/.local/lib/python3.12/site-packages/airflow/example_dags/example_external_task_marker_dag.py
[2025-09-25T05:28:56.779+0000] {processor.py:925} INFO - DAG(s) 'example_external_task_marker_child', 'example_external_task_marker_parent' retrieved from /home/airflow/.local/lib/python3.12/site-packages/airflow/example_dags/example_external_task_marker_dag.py
[2025-09-25T05:28:56.797+0000] {logging_mixin.py:190} INFO - [2025-09-25T05:28:56.796+0000] {dag.py:3239} INFO - Sync 2 DAGs
[2025-09-25T05:28:56.809+0000] {logging_mixin.py:190} INFO - [2025-09-25T05:28:56.809+0000] {dag.py:4180} INFO - Setting next_dagrun for example_external_task_marker_child to None, run_after=None
[2025-09-25T05:28:56.812+0000] {logging_mixin.py:190} INFO - [2025-09-25T05:28:56.812+0000] {dag.py:4180} INFO - Setting next_dagrun for example_external_task_marker_parent to None, run_after=None
[2025-09-25T05:28:56.825+0000] {processor.py:208} INFO - Processing /home/airflow/.local/lib/python3.12/site-packages/airflow/example_dags/example_external_task_marker_dag.py took 0.061 seconds
[2025-09-25T05:29:27.357+0000] {processor.py:186} INFO - Started process (PID=146) to work on /home/airflow/.local/lib/python3.12/site-packages/airflow/example_dags/example_external_task_marker_dag.py
[2025-09-25T05:29:27.358+0000] {processor.py:914} INFO - Processing file /home/airflow/.local/lib/python3.12/site-packages/airflow/example_dags/example_external_task_marker_dag.py for tasks to queue
[2025-09-25T05:29:27.359+0000] {logging_mixin.py:190} INFO - [2025-09-25T05:29:27.359+0000] {dagbag.py:588} INFO - Filling up the DagBag from /home/airflow/.local/lib/python3.12/site-packages/airflow/example_dags/example_external_task_marker_dag.py
[2025-09-25T05:29:27.366+0000] {processor.py:925} INFO - DAG(s) 'example_external_task_marker_parent', 'example_external_task_marker_child' retrieved from /home/airflow/.local/lib/python3.12/site-packages/airflow/example_dags/example_external_task_marker_dag.py
[2025-09-25T05:29:27.387+0000] {logging_mixin.py:190} INFO - [2025-09-25T05:29:27.386+0000] {dag.py:3239} INFO - Sync 2 DAGs
[2025-09-25T05:29:27.399+0000] {logging_mixin.py:190} INFO - [2025-09-25T05:29:27.399+0000] {dag.py:4180} INFO - Setting next_dagrun for example_external_task_marker_child to None, run_after=None
[2025-09-25T05:29:27.404+0000] {logging_mixin.py:190} INFO - [2025-09-25T05:29:27.404+0000] {dag.py:4180} INFO - Setting next_dagrun for example_external_task_marker_parent to None, run_after=None
[2025-09-25T05:29:27.420+0000] {processor.py:208} INFO - Processing /home/airflow/.local/lib/python3.12/site-packages/airflow/example_dags/example_external_task_marker_dag.py took 0.069 seconds
[2025-09-25T05:29:58.215+0000] {processor.py:186} INFO - Started process (PID=210) to work on /home/airflow/.local/lib/python3.12/site-packages/airflow/example_dags/example_external_task_marker_dag.py
[2025-09-25T05:29:58.216+0000] {processor.py:914} INFO - Processing file /home/airflow/.local/lib/python3.12/site-packages/airflow/example_dags/example_external_task_marker_dag.py for tasks to queue
[2025-09-25T05:29:58.218+0000] {logging_mixin.py:190} INFO - [2025-09-25T05:29:58.218+0000] {dagbag.py:588} INFO - Filling up the DagBag from /home/airflow/.local/lib/python3.12/site-packages/airflow/example_dags/example_external_task_marker_dag.py
[2025-09-25T05:29:58.226+0000] {processor.py:925} INFO - DAG(s) 'example_external_task_marker_child', 'example_external_task_marker_parent' retrieved from /home/airflow/.local/lib/python3.12/site-packages/airflow/example_dags/example_external_task_marker_dag.py
[2025-09-25T05:29:58.249+0000] {logging_mixin.py:190} INFO - [2025-09-25T05:29:58.248+0000] {dag.py:3239} INFO - Sync 2 DAGs
[2025-09-25T05:29:58.263+0000] {logging_mixin.py:190} INFO - [2025-09-25T05:29:58.263+0000] {dag.py:4180} INFO - Setting next_dagrun for example_external_task_marker_child to None, run_after=None
[2025-09-25T05:29:58.266+0000] {logging_mixin.py:190} INFO - [2025-09-25T05:29:58.266+0000] {dag.py:4180} INFO - Setting next_dagrun for example_external_task_marker_parent to None, run_after=None
[2025-09-25T05:29:58.282+0000] {processor.py:208} INFO - Processing /home/airflow/.local/lib/python3.12/site-packages/airflow/example_dags/example_external_task_marker_dag.py took 0.071 seconds
[2025-09-25T05:30:29.951+0000] {processor.py:186} INFO - Started process (PID=276) to work on /home/airflow/.local/lib/python3.12/site-packages/airflow/example_dags/example_external_task_marker_dag.py
[2025-09-25T05:30:29.952+0000] {processor.py:914} INFO - Processing file /home/airflow/.local/lib/python3.12/site-packages/airflow/example_dags/example_external_task_marker_dag.py for tasks to queue
[2025-09-25T05:30:29.954+0000] {logging_mixin.py:190} INFO - [2025-09-25T05:30:29.954+0000] {dagbag.py:588} INFO - Filling up the DagBag from /home/airflow/.local/lib/python3.12/site-packages/airflow/example_dags/example_external_task_marker_dag.py
[2025-09-25T05:30:29.961+0000] {processor.py:925} INFO - DAG(s) 'example_external_task_marker_child', 'example_external_task_marker_parent' retrieved from /home/airflow/.local/lib/python3.12/site-packages/airflow/example_dags/example_external_task_marker_dag.py
[2025-09-25T05:30:29.980+0000] {logging_mixin.py:190} INFO - [2025-09-25T05:30:29.979+0000] {dag.py:3239} INFO - Sync 2 DAGs
[2025-09-25T05:30:29.992+0000] {logging_mixin.py:190} INFO - [2025-09-25T05:30:29.992+0000] {dag.py:4180} INFO - Setting next_dagrun for example_external_task_marker_child to None, run_after=None
[2025-09-25T05:30:29.995+0000] {logging_mixin.py:190} INFO - [2025-09-25T05:30:29.995+0000] {dag.py:4180} INFO - Setting next_dagrun for example_external_task_marker_parent to None, run_after=None
[2025-09-25T05:30:30.008+0000] {processor.py:208} INFO - Processing /home/airflow/.local/lib/python3.12/site-packages/airflow/example_dags/example_external_task_marker_dag.py took 0.061 seconds
[2025-09-25T05:31:00.829+0000] {processor.py:186} INFO - Started process (PID=341) to work on /home/airflow/.local/lib/python3.12/site-packages/airflow/example_dags/example_external_task_marker_dag.py
[2025-09-25T05:31:00.830+0000] {processor.py:914} INFO - Processing file /home/airflow/.local/lib/python3.12/site-packages/airflow/example_dags/example_external_task_marker_dag.py for tasks to queue
[2025-09-25T05:31:00.833+0000] {logging_mixin.py:190} INFO - [2025-09-25T05:31:00.833+0000] {dagbag.py:588} INFO - Filling up the DagBag from /home/airflow/.local/lib/python3.12/site-packages/airflow/example_dags/example_external_task_marker_dag.py
[2025-09-25T05:31:00.841+0000] {processor.py:925} INFO - DAG(s) 'example_external_task_marker_child', 'example_external_task_marker_parent' retrieved from /home/airflow/.local/lib/python3.12/site-packages/airflow/example_dags/example_external_task_marker_dag.py
[2025-09-25T05:31:00.861+0000] {logging_mixin.py:190} INFO - [2025-09-25T05:31:00.861+0000] {dag.py:3239} INFO - Sync 2 DAGs
[2025-09-25T05:31:00.873+0000] {logging_mixin.py:190} INFO - [2025-09-25T05:31:00.873+0000] {dag.py:4180} INFO - Setting next_dagrun for example_external_task_marker_child to None, run_after=None
[2025-09-25T05:31:00.876+0000] {logging_mixin.py:190} INFO - [2025-09-25T05:31:00.876+0000] {dag.py:4180} INFO - Setting next_dagrun for example_external_task_marker_parent to None, run_after=None
[2025-09-25T05:31:00.891+0000] {processor.py:208} INFO - Processing /home/airflow/.local/lib/python3.12/site-packages/airflow/example_dags/example_external_task_marker_dag.py took 0.068 seconds
[2025-09-25T05:31:31.866+0000] {processor.py:186} INFO - Started process (PID=406) to work on /home/airflow/.local/lib/python3.12/site-packages/airflow/example_dags/example_external_task_marker_dag.py
[2025-09-25T05:31:31.867+0000] {processor.py:914} INFO - Processing file /home/airflow/.local/lib/python3.12/site-packages/airflow/example_dags/example_external_task_marker_dag.py for tasks to queue
[2025-09-25T05:31:31.869+0000] {logging_mixin.py:190} INFO - [2025-09-25T05:31:31.869+0000] {dagbag.py:588} INFO - Filling up the DagBag from /home/airflow/.local/lib/python3.12/site-packages/airflow/example_dags/example_external_task_marker_dag.py
[2025-09-25T05:31:31.878+0000] {processor.py:925} INFO - DAG(s) 'example_external_task_marker_child', 'example_external_task_marker_parent' retrieved from /home/airflow/.local/lib/python3.12/site-packages/airflow/example_dags/example_external_task_marker_dag.py
[2025-09-25T05:31:31.898+0000] {logging_mixin.py:190} INFO - [2025-09-25T05:31:31.898+0000] {dag.py:3239} INFO - Sync 2 DAGs
[2025-09-25T05:31:31.911+0000] {logging_mixin.py:190} INFO - [2025-09-25T05:31:31.910+0000] {dag.py:4180} INFO - Setting next_dagrun for example_external_task_marker_child to None, run_after=None
[2025-09-25T05:31:31.915+0000] {logging_mixin.py:190} INFO - [2025-09-25T05:31:31.915+0000] {dag.py:4180} INFO - Setting next_dagrun for example_external_task_marker_parent to None, run_after=None
[2025-09-25T05:31:31.928+0000] {processor.py:208} INFO - Processing /home/airflow/.local/lib/python3.12/site-packages/airflow/example_dags/example_external_task_marker_dag.py took 0.067 seconds
[2025-09-25T05:32:03.011+0000] {processor.py:186} INFO - Started process (PID=471) to work on /home/airflow/.local/lib/python3.12/site-packages/airflow/example_dags/example_external_task_marker_dag.py
[2025-09-25T05:32:03.012+0000] {processor.py:914} INFO - Processing file /home/airflow/.local/lib/python3.12/site-packages/airflow/example_dags/example_external_task_marker_dag.py for tasks to queue
[2025-09-25T05:32:03.015+0000] {logging_mixin.py:190} INFO - [2025-09-25T05:32:03.014+0000] {dagbag.py:588} INFO - Filling up the DagBag from /home/airflow/.local/lib/python3.12/site-packages/airflow/example_dags/example_external_task_marker_dag.py
[2025-09-25T05:32:03.024+0000] {processor.py:925} INFO - DAG(s) 'example_external_task_marker_child', 'example_external_task_marker_parent' retrieved from /home/airflow/.local/lib/python3.12/site-packages/airflow/example_dags/example_external_task_marker_dag.py
[2025-09-25T05:32:03.048+0000] {logging_mixin.py:190} INFO - [2025-09-25T05:32:03.048+0000] {dag.py:3239} INFO - Sync 2 DAGs
[2025-09-25T05:32:03.062+0000] {logging_mixin.py:190} INFO - [2025-09-25T05:32:03.062+0000] {dag.py:4180} INFO - Setting next_dagrun for example_external_task_marker_child to None, run_after=None
[2025-09-25T05:32:03.065+0000] {logging_mixin.py:190} INFO - [2025-09-25T05:32:03.065+0000] {dag.py:4180} INFO - Setting next_dagrun for example_external_task_marker_parent to None, run_after=None
[2025-09-25T05:32:03.079+0000] {processor.py:208} INFO - Processing /home/airflow/.local/lib/python3.12/site-packages/airflow/example_dags/example_external_task_marker_dag.py took 0.073 seconds
[2025-09-25T05:32:34.697+0000] {processor.py:186} INFO - Started process (PID=536) to work on /home/airflow/.local/lib/python3.12/site-packages/airflow/example_dags/example_external_task_marker_dag.py
[2025-09-25T05:32:34.698+0000] {processor.py:914} INFO - Processing file /home/airflow/.local/lib/python3.12/site-packages/airflow/example_dags/example_external_task_marker_dag.py for tasks to queue
[2025-09-25T05:32:34.700+0000] {logging_mixin.py:190} INFO - [2025-09-25T05:32:34.700+0000] {dagbag.py:588} INFO - Filling up the DagBag from /home/airflow/.local/lib/python3.12/site-packages/airflow/example_dags/example_external_task_marker_dag.py
[2025-09-25T05:32:34.710+0000] {processor.py:925} INFO - DAG(s) 'example_external_task_marker_parent', 'example_external_task_marker_child' retrieved from /home/airflow/.local/lib/python3.12/site-packages/airflow/example_dags/example_external_task_marker_dag.py
[2025-09-25T05:32:34.735+0000] {logging_mixin.py:190} INFO - [2025-09-25T05:32:34.735+0000] {dag.py:3239} INFO - Sync 2 DAGs
[2025-09-25T05:32:34.752+0000] {logging_mixin.py:190} INFO - [2025-09-25T05:32:34.751+0000] {dag.py:4180} INFO - Setting next_dagrun for example_external_task_marker_child to None, run_after=None
[2025-09-25T05:32:34.756+0000] {logging_mixin.py:190} INFO - [2025-09-25T05:32:34.756+0000] {dag.py:4180} INFO - Setting next_dagrun for example_external_task_marker_parent to None, run_after=None
[2025-09-25T05:32:34.772+0000] {processor.py:208} INFO - Processing /home/airflow/.local/lib/python3.12/site-packages/airflow/example_dags/example_external_task_marker_dag.py took 0.081 seconds
[2025-09-25T05:33:05.242+0000] {processor.py:186} INFO - Started process (PID=601) to work on /home/airflow/.local/lib/python3.12/site-packages/airflow/example_dags/example_external_task_marker_dag.py
[2025-09-25T05:33:05.244+0000] {processor.py:914} INFO - Processing file /home/airflow/.local/lib/python3.12/site-packages/airflow/example_dags/example_external_task_marker_dag.py for tasks to queue
[2025-09-25T05:33:05.246+0000] {logging_mixin.py:190} INFO - [2025-09-25T05:33:05.245+0000] {dagbag.py:588} INFO - Filling up the DagBag from /home/airflow/.local/lib/python3.12/site-packages/airflow/example_dags/example_external_task_marker_dag.py
[2025-09-25T05:33:05.253+0000] {processor.py:925} INFO - DAG(s) 'example_external_task_marker_parent', 'example_external_task_marker_child' retrieved from /home/airflow/.local/lib/python3.12/site-packages/airflow/example_dags/example_external_task_marker_dag.py
[2025-09-25T05:33:05.273+0000] {logging_mixin.py:190} INFO - [2025-09-25T05:33:05.273+0000] {dag.py:3239} INFO - Sync 2 DAGs
[2025-09-25T05:33:05.286+0000] {logging_mixin.py:190} INFO - [2025-09-25T05:33:05.286+0000] {dag.py:4180} INFO - Setting next_dagrun for example_external_task_marker_child to None, run_after=None
[2025-09-25T05:33:05.290+0000] {logging_mixin.py:190} INFO - [2025-09-25T05:33:05.289+0000] {dag.py:4180} INFO - Setting next_dagrun for example_external_task_marker_parent to None, run_after=None
[2025-09-25T05:33:05.302+0000] {processor.py:208} INFO - Processing /home/airflow/.local/lib/python3.12/site-packages/airflow/example_dags/example_external_task_marker_dag.py took 0.065 seconds
[2025-09-25T05:33:36.317+0000] {processor.py:186} INFO - Started process (PID=666) to work on /home/airflow/.local/lib/python3.12/site-packages/airflow/example_dags/example_external_task_marker_dag.py
[2025-09-25T05:33:36.319+0000] {processor.py:914} INFO - Processing file /home/airflow/.local/lib/python3.12/site-packages/airflow/example_dags/example_external_task_marker_dag.py for tasks to queue
[2025-09-25T05:33:36.322+0000] {logging_mixin.py:190} INFO - [2025-09-25T05:33:36.321+0000] {dagbag.py:588} INFO - Filling up the DagBag from /home/airflow/.local/lib/python3.12/site-packages/airflow/example_dags/example_external_task_marker_dag.py
[2025-09-25T05:33:36.330+0000] {processor.py:925} INFO - DAG(s) 'example_external_task_marker_parent', 'example_external_task_marker_child' retrieved from /home/airflow/.local/lib/python3.12/site-packages/airflow/example_dags/example_external_task_marker_dag.py
[2025-09-25T05:33:36.352+0000] {logging_mixin.py:190} INFO - [2025-09-25T05:33:36.352+0000] {dag.py:3239} INFO - Sync 2 DAGs
[2025-09-25T05:33:36.365+0000] {logging_mixin.py:190} INFO - [2025-09-25T05:33:36.364+0000] {dag.py:4180} INFO - Setting next_dagrun for example_external_task_marker_child to None, run_after=None
[2025-09-25T05:33:36.368+0000] {logging_mixin.py:190} INFO - [2025-09-25T05:33:36.368+0000] {dag.py:4180} INFO - Setting next_dagrun for example_external_task_marker_parent to None, run_after=None
[2025-09-25T05:33:36.381+0000] {processor.py:208} INFO - Processing /home/airflow/.local/lib/python3.12/site-packages/airflow/example_dags/example_external_task_marker_dag.py took 0.070 seconds
[2025-09-25T05:34:07.447+0000] {processor.py:186} INFO - Started process (PID=731) to work on /home/airflow/.local/lib/python3.12/site-packages/airflow/example_dags/example_external_task_marker_dag.py
[2025-09-25T05:34:07.448+0000] {processor.py:914} INFO - Processing file /home/airflow/.local/lib/python3.12/site-packages/airflow/example_dags/example_external_task_marker_dag.py for tasks to queue
[2025-09-25T05:34:07.451+0000] {logging_mixin.py:190} INFO - [2025-09-25T05:34:07.450+0000] {dagbag.py:588} INFO - Filling up the DagBag from /home/airflow/.local/lib/python3.12/site-packages/airflow/example_dags/example_external_task_marker_dag.py
[2025-09-25T05:34:07.458+0000] {processor.py:925} INFO - DAG(s) 'example_external_task_marker_parent', 'example_external_task_marker_child' retrieved from /home/airflow/.local/lib/python3.12/site-packages/airflow/example_dags/example_external_task_marker_dag.py
[2025-09-25T05:34:07.478+0000] {logging_mixin.py:190} INFO - [2025-09-25T05:34:07.478+0000] {dag.py:3239} INFO - Sync 2 DAGs
[2025-09-25T05:34:07.490+0000] {logging_mixin.py:190} INFO - [2025-09-25T05:34:07.490+0000] {dag.py:4180} INFO - Setting next_dagrun for example_external_task_marker_child to None, run_after=None
[2025-09-25T05:34:07.493+0000] {logging_mixin.py:190} INFO - [2025-09-25T05:34:07.493+0000] {dag.py:4180} INFO - Setting next_dagrun for example_external_task_marker_parent to None, run_after=None
[2025-09-25T05:34:07.507+0000] {processor.py:208} INFO - Processing /home/airflow/.local/lib/python3.12/site-packages/airflow/example_dags/example_external_task_marker_dag.py took 0.065 seconds
[2025-09-25T05:34:38.768+0000] {processor.py:186} INFO - Started process (PID=796) to work on /home/airflow/.local/lib/python3.12/site-packages/airflow/example_dags/example_external_task_marker_dag.py
[2025-09-25T05:34:38.769+0000] {processor.py:914} INFO - Processing file /home/airflow/.local/lib/python3.12/site-packages/airflow/example_dags/example_external_task_marker_dag.py for tasks to queue
[2025-09-25T05:34:38.771+0000] {logging_mixin.py:190} INFO - [2025-09-25T05:34:38.771+0000] {dagbag.py:588} INFO - Filling up the DagBag from /home/airflow/.local/lib/python3.12/site-packages/airflow/example_dags/example_external_task_marker_dag.py
[2025-09-25T05:34:38.779+0000] {processor.py:925} INFO - DAG(s) 'example_external_task_marker_child', 'example_external_task_marker_parent' retrieved from /home/airflow/.local/lib/python3.12/site-packages/airflow/example_dags/example_external_task_marker_dag.py
[2025-09-25T05:34:38.798+0000] {logging_mixin.py:190} INFO - [2025-09-25T05:34:38.797+0000] {dag.py:3239} INFO - Sync 2 DAGs
[2025-09-25T05:34:38.812+0000] {logging_mixin.py:190} INFO - [2025-09-25T05:34:38.812+0000] {dag.py:4180} INFO - Setting next_dagrun for example_external_task_marker_child to None, run_after=None
[2025-09-25T05:34:38.815+0000] {logging_mixin.py:190} INFO - [2025-09-25T05:34:38.815+0000] {dag.py:4180} INFO - Setting next_dagrun for example_external_task_marker_parent to None, run_after=None
[2025-09-25T05:34:38.830+0000] {processor.py:208} INFO - Processing /home/airflow/.local/lib/python3.12/site-packages/airflow/example_dags/example_external_task_marker_dag.py took 0.068 seconds
[2025-09-25T05:35:10.016+0000] {processor.py:186} INFO - Started process (PID=861) to work on /home/airflow/.local/lib/python3.12/site-packages/airflow/example_dags/example_external_task_marker_dag.py
[2025-09-25T05:35:10.017+0000] {processor.py:914} INFO - Processing file /home/airflow/.local/lib/python3.12/site-packages/airflow/example_dags/example_external_task_marker_dag.py for tasks to queue
[2025-09-25T05:35:10.019+0000] {logging_mixin.py:190} INFO - [2025-09-25T05:35:10.019+0000] {dagbag.py:588} INFO - Filling up the DagBag from /home/airflow/.local/lib/python3.12/site-packages/airflow/example_dags/example_external_task_marker_dag.py
[2025-09-25T05:35:10.027+0000] {processor.py:925} INFO - DAG(s) 'example_external_task_marker_child', 'example_external_task_marker_parent' retrieved from /home/airflow/.local/lib/python3.12/site-packages/airflow/example_dags/example_external_task_marker_dag.py
[2025-09-25T05:35:10.047+0000] {logging_mixin.py:190} INFO - [2025-09-25T05:35:10.047+0000] {dag.py:3239} INFO - Sync 2 DAGs
[2025-09-25T05:35:10.060+0000] {logging_mixin.py:190} INFO - [2025-09-25T05:35:10.059+0000] {dag.py:4180} INFO - Setting next_dagrun for example_external_task_marker_child to None, run_after=None
[2025-09-25T05:35:10.063+0000] {logging_mixin.py:190} INFO - [2025-09-25T05:35:10.063+0000] {dag.py:4180} INFO - Setting next_dagrun for example_external_task_marker_parent to None, run_after=None
[2025-09-25T05:35:10.077+0000] {processor.py:208} INFO - Processing /home/airflow/.local/lib/python3.12/site-packages/airflow/example_dags/example_external_task_marker_dag.py took 0.067 seconds
[2025-09-25T05:35:41.321+0000] {processor.py:186} INFO - Started process (PID=926) to work on /home/airflow/.local/lib/python3.12/site-packages/airflow/example_dags/example_external_task_marker_dag.py
[2025-09-25T05:35:41.322+0000] {processor.py:914} INFO - Processing file /home/airflow/.local/lib/python3.12/site-packages/airflow/example_dags/example_external_task_marker_dag.py for tasks to queue
[2025-09-25T05:35:41.324+0000] {logging_mixin.py:190} INFO - [2025-09-25T05:35:41.324+0000] {dagbag.py:588} INFO - Filling up the DagBag from /home/airflow/.local/lib/python3.12/site-packages/airflow/example_dags/example_external_task_marker_dag.py
[2025-09-25T05:35:41.332+0000] {processor.py:925} INFO - DAG(s) 'example_external_task_marker_child', 'example_external_task_marker_parent' retrieved from /home/airflow/.local/lib/python3.12/site-packages/airflow/example_dags/example_external_task_marker_dag.py
[2025-09-25T05:35:41.352+0000] {logging_mixin.py:190} INFO - [2025-09-25T05:35:41.352+0000] {dag.py:3239} INFO - Sync 2 DAGs
[2025-09-25T05:35:41.364+0000] {logging_mixin.py:190} INFO - [2025-09-25T05:35:41.364+0000] {dag.py:4180} INFO - Setting next_dagrun for example_external_task_marker_child to None, run_after=None
[2025-09-25T05:35:41.368+0000] {logging_mixin.py:190} INFO - [2025-09-25T05:35:41.368+0000] {dag.py:4180} INFO - Setting next_dagrun for example_external_task_marker_parent to None, run_after=None
[2025-09-25T05:35:41.384+0000] {processor.py:208} INFO - Processing /home/airflow/.local/lib/python3.12/site-packages/airflow/example_dags/example_external_task_marker_dag.py took 0.068 seconds
[2025-09-25T05:36:12.820+0000] {processor.py:186} INFO - Started process (PID=991) to work on /home/airflow/.local/lib/python3.12/site-packages/airflow/example_dags/example_external_task_marker_dag.py
[2025-09-25T05:36:12.822+0000] {processor.py:914} INFO - Processing file /home/airflow/.local/lib/python3.12/site-packages/airflow/example_dags/example_external_task_marker_dag.py for tasks to queue
[2025-09-25T05:36:12.824+0000] {logging_mixin.py:190} INFO - [2025-09-25T05:36:12.823+0000] {dagbag.py:588} INFO - Filling up the DagBag from /home/airflow/.local/lib/python3.12/site-packages/airflow/example_dags/example_external_task_marker_dag.py
[2025-09-25T05:36:12.831+0000] {processor.py:925} INFO - DAG(s) 'example_external_task_marker_parent', 'example_external_task_marker_child' retrieved from /home/airflow/.local/lib/python3.12/site-packages/airflow/example_dags/example_external_task_marker_dag.py
[2025-09-25T05:36:12.850+0000] {logging_mixin.py:190} INFO - [2025-09-25T05:36:12.850+0000] {dag.py:3239} INFO - Sync 2 DAGs
[2025-09-25T05:36:12.862+0000] {logging_mixin.py:190} INFO - [2025-09-25T05:36:12.862+0000] {dag.py:4180} INFO - Setting next_dagrun for example_external_task_marker_child to None, run_after=None
[2025-09-25T05:36:12.866+0000] {logging_mixin.py:190} INFO - [2025-09-25T05:36:12.865+0000] {dag.py:4180} INFO - Setting next_dagrun for example_external_task_marker_parent to None, run_after=None
[2025-09-25T05:36:12.880+0000] {processor.py:208} INFO - Processing /home/airflow/.local/lib/python3.12/site-packages/airflow/example_dags/example_external_task_marker_dag.py took 0.066 seconds
[2025-09-25T05:36:43.946+0000] {processor.py:186} INFO - Started process (PID=1056) to work on /home/airflow/.local/lib/python3.12/site-packages/airflow/example_dags/example_external_task_marker_dag.py
[2025-09-25T05:36:43.947+0000] {processor.py:914} INFO - Processing file /home/airflow/.local/lib/python3.12/site-packages/airflow/example_dags/example_external_task_marker_dag.py for tasks to queue
[2025-09-25T05:36:43.950+0000] {logging_mixin.py:190} INFO - [2025-09-25T05:36:43.949+0000] {dagbag.py:588} INFO - Filling up the DagBag from /home/airflow/.local/lib/python3.12/site-packages/airflow/example_dags/example_external_task_marker_dag.py
[2025-09-25T05:36:43.958+0000] {processor.py:925} INFO - DAG(s) 'example_external_task_marker_child', 'example_external_task_marker_parent' retrieved from /home/airflow/.local/lib/python3.12/site-packages/airflow/example_dags/example_external_task_marker_dag.py
[2025-09-25T05:36:43.977+0000] {logging_mixin.py:190} INFO - [2025-09-25T05:36:43.977+0000] {dag.py:3239} INFO - Sync 2 DAGs
[2025-09-25T05:36:43.989+0000] {logging_mixin.py:190} INFO - [2025-09-25T05:36:43.989+0000] {dag.py:4180} INFO - Setting next_dagrun for example_external_task_marker_child to None, run_after=None
[2025-09-25T05:36:43.992+0000] {logging_mixin.py:190} INFO - [2025-09-25T05:36:43.992+0000] {dag.py:4180} INFO - Setting next_dagrun for example_external_task_marker_parent to None, run_after=None
[2025-09-25T05:36:44.006+0000] {processor.py:208} INFO - Processing /home/airflow/.local/lib/python3.12/site-packages/airflow/example_dags/example_external_task_marker_dag.py took 0.065 seconds
[2025-09-25T05:37:14.634+0000] {processor.py:186} INFO - Started process (PID=1121) to work on /home/airflow/.local/lib/python3.12/site-packages/airflow/example_dags/example_external_task_marker_dag.py
[2025-09-25T05:37:14.635+0000] {processor.py:914} INFO - Processing file /home/airflow/.local/lib/python3.12/site-packages/airflow/example_dags/example_external_task_marker_dag.py for tasks to queue
[2025-09-25T05:37:14.637+0000] {logging_mixin.py:190} INFO - [2025-09-25T05:37:14.636+0000] {dagbag.py:588} INFO - Filling up the DagBag from /home/airflow/.local/lib/python3.12/site-packages/airflow/example_dags/example_external_task_marker_dag.py
[2025-09-25T05:37:14.645+0000] {processor.py:925} INFO - DAG(s) 'example_external_task_marker_parent', 'example_external_task_marker_child' retrieved from /home/airflow/.local/lib/python3.12/site-packages/airflow/example_dags/example_external_task_marker_dag.py
[2025-09-25T05:37:14.665+0000] {logging_mixin.py:190} INFO - [2025-09-25T05:37:14.665+0000] {dag.py:3239} INFO - Sync 2 DAGs
[2025-09-25T05:37:14.677+0000] {logging_mixin.py:190} INFO - [2025-09-25T05:37:14.677+0000] {dag.py:4180} INFO - Setting next_dagrun for example_external_task_marker_child to None, run_after=None
[2025-09-25T05:37:14.680+0000] {logging_mixin.py:190} INFO - [2025-09-25T05:37:14.680+0000] {dag.py:4180} INFO - Setting next_dagrun for example_external_task_marker_parent to None, run_after=None
[2025-09-25T05:37:14.693+0000] {processor.py:208} INFO - Processing /home/airflow/.local/lib/python3.12/site-packages/airflow/example_dags/example_external_task_marker_dag.py took 0.065 seconds
[2025-09-25T05:37:46.079+0000] {processor.py:186} INFO - Started process (PID=1186) to work on /home/airflow/.local/lib/python3.12/site-packages/airflow/example_dags/example_external_task_marker_dag.py
[2025-09-25T05:37:46.080+0000] {processor.py:914} INFO - Processing file /home/airflow/.local/lib/python3.12/site-packages/airflow/example_dags/example_external_task_marker_dag.py for tasks to queue
[2025-09-25T05:37:46.082+0000] {logging_mixin.py:190} INFO - [2025-09-25T05:37:46.082+0000] {dagbag.py:588} INFO - Filling up the DagBag from /home/airflow/.local/lib/python3.12/site-packages/airflow/example_dags/example_external_task_marker_dag.py
[2025-09-25T05:37:46.091+0000] {processor.py:925} INFO - DAG(s) 'example_external_task_marker_parent', 'example_external_task_marker_child' retrieved from /home/airflow/.local/lib/python3.12/site-packages/airflow/example_dags/example_external_task_marker_dag.py
[2025-09-25T05:37:46.112+0000] {logging_mixin.py:190} INFO - [2025-09-25T05:37:46.112+0000] {dag.py:3239} INFO - Sync 2 DAGs
[2025-09-25T05:37:46.126+0000] {logging_mixin.py:190} INFO - [2025-09-25T05:37:46.126+0000] {dag.py:4180} INFO - Setting next_dagrun for example_external_task_marker_child to None, run_after=None
[2025-09-25T05:37:46.129+0000] {logging_mixin.py:190} INFO - [2025-09-25T05:37:46.129+0000] {dag.py:4180} INFO - Setting next_dagrun for example_external_task_marker_parent to None, run_after=None
[2025-09-25T05:37:46.148+0000] {processor.py:208} INFO - Processing /home/airflow/.local/lib/python3.12/site-packages/airflow/example_dags/example_external_task_marker_dag.py took 0.076 seconds
[2025-09-25T05:38:17.466+0000] {processor.py:186} INFO - Started process (PID=1251) to work on /home/airflow/.local/lib/python3.12/site-packages/airflow/example_dags/example_external_task_marker_dag.py
[2025-09-25T05:38:17.468+0000] {processor.py:914} INFO - Processing file /home/airflow/.local/lib/python3.12/site-packages/airflow/example_dags/example_external_task_marker_dag.py for tasks to queue
[2025-09-25T05:38:17.470+0000] {logging_mixin.py:190} INFO - [2025-09-25T05:38:17.469+0000] {dagbag.py:588} INFO - Filling up the DagBag from /home/airflow/.local/lib/python3.12/site-packages/airflow/example_dags/example_external_task_marker_dag.py
[2025-09-25T05:38:17.477+0000] {processor.py:925} INFO - DAG(s) 'example_external_task_marker_parent', 'example_external_task_marker_child' retrieved from /home/airflow/.local/lib/python3.12/site-packages/airflow/example_dags/example_external_task_marker_dag.py
[2025-09-25T05:38:17.496+0000] {logging_mixin.py:190} INFO - [2025-09-25T05:38:17.496+0000] {dag.py:3239} INFO - Sync 2 DAGs
[2025-09-25T05:38:17.509+0000] {logging_mixin.py:190} INFO - [2025-09-25T05:38:17.508+0000] {dag.py:4180} INFO - Setting next_dagrun for example_external_task_marker_child to None, run_after=None
[2025-09-25T05:38:17.512+0000] {logging_mixin.py:190} INFO - [2025-09-25T05:38:17.512+0000] {dag.py:4180} INFO - Setting next_dagrun for example_external_task_marker_parent to None, run_after=None
[2025-09-25T05:38:17.526+0000] {processor.py:208} INFO - Processing /home/airflow/.local/lib/python3.12/site-packages/airflow/example_dags/example_external_task_marker_dag.py took 0.065 seconds
[2025-09-25T05:38:48.709+0000] {processor.py:186} INFO - Started process (PID=1316) to work on /home/airflow/.local/lib/python3.12/site-packages/airflow/example_dags/example_external_task_marker_dag.py
[2025-09-25T05:38:48.710+0000] {processor.py:914} INFO - Processing file /home/airflow/.local/lib/python3.12/site-packages/airflow/example_dags/example_external_task_marker_dag.py for tasks to queue
[2025-09-25T05:38:48.712+0000] {logging_mixin.py:190} INFO - [2025-09-25T05:38:48.712+0000] {dagbag.py:588} INFO - Filling up the DagBag from /home/airflow/.local/lib/python3.12/site-packages/airflow/example_dags/example_external_task_marker_dag.py
[2025-09-25T05:38:48.720+0000] {processor.py:925} INFO - DAG(s) 'example_external_task_marker_parent', 'example_external_task_marker_child' retrieved from /home/airflow/.local/lib/python3.12/site-packages/airflow/example_dags/example_external_task_marker_dag.py
[2025-09-25T05:38:48.740+0000] {logging_mixin.py:190} INFO - [2025-09-25T05:38:48.740+0000] {dag.py:3239} INFO - Sync 2 DAGs
[2025-09-25T05:38:48.755+0000] {logging_mixin.py:190} INFO - [2025-09-25T05:38:48.755+0000] {dag.py:4180} INFO - Setting next_dagrun for example_external_task_marker_child to None, run_after=None
[2025-09-25T05:38:48.758+0000] {logging_mixin.py:190} INFO - [2025-09-25T05:38:48.758+0000] {dag.py:4180} INFO - Setting next_dagrun for example_external_task_marker_parent to None, run_after=None
[2025-09-25T05:38:48.771+0000] {processor.py:208} INFO - Processing /home/airflow/.local/lib/python3.12/site-packages/airflow/example_dags/example_external_task_marker_dag.py took 0.067 seconds
[2025-09-25T05:39:20.352+0000] {processor.py:186} INFO - Started process (PID=1387) to work on /home/airflow/.local/lib/python3.12/site-packages/airflow/example_dags/example_external_task_marker_dag.py
[2025-09-25T05:39:20.353+0000] {processor.py:914} INFO - Processing file /home/airflow/.local/lib/python3.12/site-packages/airflow/example_dags/example_external_task_marker_dag.py for tasks to queue
[2025-09-25T05:39:20.355+0000] {logging_mixin.py:190} INFO - [2025-09-25T05:39:20.355+0000] {dagbag.py:588} INFO - Filling up the DagBag from /home/airflow/.local/lib/python3.12/site-packages/airflow/example_dags/example_external_task_marker_dag.py
[2025-09-25T05:39:20.362+0000] {processor.py:925} INFO - DAG(s) 'example_external_task_marker_parent', 'example_external_task_marker_child' retrieved from /home/airflow/.local/lib/python3.12/site-packages/airflow/example_dags/example_external_task_marker_dag.py
[2025-09-25T05:39:20.382+0000] {logging_mixin.py:190} INFO - [2025-09-25T05:39:20.382+0000] {dag.py:3239} INFO - Sync 2 DAGs
[2025-09-25T05:39:20.396+0000] {logging_mixin.py:190} INFO - [2025-09-25T05:39:20.396+0000] {dag.py:4180} INFO - Setting next_dagrun for example_external_task_marker_child to None, run_after=None
[2025-09-25T05:39:20.399+0000] {logging_mixin.py:190} INFO - [2025-09-25T05:39:20.399+0000] {dag.py:4180} INFO - Setting next_dagrun for example_external_task_marker_parent to None, run_after=None
[2025-09-25T05:39:20.412+0000] {processor.py:208} INFO - Processing /home/airflow/.local/lib/python3.12/site-packages/airflow/example_dags/example_external_task_marker_dag.py took 0.065 seconds
[2025-09-25T05:39:51.683+0000] {processor.py:186} INFO - Started process (PID=1452) to work on /home/airflow/.local/lib/python3.12/site-packages/airflow/example_dags/example_external_task_marker_dag.py
[2025-09-25T05:39:51.684+0000] {processor.py:914} INFO - Processing file /home/airflow/.local/lib/python3.12/site-packages/airflow/example_dags/example_external_task_marker_dag.py for tasks to queue
[2025-09-25T05:39:51.685+0000] {logging_mixin.py:190} INFO - [2025-09-25T05:39:51.685+0000] {dagbag.py:588} INFO - Filling up the DagBag from /home/airflow/.local/lib/python3.12/site-packages/airflow/example_dags/example_external_task_marker_dag.py
[2025-09-25T05:39:51.692+0000] {processor.py:925} INFO - DAG(s) 'example_external_task_marker_child', 'example_external_task_marker_parent' retrieved from /home/airflow/.local/lib/python3.12/site-packages/airflow/example_dags/example_external_task_marker_dag.py
[2025-09-25T05:39:51.712+0000] {logging_mixin.py:190} INFO - [2025-09-25T05:39:51.712+0000] {dag.py:3239} INFO - Sync 2 DAGs
[2025-09-25T05:39:51.726+0000] {logging_mixin.py:190} INFO - [2025-09-25T05:39:51.725+0000] {dag.py:4180} INFO - Setting next_dagrun for example_external_task_marker_child to None, run_after=None
[2025-09-25T05:39:51.729+0000] {logging_mixin.py:190} INFO - [2025-09-25T05:39:51.729+0000] {dag.py:4180} INFO - Setting next_dagrun for example_external_task_marker_parent to None, run_after=None
[2025-09-25T05:39:51.742+0000] {processor.py:208} INFO - Processing /home/airflow/.local/lib/python3.12/site-packages/airflow/example_dags/example_external_task_marker_dag.py took 0.064 seconds
[2025-09-25T05:40:22.792+0000] {processor.py:186} INFO - Started process (PID=1517) to work on /home/airflow/.local/lib/python3.12/site-packages/airflow/example_dags/example_external_task_marker_dag.py
[2025-09-25T05:40:22.796+0000] {processor.py:914} INFO - Processing file /home/airflow/.local/lib/python3.12/site-packages/airflow/example_dags/example_external_task_marker_dag.py for tasks to queue
[2025-09-25T05:40:22.799+0000] {logging_mixin.py:190} INFO - [2025-09-25T05:40:22.799+0000] {dagbag.py:588} INFO - Filling up the DagBag from /home/airflow/.local/lib/python3.12/site-packages/airflow/example_dags/example_external_task_marker_dag.py
[2025-09-25T05:40:22.811+0000] {processor.py:925} INFO - DAG(s) 'example_external_task_marker_child', 'example_external_task_marker_parent' retrieved from /home/airflow/.local/lib/python3.12/site-packages/airflow/example_dags/example_external_task_marker_dag.py
[2025-09-25T05:40:22.840+0000] {logging_mixin.py:190} INFO - [2025-09-25T05:40:22.840+0000] {dag.py:3239} INFO - Sync 2 DAGs
[2025-09-25T05:40:22.852+0000] {logging_mixin.py:190} INFO - [2025-09-25T05:40:22.852+0000] {dag.py:4180} INFO - Setting next_dagrun for example_external_task_marker_child to None, run_after=None
[2025-09-25T05:40:22.856+0000] {logging_mixin.py:190} INFO - [2025-09-25T05:40:22.855+0000] {dag.py:4180} INFO - Setting next_dagrun for example_external_task_marker_parent to None, run_after=None
[2025-09-25T05:40:22.874+0000] {processor.py:208} INFO - Processing /home/airflow/.local/lib/python3.12/site-packages/airflow/example_dags/example_external_task_marker_dag.py took 0.096 seconds
[2025-09-25T05:40:54.149+0000] {processor.py:186} INFO - Started process (PID=1582) to work on /home/airflow/.local/lib/python3.12/site-packages/airflow/example_dags/example_external_task_marker_dag.py
[2025-09-25T05:40:54.150+0000] {processor.py:914} INFO - Processing file /home/airflow/.local/lib/python3.12/site-packages/airflow/example_dags/example_external_task_marker_dag.py for tasks to queue
[2025-09-25T05:40:54.152+0000] {logging_mixin.py:190} INFO - [2025-09-25T05:40:54.152+0000] {dagbag.py:588} INFO - Filling up the DagBag from /home/airflow/.local/lib/python3.12/site-packages/airflow/example_dags/example_external_task_marker_dag.py
[2025-09-25T05:40:54.159+0000] {processor.py:925} INFO - DAG(s) 'example_external_task_marker_parent', 'example_external_task_marker_child' retrieved from /home/airflow/.local/lib/python3.12/site-packages/airflow/example_dags/example_external_task_marker_dag.py
[2025-09-25T05:40:54.179+0000] {logging_mixin.py:190} INFO - [2025-09-25T05:40:54.178+0000] {dag.py:3239} INFO - Sync 2 DAGs
[2025-09-25T05:40:54.191+0000] {logging_mixin.py:190} INFO - [2025-09-25T05:40:54.190+0000] {dag.py:4180} INFO - Setting next_dagrun for example_external_task_marker_child to None, run_after=None
[2025-09-25T05:40:54.195+0000] {logging_mixin.py:190} INFO - [2025-09-25T05:40:54.194+0000] {dag.py:4180} INFO - Setting next_dagrun for example_external_task_marker_parent to None, run_after=None
[2025-09-25T05:40:54.208+0000] {processor.py:208} INFO - Processing /home/airflow/.local/lib/python3.12/site-packages/airflow/example_dags/example_external_task_marker_dag.py took 0.064 seconds
[2025-09-25T05:41:25.472+0000] {processor.py:186} INFO - Started process (PID=1647) to work on /home/airflow/.local/lib/python3.12/site-packages/airflow/example_dags/example_external_task_marker_dag.py
[2025-09-25T05:41:25.473+0000] {processor.py:914} INFO - Processing file /home/airflow/.local/lib/python3.12/site-packages/airflow/example_dags/example_external_task_marker_dag.py for tasks to queue
[2025-09-25T05:41:25.475+0000] {logging_mixin.py:190} INFO - [2025-09-25T05:41:25.474+0000] {dagbag.py:588} INFO - Filling up the DagBag from /home/airflow/.local/lib/python3.12/site-packages/airflow/example_dags/example_external_task_marker_dag.py
[2025-09-25T05:41:25.482+0000] {processor.py:925} INFO - DAG(s) 'example_external_task_marker_child', 'example_external_task_marker_parent' retrieved from /home/airflow/.local/lib/python3.12/site-packages/airflow/example_dags/example_external_task_marker_dag.py
[2025-09-25T05:41:25.501+0000] {logging_mixin.py:190} INFO - [2025-09-25T05:41:25.501+0000] {dag.py:3239} INFO - Sync 2 DAGs
[2025-09-25T05:41:25.513+0000] {logging_mixin.py:190} INFO - [2025-09-25T05:41:25.512+0000] {dag.py:4180} INFO - Setting next_dagrun for example_external_task_marker_child to None, run_after=None
[2025-09-25T05:41:25.516+0000] {logging_mixin.py:190} INFO - [2025-09-25T05:41:25.515+0000] {dag.py:4180} INFO - Setting next_dagrun for example_external_task_marker_parent to None, run_after=None
[2025-09-25T05:41:25.528+0000] {processor.py:208} INFO - Processing /home/airflow/.local/lib/python3.12/site-packages/airflow/example_dags/example_external_task_marker_dag.py took 0.064 seconds
[2025-09-25T05:41:56.896+0000] {processor.py:186} INFO - Started process (PID=1712) to work on /home/airflow/.local/lib/python3.12/site-packages/airflow/example_dags/example_external_task_marker_dag.py
[2025-09-25T05:41:56.897+0000] {processor.py:914} INFO - Processing file /home/airflow/.local/lib/python3.12/site-packages/airflow/example_dags/example_external_task_marker_dag.py for tasks to queue
[2025-09-25T05:41:56.899+0000] {logging_mixin.py:190} INFO - [2025-09-25T05:41:56.898+0000] {dagbag.py:588} INFO - Filling up the DagBag from /home/airflow/.local/lib/python3.12/site-packages/airflow/example_dags/example_external_task_marker_dag.py
[2025-09-25T05:41:56.906+0000] {processor.py:925} INFO - DAG(s) 'example_external_task_marker_child', 'example_external_task_marker_parent' retrieved from /home/airflow/.local/lib/python3.12/site-packages/airflow/example_dags/example_external_task_marker_dag.py
[2025-09-25T05:41:56.926+0000] {logging_mixin.py:190} INFO - [2025-09-25T05:41:56.926+0000] {dag.py:3239} INFO - Sync 2 DAGs
[2025-09-25T05:41:56.938+0000] {logging_mixin.py:190} INFO - [2025-09-25T05:41:56.938+0000] {dag.py:4180} INFO - Setting next_dagrun for example_external_task_marker_child to None, run_after=None
[2025-09-25T05:41:56.942+0000] {logging_mixin.py:190} INFO - [2025-09-25T05:41:56.942+0000] {dag.py:4180} INFO - Setting next_dagrun for example_external_task_marker_parent to None, run_after=None
[2025-09-25T05:41:56.955+0000] {processor.py:208} INFO - Processing /home/airflow/.local/lib/python3.12/site-packages/airflow/example_dags/example_external_task_marker_dag.py took 0.065 seconds
[2025-09-25T05:42:27.642+0000] {processor.py:186} INFO - Started process (PID=1777) to work on /home/airflow/.local/lib/python3.12/site-packages/airflow/example_dags/example_external_task_marker_dag.py
[2025-09-25T05:42:27.644+0000] {processor.py:914} INFO - Processing file /home/airflow/.local/lib/python3.12/site-packages/airflow/example_dags/example_external_task_marker_dag.py for tasks to queue
[2025-09-25T05:42:27.646+0000] {logging_mixin.py:190} INFO - [2025-09-25T05:42:27.645+0000] {dagbag.py:588} INFO - Filling up the DagBag from /home/airflow/.local/lib/python3.12/site-packages/airflow/example_dags/example_external_task_marker_dag.py
[2025-09-25T05:42:27.653+0000] {processor.py:925} INFO - DAG(s) 'example_external_task_marker_parent', 'example_external_task_marker_child' retrieved from /home/airflow/.local/lib/python3.12/site-packages/airflow/example_dags/example_external_task_marker_dag.py
[2025-09-25T05:42:27.673+0000] {logging_mixin.py:190} INFO - [2025-09-25T05:42:27.672+0000] {dag.py:3239} INFO - Sync 2 DAGs
[2025-09-25T05:42:27.685+0000] {logging_mixin.py:190} INFO - [2025-09-25T05:42:27.685+0000] {dag.py:4180} INFO - Setting next_dagrun for example_external_task_marker_child to None, run_after=None
[2025-09-25T05:42:27.688+0000] {logging_mixin.py:190} INFO - [2025-09-25T05:42:27.688+0000] {dag.py:4180} INFO - Setting next_dagrun for example_external_task_marker_parent to None, run_after=None
[2025-09-25T05:42:27.701+0000] {processor.py:208} INFO - Processing /home/airflow/.local/lib/python3.12/site-packages/airflow/example_dags/example_external_task_marker_dag.py took 0.066 seconds
[2025-09-25T05:42:58.593+0000] {processor.py:186} INFO - Started process (PID=1842) to work on /home/airflow/.local/lib/python3.12/site-packages/airflow/example_dags/example_external_task_marker_dag.py
[2025-09-25T05:42:58.594+0000] {processor.py:914} INFO - Processing file /home/airflow/.local/lib/python3.12/site-packages/airflow/example_dags/example_external_task_marker_dag.py for tasks to queue
[2025-09-25T05:42:58.595+0000] {logging_mixin.py:190} INFO - [2025-09-25T05:42:58.595+0000] {dagbag.py:588} INFO - Filling up the DagBag from /home/airflow/.local/lib/python3.12/site-packages/airflow/example_dags/example_external_task_marker_dag.py
[2025-09-25T05:42:58.603+0000] {processor.py:925} INFO - DAG(s) 'example_external_task_marker_child', 'example_external_task_marker_parent' retrieved from /home/airflow/.local/lib/python3.12/site-packages/airflow/example_dags/example_external_task_marker_dag.py
[2025-09-25T05:42:58.623+0000] {logging_mixin.py:190} INFO - [2025-09-25T05:42:58.623+0000] {dag.py:3239} INFO - Sync 2 DAGs
[2025-09-25T05:42:58.635+0000] {logging_mixin.py:190} INFO - [2025-09-25T05:42:58.635+0000] {dag.py:4180} INFO - Setting next_dagrun for example_external_task_marker_child to None, run_after=None
[2025-09-25T05:42:58.639+0000] {logging_mixin.py:190} INFO - [2025-09-25T05:42:58.638+0000] {dag.py:4180} INFO - Setting next_dagrun for example_external_task_marker_parent to None, run_after=None
[2025-09-25T05:42:58.653+0000] {processor.py:208} INFO - Processing /home/airflow/.local/lib/python3.12/site-packages/airflow/example_dags/example_external_task_marker_dag.py took 0.066 seconds
[2025-09-25T05:43:29.875+0000] {processor.py:186} INFO - Started process (PID=1907) to work on /home/airflow/.local/lib/python3.12/site-packages/airflow/example_dags/example_external_task_marker_dag.py
[2025-09-25T05:43:29.876+0000] {processor.py:914} INFO - Processing file /home/airflow/.local/lib/python3.12/site-packages/airflow/example_dags/example_external_task_marker_dag.py for tasks to queue
[2025-09-25T05:43:29.878+0000] {logging_mixin.py:190} INFO - [2025-09-25T05:43:29.877+0000] {dagbag.py:588} INFO - Filling up the DagBag from /home/airflow/.local/lib/python3.12/site-packages/airflow/example_dags/example_external_task_marker_dag.py
[2025-09-25T05:43:29.885+0000] {processor.py:925} INFO - DAG(s) 'example_external_task_marker_parent', 'example_external_task_marker_child' retrieved from /home/airflow/.local/lib/python3.12/site-packages/airflow/example_dags/example_external_task_marker_dag.py
[2025-09-25T05:43:29.903+0000] {logging_mixin.py:190} INFO - [2025-09-25T05:43:29.903+0000] {dag.py:3239} INFO - Sync 2 DAGs
[2025-09-25T05:43:29.915+0000] {logging_mixin.py:190} INFO - [2025-09-25T05:43:29.915+0000] {dag.py:4180} INFO - Setting next_dagrun for example_external_task_marker_child to None, run_after=None
[2025-09-25T05:43:29.918+0000] {logging_mixin.py:190} INFO - [2025-09-25T05:43:29.918+0000] {dag.py:4180} INFO - Setting next_dagrun for example_external_task_marker_parent to None, run_after=None
[2025-09-25T05:43:29.931+0000] {processor.py:208} INFO - Processing /home/airflow/.local/lib/python3.12/site-packages/airflow/example_dags/example_external_task_marker_dag.py took 0.062 seconds
[2025-09-25T05:44:00.845+0000] {processor.py:186} INFO - Started process (PID=1972) to work on /home/airflow/.local/lib/python3.12/site-packages/airflow/example_dags/example_external_task_marker_dag.py
[2025-09-25T05:44:00.846+0000] {processor.py:914} INFO - Processing file /home/airflow/.local/lib/python3.12/site-packages/airflow/example_dags/example_external_task_marker_dag.py for tasks to queue
[2025-09-25T05:44:00.848+0000] {logging_mixin.py:190} INFO - [2025-09-25T05:44:00.848+0000] {dagbag.py:588} INFO - Filling up the DagBag from /home/airflow/.local/lib/python3.12/site-packages/airflow/example_dags/example_external_task_marker_dag.py
[2025-09-25T05:44:00.856+0000] {processor.py:925} INFO - DAG(s) 'example_external_task_marker_child', 'example_external_task_marker_parent' retrieved from /home/airflow/.local/lib/python3.12/site-packages/airflow/example_dags/example_external_task_marker_dag.py
[2025-09-25T05:44:00.876+0000] {logging_mixin.py:190} INFO - [2025-09-25T05:44:00.876+0000] {dag.py:3239} INFO - Sync 2 DAGs
[2025-09-25T05:44:00.889+0000] {logging_mixin.py:190} INFO - [2025-09-25T05:44:00.889+0000] {dag.py:4180} INFO - Setting next_dagrun for example_external_task_marker_child to None, run_after=None
[2025-09-25T05:44:00.892+0000] {logging_mixin.py:190} INFO - [2025-09-25T05:44:00.892+0000] {dag.py:4180} INFO - Setting next_dagrun for example_external_task_marker_parent to None, run_after=None
[2025-09-25T05:44:00.908+0000] {processor.py:208} INFO - Processing /home/airflow/.local/lib/python3.12/site-packages/airflow/example_dags/example_external_task_marker_dag.py took 0.069 seconds
[2025-09-25T05:44:31.605+0000] {processor.py:186} INFO - Started process (PID=2037) to work on /home/airflow/.local/lib/python3.12/site-packages/airflow/example_dags/example_external_task_marker_dag.py
[2025-09-25T05:44:31.606+0000] {processor.py:914} INFO - Processing file /home/airflow/.local/lib/python3.12/site-packages/airflow/example_dags/example_external_task_marker_dag.py for tasks to queue
[2025-09-25T05:44:31.608+0000] {logging_mixin.py:190} INFO - [2025-09-25T05:44:31.608+0000] {dagbag.py:588} INFO - Filling up the DagBag from /home/airflow/.local/lib/python3.12/site-packages/airflow/example_dags/example_external_task_marker_dag.py
[2025-09-25T05:44:31.616+0000] {processor.py:925} INFO - DAG(s) 'example_external_task_marker_parent', 'example_external_task_marker_child' retrieved from /home/airflow/.local/lib/python3.12/site-packages/airflow/example_dags/example_external_task_marker_dag.py
[2025-09-25T05:44:31.636+0000] {logging_mixin.py:190} INFO - [2025-09-25T05:44:31.635+0000] {dag.py:3239} INFO - Sync 2 DAGs
[2025-09-25T05:44:31.648+0000] {logging_mixin.py:190} INFO - [2025-09-25T05:44:31.648+0000] {dag.py:4180} INFO - Setting next_dagrun for example_external_task_marker_child to None, run_after=None
[2025-09-25T05:44:31.652+0000] {logging_mixin.py:190} INFO - [2025-09-25T05:44:31.652+0000] {dag.py:4180} INFO - Setting next_dagrun for example_external_task_marker_parent to None, run_after=None
[2025-09-25T05:44:31.665+0000] {processor.py:208} INFO - Processing /home/airflow/.local/lib/python3.12/site-packages/airflow/example_dags/example_external_task_marker_dag.py took 0.067 seconds
