[2025-09-25T05:12:40.384+0000] {processor.py:186} INFO - Started process (PID=63) to work on /home/airflow/.local/lib/python3.12/site-packages/airflow/example_dags/example_sensor_decorator.py
[2025-09-25T05:12:40.385+0000] {processor.py:914} INFO - Processing file /home/airflow/.local/lib/python3.12/site-packages/airflow/example_dags/example_sensor_decorator.py for tasks to queue
[2025-09-25T05:12:40.387+0000] {logging_mixin.py:190} INFO - [2025-09-25T05:12:40.387+0000] {dagbag.py:588} INFO - Filling up the DagBag from /home/airflow/.local/lib/python3.12/site-packages/airflow/example_dags/example_sensor_decorator.py
[2025-09-25T05:12:40.396+0000] {processor.py:925} INFO - DAG(s) 'example_sensor_decorator' retrieved from /home/airflow/.local/lib/python3.12/site-packages/airflow/example_dags/example_sensor_decorator.py
[2025-09-25T05:12:40.420+0000] {logging_mixin.py:190} INFO - [2025-09-25T05:12:40.419+0000] {dag.py:3239} INFO - Sync 1 DAGs
[2025-09-25T05:12:40.437+0000] {logging_mixin.py:190} INFO - [2025-09-25T05:12:40.437+0000] {dag.py:4180} INFO - Setting next_dagrun for example_sensor_decorator to None, run_after=None
[2025-09-25T05:12:40.457+0000] {processor.py:208} INFO - Processing /home/airflow/.local/lib/python3.12/site-packages/airflow/example_dags/example_sensor_decorator.py took 0.079 seconds
[2025-09-25T05:13:10.659+0000] {processor.py:186} INFO - Started process (PID=133) to work on /home/airflow/.local/lib/python3.12/site-packages/airflow/example_dags/example_sensor_decorator.py
[2025-09-25T05:13:10.660+0000] {processor.py:914} INFO - Processing file /home/airflow/.local/lib/python3.12/site-packages/airflow/example_dags/example_sensor_decorator.py for tasks to queue
[2025-09-25T05:13:10.662+0000] {logging_mixin.py:190} INFO - [2025-09-25T05:13:10.662+0000] {dagbag.py:588} INFO - Filling up the DagBag from /home/airflow/.local/lib/python3.12/site-packages/airflow/example_dags/example_sensor_decorator.py
[2025-09-25T05:13:10.669+0000] {processor.py:925} INFO - DAG(s) 'example_sensor_decorator' retrieved from /home/airflow/.local/lib/python3.12/site-packages/airflow/example_dags/example_sensor_decorator.py
[2025-09-25T05:13:10.684+0000] {logging_mixin.py:190} INFO - [2025-09-25T05:13:10.684+0000] {dag.py:3239} INFO - Sync 1 DAGs
[2025-09-25T05:13:10.697+0000] {logging_mixin.py:190} INFO - [2025-09-25T05:13:10.696+0000] {dag.py:4180} INFO - Setting next_dagrun for example_sensor_decorator to None, run_after=None
[2025-09-25T05:13:10.713+0000] {processor.py:208} INFO - Processing /home/airflow/.local/lib/python3.12/site-packages/airflow/example_dags/example_sensor_decorator.py took 0.059 seconds
[2025-09-25T05:13:40.950+0000] {processor.py:186} INFO - Started process (PID=197) to work on /home/airflow/.local/lib/python3.12/site-packages/airflow/example_dags/example_sensor_decorator.py
[2025-09-25T05:13:40.951+0000] {processor.py:914} INFO - Processing file /home/airflow/.local/lib/python3.12/site-packages/airflow/example_dags/example_sensor_decorator.py for tasks to queue
[2025-09-25T05:13:40.953+0000] {logging_mixin.py:190} INFO - [2025-09-25T05:13:40.953+0000] {dagbag.py:588} INFO - Filling up the DagBag from /home/airflow/.local/lib/python3.12/site-packages/airflow/example_dags/example_sensor_decorator.py
[2025-09-25T05:13:40.961+0000] {processor.py:925} INFO - DAG(s) 'example_sensor_decorator' retrieved from /home/airflow/.local/lib/python3.12/site-packages/airflow/example_dags/example_sensor_decorator.py
[2025-09-25T05:13:40.977+0000] {logging_mixin.py:190} INFO - [2025-09-25T05:13:40.977+0000] {dag.py:3239} INFO - Sync 1 DAGs
[2025-09-25T05:13:40.988+0000] {logging_mixin.py:190} INFO - [2025-09-25T05:13:40.988+0000] {dag.py:4180} INFO - Setting next_dagrun for example_sensor_decorator to None, run_after=None
[2025-09-25T05:13:41.004+0000] {processor.py:208} INFO - Processing /home/airflow/.local/lib/python3.12/site-packages/airflow/example_dags/example_sensor_decorator.py took 0.059 seconds
[2025-09-25T05:14:12.093+0000] {processor.py:186} INFO - Started process (PID=263) to work on /home/airflow/.local/lib/python3.12/site-packages/airflow/example_dags/example_sensor_decorator.py
[2025-09-25T05:14:12.094+0000] {processor.py:914} INFO - Processing file /home/airflow/.local/lib/python3.12/site-packages/airflow/example_dags/example_sensor_decorator.py for tasks to queue
[2025-09-25T05:14:12.096+0000] {logging_mixin.py:190} INFO - [2025-09-25T05:14:12.096+0000] {dagbag.py:588} INFO - Filling up the DagBag from /home/airflow/.local/lib/python3.12/site-packages/airflow/example_dags/example_sensor_decorator.py
[2025-09-25T05:14:12.105+0000] {processor.py:925} INFO - DAG(s) 'example_sensor_decorator' retrieved from /home/airflow/.local/lib/python3.12/site-packages/airflow/example_dags/example_sensor_decorator.py
[2025-09-25T05:14:12.123+0000] {logging_mixin.py:190} INFO - [2025-09-25T05:14:12.122+0000] {dag.py:3239} INFO - Sync 1 DAGs
[2025-09-25T05:14:12.141+0000] {logging_mixin.py:190} INFO - [2025-09-25T05:14:12.141+0000] {dag.py:4180} INFO - Setting next_dagrun for example_sensor_decorator to None, run_after=None
[2025-09-25T05:14:12.164+0000] {processor.py:208} INFO - Processing /home/airflow/.local/lib/python3.12/site-packages/airflow/example_dags/example_sensor_decorator.py took 0.077 seconds
[2025-09-25T05:14:42.793+0000] {processor.py:186} INFO - Started process (PID=328) to work on /home/airflow/.local/lib/python3.12/site-packages/airflow/example_dags/example_sensor_decorator.py
[2025-09-25T05:14:42.794+0000] {processor.py:914} INFO - Processing file /home/airflow/.local/lib/python3.12/site-packages/airflow/example_dags/example_sensor_decorator.py for tasks to queue
[2025-09-25T05:14:42.796+0000] {logging_mixin.py:190} INFO - [2025-09-25T05:14:42.795+0000] {dagbag.py:588} INFO - Filling up the DagBag from /home/airflow/.local/lib/python3.12/site-packages/airflow/example_dags/example_sensor_decorator.py
[2025-09-25T05:14:42.803+0000] {processor.py:925} INFO - DAG(s) 'example_sensor_decorator' retrieved from /home/airflow/.local/lib/python3.12/site-packages/airflow/example_dags/example_sensor_decorator.py
[2025-09-25T05:14:42.819+0000] {logging_mixin.py:190} INFO - [2025-09-25T05:14:42.819+0000] {dag.py:3239} INFO - Sync 1 DAGs
[2025-09-25T05:14:42.830+0000] {logging_mixin.py:190} INFO - [2025-09-25T05:14:42.830+0000] {dag.py:4180} INFO - Setting next_dagrun for example_sensor_decorator to None, run_after=None
[2025-09-25T05:14:42.845+0000] {processor.py:208} INFO - Processing /home/airflow/.local/lib/python3.12/site-packages/airflow/example_dags/example_sensor_decorator.py took 0.058 seconds
[2025-09-25T05:15:13.177+0000] {processor.py:186} INFO - Started process (PID=392) to work on /home/airflow/.local/lib/python3.12/site-packages/airflow/example_dags/example_sensor_decorator.py
[2025-09-25T05:15:13.178+0000] {processor.py:914} INFO - Processing file /home/airflow/.local/lib/python3.12/site-packages/airflow/example_dags/example_sensor_decorator.py for tasks to queue
[2025-09-25T05:15:13.180+0000] {logging_mixin.py:190} INFO - [2025-09-25T05:15:13.180+0000] {dagbag.py:588} INFO - Filling up the DagBag from /home/airflow/.local/lib/python3.12/site-packages/airflow/example_dags/example_sensor_decorator.py
[2025-09-25T05:15:13.188+0000] {processor.py:925} INFO - DAG(s) 'example_sensor_decorator' retrieved from /home/airflow/.local/lib/python3.12/site-packages/airflow/example_dags/example_sensor_decorator.py
[2025-09-25T05:15:13.204+0000] {logging_mixin.py:190} INFO - [2025-09-25T05:15:13.204+0000] {dag.py:3239} INFO - Sync 1 DAGs
[2025-09-25T05:15:13.216+0000] {logging_mixin.py:190} INFO - [2025-09-25T05:15:13.215+0000] {dag.py:4180} INFO - Setting next_dagrun for example_sensor_decorator to None, run_after=None
[2025-09-25T05:15:13.232+0000] {processor.py:208} INFO - Processing /home/airflow/.local/lib/python3.12/site-packages/airflow/example_dags/example_sensor_decorator.py took 0.060 seconds
[2025-09-25T05:15:43.653+0000] {processor.py:186} INFO - Started process (PID=457) to work on /home/airflow/.local/lib/python3.12/site-packages/airflow/example_dags/example_sensor_decorator.py
[2025-09-25T05:15:43.654+0000] {processor.py:914} INFO - Processing file /home/airflow/.local/lib/python3.12/site-packages/airflow/example_dags/example_sensor_decorator.py for tasks to queue
[2025-09-25T05:15:43.657+0000] {logging_mixin.py:190} INFO - [2025-09-25T05:15:43.657+0000] {dagbag.py:588} INFO - Filling up the DagBag from /home/airflow/.local/lib/python3.12/site-packages/airflow/example_dags/example_sensor_decorator.py
[2025-09-25T05:15:43.665+0000] {processor.py:925} INFO - DAG(s) 'example_sensor_decorator' retrieved from /home/airflow/.local/lib/python3.12/site-packages/airflow/example_dags/example_sensor_decorator.py
[2025-09-25T05:15:43.681+0000] {logging_mixin.py:190} INFO - [2025-09-25T05:15:43.681+0000] {dag.py:3239} INFO - Sync 1 DAGs
[2025-09-25T05:15:43.694+0000] {logging_mixin.py:190} INFO - [2025-09-25T05:15:43.694+0000] {dag.py:4180} INFO - Setting next_dagrun for example_sensor_decorator to None, run_after=None
[2025-09-25T05:15:43.715+0000] {processor.py:208} INFO - Processing /home/airflow/.local/lib/python3.12/site-packages/airflow/example_dags/example_sensor_decorator.py took 0.067 seconds
[2025-09-25T05:16:14.002+0000] {processor.py:186} INFO - Started process (PID=522) to work on /home/airflow/.local/lib/python3.12/site-packages/airflow/example_dags/example_sensor_decorator.py
[2025-09-25T05:16:14.003+0000] {processor.py:914} INFO - Processing file /home/airflow/.local/lib/python3.12/site-packages/airflow/example_dags/example_sensor_decorator.py for tasks to queue
[2025-09-25T05:16:14.006+0000] {logging_mixin.py:190} INFO - [2025-09-25T05:16:14.006+0000] {dagbag.py:588} INFO - Filling up the DagBag from /home/airflow/.local/lib/python3.12/site-packages/airflow/example_dags/example_sensor_decorator.py
[2025-09-25T05:16:14.014+0000] {processor.py:925} INFO - DAG(s) 'example_sensor_decorator' retrieved from /home/airflow/.local/lib/python3.12/site-packages/airflow/example_dags/example_sensor_decorator.py
[2025-09-25T05:16:14.032+0000] {logging_mixin.py:190} INFO - [2025-09-25T05:16:14.032+0000] {dag.py:3239} INFO - Sync 1 DAGs
[2025-09-25T05:16:14.044+0000] {logging_mixin.py:190} INFO - [2025-09-25T05:16:14.044+0000] {dag.py:4180} INFO - Setting next_dagrun for example_sensor_decorator to None, run_after=None
[2025-09-25T05:16:14.060+0000] {processor.py:208} INFO - Processing /home/airflow/.local/lib/python3.12/site-packages/airflow/example_dags/example_sensor_decorator.py took 0.064 seconds
[2025-09-25T05:16:44.519+0000] {processor.py:186} INFO - Started process (PID=587) to work on /home/airflow/.local/lib/python3.12/site-packages/airflow/example_dags/example_sensor_decorator.py
[2025-09-25T05:16:44.521+0000] {processor.py:914} INFO - Processing file /home/airflow/.local/lib/python3.12/site-packages/airflow/example_dags/example_sensor_decorator.py for tasks to queue
[2025-09-25T05:16:44.524+0000] {logging_mixin.py:190} INFO - [2025-09-25T05:16:44.523+0000] {dagbag.py:588} INFO - Filling up the DagBag from /home/airflow/.local/lib/python3.12/site-packages/airflow/example_dags/example_sensor_decorator.py
[2025-09-25T05:16:44.533+0000] {processor.py:925} INFO - DAG(s) 'example_sensor_decorator' retrieved from /home/airflow/.local/lib/python3.12/site-packages/airflow/example_dags/example_sensor_decorator.py
[2025-09-25T05:16:44.555+0000] {logging_mixin.py:190} INFO - [2025-09-25T05:16:44.555+0000] {dag.py:3239} INFO - Sync 1 DAGs
[2025-09-25T05:16:44.569+0000] {logging_mixin.py:190} INFO - [2025-09-25T05:16:44.569+0000] {dag.py:4180} INFO - Setting next_dagrun for example_sensor_decorator to None, run_after=None
[2025-09-25T05:16:44.588+0000] {processor.py:208} INFO - Processing /home/airflow/.local/lib/python3.12/site-packages/airflow/example_dags/example_sensor_decorator.py took 0.075 seconds
[2025-09-25T05:17:14.705+0000] {processor.py:186} INFO - Started process (PID=652) to work on /home/airflow/.local/lib/python3.12/site-packages/airflow/example_dags/example_sensor_decorator.py
[2025-09-25T05:17:14.706+0000] {processor.py:914} INFO - Processing file /home/airflow/.local/lib/python3.12/site-packages/airflow/example_dags/example_sensor_decorator.py for tasks to queue
[2025-09-25T05:17:14.709+0000] {logging_mixin.py:190} INFO - [2025-09-25T05:17:14.708+0000] {dagbag.py:588} INFO - Filling up the DagBag from /home/airflow/.local/lib/python3.12/site-packages/airflow/example_dags/example_sensor_decorator.py
[2025-09-25T05:17:14.719+0000] {processor.py:925} INFO - DAG(s) 'example_sensor_decorator' retrieved from /home/airflow/.local/lib/python3.12/site-packages/airflow/example_dags/example_sensor_decorator.py
[2025-09-25T05:17:14.738+0000] {logging_mixin.py:190} INFO - [2025-09-25T05:17:14.738+0000] {dag.py:3239} INFO - Sync 1 DAGs
[2025-09-25T05:17:14.754+0000] {logging_mixin.py:190} INFO - [2025-09-25T05:17:14.754+0000] {dag.py:4180} INFO - Setting next_dagrun for example_sensor_decorator to None, run_after=None
[2025-09-25T05:17:14.772+0000] {processor.py:208} INFO - Processing /home/airflow/.local/lib/python3.12/site-packages/airflow/example_dags/example_sensor_decorator.py took 0.074 seconds
[2025-09-25T05:17:44.940+0000] {processor.py:186} INFO - Started process (PID=717) to work on /home/airflow/.local/lib/python3.12/site-packages/airflow/example_dags/example_sensor_decorator.py
[2025-09-25T05:17:44.942+0000] {processor.py:914} INFO - Processing file /home/airflow/.local/lib/python3.12/site-packages/airflow/example_dags/example_sensor_decorator.py for tasks to queue
[2025-09-25T05:17:44.944+0000] {logging_mixin.py:190} INFO - [2025-09-25T05:17:44.943+0000] {dagbag.py:588} INFO - Filling up the DagBag from /home/airflow/.local/lib/python3.12/site-packages/airflow/example_dags/example_sensor_decorator.py
[2025-09-25T05:17:44.952+0000] {processor.py:925} INFO - DAG(s) 'example_sensor_decorator' retrieved from /home/airflow/.local/lib/python3.12/site-packages/airflow/example_dags/example_sensor_decorator.py
[2025-09-25T05:17:44.975+0000] {logging_mixin.py:190} INFO - [2025-09-25T05:17:44.974+0000] {dag.py:3239} INFO - Sync 1 DAGs
[2025-09-25T05:17:44.992+0000] {logging_mixin.py:190} INFO - [2025-09-25T05:17:44.991+0000] {dag.py:4180} INFO - Setting next_dagrun for example_sensor_decorator to None, run_after=None
[2025-09-25T05:17:45.007+0000] {processor.py:208} INFO - Processing /home/airflow/.local/lib/python3.12/site-packages/airflow/example_dags/example_sensor_decorator.py took 0.074 seconds
[2025-09-25T05:18:15.475+0000] {processor.py:186} INFO - Started process (PID=782) to work on /home/airflow/.local/lib/python3.12/site-packages/airflow/example_dags/example_sensor_decorator.py
[2025-09-25T05:18:15.476+0000] {processor.py:914} INFO - Processing file /home/airflow/.local/lib/python3.12/site-packages/airflow/example_dags/example_sensor_decorator.py for tasks to queue
[2025-09-25T05:18:15.479+0000] {logging_mixin.py:190} INFO - [2025-09-25T05:18:15.478+0000] {dagbag.py:588} INFO - Filling up the DagBag from /home/airflow/.local/lib/python3.12/site-packages/airflow/example_dags/example_sensor_decorator.py
[2025-09-25T05:18:15.489+0000] {processor.py:925} INFO - DAG(s) 'example_sensor_decorator' retrieved from /home/airflow/.local/lib/python3.12/site-packages/airflow/example_dags/example_sensor_decorator.py
[2025-09-25T05:18:15.507+0000] {logging_mixin.py:190} INFO - [2025-09-25T05:18:15.506+0000] {dag.py:3239} INFO - Sync 1 DAGs
[2025-09-25T05:18:15.520+0000] {logging_mixin.py:190} INFO - [2025-09-25T05:18:15.520+0000] {dag.py:4180} INFO - Setting next_dagrun for example_sensor_decorator to None, run_after=None
[2025-09-25T05:18:15.538+0000] {processor.py:208} INFO - Processing /home/airflow/.local/lib/python3.12/site-packages/airflow/example_dags/example_sensor_decorator.py took 0.070 seconds
[2025-09-25T05:18:45.791+0000] {processor.py:186} INFO - Started process (PID=847) to work on /home/airflow/.local/lib/python3.12/site-packages/airflow/example_dags/example_sensor_decorator.py
[2025-09-25T05:18:45.792+0000] {processor.py:914} INFO - Processing file /home/airflow/.local/lib/python3.12/site-packages/airflow/example_dags/example_sensor_decorator.py for tasks to queue
[2025-09-25T05:18:45.794+0000] {logging_mixin.py:190} INFO - [2025-09-25T05:18:45.794+0000] {dagbag.py:588} INFO - Filling up the DagBag from /home/airflow/.local/lib/python3.12/site-packages/airflow/example_dags/example_sensor_decorator.py
[2025-09-25T05:18:45.803+0000] {processor.py:925} INFO - DAG(s) 'example_sensor_decorator' retrieved from /home/airflow/.local/lib/python3.12/site-packages/airflow/example_dags/example_sensor_decorator.py
[2025-09-25T05:18:45.820+0000] {logging_mixin.py:190} INFO - [2025-09-25T05:18:45.820+0000] {dag.py:3239} INFO - Sync 1 DAGs
[2025-09-25T05:18:45.831+0000] {logging_mixin.py:190} INFO - [2025-09-25T05:18:45.831+0000] {dag.py:4180} INFO - Setting next_dagrun for example_sensor_decorator to None, run_after=None
[2025-09-25T05:18:45.847+0000] {processor.py:208} INFO - Processing /home/airflow/.local/lib/python3.12/site-packages/airflow/example_dags/example_sensor_decorator.py took 0.061 seconds
[2025-09-25T05:19:15.999+0000] {processor.py:186} INFO - Started process (PID=912) to work on /home/airflow/.local/lib/python3.12/site-packages/airflow/example_dags/example_sensor_decorator.py
[2025-09-25T05:19:16.001+0000] {processor.py:914} INFO - Processing file /home/airflow/.local/lib/python3.12/site-packages/airflow/example_dags/example_sensor_decorator.py for tasks to queue
[2025-09-25T05:19:16.003+0000] {logging_mixin.py:190} INFO - [2025-09-25T05:19:16.003+0000] {dagbag.py:588} INFO - Filling up the DagBag from /home/airflow/.local/lib/python3.12/site-packages/airflow/example_dags/example_sensor_decorator.py
[2025-09-25T05:19:16.011+0000] {processor.py:925} INFO - DAG(s) 'example_sensor_decorator' retrieved from /home/airflow/.local/lib/python3.12/site-packages/airflow/example_dags/example_sensor_decorator.py
[2025-09-25T05:19:16.031+0000] {logging_mixin.py:190} INFO - [2025-09-25T05:19:16.031+0000] {dag.py:3239} INFO - Sync 1 DAGs
[2025-09-25T05:19:16.044+0000] {logging_mixin.py:190} INFO - [2025-09-25T05:19:16.043+0000] {dag.py:4180} INFO - Setting next_dagrun for example_sensor_decorator to None, run_after=None
[2025-09-25T05:19:16.064+0000] {processor.py:208} INFO - Processing /home/airflow/.local/lib/python3.12/site-packages/airflow/example_dags/example_sensor_decorator.py took 0.073 seconds
[2025-09-25T05:19:46.095+0000] {processor.py:186} INFO - Started process (PID=976) to work on /home/airflow/.local/lib/python3.12/site-packages/airflow/example_dags/example_sensor_decorator.py
[2025-09-25T05:19:46.097+0000] {processor.py:914} INFO - Processing file /home/airflow/.local/lib/python3.12/site-packages/airflow/example_dags/example_sensor_decorator.py for tasks to queue
[2025-09-25T05:19:46.099+0000] {logging_mixin.py:190} INFO - [2025-09-25T05:19:46.099+0000] {dagbag.py:588} INFO - Filling up the DagBag from /home/airflow/.local/lib/python3.12/site-packages/airflow/example_dags/example_sensor_decorator.py
[2025-09-25T05:19:46.106+0000] {processor.py:925} INFO - DAG(s) 'example_sensor_decorator' retrieved from /home/airflow/.local/lib/python3.12/site-packages/airflow/example_dags/example_sensor_decorator.py
[2025-09-25T05:19:46.125+0000] {logging_mixin.py:190} INFO - [2025-09-25T05:19:46.124+0000] {dag.py:3239} INFO - Sync 1 DAGs
[2025-09-25T05:19:46.137+0000] {logging_mixin.py:190} INFO - [2025-09-25T05:19:46.136+0000] {dag.py:4180} INFO - Setting next_dagrun for example_sensor_decorator to None, run_after=None
[2025-09-25T05:19:46.152+0000] {processor.py:208} INFO - Processing /home/airflow/.local/lib/python3.12/site-packages/airflow/example_dags/example_sensor_decorator.py took 0.062 seconds
[2025-09-25T05:25:40.266+0000] {processor.py:186} INFO - Started process (PID=69) to work on /home/airflow/.local/lib/python3.12/site-packages/airflow/example_dags/example_sensor_decorator.py
[2025-09-25T05:25:40.267+0000] {processor.py:914} INFO - Processing file /home/airflow/.local/lib/python3.12/site-packages/airflow/example_dags/example_sensor_decorator.py for tasks to queue
[2025-09-25T05:25:40.269+0000] {logging_mixin.py:190} INFO - [2025-09-25T05:25:40.269+0000] {dagbag.py:588} INFO - Filling up the DagBag from /home/airflow/.local/lib/python3.12/site-packages/airflow/example_dags/example_sensor_decorator.py
[2025-09-25T05:25:40.281+0000] {processor.py:925} INFO - DAG(s) 'example_sensor_decorator' retrieved from /home/airflow/.local/lib/python3.12/site-packages/airflow/example_dags/example_sensor_decorator.py
[2025-09-25T05:25:40.412+0000] {logging_mixin.py:190} INFO - [2025-09-25T05:25:40.412+0000] {dag.py:3239} INFO - Sync 1 DAGs
[2025-09-25T05:25:40.424+0000] {logging_mixin.py:190} INFO - [2025-09-25T05:25:40.423+0000] {dag.py:4180} INFO - Setting next_dagrun for example_sensor_decorator to None, run_after=None
[2025-09-25T05:25:40.439+0000] {processor.py:208} INFO - Processing /home/airflow/.local/lib/python3.12/site-packages/airflow/example_dags/example_sensor_decorator.py took 0.180 seconds
[2025-09-25T05:26:10.549+0000] {processor.py:186} INFO - Started process (PID=133) to work on /home/airflow/.local/lib/python3.12/site-packages/airflow/example_dags/example_sensor_decorator.py
[2025-09-25T05:26:10.550+0000] {processor.py:914} INFO - Processing file /home/airflow/.local/lib/python3.12/site-packages/airflow/example_dags/example_sensor_decorator.py for tasks to queue
[2025-09-25T05:26:10.553+0000] {logging_mixin.py:190} INFO - [2025-09-25T05:26:10.553+0000] {dagbag.py:588} INFO - Filling up the DagBag from /home/airflow/.local/lib/python3.12/site-packages/airflow/example_dags/example_sensor_decorator.py
[2025-09-25T05:26:10.561+0000] {processor.py:925} INFO - DAG(s) 'example_sensor_decorator' retrieved from /home/airflow/.local/lib/python3.12/site-packages/airflow/example_dags/example_sensor_decorator.py
[2025-09-25T05:26:10.582+0000] {logging_mixin.py:190} INFO - [2025-09-25T05:26:10.581+0000] {dag.py:3239} INFO - Sync 1 DAGs
[2025-09-25T05:26:10.595+0000] {logging_mixin.py:190} INFO - [2025-09-25T05:26:10.594+0000] {dag.py:4180} INFO - Setting next_dagrun for example_sensor_decorator to None, run_after=None
[2025-09-25T05:26:10.618+0000] {processor.py:208} INFO - Processing /home/airflow/.local/lib/python3.12/site-packages/airflow/example_dags/example_sensor_decorator.py took 0.076 seconds
[2025-09-25T05:26:41.279+0000] {processor.py:186} INFO - Started process (PID=198) to work on /home/airflow/.local/lib/python3.12/site-packages/airflow/example_dags/example_sensor_decorator.py
[2025-09-25T05:26:41.280+0000] {processor.py:914} INFO - Processing file /home/airflow/.local/lib/python3.12/site-packages/airflow/example_dags/example_sensor_decorator.py for tasks to queue
[2025-09-25T05:26:41.282+0000] {logging_mixin.py:190} INFO - [2025-09-25T05:26:41.281+0000] {dagbag.py:588} INFO - Filling up the DagBag from /home/airflow/.local/lib/python3.12/site-packages/airflow/example_dags/example_sensor_decorator.py
[2025-09-25T05:26:41.289+0000] {processor.py:925} INFO - DAG(s) 'example_sensor_decorator' retrieved from /home/airflow/.local/lib/python3.12/site-packages/airflow/example_dags/example_sensor_decorator.py
[2025-09-25T05:26:41.307+0000] {logging_mixin.py:190} INFO - [2025-09-25T05:26:41.306+0000] {dag.py:3239} INFO - Sync 1 DAGs
[2025-09-25T05:26:41.321+0000] {logging_mixin.py:190} INFO - [2025-09-25T05:26:41.321+0000] {dag.py:4180} INFO - Setting next_dagrun for example_sensor_decorator to None, run_after=None
[2025-09-25T05:26:41.338+0000] {processor.py:208} INFO - Processing /home/airflow/.local/lib/python3.12/site-packages/airflow/example_dags/example_sensor_decorator.py took 0.065 seconds
[2025-09-25T05:27:11.753+0000] {processor.py:186} INFO - Started process (PID=263) to work on /home/airflow/.local/lib/python3.12/site-packages/airflow/example_dags/example_sensor_decorator.py
[2025-09-25T05:27:11.755+0000] {processor.py:914} INFO - Processing file /home/airflow/.local/lib/python3.12/site-packages/airflow/example_dags/example_sensor_decorator.py for tasks to queue
[2025-09-25T05:27:11.757+0000] {logging_mixin.py:190} INFO - [2025-09-25T05:27:11.757+0000] {dagbag.py:588} INFO - Filling up the DagBag from /home/airflow/.local/lib/python3.12/site-packages/airflow/example_dags/example_sensor_decorator.py
[2025-09-25T05:27:11.764+0000] {processor.py:925} INFO - DAG(s) 'example_sensor_decorator' retrieved from /home/airflow/.local/lib/python3.12/site-packages/airflow/example_dags/example_sensor_decorator.py
[2025-09-25T05:27:11.780+0000] {logging_mixin.py:190} INFO - [2025-09-25T05:27:11.780+0000] {dag.py:3239} INFO - Sync 1 DAGs
[2025-09-25T05:27:11.792+0000] {logging_mixin.py:190} INFO - [2025-09-25T05:27:11.792+0000] {dag.py:4180} INFO - Setting next_dagrun for example_sensor_decorator to None, run_after=None
[2025-09-25T05:27:11.808+0000] {processor.py:208} INFO - Processing /home/airflow/.local/lib/python3.12/site-packages/airflow/example_dags/example_sensor_decorator.py took 0.062 seconds
[2025-09-25T05:27:41.877+0000] {processor.py:186} INFO - Started process (PID=327) to work on /home/airflow/.local/lib/python3.12/site-packages/airflow/example_dags/example_sensor_decorator.py
[2025-09-25T05:27:41.878+0000] {processor.py:914} INFO - Processing file /home/airflow/.local/lib/python3.12/site-packages/airflow/example_dags/example_sensor_decorator.py for tasks to queue
[2025-09-25T05:27:41.880+0000] {logging_mixin.py:190} INFO - [2025-09-25T05:27:41.880+0000] {dagbag.py:588} INFO - Filling up the DagBag from /home/airflow/.local/lib/python3.12/site-packages/airflow/example_dags/example_sensor_decorator.py
[2025-09-25T05:27:41.888+0000] {processor.py:925} INFO - DAG(s) 'example_sensor_decorator' retrieved from /home/airflow/.local/lib/python3.12/site-packages/airflow/example_dags/example_sensor_decorator.py
[2025-09-25T05:27:41.906+0000] {logging_mixin.py:190} INFO - [2025-09-25T05:27:41.906+0000] {dag.py:3239} INFO - Sync 1 DAGs
[2025-09-25T05:27:41.920+0000] {logging_mixin.py:190} INFO - [2025-09-25T05:27:41.920+0000] {dag.py:4180} INFO - Setting next_dagrun for example_sensor_decorator to None, run_after=None
[2025-09-25T05:27:41.935+0000] {processor.py:208} INFO - Processing /home/airflow/.local/lib/python3.12/site-packages/airflow/example_dags/example_sensor_decorator.py took 0.065 seconds
[2025-09-25T05:28:55.323+0000] {processor.py:186} INFO - Started process (PID=70) to work on /home/airflow/.local/lib/python3.12/site-packages/airflow/example_dags/example_sensor_decorator.py
[2025-09-25T05:28:55.324+0000] {processor.py:914} INFO - Processing file /home/airflow/.local/lib/python3.12/site-packages/airflow/example_dags/example_sensor_decorator.py for tasks to queue
[2025-09-25T05:28:55.326+0000] {logging_mixin.py:190} INFO - [2025-09-25T05:28:55.326+0000] {dagbag.py:588} INFO - Filling up the DagBag from /home/airflow/.local/lib/python3.12/site-packages/airflow/example_dags/example_sensor_decorator.py
[2025-09-25T05:28:55.335+0000] {processor.py:925} INFO - DAG(s) 'example_sensor_decorator' retrieved from /home/airflow/.local/lib/python3.12/site-packages/airflow/example_dags/example_sensor_decorator.py
[2025-09-25T05:28:55.368+0000] {logging_mixin.py:190} INFO - [2025-09-25T05:28:55.368+0000] {dag.py:3239} INFO - Sync 1 DAGs
[2025-09-25T05:28:55.380+0000] {logging_mixin.py:190} INFO - [2025-09-25T05:28:55.380+0000] {dag.py:4180} INFO - Setting next_dagrun for example_sensor_decorator to None, run_after=None
[2025-09-25T05:28:55.400+0000] {processor.py:208} INFO - Processing /home/airflow/.local/lib/python3.12/site-packages/airflow/example_dags/example_sensor_decorator.py took 0.084 seconds
[2025-09-25T05:29:26.558+0000] {processor.py:186} INFO - Started process (PID=135) to work on /home/airflow/.local/lib/python3.12/site-packages/airflow/example_dags/example_sensor_decorator.py
[2025-09-25T05:29:26.559+0000] {processor.py:914} INFO - Processing file /home/airflow/.local/lib/python3.12/site-packages/airflow/example_dags/example_sensor_decorator.py for tasks to queue
[2025-09-25T05:29:26.561+0000] {logging_mixin.py:190} INFO - [2025-09-25T05:29:26.560+0000] {dagbag.py:588} INFO - Filling up the DagBag from /home/airflow/.local/lib/python3.12/site-packages/airflow/example_dags/example_sensor_decorator.py
[2025-09-25T05:29:26.567+0000] {processor.py:925} INFO - DAG(s) 'example_sensor_decorator' retrieved from /home/airflow/.local/lib/python3.12/site-packages/airflow/example_dags/example_sensor_decorator.py
[2025-09-25T05:29:26.583+0000] {logging_mixin.py:190} INFO - [2025-09-25T05:29:26.582+0000] {dag.py:3239} INFO - Sync 1 DAGs
[2025-09-25T05:29:26.595+0000] {logging_mixin.py:190} INFO - [2025-09-25T05:29:26.595+0000] {dag.py:4180} INFO - Setting next_dagrun for example_sensor_decorator to None, run_after=None
[2025-09-25T05:29:26.610+0000] {processor.py:208} INFO - Processing /home/airflow/.local/lib/python3.12/site-packages/airflow/example_dags/example_sensor_decorator.py took 0.057 seconds
[2025-09-25T05:29:57.524+0000] {processor.py:186} INFO - Started process (PID=200) to work on /home/airflow/.local/lib/python3.12/site-packages/airflow/example_dags/example_sensor_decorator.py
[2025-09-25T05:29:57.525+0000] {processor.py:914} INFO - Processing file /home/airflow/.local/lib/python3.12/site-packages/airflow/example_dags/example_sensor_decorator.py for tasks to queue
[2025-09-25T05:29:57.527+0000] {logging_mixin.py:190} INFO - [2025-09-25T05:29:57.527+0000] {dagbag.py:588} INFO - Filling up the DagBag from /home/airflow/.local/lib/python3.12/site-packages/airflow/example_dags/example_sensor_decorator.py
[2025-09-25T05:29:57.537+0000] {processor.py:925} INFO - DAG(s) 'example_sensor_decorator' retrieved from /home/airflow/.local/lib/python3.12/site-packages/airflow/example_dags/example_sensor_decorator.py
[2025-09-25T05:29:57.558+0000] {logging_mixin.py:190} INFO - [2025-09-25T05:29:57.558+0000] {dag.py:3239} INFO - Sync 1 DAGs
[2025-09-25T05:29:57.574+0000] {logging_mixin.py:190} INFO - [2025-09-25T05:29:57.574+0000] {dag.py:4180} INFO - Setting next_dagrun for example_sensor_decorator to None, run_after=None
[2025-09-25T05:29:57.594+0000] {processor.py:208} INFO - Processing /home/airflow/.local/lib/python3.12/site-packages/airflow/example_dags/example_sensor_decorator.py took 0.075 seconds
[2025-09-25T05:30:28.899+0000] {processor.py:186} INFO - Started process (PID=265) to work on /home/airflow/.local/lib/python3.12/site-packages/airflow/example_dags/example_sensor_decorator.py
[2025-09-25T05:30:28.900+0000] {processor.py:914} INFO - Processing file /home/airflow/.local/lib/python3.12/site-packages/airflow/example_dags/example_sensor_decorator.py for tasks to queue
[2025-09-25T05:30:28.902+0000] {logging_mixin.py:190} INFO - [2025-09-25T05:30:28.902+0000] {dagbag.py:588} INFO - Filling up the DagBag from /home/airflow/.local/lib/python3.12/site-packages/airflow/example_dags/example_sensor_decorator.py
[2025-09-25T05:30:28.914+0000] {processor.py:925} INFO - DAG(s) 'example_sensor_decorator' retrieved from /home/airflow/.local/lib/python3.12/site-packages/airflow/example_dags/example_sensor_decorator.py
[2025-09-25T05:30:28.934+0000] {logging_mixin.py:190} INFO - [2025-09-25T05:30:28.934+0000] {dag.py:3239} INFO - Sync 1 DAGs
[2025-09-25T05:30:28.948+0000] {logging_mixin.py:190} INFO - [2025-09-25T05:30:28.948+0000] {dag.py:4180} INFO - Setting next_dagrun for example_sensor_decorator to None, run_after=None
[2025-09-25T05:30:28.967+0000] {processor.py:208} INFO - Processing /home/airflow/.local/lib/python3.12/site-packages/airflow/example_dags/example_sensor_decorator.py took 0.073 seconds
[2025-09-25T05:30:59.757+0000] {processor.py:186} INFO - Started process (PID=330) to work on /home/airflow/.local/lib/python3.12/site-packages/airflow/example_dags/example_sensor_decorator.py
[2025-09-25T05:30:59.758+0000] {processor.py:914} INFO - Processing file /home/airflow/.local/lib/python3.12/site-packages/airflow/example_dags/example_sensor_decorator.py for tasks to queue
[2025-09-25T05:30:59.760+0000] {logging_mixin.py:190} INFO - [2025-09-25T05:30:59.760+0000] {dagbag.py:588} INFO - Filling up the DagBag from /home/airflow/.local/lib/python3.12/site-packages/airflow/example_dags/example_sensor_decorator.py
[2025-09-25T05:30:59.767+0000] {processor.py:925} INFO - DAG(s) 'example_sensor_decorator' retrieved from /home/airflow/.local/lib/python3.12/site-packages/airflow/example_dags/example_sensor_decorator.py
[2025-09-25T05:30:59.783+0000] {logging_mixin.py:190} INFO - [2025-09-25T05:30:59.783+0000] {dag.py:3239} INFO - Sync 1 DAGs
[2025-09-25T05:30:59.795+0000] {logging_mixin.py:190} INFO - [2025-09-25T05:30:59.795+0000] {dag.py:4180} INFO - Setting next_dagrun for example_sensor_decorator to None, run_after=None
[2025-09-25T05:30:59.810+0000] {processor.py:208} INFO - Processing /home/airflow/.local/lib/python3.12/site-packages/airflow/example_dags/example_sensor_decorator.py took 0.059 seconds
[2025-09-25T05:31:30.795+0000] {processor.py:186} INFO - Started process (PID=395) to work on /home/airflow/.local/lib/python3.12/site-packages/airflow/example_dags/example_sensor_decorator.py
[2025-09-25T05:31:30.796+0000] {processor.py:914} INFO - Processing file /home/airflow/.local/lib/python3.12/site-packages/airflow/example_dags/example_sensor_decorator.py for tasks to queue
[2025-09-25T05:31:30.799+0000] {logging_mixin.py:190} INFO - [2025-09-25T05:31:30.798+0000] {dagbag.py:588} INFO - Filling up the DagBag from /home/airflow/.local/lib/python3.12/site-packages/airflow/example_dags/example_sensor_decorator.py
[2025-09-25T05:31:30.806+0000] {processor.py:925} INFO - DAG(s) 'example_sensor_decorator' retrieved from /home/airflow/.local/lib/python3.12/site-packages/airflow/example_dags/example_sensor_decorator.py
[2025-09-25T05:31:30.823+0000] {logging_mixin.py:190} INFO - [2025-09-25T05:31:30.823+0000] {dag.py:3239} INFO - Sync 1 DAGs
[2025-09-25T05:31:30.835+0000] {logging_mixin.py:190} INFO - [2025-09-25T05:31:30.835+0000] {dag.py:4180} INFO - Setting next_dagrun for example_sensor_decorator to None, run_after=None
[2025-09-25T05:31:30.851+0000] {processor.py:208} INFO - Processing /home/airflow/.local/lib/python3.12/site-packages/airflow/example_dags/example_sensor_decorator.py took 0.061 seconds
[2025-09-25T05:32:01.929+0000] {processor.py:186} INFO - Started process (PID=460) to work on /home/airflow/.local/lib/python3.12/site-packages/airflow/example_dags/example_sensor_decorator.py
[2025-09-25T05:32:01.930+0000] {processor.py:914} INFO - Processing file /home/airflow/.local/lib/python3.12/site-packages/airflow/example_dags/example_sensor_decorator.py for tasks to queue
[2025-09-25T05:32:01.932+0000] {logging_mixin.py:190} INFO - [2025-09-25T05:32:01.932+0000] {dagbag.py:588} INFO - Filling up the DagBag from /home/airflow/.local/lib/python3.12/site-packages/airflow/example_dags/example_sensor_decorator.py
[2025-09-25T05:32:01.940+0000] {processor.py:925} INFO - DAG(s) 'example_sensor_decorator' retrieved from /home/airflow/.local/lib/python3.12/site-packages/airflow/example_dags/example_sensor_decorator.py
[2025-09-25T05:32:01.957+0000] {logging_mixin.py:190} INFO - [2025-09-25T05:32:01.956+0000] {dag.py:3239} INFO - Sync 1 DAGs
[2025-09-25T05:32:01.969+0000] {logging_mixin.py:190} INFO - [2025-09-25T05:32:01.969+0000] {dag.py:4180} INFO - Setting next_dagrun for example_sensor_decorator to None, run_after=None
[2025-09-25T05:32:01.986+0000] {processor.py:208} INFO - Processing /home/airflow/.local/lib/python3.12/site-packages/airflow/example_dags/example_sensor_decorator.py took 0.063 seconds
[2025-09-25T05:32:33.407+0000] {processor.py:186} INFO - Started process (PID=525) to work on /home/airflow/.local/lib/python3.12/site-packages/airflow/example_dags/example_sensor_decorator.py
[2025-09-25T05:32:33.408+0000] {processor.py:914} INFO - Processing file /home/airflow/.local/lib/python3.12/site-packages/airflow/example_dags/example_sensor_decorator.py for tasks to queue
[2025-09-25T05:32:33.410+0000] {logging_mixin.py:190} INFO - [2025-09-25T05:32:33.410+0000] {dagbag.py:588} INFO - Filling up the DagBag from /home/airflow/.local/lib/python3.12/site-packages/airflow/example_dags/example_sensor_decorator.py
[2025-09-25T05:32:33.418+0000] {processor.py:925} INFO - DAG(s) 'example_sensor_decorator' retrieved from /home/airflow/.local/lib/python3.12/site-packages/airflow/example_dags/example_sensor_decorator.py
[2025-09-25T05:32:33.433+0000] {logging_mixin.py:190} INFO - [2025-09-25T05:32:33.433+0000] {dag.py:3239} INFO - Sync 1 DAGs
[2025-09-25T05:32:33.448+0000] {logging_mixin.py:190} INFO - [2025-09-25T05:32:33.447+0000] {dag.py:4180} INFO - Setting next_dagrun for example_sensor_decorator to None, run_after=None
[2025-09-25T05:32:33.470+0000] {processor.py:208} INFO - Processing /home/airflow/.local/lib/python3.12/site-packages/airflow/example_dags/example_sensor_decorator.py took 0.069 seconds
[2025-09-25T05:33:04.210+0000] {processor.py:186} INFO - Started process (PID=590) to work on /home/airflow/.local/lib/python3.12/site-packages/airflow/example_dags/example_sensor_decorator.py
[2025-09-25T05:33:04.211+0000] {processor.py:914} INFO - Processing file /home/airflow/.local/lib/python3.12/site-packages/airflow/example_dags/example_sensor_decorator.py for tasks to queue
[2025-09-25T05:33:04.214+0000] {logging_mixin.py:190} INFO - [2025-09-25T05:33:04.214+0000] {dagbag.py:588} INFO - Filling up the DagBag from /home/airflow/.local/lib/python3.12/site-packages/airflow/example_dags/example_sensor_decorator.py
[2025-09-25T05:33:04.221+0000] {processor.py:925} INFO - DAG(s) 'example_sensor_decorator' retrieved from /home/airflow/.local/lib/python3.12/site-packages/airflow/example_dags/example_sensor_decorator.py
[2025-09-25T05:33:04.237+0000] {logging_mixin.py:190} INFO - [2025-09-25T05:33:04.237+0000] {dag.py:3239} INFO - Sync 1 DAGs
[2025-09-25T05:33:04.249+0000] {logging_mixin.py:190} INFO - [2025-09-25T05:33:04.249+0000] {dag.py:4180} INFO - Setting next_dagrun for example_sensor_decorator to None, run_after=None
[2025-09-25T05:33:04.263+0000] {processor.py:208} INFO - Processing /home/airflow/.local/lib/python3.12/site-packages/airflow/example_dags/example_sensor_decorator.py took 0.058 seconds
[2025-09-25T05:33:35.279+0000] {processor.py:186} INFO - Started process (PID=655) to work on /home/airflow/.local/lib/python3.12/site-packages/airflow/example_dags/example_sensor_decorator.py
[2025-09-25T05:33:35.280+0000] {processor.py:914} INFO - Processing file /home/airflow/.local/lib/python3.12/site-packages/airflow/example_dags/example_sensor_decorator.py for tasks to queue
[2025-09-25T05:33:35.282+0000] {logging_mixin.py:190} INFO - [2025-09-25T05:33:35.281+0000] {dagbag.py:588} INFO - Filling up the DagBag from /home/airflow/.local/lib/python3.12/site-packages/airflow/example_dags/example_sensor_decorator.py
[2025-09-25T05:33:35.289+0000] {processor.py:925} INFO - DAG(s) 'example_sensor_decorator' retrieved from /home/airflow/.local/lib/python3.12/site-packages/airflow/example_dags/example_sensor_decorator.py
[2025-09-25T05:33:35.310+0000] {logging_mixin.py:190} INFO - [2025-09-25T05:33:35.310+0000] {dag.py:3239} INFO - Sync 1 DAGs
[2025-09-25T05:33:35.322+0000] {logging_mixin.py:190} INFO - [2025-09-25T05:33:35.322+0000] {dag.py:4180} INFO - Setting next_dagrun for example_sensor_decorator to None, run_after=None
[2025-09-25T05:33:35.337+0000] {processor.py:208} INFO - Processing /home/airflow/.local/lib/python3.12/site-packages/airflow/example_dags/example_sensor_decorator.py took 0.064 seconds
[2025-09-25T05:34:06.360+0000] {processor.py:186} INFO - Started process (PID=720) to work on /home/airflow/.local/lib/python3.12/site-packages/airflow/example_dags/example_sensor_decorator.py
[2025-09-25T05:34:06.361+0000] {processor.py:914} INFO - Processing file /home/airflow/.local/lib/python3.12/site-packages/airflow/example_dags/example_sensor_decorator.py for tasks to queue
[2025-09-25T05:34:06.363+0000] {logging_mixin.py:190} INFO - [2025-09-25T05:34:06.363+0000] {dagbag.py:588} INFO - Filling up the DagBag from /home/airflow/.local/lib/python3.12/site-packages/airflow/example_dags/example_sensor_decorator.py
[2025-09-25T05:34:06.370+0000] {processor.py:925} INFO - DAG(s) 'example_sensor_decorator' retrieved from /home/airflow/.local/lib/python3.12/site-packages/airflow/example_dags/example_sensor_decorator.py
[2025-09-25T05:34:06.387+0000] {logging_mixin.py:190} INFO - [2025-09-25T05:34:06.386+0000] {dag.py:3239} INFO - Sync 1 DAGs
[2025-09-25T05:34:06.398+0000] {logging_mixin.py:190} INFO - [2025-09-25T05:34:06.398+0000] {dag.py:4180} INFO - Setting next_dagrun for example_sensor_decorator to None, run_after=None
[2025-09-25T05:34:06.413+0000] {processor.py:208} INFO - Processing /home/airflow/.local/lib/python3.12/site-packages/airflow/example_dags/example_sensor_decorator.py took 0.058 seconds
[2025-09-25T05:34:37.662+0000] {processor.py:186} INFO - Started process (PID=785) to work on /home/airflow/.local/lib/python3.12/site-packages/airflow/example_dags/example_sensor_decorator.py
[2025-09-25T05:34:37.663+0000] {processor.py:914} INFO - Processing file /home/airflow/.local/lib/python3.12/site-packages/airflow/example_dags/example_sensor_decorator.py for tasks to queue
[2025-09-25T05:34:37.665+0000] {logging_mixin.py:190} INFO - [2025-09-25T05:34:37.665+0000] {dagbag.py:588} INFO - Filling up the DagBag from /home/airflow/.local/lib/python3.12/site-packages/airflow/example_dags/example_sensor_decorator.py
[2025-09-25T05:34:37.674+0000] {processor.py:925} INFO - DAG(s) 'example_sensor_decorator' retrieved from /home/airflow/.local/lib/python3.12/site-packages/airflow/example_dags/example_sensor_decorator.py
[2025-09-25T05:34:37.691+0000] {logging_mixin.py:190} INFO - [2025-09-25T05:34:37.690+0000] {dag.py:3239} INFO - Sync 1 DAGs
[2025-09-25T05:34:37.703+0000] {logging_mixin.py:190} INFO - [2025-09-25T05:34:37.702+0000] {dag.py:4180} INFO - Setting next_dagrun for example_sensor_decorator to None, run_after=None
[2025-09-25T05:34:37.718+0000] {processor.py:208} INFO - Processing /home/airflow/.local/lib/python3.12/site-packages/airflow/example_dags/example_sensor_decorator.py took 0.063 seconds
[2025-09-25T05:35:08.946+0000] {processor.py:186} INFO - Started process (PID=850) to work on /home/airflow/.local/lib/python3.12/site-packages/airflow/example_dags/example_sensor_decorator.py
[2025-09-25T05:35:08.947+0000] {processor.py:914} INFO - Processing file /home/airflow/.local/lib/python3.12/site-packages/airflow/example_dags/example_sensor_decorator.py for tasks to queue
[2025-09-25T05:35:08.949+0000] {logging_mixin.py:190} INFO - [2025-09-25T05:35:08.949+0000] {dagbag.py:588} INFO - Filling up the DagBag from /home/airflow/.local/lib/python3.12/site-packages/airflow/example_dags/example_sensor_decorator.py
[2025-09-25T05:35:08.957+0000] {processor.py:925} INFO - DAG(s) 'example_sensor_decorator' retrieved from /home/airflow/.local/lib/python3.12/site-packages/airflow/example_dags/example_sensor_decorator.py
[2025-09-25T05:35:08.973+0000] {logging_mixin.py:190} INFO - [2025-09-25T05:35:08.973+0000] {dag.py:3239} INFO - Sync 1 DAGs
[2025-09-25T05:35:08.984+0000] {logging_mixin.py:190} INFO - [2025-09-25T05:35:08.984+0000] {dag.py:4180} INFO - Setting next_dagrun for example_sensor_decorator to None, run_after=None
[2025-09-25T05:35:09.000+0000] {processor.py:208} INFO - Processing /home/airflow/.local/lib/python3.12/site-packages/airflow/example_dags/example_sensor_decorator.py took 0.059 seconds
[2025-09-25T05:35:40.246+0000] {processor.py:186} INFO - Started process (PID=915) to work on /home/airflow/.local/lib/python3.12/site-packages/airflow/example_dags/example_sensor_decorator.py
[2025-09-25T05:35:40.247+0000] {processor.py:914} INFO - Processing file /home/airflow/.local/lib/python3.12/site-packages/airflow/example_dags/example_sensor_decorator.py for tasks to queue
[2025-09-25T05:35:40.249+0000] {logging_mixin.py:190} INFO - [2025-09-25T05:35:40.249+0000] {dagbag.py:588} INFO - Filling up the DagBag from /home/airflow/.local/lib/python3.12/site-packages/airflow/example_dags/example_sensor_decorator.py
[2025-09-25T05:35:40.257+0000] {processor.py:925} INFO - DAG(s) 'example_sensor_decorator' retrieved from /home/airflow/.local/lib/python3.12/site-packages/airflow/example_dags/example_sensor_decorator.py
[2025-09-25T05:35:40.273+0000] {logging_mixin.py:190} INFO - [2025-09-25T05:35:40.273+0000] {dag.py:3239} INFO - Sync 1 DAGs
[2025-09-25T05:35:40.286+0000] {logging_mixin.py:190} INFO - [2025-09-25T05:35:40.285+0000] {dag.py:4180} INFO - Setting next_dagrun for example_sensor_decorator to None, run_after=None
[2025-09-25T05:35:40.300+0000] {processor.py:208} INFO - Processing /home/airflow/.local/lib/python3.12/site-packages/airflow/example_dags/example_sensor_decorator.py took 0.061 seconds
[2025-09-25T05:36:11.667+0000] {processor.py:186} INFO - Started process (PID=980) to work on /home/airflow/.local/lib/python3.12/site-packages/airflow/example_dags/example_sensor_decorator.py
[2025-09-25T05:36:11.669+0000] {processor.py:914} INFO - Processing file /home/airflow/.local/lib/python3.12/site-packages/airflow/example_dags/example_sensor_decorator.py for tasks to queue
[2025-09-25T05:36:11.671+0000] {logging_mixin.py:190} INFO - [2025-09-25T05:36:11.671+0000] {dagbag.py:588} INFO - Filling up the DagBag from /home/airflow/.local/lib/python3.12/site-packages/airflow/example_dags/example_sensor_decorator.py
[2025-09-25T05:36:11.679+0000] {processor.py:925} INFO - DAG(s) 'example_sensor_decorator' retrieved from /home/airflow/.local/lib/python3.12/site-packages/airflow/example_dags/example_sensor_decorator.py
[2025-09-25T05:36:11.697+0000] {logging_mixin.py:190} INFO - [2025-09-25T05:36:11.697+0000] {dag.py:3239} INFO - Sync 1 DAGs
[2025-09-25T05:36:11.710+0000] {logging_mixin.py:190} INFO - [2025-09-25T05:36:11.709+0000] {dag.py:4180} INFO - Setting next_dagrun for example_sensor_decorator to None, run_after=None
[2025-09-25T05:36:11.727+0000] {processor.py:208} INFO - Processing /home/airflow/.local/lib/python3.12/site-packages/airflow/example_dags/example_sensor_decorator.py took 0.066 seconds
[2025-09-25T05:36:42.967+0000] {processor.py:186} INFO - Started process (PID=1045) to work on /home/airflow/.local/lib/python3.12/site-packages/airflow/example_dags/example_sensor_decorator.py
[2025-09-25T05:36:42.968+0000] {processor.py:914} INFO - Processing file /home/airflow/.local/lib/python3.12/site-packages/airflow/example_dags/example_sensor_decorator.py for tasks to queue
[2025-09-25T05:36:42.970+0000] {logging_mixin.py:190} INFO - [2025-09-25T05:36:42.970+0000] {dagbag.py:588} INFO - Filling up the DagBag from /home/airflow/.local/lib/python3.12/site-packages/airflow/example_dags/example_sensor_decorator.py
[2025-09-25T05:36:42.977+0000] {processor.py:925} INFO - DAG(s) 'example_sensor_decorator' retrieved from /home/airflow/.local/lib/python3.12/site-packages/airflow/example_dags/example_sensor_decorator.py
[2025-09-25T05:36:42.993+0000] {logging_mixin.py:190} INFO - [2025-09-25T05:36:42.992+0000] {dag.py:3239} INFO - Sync 1 DAGs
[2025-09-25T05:36:43.003+0000] {logging_mixin.py:190} INFO - [2025-09-25T05:36:43.003+0000] {dag.py:4180} INFO - Setting next_dagrun for example_sensor_decorator to None, run_after=None
[2025-09-25T05:36:43.017+0000] {processor.py:208} INFO - Processing /home/airflow/.local/lib/python3.12/site-packages/airflow/example_dags/example_sensor_decorator.py took 0.056 seconds
[2025-09-25T05:37:13.686+0000] {processor.py:186} INFO - Started process (PID=1110) to work on /home/airflow/.local/lib/python3.12/site-packages/airflow/example_dags/example_sensor_decorator.py
[2025-09-25T05:37:13.687+0000] {processor.py:914} INFO - Processing file /home/airflow/.local/lib/python3.12/site-packages/airflow/example_dags/example_sensor_decorator.py for tasks to queue
[2025-09-25T05:37:13.689+0000] {logging_mixin.py:190} INFO - [2025-09-25T05:37:13.689+0000] {dagbag.py:588} INFO - Filling up the DagBag from /home/airflow/.local/lib/python3.12/site-packages/airflow/example_dags/example_sensor_decorator.py
[2025-09-25T05:37:13.697+0000] {processor.py:925} INFO - DAG(s) 'example_sensor_decorator' retrieved from /home/airflow/.local/lib/python3.12/site-packages/airflow/example_dags/example_sensor_decorator.py
[2025-09-25T05:37:13.713+0000] {logging_mixin.py:190} INFO - [2025-09-25T05:37:13.713+0000] {dag.py:3239} INFO - Sync 1 DAGs
[2025-09-25T05:37:13.725+0000] {logging_mixin.py:190} INFO - [2025-09-25T05:37:13.725+0000] {dag.py:4180} INFO - Setting next_dagrun for example_sensor_decorator to None, run_after=None
[2025-09-25T05:37:13.741+0000] {processor.py:208} INFO - Processing /home/airflow/.local/lib/python3.12/site-packages/airflow/example_dags/example_sensor_decorator.py took 0.060 seconds
[2025-09-25T05:37:45.033+0000] {processor.py:186} INFO - Started process (PID=1175) to work on /home/airflow/.local/lib/python3.12/site-packages/airflow/example_dags/example_sensor_decorator.py
[2025-09-25T05:37:45.034+0000] {processor.py:914} INFO - Processing file /home/airflow/.local/lib/python3.12/site-packages/airflow/example_dags/example_sensor_decorator.py for tasks to queue
[2025-09-25T05:37:45.037+0000] {logging_mixin.py:190} INFO - [2025-09-25T05:37:45.036+0000] {dagbag.py:588} INFO - Filling up the DagBag from /home/airflow/.local/lib/python3.12/site-packages/airflow/example_dags/example_sensor_decorator.py
[2025-09-25T05:37:45.045+0000] {processor.py:925} INFO - DAG(s) 'example_sensor_decorator' retrieved from /home/airflow/.local/lib/python3.12/site-packages/airflow/example_dags/example_sensor_decorator.py
[2025-09-25T05:37:45.061+0000] {logging_mixin.py:190} INFO - [2025-09-25T05:37:45.061+0000] {dag.py:3239} INFO - Sync 1 DAGs
[2025-09-25T05:37:45.075+0000] {logging_mixin.py:190} INFO - [2025-09-25T05:37:45.075+0000] {dag.py:4180} INFO - Setting next_dagrun for example_sensor_decorator to None, run_after=None
[2025-09-25T05:37:45.090+0000] {processor.py:208} INFO - Processing /home/airflow/.local/lib/python3.12/site-packages/airflow/example_dags/example_sensor_decorator.py took 0.063 seconds
[2025-09-25T05:38:16.370+0000] {processor.py:186} INFO - Started process (PID=1240) to work on /home/airflow/.local/lib/python3.12/site-packages/airflow/example_dags/example_sensor_decorator.py
[2025-09-25T05:38:16.371+0000] {processor.py:914} INFO - Processing file /home/airflow/.local/lib/python3.12/site-packages/airflow/example_dags/example_sensor_decorator.py for tasks to queue
[2025-09-25T05:38:16.373+0000] {logging_mixin.py:190} INFO - [2025-09-25T05:38:16.373+0000] {dagbag.py:588} INFO - Filling up the DagBag from /home/airflow/.local/lib/python3.12/site-packages/airflow/example_dags/example_sensor_decorator.py
[2025-09-25T05:38:16.380+0000] {processor.py:925} INFO - DAG(s) 'example_sensor_decorator' retrieved from /home/airflow/.local/lib/python3.12/site-packages/airflow/example_dags/example_sensor_decorator.py
[2025-09-25T05:38:16.395+0000] {logging_mixin.py:190} INFO - [2025-09-25T05:38:16.395+0000] {dag.py:3239} INFO - Sync 1 DAGs
[2025-09-25T05:38:16.406+0000] {logging_mixin.py:190} INFO - [2025-09-25T05:38:16.406+0000] {dag.py:4180} INFO - Setting next_dagrun for example_sensor_decorator to None, run_after=None
[2025-09-25T05:38:16.420+0000] {processor.py:208} INFO - Processing /home/airflow/.local/lib/python3.12/site-packages/airflow/example_dags/example_sensor_decorator.py took 0.055 seconds
[2025-09-25T05:38:47.620+0000] {processor.py:186} INFO - Started process (PID=1305) to work on /home/airflow/.local/lib/python3.12/site-packages/airflow/example_dags/example_sensor_decorator.py
[2025-09-25T05:38:47.621+0000] {processor.py:914} INFO - Processing file /home/airflow/.local/lib/python3.12/site-packages/airflow/example_dags/example_sensor_decorator.py for tasks to queue
[2025-09-25T05:38:47.623+0000] {logging_mixin.py:190} INFO - [2025-09-25T05:38:47.622+0000] {dagbag.py:588} INFO - Filling up the DagBag from /home/airflow/.local/lib/python3.12/site-packages/airflow/example_dags/example_sensor_decorator.py
[2025-09-25T05:38:47.630+0000] {processor.py:925} INFO - DAG(s) 'example_sensor_decorator' retrieved from /home/airflow/.local/lib/python3.12/site-packages/airflow/example_dags/example_sensor_decorator.py
[2025-09-25T05:38:47.647+0000] {logging_mixin.py:190} INFO - [2025-09-25T05:38:47.646+0000] {dag.py:3239} INFO - Sync 1 DAGs
[2025-09-25T05:38:47.658+0000] {logging_mixin.py:190} INFO - [2025-09-25T05:38:47.658+0000] {dag.py:4180} INFO - Setting next_dagrun for example_sensor_decorator to None, run_after=None
[2025-09-25T05:38:47.674+0000] {processor.py:208} INFO - Processing /home/airflow/.local/lib/python3.12/site-packages/airflow/example_dags/example_sensor_decorator.py took 0.060 seconds
[2025-09-25T05:39:19.303+0000] {processor.py:186} INFO - Started process (PID=1376) to work on /home/airflow/.local/lib/python3.12/site-packages/airflow/example_dags/example_sensor_decorator.py
[2025-09-25T05:39:19.304+0000] {processor.py:914} INFO - Processing file /home/airflow/.local/lib/python3.12/site-packages/airflow/example_dags/example_sensor_decorator.py for tasks to queue
[2025-09-25T05:39:19.306+0000] {logging_mixin.py:190} INFO - [2025-09-25T05:39:19.306+0000] {dagbag.py:588} INFO - Filling up the DagBag from /home/airflow/.local/lib/python3.12/site-packages/airflow/example_dags/example_sensor_decorator.py
[2025-09-25T05:39:19.315+0000] {processor.py:925} INFO - DAG(s) 'example_sensor_decorator' retrieved from /home/airflow/.local/lib/python3.12/site-packages/airflow/example_dags/example_sensor_decorator.py
[2025-09-25T05:39:19.330+0000] {logging_mixin.py:190} INFO - [2025-09-25T05:39:19.330+0000] {dag.py:3239} INFO - Sync 1 DAGs
[2025-09-25T05:39:19.344+0000] {logging_mixin.py:190} INFO - [2025-09-25T05:39:19.344+0000] {dag.py:4180} INFO - Setting next_dagrun for example_sensor_decorator to None, run_after=None
[2025-09-25T05:39:19.360+0000] {processor.py:208} INFO - Processing /home/airflow/.local/lib/python3.12/site-packages/airflow/example_dags/example_sensor_decorator.py took 0.062 seconds
[2025-09-25T05:39:50.717+0000] {processor.py:186} INFO - Started process (PID=1441) to work on /home/airflow/.local/lib/python3.12/site-packages/airflow/example_dags/example_sensor_decorator.py
[2025-09-25T05:39:50.718+0000] {processor.py:914} INFO - Processing file /home/airflow/.local/lib/python3.12/site-packages/airflow/example_dags/example_sensor_decorator.py for tasks to queue
[2025-09-25T05:39:50.720+0000] {logging_mixin.py:190} INFO - [2025-09-25T05:39:50.720+0000] {dagbag.py:588} INFO - Filling up the DagBag from /home/airflow/.local/lib/python3.12/site-packages/airflow/example_dags/example_sensor_decorator.py
[2025-09-25T05:39:50.728+0000] {processor.py:925} INFO - DAG(s) 'example_sensor_decorator' retrieved from /home/airflow/.local/lib/python3.12/site-packages/airflow/example_dags/example_sensor_decorator.py
[2025-09-25T05:39:50.745+0000] {logging_mixin.py:190} INFO - [2025-09-25T05:39:50.744+0000] {dag.py:3239} INFO - Sync 1 DAGs
[2025-09-25T05:39:50.761+0000] {logging_mixin.py:190} INFO - [2025-09-25T05:39:50.760+0000] {dag.py:4180} INFO - Setting next_dagrun for example_sensor_decorator to None, run_after=None
[2025-09-25T05:39:50.778+0000] {processor.py:208} INFO - Processing /home/airflow/.local/lib/python3.12/site-packages/airflow/example_dags/example_sensor_decorator.py took 0.067 seconds
[2025-09-25T05:40:21.804+0000] {processor.py:186} INFO - Started process (PID=1506) to work on /home/airflow/.local/lib/python3.12/site-packages/airflow/example_dags/example_sensor_decorator.py
[2025-09-25T05:40:21.805+0000] {processor.py:914} INFO - Processing file /home/airflow/.local/lib/python3.12/site-packages/airflow/example_dags/example_sensor_decorator.py for tasks to queue
[2025-09-25T05:40:21.807+0000] {logging_mixin.py:190} INFO - [2025-09-25T05:40:21.807+0000] {dagbag.py:588} INFO - Filling up the DagBag from /home/airflow/.local/lib/python3.12/site-packages/airflow/example_dags/example_sensor_decorator.py
[2025-09-25T05:40:21.815+0000] {processor.py:925} INFO - DAG(s) 'example_sensor_decorator' retrieved from /home/airflow/.local/lib/python3.12/site-packages/airflow/example_dags/example_sensor_decorator.py
[2025-09-25T05:40:21.830+0000] {logging_mixin.py:190} INFO - [2025-09-25T05:40:21.830+0000] {dag.py:3239} INFO - Sync 1 DAGs
[2025-09-25T05:40:21.842+0000] {logging_mixin.py:190} INFO - [2025-09-25T05:40:21.842+0000] {dag.py:4180} INFO - Setting next_dagrun for example_sensor_decorator to None, run_after=None
[2025-09-25T05:40:21.857+0000] {processor.py:208} INFO - Processing /home/airflow/.local/lib/python3.12/site-packages/airflow/example_dags/example_sensor_decorator.py took 0.058 seconds
[2025-09-25T05:40:53.129+0000] {processor.py:186} INFO - Started process (PID=1571) to work on /home/airflow/.local/lib/python3.12/site-packages/airflow/example_dags/example_sensor_decorator.py
[2025-09-25T05:40:53.130+0000] {processor.py:914} INFO - Processing file /home/airflow/.local/lib/python3.12/site-packages/airflow/example_dags/example_sensor_decorator.py for tasks to queue
[2025-09-25T05:40:53.132+0000] {logging_mixin.py:190} INFO - [2025-09-25T05:40:53.132+0000] {dagbag.py:588} INFO - Filling up the DagBag from /home/airflow/.local/lib/python3.12/site-packages/airflow/example_dags/example_sensor_decorator.py
[2025-09-25T05:40:53.140+0000] {processor.py:925} INFO - DAG(s) 'example_sensor_decorator' retrieved from /home/airflow/.local/lib/python3.12/site-packages/airflow/example_dags/example_sensor_decorator.py
[2025-09-25T05:40:53.154+0000] {logging_mixin.py:190} INFO - [2025-09-25T05:40:53.154+0000] {dag.py:3239} INFO - Sync 1 DAGs
[2025-09-25T05:40:53.166+0000] {logging_mixin.py:190} INFO - [2025-09-25T05:40:53.165+0000] {dag.py:4180} INFO - Setting next_dagrun for example_sensor_decorator to None, run_after=None
[2025-09-25T05:40:53.180+0000] {processor.py:208} INFO - Processing /home/airflow/.local/lib/python3.12/site-packages/airflow/example_dags/example_sensor_decorator.py took 0.056 seconds
[2025-09-25T05:41:24.369+0000] {processor.py:186} INFO - Started process (PID=1636) to work on /home/airflow/.local/lib/python3.12/site-packages/airflow/example_dags/example_sensor_decorator.py
[2025-09-25T05:41:24.370+0000] {processor.py:914} INFO - Processing file /home/airflow/.local/lib/python3.12/site-packages/airflow/example_dags/example_sensor_decorator.py for tasks to queue
[2025-09-25T05:41:24.372+0000] {logging_mixin.py:190} INFO - [2025-09-25T05:41:24.371+0000] {dagbag.py:588} INFO - Filling up the DagBag from /home/airflow/.local/lib/python3.12/site-packages/airflow/example_dags/example_sensor_decorator.py
[2025-09-25T05:41:24.379+0000] {processor.py:925} INFO - DAG(s) 'example_sensor_decorator' retrieved from /home/airflow/.local/lib/python3.12/site-packages/airflow/example_dags/example_sensor_decorator.py
[2025-09-25T05:41:24.395+0000] {logging_mixin.py:190} INFO - [2025-09-25T05:41:24.395+0000] {dag.py:3239} INFO - Sync 1 DAGs
[2025-09-25T05:41:24.406+0000] {logging_mixin.py:190} INFO - [2025-09-25T05:41:24.406+0000] {dag.py:4180} INFO - Setting next_dagrun for example_sensor_decorator to None, run_after=None
[2025-09-25T05:41:24.421+0000] {processor.py:208} INFO - Processing /home/airflow/.local/lib/python3.12/site-packages/airflow/example_dags/example_sensor_decorator.py took 0.058 seconds
[2025-09-25T05:41:55.865+0000] {processor.py:186} INFO - Started process (PID=1701) to work on /home/airflow/.local/lib/python3.12/site-packages/airflow/example_dags/example_sensor_decorator.py
[2025-09-25T05:41:55.866+0000] {processor.py:914} INFO - Processing file /home/airflow/.local/lib/python3.12/site-packages/airflow/example_dags/example_sensor_decorator.py for tasks to queue
[2025-09-25T05:41:55.868+0000] {logging_mixin.py:190} INFO - [2025-09-25T05:41:55.867+0000] {dagbag.py:588} INFO - Filling up the DagBag from /home/airflow/.local/lib/python3.12/site-packages/airflow/example_dags/example_sensor_decorator.py
[2025-09-25T05:41:55.875+0000] {processor.py:925} INFO - DAG(s) 'example_sensor_decorator' retrieved from /home/airflow/.local/lib/python3.12/site-packages/airflow/example_dags/example_sensor_decorator.py
[2025-09-25T05:41:55.891+0000] {logging_mixin.py:190} INFO - [2025-09-25T05:41:55.891+0000] {dag.py:3239} INFO - Sync 1 DAGs
[2025-09-25T05:41:55.904+0000] {logging_mixin.py:190} INFO - [2025-09-25T05:41:55.903+0000] {dag.py:4180} INFO - Setting next_dagrun for example_sensor_decorator to None, run_after=None
[2025-09-25T05:41:55.918+0000] {processor.py:208} INFO - Processing /home/airflow/.local/lib/python3.12/site-packages/airflow/example_dags/example_sensor_decorator.py took 0.059 seconds
[2025-09-25T05:42:26.557+0000] {processor.py:186} INFO - Started process (PID=1766) to work on /home/airflow/.local/lib/python3.12/site-packages/airflow/example_dags/example_sensor_decorator.py
[2025-09-25T05:42:26.558+0000] {processor.py:914} INFO - Processing file /home/airflow/.local/lib/python3.12/site-packages/airflow/example_dags/example_sensor_decorator.py for tasks to queue
[2025-09-25T05:42:26.560+0000] {logging_mixin.py:190} INFO - [2025-09-25T05:42:26.560+0000] {dagbag.py:588} INFO - Filling up the DagBag from /home/airflow/.local/lib/python3.12/site-packages/airflow/example_dags/example_sensor_decorator.py
[2025-09-25T05:42:26.568+0000] {processor.py:925} INFO - DAG(s) 'example_sensor_decorator' retrieved from /home/airflow/.local/lib/python3.12/site-packages/airflow/example_dags/example_sensor_decorator.py
[2025-09-25T05:42:26.585+0000] {logging_mixin.py:190} INFO - [2025-09-25T05:42:26.584+0000] {dag.py:3239} INFO - Sync 1 DAGs
[2025-09-25T05:42:26.602+0000] {logging_mixin.py:190} INFO - [2025-09-25T05:42:26.602+0000] {dag.py:4180} INFO - Setting next_dagrun for example_sensor_decorator to None, run_after=None
[2025-09-25T05:42:26.627+0000] {processor.py:208} INFO - Processing /home/airflow/.local/lib/python3.12/site-packages/airflow/example_dags/example_sensor_decorator.py took 0.075 seconds
[2025-09-25T05:42:57.197+0000] {processor.py:186} INFO - Started process (PID=1830) to work on /home/airflow/.local/lib/python3.12/site-packages/airflow/example_dags/example_sensor_decorator.py
[2025-09-25T05:42:57.198+0000] {processor.py:914} INFO - Processing file /home/airflow/.local/lib/python3.12/site-packages/airflow/example_dags/example_sensor_decorator.py for tasks to queue
[2025-09-25T05:42:57.200+0000] {logging_mixin.py:190} INFO - [2025-09-25T05:42:57.200+0000] {dagbag.py:588} INFO - Filling up the DagBag from /home/airflow/.local/lib/python3.12/site-packages/airflow/example_dags/example_sensor_decorator.py
[2025-09-25T05:42:57.207+0000] {processor.py:925} INFO - DAG(s) 'example_sensor_decorator' retrieved from /home/airflow/.local/lib/python3.12/site-packages/airflow/example_dags/example_sensor_decorator.py
[2025-09-25T05:42:57.222+0000] {logging_mixin.py:190} INFO - [2025-09-25T05:42:57.222+0000] {dag.py:3239} INFO - Sync 1 DAGs
[2025-09-25T05:42:57.234+0000] {logging_mixin.py:190} INFO - [2025-09-25T05:42:57.233+0000] {dag.py:4180} INFO - Setting next_dagrun for example_sensor_decorator to None, run_after=None
[2025-09-25T05:42:57.248+0000] {processor.py:208} INFO - Processing /home/airflow/.local/lib/python3.12/site-packages/airflow/example_dags/example_sensor_decorator.py took 0.056 seconds
[2025-09-25T05:43:27.320+0000] {processor.py:186} INFO - Started process (PID=1894) to work on /home/airflow/.local/lib/python3.12/site-packages/airflow/example_dags/example_sensor_decorator.py
[2025-09-25T05:43:27.321+0000] {processor.py:914} INFO - Processing file /home/airflow/.local/lib/python3.12/site-packages/airflow/example_dags/example_sensor_decorator.py for tasks to queue
[2025-09-25T05:43:27.323+0000] {logging_mixin.py:190} INFO - [2025-09-25T05:43:27.323+0000] {dagbag.py:588} INFO - Filling up the DagBag from /home/airflow/.local/lib/python3.12/site-packages/airflow/example_dags/example_sensor_decorator.py
[2025-09-25T05:43:27.330+0000] {processor.py:925} INFO - DAG(s) 'example_sensor_decorator' retrieved from /home/airflow/.local/lib/python3.12/site-packages/airflow/example_dags/example_sensor_decorator.py
[2025-09-25T05:43:27.345+0000] {logging_mixin.py:190} INFO - [2025-09-25T05:43:27.345+0000] {dag.py:3239} INFO - Sync 1 DAGs
[2025-09-25T05:43:27.356+0000] {logging_mixin.py:190} INFO - [2025-09-25T05:43:27.356+0000] {dag.py:4180} INFO - Setting next_dagrun for example_sensor_decorator to None, run_after=None
[2025-09-25T05:43:27.371+0000] {processor.py:208} INFO - Processing /home/airflow/.local/lib/python3.12/site-packages/airflow/example_dags/example_sensor_decorator.py took 0.056 seconds
[2025-09-25T05:43:57.986+0000] {processor.py:186} INFO - Started process (PID=1959) to work on /home/airflow/.local/lib/python3.12/site-packages/airflow/example_dags/example_sensor_decorator.py
[2025-09-25T05:43:57.987+0000] {processor.py:914} INFO - Processing file /home/airflow/.local/lib/python3.12/site-packages/airflow/example_dags/example_sensor_decorator.py for tasks to queue
[2025-09-25T05:43:57.989+0000] {logging_mixin.py:190} INFO - [2025-09-25T05:43:57.989+0000] {dagbag.py:588} INFO - Filling up the DagBag from /home/airflow/.local/lib/python3.12/site-packages/airflow/example_dags/example_sensor_decorator.py
[2025-09-25T05:43:57.997+0000] {processor.py:925} INFO - DAG(s) 'example_sensor_decorator' retrieved from /home/airflow/.local/lib/python3.12/site-packages/airflow/example_dags/example_sensor_decorator.py
[2025-09-25T05:43:58.013+0000] {logging_mixin.py:190} INFO - [2025-09-25T05:43:58.012+0000] {dag.py:3239} INFO - Sync 1 DAGs
[2025-09-25T05:43:58.025+0000] {logging_mixin.py:190} INFO - [2025-09-25T05:43:58.025+0000] {dag.py:4180} INFO - Setting next_dagrun for example_sensor_decorator to None, run_after=None
[2025-09-25T05:43:58.040+0000] {processor.py:208} INFO - Processing /home/airflow/.local/lib/python3.12/site-packages/airflow/example_dags/example_sensor_decorator.py took 0.059 seconds
[2025-09-25T05:44:28.229+0000] {processor.py:186} INFO - Started process (PID=2024) to work on /home/airflow/.local/lib/python3.12/site-packages/airflow/example_dags/example_sensor_decorator.py
[2025-09-25T05:44:28.230+0000] {processor.py:914} INFO - Processing file /home/airflow/.local/lib/python3.12/site-packages/airflow/example_dags/example_sensor_decorator.py for tasks to queue
[2025-09-25T05:44:28.234+0000] {logging_mixin.py:190} INFO - [2025-09-25T05:44:28.233+0000] {dagbag.py:588} INFO - Filling up the DagBag from /home/airflow/.local/lib/python3.12/site-packages/airflow/example_dags/example_sensor_decorator.py
[2025-09-25T05:44:28.244+0000] {processor.py:925} INFO - DAG(s) 'example_sensor_decorator' retrieved from /home/airflow/.local/lib/python3.12/site-packages/airflow/example_dags/example_sensor_decorator.py
[2025-09-25T05:44:28.260+0000] {logging_mixin.py:190} INFO - [2025-09-25T05:44:28.260+0000] {dag.py:3239} INFO - Sync 1 DAGs
[2025-09-25T05:44:28.272+0000] {logging_mixin.py:190} INFO - [2025-09-25T05:44:28.271+0000] {dag.py:4180} INFO - Setting next_dagrun for example_sensor_decorator to None, run_after=None
[2025-09-25T05:44:28.285+0000] {processor.py:208} INFO - Processing /home/airflow/.local/lib/python3.12/site-packages/airflow/example_dags/example_sensor_decorator.py took 0.062 seconds
