[2025-09-25T05:12:43.178+0000] {processor.py:186} INFO - Started process (PID=100) to work on /home/airflow/.local/lib/python3.12/site-packages/airflow/example_dags/example_python_decorator.py
[2025-09-25T05:12:43.179+0000] {processor.py:914} INFO - Processing file /home/airflow/.local/lib/python3.12/site-packages/airflow/example_dags/example_python_decorator.py for tasks to queue
[2025-09-25T05:12:43.181+0000] {logging_mixin.py:190} INFO - [2025-09-25T05:12:43.181+0000] {dagbag.py:588} INFO - Filling up the DagBag from /home/airflow/.local/lib/python3.12/site-packages/airflow/example_dags/example_python_decorator.py
[2025-09-25T05:12:43.196+0000] {processor.py:925} INFO - DAG(s) 'example_python_decorator' retrieved from /home/airflow/.local/lib/python3.12/site-packages/airflow/example_dags/example_python_decorator.py
[2025-09-25T05:12:43.298+0000] {logging_mixin.py:190} INFO - [2025-09-25T05:12:43.298+0000] {dag.py:3239} INFO - Sync 1 DAGs
[2025-09-25T05:12:43.308+0000] {logging_mixin.py:190} INFO - [2025-09-25T05:12:43.307+0000] {dag.py:4180} INFO - Setting next_dagrun for example_python_decorator to None, run_after=None
[2025-09-25T05:12:43.325+0000] {processor.py:208} INFO - Processing /home/airflow/.local/lib/python3.12/site-packages/airflow/example_dags/example_python_decorator.py took 0.153 seconds
[2025-09-25T05:13:13.563+0000] {processor.py:186} INFO - Started process (PID=165) to work on /home/airflow/.local/lib/python3.12/site-packages/airflow/example_dags/example_python_decorator.py
[2025-09-25T05:13:13.564+0000] {processor.py:914} INFO - Processing file /home/airflow/.local/lib/python3.12/site-packages/airflow/example_dags/example_python_decorator.py for tasks to queue
[2025-09-25T05:13:13.566+0000] {logging_mixin.py:190} INFO - [2025-09-25T05:13:13.566+0000] {dagbag.py:588} INFO - Filling up the DagBag from /home/airflow/.local/lib/python3.12/site-packages/airflow/example_dags/example_python_decorator.py
[2025-09-25T05:13:13.579+0000] {processor.py:925} INFO - DAG(s) 'example_python_decorator' retrieved from /home/airflow/.local/lib/python3.12/site-packages/airflow/example_dags/example_python_decorator.py
[2025-09-25T05:13:13.598+0000] {logging_mixin.py:190} INFO - [2025-09-25T05:13:13.598+0000] {dag.py:3239} INFO - Sync 1 DAGs
[2025-09-25T05:13:13.609+0000] {logging_mixin.py:190} INFO - [2025-09-25T05:13:13.609+0000] {dag.py:4180} INFO - Setting next_dagrun for example_python_decorator to None, run_after=None
[2025-09-25T05:13:13.625+0000] {processor.py:208} INFO - Processing /home/airflow/.local/lib/python3.12/site-packages/airflow/example_dags/example_python_decorator.py took 0.067 seconds
[2025-09-25T05:13:44.421+0000] {processor.py:186} INFO - Started process (PID=230) to work on /home/airflow/.local/lib/python3.12/site-packages/airflow/example_dags/example_python_decorator.py
[2025-09-25T05:13:44.422+0000] {processor.py:914} INFO - Processing file /home/airflow/.local/lib/python3.12/site-packages/airflow/example_dags/example_python_decorator.py for tasks to queue
[2025-09-25T05:13:44.424+0000] {logging_mixin.py:190} INFO - [2025-09-25T05:13:44.423+0000] {dagbag.py:588} INFO - Filling up the DagBag from /home/airflow/.local/lib/python3.12/site-packages/airflow/example_dags/example_python_decorator.py
[2025-09-25T05:13:44.437+0000] {processor.py:925} INFO - DAG(s) 'example_python_decorator' retrieved from /home/airflow/.local/lib/python3.12/site-packages/airflow/example_dags/example_python_decorator.py
[2025-09-25T05:13:44.457+0000] {logging_mixin.py:190} INFO - [2025-09-25T05:13:44.457+0000] {dag.py:3239} INFO - Sync 1 DAGs
[2025-09-25T05:13:44.469+0000] {logging_mixin.py:190} INFO - [2025-09-25T05:13:44.469+0000] {dag.py:4180} INFO - Setting next_dagrun for example_python_decorator to None, run_after=None
[2025-09-25T05:13:44.486+0000] {processor.py:208} INFO - Processing /home/airflow/.local/lib/python3.12/site-packages/airflow/example_dags/example_python_decorator.py took 0.072 seconds
[2025-09-25T05:14:15.409+0000] {processor.py:186} INFO - Started process (PID=295) to work on /home/airflow/.local/lib/python3.12/site-packages/airflow/example_dags/example_python_decorator.py
[2025-09-25T05:14:15.410+0000] {processor.py:914} INFO - Processing file /home/airflow/.local/lib/python3.12/site-packages/airflow/example_dags/example_python_decorator.py for tasks to queue
[2025-09-25T05:14:15.412+0000] {logging_mixin.py:190} INFO - [2025-09-25T05:14:15.412+0000] {dagbag.py:588} INFO - Filling up the DagBag from /home/airflow/.local/lib/python3.12/site-packages/airflow/example_dags/example_python_decorator.py
[2025-09-25T05:14:15.425+0000] {processor.py:925} INFO - DAG(s) 'example_python_decorator' retrieved from /home/airflow/.local/lib/python3.12/site-packages/airflow/example_dags/example_python_decorator.py
[2025-09-25T05:14:15.445+0000] {logging_mixin.py:190} INFO - [2025-09-25T05:14:15.445+0000] {dag.py:3239} INFO - Sync 1 DAGs
[2025-09-25T05:14:15.457+0000] {logging_mixin.py:190} INFO - [2025-09-25T05:14:15.457+0000] {dag.py:4180} INFO - Setting next_dagrun for example_python_decorator to None, run_after=None
[2025-09-25T05:14:15.473+0000] {processor.py:208} INFO - Processing /home/airflow/.local/lib/python3.12/site-packages/airflow/example_dags/example_python_decorator.py took 0.070 seconds
[2025-09-25T05:14:45.548+0000] {processor.py:186} INFO - Started process (PID=359) to work on /home/airflow/.local/lib/python3.12/site-packages/airflow/example_dags/example_python_decorator.py
[2025-09-25T05:14:45.549+0000] {processor.py:914} INFO - Processing file /home/airflow/.local/lib/python3.12/site-packages/airflow/example_dags/example_python_decorator.py for tasks to queue
[2025-09-25T05:14:45.552+0000] {logging_mixin.py:190} INFO - [2025-09-25T05:14:45.551+0000] {dagbag.py:588} INFO - Filling up the DagBag from /home/airflow/.local/lib/python3.12/site-packages/airflow/example_dags/example_python_decorator.py
[2025-09-25T05:14:45.566+0000] {processor.py:925} INFO - DAG(s) 'example_python_decorator' retrieved from /home/airflow/.local/lib/python3.12/site-packages/airflow/example_dags/example_python_decorator.py
[2025-09-25T05:14:45.585+0000] {logging_mixin.py:190} INFO - [2025-09-25T05:14:45.584+0000] {dag.py:3239} INFO - Sync 1 DAGs
[2025-09-25T05:14:45.597+0000] {logging_mixin.py:190} INFO - [2025-09-25T05:14:45.597+0000] {dag.py:4180} INFO - Setting next_dagrun for example_python_decorator to None, run_after=None
[2025-09-25T05:14:45.613+0000] {processor.py:208} INFO - Processing /home/airflow/.local/lib/python3.12/site-packages/airflow/example_dags/example_python_decorator.py took 0.070 seconds
[2025-09-25T05:15:16.514+0000] {processor.py:186} INFO - Started process (PID=424) to work on /home/airflow/.local/lib/python3.12/site-packages/airflow/example_dags/example_python_decorator.py
[2025-09-25T05:15:16.515+0000] {processor.py:914} INFO - Processing file /home/airflow/.local/lib/python3.12/site-packages/airflow/example_dags/example_python_decorator.py for tasks to queue
[2025-09-25T05:15:16.517+0000] {logging_mixin.py:190} INFO - [2025-09-25T05:15:16.517+0000] {dagbag.py:588} INFO - Filling up the DagBag from /home/airflow/.local/lib/python3.12/site-packages/airflow/example_dags/example_python_decorator.py
[2025-09-25T05:15:16.531+0000] {processor.py:925} INFO - DAG(s) 'example_python_decorator' retrieved from /home/airflow/.local/lib/python3.12/site-packages/airflow/example_dags/example_python_decorator.py
[2025-09-25T05:15:16.553+0000] {logging_mixin.py:190} INFO - [2025-09-25T05:15:16.553+0000] {dag.py:3239} INFO - Sync 1 DAGs
[2025-09-25T05:15:16.567+0000] {logging_mixin.py:190} INFO - [2025-09-25T05:15:16.567+0000] {dag.py:4180} INFO - Setting next_dagrun for example_python_decorator to None, run_after=None
[2025-09-25T05:15:16.587+0000] {processor.py:208} INFO - Processing /home/airflow/.local/lib/python3.12/site-packages/airflow/example_dags/example_python_decorator.py took 0.079 seconds
[2025-09-25T05:15:47.534+0000] {processor.py:186} INFO - Started process (PID=489) to work on /home/airflow/.local/lib/python3.12/site-packages/airflow/example_dags/example_python_decorator.py
[2025-09-25T05:15:47.535+0000] {processor.py:914} INFO - Processing file /home/airflow/.local/lib/python3.12/site-packages/airflow/example_dags/example_python_decorator.py for tasks to queue
[2025-09-25T05:15:47.539+0000] {logging_mixin.py:190} INFO - [2025-09-25T05:15:47.538+0000] {dagbag.py:588} INFO - Filling up the DagBag from /home/airflow/.local/lib/python3.12/site-packages/airflow/example_dags/example_python_decorator.py
[2025-09-25T05:15:47.558+0000] {processor.py:925} INFO - DAG(s) 'example_python_decorator' retrieved from /home/airflow/.local/lib/python3.12/site-packages/airflow/example_dags/example_python_decorator.py
[2025-09-25T05:15:47.581+0000] {logging_mixin.py:190} INFO - [2025-09-25T05:15:47.581+0000] {dag.py:3239} INFO - Sync 1 DAGs
[2025-09-25T05:15:47.594+0000] {logging_mixin.py:190} INFO - [2025-09-25T05:15:47.593+0000] {dag.py:4180} INFO - Setting next_dagrun for example_python_decorator to None, run_after=None
[2025-09-25T05:15:47.611+0000] {processor.py:208} INFO - Processing /home/airflow/.local/lib/python3.12/site-packages/airflow/example_dags/example_python_decorator.py took 0.084 seconds
[2025-09-25T05:16:18.525+0000] {processor.py:186} INFO - Started process (PID=554) to work on /home/airflow/.local/lib/python3.12/site-packages/airflow/example_dags/example_python_decorator.py
[2025-09-25T05:16:18.526+0000] {processor.py:914} INFO - Processing file /home/airflow/.local/lib/python3.12/site-packages/airflow/example_dags/example_python_decorator.py for tasks to queue
[2025-09-25T05:16:18.529+0000] {logging_mixin.py:190} INFO - [2025-09-25T05:16:18.528+0000] {dagbag.py:588} INFO - Filling up the DagBag from /home/airflow/.local/lib/python3.12/site-packages/airflow/example_dags/example_python_decorator.py
[2025-09-25T05:16:18.543+0000] {processor.py:925} INFO - DAG(s) 'example_python_decorator' retrieved from /home/airflow/.local/lib/python3.12/site-packages/airflow/example_dags/example_python_decorator.py
[2025-09-25T05:16:18.563+0000] {logging_mixin.py:190} INFO - [2025-09-25T05:16:18.562+0000] {dag.py:3239} INFO - Sync 1 DAGs
[2025-09-25T05:16:18.577+0000] {logging_mixin.py:190} INFO - [2025-09-25T05:16:18.577+0000] {dag.py:4180} INFO - Setting next_dagrun for example_python_decorator to None, run_after=None
[2025-09-25T05:16:18.594+0000] {processor.py:208} INFO - Processing /home/airflow/.local/lib/python3.12/site-packages/airflow/example_dags/example_python_decorator.py took 0.076 seconds
[2025-09-25T05:16:49.614+0000] {processor.py:186} INFO - Started process (PID=619) to work on /home/airflow/.local/lib/python3.12/site-packages/airflow/example_dags/example_python_decorator.py
[2025-09-25T05:16:49.615+0000] {processor.py:914} INFO - Processing file /home/airflow/.local/lib/python3.12/site-packages/airflow/example_dags/example_python_decorator.py for tasks to queue
[2025-09-25T05:16:49.617+0000] {logging_mixin.py:190} INFO - [2025-09-25T05:16:49.616+0000] {dagbag.py:588} INFO - Filling up the DagBag from /home/airflow/.local/lib/python3.12/site-packages/airflow/example_dags/example_python_decorator.py
[2025-09-25T05:16:49.630+0000] {processor.py:925} INFO - DAG(s) 'example_python_decorator' retrieved from /home/airflow/.local/lib/python3.12/site-packages/airflow/example_dags/example_python_decorator.py
[2025-09-25T05:16:49.647+0000] {logging_mixin.py:190} INFO - [2025-09-25T05:16:49.647+0000] {dag.py:3239} INFO - Sync 1 DAGs
[2025-09-25T05:16:49.658+0000] {logging_mixin.py:190} INFO - [2025-09-25T05:16:49.658+0000] {dag.py:4180} INFO - Setting next_dagrun for example_python_decorator to None, run_after=None
[2025-09-25T05:16:49.676+0000] {processor.py:208} INFO - Processing /home/airflow/.local/lib/python3.12/site-packages/airflow/example_dags/example_python_decorator.py took 0.068 seconds
[2025-09-25T05:17:20.324+0000] {processor.py:186} INFO - Started process (PID=684) to work on /home/airflow/.local/lib/python3.12/site-packages/airflow/example_dags/example_python_decorator.py
[2025-09-25T05:17:20.326+0000] {processor.py:914} INFO - Processing file /home/airflow/.local/lib/python3.12/site-packages/airflow/example_dags/example_python_decorator.py for tasks to queue
[2025-09-25T05:17:20.328+0000] {logging_mixin.py:190} INFO - [2025-09-25T05:17:20.327+0000] {dagbag.py:588} INFO - Filling up the DagBag from /home/airflow/.local/lib/python3.12/site-packages/airflow/example_dags/example_python_decorator.py
[2025-09-25T05:17:20.341+0000] {processor.py:925} INFO - DAG(s) 'example_python_decorator' retrieved from /home/airflow/.local/lib/python3.12/site-packages/airflow/example_dags/example_python_decorator.py
[2025-09-25T05:17:20.358+0000] {logging_mixin.py:190} INFO - [2025-09-25T05:17:20.358+0000] {dag.py:3239} INFO - Sync 1 DAGs
[2025-09-25T05:17:20.370+0000] {logging_mixin.py:190} INFO - [2025-09-25T05:17:20.369+0000] {dag.py:4180} INFO - Setting next_dagrun for example_python_decorator to None, run_after=None
[2025-09-25T05:17:20.385+0000] {processor.py:208} INFO - Processing /home/airflow/.local/lib/python3.12/site-packages/airflow/example_dags/example_python_decorator.py took 0.066 seconds
[2025-09-25T05:17:51.876+0000] {processor.py:186} INFO - Started process (PID=750) to work on /home/airflow/.local/lib/python3.12/site-packages/airflow/example_dags/example_python_decorator.py
[2025-09-25T05:17:51.877+0000] {processor.py:914} INFO - Processing file /home/airflow/.local/lib/python3.12/site-packages/airflow/example_dags/example_python_decorator.py for tasks to queue
[2025-09-25T05:17:51.879+0000] {logging_mixin.py:190} INFO - [2025-09-25T05:17:51.879+0000] {dagbag.py:588} INFO - Filling up the DagBag from /home/airflow/.local/lib/python3.12/site-packages/airflow/example_dags/example_python_decorator.py
[2025-09-25T05:17:51.894+0000] {processor.py:925} INFO - DAG(s) 'example_python_decorator' retrieved from /home/airflow/.local/lib/python3.12/site-packages/airflow/example_dags/example_python_decorator.py
[2025-09-25T05:17:51.925+0000] {logging_mixin.py:190} INFO - [2025-09-25T05:17:51.925+0000] {dag.py:3239} INFO - Sync 1 DAGs
[2025-09-25T05:17:51.947+0000] {logging_mixin.py:190} INFO - [2025-09-25T05:17:51.947+0000] {dag.py:4180} INFO - Setting next_dagrun for example_python_decorator to None, run_after=None
[2025-09-25T05:17:51.971+0000] {processor.py:208} INFO - Processing /home/airflow/.local/lib/python3.12/site-packages/airflow/example_dags/example_python_decorator.py took 0.103 seconds
[2025-09-25T05:18:23.517+0000] {processor.py:186} INFO - Started process (PID=815) to work on /home/airflow/.local/lib/python3.12/site-packages/airflow/example_dags/example_python_decorator.py
[2025-09-25T05:18:23.518+0000] {processor.py:914} INFO - Processing file /home/airflow/.local/lib/python3.12/site-packages/airflow/example_dags/example_python_decorator.py for tasks to queue
[2025-09-25T05:18:23.520+0000] {logging_mixin.py:190} INFO - [2025-09-25T05:18:23.520+0000] {dagbag.py:588} INFO - Filling up the DagBag from /home/airflow/.local/lib/python3.12/site-packages/airflow/example_dags/example_python_decorator.py
[2025-09-25T05:18:23.535+0000] {processor.py:925} INFO - DAG(s) 'example_python_decorator' retrieved from /home/airflow/.local/lib/python3.12/site-packages/airflow/example_dags/example_python_decorator.py
[2025-09-25T05:18:23.553+0000] {logging_mixin.py:190} INFO - [2025-09-25T05:18:23.553+0000] {dag.py:3239} INFO - Sync 1 DAGs
[2025-09-25T05:18:23.564+0000] {logging_mixin.py:190} INFO - [2025-09-25T05:18:23.564+0000] {dag.py:4180} INFO - Setting next_dagrun for example_python_decorator to None, run_after=None
[2025-09-25T05:18:23.580+0000] {processor.py:208} INFO - Processing /home/airflow/.local/lib/python3.12/site-packages/airflow/example_dags/example_python_decorator.py took 0.068 seconds
[2025-09-25T05:18:54.727+0000] {processor.py:186} INFO - Started process (PID=880) to work on /home/airflow/.local/lib/python3.12/site-packages/airflow/example_dags/example_python_decorator.py
[2025-09-25T05:18:54.728+0000] {processor.py:914} INFO - Processing file /home/airflow/.local/lib/python3.12/site-packages/airflow/example_dags/example_python_decorator.py for tasks to queue
[2025-09-25T05:18:54.730+0000] {logging_mixin.py:190} INFO - [2025-09-25T05:18:54.730+0000] {dagbag.py:588} INFO - Filling up the DagBag from /home/airflow/.local/lib/python3.12/site-packages/airflow/example_dags/example_python_decorator.py
[2025-09-25T05:18:54.745+0000] {processor.py:925} INFO - DAG(s) 'example_python_decorator' retrieved from /home/airflow/.local/lib/python3.12/site-packages/airflow/example_dags/example_python_decorator.py
[2025-09-25T05:18:54.767+0000] {logging_mixin.py:190} INFO - [2025-09-25T05:18:54.766+0000] {dag.py:3239} INFO - Sync 1 DAGs
[2025-09-25T05:18:54.779+0000] {logging_mixin.py:190} INFO - [2025-09-25T05:18:54.779+0000] {dag.py:4180} INFO - Setting next_dagrun for example_python_decorator to None, run_after=None
[2025-09-25T05:18:54.795+0000] {processor.py:208} INFO - Processing /home/airflow/.local/lib/python3.12/site-packages/airflow/example_dags/example_python_decorator.py took 0.074 seconds
[2025-09-25T05:19:25.926+0000] {processor.py:186} INFO - Started process (PID=951) to work on /home/airflow/.local/lib/python3.12/site-packages/airflow/example_dags/example_python_decorator.py
[2025-09-25T05:19:25.927+0000] {processor.py:914} INFO - Processing file /home/airflow/.local/lib/python3.12/site-packages/airflow/example_dags/example_python_decorator.py for tasks to queue
[2025-09-25T05:19:25.929+0000] {logging_mixin.py:190} INFO - [2025-09-25T05:19:25.929+0000] {dagbag.py:588} INFO - Filling up the DagBag from /home/airflow/.local/lib/python3.12/site-packages/airflow/example_dags/example_python_decorator.py
[2025-09-25T05:19:25.943+0000] {processor.py:925} INFO - DAG(s) 'example_python_decorator' retrieved from /home/airflow/.local/lib/python3.12/site-packages/airflow/example_dags/example_python_decorator.py
[2025-09-25T05:19:25.964+0000] {logging_mixin.py:190} INFO - [2025-09-25T05:19:25.963+0000] {dag.py:3239} INFO - Sync 1 DAGs
[2025-09-25T05:19:25.976+0000] {logging_mixin.py:190} INFO - [2025-09-25T05:19:25.976+0000] {dag.py:4180} INFO - Setting next_dagrun for example_python_decorator to None, run_after=None
[2025-09-25T05:19:25.992+0000] {processor.py:208} INFO - Processing /home/airflow/.local/lib/python3.12/site-packages/airflow/example_dags/example_python_decorator.py took 0.072 seconds
[2025-09-25T05:19:57.234+0000] {processor.py:186} INFO - Started process (PID=1016) to work on /home/airflow/.local/lib/python3.12/site-packages/airflow/example_dags/example_python_decorator.py
[2025-09-25T05:19:57.235+0000] {processor.py:914} INFO - Processing file /home/airflow/.local/lib/python3.12/site-packages/airflow/example_dags/example_python_decorator.py for tasks to queue
[2025-09-25T05:19:57.238+0000] {logging_mixin.py:190} INFO - [2025-09-25T05:19:57.238+0000] {dagbag.py:588} INFO - Filling up the DagBag from /home/airflow/.local/lib/python3.12/site-packages/airflow/example_dags/example_python_decorator.py
[2025-09-25T05:19:57.253+0000] {processor.py:925} INFO - DAG(s) 'example_python_decorator' retrieved from /home/airflow/.local/lib/python3.12/site-packages/airflow/example_dags/example_python_decorator.py
[2025-09-25T05:19:57.274+0000] {logging_mixin.py:190} INFO - [2025-09-25T05:19:57.274+0000] {dag.py:3239} INFO - Sync 1 DAGs
[2025-09-25T05:19:57.286+0000] {logging_mixin.py:190} INFO - [2025-09-25T05:19:57.286+0000] {dag.py:4180} INFO - Setting next_dagrun for example_python_decorator to None, run_after=None
[2025-09-25T05:19:57.025+0000] {processor.py:208} INFO - Processing /home/airflow/.local/lib/python3.12/site-packages/airflow/example_dags/example_python_decorator.py took 0.074 seconds
[2025-09-25T05:25:44.119+0000] {processor.py:186} INFO - Started process (PID=100) to work on /home/airflow/.local/lib/python3.12/site-packages/airflow/example_dags/example_python_decorator.py
[2025-09-25T05:25:44.120+0000] {processor.py:914} INFO - Processing file /home/airflow/.local/lib/python3.12/site-packages/airflow/example_dags/example_python_decorator.py for tasks to queue
[2025-09-25T05:25:44.122+0000] {logging_mixin.py:190} INFO - [2025-09-25T05:25:44.122+0000] {dagbag.py:588} INFO - Filling up the DagBag from /home/airflow/.local/lib/python3.12/site-packages/airflow/example_dags/example_python_decorator.py
[2025-09-25T05:25:44.137+0000] {processor.py:925} INFO - DAG(s) 'example_python_decorator' retrieved from /home/airflow/.local/lib/python3.12/site-packages/airflow/example_dags/example_python_decorator.py
[2025-09-25T05:25:44.247+0000] {logging_mixin.py:190} INFO - [2025-09-25T05:25:44.246+0000] {dag.py:3239} INFO - Sync 1 DAGs
[2025-09-25T05:25:44.259+0000] {logging_mixin.py:190} INFO - [2025-09-25T05:25:44.258+0000] {dag.py:4180} INFO - Setting next_dagrun for example_python_decorator to None, run_after=None
[2025-09-25T05:25:44.278+0000] {processor.py:208} INFO - Processing /home/airflow/.local/lib/python3.12/site-packages/airflow/example_dags/example_python_decorator.py took 0.165 seconds
[2025-09-25T05:26:14.565+0000] {processor.py:186} INFO - Started process (PID=165) to work on /home/airflow/.local/lib/python3.12/site-packages/airflow/example_dags/example_python_decorator.py
[2025-09-25T05:26:14.566+0000] {processor.py:914} INFO - Processing file /home/airflow/.local/lib/python3.12/site-packages/airflow/example_dags/example_python_decorator.py for tasks to queue
[2025-09-25T05:26:14.568+0000] {logging_mixin.py:190} INFO - [2025-09-25T05:26:14.568+0000] {dagbag.py:588} INFO - Filling up the DagBag from /home/airflow/.local/lib/python3.12/site-packages/airflow/example_dags/example_python_decorator.py
[2025-09-25T05:26:14.581+0000] {processor.py:925} INFO - DAG(s) 'example_python_decorator' retrieved from /home/airflow/.local/lib/python3.12/site-packages/airflow/example_dags/example_python_decorator.py
[2025-09-25T05:26:14.602+0000] {logging_mixin.py:190} INFO - [2025-09-25T05:26:14.602+0000] {dag.py:3239} INFO - Sync 1 DAGs
[2025-09-25T05:26:14.614+0000] {logging_mixin.py:190} INFO - [2025-09-25T05:26:14.614+0000] {dag.py:4180} INFO - Setting next_dagrun for example_python_decorator to None, run_after=None
[2025-09-25T05:26:14.632+0000] {processor.py:208} INFO - Processing /home/airflow/.local/lib/python3.12/site-packages/airflow/example_dags/example_python_decorator.py took 0.072 seconds
[2025-09-25T05:26:44.942+0000] {processor.py:186} INFO - Started process (PID=230) to work on /home/airflow/.local/lib/python3.12/site-packages/airflow/example_dags/example_python_decorator.py
[2025-09-25T05:26:44.943+0000] {processor.py:914} INFO - Processing file /home/airflow/.local/lib/python3.12/site-packages/airflow/example_dags/example_python_decorator.py for tasks to queue
[2025-09-25T05:26:44.946+0000] {logging_mixin.py:190} INFO - [2025-09-25T05:26:44.945+0000] {dagbag.py:588} INFO - Filling up the DagBag from /home/airflow/.local/lib/python3.12/site-packages/airflow/example_dags/example_python_decorator.py
[2025-09-25T05:26:44.960+0000] {processor.py:925} INFO - DAG(s) 'example_python_decorator' retrieved from /home/airflow/.local/lib/python3.12/site-packages/airflow/example_dags/example_python_decorator.py
[2025-09-25T05:26:44.978+0000] {logging_mixin.py:190} INFO - [2025-09-25T05:26:44.978+0000] {dag.py:3239} INFO - Sync 1 DAGs
[2025-09-25T05:26:44.991+0000] {logging_mixin.py:190} INFO - [2025-09-25T05:26:44.991+0000] {dag.py:4180} INFO - Setting next_dagrun for example_python_decorator to None, run_after=None
[2025-09-25T05:26:45.009+0000] {processor.py:208} INFO - Processing /home/airflow/.local/lib/python3.12/site-packages/airflow/example_dags/example_python_decorator.py took 0.072 seconds
[2025-09-25T05:27:15.492+0000] {processor.py:186} INFO - Started process (PID=295) to work on /home/airflow/.local/lib/python3.12/site-packages/airflow/example_dags/example_python_decorator.py
[2025-09-25T05:27:15.493+0000] {processor.py:914} INFO - Processing file /home/airflow/.local/lib/python3.12/site-packages/airflow/example_dags/example_python_decorator.py for tasks to queue
[2025-09-25T05:27:15.495+0000] {logging_mixin.py:190} INFO - [2025-09-25T05:27:15.495+0000] {dagbag.py:588} INFO - Filling up the DagBag from /home/airflow/.local/lib/python3.12/site-packages/airflow/example_dags/example_python_decorator.py
[2025-09-25T05:27:15.508+0000] {processor.py:925} INFO - DAG(s) 'example_python_decorator' retrieved from /home/airflow/.local/lib/python3.12/site-packages/airflow/example_dags/example_python_decorator.py
[2025-09-25T05:27:15.526+0000] {logging_mixin.py:190} INFO - [2025-09-25T05:27:15.526+0000] {dag.py:3239} INFO - Sync 1 DAGs
[2025-09-25T05:27:15.539+0000] {logging_mixin.py:190} INFO - [2025-09-25T05:27:15.539+0000] {dag.py:4180} INFO - Setting next_dagrun for example_python_decorator to None, run_after=None
[2025-09-25T05:27:15.554+0000] {processor.py:208} INFO - Processing /home/airflow/.local/lib/python3.12/site-packages/airflow/example_dags/example_python_decorator.py took 0.067 seconds
[2025-09-25T05:27:46.254+0000] {processor.py:186} INFO - Started process (PID=359) to work on /home/airflow/.local/lib/python3.12/site-packages/airflow/example_dags/example_python_decorator.py
[2025-09-25T05:27:46.255+0000] {processor.py:914} INFO - Processing file /home/airflow/.local/lib/python3.12/site-packages/airflow/example_dags/example_python_decorator.py for tasks to queue
[2025-09-25T05:27:46.257+0000] {logging_mixin.py:190} INFO - [2025-09-25T05:27:46.257+0000] {dagbag.py:588} INFO - Filling up the DagBag from /home/airflow/.local/lib/python3.12/site-packages/airflow/example_dags/example_python_decorator.py
[2025-09-25T05:27:46.276+0000] {processor.py:925} INFO - DAG(s) 'example_python_decorator' retrieved from /home/airflow/.local/lib/python3.12/site-packages/airflow/example_dags/example_python_decorator.py
[2025-09-25T05:27:46.303+0000] {logging_mixin.py:190} INFO - [2025-09-25T05:27:46.303+0000] {dag.py:3239} INFO - Sync 1 DAGs
[2025-09-25T05:27:46.317+0000] {logging_mixin.py:190} INFO - [2025-09-25T05:27:46.317+0000] {dag.py:4180} INFO - Setting next_dagrun for example_python_decorator to None, run_after=None
[2025-09-25T05:27:46.332+0000] {processor.py:208} INFO - Processing /home/airflow/.local/lib/python3.12/site-packages/airflow/example_dags/example_python_decorator.py took 0.084 seconds
[2025-09-25T05:28:58.013+0000] {processor.py:186} INFO - Started process (PID=101) to work on /home/airflow/.local/lib/python3.12/site-packages/airflow/example_dags/example_python_decorator.py
[2025-09-25T05:28:58.014+0000] {processor.py:914} INFO - Processing file /home/airflow/.local/lib/python3.12/site-packages/airflow/example_dags/example_python_decorator.py for tasks to queue
[2025-09-25T05:28:58.015+0000] {logging_mixin.py:190} INFO - [2025-09-25T05:28:58.015+0000] {dagbag.py:588} INFO - Filling up the DagBag from /home/airflow/.local/lib/python3.12/site-packages/airflow/example_dags/example_python_decorator.py
[2025-09-25T05:28:58.027+0000] {processor.py:925} INFO - DAG(s) 'example_python_decorator' retrieved from /home/airflow/.local/lib/python3.12/site-packages/airflow/example_dags/example_python_decorator.py
[2025-09-25T05:28:58.120+0000] {logging_mixin.py:190} INFO - [2025-09-25T05:28:58.119+0000] {dag.py:3239} INFO - Sync 1 DAGs
[2025-09-25T05:28:58.129+0000] {logging_mixin.py:190} INFO - [2025-09-25T05:28:58.129+0000] {dag.py:4180} INFO - Setting next_dagrun for example_python_decorator to None, run_after=None
[2025-09-25T05:28:58.146+0000] {processor.py:208} INFO - Processing /home/airflow/.local/lib/python3.12/site-packages/airflow/example_dags/example_python_decorator.py took 0.138 seconds
[2025-09-25T05:29:28.271+0000] {processor.py:186} INFO - Started process (PID=168) to work on /home/airflow/.local/lib/python3.12/site-packages/airflow/example_dags/example_python_decorator.py
[2025-09-25T05:29:28.272+0000] {processor.py:914} INFO - Processing file /home/airflow/.local/lib/python3.12/site-packages/airflow/example_dags/example_python_decorator.py for tasks to queue
[2025-09-25T05:29:28.274+0000] {logging_mixin.py:190} INFO - [2025-09-25T05:29:28.274+0000] {dagbag.py:588} INFO - Filling up the DagBag from /home/airflow/.local/lib/python3.12/site-packages/airflow/example_dags/example_python_decorator.py
[2025-09-25T05:29:28.285+0000] {processor.py:925} INFO - DAG(s) 'example_python_decorator' retrieved from /home/airflow/.local/lib/python3.12/site-packages/airflow/example_dags/example_python_decorator.py
[2025-09-25T05:29:28.301+0000] {logging_mixin.py:190} INFO - [2025-09-25T05:29:28.301+0000] {dag.py:3239} INFO - Sync 1 DAGs
[2025-09-25T05:29:28.312+0000] {logging_mixin.py:190} INFO - [2025-09-25T05:29:28.312+0000] {dag.py:4180} INFO - Setting next_dagrun for example_python_decorator to None, run_after=None
[2025-09-25T05:29:28.325+0000] {processor.py:208} INFO - Processing /home/airflow/.local/lib/python3.12/site-packages/airflow/example_dags/example_python_decorator.py took 0.059 seconds
[2025-09-25T05:29:59.573+0000] {processor.py:186} INFO - Started process (PID=231) to work on /home/airflow/.local/lib/python3.12/site-packages/airflow/example_dags/example_python_decorator.py
[2025-09-25T05:29:59.573+0000] {processor.py:914} INFO - Processing file /home/airflow/.local/lib/python3.12/site-packages/airflow/example_dags/example_python_decorator.py for tasks to queue
[2025-09-25T05:29:59.575+0000] {logging_mixin.py:190} INFO - [2025-09-25T05:29:59.575+0000] {dagbag.py:588} INFO - Filling up the DagBag from /home/airflow/.local/lib/python3.12/site-packages/airflow/example_dags/example_python_decorator.py
[2025-09-25T05:29:59.588+0000] {processor.py:925} INFO - DAG(s) 'example_python_decorator' retrieved from /home/airflow/.local/lib/python3.12/site-packages/airflow/example_dags/example_python_decorator.py
[2025-09-25T05:29:59.609+0000] {logging_mixin.py:190} INFO - [2025-09-25T05:29:59.609+0000] {dag.py:3239} INFO - Sync 1 DAGs
[2025-09-25T05:29:59.620+0000] {logging_mixin.py:190} INFO - [2025-09-25T05:29:59.619+0000] {dag.py:4180} INFO - Setting next_dagrun for example_python_decorator to None, run_after=None
[2025-09-25T05:29:59.633+0000] {processor.py:208} INFO - Processing /home/airflow/.local/lib/python3.12/site-packages/airflow/example_dags/example_python_decorator.py took 0.065 seconds
[2025-09-25T05:30:31.117+0000] {processor.py:186} INFO - Started process (PID=296) to work on /home/airflow/.local/lib/python3.12/site-packages/airflow/example_dags/example_python_decorator.py
[2025-09-25T05:30:31.118+0000] {processor.py:914} INFO - Processing file /home/airflow/.local/lib/python3.12/site-packages/airflow/example_dags/example_python_decorator.py for tasks to queue
[2025-09-25T05:30:31.120+0000] {logging_mixin.py:190} INFO - [2025-09-25T05:30:31.120+0000] {dagbag.py:588} INFO - Filling up the DagBag from /home/airflow/.local/lib/python3.12/site-packages/airflow/example_dags/example_python_decorator.py
[2025-09-25T05:30:31.132+0000] {processor.py:925} INFO - DAG(s) 'example_python_decorator' retrieved from /home/airflow/.local/lib/python3.12/site-packages/airflow/example_dags/example_python_decorator.py
[2025-09-25T05:30:31.149+0000] {logging_mixin.py:190} INFO - [2025-09-25T05:30:31.149+0000] {dag.py:3239} INFO - Sync 1 DAGs
[2025-09-25T05:30:31.161+0000] {logging_mixin.py:190} INFO - [2025-09-25T05:30:31.160+0000] {dag.py:4180} INFO - Setting next_dagrun for example_python_decorator to None, run_after=None
[2025-09-25T05:30:31.176+0000] {processor.py:208} INFO - Processing /home/airflow/.local/lib/python3.12/site-packages/airflow/example_dags/example_python_decorator.py took 0.063 seconds
[2025-09-25T05:31:02.023+0000] {processor.py:186} INFO - Started process (PID=361) to work on /home/airflow/.local/lib/python3.12/site-packages/airflow/example_dags/example_python_decorator.py
[2025-09-25T05:31:02.024+0000] {processor.py:914} INFO - Processing file /home/airflow/.local/lib/python3.12/site-packages/airflow/example_dags/example_python_decorator.py for tasks to queue
[2025-09-25T05:31:02.026+0000] {logging_mixin.py:190} INFO - [2025-09-25T05:31:02.026+0000] {dagbag.py:588} INFO - Filling up the DagBag from /home/airflow/.local/lib/python3.12/site-packages/airflow/example_dags/example_python_decorator.py
[2025-09-25T05:31:02.041+0000] {processor.py:925} INFO - DAG(s) 'example_python_decorator' retrieved from /home/airflow/.local/lib/python3.12/site-packages/airflow/example_dags/example_python_decorator.py
[2025-09-25T05:31:02.058+0000] {logging_mixin.py:190} INFO - [2025-09-25T05:31:02.058+0000] {dag.py:3239} INFO - Sync 1 DAGs
[2025-09-25T05:31:02.071+0000] {logging_mixin.py:190} INFO - [2025-09-25T05:31:02.070+0000] {dag.py:4180} INFO - Setting next_dagrun for example_python_decorator to None, run_after=None
[2025-09-25T05:31:02.085+0000] {processor.py:208} INFO - Processing /home/airflow/.local/lib/python3.12/site-packages/airflow/example_dags/example_python_decorator.py took 0.067 seconds
[2025-09-25T05:31:33.021+0000] {processor.py:186} INFO - Started process (PID=426) to work on /home/airflow/.local/lib/python3.12/site-packages/airflow/example_dags/example_python_decorator.py
[2025-09-25T05:31:33.022+0000] {processor.py:914} INFO - Processing file /home/airflow/.local/lib/python3.12/site-packages/airflow/example_dags/example_python_decorator.py for tasks to queue
[2025-09-25T05:31:33.025+0000] {logging_mixin.py:190} INFO - [2025-09-25T05:31:33.025+0000] {dagbag.py:588} INFO - Filling up the DagBag from /home/airflow/.local/lib/python3.12/site-packages/airflow/example_dags/example_python_decorator.py
[2025-09-25T05:31:33.046+0000] {processor.py:925} INFO - DAG(s) 'example_python_decorator' retrieved from /home/airflow/.local/lib/python3.12/site-packages/airflow/example_dags/example_python_decorator.py
[2025-09-25T05:31:33.066+0000] {logging_mixin.py:190} INFO - [2025-09-25T05:31:33.066+0000] {dag.py:3239} INFO - Sync 1 DAGs
[2025-09-25T05:31:33.078+0000] {logging_mixin.py:190} INFO - [2025-09-25T05:31:33.078+0000] {dag.py:4180} INFO - Setting next_dagrun for example_python_decorator to None, run_after=None
[2025-09-25T05:31:33.097+0000] {processor.py:208} INFO - Processing /home/airflow/.local/lib/python3.12/site-packages/airflow/example_dags/example_python_decorator.py took 0.084 seconds
[2025-09-25T05:32:04.169+0000] {processor.py:186} INFO - Started process (PID=491) to work on /home/airflow/.local/lib/python3.12/site-packages/airflow/example_dags/example_python_decorator.py
[2025-09-25T05:32:04.170+0000] {processor.py:914} INFO - Processing file /home/airflow/.local/lib/python3.12/site-packages/airflow/example_dags/example_python_decorator.py for tasks to queue
[2025-09-25T05:32:04.172+0000] {logging_mixin.py:190} INFO - [2025-09-25T05:32:04.172+0000] {dagbag.py:588} INFO - Filling up the DagBag from /home/airflow/.local/lib/python3.12/site-packages/airflow/example_dags/example_python_decorator.py
[2025-09-25T05:32:04.185+0000] {processor.py:925} INFO - DAG(s) 'example_python_decorator' retrieved from /home/airflow/.local/lib/python3.12/site-packages/airflow/example_dags/example_python_decorator.py
[2025-09-25T05:32:04.202+0000] {logging_mixin.py:190} INFO - [2025-09-25T05:32:04.202+0000] {dag.py:3239} INFO - Sync 1 DAGs
[2025-09-25T05:32:04.215+0000] {logging_mixin.py:190} INFO - [2025-09-25T05:32:04.214+0000] {dag.py:4180} INFO - Setting next_dagrun for example_python_decorator to None, run_after=None
[2025-09-25T05:32:04.229+0000] {processor.py:208} INFO - Processing /home/airflow/.local/lib/python3.12/site-packages/airflow/example_dags/example_python_decorator.py took 0.065 seconds
[2025-09-25T05:32:36.122+0000] {processor.py:186} INFO - Started process (PID=556) to work on /home/airflow/.local/lib/python3.12/site-packages/airflow/example_dags/example_python_decorator.py
[2025-09-25T05:32:36.123+0000] {processor.py:914} INFO - Processing file /home/airflow/.local/lib/python3.12/site-packages/airflow/example_dags/example_python_decorator.py for tasks to queue
[2025-09-25T05:32:36.125+0000] {logging_mixin.py:190} INFO - [2025-09-25T05:32:36.125+0000] {dagbag.py:588} INFO - Filling up the DagBag from /home/airflow/.local/lib/python3.12/site-packages/airflow/example_dags/example_python_decorator.py
[2025-09-25T05:32:36.139+0000] {processor.py:925} INFO - DAG(s) 'example_python_decorator' retrieved from /home/airflow/.local/lib/python3.12/site-packages/airflow/example_dags/example_python_decorator.py
[2025-09-25T05:32:36.157+0000] {logging_mixin.py:190} INFO - [2025-09-25T05:32:36.157+0000] {dag.py:3239} INFO - Sync 1 DAGs
[2025-09-25T05:32:36.169+0000] {logging_mixin.py:190} INFO - [2025-09-25T05:32:36.169+0000] {dag.py:4180} INFO - Setting next_dagrun for example_python_decorator to None, run_after=None
[2025-09-25T05:32:36.185+0000] {processor.py:208} INFO - Processing /home/airflow/.local/lib/python3.12/site-packages/airflow/example_dags/example_python_decorator.py took 0.069 seconds
[2025-09-25T05:33:06.396+0000] {processor.py:186} INFO - Started process (PID=621) to work on /home/airflow/.local/lib/python3.12/site-packages/airflow/example_dags/example_python_decorator.py
[2025-09-25T05:33:06.397+0000] {processor.py:914} INFO - Processing file /home/airflow/.local/lib/python3.12/site-packages/airflow/example_dags/example_python_decorator.py for tasks to queue
[2025-09-25T05:33:06.400+0000] {logging_mixin.py:190} INFO - [2025-09-25T05:33:06.399+0000] {dagbag.py:588} INFO - Filling up the DagBag from /home/airflow/.local/lib/python3.12/site-packages/airflow/example_dags/example_python_decorator.py
[2025-09-25T05:33:06.414+0000] {processor.py:925} INFO - DAG(s) 'example_python_decorator' retrieved from /home/airflow/.local/lib/python3.12/site-packages/airflow/example_dags/example_python_decorator.py
[2025-09-25T05:33:06.434+0000] {logging_mixin.py:190} INFO - [2025-09-25T05:33:06.434+0000] {dag.py:3239} INFO - Sync 1 DAGs
[2025-09-25T05:33:06.447+0000] {logging_mixin.py:190} INFO - [2025-09-25T05:33:06.447+0000] {dag.py:4180} INFO - Setting next_dagrun for example_python_decorator to None, run_after=None
[2025-09-25T05:33:06.463+0000] {processor.py:208} INFO - Processing /home/airflow/.local/lib/python3.12/site-packages/airflow/example_dags/example_python_decorator.py took 0.073 seconds
[2025-09-25T05:33:37.242+0000] {processor.py:186} INFO - Started process (PID=685) to work on /home/airflow/.local/lib/python3.12/site-packages/airflow/example_dags/example_python_decorator.py
[2025-09-25T05:33:37.243+0000] {processor.py:914} INFO - Processing file /home/airflow/.local/lib/python3.12/site-packages/airflow/example_dags/example_python_decorator.py for tasks to queue
[2025-09-25T05:33:37.245+0000] {logging_mixin.py:190} INFO - [2025-09-25T05:33:37.245+0000] {dagbag.py:588} INFO - Filling up the DagBag from /home/airflow/.local/lib/python3.12/site-packages/airflow/example_dags/example_python_decorator.py
[2025-09-25T05:33:37.258+0000] {processor.py:925} INFO - DAG(s) 'example_python_decorator' retrieved from /home/airflow/.local/lib/python3.12/site-packages/airflow/example_dags/example_python_decorator.py
[2025-09-25T05:33:37.275+0000] {logging_mixin.py:190} INFO - [2025-09-25T05:33:37.275+0000] {dag.py:3239} INFO - Sync 1 DAGs
[2025-09-25T05:33:37.288+0000] {logging_mixin.py:190} INFO - [2025-09-25T05:33:37.288+0000] {dag.py:4180} INFO - Setting next_dagrun for example_python_decorator to None, run_after=None
[2025-09-25T05:33:37.303+0000] {processor.py:208} INFO - Processing /home/airflow/.local/lib/python3.12/site-packages/airflow/example_dags/example_python_decorator.py took 0.067 seconds
[2025-09-25T05:34:08.477+0000] {processor.py:186} INFO - Started process (PID=750) to work on /home/airflow/.local/lib/python3.12/site-packages/airflow/example_dags/example_python_decorator.py
[2025-09-25T05:34:08.478+0000] {processor.py:914} INFO - Processing file /home/airflow/.local/lib/python3.12/site-packages/airflow/example_dags/example_python_decorator.py for tasks to queue
[2025-09-25T05:34:08.480+0000] {logging_mixin.py:190} INFO - [2025-09-25T05:34:08.480+0000] {dagbag.py:588} INFO - Filling up the DagBag from /home/airflow/.local/lib/python3.12/site-packages/airflow/example_dags/example_python_decorator.py
[2025-09-25T05:34:08.494+0000] {processor.py:925} INFO - DAG(s) 'example_python_decorator' retrieved from /home/airflow/.local/lib/python3.12/site-packages/airflow/example_dags/example_python_decorator.py
[2025-09-25T05:34:08.511+0000] {logging_mixin.py:190} INFO - [2025-09-25T05:34:08.511+0000] {dag.py:3239} INFO - Sync 1 DAGs
[2025-09-25T05:34:08.523+0000] {logging_mixin.py:190} INFO - [2025-09-25T05:34:08.522+0000] {dag.py:4180} INFO - Setting next_dagrun for example_python_decorator to None, run_after=None
[2025-09-25T05:34:08.540+0000] {processor.py:208} INFO - Processing /home/airflow/.local/lib/python3.12/site-packages/airflow/example_dags/example_python_decorator.py took 0.068 seconds
[2025-09-25T05:34:39.852+0000] {processor.py:186} INFO - Started process (PID=815) to work on /home/airflow/.local/lib/python3.12/site-packages/airflow/example_dags/example_python_decorator.py
[2025-09-25T05:34:39.853+0000] {processor.py:914} INFO - Processing file /home/airflow/.local/lib/python3.12/site-packages/airflow/example_dags/example_python_decorator.py for tasks to queue
[2025-09-25T05:34:39.856+0000] {logging_mixin.py:190} INFO - [2025-09-25T05:34:39.855+0000] {dagbag.py:588} INFO - Filling up the DagBag from /home/airflow/.local/lib/python3.12/site-packages/airflow/example_dags/example_python_decorator.py
[2025-09-25T05:34:39.869+0000] {processor.py:925} INFO - DAG(s) 'example_python_decorator' retrieved from /home/airflow/.local/lib/python3.12/site-packages/airflow/example_dags/example_python_decorator.py
[2025-09-25T05:34:39.891+0000] {logging_mixin.py:190} INFO - [2025-09-25T05:34:39.890+0000] {dag.py:3239} INFO - Sync 1 DAGs
[2025-09-25T05:34:39.905+0000] {logging_mixin.py:190} INFO - [2025-09-25T05:34:39.905+0000] {dag.py:4180} INFO - Setting next_dagrun for example_python_decorator to None, run_after=None
[2025-09-25T05:34:39.924+0000] {processor.py:208} INFO - Processing /home/airflow/.local/lib/python3.12/site-packages/airflow/example_dags/example_python_decorator.py took 0.077 seconds
[2025-09-25T05:35:10.837+0000] {processor.py:186} INFO - Started process (PID=880) to work on /home/airflow/.local/lib/python3.12/site-packages/airflow/example_dags/example_python_decorator.py
[2025-09-25T05:35:10.838+0000] {processor.py:914} INFO - Processing file /home/airflow/.local/lib/python3.12/site-packages/airflow/example_dags/example_python_decorator.py for tasks to queue
[2025-09-25T05:35:10.840+0000] {logging_mixin.py:190} INFO - [2025-09-25T05:35:10.840+0000] {dagbag.py:588} INFO - Filling up the DagBag from /home/airflow/.local/lib/python3.12/site-packages/airflow/example_dags/example_python_decorator.py
[2025-09-25T05:35:10.853+0000] {processor.py:925} INFO - DAG(s) 'example_python_decorator' retrieved from /home/airflow/.local/lib/python3.12/site-packages/airflow/example_dags/example_python_decorator.py
[2025-09-25T05:35:10.883+0000] {logging_mixin.py:190} INFO - [2025-09-25T05:35:10.883+0000] {dag.py:3239} INFO - Sync 1 DAGs
[2025-09-25T05:35:10.905+0000] {logging_mixin.py:190} INFO - [2025-09-25T05:35:10.904+0000] {dag.py:4180} INFO - Setting next_dagrun for example_python_decorator to None, run_after=None
[2025-09-25T05:35:10.929+0000] {processor.py:208} INFO - Processing /home/airflow/.local/lib/python3.12/site-packages/airflow/example_dags/example_python_decorator.py took 0.097 seconds
[2025-09-25T05:35:42.569+0000] {processor.py:186} INFO - Started process (PID=946) to work on /home/airflow/.local/lib/python3.12/site-packages/airflow/example_dags/example_python_decorator.py
[2025-09-25T05:35:42.570+0000] {processor.py:914} INFO - Processing file /home/airflow/.local/lib/python3.12/site-packages/airflow/example_dags/example_python_decorator.py for tasks to queue
[2025-09-25T05:35:42.572+0000] {logging_mixin.py:190} INFO - [2025-09-25T05:35:42.572+0000] {dagbag.py:588} INFO - Filling up the DagBag from /home/airflow/.local/lib/python3.12/site-packages/airflow/example_dags/example_python_decorator.py
[2025-09-25T05:35:42.585+0000] {processor.py:925} INFO - DAG(s) 'example_python_decorator' retrieved from /home/airflow/.local/lib/python3.12/site-packages/airflow/example_dags/example_python_decorator.py
[2025-09-25T05:35:42.603+0000] {logging_mixin.py:190} INFO - [2025-09-25T05:35:42.603+0000] {dag.py:3239} INFO - Sync 1 DAGs
[2025-09-25T05:35:42.615+0000] {logging_mixin.py:190} INFO - [2025-09-25T05:35:42.615+0000] {dag.py:4180} INFO - Setting next_dagrun for example_python_decorator to None, run_after=None
[2025-09-25T05:35:42.630+0000] {processor.py:208} INFO - Processing /home/airflow/.local/lib/python3.12/site-packages/airflow/example_dags/example_python_decorator.py took 0.067 seconds
[2025-09-25T05:36:13.964+0000] {processor.py:186} INFO - Started process (PID=1011) to work on /home/airflow/.local/lib/python3.12/site-packages/airflow/example_dags/example_python_decorator.py
[2025-09-25T05:36:13.965+0000] {processor.py:914} INFO - Processing file /home/airflow/.local/lib/python3.12/site-packages/airflow/example_dags/example_python_decorator.py for tasks to queue
[2025-09-25T05:36:13.967+0000] {logging_mixin.py:190} INFO - [2025-09-25T05:36:13.967+0000] {dagbag.py:588} INFO - Filling up the DagBag from /home/airflow/.local/lib/python3.12/site-packages/airflow/example_dags/example_python_decorator.py
[2025-09-25T05:36:13.980+0000] {processor.py:925} INFO - DAG(s) 'example_python_decorator' retrieved from /home/airflow/.local/lib/python3.12/site-packages/airflow/example_dags/example_python_decorator.py
[2025-09-25T05:36:13.998+0000] {logging_mixin.py:190} INFO - [2025-09-25T05:36:13.998+0000] {dag.py:3239} INFO - Sync 1 DAGs
[2025-09-25T05:36:14.011+0000] {logging_mixin.py:190} INFO - [2025-09-25T05:36:14.010+0000] {dag.py:4180} INFO - Setting next_dagrun for example_python_decorator to None, run_after=None
[2025-09-25T05:36:14.026+0000] {processor.py:208} INFO - Processing /home/airflow/.local/lib/python3.12/site-packages/airflow/example_dags/example_python_decorator.py took 0.067 seconds
[2025-09-25T05:36:45.002+0000] {processor.py:186} INFO - Started process (PID=1076) to work on /home/airflow/.local/lib/python3.12/site-packages/airflow/example_dags/example_python_decorator.py
[2025-09-25T05:36:45.003+0000] {processor.py:914} INFO - Processing file /home/airflow/.local/lib/python3.12/site-packages/airflow/example_dags/example_python_decorator.py for tasks to queue
[2025-09-25T05:36:45.005+0000] {logging_mixin.py:190} INFO - [2025-09-25T05:36:45.005+0000] {dagbag.py:588} INFO - Filling up the DagBag from /home/airflow/.local/lib/python3.12/site-packages/airflow/example_dags/example_python_decorator.py
[2025-09-25T05:36:45.017+0000] {processor.py:925} INFO - DAG(s) 'example_python_decorator' retrieved from /home/airflow/.local/lib/python3.12/site-packages/airflow/example_dags/example_python_decorator.py
[2025-09-25T05:36:45.033+0000] {logging_mixin.py:190} INFO - [2025-09-25T05:36:45.033+0000] {dag.py:3239} INFO - Sync 1 DAGs
[2025-09-25T05:36:45.044+0000] {logging_mixin.py:190} INFO - [2025-09-25T05:36:45.044+0000] {dag.py:4180} INFO - Setting next_dagrun for example_python_decorator to None, run_after=None
[2025-09-25T05:36:45.059+0000] {processor.py:208} INFO - Processing /home/airflow/.local/lib/python3.12/site-packages/airflow/example_dags/example_python_decorator.py took 0.062 seconds
[2025-09-25T05:37:15.884+0000] {processor.py:186} INFO - Started process (PID=1141) to work on /home/airflow/.local/lib/python3.12/site-packages/airflow/example_dags/example_python_decorator.py
[2025-09-25T05:37:15.885+0000] {processor.py:914} INFO - Processing file /home/airflow/.local/lib/python3.12/site-packages/airflow/example_dags/example_python_decorator.py for tasks to queue
[2025-09-25T05:37:15.887+0000] {logging_mixin.py:190} INFO - [2025-09-25T05:37:15.886+0000] {dagbag.py:588} INFO - Filling up the DagBag from /home/airflow/.local/lib/python3.12/site-packages/airflow/example_dags/example_python_decorator.py
[2025-09-25T05:37:15.899+0000] {processor.py:925} INFO - DAG(s) 'example_python_decorator' retrieved from /home/airflow/.local/lib/python3.12/site-packages/airflow/example_dags/example_python_decorator.py
[2025-09-25T05:37:15.917+0000] {logging_mixin.py:190} INFO - [2025-09-25T05:37:15.917+0000] {dag.py:3239} INFO - Sync 1 DAGs
[2025-09-25T05:37:15.929+0000] {logging_mixin.py:190} INFO - [2025-09-25T05:37:15.929+0000] {dag.py:4180} INFO - Setting next_dagrun for example_python_decorator to None, run_after=None
[2025-09-25T05:37:15.945+0000] {processor.py:208} INFO - Processing /home/airflow/.local/lib/python3.12/site-packages/airflow/example_dags/example_python_decorator.py took 0.068 seconds
[2025-09-25T05:37:47.205+0000] {processor.py:186} INFO - Started process (PID=1206) to work on /home/airflow/.local/lib/python3.12/site-packages/airflow/example_dags/example_python_decorator.py
[2025-09-25T05:37:47.206+0000] {processor.py:914} INFO - Processing file /home/airflow/.local/lib/python3.12/site-packages/airflow/example_dags/example_python_decorator.py for tasks to queue
[2025-09-25T05:37:47.208+0000] {logging_mixin.py:190} INFO - [2025-09-25T05:37:47.208+0000] {dagbag.py:588} INFO - Filling up the DagBag from /home/airflow/.local/lib/python3.12/site-packages/airflow/example_dags/example_python_decorator.py
[2025-09-25T05:37:47.221+0000] {processor.py:925} INFO - DAG(s) 'example_python_decorator' retrieved from /home/airflow/.local/lib/python3.12/site-packages/airflow/example_dags/example_python_decorator.py
[2025-09-25T05:37:47.240+0000] {logging_mixin.py:190} INFO - [2025-09-25T05:37:47.239+0000] {dag.py:3239} INFO - Sync 1 DAGs
[2025-09-25T05:37:47.251+0000] {logging_mixin.py:190} INFO - [2025-09-25T05:37:47.251+0000] {dag.py:4180} INFO - Setting next_dagrun for example_python_decorator to None, run_after=None
[2025-09-25T05:37:47.267+0000] {processor.py:208} INFO - Processing /home/airflow/.local/lib/python3.12/site-packages/airflow/example_dags/example_python_decorator.py took 0.068 seconds
[2025-09-25T05:38:18.916+0000] {processor.py:186} INFO - Started process (PID=1271) to work on /home/airflow/.local/lib/python3.12/site-packages/airflow/example_dags/example_python_decorator.py
[2025-09-25T05:38:18.918+0000] {processor.py:914} INFO - Processing file /home/airflow/.local/lib/python3.12/site-packages/airflow/example_dags/example_python_decorator.py for tasks to queue
[2025-09-25T05:38:18.920+0000] {logging_mixin.py:190} INFO - [2025-09-25T05:38:18.920+0000] {dagbag.py:588} INFO - Filling up the DagBag from /home/airflow/.local/lib/python3.12/site-packages/airflow/example_dags/example_python_decorator.py
[2025-09-25T05:38:18.934+0000] {processor.py:925} INFO - DAG(s) 'example_python_decorator' retrieved from /home/airflow/.local/lib/python3.12/site-packages/airflow/example_dags/example_python_decorator.py
[2025-09-25T05:38:18.954+0000] {logging_mixin.py:190} INFO - [2025-09-25T05:38:18.954+0000] {dag.py:3239} INFO - Sync 1 DAGs
[2025-09-25T05:38:18.968+0000] {logging_mixin.py:190} INFO - [2025-09-25T05:38:18.968+0000] {dag.py:4180} INFO - Setting next_dagrun for example_python_decorator to None, run_after=None
[2025-09-25T05:38:18.987+0000] {processor.py:208} INFO - Processing /home/airflow/.local/lib/python3.12/site-packages/airflow/example_dags/example_python_decorator.py took 0.077 seconds
[2025-09-25T05:38:49.818+0000] {processor.py:186} INFO - Started process (PID=1342) to work on /home/airflow/.local/lib/python3.12/site-packages/airflow/example_dags/example_python_decorator.py
[2025-09-25T05:38:49.819+0000] {processor.py:914} INFO - Processing file /home/airflow/.local/lib/python3.12/site-packages/airflow/example_dags/example_python_decorator.py for tasks to queue
[2025-09-25T05:38:49.821+0000] {logging_mixin.py:190} INFO - [2025-09-25T05:38:49.821+0000] {dagbag.py:588} INFO - Filling up the DagBag from /home/airflow/.local/lib/python3.12/site-packages/airflow/example_dags/example_python_decorator.py
[2025-09-25T05:38:49.834+0000] {processor.py:925} INFO - DAG(s) 'example_python_decorator' retrieved from /home/airflow/.local/lib/python3.12/site-packages/airflow/example_dags/example_python_decorator.py
[2025-09-25T05:38:49.854+0000] {logging_mixin.py:190} INFO - [2025-09-25T05:38:49.854+0000] {dag.py:3239} INFO - Sync 1 DAGs
[2025-09-25T05:38:49.865+0000] {logging_mixin.py:190} INFO - [2025-09-25T05:38:49.865+0000] {dag.py:4180} INFO - Setting next_dagrun for example_python_decorator to None, run_after=None
[2025-09-25T05:38:49.882+0000] {processor.py:208} INFO - Processing /home/airflow/.local/lib/python3.12/site-packages/airflow/example_dags/example_python_decorator.py took 0.069 seconds
[2025-09-25T05:39:21.441+0000] {processor.py:186} INFO - Started process (PID=1407) to work on /home/airflow/.local/lib/python3.12/site-packages/airflow/example_dags/example_python_decorator.py
[2025-09-25T05:39:21.442+0000] {processor.py:914} INFO - Processing file /home/airflow/.local/lib/python3.12/site-packages/airflow/example_dags/example_python_decorator.py for tasks to queue
[2025-09-25T05:39:21.444+0000] {logging_mixin.py:190} INFO - [2025-09-25T05:39:21.444+0000] {dagbag.py:588} INFO - Filling up the DagBag from /home/airflow/.local/lib/python3.12/site-packages/airflow/example_dags/example_python_decorator.py
[2025-09-25T05:39:21.457+0000] {processor.py:925} INFO - DAG(s) 'example_python_decorator' retrieved from /home/airflow/.local/lib/python3.12/site-packages/airflow/example_dags/example_python_decorator.py
[2025-09-25T05:39:21.476+0000] {logging_mixin.py:190} INFO - [2025-09-25T05:39:21.476+0000] {dag.py:3239} INFO - Sync 1 DAGs
[2025-09-25T05:39:21.490+0000] {logging_mixin.py:190} INFO - [2025-09-25T05:39:21.490+0000] {dag.py:4180} INFO - Setting next_dagrun for example_python_decorator to None, run_after=None
[2025-09-25T05:39:21.507+0000] {processor.py:208} INFO - Processing /home/airflow/.local/lib/python3.12/site-packages/airflow/example_dags/example_python_decorator.py took 0.071 seconds
[2025-09-25T05:39:52.733+0000] {processor.py:186} INFO - Started process (PID=1472) to work on /home/airflow/.local/lib/python3.12/site-packages/airflow/example_dags/example_python_decorator.py
[2025-09-25T05:39:52.734+0000] {processor.py:914} INFO - Processing file /home/airflow/.local/lib/python3.12/site-packages/airflow/example_dags/example_python_decorator.py for tasks to queue
[2025-09-25T05:39:52.736+0000] {logging_mixin.py:190} INFO - [2025-09-25T05:39:52.736+0000] {dagbag.py:588} INFO - Filling up the DagBag from /home/airflow/.local/lib/python3.12/site-packages/airflow/example_dags/example_python_decorator.py
[2025-09-25T05:39:52.748+0000] {processor.py:925} INFO - DAG(s) 'example_python_decorator' retrieved from /home/airflow/.local/lib/python3.12/site-packages/airflow/example_dags/example_python_decorator.py
[2025-09-25T05:39:52.766+0000] {logging_mixin.py:190} INFO - [2025-09-25T05:39:52.766+0000] {dag.py:3239} INFO - Sync 1 DAGs
[2025-09-25T05:39:52.779+0000] {logging_mixin.py:190} INFO - [2025-09-25T05:39:52.779+0000] {dag.py:4180} INFO - Setting next_dagrun for example_python_decorator to None, run_after=None
[2025-09-25T05:39:52.796+0000] {processor.py:208} INFO - Processing /home/airflow/.local/lib/python3.12/site-packages/airflow/example_dags/example_python_decorator.py took 0.067 seconds
[2025-09-25T05:40:23.925+0000] {processor.py:186} INFO - Started process (PID=1537) to work on /home/airflow/.local/lib/python3.12/site-packages/airflow/example_dags/example_python_decorator.py
[2025-09-25T05:40:23.926+0000] {processor.py:914} INFO - Processing file /home/airflow/.local/lib/python3.12/site-packages/airflow/example_dags/example_python_decorator.py for tasks to queue
[2025-09-25T05:40:23.929+0000] {logging_mixin.py:190} INFO - [2025-09-25T05:40:23.929+0000] {dagbag.py:588} INFO - Filling up the DagBag from /home/airflow/.local/lib/python3.12/site-packages/airflow/example_dags/example_python_decorator.py
[2025-09-25T05:40:23.945+0000] {processor.py:925} INFO - DAG(s) 'example_python_decorator' retrieved from /home/airflow/.local/lib/python3.12/site-packages/airflow/example_dags/example_python_decorator.py
[2025-09-25T05:40:23.968+0000] {logging_mixin.py:190} INFO - [2025-09-25T05:40:23.967+0000] {dag.py:3239} INFO - Sync 1 DAGs
[2025-09-25T05:40:23.984+0000] {logging_mixin.py:190} INFO - [2025-09-25T05:40:23.983+0000] {dag.py:4180} INFO - Setting next_dagrun for example_python_decorator to None, run_after=None
[2025-09-25T05:40:24.000+0000] {processor.py:208} INFO - Processing /home/airflow/.local/lib/python3.12/site-packages/airflow/example_dags/example_python_decorator.py took 0.082 seconds
[2025-09-25T05:40:55.241+0000] {processor.py:186} INFO - Started process (PID=1602) to work on /home/airflow/.local/lib/python3.12/site-packages/airflow/example_dags/example_python_decorator.py
[2025-09-25T05:40:55.242+0000] {processor.py:914} INFO - Processing file /home/airflow/.local/lib/python3.12/site-packages/airflow/example_dags/example_python_decorator.py for tasks to queue
[2025-09-25T05:40:55.244+0000] {logging_mixin.py:190} INFO - [2025-09-25T05:40:55.244+0000] {dagbag.py:588} INFO - Filling up the DagBag from /home/airflow/.local/lib/python3.12/site-packages/airflow/example_dags/example_python_decorator.py
[2025-09-25T05:40:55.256+0000] {processor.py:925} INFO - DAG(s) 'example_python_decorator' retrieved from /home/airflow/.local/lib/python3.12/site-packages/airflow/example_dags/example_python_decorator.py
[2025-09-25T05:40:55.275+0000] {logging_mixin.py:190} INFO - [2025-09-25T05:40:55.274+0000] {dag.py:3239} INFO - Sync 1 DAGs
[2025-09-25T05:40:55.286+0000] {logging_mixin.py:190} INFO - [2025-09-25T05:40:55.286+0000] {dag.py:4180} INFO - Setting next_dagrun for example_python_decorator to None, run_after=None
[2025-09-25T05:40:55.300+0000] {processor.py:208} INFO - Processing /home/airflow/.local/lib/python3.12/site-packages/airflow/example_dags/example_python_decorator.py took 0.063 seconds
[2025-09-25T05:41:26.550+0000] {processor.py:186} INFO - Started process (PID=1667) to work on /home/airflow/.local/lib/python3.12/site-packages/airflow/example_dags/example_python_decorator.py
[2025-09-25T05:41:26.551+0000] {processor.py:914} INFO - Processing file /home/airflow/.local/lib/python3.12/site-packages/airflow/example_dags/example_python_decorator.py for tasks to queue
[2025-09-25T05:41:26.553+0000] {logging_mixin.py:190} INFO - [2025-09-25T05:41:26.553+0000] {dagbag.py:588} INFO - Filling up the DagBag from /home/airflow/.local/lib/python3.12/site-packages/airflow/example_dags/example_python_decorator.py
[2025-09-25T05:41:26.566+0000] {processor.py:925} INFO - DAG(s) 'example_python_decorator' retrieved from /home/airflow/.local/lib/python3.12/site-packages/airflow/example_dags/example_python_decorator.py
[2025-09-25T05:41:26.584+0000] {logging_mixin.py:190} INFO - [2025-09-25T05:41:26.584+0000] {dag.py:3239} INFO - Sync 1 DAGs
[2025-09-25T05:41:26.595+0000] {logging_mixin.py:190} INFO - [2025-09-25T05:41:26.595+0000] {dag.py:4180} INFO - Setting next_dagrun for example_python_decorator to None, run_after=None
[2025-09-25T05:41:26.611+0000] {processor.py:208} INFO - Processing /home/airflow/.local/lib/python3.12/site-packages/airflow/example_dags/example_python_decorator.py took 0.067 seconds
[2025-09-25T05:41:58.193+0000] {processor.py:186} INFO - Started process (PID=1732) to work on /home/airflow/.local/lib/python3.12/site-packages/airflow/example_dags/example_python_decorator.py
[2025-09-25T05:41:58.195+0000] {processor.py:914} INFO - Processing file /home/airflow/.local/lib/python3.12/site-packages/airflow/example_dags/example_python_decorator.py for tasks to queue
[2025-09-25T05:41:58.197+0000] {logging_mixin.py:190} INFO - [2025-09-25T05:41:58.197+0000] {dagbag.py:588} INFO - Filling up the DagBag from /home/airflow/.local/lib/python3.12/site-packages/airflow/example_dags/example_python_decorator.py
[2025-09-25T05:41:58.213+0000] {processor.py:925} INFO - DAG(s) 'example_python_decorator' retrieved from /home/airflow/.local/lib/python3.12/site-packages/airflow/example_dags/example_python_decorator.py
[2025-09-25T05:41:58.233+0000] {logging_mixin.py:190} INFO - [2025-09-25T05:41:58.233+0000] {dag.py:3239} INFO - Sync 1 DAGs
[2025-09-25T05:41:58.247+0000] {logging_mixin.py:190} INFO - [2025-09-25T05:41:58.246+0000] {dag.py:4180} INFO - Setting next_dagrun for example_python_decorator to None, run_after=None
[2025-09-25T05:41:58.267+0000] {processor.py:208} INFO - Processing /home/airflow/.local/lib/python3.12/site-packages/airflow/example_dags/example_python_decorator.py took 0.080 seconds
[2025-09-25T05:42:28.837+0000] {processor.py:186} INFO - Started process (PID=1797) to work on /home/airflow/.local/lib/python3.12/site-packages/airflow/example_dags/example_python_decorator.py
[2025-09-25T05:42:28.838+0000] {processor.py:914} INFO - Processing file /home/airflow/.local/lib/python3.12/site-packages/airflow/example_dags/example_python_decorator.py for tasks to queue
[2025-09-25T05:42:28.841+0000] {logging_mixin.py:190} INFO - [2025-09-25T05:42:28.840+0000] {dagbag.py:588} INFO - Filling up the DagBag from /home/airflow/.local/lib/python3.12/site-packages/airflow/example_dags/example_python_decorator.py
[2025-09-25T05:42:28.854+0000] {processor.py:925} INFO - DAG(s) 'example_python_decorator' retrieved from /home/airflow/.local/lib/python3.12/site-packages/airflow/example_dags/example_python_decorator.py
[2025-09-25T05:42:28.872+0000] {logging_mixin.py:190} INFO - [2025-09-25T05:42:28.872+0000] {dag.py:3239} INFO - Sync 1 DAGs
[2025-09-25T05:42:28.884+0000] {logging_mixin.py:190} INFO - [2025-09-25T05:42:28.884+0000] {dag.py:4180} INFO - Setting next_dagrun for example_python_decorator to None, run_after=None
[2025-09-25T05:42:28.898+0000] {processor.py:208} INFO - Processing /home/airflow/.local/lib/python3.12/site-packages/airflow/example_dags/example_python_decorator.py took 0.068 seconds
[2025-09-25T05:42:59.655+0000] {processor.py:186} INFO - Started process (PID=1862) to work on /home/airflow/.local/lib/python3.12/site-packages/airflow/example_dags/example_python_decorator.py
[2025-09-25T05:42:59.656+0000] {processor.py:914} INFO - Processing file /home/airflow/.local/lib/python3.12/site-packages/airflow/example_dags/example_python_decorator.py for tasks to queue
[2025-09-25T05:42:59.658+0000] {logging_mixin.py:190} INFO - [2025-09-25T05:42:59.658+0000] {dagbag.py:588} INFO - Filling up the DagBag from /home/airflow/.local/lib/python3.12/site-packages/airflow/example_dags/example_python_decorator.py
[2025-09-25T05:42:59.670+0000] {processor.py:925} INFO - DAG(s) 'example_python_decorator' retrieved from /home/airflow/.local/lib/python3.12/site-packages/airflow/example_dags/example_python_decorator.py
[2025-09-25T05:42:59.688+0000] {logging_mixin.py:190} INFO - [2025-09-25T05:42:59.688+0000] {dag.py:3239} INFO - Sync 1 DAGs
[2025-09-25T05:42:59.699+0000] {logging_mixin.py:190} INFO - [2025-09-25T05:42:59.699+0000] {dag.py:4180} INFO - Setting next_dagrun for example_python_decorator to None, run_after=None
[2025-09-25T05:42:59.715+0000] {processor.py:208} INFO - Processing /home/airflow/.local/lib/python3.12/site-packages/airflow/example_dags/example_python_decorator.py took 0.065 seconds
[2025-09-25T05:43:31.331+0000] {processor.py:186} INFO - Started process (PID=1927) to work on /home/airflow/.local/lib/python3.12/site-packages/airflow/example_dags/example_python_decorator.py
[2025-09-25T05:43:31.332+0000] {processor.py:914} INFO - Processing file /home/airflow/.local/lib/python3.12/site-packages/airflow/example_dags/example_python_decorator.py for tasks to queue
[2025-09-25T05:43:31.334+0000] {logging_mixin.py:190} INFO - [2025-09-25T05:43:31.333+0000] {dagbag.py:588} INFO - Filling up the DagBag from /home/airflow/.local/lib/python3.12/site-packages/airflow/example_dags/example_python_decorator.py
[2025-09-25T05:43:31.346+0000] {processor.py:925} INFO - DAG(s) 'example_python_decorator' retrieved from /home/airflow/.local/lib/python3.12/site-packages/airflow/example_dags/example_python_decorator.py
[2025-09-25T05:43:31.363+0000] {logging_mixin.py:190} INFO - [2025-09-25T05:43:31.363+0000] {dag.py:3239} INFO - Sync 1 DAGs
[2025-09-25T05:43:31.375+0000] {logging_mixin.py:190} INFO - [2025-09-25T05:43:31.374+0000] {dag.py:4180} INFO - Setting next_dagrun for example_python_decorator to None, run_after=None
[2025-09-25T05:43:31.389+0000] {processor.py:208} INFO - Processing /home/airflow/.local/lib/python3.12/site-packages/airflow/example_dags/example_python_decorator.py took 0.063 seconds
[2025-09-25T05:44:02.049+0000] {processor.py:186} INFO - Started process (PID=1992) to work on /home/airflow/.local/lib/python3.12/site-packages/airflow/example_dags/example_python_decorator.py
[2025-09-25T05:44:02.050+0000] {processor.py:914} INFO - Processing file /home/airflow/.local/lib/python3.12/site-packages/airflow/example_dags/example_python_decorator.py for tasks to queue
[2025-09-25T05:44:02.053+0000] {logging_mixin.py:190} INFO - [2025-09-25T05:44:02.052+0000] {dagbag.py:588} INFO - Filling up the DagBag from /home/airflow/.local/lib/python3.12/site-packages/airflow/example_dags/example_python_decorator.py
[2025-09-25T05:44:02.066+0000] {processor.py:925} INFO - DAG(s) 'example_python_decorator' retrieved from /home/airflow/.local/lib/python3.12/site-packages/airflow/example_dags/example_python_decorator.py
[2025-09-25T05:44:02.089+0000] {logging_mixin.py:190} INFO - [2025-09-25T05:44:02.088+0000] {dag.py:3239} INFO - Sync 1 DAGs
[2025-09-25T05:44:02.102+0000] {logging_mixin.py:190} INFO - [2025-09-25T05:44:02.102+0000] {dag.py:4180} INFO - Setting next_dagrun for example_python_decorator to None, run_after=None
[2025-09-25T05:44:02.118+0000] {processor.py:208} INFO - Processing /home/airflow/.local/lib/python3.12/site-packages/airflow/example_dags/example_python_decorator.py took 0.075 seconds
[2025-09-25T05:44:32.740+0000] {processor.py:186} INFO - Started process (PID=2057) to work on /home/airflow/.local/lib/python3.12/site-packages/airflow/example_dags/example_python_decorator.py
[2025-09-25T05:44:32.741+0000] {processor.py:914} INFO - Processing file /home/airflow/.local/lib/python3.12/site-packages/airflow/example_dags/example_python_decorator.py for tasks to queue
[2025-09-25T05:44:32.744+0000] {logging_mixin.py:190} INFO - [2025-09-25T05:44:32.743+0000] {dagbag.py:588} INFO - Filling up the DagBag from /home/airflow/.local/lib/python3.12/site-packages/airflow/example_dags/example_python_decorator.py
[2025-09-25T05:44:32.757+0000] {processor.py:925} INFO - DAG(s) 'example_python_decorator' retrieved from /home/airflow/.local/lib/python3.12/site-packages/airflow/example_dags/example_python_decorator.py
[2025-09-25T05:44:32.775+0000] {logging_mixin.py:190} INFO - [2025-09-25T05:44:32.775+0000] {dag.py:3239} INFO - Sync 1 DAGs
[2025-09-25T05:44:32.792+0000] {logging_mixin.py:190} INFO - [2025-09-25T05:44:32.792+0000] {dag.py:4180} INFO - Setting next_dagrun for example_python_decorator to None, run_after=None
[2025-09-25T05:44:32.810+0000] {processor.py:208} INFO - Processing /home/airflow/.local/lib/python3.12/site-packages/airflow/example_dags/example_python_decorator.py took 0.076 seconds
