[2025-09-25T05:12:41.098+0000] {processor.py:186} INFO - Started process (PID=71) to work on /home/airflow/.local/lib/python3.12/site-packages/airflow/example_dags/example_outlet_event_extra.py
[2025-09-25T05:12:41.099+0000] {processor.py:914} INFO - Processing file /home/airflow/.local/lib/python3.12/site-packages/airflow/example_dags/example_outlet_event_extra.py for tasks to queue
[2025-09-25T05:12:41.102+0000] {logging_mixin.py:190} INFO - [2025-09-25T05:12:41.101+0000] {dagbag.py:588} INFO - Filling up the DagBag from /home/airflow/.local/lib/python3.12/site-packages/airflow/example_dags/example_outlet_event_extra.py
[2025-09-25T05:12:41.657+0000] {processor.py:925} INFO - DAG(s) 'dataset_with_extra_from_classic_operator', 'dataset_with_extra_by_yield', 'dataset_with_extra_by_context' retrieved from /home/airflow/.local/lib/python3.12/site-packages/airflow/example_dags/example_outlet_event_extra.py
[2025-09-25T05:12:41.683+0000] {logging_mixin.py:190} INFO - [2025-09-25T05:12:41.682+0000] {dag.py:3239} INFO - Sync 3 DAGs
[2025-09-25T05:12:41.704+0000] {logging_mixin.py:190} INFO - [2025-09-25T05:12:41.704+0000] {dag.py:4180} INFO - Setting next_dagrun for dataset_with_extra_by_context to 2025-09-24 00:00:00+00:00, run_after=2025-09-25 00:00:00+00:00
[2025-09-25T05:12:41.710+0000] {logging_mixin.py:190} INFO - [2025-09-25T05:12:41.710+0000] {dag.py:4180} INFO - Setting next_dagrun for dataset_with_extra_by_yield to 2025-09-24 00:00:00+00:00, run_after=2025-09-25 00:00:00+00:00
[2025-09-25T05:12:41.714+0000] {logging_mixin.py:190} INFO - [2025-09-25T05:12:41.713+0000] {dag.py:4180} INFO - Setting next_dagrun for dataset_with_extra_from_classic_operator to 2025-09-24 00:00:00+00:00, run_after=2025-09-25 00:00:00+00:00
[2025-09-25T05:12:41.736+0000] {processor.py:208} INFO - Processing /home/airflow/.local/lib/python3.12/site-packages/airflow/example_dags/example_outlet_event_extra.py took 0.643 seconds
[2025-09-25T05:13:12.066+0000] {processor.py:186} INFO - Started process (PID=142) to work on /home/airflow/.local/lib/python3.12/site-packages/airflow/example_dags/example_outlet_event_extra.py
[2025-09-25T05:13:12.067+0000] {processor.py:914} INFO - Processing file /home/airflow/.local/lib/python3.12/site-packages/airflow/example_dags/example_outlet_event_extra.py for tasks to queue
[2025-09-25T05:13:12.070+0000] {logging_mixin.py:190} INFO - [2025-09-25T05:13:12.069+0000] {dagbag.py:588} INFO - Filling up the DagBag from /home/airflow/.local/lib/python3.12/site-packages/airflow/example_dags/example_outlet_event_extra.py
[2025-09-25T05:13:12.524+0000] {processor.py:925} INFO - DAG(s) 'dataset_with_extra_from_classic_operator', 'dataset_with_extra_by_context', 'dataset_with_extra_by_yield' retrieved from /home/airflow/.local/lib/python3.12/site-packages/airflow/example_dags/example_outlet_event_extra.py
[2025-09-25T05:13:12.543+0000] {logging_mixin.py:190} INFO - [2025-09-25T05:13:12.543+0000] {dag.py:3239} INFO - Sync 3 DAGs
[2025-09-25T05:13:12.566+0000] {logging_mixin.py:190} INFO - [2025-09-25T05:13:12.566+0000] {dag.py:4180} INFO - Setting next_dagrun for dataset_with_extra_by_context to 2025-09-24 00:00:00+00:00, run_after=2025-09-25 00:00:00+00:00
[2025-09-25T05:13:12.571+0000] {logging_mixin.py:190} INFO - [2025-09-25T05:13:12.571+0000] {dag.py:4180} INFO - Setting next_dagrun for dataset_with_extra_by_yield to 2025-09-24 00:00:00+00:00, run_after=2025-09-25 00:00:00+00:00
[2025-09-25T05:13:12.573+0000] {logging_mixin.py:190} INFO - [2025-09-25T05:13:12.572+0000] {dag.py:4180} INFO - Setting next_dagrun for dataset_with_extra_from_classic_operator to 2025-09-24 00:00:00+00:00, run_after=2025-09-25 00:00:00+00:00
[2025-09-25T05:13:12.590+0000] {processor.py:208} INFO - Processing /home/airflow/.local/lib/python3.12/site-packages/airflow/example_dags/example_outlet_event_extra.py took 0.529 seconds
[2025-09-25T05:13:42.730+0000] {processor.py:186} INFO - Started process (PID=207) to work on /home/airflow/.local/lib/python3.12/site-packages/airflow/example_dags/example_outlet_event_extra.py
[2025-09-25T05:13:42.731+0000] {processor.py:914} INFO - Processing file /home/airflow/.local/lib/python3.12/site-packages/airflow/example_dags/example_outlet_event_extra.py for tasks to queue
[2025-09-25T05:13:42.733+0000] {logging_mixin.py:190} INFO - [2025-09-25T05:13:42.733+0000] {dagbag.py:588} INFO - Filling up the DagBag from /home/airflow/.local/lib/python3.12/site-packages/airflow/example_dags/example_outlet_event_extra.py
[2025-09-25T05:13:43.186+0000] {processor.py:925} INFO - DAG(s) 'dataset_with_extra_from_classic_operator', 'dataset_with_extra_by_context', 'dataset_with_extra_by_yield' retrieved from /home/airflow/.local/lib/python3.12/site-packages/airflow/example_dags/example_outlet_event_extra.py
[2025-09-25T05:13:43.205+0000] {logging_mixin.py:190} INFO - [2025-09-25T05:13:43.204+0000] {dag.py:3239} INFO - Sync 3 DAGs
[2025-09-25T05:13:43.226+0000] {logging_mixin.py:190} INFO - [2025-09-25T05:13:43.225+0000] {dag.py:4180} INFO - Setting next_dagrun for dataset_with_extra_by_context to 2025-09-24 00:00:00+00:00, run_after=2025-09-25 00:00:00+00:00
[2025-09-25T05:13:43.230+0000] {logging_mixin.py:190} INFO - [2025-09-25T05:13:43.230+0000] {dag.py:4180} INFO - Setting next_dagrun for dataset_with_extra_by_yield to 2025-09-24 00:00:00+00:00, run_after=2025-09-25 00:00:00+00:00
[2025-09-25T05:13:43.232+0000] {logging_mixin.py:190} INFO - [2025-09-25T05:13:43.232+0000] {dag.py:4180} INFO - Setting next_dagrun for dataset_with_extra_from_classic_operator to 2025-09-24 00:00:00+00:00, run_after=2025-09-25 00:00:00+00:00
[2025-09-25T05:13:43.249+0000] {processor.py:208} INFO - Processing /home/airflow/.local/lib/python3.12/site-packages/airflow/example_dags/example_outlet_event_extra.py took 0.525 seconds
[2025-09-25T05:14:13.306+0000] {processor.py:186} INFO - Started process (PID=275) to work on /home/airflow/.local/lib/python3.12/site-packages/airflow/example_dags/example_outlet_event_extra.py
[2025-09-25T05:14:13.307+0000] {processor.py:914} INFO - Processing file /home/airflow/.local/lib/python3.12/site-packages/airflow/example_dags/example_outlet_event_extra.py for tasks to queue
[2025-09-25T05:14:13.309+0000] {logging_mixin.py:190} INFO - [2025-09-25T05:14:13.309+0000] {dagbag.py:588} INFO - Filling up the DagBag from /home/airflow/.local/lib/python3.12/site-packages/airflow/example_dags/example_outlet_event_extra.py
[2025-09-25T05:14:12.742+0000] {processor.py:925} INFO - DAG(s) 'dataset_with_extra_by_context', 'dataset_with_extra_from_classic_operator', 'dataset_with_extra_by_yield' retrieved from /home/airflow/.local/lib/python3.12/site-packages/airflow/example_dags/example_outlet_event_extra.py
[2025-09-25T05:14:12.761+0000] {logging_mixin.py:190} INFO - [2025-09-25T05:14:12.760+0000] {dag.py:3239} INFO - Sync 3 DAGs
[2025-09-25T05:14:12.779+0000] {logging_mixin.py:190} INFO - [2025-09-25T05:14:12.779+0000] {dag.py:4180} INFO - Setting next_dagrun for dataset_with_extra_by_context to 2025-09-24 00:00:00+00:00, run_after=2025-09-25 00:00:00+00:00
[2025-09-25T05:14:12.783+0000] {logging_mixin.py:190} INFO - [2025-09-25T05:14:12.782+0000] {dag.py:4180} INFO - Setting next_dagrun for dataset_with_extra_by_yield to 2025-09-24 00:00:00+00:00, run_after=2025-09-25 00:00:00+00:00
[2025-09-25T05:14:12.785+0000] {logging_mixin.py:190} INFO - [2025-09-25T05:14:12.784+0000] {dag.py:4180} INFO - Setting next_dagrun for dataset_with_extra_from_classic_operator to 2025-09-24 00:00:00+00:00, run_after=2025-09-25 00:00:00+00:00
[2025-09-25T05:14:12.802+0000] {processor.py:208} INFO - Processing /home/airflow/.local/lib/python3.12/site-packages/airflow/example_dags/example_outlet_event_extra.py took 0.556 seconds
[2025-09-25T05:14:43.799+0000] {processor.py:186} INFO - Started process (PID=338) to work on /home/airflow/.local/lib/python3.12/site-packages/airflow/example_dags/example_outlet_event_extra.py
[2025-09-25T05:14:43.800+0000] {processor.py:914} INFO - Processing file /home/airflow/.local/lib/python3.12/site-packages/airflow/example_dags/example_outlet_event_extra.py for tasks to queue
[2025-09-25T05:14:43.802+0000] {logging_mixin.py:190} INFO - [2025-09-25T05:14:43.802+0000] {dagbag.py:588} INFO - Filling up the DagBag from /home/airflow/.local/lib/python3.12/site-packages/airflow/example_dags/example_outlet_event_extra.py
[2025-09-25T05:14:44.324+0000] {processor.py:925} INFO - DAG(s) 'dataset_with_extra_by_yield', 'dataset_with_extra_by_context', 'dataset_with_extra_from_classic_operator' retrieved from /home/airflow/.local/lib/python3.12/site-packages/airflow/example_dags/example_outlet_event_extra.py
[2025-09-25T05:14:44.345+0000] {logging_mixin.py:190} INFO - [2025-09-25T05:14:44.345+0000] {dag.py:3239} INFO - Sync 3 DAGs
[2025-09-25T05:14:44.362+0000] {logging_mixin.py:190} INFO - [2025-09-25T05:14:44.362+0000] {dag.py:4180} INFO - Setting next_dagrun for dataset_with_extra_by_context to 2025-09-24 00:00:00+00:00, run_after=2025-09-25 00:00:00+00:00
[2025-09-25T05:14:44.367+0000] {logging_mixin.py:190} INFO - [2025-09-25T05:14:44.366+0000] {dag.py:4180} INFO - Setting next_dagrun for dataset_with_extra_by_yield to 2025-09-24 00:00:00+00:00, run_after=2025-09-25 00:00:00+00:00
[2025-09-25T05:14:44.368+0000] {logging_mixin.py:190} INFO - [2025-09-25T05:14:44.368+0000] {dag.py:4180} INFO - Setting next_dagrun for dataset_with_extra_from_classic_operator to 2025-09-24 00:00:00+00:00, run_after=2025-09-25 00:00:00+00:00
[2025-09-25T05:14:44.386+0000] {processor.py:208} INFO - Processing /home/airflow/.local/lib/python3.12/site-packages/airflow/example_dags/example_outlet_event_extra.py took 0.592 seconds
[2025-09-25T05:15:14.716+0000] {processor.py:186} INFO - Started process (PID=403) to work on /home/airflow/.local/lib/python3.12/site-packages/airflow/example_dags/example_outlet_event_extra.py
[2025-09-25T05:15:14.717+0000] {processor.py:914} INFO - Processing file /home/airflow/.local/lib/python3.12/site-packages/airflow/example_dags/example_outlet_event_extra.py for tasks to queue
[2025-09-25T05:15:14.720+0000] {logging_mixin.py:190} INFO - [2025-09-25T05:15:14.719+0000] {dagbag.py:588} INFO - Filling up the DagBag from /home/airflow/.local/lib/python3.12/site-packages/airflow/example_dags/example_outlet_event_extra.py
[2025-09-25T05:15:15.241+0000] {processor.py:925} INFO - DAG(s) 'dataset_with_extra_by_context', 'dataset_with_extra_from_classic_operator', 'dataset_with_extra_by_yield' retrieved from /home/airflow/.local/lib/python3.12/site-packages/airflow/example_dags/example_outlet_event_extra.py
[2025-09-25T05:15:15.261+0000] {logging_mixin.py:190} INFO - [2025-09-25T05:15:15.261+0000] {dag.py:3239} INFO - Sync 3 DAGs
[2025-09-25T05:15:15.281+0000] {logging_mixin.py:190} INFO - [2025-09-25T05:15:15.281+0000] {dag.py:4180} INFO - Setting next_dagrun for dataset_with_extra_by_context to 2025-09-24 00:00:00+00:00, run_after=2025-09-25 00:00:00+00:00
[2025-09-25T05:15:15.285+0000] {logging_mixin.py:190} INFO - [2025-09-25T05:15:15.285+0000] {dag.py:4180} INFO - Setting next_dagrun for dataset_with_extra_by_yield to 2025-09-24 00:00:00+00:00, run_after=2025-09-25 00:00:00+00:00
[2025-09-25T05:15:15.287+0000] {logging_mixin.py:190} INFO - [2025-09-25T05:15:15.287+0000] {dag.py:4180} INFO - Setting next_dagrun for dataset_with_extra_from_classic_operator to 2025-09-24 00:00:00+00:00, run_after=2025-09-25 00:00:00+00:00
[2025-09-25T05:15:15.306+0000] {processor.py:208} INFO - Processing /home/airflow/.local/lib/python3.12/site-packages/airflow/example_dags/example_outlet_event_extra.py took 0.596 seconds
[2025-09-25T05:15:45.787+0000] {processor.py:186} INFO - Started process (PID=468) to work on /home/airflow/.local/lib/python3.12/site-packages/airflow/example_dags/example_outlet_event_extra.py
[2025-09-25T05:15:45.788+0000] {processor.py:914} INFO - Processing file /home/airflow/.local/lib/python3.12/site-packages/airflow/example_dags/example_outlet_event_extra.py for tasks to queue
[2025-09-25T05:15:45.790+0000] {logging_mixin.py:190} INFO - [2025-09-25T05:15:45.790+0000] {dagbag.py:588} INFO - Filling up the DagBag from /home/airflow/.local/lib/python3.12/site-packages/airflow/example_dags/example_outlet_event_extra.py
[2025-09-25T05:15:46.318+0000] {processor.py:925} INFO - DAG(s) 'dataset_with_extra_by_yield', 'dataset_with_extra_by_context', 'dataset_with_extra_from_classic_operator' retrieved from /home/airflow/.local/lib/python3.12/site-packages/airflow/example_dags/example_outlet_event_extra.py
[2025-09-25T05:15:46.342+0000] {logging_mixin.py:190} INFO - [2025-09-25T05:15:46.341+0000] {dag.py:3239} INFO - Sync 3 DAGs
[2025-09-25T05:15:46.363+0000] {logging_mixin.py:190} INFO - [2025-09-25T05:15:46.362+0000] {dag.py:4180} INFO - Setting next_dagrun for dataset_with_extra_by_context to 2025-09-24 00:00:00+00:00, run_after=2025-09-25 00:00:00+00:00
[2025-09-25T05:15:46.367+0000] {logging_mixin.py:190} INFO - [2025-09-25T05:15:46.366+0000] {dag.py:4180} INFO - Setting next_dagrun for dataset_with_extra_by_yield to 2025-09-24 00:00:00+00:00, run_after=2025-09-25 00:00:00+00:00
[2025-09-25T05:15:46.369+0000] {logging_mixin.py:190} INFO - [2025-09-25T05:15:46.369+0000] {dag.py:4180} INFO - Setting next_dagrun for dataset_with_extra_from_classic_operator to 2025-09-24 00:00:00+00:00, run_after=2025-09-25 00:00:00+00:00
[2025-09-25T05:15:46.387+0000] {processor.py:208} INFO - Processing /home/airflow/.local/lib/python3.12/site-packages/airflow/example_dags/example_outlet_event_extra.py took 0.607 seconds
[2025-09-25T05:16:17.070+0000] {processor.py:186} INFO - Started process (PID=533) to work on /home/airflow/.local/lib/python3.12/site-packages/airflow/example_dags/example_outlet_event_extra.py
[2025-09-25T05:16:17.071+0000] {processor.py:914} INFO - Processing file /home/airflow/.local/lib/python3.12/site-packages/airflow/example_dags/example_outlet_event_extra.py for tasks to queue
[2025-09-25T05:16:17.073+0000] {logging_mixin.py:190} INFO - [2025-09-25T05:16:17.073+0000] {dagbag.py:588} INFO - Filling up the DagBag from /home/airflow/.local/lib/python3.12/site-packages/airflow/example_dags/example_outlet_event_extra.py
[2025-09-25T05:16:17.530+0000] {processor.py:925} INFO - DAG(s) 'dataset_with_extra_from_classic_operator', 'dataset_with_extra_by_yield', 'dataset_with_extra_by_context' retrieved from /home/airflow/.local/lib/python3.12/site-packages/airflow/example_dags/example_outlet_event_extra.py
[2025-09-25T05:16:17.555+0000] {logging_mixin.py:190} INFO - [2025-09-25T05:16:17.555+0000] {dag.py:3239} INFO - Sync 3 DAGs
[2025-09-25T05:16:17.574+0000] {logging_mixin.py:190} INFO - [2025-09-25T05:16:17.574+0000] {dag.py:4180} INFO - Setting next_dagrun for dataset_with_extra_by_context to 2025-09-24 00:00:00+00:00, run_after=2025-09-25 00:00:00+00:00
[2025-09-25T05:16:17.579+0000] {logging_mixin.py:190} INFO - [2025-09-25T05:16:17.578+0000] {dag.py:4180} INFO - Setting next_dagrun for dataset_with_extra_by_yield to 2025-09-24 00:00:00+00:00, run_after=2025-09-25 00:00:00+00:00
[2025-09-25T05:16:17.580+0000] {logging_mixin.py:190} INFO - [2025-09-25T05:16:17.580+0000] {dag.py:4180} INFO - Setting next_dagrun for dataset_with_extra_from_classic_operator to 2025-09-24 00:00:00+00:00, run_after=2025-09-25 00:00:00+00:00
[2025-09-25T05:16:17.596+0000] {processor.py:208} INFO - Processing /home/airflow/.local/lib/python3.12/site-packages/airflow/example_dags/example_outlet_event_extra.py took 0.531 seconds
[2025-09-25T05:16:48.155+0000] {processor.py:186} INFO - Started process (PID=598) to work on /home/airflow/.local/lib/python3.12/site-packages/airflow/example_dags/example_outlet_event_extra.py
[2025-09-25T05:16:48.156+0000] {processor.py:914} INFO - Processing file /home/airflow/.local/lib/python3.12/site-packages/airflow/example_dags/example_outlet_event_extra.py for tasks to queue
[2025-09-25T05:16:48.158+0000] {logging_mixin.py:190} INFO - [2025-09-25T05:16:48.158+0000] {dagbag.py:588} INFO - Filling up the DagBag from /home/airflow/.local/lib/python3.12/site-packages/airflow/example_dags/example_outlet_event_extra.py
[2025-09-25T05:16:48.632+0000] {processor.py:925} INFO - DAG(s) 'dataset_with_extra_by_yield', 'dataset_with_extra_by_context', 'dataset_with_extra_from_classic_operator' retrieved from /home/airflow/.local/lib/python3.12/site-packages/airflow/example_dags/example_outlet_event_extra.py
[2025-09-25T05:16:48.672+0000] {logging_mixin.py:190} INFO - [2025-09-25T05:16:48.671+0000] {dag.py:3239} INFO - Sync 3 DAGs
[2025-09-25T05:16:48.693+0000] {logging_mixin.py:190} INFO - [2025-09-25T05:16:48.693+0000] {dag.py:4180} INFO - Setting next_dagrun for dataset_with_extra_by_context to 2025-09-24 00:00:00+00:00, run_after=2025-09-25 00:00:00+00:00
[2025-09-25T05:16:48.698+0000] {logging_mixin.py:190} INFO - [2025-09-25T05:16:48.698+0000] {dag.py:4180} INFO - Setting next_dagrun for dataset_with_extra_by_yield to 2025-09-24 00:00:00+00:00, run_after=2025-09-25 00:00:00+00:00
[2025-09-25T05:16:48.702+0000] {logging_mixin.py:190} INFO - [2025-09-25T05:16:48.701+0000] {dag.py:4180} INFO - Setting next_dagrun for dataset_with_extra_from_classic_operator to 2025-09-24 00:00:00+00:00, run_after=2025-09-25 00:00:00+00:00
[2025-09-25T05:16:48.723+0000] {processor.py:208} INFO - Processing /home/airflow/.local/lib/python3.12/site-packages/airflow/example_dags/example_outlet_event_extra.py took 0.573 seconds
[2025-09-25T05:17:18.854+0000] {processor.py:186} INFO - Started process (PID=663) to work on /home/airflow/.local/lib/python3.12/site-packages/airflow/example_dags/example_outlet_event_extra.py
[2025-09-25T05:17:18.855+0000] {processor.py:914} INFO - Processing file /home/airflow/.local/lib/python3.12/site-packages/airflow/example_dags/example_outlet_event_extra.py for tasks to queue
[2025-09-25T05:17:18.857+0000] {logging_mixin.py:190} INFO - [2025-09-25T05:17:18.857+0000] {dagbag.py:588} INFO - Filling up the DagBag from /home/airflow/.local/lib/python3.12/site-packages/airflow/example_dags/example_outlet_event_extra.py
[2025-09-25T05:17:19.307+0000] {processor.py:925} INFO - DAG(s) 'dataset_with_extra_by_context', 'dataset_with_extra_from_classic_operator', 'dataset_with_extra_by_yield' retrieved from /home/airflow/.local/lib/python3.12/site-packages/airflow/example_dags/example_outlet_event_extra.py
[2025-09-25T05:17:19.325+0000] {logging_mixin.py:190} INFO - [2025-09-25T05:17:19.325+0000] {dag.py:3239} INFO - Sync 3 DAGs
[2025-09-25T05:17:19.343+0000] {logging_mixin.py:190} INFO - [2025-09-25T05:17:19.343+0000] {dag.py:4180} INFO - Setting next_dagrun for dataset_with_extra_by_context to 2025-09-24 00:00:00+00:00, run_after=2025-09-25 00:00:00+00:00
[2025-09-25T05:17:19.347+0000] {logging_mixin.py:190} INFO - [2025-09-25T05:17:19.347+0000] {dag.py:4180} INFO - Setting next_dagrun for dataset_with_extra_by_yield to 2025-09-24 00:00:00+00:00, run_after=2025-09-25 00:00:00+00:00
[2025-09-25T05:17:19.349+0000] {logging_mixin.py:190} INFO - [2025-09-25T05:17:19.348+0000] {dag.py:4180} INFO - Setting next_dagrun for dataset_with_extra_from_classic_operator to 2025-09-24 00:00:00+00:00, run_after=2025-09-25 00:00:00+00:00
[2025-09-25T05:17:19.365+0000] {processor.py:208} INFO - Processing /home/airflow/.local/lib/python3.12/site-packages/airflow/example_dags/example_outlet_event_extra.py took 0.517 seconds
[2025-09-25T05:17:50.117+0000] {processor.py:186} INFO - Started process (PID=728) to work on /home/airflow/.local/lib/python3.12/site-packages/airflow/example_dags/example_outlet_event_extra.py
[2025-09-25T05:17:50.118+0000] {processor.py:914} INFO - Processing file /home/airflow/.local/lib/python3.12/site-packages/airflow/example_dags/example_outlet_event_extra.py for tasks to queue
[2025-09-25T05:17:50.120+0000] {logging_mixin.py:190} INFO - [2025-09-25T05:17:50.120+0000] {dagbag.py:588} INFO - Filling up the DagBag from /home/airflow/.local/lib/python3.12/site-packages/airflow/example_dags/example_outlet_event_extra.py
[2025-09-25T05:17:50.589+0000] {processor.py:925} INFO - DAG(s) 'dataset_with_extra_by_context', 'dataset_with_extra_from_classic_operator', 'dataset_with_extra_by_yield' retrieved from /home/airflow/.local/lib/python3.12/site-packages/airflow/example_dags/example_outlet_event_extra.py
[2025-09-25T05:17:50.608+0000] {logging_mixin.py:190} INFO - [2025-09-25T05:17:50.607+0000] {dag.py:3239} INFO - Sync 3 DAGs
[2025-09-25T05:17:50.626+0000] {logging_mixin.py:190} INFO - [2025-09-25T05:17:50.626+0000] {dag.py:4180} INFO - Setting next_dagrun for dataset_with_extra_by_context to 2025-09-24 00:00:00+00:00, run_after=2025-09-25 00:00:00+00:00
[2025-09-25T05:17:50.630+0000] {logging_mixin.py:190} INFO - [2025-09-25T05:17:50.630+0000] {dag.py:4180} INFO - Setting next_dagrun for dataset_with_extra_by_yield to 2025-09-24 00:00:00+00:00, run_after=2025-09-25 00:00:00+00:00
[2025-09-25T05:17:50.632+0000] {logging_mixin.py:190} INFO - [2025-09-25T05:17:50.632+0000] {dag.py:4180} INFO - Setting next_dagrun for dataset_with_extra_from_classic_operator to 2025-09-24 00:00:00+00:00, run_after=2025-09-25 00:00:00+00:00
[2025-09-25T05:17:50.649+0000] {processor.py:208} INFO - Processing /home/airflow/.local/lib/python3.12/site-packages/airflow/example_dags/example_outlet_event_extra.py took 0.537 seconds
[2025-09-25T05:18:21.620+0000] {processor.py:186} INFO - Started process (PID=793) to work on /home/airflow/.local/lib/python3.12/site-packages/airflow/example_dags/example_outlet_event_extra.py
[2025-09-25T05:18:21.621+0000] {processor.py:914} INFO - Processing file /home/airflow/.local/lib/python3.12/site-packages/airflow/example_dags/example_outlet_event_extra.py for tasks to queue
[2025-09-25T05:18:21.623+0000] {logging_mixin.py:190} INFO - [2025-09-25T05:18:21.623+0000] {dagbag.py:588} INFO - Filling up the DagBag from /home/airflow/.local/lib/python3.12/site-packages/airflow/example_dags/example_outlet_event_extra.py
[2025-09-25T05:18:22.134+0000] {processor.py:925} INFO - DAG(s) 'dataset_with_extra_by_context', 'dataset_with_extra_by_yield', 'dataset_with_extra_from_classic_operator' retrieved from /home/airflow/.local/lib/python3.12/site-packages/airflow/example_dags/example_outlet_event_extra.py
[2025-09-25T05:18:22.156+0000] {logging_mixin.py:190} INFO - [2025-09-25T05:18:22.156+0000] {dag.py:3239} INFO - Sync 3 DAGs
[2025-09-25T05:18:22.178+0000] {logging_mixin.py:190} INFO - [2025-09-25T05:18:22.178+0000] {dag.py:4180} INFO - Setting next_dagrun for dataset_with_extra_by_context to 2025-09-24 00:00:00+00:00, run_after=2025-09-25 00:00:00+00:00
[2025-09-25T05:18:22.184+0000] {logging_mixin.py:190} INFO - [2025-09-25T05:18:22.184+0000] {dag.py:4180} INFO - Setting next_dagrun for dataset_with_extra_by_yield to 2025-09-24 00:00:00+00:00, run_after=2025-09-25 00:00:00+00:00
[2025-09-25T05:18:22.186+0000] {logging_mixin.py:190} INFO - [2025-09-25T05:18:22.186+0000] {dag.py:4180} INFO - Setting next_dagrun for dataset_with_extra_from_classic_operator to 2025-09-24 00:00:00+00:00, run_after=2025-09-25 00:00:00+00:00
[2025-09-25T05:18:22.206+0000] {processor.py:208} INFO - Processing /home/airflow/.local/lib/python3.12/site-packages/airflow/example_dags/example_outlet_event_extra.py took 0.591 seconds
[2025-09-25T05:18:52.915+0000] {processor.py:186} INFO - Started process (PID=858) to work on /home/airflow/.local/lib/python3.12/site-packages/airflow/example_dags/example_outlet_event_extra.py
[2025-09-25T05:18:52.916+0000] {processor.py:914} INFO - Processing file /home/airflow/.local/lib/python3.12/site-packages/airflow/example_dags/example_outlet_event_extra.py for tasks to queue
[2025-09-25T05:18:52.918+0000] {logging_mixin.py:190} INFO - [2025-09-25T05:18:52.918+0000] {dagbag.py:588} INFO - Filling up the DagBag from /home/airflow/.local/lib/python3.12/site-packages/airflow/example_dags/example_outlet_event_extra.py
[2025-09-25T05:18:53.375+0000] {processor.py:925} INFO - DAG(s) 'dataset_with_extra_by_context', 'dataset_with_extra_from_classic_operator', 'dataset_with_extra_by_yield' retrieved from /home/airflow/.local/lib/python3.12/site-packages/airflow/example_dags/example_outlet_event_extra.py
[2025-09-25T05:18:53.393+0000] {logging_mixin.py:190} INFO - [2025-09-25T05:18:53.393+0000] {dag.py:3239} INFO - Sync 3 DAGs
[2025-09-25T05:18:53.412+0000] {logging_mixin.py:190} INFO - [2025-09-25T05:18:53.411+0000] {dag.py:4180} INFO - Setting next_dagrun for dataset_with_extra_by_context to 2025-09-24 00:00:00+00:00, run_after=2025-09-25 00:00:00+00:00
[2025-09-25T05:18:53.416+0000] {logging_mixin.py:190} INFO - [2025-09-25T05:18:53.416+0000] {dag.py:4180} INFO - Setting next_dagrun for dataset_with_extra_by_yield to 2025-09-24 00:00:00+00:00, run_after=2025-09-25 00:00:00+00:00
[2025-09-25T05:18:53.418+0000] {logging_mixin.py:190} INFO - [2025-09-25T05:18:53.417+0000] {dag.py:4180} INFO - Setting next_dagrun for dataset_with_extra_from_classic_operator to 2025-09-24 00:00:00+00:00, run_after=2025-09-25 00:00:00+00:00
[2025-09-25T05:18:53.436+0000] {processor.py:208} INFO - Processing /home/airflow/.local/lib/python3.12/site-packages/airflow/example_dags/example_outlet_event_extra.py took 0.526 seconds
[2025-09-25T05:19:24.183+0000] {processor.py:186} INFO - Started process (PID=929) to work on /home/airflow/.local/lib/python3.12/site-packages/airflow/example_dags/example_outlet_event_extra.py
[2025-09-25T05:19:24.184+0000] {processor.py:914} INFO - Processing file /home/airflow/.local/lib/python3.12/site-packages/airflow/example_dags/example_outlet_event_extra.py for tasks to queue
[2025-09-25T05:19:24.186+0000] {logging_mixin.py:190} INFO - [2025-09-25T05:19:24.186+0000] {dagbag.py:588} INFO - Filling up the DagBag from /home/airflow/.local/lib/python3.12/site-packages/airflow/example_dags/example_outlet_event_extra.py
[2025-09-25T05:19:24.641+0000] {processor.py:925} INFO - DAG(s) 'dataset_with_extra_by_yield', 'dataset_with_extra_by_context', 'dataset_with_extra_from_classic_operator' retrieved from /home/airflow/.local/lib/python3.12/site-packages/airflow/example_dags/example_outlet_event_extra.py
[2025-09-25T05:19:24.661+0000] {logging_mixin.py:190} INFO - [2025-09-25T05:19:24.661+0000] {dag.py:3239} INFO - Sync 3 DAGs
[2025-09-25T05:19:24.684+0000] {logging_mixin.py:190} INFO - [2025-09-25T05:19:24.683+0000] {dag.py:4180} INFO - Setting next_dagrun for dataset_with_extra_by_context to 2025-09-24 00:00:00+00:00, run_after=2025-09-25 00:00:00+00:00
[2025-09-25T05:19:24.688+0000] {logging_mixin.py:190} INFO - [2025-09-25T05:19:24.688+0000] {dag.py:4180} INFO - Setting next_dagrun for dataset_with_extra_by_yield to 2025-09-24 00:00:00+00:00, run_after=2025-09-25 00:00:00+00:00
[2025-09-25T05:19:24.690+0000] {logging_mixin.py:190} INFO - [2025-09-25T05:19:24.690+0000] {dag.py:4180} INFO - Setting next_dagrun for dataset_with_extra_from_classic_operator to 2025-09-24 00:00:00+00:00, run_after=2025-09-25 00:00:00+00:00
[2025-09-25T05:19:24.710+0000] {processor.py:208} INFO - Processing /home/airflow/.local/lib/python3.12/site-packages/airflow/example_dags/example_outlet_event_extra.py took 0.533 seconds
[2025-09-25T05:19:55.399+0000] {processor.py:186} INFO - Started process (PID=994) to work on /home/airflow/.local/lib/python3.12/site-packages/airflow/example_dags/example_outlet_event_extra.py
[2025-09-25T05:19:55.400+0000] {processor.py:914} INFO - Processing file /home/airflow/.local/lib/python3.12/site-packages/airflow/example_dags/example_outlet_event_extra.py for tasks to queue
[2025-09-25T05:19:55.402+0000] {logging_mixin.py:190} INFO - [2025-09-25T05:19:55.402+0000] {dagbag.py:588} INFO - Filling up the DagBag from /home/airflow/.local/lib/python3.12/site-packages/airflow/example_dags/example_outlet_event_extra.py
[2025-09-25T05:19:55.890+0000] {processor.py:925} INFO - DAG(s) 'dataset_with_extra_by_context', 'dataset_with_extra_from_classic_operator', 'dataset_with_extra_by_yield' retrieved from /home/airflow/.local/lib/python3.12/site-packages/airflow/example_dags/example_outlet_event_extra.py
[2025-09-25T05:19:55.913+0000] {logging_mixin.py:190} INFO - [2025-09-25T05:19:55.913+0000] {dag.py:3239} INFO - Sync 3 DAGs
[2025-09-25T05:19:55.934+0000] {logging_mixin.py:190} INFO - [2025-09-25T05:19:55.934+0000] {dag.py:4180} INFO - Setting next_dagrun for dataset_with_extra_by_context to 2025-09-24 00:00:00+00:00, run_after=2025-09-25 00:00:00+00:00
[2025-09-25T05:19:55.938+0000] {logging_mixin.py:190} INFO - [2025-09-25T05:19:55.938+0000] {dag.py:4180} INFO - Setting next_dagrun for dataset_with_extra_by_yield to 2025-09-24 00:00:00+00:00, run_after=2025-09-25 00:00:00+00:00
[2025-09-25T05:19:55.940+0000] {logging_mixin.py:190} INFO - [2025-09-25T05:19:55.940+0000] {dag.py:4180} INFO - Setting next_dagrun for dataset_with_extra_from_classic_operator to 2025-09-24 00:00:00+00:00, run_after=2025-09-25 00:00:00+00:00
[2025-09-25T05:19:55.956+0000] {processor.py:208} INFO - Processing /home/airflow/.local/lib/python3.12/site-packages/airflow/example_dags/example_outlet_event_extra.py took 0.563 seconds
[2025-09-25T05:25:41.329+0000] {processor.py:186} INFO - Started process (PID=77) to work on /home/airflow/.local/lib/python3.12/site-packages/airflow/example_dags/example_outlet_event_extra.py
[2025-09-25T05:25:41.330+0000] {processor.py:914} INFO - Processing file /home/airflow/.local/lib/python3.12/site-packages/airflow/example_dags/example_outlet_event_extra.py for tasks to queue
[2025-09-25T05:25:41.332+0000] {logging_mixin.py:190} INFO - [2025-09-25T05:25:41.332+0000] {dagbag.py:588} INFO - Filling up the DagBag from /home/airflow/.local/lib/python3.12/site-packages/airflow/example_dags/example_outlet_event_extra.py
[2025-09-25T05:25:41.810+0000] {processor.py:925} INFO - DAG(s) 'dataset_with_extra_by_context', 'dataset_with_extra_by_yield', 'dataset_with_extra_from_classic_operator' retrieved from /home/airflow/.local/lib/python3.12/site-packages/airflow/example_dags/example_outlet_event_extra.py
[2025-09-25T05:25:41.939+0000] {logging_mixin.py:190} INFO - [2025-09-25T05:25:41.939+0000] {dag.py:3239} INFO - Sync 3 DAGs
[2025-09-25T05:25:41.958+0000] {logging_mixin.py:190} INFO - [2025-09-25T05:25:41.958+0000] {dag.py:4180} INFO - Setting next_dagrun for dataset_with_extra_by_context to 2025-09-24 00:00:00+00:00, run_after=2025-09-25 00:00:00+00:00
[2025-09-25T05:25:41.962+0000] {logging_mixin.py:190} INFO - [2025-09-25T05:25:41.961+0000] {dag.py:4180} INFO - Setting next_dagrun for dataset_with_extra_by_yield to 2025-09-24 00:00:00+00:00, run_after=2025-09-25 00:00:00+00:00
[2025-09-25T05:25:41.964+0000] {logging_mixin.py:190} INFO - [2025-09-25T05:25:41.964+0000] {dag.py:4180} INFO - Setting next_dagrun for dataset_with_extra_from_classic_operator to 2025-09-24 00:00:00+00:00, run_after=2025-09-25 00:00:00+00:00
[2025-09-25T05:25:41.992+0000] {processor.py:208} INFO - Processing /home/airflow/.local/lib/python3.12/site-packages/airflow/example_dags/example_outlet_event_extra.py took 0.669 seconds
[2025-09-25T05:26:12.104+0000] {processor.py:186} INFO - Started process (PID=142) to work on /home/airflow/.local/lib/python3.12/site-packages/airflow/example_dags/example_outlet_event_extra.py
[2025-09-25T05:26:12.106+0000] {processor.py:914} INFO - Processing file /home/airflow/.local/lib/python3.12/site-packages/airflow/example_dags/example_outlet_event_extra.py for tasks to queue
[2025-09-25T05:26:12.108+0000] {logging_mixin.py:190} INFO - [2025-09-25T05:26:12.108+0000] {dagbag.py:588} INFO - Filling up the DagBag from /home/airflow/.local/lib/python3.12/site-packages/airflow/example_dags/example_outlet_event_extra.py
[2025-09-25T05:26:12.562+0000] {processor.py:925} INFO - DAG(s) 'dataset_with_extra_from_classic_operator', 'dataset_with_extra_by_context', 'dataset_with_extra_by_yield' retrieved from /home/airflow/.local/lib/python3.12/site-packages/airflow/example_dags/example_outlet_event_extra.py
[2025-09-25T05:26:12.580+0000] {logging_mixin.py:190} INFO - [2025-09-25T05:26:12.579+0000] {dag.py:3239} INFO - Sync 3 DAGs
[2025-09-25T05:26:12.599+0000] {logging_mixin.py:190} INFO - [2025-09-25T05:26:12.599+0000] {dag.py:4180} INFO - Setting next_dagrun for dataset_with_extra_by_context to 2025-09-24 00:00:00+00:00, run_after=2025-09-25 00:00:00+00:00
[2025-09-25T05:26:12.602+0000] {logging_mixin.py:190} INFO - [2025-09-25T05:26:12.602+0000] {dag.py:4180} INFO - Setting next_dagrun for dataset_with_extra_by_yield to 2025-09-24 00:00:00+00:00, run_after=2025-09-25 00:00:00+00:00
[2025-09-25T05:26:12.604+0000] {logging_mixin.py:190} INFO - [2025-09-25T05:26:12.604+0000] {dag.py:4180} INFO - Setting next_dagrun for dataset_with_extra_from_classic_operator to 2025-09-24 00:00:00+00:00, run_after=2025-09-25 00:00:00+00:00
[2025-09-25T05:26:12.620+0000] {processor.py:208} INFO - Processing /home/airflow/.local/lib/python3.12/site-packages/airflow/example_dags/example_outlet_event_extra.py took 0.521 seconds
[2025-09-25T05:26:42.995+0000] {processor.py:186} INFO - Started process (PID=207) to work on /home/airflow/.local/lib/python3.12/site-packages/airflow/example_dags/example_outlet_event_extra.py
[2025-09-25T05:26:42.996+0000] {processor.py:914} INFO - Processing file /home/airflow/.local/lib/python3.12/site-packages/airflow/example_dags/example_outlet_event_extra.py for tasks to queue
[2025-09-25T05:26:42.998+0000] {logging_mixin.py:190} INFO - [2025-09-25T05:26:42.998+0000] {dagbag.py:588} INFO - Filling up the DagBag from /home/airflow/.local/lib/python3.12/site-packages/airflow/example_dags/example_outlet_event_extra.py
[2025-09-25T05:26:43.552+0000] {processor.py:925} INFO - DAG(s) 'dataset_with_extra_from_classic_operator', 'dataset_with_extra_by_context', 'dataset_with_extra_by_yield' retrieved from /home/airflow/.local/lib/python3.12/site-packages/airflow/example_dags/example_outlet_event_extra.py
[2025-09-25T05:26:43.572+0000] {logging_mixin.py:190} INFO - [2025-09-25T05:26:43.572+0000] {dag.py:3239} INFO - Sync 3 DAGs
[2025-09-25T05:26:43.592+0000] {logging_mixin.py:190} INFO - [2025-09-25T05:26:43.592+0000] {dag.py:4180} INFO - Setting next_dagrun for dataset_with_extra_by_context to 2025-09-24 00:00:00+00:00, run_after=2025-09-25 00:00:00+00:00
[2025-09-25T05:26:43.596+0000] {logging_mixin.py:190} INFO - [2025-09-25T05:26:43.595+0000] {dag.py:4180} INFO - Setting next_dagrun for dataset_with_extra_by_yield to 2025-09-24 00:00:00+00:00, run_after=2025-09-25 00:00:00+00:00
[2025-09-25T05:26:43.598+0000] {logging_mixin.py:190} INFO - [2025-09-25T05:26:43.598+0000] {dag.py:4180} INFO - Setting next_dagrun for dataset_with_extra_from_classic_operator to 2025-09-24 00:00:00+00:00, run_after=2025-09-25 00:00:00+00:00
[2025-09-25T05:26:43.614+0000] {processor.py:208} INFO - Processing /home/airflow/.local/lib/python3.12/site-packages/airflow/example_dags/example_outlet_event_extra.py took 0.624 seconds
[2025-09-25T05:27:13.716+0000] {processor.py:186} INFO - Started process (PID=272) to work on /home/airflow/.local/lib/python3.12/site-packages/airflow/example_dags/example_outlet_event_extra.py
[2025-09-25T05:27:13.717+0000] {processor.py:914} INFO - Processing file /home/airflow/.local/lib/python3.12/site-packages/airflow/example_dags/example_outlet_event_extra.py for tasks to queue
[2025-09-25T05:27:13.719+0000] {logging_mixin.py:190} INFO - [2025-09-25T05:27:13.719+0000] {dagbag.py:588} INFO - Filling up the DagBag from /home/airflow/.local/lib/python3.12/site-packages/airflow/example_dags/example_outlet_event_extra.py
[2025-09-25T05:27:14.150+0000] {processor.py:925} INFO - DAG(s) 'dataset_with_extra_by_context', 'dataset_with_extra_from_classic_operator', 'dataset_with_extra_by_yield' retrieved from /home/airflow/.local/lib/python3.12/site-packages/airflow/example_dags/example_outlet_event_extra.py
[2025-09-25T05:27:14.168+0000] {logging_mixin.py:190} INFO - [2025-09-25T05:27:14.168+0000] {dag.py:3239} INFO - Sync 3 DAGs
[2025-09-25T05:27:14.186+0000] {logging_mixin.py:190} INFO - [2025-09-25T05:27:14.186+0000] {dag.py:4180} INFO - Setting next_dagrun for dataset_with_extra_by_context to 2025-09-24 00:00:00+00:00, run_after=2025-09-25 00:00:00+00:00
[2025-09-25T05:27:14.190+0000] {logging_mixin.py:190} INFO - [2025-09-25T05:27:14.190+0000] {dag.py:4180} INFO - Setting next_dagrun for dataset_with_extra_by_yield to 2025-09-24 00:00:00+00:00, run_after=2025-09-25 00:00:00+00:00
[2025-09-25T05:27:14.192+0000] {logging_mixin.py:190} INFO - [2025-09-25T05:27:14.192+0000] {dag.py:4180} INFO - Setting next_dagrun for dataset_with_extra_from_classic_operator to 2025-09-24 00:00:00+00:00, run_after=2025-09-25 00:00:00+00:00
[2025-09-25T05:27:14.208+0000] {processor.py:208} INFO - Processing /home/airflow/.local/lib/python3.12/site-packages/airflow/example_dags/example_outlet_event_extra.py took 0.497 seconds
[2025-09-25T05:27:44.474+0000] {processor.py:186} INFO - Started process (PID=337) to work on /home/airflow/.local/lib/python3.12/site-packages/airflow/example_dags/example_outlet_event_extra.py
[2025-09-25T05:27:44.475+0000] {processor.py:914} INFO - Processing file /home/airflow/.local/lib/python3.12/site-packages/airflow/example_dags/example_outlet_event_extra.py for tasks to queue
[2025-09-25T05:27:44.477+0000] {logging_mixin.py:190} INFO - [2025-09-25T05:27:44.477+0000] {dagbag.py:588} INFO - Filling up the DagBag from /home/airflow/.local/lib/python3.12/site-packages/airflow/example_dags/example_outlet_event_extra.py
[2025-09-25T05:27:44.916+0000] {processor.py:925} INFO - DAG(s) 'dataset_with_extra_by_yield', 'dataset_with_extra_by_context', 'dataset_with_extra_from_classic_operator' retrieved from /home/airflow/.local/lib/python3.12/site-packages/airflow/example_dags/example_outlet_event_extra.py
[2025-09-25T05:27:44.935+0000] {logging_mixin.py:190} INFO - [2025-09-25T05:27:44.935+0000] {dag.py:3239} INFO - Sync 3 DAGs
[2025-09-25T05:27:44.955+0000] {logging_mixin.py:190} INFO - [2025-09-25T05:27:44.955+0000] {dag.py:4180} INFO - Setting next_dagrun for dataset_with_extra_by_context to 2025-09-24 00:00:00+00:00, run_after=2025-09-25 00:00:00+00:00
[2025-09-25T05:27:44.959+0000] {logging_mixin.py:190} INFO - [2025-09-25T05:27:44.959+0000] {dag.py:4180} INFO - Setting next_dagrun for dataset_with_extra_by_yield to 2025-09-24 00:00:00+00:00, run_after=2025-09-25 00:00:00+00:00
[2025-09-25T05:27:44.961+0000] {logging_mixin.py:190} INFO - [2025-09-25T05:27:44.961+0000] {dag.py:4180} INFO - Setting next_dagrun for dataset_with_extra_from_classic_operator to 2025-09-24 00:00:00+00:00, run_after=2025-09-25 00:00:00+00:00
[2025-09-25T05:27:44.979+0000] {processor.py:208} INFO - Processing /home/airflow/.local/lib/python3.12/site-packages/airflow/example_dags/example_outlet_event_extra.py took 0.511 seconds
[2025-09-25T05:28:56.359+0000] {processor.py:186} INFO - Started process (PID=78) to work on /home/airflow/.local/lib/python3.12/site-packages/airflow/example_dags/example_outlet_event_extra.py
[2025-09-25T05:28:56.360+0000] {processor.py:914} INFO - Processing file /home/airflow/.local/lib/python3.12/site-packages/airflow/example_dags/example_outlet_event_extra.py for tasks to queue
[2025-09-25T05:28:56.362+0000] {logging_mixin.py:190} INFO - [2025-09-25T05:28:56.362+0000] {dagbag.py:588} INFO - Filling up the DagBag from /home/airflow/.local/lib/python3.12/site-packages/airflow/example_dags/example_outlet_event_extra.py
[2025-09-25T05:28:56.781+0000] {processor.py:925} INFO - DAG(s) 'dataset_with_extra_by_yield', 'dataset_with_extra_by_context', 'dataset_with_extra_from_classic_operator' retrieved from /home/airflow/.local/lib/python3.12/site-packages/airflow/example_dags/example_outlet_event_extra.py
[2025-09-25T05:28:56.799+0000] {logging_mixin.py:190} INFO - [2025-09-25T05:28:56.799+0000] {dag.py:3239} INFO - Sync 3 DAGs
[2025-09-25T05:28:56.816+0000] {logging_mixin.py:190} INFO - [2025-09-25T05:28:56.816+0000] {dag.py:4180} INFO - Setting next_dagrun for dataset_with_extra_by_context to 2025-09-24 00:00:00+00:00, run_after=2025-09-25 00:00:00+00:00
[2025-09-25T05:28:56.819+0000] {logging_mixin.py:190} INFO - [2025-09-25T05:28:56.819+0000] {dag.py:4180} INFO - Setting next_dagrun for dataset_with_extra_by_yield to 2025-09-24 00:00:00+00:00, run_after=2025-09-25 00:00:00+00:00
[2025-09-25T05:28:56.821+0000] {logging_mixin.py:190} INFO - [2025-09-25T05:28:56.821+0000] {dag.py:4180} INFO - Setting next_dagrun for dataset_with_extra_from_classic_operator to 2025-09-24 00:00:00+00:00, run_after=2025-09-25 00:00:00+00:00
[2025-09-25T05:28:56.835+0000] {processor.py:208} INFO - Processing /home/airflow/.local/lib/python3.12/site-packages/airflow/example_dags/example_outlet_event_extra.py took 0.481 seconds
[2025-09-25T05:29:27.328+0000] {processor.py:186} INFO - Started process (PID=145) to work on /home/airflow/.local/lib/python3.12/site-packages/airflow/example_dags/example_outlet_event_extra.py
[2025-09-25T05:29:27.329+0000] {processor.py:914} INFO - Processing file /home/airflow/.local/lib/python3.12/site-packages/airflow/example_dags/example_outlet_event_extra.py for tasks to queue
[2025-09-25T05:29:27.331+0000] {logging_mixin.py:190} INFO - [2025-09-25T05:29:27.331+0000] {dagbag.py:588} INFO - Filling up the DagBag from /home/airflow/.local/lib/python3.12/site-packages/airflow/example_dags/example_outlet_event_extra.py
[2025-09-25T05:29:27.806+0000] {processor.py:925} INFO - DAG(s) 'dataset_with_extra_from_classic_operator', 'dataset_with_extra_by_context', 'dataset_with_extra_by_yield' retrieved from /home/airflow/.local/lib/python3.12/site-packages/airflow/example_dags/example_outlet_event_extra.py
[2025-09-25T05:29:27.824+0000] {logging_mixin.py:190} INFO - [2025-09-25T05:29:27.824+0000] {dag.py:3239} INFO - Sync 3 DAGs
[2025-09-25T05:29:27.842+0000] {logging_mixin.py:190} INFO - [2025-09-25T05:29:27.842+0000] {dag.py:4180} INFO - Setting next_dagrun for dataset_with_extra_by_context to 2025-09-24 00:00:00+00:00, run_after=2025-09-25 00:00:00+00:00
[2025-09-25T05:29:27.845+0000] {logging_mixin.py:190} INFO - [2025-09-25T05:29:27.845+0000] {dag.py:4180} INFO - Setting next_dagrun for dataset_with_extra_by_yield to 2025-09-24 00:00:00+00:00, run_after=2025-09-25 00:00:00+00:00
[2025-09-25T05:29:27.847+0000] {logging_mixin.py:190} INFO - [2025-09-25T05:29:27.847+0000] {dag.py:4180} INFO - Setting next_dagrun for dataset_with_extra_from_classic_operator to 2025-09-24 00:00:00+00:00, run_after=2025-09-25 00:00:00+00:00
[2025-09-25T05:29:27.865+0000] {processor.py:208} INFO - Processing /home/airflow/.local/lib/python3.12/site-packages/airflow/example_dags/example_outlet_event_extra.py took 0.543 seconds
[2025-09-25T05:29:58.616+0000] {processor.py:186} INFO - Started process (PID=218) to work on /home/airflow/.local/lib/python3.12/site-packages/airflow/example_dags/example_outlet_event_extra.py
[2025-09-25T05:29:58.617+0000] {processor.py:914} INFO - Processing file /home/airflow/.local/lib/python3.12/site-packages/airflow/example_dags/example_outlet_event_extra.py for tasks to queue
[2025-09-25T05:29:58.619+0000] {logging_mixin.py:190} INFO - [2025-09-25T05:29:58.619+0000] {dagbag.py:588} INFO - Filling up the DagBag from /home/airflow/.local/lib/python3.12/site-packages/airflow/example_dags/example_outlet_event_extra.py
[2025-09-25T05:29:59.041+0000] {processor.py:925} INFO - DAG(s) 'dataset_with_extra_by_context', 'dataset_with_extra_from_classic_operator', 'dataset_with_extra_by_yield' retrieved from /home/airflow/.local/lib/python3.12/site-packages/airflow/example_dags/example_outlet_event_extra.py
[2025-09-25T05:29:59.057+0000] {logging_mixin.py:190} INFO - [2025-09-25T05:29:59.057+0000] {dag.py:3239} INFO - Sync 3 DAGs
[2025-09-25T05:29:59.074+0000] {logging_mixin.py:190} INFO - [2025-09-25T05:29:59.074+0000] {dag.py:4180} INFO - Setting next_dagrun for dataset_with_extra_by_context to 2025-09-24 00:00:00+00:00, run_after=2025-09-25 00:00:00+00:00
[2025-09-25T05:29:59.077+0000] {logging_mixin.py:190} INFO - [2025-09-25T05:29:59.077+0000] {dag.py:4180} INFO - Setting next_dagrun for dataset_with_extra_by_yield to 2025-09-24 00:00:00+00:00, run_after=2025-09-25 00:00:00+00:00
[2025-09-25T05:29:59.079+0000] {logging_mixin.py:190} INFO - [2025-09-25T05:29:59.078+0000] {dag.py:4180} INFO - Setting next_dagrun for dataset_with_extra_from_classic_operator to 2025-09-24 00:00:00+00:00, run_after=2025-09-25 00:00:00+00:00
[2025-09-25T05:29:59.093+0000] {processor.py:208} INFO - Processing /home/airflow/.local/lib/python3.12/site-packages/airflow/example_dags/example_outlet_event_extra.py took 0.484 seconds
[2025-09-25T05:30:29.324+0000] {processor.py:186} INFO - Started process (PID=273) to work on /home/airflow/.local/lib/python3.12/site-packages/airflow/example_dags/example_outlet_event_extra.py
[2025-09-25T05:30:29.325+0000] {processor.py:914} INFO - Processing file /home/airflow/.local/lib/python3.12/site-packages/airflow/example_dags/example_outlet_event_extra.py for tasks to queue
[2025-09-25T05:30:29.328+0000] {logging_mixin.py:190} INFO - [2025-09-25T05:30:29.327+0000] {dagbag.py:588} INFO - Filling up the DagBag from /home/airflow/.local/lib/python3.12/site-packages/airflow/example_dags/example_outlet_event_extra.py
[2025-09-25T05:30:29.781+0000] {processor.py:925} INFO - DAG(s) 'dataset_with_extra_by_yield', 'dataset_with_extra_by_context', 'dataset_with_extra_from_classic_operator' retrieved from /home/airflow/.local/lib/python3.12/site-packages/airflow/example_dags/example_outlet_event_extra.py
[2025-09-25T05:30:29.799+0000] {logging_mixin.py:190} INFO - [2025-09-25T05:30:29.798+0000] {dag.py:3239} INFO - Sync 3 DAGs
[2025-09-25T05:30:29.815+0000] {logging_mixin.py:190} INFO - [2025-09-25T05:30:29.814+0000] {dag.py:4180} INFO - Setting next_dagrun for dataset_with_extra_by_context to 2025-09-24 00:00:00+00:00, run_after=2025-09-25 00:00:00+00:00
[2025-09-25T05:30:29.818+0000] {logging_mixin.py:190} INFO - [2025-09-25T05:30:29.818+0000] {dag.py:4180} INFO - Setting next_dagrun for dataset_with_extra_by_yield to 2025-09-24 00:00:00+00:00, run_after=2025-09-25 00:00:00+00:00
[2025-09-25T05:30:29.820+0000] {logging_mixin.py:190} INFO - [2025-09-25T05:30:29.820+0000] {dag.py:4180} INFO - Setting next_dagrun for dataset_with_extra_from_classic_operator to 2025-09-24 00:00:00+00:00, run_after=2025-09-25 00:00:00+00:00
[2025-09-25T05:30:29.834+0000] {processor.py:208} INFO - Processing /home/airflow/.local/lib/python3.12/site-packages/airflow/example_dags/example_outlet_event_extra.py took 0.515 seconds
[2025-09-25T05:31:00.135+0000] {processor.py:186} INFO - Started process (PID=338) to work on /home/airflow/.local/lib/python3.12/site-packages/airflow/example_dags/example_outlet_event_extra.py
[2025-09-25T05:31:00.136+0000] {processor.py:914} INFO - Processing file /home/airflow/.local/lib/python3.12/site-packages/airflow/example_dags/example_outlet_event_extra.py for tasks to queue
[2025-09-25T05:31:00.138+0000] {logging_mixin.py:190} INFO - [2025-09-25T05:31:00.138+0000] {dagbag.py:588} INFO - Filling up the DagBag from /home/airflow/.local/lib/python3.12/site-packages/airflow/example_dags/example_outlet_event_extra.py
[2025-09-25T05:31:00.633+0000] {processor.py:925} INFO - DAG(s) 'dataset_with_extra_by_context', 'dataset_with_extra_by_yield', 'dataset_with_extra_from_classic_operator' retrieved from /home/airflow/.local/lib/python3.12/site-packages/airflow/example_dags/example_outlet_event_extra.py
[2025-09-25T05:31:00.654+0000] {logging_mixin.py:190} INFO - [2025-09-25T05:31:00.654+0000] {dag.py:3239} INFO - Sync 3 DAGs
[2025-09-25T05:31:00.672+0000] {logging_mixin.py:190} INFO - [2025-09-25T05:31:00.672+0000] {dag.py:4180} INFO - Setting next_dagrun for dataset_with_extra_by_context to 2025-09-24 00:00:00+00:00, run_after=2025-09-25 00:00:00+00:00
[2025-09-25T05:31:00.676+0000] {logging_mixin.py:190} INFO - [2025-09-25T05:31:00.676+0000] {dag.py:4180} INFO - Setting next_dagrun for dataset_with_extra_by_yield to 2025-09-24 00:00:00+00:00, run_after=2025-09-25 00:00:00+00:00
[2025-09-25T05:31:00.678+0000] {logging_mixin.py:190} INFO - [2025-09-25T05:31:00.678+0000] {dag.py:4180} INFO - Setting next_dagrun for dataset_with_extra_from_classic_operator to 2025-09-24 00:00:00+00:00, run_after=2025-09-25 00:00:00+00:00
[2025-09-25T05:31:00.696+0000] {processor.py:208} INFO - Processing /home/airflow/.local/lib/python3.12/site-packages/airflow/example_dags/example_outlet_event_extra.py took 0.566 seconds
[2025-09-25T05:31:31.234+0000] {processor.py:186} INFO - Started process (PID=403) to work on /home/airflow/.local/lib/python3.12/site-packages/airflow/example_dags/example_outlet_event_extra.py
[2025-09-25T05:31:31.235+0000] {processor.py:914} INFO - Processing file /home/airflow/.local/lib/python3.12/site-packages/airflow/example_dags/example_outlet_event_extra.py for tasks to queue
[2025-09-25T05:31:31.237+0000] {logging_mixin.py:190} INFO - [2025-09-25T05:31:31.237+0000] {dagbag.py:588} INFO - Filling up the DagBag from /home/airflow/.local/lib/python3.12/site-packages/airflow/example_dags/example_outlet_event_extra.py
[2025-09-25T05:31:31.701+0000] {processor.py:925} INFO - DAG(s) 'dataset_with_extra_from_classic_operator', 'dataset_with_extra_by_context', 'dataset_with_extra_by_yield' retrieved from /home/airflow/.local/lib/python3.12/site-packages/airflow/example_dags/example_outlet_event_extra.py
[2025-09-25T05:31:31.723+0000] {logging_mixin.py:190} INFO - [2025-09-25T05:31:31.723+0000] {dag.py:3239} INFO - Sync 3 DAGs
[2025-09-25T05:31:31.741+0000] {logging_mixin.py:190} INFO - [2025-09-25T05:31:31.740+0000] {dag.py:4180} INFO - Setting next_dagrun for dataset_with_extra_by_context to 2025-09-24 00:00:00+00:00, run_after=2025-09-25 00:00:00+00:00
[2025-09-25T05:31:31.745+0000] {logging_mixin.py:190} INFO - [2025-09-25T05:31:31.745+0000] {dag.py:4180} INFO - Setting next_dagrun for dataset_with_extra_by_yield to 2025-09-24 00:00:00+00:00, run_after=2025-09-25 00:00:00+00:00
[2025-09-25T05:31:31.747+0000] {logging_mixin.py:190} INFO - [2025-09-25T05:31:31.747+0000] {dag.py:4180} INFO - Setting next_dagrun for dataset_with_extra_from_classic_operator to 2025-09-24 00:00:00+00:00, run_after=2025-09-25 00:00:00+00:00
[2025-09-25T05:31:31.765+0000] {processor.py:208} INFO - Processing /home/airflow/.local/lib/python3.12/site-packages/airflow/example_dags/example_outlet_event_extra.py took 0.537 seconds
[2025-09-25T05:32:02.372+0000] {processor.py:186} INFO - Started process (PID=468) to work on /home/airflow/.local/lib/python3.12/site-packages/airflow/example_dags/example_outlet_event_extra.py
[2025-09-25T05:32:02.373+0000] {processor.py:914} INFO - Processing file /home/airflow/.local/lib/python3.12/site-packages/airflow/example_dags/example_outlet_event_extra.py for tasks to queue
[2025-09-25T05:32:02.375+0000] {logging_mixin.py:190} INFO - [2025-09-25T05:32:02.375+0000] {dagbag.py:588} INFO - Filling up the DagBag from /home/airflow/.local/lib/python3.12/site-packages/airflow/example_dags/example_outlet_event_extra.py
[2025-09-25T05:32:02.816+0000] {processor.py:925} INFO - DAG(s) 'dataset_with_extra_by_context', 'dataset_with_extra_by_yield', 'dataset_with_extra_from_classic_operator' retrieved from /home/airflow/.local/lib/python3.12/site-packages/airflow/example_dags/example_outlet_event_extra.py
[2025-09-25T05:32:02.835+0000] {logging_mixin.py:190} INFO - [2025-09-25T05:32:02.835+0000] {dag.py:3239} INFO - Sync 3 DAGs
[2025-09-25T05:32:02.853+0000] {logging_mixin.py:190} INFO - [2025-09-25T05:32:02.853+0000] {dag.py:4180} INFO - Setting next_dagrun for dataset_with_extra_by_context to 2025-09-24 00:00:00+00:00, run_after=2025-09-25 00:00:00+00:00
[2025-09-25T05:32:02.858+0000] {logging_mixin.py:190} INFO - [2025-09-25T05:32:02.858+0000] {dag.py:4180} INFO - Setting next_dagrun for dataset_with_extra_by_yield to 2025-09-24 00:00:00+00:00, run_after=2025-09-25 00:00:00+00:00
[2025-09-25T05:32:02.860+0000] {logging_mixin.py:190} INFO - [2025-09-25T05:32:02.860+0000] {dag.py:4180} INFO - Setting next_dagrun for dataset_with_extra_from_classic_operator to 2025-09-24 00:00:00+00:00, run_after=2025-09-25 00:00:00+00:00
[2025-09-25T05:32:02.875+0000] {processor.py:208} INFO - Processing /home/airflow/.local/lib/python3.12/site-packages/airflow/example_dags/example_outlet_event_extra.py took 0.509 seconds
[2025-09-25T05:32:33.800+0000] {processor.py:186} INFO - Started process (PID=533) to work on /home/airflow/.local/lib/python3.12/site-packages/airflow/example_dags/example_outlet_event_extra.py
[2025-09-25T05:32:33.802+0000] {processor.py:914} INFO - Processing file /home/airflow/.local/lib/python3.12/site-packages/airflow/example_dags/example_outlet_event_extra.py for tasks to queue
[2025-09-25T05:32:33.804+0000] {logging_mixin.py:190} INFO - [2025-09-25T05:32:33.803+0000] {dagbag.py:588} INFO - Filling up the DagBag from /home/airflow/.local/lib/python3.12/site-packages/airflow/example_dags/example_outlet_event_extra.py
[2025-09-25T05:32:34.299+0000] {processor.py:925} INFO - DAG(s) 'dataset_with_extra_by_yield', 'dataset_with_extra_from_classic_operator', 'dataset_with_extra_by_context' retrieved from /home/airflow/.local/lib/python3.12/site-packages/airflow/example_dags/example_outlet_event_extra.py
[2025-09-25T05:32:34.328+0000] {logging_mixin.py:190} INFO - [2025-09-25T05:32:34.328+0000] {dag.py:3239} INFO - Sync 3 DAGs
[2025-09-25T05:32:34.352+0000] {logging_mixin.py:190} INFO - [2025-09-25T05:32:34.352+0000] {dag.py:4180} INFO - Setting next_dagrun for dataset_with_extra_by_context to 2025-09-24 00:00:00+00:00, run_after=2025-09-25 00:00:00+00:00
[2025-09-25T05:32:34.360+0000] {logging_mixin.py:190} INFO - [2025-09-25T05:32:34.360+0000] {dag.py:4180} INFO - Setting next_dagrun for dataset_with_extra_by_yield to 2025-09-24 00:00:00+00:00, run_after=2025-09-25 00:00:00+00:00
[2025-09-25T05:32:34.363+0000] {logging_mixin.py:190} INFO - [2025-09-25T05:32:34.363+0000] {dag.py:4180} INFO - Setting next_dagrun for dataset_with_extra_from_classic_operator to 2025-09-24 00:00:00+00:00, run_after=2025-09-25 00:00:00+00:00
[2025-09-25T05:32:34.382+0000] {processor.py:208} INFO - Processing /home/airflow/.local/lib/python3.12/site-packages/airflow/example_dags/example_outlet_event_extra.py took 0.588 seconds
[2025-09-25T05:33:04.538+0000] {processor.py:186} INFO - Started process (PID=598) to work on /home/airflow/.local/lib/python3.12/site-packages/airflow/example_dags/example_outlet_event_extra.py
[2025-09-25T05:33:04.539+0000] {processor.py:914} INFO - Processing file /home/airflow/.local/lib/python3.12/site-packages/airflow/example_dags/example_outlet_event_extra.py for tasks to queue
[2025-09-25T05:33:04.541+0000] {logging_mixin.py:190} INFO - [2025-09-25T05:33:04.541+0000] {dagbag.py:588} INFO - Filling up the DagBag from /home/airflow/.local/lib/python3.12/site-packages/airflow/example_dags/example_outlet_event_extra.py
[2025-09-25T05:33:05.002+0000] {processor.py:925} INFO - DAG(s) 'dataset_with_extra_by_context', 'dataset_with_extra_from_classic_operator', 'dataset_with_extra_by_yield' retrieved from /home/airflow/.local/lib/python3.12/site-packages/airflow/example_dags/example_outlet_event_extra.py
[2025-09-25T05:33:05.021+0000] {logging_mixin.py:190} INFO - [2025-09-25T05:33:05.021+0000] {dag.py:3239} INFO - Sync 3 DAGs
[2025-09-25T05:33:05.039+0000] {logging_mixin.py:190} INFO - [2025-09-25T05:33:05.039+0000] {dag.py:4180} INFO - Setting next_dagrun for dataset_with_extra_by_context to 2025-09-24 00:00:00+00:00, run_after=2025-09-25 00:00:00+00:00
[2025-09-25T05:33:05.043+0000] {logging_mixin.py:190} INFO - [2025-09-25T05:33:05.043+0000] {dag.py:4180} INFO - Setting next_dagrun for dataset_with_extra_by_yield to 2025-09-24 00:00:00+00:00, run_after=2025-09-25 00:00:00+00:00
[2025-09-25T05:33:05.046+0000] {logging_mixin.py:190} INFO - [2025-09-25T05:33:05.045+0000] {dag.py:4180} INFO - Setting next_dagrun for dataset_with_extra_from_classic_operator to 2025-09-24 00:00:00+00:00, run_after=2025-09-25 00:00:00+00:00
[2025-09-25T05:33:05.091+0000] {processor.py:208} INFO - Processing /home/airflow/.local/lib/python3.12/site-packages/airflow/example_dags/example_outlet_event_extra.py took 0.558 seconds
[2025-09-25T05:33:35.708+0000] {processor.py:186} INFO - Started process (PID=663) to work on /home/airflow/.local/lib/python3.12/site-packages/airflow/example_dags/example_outlet_event_extra.py
[2025-09-25T05:33:35.709+0000] {processor.py:914} INFO - Processing file /home/airflow/.local/lib/python3.12/site-packages/airflow/example_dags/example_outlet_event_extra.py for tasks to queue
[2025-09-25T05:33:35.711+0000] {logging_mixin.py:190} INFO - [2025-09-25T05:33:35.711+0000] {dagbag.py:588} INFO - Filling up the DagBag from /home/airflow/.local/lib/python3.12/site-packages/airflow/example_dags/example_outlet_event_extra.py
[2025-09-25T05:33:36.201+0000] {processor.py:925} INFO - DAG(s) 'dataset_with_extra_from_classic_operator', 'dataset_with_extra_by_context', 'dataset_with_extra_by_yield' retrieved from /home/airflow/.local/lib/python3.12/site-packages/airflow/example_dags/example_outlet_event_extra.py
[2025-09-25T05:33:36.219+0000] {logging_mixin.py:190} INFO - [2025-09-25T05:33:36.219+0000] {dag.py:3239} INFO - Sync 3 DAGs
[2025-09-25T05:33:36.236+0000] {logging_mixin.py:190} INFO - [2025-09-25T05:33:36.236+0000] {dag.py:4180} INFO - Setting next_dagrun for dataset_with_extra_by_context to 2025-09-24 00:00:00+00:00, run_after=2025-09-25 00:00:00+00:00
[2025-09-25T05:33:36.241+0000] {logging_mixin.py:190} INFO - [2025-09-25T05:33:36.241+0000] {dag.py:4180} INFO - Setting next_dagrun for dataset_with_extra_by_yield to 2025-09-24 00:00:00+00:00, run_after=2025-09-25 00:00:00+00:00
[2025-09-25T05:33:36.243+0000] {logging_mixin.py:190} INFO - [2025-09-25T05:33:36.243+0000] {dag.py:4180} INFO - Setting next_dagrun for dataset_with_extra_from_classic_operator to 2025-09-24 00:00:00+00:00, run_after=2025-09-25 00:00:00+00:00
[2025-09-25T05:33:36.259+0000] {processor.py:208} INFO - Processing /home/airflow/.local/lib/python3.12/site-packages/airflow/example_dags/example_outlet_event_extra.py took 0.557 seconds
[2025-09-25T05:34:06.843+0000] {processor.py:186} INFO - Started process (PID=728) to work on /home/airflow/.local/lib/python3.12/site-packages/airflow/example_dags/example_outlet_event_extra.py
[2025-09-25T05:34:06.844+0000] {processor.py:914} INFO - Processing file /home/airflow/.local/lib/python3.12/site-packages/airflow/example_dags/example_outlet_event_extra.py for tasks to queue
[2025-09-25T05:34:06.846+0000] {logging_mixin.py:190} INFO - [2025-09-25T05:34:06.846+0000] {dagbag.py:588} INFO - Filling up the DagBag from /home/airflow/.local/lib/python3.12/site-packages/airflow/example_dags/example_outlet_event_extra.py
[2025-09-25T05:34:07.344+0000] {processor.py:925} INFO - DAG(s) 'dataset_with_extra_from_classic_operator', 'dataset_with_extra_by_context', 'dataset_with_extra_by_yield' retrieved from /home/airflow/.local/lib/python3.12/site-packages/airflow/example_dags/example_outlet_event_extra.py
[2025-09-25T05:34:07.363+0000] {logging_mixin.py:190} INFO - [2025-09-25T05:34:07.363+0000] {dag.py:3239} INFO - Sync 3 DAGs
[2025-09-25T05:34:07.380+0000] {logging_mixin.py:190} INFO - [2025-09-25T05:34:07.380+0000] {dag.py:4180} INFO - Setting next_dagrun for dataset_with_extra_by_context to 2025-09-24 00:00:00+00:00, run_after=2025-09-25 00:00:00+00:00
[2025-09-25T05:34:07.384+0000] {logging_mixin.py:190} INFO - [2025-09-25T05:34:07.384+0000] {dag.py:4180} INFO - Setting next_dagrun for dataset_with_extra_by_yield to 2025-09-24 00:00:00+00:00, run_after=2025-09-25 00:00:00+00:00
[2025-09-25T05:34:07.386+0000] {logging_mixin.py:190} INFO - [2025-09-25T05:34:07.386+0000] {dag.py:4180} INFO - Setting next_dagrun for dataset_with_extra_from_classic_operator to 2025-09-24 00:00:00+00:00, run_after=2025-09-25 00:00:00+00:00
[2025-09-25T05:34:07.402+0000] {processor.py:208} INFO - Processing /home/airflow/.local/lib/python3.12/site-packages/airflow/example_dags/example_outlet_event_extra.py took 0.564 seconds
[2025-09-25T05:34:38.102+0000] {processor.py:186} INFO - Started process (PID=793) to work on /home/airflow/.local/lib/python3.12/site-packages/airflow/example_dags/example_outlet_event_extra.py
[2025-09-25T05:34:38.103+0000] {processor.py:914} INFO - Processing file /home/airflow/.local/lib/python3.12/site-packages/airflow/example_dags/example_outlet_event_extra.py for tasks to queue
[2025-09-25T05:34:38.105+0000] {logging_mixin.py:190} INFO - [2025-09-25T05:34:38.105+0000] {dagbag.py:588} INFO - Filling up the DagBag from /home/airflow/.local/lib/python3.12/site-packages/airflow/example_dags/example_outlet_event_extra.py
[2025-09-25T05:34:38.571+0000] {processor.py:925} INFO - DAG(s) 'dataset_with_extra_by_context', 'dataset_with_extra_by_yield', 'dataset_with_extra_from_classic_operator' retrieved from /home/airflow/.local/lib/python3.12/site-packages/airflow/example_dags/example_outlet_event_extra.py
[2025-09-25T05:34:38.591+0000] {logging_mixin.py:190} INFO - [2025-09-25T05:34:38.591+0000] {dag.py:3239} INFO - Sync 3 DAGs
[2025-09-25T05:34:38.608+0000] {logging_mixin.py:190} INFO - [2025-09-25T05:34:38.608+0000] {dag.py:4180} INFO - Setting next_dagrun for dataset_with_extra_by_context to 2025-09-24 00:00:00+00:00, run_after=2025-09-25 00:00:00+00:00
[2025-09-25T05:34:38.611+0000] {logging_mixin.py:190} INFO - [2025-09-25T05:34:38.611+0000] {dag.py:4180} INFO - Setting next_dagrun for dataset_with_extra_by_yield to 2025-09-24 00:00:00+00:00, run_after=2025-09-25 00:00:00+00:00
[2025-09-25T05:34:38.613+0000] {logging_mixin.py:190} INFO - [2025-09-25T05:34:38.613+0000] {dag.py:4180} INFO - Setting next_dagrun for dataset_with_extra_from_classic_operator to 2025-09-24 00:00:00+00:00, run_after=2025-09-25 00:00:00+00:00
[2025-09-25T05:34:38.630+0000] {processor.py:208} INFO - Processing /home/airflow/.local/lib/python3.12/site-packages/airflow/example_dags/example_outlet_event_extra.py took 0.533 seconds
[2025-09-25T05:35:09.385+0000] {processor.py:186} INFO - Started process (PID=858) to work on /home/airflow/.local/lib/python3.12/site-packages/airflow/example_dags/example_outlet_event_extra.py
[2025-09-25T05:35:09.386+0000] {processor.py:914} INFO - Processing file /home/airflow/.local/lib/python3.12/site-packages/airflow/example_dags/example_outlet_event_extra.py for tasks to queue
[2025-09-25T05:35:09.388+0000] {logging_mixin.py:190} INFO - [2025-09-25T05:35:09.388+0000] {dagbag.py:588} INFO - Filling up the DagBag from /home/airflow/.local/lib/python3.12/site-packages/airflow/example_dags/example_outlet_event_extra.py
[2025-09-25T05:35:09.827+0000] {processor.py:925} INFO - DAG(s) 'dataset_with_extra_by_context', 'dataset_with_extra_by_yield', 'dataset_with_extra_from_classic_operator' retrieved from /home/airflow/.local/lib/python3.12/site-packages/airflow/example_dags/example_outlet_event_extra.py
[2025-09-25T05:35:09.844+0000] {logging_mixin.py:190} INFO - [2025-09-25T05:35:09.844+0000] {dag.py:3239} INFO - Sync 3 DAGs
[2025-09-25T05:35:09.862+0000] {logging_mixin.py:190} INFO - [2025-09-25T05:35:09.862+0000] {dag.py:4180} INFO - Setting next_dagrun for dataset_with_extra_by_context to 2025-09-24 00:00:00+00:00, run_after=2025-09-25 00:00:00+00:00
[2025-09-25T05:35:09.866+0000] {logging_mixin.py:190} INFO - [2025-09-25T05:35:09.866+0000] {dag.py:4180} INFO - Setting next_dagrun for dataset_with_extra_by_yield to 2025-09-24 00:00:00+00:00, run_after=2025-09-25 00:00:00+00:00
[2025-09-25T05:35:09.868+0000] {logging_mixin.py:190} INFO - [2025-09-25T05:35:09.868+0000] {dag.py:4180} INFO - Setting next_dagrun for dataset_with_extra_from_classic_operator to 2025-09-24 00:00:00+00:00, run_after=2025-09-25 00:00:00+00:00
[2025-09-25T05:35:09.883+0000] {processor.py:208} INFO - Processing /home/airflow/.local/lib/python3.12/site-packages/airflow/example_dags/example_outlet_event_extra.py took 0.504 seconds
[2025-09-25T05:35:40.666+0000] {processor.py:186} INFO - Started process (PID=923) to work on /home/airflow/.local/lib/python3.12/site-packages/airflow/example_dags/example_outlet_event_extra.py
[2025-09-25T05:35:40.667+0000] {processor.py:914} INFO - Processing file /home/airflow/.local/lib/python3.12/site-packages/airflow/example_dags/example_outlet_event_extra.py for tasks to queue
[2025-09-25T05:35:40.669+0000] {logging_mixin.py:190} INFO - [2025-09-25T05:35:40.669+0000] {dagbag.py:588} INFO - Filling up the DagBag from /home/airflow/.local/lib/python3.12/site-packages/airflow/example_dags/example_outlet_event_extra.py
[2025-09-25T05:35:41.126+0000] {processor.py:925} INFO - DAG(s) 'dataset_with_extra_by_context', 'dataset_with_extra_by_yield', 'dataset_with_extra_from_classic_operator' retrieved from /home/airflow/.local/lib/python3.12/site-packages/airflow/example_dags/example_outlet_event_extra.py
[2025-09-25T05:35:41.146+0000] {logging_mixin.py:190} INFO - [2025-09-25T05:35:41.146+0000] {dag.py:3239} INFO - Sync 3 DAGs
[2025-09-25T05:35:41.167+0000] {logging_mixin.py:190} INFO - [2025-09-25T05:35:41.166+0000] {dag.py:4180} INFO - Setting next_dagrun for dataset_with_extra_by_context to 2025-09-24 00:00:00+00:00, run_after=2025-09-25 00:00:00+00:00
[2025-09-25T05:35:41.171+0000] {logging_mixin.py:190} INFO - [2025-09-25T05:35:41.170+0000] {dag.py:4180} INFO - Setting next_dagrun for dataset_with_extra_by_yield to 2025-09-24 00:00:00+00:00, run_after=2025-09-25 00:00:00+00:00
[2025-09-25T05:35:41.172+0000] {logging_mixin.py:190} INFO - [2025-09-25T05:35:41.172+0000] {dag.py:4180} INFO - Setting next_dagrun for dataset_with_extra_from_classic_operator to 2025-09-24 00:00:00+00:00, run_after=2025-09-25 00:00:00+00:00
[2025-09-25T05:35:41.190+0000] {processor.py:208} INFO - Processing /home/airflow/.local/lib/python3.12/site-packages/airflow/example_dags/example_outlet_event_extra.py took 0.530 seconds
[2025-09-25T05:36:12.042+0000] {processor.py:186} INFO - Started process (PID=988) to work on /home/airflow/.local/lib/python3.12/site-packages/airflow/example_dags/example_outlet_event_extra.py
[2025-09-25T05:36:12.043+0000] {processor.py:914} INFO - Processing file /home/airflow/.local/lib/python3.12/site-packages/airflow/example_dags/example_outlet_event_extra.py for tasks to queue
[2025-09-25T05:36:12.045+0000] {logging_mixin.py:190} INFO - [2025-09-25T05:36:12.045+0000] {dagbag.py:588} INFO - Filling up the DagBag from /home/airflow/.local/lib/python3.12/site-packages/airflow/example_dags/example_outlet_event_extra.py
[2025-09-25T05:36:12.510+0000] {processor.py:925} INFO - DAG(s) 'dataset_with_extra_by_yield', 'dataset_with_extra_from_classic_operator', 'dataset_with_extra_by_context' retrieved from /home/airflow/.local/lib/python3.12/site-packages/airflow/example_dags/example_outlet_event_extra.py
[2025-09-25T05:36:12.528+0000] {logging_mixin.py:190} INFO - [2025-09-25T05:36:12.528+0000] {dag.py:3239} INFO - Sync 3 DAGs
[2025-09-25T05:36:12.545+0000] {logging_mixin.py:190} INFO - [2025-09-25T05:36:12.544+0000] {dag.py:4180} INFO - Setting next_dagrun for dataset_with_extra_by_context to 2025-09-24 00:00:00+00:00, run_after=2025-09-25 00:00:00+00:00
[2025-09-25T05:36:12.549+0000] {logging_mixin.py:190} INFO - [2025-09-25T05:36:12.549+0000] {dag.py:4180} INFO - Setting next_dagrun for dataset_with_extra_by_yield to 2025-09-24 00:00:00+00:00, run_after=2025-09-25 00:00:00+00:00
[2025-09-25T05:36:12.551+0000] {logging_mixin.py:190} INFO - [2025-09-25T05:36:12.550+0000] {dag.py:4180} INFO - Setting next_dagrun for dataset_with_extra_from_classic_operator to 2025-09-24 00:00:00+00:00, run_after=2025-09-25 00:00:00+00:00
[2025-09-25T05:36:12.567+0000] {processor.py:208} INFO - Processing /home/airflow/.local/lib/python3.12/site-packages/airflow/example_dags/example_outlet_event_extra.py took 0.531 seconds
[2025-09-25T05:36:43.351+0000] {processor.py:186} INFO - Started process (PID=1053) to work on /home/airflow/.local/lib/python3.12/site-packages/airflow/example_dags/example_outlet_event_extra.py
[2025-09-25T05:36:43.352+0000] {processor.py:914} INFO - Processing file /home/airflow/.local/lib/python3.12/site-packages/airflow/example_dags/example_outlet_event_extra.py for tasks to queue
[2025-09-25T05:36:43.354+0000] {logging_mixin.py:190} INFO - [2025-09-25T05:36:43.354+0000] {dagbag.py:588} INFO - Filling up the DagBag from /home/airflow/.local/lib/python3.12/site-packages/airflow/example_dags/example_outlet_event_extra.py
[2025-09-25T05:36:43.770+0000] {processor.py:925} INFO - DAG(s) 'dataset_with_extra_from_classic_operator', 'dataset_with_extra_by_context', 'dataset_with_extra_by_yield' retrieved from /home/airflow/.local/lib/python3.12/site-packages/airflow/example_dags/example_outlet_event_extra.py
[2025-09-25T05:36:43.789+0000] {logging_mixin.py:190} INFO - [2025-09-25T05:36:43.789+0000] {dag.py:3239} INFO - Sync 3 DAGs
[2025-09-25T05:36:43.805+0000] {logging_mixin.py:190} INFO - [2025-09-25T05:36:43.805+0000] {dag.py:4180} INFO - Setting next_dagrun for dataset_with_extra_by_context to 2025-09-24 00:00:00+00:00, run_after=2025-09-25 00:00:00+00:00
[2025-09-25T05:36:43.809+0000] {logging_mixin.py:190} INFO - [2025-09-25T05:36:43.809+0000] {dag.py:4180} INFO - Setting next_dagrun for dataset_with_extra_by_yield to 2025-09-24 00:00:00+00:00, run_after=2025-09-25 00:00:00+00:00
[2025-09-25T05:36:43.811+0000] {logging_mixin.py:190} INFO - [2025-09-25T05:36:43.810+0000] {dag.py:4180} INFO - Setting next_dagrun for dataset_with_extra_from_classic_operator to 2025-09-24 00:00:00+00:00, run_after=2025-09-25 00:00:00+00:00
[2025-09-25T05:36:43.827+0000] {processor.py:208} INFO - Processing /home/airflow/.local/lib/python3.12/site-packages/airflow/example_dags/example_outlet_event_extra.py took 0.481 seconds
[2025-09-25T05:37:14.035+0000] {processor.py:186} INFO - Started process (PID=1118) to work on /home/airflow/.local/lib/python3.12/site-packages/airflow/example_dags/example_outlet_event_extra.py
[2025-09-25T05:37:14.036+0000] {processor.py:914} INFO - Processing file /home/airflow/.local/lib/python3.12/site-packages/airflow/example_dags/example_outlet_event_extra.py for tasks to queue
[2025-09-25T05:37:14.038+0000] {logging_mixin.py:190} INFO - [2025-09-25T05:37:14.037+0000] {dagbag.py:588} INFO - Filling up the DagBag from /home/airflow/.local/lib/python3.12/site-packages/airflow/example_dags/example_outlet_event_extra.py
[2025-09-25T05:37:14.493+0000] {processor.py:925} INFO - DAG(s) 'dataset_with_extra_from_classic_operator', 'dataset_with_extra_by_yield', 'dataset_with_extra_by_context' retrieved from /home/airflow/.local/lib/python3.12/site-packages/airflow/example_dags/example_outlet_event_extra.py
[2025-09-25T05:37:14.512+0000] {logging_mixin.py:190} INFO - [2025-09-25T05:37:14.512+0000] {dag.py:3239} INFO - Sync 3 DAGs
[2025-09-25T05:37:14.530+0000] {logging_mixin.py:190} INFO - [2025-09-25T05:37:14.529+0000] {dag.py:4180} INFO - Setting next_dagrun for dataset_with_extra_by_context to 2025-09-24 00:00:00+00:00, run_after=2025-09-25 00:00:00+00:00
[2025-09-25T05:37:14.533+0000] {logging_mixin.py:190} INFO - [2025-09-25T05:37:14.533+0000] {dag.py:4180} INFO - Setting next_dagrun for dataset_with_extra_by_yield to 2025-09-24 00:00:00+00:00, run_after=2025-09-25 00:00:00+00:00
[2025-09-25T05:37:14.535+0000] {logging_mixin.py:190} INFO - [2025-09-25T05:37:14.535+0000] {dag.py:4180} INFO - Setting next_dagrun for dataset_with_extra_from_classic_operator to 2025-09-24 00:00:00+00:00, run_after=2025-09-25 00:00:00+00:00
[2025-09-25T05:37:14.549+0000] {processor.py:208} INFO - Processing /home/airflow/.local/lib/python3.12/site-packages/airflow/example_dags/example_outlet_event_extra.py took 0.520 seconds
[2025-09-25T05:37:45.382+0000] {processor.py:186} INFO - Started process (PID=1183) to work on /home/airflow/.local/lib/python3.12/site-packages/airflow/example_dags/example_outlet_event_extra.py
[2025-09-25T05:37:45.383+0000] {processor.py:914} INFO - Processing file /home/airflow/.local/lib/python3.12/site-packages/airflow/example_dags/example_outlet_event_extra.py for tasks to queue
[2025-09-25T05:37:45.385+0000] {logging_mixin.py:190} INFO - [2025-09-25T05:37:45.385+0000] {dagbag.py:588} INFO - Filling up the DagBag from /home/airflow/.local/lib/python3.12/site-packages/airflow/example_dags/example_outlet_event_extra.py
[2025-09-25T05:37:45.846+0000] {processor.py:925} INFO - DAG(s) 'dataset_with_extra_from_classic_operator', 'dataset_with_extra_by_yield', 'dataset_with_extra_by_context' retrieved from /home/airflow/.local/lib/python3.12/site-packages/airflow/example_dags/example_outlet_event_extra.py
[2025-09-25T05:37:45.870+0000] {logging_mixin.py:190} INFO - [2025-09-25T05:37:45.869+0000] {dag.py:3239} INFO - Sync 3 DAGs
[2025-09-25T05:37:45.890+0000] {logging_mixin.py:190} INFO - [2025-09-25T05:37:45.890+0000] {dag.py:4180} INFO - Setting next_dagrun for dataset_with_extra_by_context to 2025-09-24 00:00:00+00:00, run_after=2025-09-25 00:00:00+00:00
[2025-09-25T05:37:45.894+0000] {logging_mixin.py:190} INFO - [2025-09-25T05:37:45.894+0000] {dag.py:4180} INFO - Setting next_dagrun for dataset_with_extra_by_yield to 2025-09-24 00:00:00+00:00, run_after=2025-09-25 00:00:00+00:00
[2025-09-25T05:37:45.896+0000] {logging_mixin.py:190} INFO - [2025-09-25T05:37:45.896+0000] {dag.py:4180} INFO - Setting next_dagrun for dataset_with_extra_from_classic_operator to 2025-09-24 00:00:00+00:00, run_after=2025-09-25 00:00:00+00:00
[2025-09-25T05:37:45.915+0000] {processor.py:208} INFO - Processing /home/airflow/.local/lib/python3.12/site-packages/airflow/example_dags/example_outlet_event_extra.py took 0.541 seconds
[2025-09-25T05:38:16.705+0000] {processor.py:186} INFO - Started process (PID=1248) to work on /home/airflow/.local/lib/python3.12/site-packages/airflow/example_dags/example_outlet_event_extra.py
[2025-09-25T05:38:16.706+0000] {processor.py:914} INFO - Processing file /home/airflow/.local/lib/python3.12/site-packages/airflow/example_dags/example_outlet_event_extra.py for tasks to queue
[2025-09-25T05:38:16.708+0000] {logging_mixin.py:190} INFO - [2025-09-25T05:38:16.708+0000] {dagbag.py:588} INFO - Filling up the DagBag from /home/airflow/.local/lib/python3.12/site-packages/airflow/example_dags/example_outlet_event_extra.py
[2025-09-25T05:38:17.156+0000] {processor.py:925} INFO - DAG(s) 'dataset_with_extra_from_classic_operator', 'dataset_with_extra_by_context', 'dataset_with_extra_by_yield' retrieved from /home/airflow/.local/lib/python3.12/site-packages/airflow/example_dags/example_outlet_event_extra.py
[2025-09-25T05:38:17.175+0000] {logging_mixin.py:190} INFO - [2025-09-25T05:38:17.174+0000] {dag.py:3239} INFO - Sync 3 DAGs
[2025-09-25T05:38:17.193+0000] {logging_mixin.py:190} INFO - [2025-09-25T05:38:17.192+0000] {dag.py:4180} INFO - Setting next_dagrun for dataset_with_extra_by_context to 2025-09-24 00:00:00+00:00, run_after=2025-09-25 00:00:00+00:00
[2025-09-25T05:38:17.196+0000] {logging_mixin.py:190} INFO - [2025-09-25T05:38:17.196+0000] {dag.py:4180} INFO - Setting next_dagrun for dataset_with_extra_by_yield to 2025-09-24 00:00:00+00:00, run_after=2025-09-25 00:00:00+00:00
[2025-09-25T05:38:17.198+0000] {logging_mixin.py:190} INFO - [2025-09-25T05:38:17.198+0000] {dag.py:4180} INFO - Setting next_dagrun for dataset_with_extra_from_classic_operator to 2025-09-24 00:00:00+00:00, run_after=2025-09-25 00:00:00+00:00
[2025-09-25T05:38:17.214+0000] {processor.py:208} INFO - Processing /home/airflow/.local/lib/python3.12/site-packages/airflow/example_dags/example_outlet_event_extra.py took 0.515 seconds
[2025-09-25T05:38:48.065+0000] {processor.py:186} INFO - Started process (PID=1313) to work on /home/airflow/.local/lib/python3.12/site-packages/airflow/example_dags/example_outlet_event_extra.py
[2025-09-25T05:38:48.067+0000] {processor.py:914} INFO - Processing file /home/airflow/.local/lib/python3.12/site-packages/airflow/example_dags/example_outlet_event_extra.py for tasks to queue
[2025-09-25T05:38:48.068+0000] {logging_mixin.py:190} INFO - [2025-09-25T05:38:48.068+0000] {dagbag.py:588} INFO - Filling up the DagBag from /home/airflow/.local/lib/python3.12/site-packages/airflow/example_dags/example_outlet_event_extra.py
[2025-09-25T05:38:48.526+0000] {processor.py:925} INFO - DAG(s) 'dataset_with_extra_by_context', 'dataset_with_extra_by_yield', 'dataset_with_extra_from_classic_operator' retrieved from /home/airflow/.local/lib/python3.12/site-packages/airflow/example_dags/example_outlet_event_extra.py
[2025-09-25T05:38:48.545+0000] {logging_mixin.py:190} INFO - [2025-09-25T05:38:48.545+0000] {dag.py:3239} INFO - Sync 3 DAGs
[2025-09-25T05:38:48.564+0000] {logging_mixin.py:190} INFO - [2025-09-25T05:38:48.564+0000] {dag.py:4180} INFO - Setting next_dagrun for dataset_with_extra_by_context to 2025-09-24 00:00:00+00:00, run_after=2025-09-25 00:00:00+00:00
[2025-09-25T05:38:48.569+0000] {logging_mixin.py:190} INFO - [2025-09-25T05:38:48.568+0000] {dag.py:4180} INFO - Setting next_dagrun for dataset_with_extra_by_yield to 2025-09-24 00:00:00+00:00, run_after=2025-09-25 00:00:00+00:00
[2025-09-25T05:38:48.571+0000] {logging_mixin.py:190} INFO - [2025-09-25T05:38:48.570+0000] {dag.py:4180} INFO - Setting next_dagrun for dataset_with_extra_from_classic_operator to 2025-09-24 00:00:00+00:00, run_after=2025-09-25 00:00:00+00:00
[2025-09-25T05:38:48.586+0000] {processor.py:208} INFO - Processing /home/airflow/.local/lib/python3.12/site-packages/airflow/example_dags/example_outlet_event_extra.py took 0.526 seconds
[2025-09-25T05:39:19.680+0000] {processor.py:186} INFO - Started process (PID=1384) to work on /home/airflow/.local/lib/python3.12/site-packages/airflow/example_dags/example_outlet_event_extra.py
[2025-09-25T05:39:19.681+0000] {processor.py:914} INFO - Processing file /home/airflow/.local/lib/python3.12/site-packages/airflow/example_dags/example_outlet_event_extra.py for tasks to queue
[2025-09-25T05:39:19.683+0000] {logging_mixin.py:190} INFO - [2025-09-25T05:39:19.683+0000] {dagbag.py:588} INFO - Filling up the DagBag from /home/airflow/.local/lib/python3.12/site-packages/airflow/example_dags/example_outlet_event_extra.py
[2025-09-25T05:39:20.171+0000] {processor.py:925} INFO - DAG(s) 'dataset_with_extra_by_yield', 'dataset_with_extra_by_context', 'dataset_with_extra_from_classic_operator' retrieved from /home/airflow/.local/lib/python3.12/site-packages/airflow/example_dags/example_outlet_event_extra.py
[2025-09-25T05:39:20.190+0000] {logging_mixin.py:190} INFO - [2025-09-25T05:39:20.190+0000] {dag.py:3239} INFO - Sync 3 DAGs
[2025-09-25T05:39:20.208+0000] {logging_mixin.py:190} INFO - [2025-09-25T05:39:20.208+0000] {dag.py:4180} INFO - Setting next_dagrun for dataset_with_extra_by_context to 2025-09-24 00:00:00+00:00, run_after=2025-09-25 00:00:00+00:00
[2025-09-25T05:39:20.212+0000] {logging_mixin.py:190} INFO - [2025-09-25T05:39:20.212+0000] {dag.py:4180} INFO - Setting next_dagrun for dataset_with_extra_by_yield to 2025-09-24 00:00:00+00:00, run_after=2025-09-25 00:00:00+00:00
[2025-09-25T05:39:20.214+0000] {logging_mixin.py:190} INFO - [2025-09-25T05:39:20.214+0000] {dag.py:4180} INFO - Setting next_dagrun for dataset_with_extra_from_classic_operator to 2025-09-24 00:00:00+00:00, run_after=2025-09-25 00:00:00+00:00
[2025-09-25T05:39:20.230+0000] {processor.py:208} INFO - Processing /home/airflow/.local/lib/python3.12/site-packages/airflow/example_dags/example_outlet_event_extra.py took 0.557 seconds
[2025-09-25T05:39:51.073+0000] {processor.py:186} INFO - Started process (PID=1449) to work on /home/airflow/.local/lib/python3.12/site-packages/airflow/example_dags/example_outlet_event_extra.py
[2025-09-25T05:39:51.074+0000] {processor.py:914} INFO - Processing file /home/airflow/.local/lib/python3.12/site-packages/airflow/example_dags/example_outlet_event_extra.py for tasks to queue
[2025-09-25T05:39:51.076+0000] {logging_mixin.py:190} INFO - [2025-09-25T05:39:51.076+0000] {dagbag.py:588} INFO - Filling up the DagBag from /home/airflow/.local/lib/python3.12/site-packages/airflow/example_dags/example_outlet_event_extra.py
[2025-09-25T05:39:51.500+0000] {processor.py:925} INFO - DAG(s) 'dataset_with_extra_from_classic_operator', 'dataset_with_extra_by_yield', 'dataset_with_extra_by_context' retrieved from /home/airflow/.local/lib/python3.12/site-packages/airflow/example_dags/example_outlet_event_extra.py
[2025-09-25T05:39:51.518+0000] {logging_mixin.py:190} INFO - [2025-09-25T05:39:51.517+0000] {dag.py:3239} INFO - Sync 3 DAGs
[2025-09-25T05:39:51.535+0000] {logging_mixin.py:190} INFO - [2025-09-25T05:39:51.535+0000] {dag.py:4180} INFO - Setting next_dagrun for dataset_with_extra_by_context to 2025-09-24 00:00:00+00:00, run_after=2025-09-25 00:00:00+00:00
[2025-09-25T05:39:51.539+0000] {logging_mixin.py:190} INFO - [2025-09-25T05:39:51.539+0000] {dag.py:4180} INFO - Setting next_dagrun for dataset_with_extra_by_yield to 2025-09-24 00:00:00+00:00, run_after=2025-09-25 00:00:00+00:00
[2025-09-25T05:39:51.541+0000] {logging_mixin.py:190} INFO - [2025-09-25T05:39:51.541+0000] {dag.py:4180} INFO - Setting next_dagrun for dataset_with_extra_from_classic_operator to 2025-09-24 00:00:00+00:00, run_after=2025-09-25 00:00:00+00:00
[2025-09-25T05:39:51.557+0000] {processor.py:208} INFO - Processing /home/airflow/.local/lib/python3.12/site-packages/airflow/example_dags/example_outlet_event_extra.py took 0.491 seconds
[2025-09-25T05:40:22.234+0000] {processor.py:186} INFO - Started process (PID=1514) to work on /home/airflow/.local/lib/python3.12/site-packages/airflow/example_dags/example_outlet_event_extra.py
[2025-09-25T05:40:22.235+0000] {processor.py:914} INFO - Processing file /home/airflow/.local/lib/python3.12/site-packages/airflow/example_dags/example_outlet_event_extra.py for tasks to queue
[2025-09-25T05:40:22.237+0000] {logging_mixin.py:190} INFO - [2025-09-25T05:40:22.237+0000] {dagbag.py:588} INFO - Filling up the DagBag from /home/airflow/.local/lib/python3.12/site-packages/airflow/example_dags/example_outlet_event_extra.py
[2025-09-25T05:40:22.600+0000] {processor.py:925} INFO - DAG(s) 'dataset_with_extra_by_yield', 'dataset_with_extra_by_context', 'dataset_with_extra_from_classic_operator' retrieved from /home/airflow/.local/lib/python3.12/site-packages/airflow/example_dags/example_outlet_event_extra.py
[2025-09-25T05:40:22.619+0000] {logging_mixin.py:190} INFO - [2025-09-25T05:40:22.618+0000] {dag.py:3239} INFO - Sync 3 DAGs
[2025-09-25T05:40:22.639+0000] {logging_mixin.py:190} INFO - [2025-09-25T05:40:22.639+0000] {dag.py:4180} INFO - Setting next_dagrun for dataset_with_extra_by_context to 2025-09-24 00:00:00+00:00, run_after=2025-09-25 00:00:00+00:00
[2025-09-25T05:40:22.643+0000] {logging_mixin.py:190} INFO - [2025-09-25T05:40:22.642+0000] {dag.py:4180} INFO - Setting next_dagrun for dataset_with_extra_by_yield to 2025-09-24 00:00:00+00:00, run_after=2025-09-25 00:00:00+00:00
[2025-09-25T05:40:22.644+0000] {logging_mixin.py:190} INFO - [2025-09-25T05:40:22.644+0000] {dag.py:4180} INFO - Setting next_dagrun for dataset_with_extra_from_classic_operator to 2025-09-24 00:00:00+00:00, run_after=2025-09-25 00:00:00+00:00
[2025-09-25T05:40:22.660+0000] {processor.py:208} INFO - Processing /home/airflow/.local/lib/python3.12/site-packages/airflow/example_dags/example_outlet_event_extra.py took 0.490 seconds
[2025-09-25T05:40:53.479+0000] {processor.py:186} INFO - Started process (PID=1579) to work on /home/airflow/.local/lib/python3.12/site-packages/airflow/example_dags/example_outlet_event_extra.py
[2025-09-25T05:40:53.480+0000] {processor.py:914} INFO - Processing file /home/airflow/.local/lib/python3.12/site-packages/airflow/example_dags/example_outlet_event_extra.py for tasks to queue
[2025-09-25T05:40:53.482+0000] {logging_mixin.py:190} INFO - [2025-09-25T05:40:53.481+0000] {dagbag.py:588} INFO - Filling up the DagBag from /home/airflow/.local/lib/python3.12/site-packages/airflow/example_dags/example_outlet_event_extra.py
[2025-09-25T05:40:53.960+0000] {processor.py:925} INFO - DAG(s) 'dataset_with_extra_from_classic_operator', 'dataset_with_extra_by_context', 'dataset_with_extra_by_yield' retrieved from /home/airflow/.local/lib/python3.12/site-packages/airflow/example_dags/example_outlet_event_extra.py
[2025-09-25T05:40:53.980+0000] {logging_mixin.py:190} INFO - [2025-09-25T05:40:53.980+0000] {dag.py:3239} INFO - Sync 3 DAGs
[2025-09-25T05:40:54.001+0000] {logging_mixin.py:190} INFO - [2025-09-25T05:40:54.001+0000] {dag.py:4180} INFO - Setting next_dagrun for dataset_with_extra_by_context to 2025-09-24 00:00:00+00:00, run_after=2025-09-25 00:00:00+00:00
[2025-09-25T05:40:54.005+0000] {logging_mixin.py:190} INFO - [2025-09-25T05:40:54.005+0000] {dag.py:4180} INFO - Setting next_dagrun for dataset_with_extra_by_yield to 2025-09-24 00:00:00+00:00, run_after=2025-09-25 00:00:00+00:00
[2025-09-25T05:40:54.007+0000] {logging_mixin.py:190} INFO - [2025-09-25T05:40:54.007+0000] {dag.py:4180} INFO - Setting next_dagrun for dataset_with_extra_from_classic_operator to 2025-09-24 00:00:00+00:00, run_after=2025-09-25 00:00:00+00:00
[2025-09-25T05:40:54.021+0000] {processor.py:208} INFO - Processing /home/airflow/.local/lib/python3.12/site-packages/airflow/example_dags/example_outlet_event_extra.py took 0.548 seconds
[2025-09-25T05:41:24.808+0000] {processor.py:186} INFO - Started process (PID=1644) to work on /home/airflow/.local/lib/python3.12/site-packages/airflow/example_dags/example_outlet_event_extra.py
[2025-09-25T05:41:24.809+0000] {processor.py:914} INFO - Processing file /home/airflow/.local/lib/python3.12/site-packages/airflow/example_dags/example_outlet_event_extra.py for tasks to queue
[2025-09-25T05:41:24.811+0000] {logging_mixin.py:190} INFO - [2025-09-25T05:41:24.811+0000] {dagbag.py:588} INFO - Filling up the DagBag from /home/airflow/.local/lib/python3.12/site-packages/airflow/example_dags/example_outlet_event_extra.py
[2025-09-25T05:41:25.283+0000] {processor.py:925} INFO - DAG(s) 'dataset_with_extra_from_classic_operator', 'dataset_with_extra_by_context', 'dataset_with_extra_by_yield' retrieved from /home/airflow/.local/lib/python3.12/site-packages/airflow/example_dags/example_outlet_event_extra.py
[2025-09-25T05:41:25.300+0000] {logging_mixin.py:190} INFO - [2025-09-25T05:41:25.300+0000] {dag.py:3239} INFO - Sync 3 DAGs
[2025-09-25T05:41:25.320+0000] {logging_mixin.py:190} INFO - [2025-09-25T05:41:25.320+0000] {dag.py:4180} INFO - Setting next_dagrun for dataset_with_extra_by_context to 2025-09-24 00:00:00+00:00, run_after=2025-09-25 00:00:00+00:00
[2025-09-25T05:41:25.323+0000] {logging_mixin.py:190} INFO - [2025-09-25T05:41:25.323+0000] {dag.py:4180} INFO - Setting next_dagrun for dataset_with_extra_by_yield to 2025-09-24 00:00:00+00:00, run_after=2025-09-25 00:00:00+00:00
[2025-09-25T05:41:25.325+0000] {logging_mixin.py:190} INFO - [2025-09-25T05:41:25.325+0000] {dag.py:4180} INFO - Setting next_dagrun for dataset_with_extra_from_classic_operator to 2025-09-24 00:00:00+00:00, run_after=2025-09-25 00:00:00+00:00
[2025-09-25T05:41:25.340+0000] {processor.py:208} INFO - Processing /home/airflow/.local/lib/python3.12/site-packages/airflow/example_dags/example_outlet_event_extra.py took 0.539 seconds
[2025-09-25T05:41:56.220+0000] {processor.py:186} INFO - Started process (PID=1709) to work on /home/airflow/.local/lib/python3.12/site-packages/airflow/example_dags/example_outlet_event_extra.py
[2025-09-25T05:41:56.221+0000] {processor.py:914} INFO - Processing file /home/airflow/.local/lib/python3.12/site-packages/airflow/example_dags/example_outlet_event_extra.py for tasks to queue
[2025-09-25T05:41:56.223+0000] {logging_mixin.py:190} INFO - [2025-09-25T05:41:56.223+0000] {dagbag.py:588} INFO - Filling up the DagBag from /home/airflow/.local/lib/python3.12/site-packages/airflow/example_dags/example_outlet_event_extra.py
[2025-09-25T05:41:56.712+0000] {processor.py:925} INFO - DAG(s) 'dataset_with_extra_by_context', 'dataset_with_extra_from_classic_operator', 'dataset_with_extra_by_yield' retrieved from /home/airflow/.local/lib/python3.12/site-packages/airflow/example_dags/example_outlet_event_extra.py
[2025-09-25T05:41:56.731+0000] {logging_mixin.py:190} INFO - [2025-09-25T05:41:56.730+0000] {dag.py:3239} INFO - Sync 3 DAGs
[2025-09-25T05:41:56.748+0000] {logging_mixin.py:190} INFO - [2025-09-25T05:41:56.748+0000] {dag.py:4180} INFO - Setting next_dagrun for dataset_with_extra_by_context to 2025-09-24 00:00:00+00:00, run_after=2025-09-25 00:00:00+00:00
[2025-09-25T05:41:56.752+0000] {logging_mixin.py:190} INFO - [2025-09-25T05:41:56.752+0000] {dag.py:4180} INFO - Setting next_dagrun for dataset_with_extra_by_yield to 2025-09-24 00:00:00+00:00, run_after=2025-09-25 00:00:00+00:00
[2025-09-25T05:41:56.754+0000] {logging_mixin.py:190} INFO - [2025-09-25T05:41:56.754+0000] {dag.py:4180} INFO - Setting next_dagrun for dataset_with_extra_from_classic_operator to 2025-09-24 00:00:00+00:00, run_after=2025-09-25 00:00:00+00:00
[2025-09-25T05:41:56.772+0000] {processor.py:208} INFO - Processing /home/airflow/.local/lib/python3.12/site-packages/airflow/example_dags/example_outlet_event_extra.py took 0.559 seconds
[2025-09-25T05:42:27.085+0000] {processor.py:186} INFO - Started process (PID=1774) to work on /home/airflow/.local/lib/python3.12/site-packages/airflow/example_dags/example_outlet_event_extra.py
[2025-09-25T05:42:27.086+0000] {processor.py:914} INFO - Processing file /home/airflow/.local/lib/python3.12/site-packages/airflow/example_dags/example_outlet_event_extra.py for tasks to queue
[2025-09-25T05:42:27.088+0000] {logging_mixin.py:190} INFO - [2025-09-25T05:42:27.087+0000] {dagbag.py:588} INFO - Filling up the DagBag from /home/airflow/.local/lib/python3.12/site-packages/airflow/example_dags/example_outlet_event_extra.py
[2025-09-25T05:42:27.556+0000] {processor.py:925} INFO - DAG(s) 'dataset_with_extra_by_context', 'dataset_with_extra_by_yield', 'dataset_with_extra_from_classic_operator' retrieved from /home/airflow/.local/lib/python3.12/site-packages/airflow/example_dags/example_outlet_event_extra.py
[2025-09-25T05:42:27.574+0000] {logging_mixin.py:190} INFO - [2025-09-25T05:42:27.573+0000] {dag.py:3239} INFO - Sync 3 DAGs
[2025-09-25T05:42:27.590+0000] {logging_mixin.py:190} INFO - [2025-09-25T05:42:27.590+0000] {dag.py:4180} INFO - Setting next_dagrun for dataset_with_extra_by_context to 2025-09-24 00:00:00+00:00, run_after=2025-09-25 00:00:00+00:00
[2025-09-25T05:42:27.594+0000] {logging_mixin.py:190} INFO - [2025-09-25T05:42:27.594+0000] {dag.py:4180} INFO - Setting next_dagrun for dataset_with_extra_by_yield to 2025-09-24 00:00:00+00:00, run_after=2025-09-25 00:00:00+00:00
[2025-09-25T05:42:27.596+0000] {logging_mixin.py:190} INFO - [2025-09-25T05:42:27.596+0000] {dag.py:4180} INFO - Setting next_dagrun for dataset_with_extra_from_classic_operator to 2025-09-24 00:00:00+00:00, run_after=2025-09-25 00:00:00+00:00
[2025-09-25T05:42:27.613+0000] {processor.py:208} INFO - Processing /home/airflow/.local/lib/python3.12/site-packages/airflow/example_dags/example_outlet_event_extra.py took 0.533 seconds
[2025-09-25T05:42:58.052+0000] {processor.py:186} INFO - Started process (PID=1839) to work on /home/airflow/.local/lib/python3.12/site-packages/airflow/example_dags/example_outlet_event_extra.py
[2025-09-25T05:42:58.053+0000] {processor.py:914} INFO - Processing file /home/airflow/.local/lib/python3.12/site-packages/airflow/example_dags/example_outlet_event_extra.py for tasks to queue
[2025-09-25T05:42:58.056+0000] {logging_mixin.py:190} INFO - [2025-09-25T05:42:58.055+0000] {dagbag.py:588} INFO - Filling up the DagBag from /home/airflow/.local/lib/python3.12/site-packages/airflow/example_dags/example_outlet_event_extra.py
[2025-09-25T05:42:58.507+0000] {processor.py:925} INFO - DAG(s) 'dataset_with_extra_by_context', 'dataset_with_extra_by_yield', 'dataset_with_extra_from_classic_operator' retrieved from /home/airflow/.local/lib/python3.12/site-packages/airflow/example_dags/example_outlet_event_extra.py
[2025-09-25T05:42:58.525+0000] {logging_mixin.py:190} INFO - [2025-09-25T05:42:58.525+0000] {dag.py:3239} INFO - Sync 3 DAGs
[2025-09-25T05:42:58.541+0000] {logging_mixin.py:190} INFO - [2025-09-25T05:42:58.541+0000] {dag.py:4180} INFO - Setting next_dagrun for dataset_with_extra_by_context to 2025-09-24 00:00:00+00:00, run_after=2025-09-25 00:00:00+00:00
[2025-09-25T05:42:58.545+0000] {logging_mixin.py:190} INFO - [2025-09-25T05:42:58.545+0000] {dag.py:4180} INFO - Setting next_dagrun for dataset_with_extra_by_yield to 2025-09-24 00:00:00+00:00, run_after=2025-09-25 00:00:00+00:00
[2025-09-25T05:42:58.547+0000] {logging_mixin.py:190} INFO - [2025-09-25T05:42:58.547+0000] {dag.py:4180} INFO - Setting next_dagrun for dataset_with_extra_from_classic_operator to 2025-09-24 00:00:00+00:00, run_after=2025-09-25 00:00:00+00:00
[2025-09-25T05:42:58.563+0000] {processor.py:208} INFO - Processing /home/airflow/.local/lib/python3.12/site-packages/airflow/example_dags/example_outlet_event_extra.py took 0.516 seconds
[2025-09-25T05:43:29.450+0000] {processor.py:186} INFO - Started process (PID=1904) to work on /home/airflow/.local/lib/python3.12/site-packages/airflow/example_dags/example_outlet_event_extra.py
[2025-09-25T05:43:29.451+0000] {processor.py:914} INFO - Processing file /home/airflow/.local/lib/python3.12/site-packages/airflow/example_dags/example_outlet_event_extra.py for tasks to queue
[2025-09-25T05:43:29.453+0000] {logging_mixin.py:190} INFO - [2025-09-25T05:43:29.452+0000] {dagbag.py:588} INFO - Filling up the DagBag from /home/airflow/.local/lib/python3.12/site-packages/airflow/example_dags/example_outlet_event_extra.py
[2025-09-25T05:43:29.870+0000] {processor.py:925} INFO - DAG(s) 'dataset_with_extra_from_classic_operator', 'dataset_with_extra_by_context', 'dataset_with_extra_by_yield' retrieved from /home/airflow/.local/lib/python3.12/site-packages/airflow/example_dags/example_outlet_event_extra.py
[2025-09-25T05:43:29.889+0000] {logging_mixin.py:190} INFO - [2025-09-25T05:43:29.888+0000] {dag.py:3239} INFO - Sync 3 DAGs
[2025-09-25T05:43:29.905+0000] {logging_mixin.py:190} INFO - [2025-09-25T05:43:29.905+0000] {dag.py:4180} INFO - Setting next_dagrun for dataset_with_extra_by_context to 2025-09-24 00:00:00+00:00, run_after=2025-09-25 00:00:00+00:00
[2025-09-25T05:43:29.909+0000] {logging_mixin.py:190} INFO - [2025-09-25T05:43:29.909+0000] {dag.py:4180} INFO - Setting next_dagrun for dataset_with_extra_by_yield to 2025-09-24 00:00:00+00:00, run_after=2025-09-25 00:00:00+00:00
[2025-09-25T05:43:29.911+0000] {logging_mixin.py:190} INFO - [2025-09-25T05:43:29.910+0000] {dag.py:4180} INFO - Setting next_dagrun for dataset_with_extra_from_classic_operator to 2025-09-24 00:00:00+00:00, run_after=2025-09-25 00:00:00+00:00
[2025-09-25T05:43:29.926+0000] {processor.py:208} INFO - Processing /home/airflow/.local/lib/python3.12/site-packages/airflow/example_dags/example_outlet_event_extra.py took 0.482 seconds
[2025-09-25T05:44:00.373+0000] {processor.py:186} INFO - Started process (PID=1969) to work on /home/airflow/.local/lib/python3.12/site-packages/airflow/example_dags/example_outlet_event_extra.py
[2025-09-25T05:44:00.374+0000] {processor.py:914} INFO - Processing file /home/airflow/.local/lib/python3.12/site-packages/airflow/example_dags/example_outlet_event_extra.py for tasks to queue
[2025-09-25T05:44:00.376+0000] {logging_mixin.py:190} INFO - [2025-09-25T05:44:00.375+0000] {dagbag.py:588} INFO - Filling up the DagBag from /home/airflow/.local/lib/python3.12/site-packages/airflow/example_dags/example_outlet_event_extra.py
[2025-09-25T05:44:00.824+0000] {processor.py:925} INFO - DAG(s) 'dataset_with_extra_by_yield', 'dataset_with_extra_by_context', 'dataset_with_extra_from_classic_operator' retrieved from /home/airflow/.local/lib/python3.12/site-packages/airflow/example_dags/example_outlet_event_extra.py
[2025-09-25T05:44:00.844+0000] {logging_mixin.py:190} INFO - [2025-09-25T05:44:00.844+0000] {dag.py:3239} INFO - Sync 3 DAGs
[2025-09-25T05:44:00.863+0000] {logging_mixin.py:190} INFO - [2025-09-25T05:44:00.862+0000] {dag.py:4180} INFO - Setting next_dagrun for dataset_with_extra_by_context to 2025-09-24 00:00:00+00:00, run_after=2025-09-25 00:00:00+00:00
[2025-09-25T05:44:00.867+0000] {logging_mixin.py:190} INFO - [2025-09-25T05:44:00.866+0000] {dag.py:4180} INFO - Setting next_dagrun for dataset_with_extra_by_yield to 2025-09-24 00:00:00+00:00, run_after=2025-09-25 00:00:00+00:00
[2025-09-25T05:44:00.869+0000] {logging_mixin.py:190} INFO - [2025-09-25T05:44:00.869+0000] {dag.py:4180} INFO - Setting next_dagrun for dataset_with_extra_from_classic_operator to 2025-09-24 00:00:00+00:00, run_after=2025-09-25 00:00:00+00:00
[2025-09-25T05:44:00.885+0000] {processor.py:208} INFO - Processing /home/airflow/.local/lib/python3.12/site-packages/airflow/example_dags/example_outlet_event_extra.py took 0.519 seconds
[2025-09-25T05:44:31.187+0000] {processor.py:186} INFO - Started process (PID=2034) to work on /home/airflow/.local/lib/python3.12/site-packages/airflow/example_dags/example_outlet_event_extra.py
[2025-09-25T05:44:31.188+0000] {processor.py:914} INFO - Processing file /home/airflow/.local/lib/python3.12/site-packages/airflow/example_dags/example_outlet_event_extra.py for tasks to queue
[2025-09-25T05:44:31.190+0000] {logging_mixin.py:190} INFO - [2025-09-25T05:44:31.190+0000] {dagbag.py:588} INFO - Filling up the DagBag from /home/airflow/.local/lib/python3.12/site-packages/airflow/example_dags/example_outlet_event_extra.py
[2025-09-25T05:44:31.623+0000] {processor.py:925} INFO - DAG(s) 'dataset_with_extra_by_yield', 'dataset_with_extra_from_classic_operator', 'dataset_with_extra_by_context' retrieved from /home/airflow/.local/lib/python3.12/site-packages/airflow/example_dags/example_outlet_event_extra.py
[2025-09-25T05:44:31.642+0000] {logging_mixin.py:190} INFO - [2025-09-25T05:44:31.642+0000] {dag.py:3239} INFO - Sync 3 DAGs
[2025-09-25T05:44:31.660+0000] {logging_mixin.py:190} INFO - [2025-09-25T05:44:31.659+0000] {dag.py:4180} INFO - Setting next_dagrun for dataset_with_extra_by_context to 2025-09-24 00:00:00+00:00, run_after=2025-09-25 00:00:00+00:00
[2025-09-25T05:44:31.663+0000] {logging_mixin.py:190} INFO - [2025-09-25T05:44:31.663+0000] {dag.py:4180} INFO - Setting next_dagrun for dataset_with_extra_by_yield to 2025-09-24 00:00:00+00:00, run_after=2025-09-25 00:00:00+00:00
[2025-09-25T05:44:31.665+0000] {logging_mixin.py:190} INFO - [2025-09-25T05:44:31.665+0000] {dag.py:4180} INFO - Setting next_dagrun for dataset_with_extra_from_classic_operator to 2025-09-24 00:00:00+00:00, run_after=2025-09-25 00:00:00+00:00
[2025-09-25T05:44:31.682+0000] {processor.py:208} INFO - Processing /home/airflow/.local/lib/python3.12/site-packages/airflow/example_dags/example_outlet_event_extra.py took 0.501 seconds
