[2025-09-25T05:12:40.141+0000] {processor.py:186} INFO - Started process (PID=61) to work on /home/airflow/.local/lib/python3.12/site-packages/airflow/example_dags/example_latest_only_with_trigger.py
[2025-09-25T05:12:40.142+0000] {processor.py:914} INFO - Processing file /home/airflow/.local/lib/python3.12/site-packages/airflow/example_dags/example_latest_only_with_trigger.py for tasks to queue
[2025-09-25T05:12:40.145+0000] {logging_mixin.py:190} INFO - [2025-09-25T05:12:40.144+0000] {dagbag.py:588} INFO - Filling up the DagBag from /home/airflow/.local/lib/python3.12/site-packages/airflow/example_dags/example_latest_only_with_trigger.py
[2025-09-25T05:12:40.156+0000] {processor.py:925} INFO - DAG(s) 'latest_only_with_trigger' retrieved from /home/airflow/.local/lib/python3.12/site-packages/airflow/example_dags/example_latest_only_with_trigger.py
[2025-09-25T05:12:40.183+0000] {logging_mixin.py:190} INFO - [2025-09-25T05:12:40.183+0000] {dag.py:3239} INFO - Sync 1 DAGs
[2025-09-25T05:12:40.207+0000] {logging_mixin.py:190} INFO - [2025-09-25T05:12:40.207+0000] {dag.py:4180} INFO - Setting next_dagrun for latest_only_with_trigger to 2025-09-25 00:00:00+00:00, run_after=2025-09-25 04:00:00+00:00
[2025-09-25T05:12:40.228+0000] {processor.py:208} INFO - Processing /home/airflow/.local/lib/python3.12/site-packages/airflow/example_dags/example_latest_only_with_trigger.py took 0.094 seconds
[2025-09-25T05:13:10.486+0000] {processor.py:186} INFO - Started process (PID=131) to work on /home/airflow/.local/lib/python3.12/site-packages/airflow/example_dags/example_latest_only_with_trigger.py
[2025-09-25T05:13:10.487+0000] {processor.py:914} INFO - Processing file /home/airflow/.local/lib/python3.12/site-packages/airflow/example_dags/example_latest_only_with_trigger.py for tasks to queue
[2025-09-25T05:13:10.489+0000] {logging_mixin.py:190} INFO - [2025-09-25T05:13:10.489+0000] {dagbag.py:588} INFO - Filling up the DagBag from /home/airflow/.local/lib/python3.12/site-packages/airflow/example_dags/example_latest_only_with_trigger.py
[2025-09-25T05:13:10.495+0000] {processor.py:925} INFO - DAG(s) 'latest_only_with_trigger' retrieved from /home/airflow/.local/lib/python3.12/site-packages/airflow/example_dags/example_latest_only_with_trigger.py
[2025-09-25T05:13:10.512+0000] {logging_mixin.py:190} INFO - [2025-09-25T05:13:10.512+0000] {dag.py:3239} INFO - Sync 1 DAGs
[2025-09-25T05:13:10.531+0000] {logging_mixin.py:190} INFO - [2025-09-25T05:13:10.530+0000] {dag.py:4180} INFO - Setting next_dagrun for latest_only_with_trigger to 2025-09-25 00:00:00+00:00, run_after=2025-09-25 04:00:00+00:00
[2025-09-25T05:13:10.546+0000] {processor.py:208} INFO - Processing /home/airflow/.local/lib/python3.12/site-packages/airflow/example_dags/example_latest_only_with_trigger.py took 0.065 seconds
[2025-09-25T05:13:40.866+0000] {processor.py:186} INFO - Started process (PID=195) to work on /home/airflow/.local/lib/python3.12/site-packages/airflow/example_dags/example_latest_only_with_trigger.py
[2025-09-25T05:13:40.867+0000] {processor.py:914} INFO - Processing file /home/airflow/.local/lib/python3.12/site-packages/airflow/example_dags/example_latest_only_with_trigger.py for tasks to queue
[2025-09-25T05:13:40.870+0000] {logging_mixin.py:190} INFO - [2025-09-25T05:13:40.870+0000] {dagbag.py:588} INFO - Filling up the DagBag from /home/airflow/.local/lib/python3.12/site-packages/airflow/example_dags/example_latest_only_with_trigger.py
[2025-09-25T05:13:40.877+0000] {processor.py:925} INFO - DAG(s) 'latest_only_with_trigger' retrieved from /home/airflow/.local/lib/python3.12/site-packages/airflow/example_dags/example_latest_only_with_trigger.py
[2025-09-25T05:13:40.893+0000] {logging_mixin.py:190} INFO - [2025-09-25T05:13:40.893+0000] {dag.py:3239} INFO - Sync 1 DAGs
[2025-09-25T05:13:40.911+0000] {logging_mixin.py:190} INFO - [2025-09-25T05:13:40.911+0000] {dag.py:4180} INFO - Setting next_dagrun for latest_only_with_trigger to 2025-09-25 00:00:00+00:00, run_after=2025-09-25 04:00:00+00:00
[2025-09-25T05:13:40.925+0000] {processor.py:208} INFO - Processing /home/airflow/.local/lib/python3.12/site-packages/airflow/example_dags/example_latest_only_with_trigger.py took 0.064 seconds
[2025-09-25T05:14:11.870+0000] {processor.py:186} INFO - Started process (PID=261) to work on /home/airflow/.local/lib/python3.12/site-packages/airflow/example_dags/example_latest_only_with_trigger.py
[2025-09-25T05:14:11.872+0000] {processor.py:914} INFO - Processing file /home/airflow/.local/lib/python3.12/site-packages/airflow/example_dags/example_latest_only_with_trigger.py for tasks to queue
[2025-09-25T05:14:11.874+0000] {logging_mixin.py:190} INFO - [2025-09-25T05:14:11.873+0000] {dagbag.py:588} INFO - Filling up the DagBag from /home/airflow/.local/lib/python3.12/site-packages/airflow/example_dags/example_latest_only_with_trigger.py
[2025-09-25T05:14:11.881+0000] {processor.py:925} INFO - DAG(s) 'latest_only_with_trigger' retrieved from /home/airflow/.local/lib/python3.12/site-packages/airflow/example_dags/example_latest_only_with_trigger.py
[2025-09-25T05:14:11.901+0000] {logging_mixin.py:190} INFO - [2025-09-25T05:14:11.901+0000] {dag.py:3239} INFO - Sync 1 DAGs
[2025-09-25T05:14:11.923+0000] {logging_mixin.py:190} INFO - [2025-09-25T05:14:11.923+0000] {dag.py:4180} INFO - Setting next_dagrun for latest_only_with_trigger to 2025-09-25 00:00:00+00:00, run_after=2025-09-25 04:00:00+00:00
[2025-09-25T05:14:11.947+0000] {processor.py:208} INFO - Processing /home/airflow/.local/lib/python3.12/site-packages/airflow/example_dags/example_latest_only_with_trigger.py took 0.082 seconds
[2025-09-25T05:14:41.990+0000] {processor.py:186} INFO - Started process (PID=325) to work on /home/airflow/.local/lib/python3.12/site-packages/airflow/example_dags/example_latest_only_with_trigger.py
[2025-09-25T05:14:41.991+0000] {processor.py:914} INFO - Processing file /home/airflow/.local/lib/python3.12/site-packages/airflow/example_dags/example_latest_only_with_trigger.py for tasks to queue
[2025-09-25T05:14:41.993+0000] {logging_mixin.py:190} INFO - [2025-09-25T05:14:41.992+0000] {dagbag.py:588} INFO - Filling up the DagBag from /home/airflow/.local/lib/python3.12/site-packages/airflow/example_dags/example_latest_only_with_trigger.py
[2025-09-25T05:14:42.000+0000] {processor.py:925} INFO - DAG(s) 'latest_only_with_trigger' retrieved from /home/airflow/.local/lib/python3.12/site-packages/airflow/example_dags/example_latest_only_with_trigger.py
[2025-09-25T05:14:42.019+0000] {logging_mixin.py:190} INFO - [2025-09-25T05:14:42.018+0000] {dag.py:3239} INFO - Sync 1 DAGs
[2025-09-25T05:14:41.758+0000] {logging_mixin.py:190} INFO - [2025-09-25T05:14:41.757+0000] {dag.py:4180} INFO - Setting next_dagrun for latest_only_with_trigger to 2025-09-25 00:00:00+00:00, run_after=2025-09-25 04:00:00+00:00
[2025-09-25T05:14:41.773+0000] {processor.py:208} INFO - Processing /home/airflow/.local/lib/python3.12/site-packages/airflow/example_dags/example_latest_only_with_trigger.py took 0.069 seconds
[2025-09-25T05:15:12.162+0000] {processor.py:186} INFO - Started process (PID=390) to work on /home/airflow/.local/lib/python3.12/site-packages/airflow/example_dags/example_latest_only_with_trigger.py
[2025-09-25T05:15:12.163+0000] {processor.py:914} INFO - Processing file /home/airflow/.local/lib/python3.12/site-packages/airflow/example_dags/example_latest_only_with_trigger.py for tasks to queue
[2025-09-25T05:15:12.165+0000] {logging_mixin.py:190} INFO - [2025-09-25T05:15:12.164+0000] {dagbag.py:588} INFO - Filling up the DagBag from /home/airflow/.local/lib/python3.12/site-packages/airflow/example_dags/example_latest_only_with_trigger.py
[2025-09-25T05:15:12.171+0000] {processor.py:925} INFO - DAG(s) 'latest_only_with_trigger' retrieved from /home/airflow/.local/lib/python3.12/site-packages/airflow/example_dags/example_latest_only_with_trigger.py
[2025-09-25T05:15:12.189+0000] {logging_mixin.py:190} INFO - [2025-09-25T05:15:12.189+0000] {dag.py:3239} INFO - Sync 1 DAGs
[2025-09-25T05:15:12.208+0000] {logging_mixin.py:190} INFO - [2025-09-25T05:15:12.208+0000] {dag.py:4180} INFO - Setting next_dagrun for latest_only_with_trigger to 2025-09-25 00:00:00+00:00, run_after=2025-09-25 04:00:00+00:00
[2025-09-25T05:15:12.223+0000] {processor.py:208} INFO - Processing /home/airflow/.local/lib/python3.12/site-packages/airflow/example_dags/example_latest_only_with_trigger.py took 0.067 seconds
[2025-09-25T05:15:42.637+0000] {processor.py:186} INFO - Started process (PID=455) to work on /home/airflow/.local/lib/python3.12/site-packages/airflow/example_dags/example_latest_only_with_trigger.py
[2025-09-25T05:15:42.638+0000] {processor.py:914} INFO - Processing file /home/airflow/.local/lib/python3.12/site-packages/airflow/example_dags/example_latest_only_with_trigger.py for tasks to queue
[2025-09-25T05:15:42.640+0000] {logging_mixin.py:190} INFO - [2025-09-25T05:15:42.640+0000] {dagbag.py:588} INFO - Filling up the DagBag from /home/airflow/.local/lib/python3.12/site-packages/airflow/example_dags/example_latest_only_with_trigger.py
[2025-09-25T05:15:42.648+0000] {processor.py:925} INFO - DAG(s) 'latest_only_with_trigger' retrieved from /home/airflow/.local/lib/python3.12/site-packages/airflow/example_dags/example_latest_only_with_trigger.py
[2025-09-25T05:15:42.667+0000] {logging_mixin.py:190} INFO - [2025-09-25T05:15:42.666+0000] {dag.py:3239} INFO - Sync 1 DAGs
[2025-09-25T05:15:42.687+0000] {logging_mixin.py:190} INFO - [2025-09-25T05:15:42.687+0000] {dag.py:4180} INFO - Setting next_dagrun for latest_only_with_trigger to 2025-09-25 00:00:00+00:00, run_after=2025-09-25 04:00:00+00:00
[2025-09-25T05:15:42.703+0000] {processor.py:208} INFO - Processing /home/airflow/.local/lib/python3.12/site-packages/airflow/example_dags/example_latest_only_with_trigger.py took 0.072 seconds
[2025-09-25T05:16:12.986+0000] {processor.py:186} INFO - Started process (PID=520) to work on /home/airflow/.local/lib/python3.12/site-packages/airflow/example_dags/example_latest_only_with_trigger.py
[2025-09-25T05:16:12.987+0000] {processor.py:914} INFO - Processing file /home/airflow/.local/lib/python3.12/site-packages/airflow/example_dags/example_latest_only_with_trigger.py for tasks to queue
[2025-09-25T05:16:12.990+0000] {logging_mixin.py:190} INFO - [2025-09-25T05:16:12.989+0000] {dagbag.py:588} INFO - Filling up the DagBag from /home/airflow/.local/lib/python3.12/site-packages/airflow/example_dags/example_latest_only_with_trigger.py
[2025-09-25T05:16:12.997+0000] {processor.py:925} INFO - DAG(s) 'latest_only_with_trigger' retrieved from /home/airflow/.local/lib/python3.12/site-packages/airflow/example_dags/example_latest_only_with_trigger.py
[2025-09-25T05:16:13.018+0000] {logging_mixin.py:190} INFO - [2025-09-25T05:16:13.018+0000] {dag.py:3239} INFO - Sync 1 DAGs
[2025-09-25T05:16:13.038+0000] {logging_mixin.py:190} INFO - [2025-09-25T05:16:13.037+0000] {dag.py:4180} INFO - Setting next_dagrun for latest_only_with_trigger to 2025-09-25 00:00:00+00:00, run_after=2025-09-25 04:00:00+00:00
[2025-09-25T05:16:13.053+0000] {processor.py:208} INFO - Processing /home/airflow/.local/lib/python3.12/site-packages/airflow/example_dags/example_latest_only_with_trigger.py took 0.073 seconds
[2025-09-25T05:16:43.503+0000] {processor.py:186} INFO - Started process (PID=585) to work on /home/airflow/.local/lib/python3.12/site-packages/airflow/example_dags/example_latest_only_with_trigger.py
[2025-09-25T05:16:43.504+0000] {processor.py:914} INFO - Processing file /home/airflow/.local/lib/python3.12/site-packages/airflow/example_dags/example_latest_only_with_trigger.py for tasks to queue
[2025-09-25T05:16:43.506+0000] {logging_mixin.py:190} INFO - [2025-09-25T05:16:43.505+0000] {dagbag.py:588} INFO - Filling up the DagBag from /home/airflow/.local/lib/python3.12/site-packages/airflow/example_dags/example_latest_only_with_trigger.py
[2025-09-25T05:16:43.513+0000] {processor.py:925} INFO - DAG(s) 'latest_only_with_trigger' retrieved from /home/airflow/.local/lib/python3.12/site-packages/airflow/example_dags/example_latest_only_with_trigger.py
[2025-09-25T05:16:43.531+0000] {logging_mixin.py:190} INFO - [2025-09-25T05:16:43.531+0000] {dag.py:3239} INFO - Sync 1 DAGs
[2025-09-25T05:16:43.552+0000] {logging_mixin.py:190} INFO - [2025-09-25T05:16:43.552+0000] {dag.py:4180} INFO - Setting next_dagrun for latest_only_with_trigger to 2025-09-25 00:00:00+00:00, run_after=2025-09-25 04:00:00+00:00
[2025-09-25T05:16:43.568+0000] {processor.py:208} INFO - Processing /home/airflow/.local/lib/python3.12/site-packages/airflow/example_dags/example_latest_only_with_trigger.py took 0.073 seconds
[2025-09-25T05:17:13.688+0000] {processor.py:186} INFO - Started process (PID=650) to work on /home/airflow/.local/lib/python3.12/site-packages/airflow/example_dags/example_latest_only_with_trigger.py
[2025-09-25T05:17:13.690+0000] {processor.py:914} INFO - Processing file /home/airflow/.local/lib/python3.12/site-packages/airflow/example_dags/example_latest_only_with_trigger.py for tasks to queue
[2025-09-25T05:17:13.692+0000] {logging_mixin.py:190} INFO - [2025-09-25T05:17:13.692+0000] {dagbag.py:588} INFO - Filling up the DagBag from /home/airflow/.local/lib/python3.12/site-packages/airflow/example_dags/example_latest_only_with_trigger.py
[2025-09-25T05:17:13.699+0000] {processor.py:925} INFO - DAG(s) 'latest_only_with_trigger' retrieved from /home/airflow/.local/lib/python3.12/site-packages/airflow/example_dags/example_latest_only_with_trigger.py
[2025-09-25T05:17:13.717+0000] {logging_mixin.py:190} INFO - [2025-09-25T05:17:13.717+0000] {dag.py:3239} INFO - Sync 1 DAGs
[2025-09-25T05:17:13.738+0000] {logging_mixin.py:190} INFO - [2025-09-25T05:17:13.737+0000] {dag.py:4180} INFO - Setting next_dagrun for latest_only_with_trigger to 2025-09-25 00:00:00+00:00, run_after=2025-09-25 04:00:00+00:00
[2025-09-25T05:17:13.753+0000] {processor.py:208} INFO - Processing /home/airflow/.local/lib/python3.12/site-packages/airflow/example_dags/example_latest_only_with_trigger.py took 0.070 seconds
[2025-09-25T05:17:43.907+0000] {processor.py:186} INFO - Started process (PID=715) to work on /home/airflow/.local/lib/python3.12/site-packages/airflow/example_dags/example_latest_only_with_trigger.py
[2025-09-25T05:17:43.908+0000] {processor.py:914} INFO - Processing file /home/airflow/.local/lib/python3.12/site-packages/airflow/example_dags/example_latest_only_with_trigger.py for tasks to queue
[2025-09-25T05:17:43.911+0000] {logging_mixin.py:190} INFO - [2025-09-25T05:17:43.910+0000] {dagbag.py:588} INFO - Filling up the DagBag from /home/airflow/.local/lib/python3.12/site-packages/airflow/example_dags/example_latest_only_with_trigger.py
[2025-09-25T05:17:43.917+0000] {processor.py:925} INFO - DAG(s) 'latest_only_with_trigger' retrieved from /home/airflow/.local/lib/python3.12/site-packages/airflow/example_dags/example_latest_only_with_trigger.py
[2025-09-25T05:17:43.935+0000] {logging_mixin.py:190} INFO - [2025-09-25T05:17:43.935+0000] {dag.py:3239} INFO - Sync 1 DAGs
[2025-09-25T05:17:43.954+0000] {logging_mixin.py:190} INFO - [2025-09-25T05:17:43.954+0000] {dag.py:4180} INFO - Setting next_dagrun for latest_only_with_trigger to 2025-09-25 00:00:00+00:00, run_after=2025-09-25 04:00:00+00:00
[2025-09-25T05:17:43.970+0000] {processor.py:208} INFO - Processing /home/airflow/.local/lib/python3.12/site-packages/airflow/example_dags/example_latest_only_with_trigger.py took 0.068 seconds
[2025-09-25T05:18:14.459+0000] {processor.py:186} INFO - Started process (PID=780) to work on /home/airflow/.local/lib/python3.12/site-packages/airflow/example_dags/example_latest_only_with_trigger.py
[2025-09-25T05:18:14.460+0000] {processor.py:914} INFO - Processing file /home/airflow/.local/lib/python3.12/site-packages/airflow/example_dags/example_latest_only_with_trigger.py for tasks to queue
[2025-09-25T05:18:14.464+0000] {logging_mixin.py:190} INFO - [2025-09-25T05:18:14.463+0000] {dagbag.py:588} INFO - Filling up the DagBag from /home/airflow/.local/lib/python3.12/site-packages/airflow/example_dags/example_latest_only_with_trigger.py
[2025-09-25T05:18:14.471+0000] {processor.py:925} INFO - DAG(s) 'latest_only_with_trigger' retrieved from /home/airflow/.local/lib/python3.12/site-packages/airflow/example_dags/example_latest_only_with_trigger.py
[2025-09-25T05:18:14.492+0000] {logging_mixin.py:190} INFO - [2025-09-25T05:18:14.492+0000] {dag.py:3239} INFO - Sync 1 DAGs
[2025-09-25T05:18:14.514+0000] {logging_mixin.py:190} INFO - [2025-09-25T05:18:14.514+0000] {dag.py:4180} INFO - Setting next_dagrun for latest_only_with_trigger to 2025-09-25 00:00:00+00:00, run_after=2025-09-25 04:00:00+00:00
[2025-09-25T05:18:14.532+0000] {processor.py:208} INFO - Processing /home/airflow/.local/lib/python3.12/site-packages/airflow/example_dags/example_latest_only_with_trigger.py took 0.080 seconds
[2025-09-25T05:18:44.773+0000] {processor.py:186} INFO - Started process (PID=845) to work on /home/airflow/.local/lib/python3.12/site-packages/airflow/example_dags/example_latest_only_with_trigger.py
[2025-09-25T05:18:44.774+0000] {processor.py:914} INFO - Processing file /home/airflow/.local/lib/python3.12/site-packages/airflow/example_dags/example_latest_only_with_trigger.py for tasks to queue
[2025-09-25T05:18:44.776+0000] {logging_mixin.py:190} INFO - [2025-09-25T05:18:44.776+0000] {dagbag.py:588} INFO - Filling up the DagBag from /home/airflow/.local/lib/python3.12/site-packages/airflow/example_dags/example_latest_only_with_trigger.py
[2025-09-25T05:18:44.783+0000] {processor.py:925} INFO - DAG(s) 'latest_only_with_trigger' retrieved from /home/airflow/.local/lib/python3.12/site-packages/airflow/example_dags/example_latest_only_with_trigger.py
[2025-09-25T05:18:44.801+0000] {logging_mixin.py:190} INFO - [2025-09-25T05:18:44.801+0000] {dag.py:3239} INFO - Sync 1 DAGs
[2025-09-25T05:18:44.820+0000] {logging_mixin.py:190} INFO - [2025-09-25T05:18:44.820+0000] {dag.py:4180} INFO - Setting next_dagrun for latest_only_with_trigger to 2025-09-25 00:00:00+00:00, run_after=2025-09-25 04:00:00+00:00
[2025-09-25T05:18:44.836+0000] {processor.py:208} INFO - Processing /home/airflow/.local/lib/python3.12/site-packages/airflow/example_dags/example_latest_only_with_trigger.py took 0.069 seconds
[2025-09-25T05:19:14.971+0000] {processor.py:186} INFO - Started process (PID=910) to work on /home/airflow/.local/lib/python3.12/site-packages/airflow/example_dags/example_latest_only_with_trigger.py
[2025-09-25T05:19:14.972+0000] {processor.py:914} INFO - Processing file /home/airflow/.local/lib/python3.12/site-packages/airflow/example_dags/example_latest_only_with_trigger.py for tasks to queue
[2025-09-25T05:19:14.974+0000] {logging_mixin.py:190} INFO - [2025-09-25T05:19:14.973+0000] {dagbag.py:588} INFO - Filling up the DagBag from /home/airflow/.local/lib/python3.12/site-packages/airflow/example_dags/example_latest_only_with_trigger.py
[2025-09-25T05:19:14.981+0000] {processor.py:925} INFO - DAG(s) 'latest_only_with_trigger' retrieved from /home/airflow/.local/lib/python3.12/site-packages/airflow/example_dags/example_latest_only_with_trigger.py
[2025-09-25T05:19:14.998+0000] {logging_mixin.py:190} INFO - [2025-09-25T05:19:14.998+0000] {dag.py:3239} INFO - Sync 1 DAGs
[2025-09-25T05:19:15.017+0000] {logging_mixin.py:190} INFO - [2025-09-25T05:19:15.017+0000] {dag.py:4180} INFO - Setting next_dagrun for latest_only_with_trigger to 2025-09-25 00:00:00+00:00, run_after=2025-09-25 04:00:00+00:00
[2025-09-25T05:19:15.032+0000] {processor.py:208} INFO - Processing /home/airflow/.local/lib/python3.12/site-packages/airflow/example_dags/example_latest_only_with_trigger.py took 0.067 seconds
[2025-09-25T05:19:45.083+0000] {processor.py:186} INFO - Started process (PID=975) to work on /home/airflow/.local/lib/python3.12/site-packages/airflow/example_dags/example_latest_only_with_trigger.py
[2025-09-25T05:19:45.084+0000] {processor.py:914} INFO - Processing file /home/airflow/.local/lib/python3.12/site-packages/airflow/example_dags/example_latest_only_with_trigger.py for tasks to queue
[2025-09-25T05:19:45.086+0000] {logging_mixin.py:190} INFO - [2025-09-25T05:19:45.086+0000] {dagbag.py:588} INFO - Filling up the DagBag from /home/airflow/.local/lib/python3.12/site-packages/airflow/example_dags/example_latest_only_with_trigger.py
[2025-09-25T05:19:45.093+0000] {processor.py:925} INFO - DAG(s) 'latest_only_with_trigger' retrieved from /home/airflow/.local/lib/python3.12/site-packages/airflow/example_dags/example_latest_only_with_trigger.py
[2025-09-25T05:19:45.110+0000] {logging_mixin.py:190} INFO - [2025-09-25T05:19:45.110+0000] {dag.py:3239} INFO - Sync 1 DAGs
[2025-09-25T05:19:45.130+0000] {logging_mixin.py:190} INFO - [2025-09-25T05:19:45.129+0000] {dag.py:4180} INFO - Setting next_dagrun for latest_only_with_trigger to 2025-09-25 00:00:00+00:00, run_after=2025-09-25 04:00:00+00:00
[2025-09-25T05:19:45.144+0000] {processor.py:208} INFO - Processing /home/airflow/.local/lib/python3.12/site-packages/airflow/example_dags/example_latest_only_with_trigger.py took 0.066 seconds
[2025-09-25T05:25:39.798+0000] {processor.py:186} INFO - Started process (PID=67) to work on /home/airflow/.local/lib/python3.12/site-packages/airflow/example_dags/example_latest_only_with_trigger.py
[2025-09-25T05:25:39.799+0000] {processor.py:914} INFO - Processing file /home/airflow/.local/lib/python3.12/site-packages/airflow/example_dags/example_latest_only_with_trigger.py for tasks to queue
[2025-09-25T05:25:39.801+0000] {logging_mixin.py:190} INFO - [2025-09-25T05:25:39.800+0000] {dagbag.py:588} INFO - Filling up the DagBag from /home/airflow/.local/lib/python3.12/site-packages/airflow/example_dags/example_latest_only_with_trigger.py
[2025-09-25T05:25:39.810+0000] {processor.py:925} INFO - DAG(s) 'latest_only_with_trigger' retrieved from /home/airflow/.local/lib/python3.12/site-packages/airflow/example_dags/example_latest_only_with_trigger.py
[2025-09-25T05:25:39.947+0000] {logging_mixin.py:190} INFO - [2025-09-25T05:25:39.946+0000] {dag.py:3239} INFO - Sync 1 DAGs
[2025-09-25T05:25:39.973+0000] {logging_mixin.py:190} INFO - [2025-09-25T05:25:39.973+0000] {dag.py:4180} INFO - Setting next_dagrun for latest_only_with_trigger to 2025-09-25 00:00:00+00:00, run_after=2025-09-25 04:00:00+00:00
[2025-09-25T05:25:39.992+0000] {processor.py:208} INFO - Processing /home/airflow/.local/lib/python3.12/site-packages/airflow/example_dags/example_latest_only_with_trigger.py took 0.201 seconds
[2025-09-25T05:26:10.359+0000] {processor.py:186} INFO - Started process (PID=131) to work on /home/airflow/.local/lib/python3.12/site-packages/airflow/example_dags/example_latest_only_with_trigger.py
[2025-09-25T05:26:10.360+0000] {processor.py:914} INFO - Processing file /home/airflow/.local/lib/python3.12/site-packages/airflow/example_dags/example_latest_only_with_trigger.py for tasks to queue
[2025-09-25T05:26:10.363+0000] {logging_mixin.py:190} INFO - [2025-09-25T05:26:10.362+0000] {dagbag.py:588} INFO - Filling up the DagBag from /home/airflow/.local/lib/python3.12/site-packages/airflow/example_dags/example_latest_only_with_trigger.py
[2025-09-25T05:26:10.369+0000] {processor.py:925} INFO - DAG(s) 'latest_only_with_trigger' retrieved from /home/airflow/.local/lib/python3.12/site-packages/airflow/example_dags/example_latest_only_with_trigger.py
[2025-09-25T05:26:10.386+0000] {logging_mixin.py:190} INFO - [2025-09-25T05:26:10.386+0000] {dag.py:3239} INFO - Sync 1 DAGs
[2025-09-25T05:26:10.406+0000] {logging_mixin.py:190} INFO - [2025-09-25T05:26:10.406+0000] {dag.py:4180} INFO - Setting next_dagrun for latest_only_with_trigger to 2025-09-25 00:00:00+00:00, run_after=2025-09-25 04:00:00+00:00
[2025-09-25T05:26:10.422+0000] {processor.py:208} INFO - Processing /home/airflow/.local/lib/python3.12/site-packages/airflow/example_dags/example_latest_only_with_trigger.py took 0.068 seconds
[2025-09-25T05:26:41.179+0000] {processor.py:186} INFO - Started process (PID=196) to work on /home/airflow/.local/lib/python3.12/site-packages/airflow/example_dags/example_latest_only_with_trigger.py
[2025-09-25T05:26:41.180+0000] {processor.py:914} INFO - Processing file /home/airflow/.local/lib/python3.12/site-packages/airflow/example_dags/example_latest_only_with_trigger.py for tasks to queue
[2025-09-25T05:26:41.183+0000] {logging_mixin.py:190} INFO - [2025-09-25T05:26:41.183+0000] {dagbag.py:588} INFO - Filling up the DagBag from /home/airflow/.local/lib/python3.12/site-packages/airflow/example_dags/example_latest_only_with_trigger.py
[2025-09-25T05:26:41.191+0000] {processor.py:925} INFO - DAG(s) 'latest_only_with_trigger' retrieved from /home/airflow/.local/lib/python3.12/site-packages/airflow/example_dags/example_latest_only_with_trigger.py
[2025-09-25T05:26:41.210+0000] {logging_mixin.py:190} INFO - [2025-09-25T05:26:41.210+0000] {dag.py:3239} INFO - Sync 1 DAGs
[2025-09-25T05:26:41.231+0000] {logging_mixin.py:190} INFO - [2025-09-25T05:26:41.231+0000] {dag.py:4180} INFO - Setting next_dagrun for latest_only_with_trigger to 2025-09-25 00:00:00+00:00, run_after=2025-09-25 04:00:00+00:00
[2025-09-25T05:26:41.249+0000] {processor.py:208} INFO - Processing /home/airflow/.local/lib/python3.12/site-packages/airflow/example_dags/example_latest_only_with_trigger.py took 0.078 seconds
[2025-09-25T05:27:11.568+0000] {processor.py:186} INFO - Started process (PID=261) to work on /home/airflow/.local/lib/python3.12/site-packages/airflow/example_dags/example_latest_only_with_trigger.py
[2025-09-25T05:27:11.569+0000] {processor.py:914} INFO - Processing file /home/airflow/.local/lib/python3.12/site-packages/airflow/example_dags/example_latest_only_with_trigger.py for tasks to queue
[2025-09-25T05:27:11.572+0000] {logging_mixin.py:190} INFO - [2025-09-25T05:27:11.571+0000] {dagbag.py:588} INFO - Filling up the DagBag from /home/airflow/.local/lib/python3.12/site-packages/airflow/example_dags/example_latest_only_with_trigger.py
[2025-09-25T05:27:11.578+0000] {processor.py:925} INFO - DAG(s) 'latest_only_with_trigger' retrieved from /home/airflow/.local/lib/python3.12/site-packages/airflow/example_dags/example_latest_only_with_trigger.py
[2025-09-25T05:27:11.596+0000] {logging_mixin.py:190} INFO - [2025-09-25T05:27:11.596+0000] {dag.py:3239} INFO - Sync 1 DAGs
[2025-09-25T05:27:11.615+0000] {logging_mixin.py:190} INFO - [2025-09-25T05:27:11.615+0000] {dag.py:4180} INFO - Setting next_dagrun for latest_only_with_trigger to 2025-09-25 00:00:00+00:00, run_after=2025-09-25 04:00:00+00:00
[2025-09-25T05:27:11.629+0000] {processor.py:208} INFO - Processing /home/airflow/.local/lib/python3.12/site-packages/airflow/example_dags/example_latest_only_with_trigger.py took 0.066 seconds
[2025-09-25T05:27:41.690+0000] {processor.py:186} INFO - Started process (PID=325) to work on /home/airflow/.local/lib/python3.12/site-packages/airflow/example_dags/example_latest_only_with_trigger.py
[2025-09-25T05:27:41.691+0000] {processor.py:914} INFO - Processing file /home/airflow/.local/lib/python3.12/site-packages/airflow/example_dags/example_latest_only_with_trigger.py for tasks to queue
[2025-09-25T05:27:41.693+0000] {logging_mixin.py:190} INFO - [2025-09-25T05:27:41.693+0000] {dagbag.py:588} INFO - Filling up the DagBag from /home/airflow/.local/lib/python3.12/site-packages/airflow/example_dags/example_latest_only_with_trigger.py
[2025-09-25T05:27:41.699+0000] {processor.py:925} INFO - DAG(s) 'latest_only_with_trigger' retrieved from /home/airflow/.local/lib/python3.12/site-packages/airflow/example_dags/example_latest_only_with_trigger.py
[2025-09-25T05:27:41.717+0000] {logging_mixin.py:190} INFO - [2025-09-25T05:27:41.717+0000] {dag.py:3239} INFO - Sync 1 DAGs
[2025-09-25T05:27:41.737+0000] {logging_mixin.py:190} INFO - [2025-09-25T05:27:41.737+0000] {dag.py:4180} INFO - Setting next_dagrun for latest_only_with_trigger to 2025-09-25 00:00:00+00:00, run_after=2025-09-25 04:00:00+00:00
[2025-09-25T05:27:41.754+0000] {processor.py:208} INFO - Processing /home/airflow/.local/lib/python3.12/site-packages/airflow/example_dags/example_latest_only_with_trigger.py took 0.070 seconds
[2025-09-25T05:28:55.114+0000] {processor.py:186} INFO - Started process (PID=68) to work on /home/airflow/.local/lib/python3.12/site-packages/airflow/example_dags/example_latest_only_with_trigger.py
[2025-09-25T05:28:55.115+0000] {processor.py:914} INFO - Processing file /home/airflow/.local/lib/python3.12/site-packages/airflow/example_dags/example_latest_only_with_trigger.py for tasks to queue
[2025-09-25T05:28:55.117+0000] {logging_mixin.py:190} INFO - [2025-09-25T05:28:55.117+0000] {dagbag.py:588} INFO - Filling up the DagBag from /home/airflow/.local/lib/python3.12/site-packages/airflow/example_dags/example_latest_only_with_trigger.py
[2025-09-25T05:28:55.125+0000] {processor.py:925} INFO - DAG(s) 'latest_only_with_trigger' retrieved from /home/airflow/.local/lib/python3.12/site-packages/airflow/example_dags/example_latest_only_with_trigger.py
[2025-09-25T05:28:55.151+0000] {logging_mixin.py:190} INFO - [2025-09-25T05:28:55.151+0000] {dag.py:3239} INFO - Sync 1 DAGs
[2025-09-25T05:28:55.170+0000] {logging_mixin.py:190} INFO - [2025-09-25T05:28:55.170+0000] {dag.py:4180} INFO - Setting next_dagrun for latest_only_with_trigger to 2025-09-25 00:00:00+00:00, run_after=2025-09-25 04:00:00+00:00
[2025-09-25T05:28:55.184+0000] {processor.py:208} INFO - Processing /home/airflow/.local/lib/python3.12/site-packages/airflow/example_dags/example_latest_only_with_trigger.py took 0.078 seconds
[2025-09-25T05:29:26.474+0000] {processor.py:186} INFO - Started process (PID=133) to work on /home/airflow/.local/lib/python3.12/site-packages/airflow/example_dags/example_latest_only_with_trigger.py
[2025-09-25T05:29:26.475+0000] {processor.py:914} INFO - Processing file /home/airflow/.local/lib/python3.12/site-packages/airflow/example_dags/example_latest_only_with_trigger.py for tasks to queue
[2025-09-25T05:29:26.477+0000] {logging_mixin.py:190} INFO - [2025-09-25T05:29:26.477+0000] {dagbag.py:588} INFO - Filling up the DagBag from /home/airflow/.local/lib/python3.12/site-packages/airflow/example_dags/example_latest_only_with_trigger.py
[2025-09-25T05:29:26.484+0000] {processor.py:925} INFO - DAG(s) 'latest_only_with_trigger' retrieved from /home/airflow/.local/lib/python3.12/site-packages/airflow/example_dags/example_latest_only_with_trigger.py
[2025-09-25T05:29:26.499+0000] {logging_mixin.py:190} INFO - [2025-09-25T05:29:26.499+0000] {dag.py:3239} INFO - Sync 1 DAGs
[2025-09-25T05:29:26.520+0000] {logging_mixin.py:190} INFO - [2025-09-25T05:29:26.520+0000] {dag.py:4180} INFO - Setting next_dagrun for latest_only_with_trigger to 2025-09-25 00:00:00+00:00, run_after=2025-09-25 04:00:00+00:00
[2025-09-25T05:29:26.534+0000] {processor.py:208} INFO - Processing /home/airflow/.local/lib/python3.12/site-packages/airflow/example_dags/example_latest_only_with_trigger.py took 0.065 seconds
[2025-09-25T05:29:57.438+0000] {processor.py:186} INFO - Started process (PID=198) to work on /home/airflow/.local/lib/python3.12/site-packages/airflow/example_dags/example_latest_only_with_trigger.py
[2025-09-25T05:29:57.439+0000] {processor.py:914} INFO - Processing file /home/airflow/.local/lib/python3.12/site-packages/airflow/example_dags/example_latest_only_with_trigger.py for tasks to queue
[2025-09-25T05:29:57.441+0000] {logging_mixin.py:190} INFO - [2025-09-25T05:29:57.441+0000] {dagbag.py:588} INFO - Filling up the DagBag from /home/airflow/.local/lib/python3.12/site-packages/airflow/example_dags/example_latest_only_with_trigger.py
[2025-09-25T05:29:57.447+0000] {processor.py:925} INFO - DAG(s) 'latest_only_with_trigger' retrieved from /home/airflow/.local/lib/python3.12/site-packages/airflow/example_dags/example_latest_only_with_trigger.py
[2025-09-25T05:29:57.465+0000] {logging_mixin.py:190} INFO - [2025-09-25T05:29:57.465+0000] {dag.py:3239} INFO - Sync 1 DAGs
[2025-09-25T05:29:57.485+0000] {logging_mixin.py:190} INFO - [2025-09-25T05:29:57.485+0000] {dag.py:4180} INFO - Setting next_dagrun for latest_only_with_trigger to 2025-09-25 00:00:00+00:00, run_after=2025-09-25 04:00:00+00:00
[2025-09-25T05:29:57.500+0000] {processor.py:208} INFO - Processing /home/airflow/.local/lib/python3.12/site-packages/airflow/example_dags/example_latest_only_with_trigger.py took 0.067 seconds
[2025-09-25T05:30:28.811+0000] {processor.py:186} INFO - Started process (PID=263) to work on /home/airflow/.local/lib/python3.12/site-packages/airflow/example_dags/example_latest_only_with_trigger.py
[2025-09-25T05:30:28.812+0000] {processor.py:914} INFO - Processing file /home/airflow/.local/lib/python3.12/site-packages/airflow/example_dags/example_latest_only_with_trigger.py for tasks to queue
[2025-09-25T05:30:28.814+0000] {logging_mixin.py:190} INFO - [2025-09-25T05:30:28.814+0000] {dagbag.py:588} INFO - Filling up the DagBag from /home/airflow/.local/lib/python3.12/site-packages/airflow/example_dags/example_latest_only_with_trigger.py
[2025-09-25T05:30:28.822+0000] {processor.py:925} INFO - DAG(s) 'latest_only_with_trigger' retrieved from /home/airflow/.local/lib/python3.12/site-packages/airflow/example_dags/example_latest_only_with_trigger.py
[2025-09-25T05:30:28.840+0000] {logging_mixin.py:190} INFO - [2025-09-25T05:30:28.840+0000] {dag.py:3239} INFO - Sync 1 DAGs
[2025-09-25T05:30:28.860+0000] {logging_mixin.py:190} INFO - [2025-09-25T05:30:28.860+0000] {dag.py:4180} INFO - Setting next_dagrun for latest_only_with_trigger to 2025-09-25 00:00:00+00:00, run_after=2025-09-25 04:00:00+00:00
[2025-09-25T05:30:28.875+0000] {processor.py:208} INFO - Processing /home/airflow/.local/lib/python3.12/site-packages/airflow/example_dags/example_latest_only_with_trigger.py took 0.070 seconds
[2025-09-25T05:30:59.671+0000] {processor.py:186} INFO - Started process (PID=328) to work on /home/airflow/.local/lib/python3.12/site-packages/airflow/example_dags/example_latest_only_with_trigger.py
[2025-09-25T05:30:59.672+0000] {processor.py:914} INFO - Processing file /home/airflow/.local/lib/python3.12/site-packages/airflow/example_dags/example_latest_only_with_trigger.py for tasks to queue
[2025-09-25T05:30:59.674+0000] {logging_mixin.py:190} INFO - [2025-09-25T05:30:59.674+0000] {dagbag.py:588} INFO - Filling up the DagBag from /home/airflow/.local/lib/python3.12/site-packages/airflow/example_dags/example_latest_only_with_trigger.py
[2025-09-25T05:30:59.680+0000] {processor.py:925} INFO - DAG(s) 'latest_only_with_trigger' retrieved from /home/airflow/.local/lib/python3.12/site-packages/airflow/example_dags/example_latest_only_with_trigger.py
[2025-09-25T05:30:59.697+0000] {logging_mixin.py:190} INFO - [2025-09-25T05:30:59.697+0000] {dag.py:3239} INFO - Sync 1 DAGs
[2025-09-25T05:30:59.716+0000] {logging_mixin.py:190} INFO - [2025-09-25T05:30:59.716+0000] {dag.py:4180} INFO - Setting next_dagrun for latest_only_with_trigger to 2025-09-25 00:00:00+00:00, run_after=2025-09-25 04:00:00+00:00
[2025-09-25T05:30:59.730+0000] {processor.py:208} INFO - Processing /home/airflow/.local/lib/python3.12/site-packages/airflow/example_dags/example_latest_only_with_trigger.py took 0.064 seconds
[2025-09-25T05:31:30.709+0000] {processor.py:186} INFO - Started process (PID=393) to work on /home/airflow/.local/lib/python3.12/site-packages/airflow/example_dags/example_latest_only_with_trigger.py
[2025-09-25T05:31:30.710+0000] {processor.py:914} INFO - Processing file /home/airflow/.local/lib/python3.12/site-packages/airflow/example_dags/example_latest_only_with_trigger.py for tasks to queue
[2025-09-25T05:31:30.712+0000] {logging_mixin.py:190} INFO - [2025-09-25T05:31:30.712+0000] {dagbag.py:588} INFO - Filling up the DagBag from /home/airflow/.local/lib/python3.12/site-packages/airflow/example_dags/example_latest_only_with_trigger.py
[2025-09-25T05:31:30.719+0000] {processor.py:925} INFO - DAG(s) 'latest_only_with_trigger' retrieved from /home/airflow/.local/lib/python3.12/site-packages/airflow/example_dags/example_latest_only_with_trigger.py
[2025-09-25T05:31:30.738+0000] {logging_mixin.py:190} INFO - [2025-09-25T05:31:30.738+0000] {dag.py:3239} INFO - Sync 1 DAGs
[2025-09-25T05:31:30.758+0000] {logging_mixin.py:190} INFO - [2025-09-25T05:31:30.758+0000] {dag.py:4180} INFO - Setting next_dagrun for latest_only_with_trigger to 2025-09-25 00:00:00+00:00, run_after=2025-09-25 04:00:00+00:00
[2025-09-25T05:31:30.773+0000] {processor.py:208} INFO - Processing /home/airflow/.local/lib/python3.12/site-packages/airflow/example_dags/example_latest_only_with_trigger.py took 0.070 seconds
[2025-09-25T05:32:01.842+0000] {processor.py:186} INFO - Started process (PID=458) to work on /home/airflow/.local/lib/python3.12/site-packages/airflow/example_dags/example_latest_only_with_trigger.py
[2025-09-25T05:32:01.843+0000] {processor.py:914} INFO - Processing file /home/airflow/.local/lib/python3.12/site-packages/airflow/example_dags/example_latest_only_with_trigger.py for tasks to queue
[2025-09-25T05:32:01.846+0000] {logging_mixin.py:190} INFO - [2025-09-25T05:32:01.845+0000] {dagbag.py:588} INFO - Filling up the DagBag from /home/airflow/.local/lib/python3.12/site-packages/airflow/example_dags/example_latest_only_with_trigger.py
[2025-09-25T05:32:01.853+0000] {processor.py:925} INFO - DAG(s) 'latest_only_with_trigger' retrieved from /home/airflow/.local/lib/python3.12/site-packages/airflow/example_dags/example_latest_only_with_trigger.py
[2025-09-25T05:32:01.870+0000] {logging_mixin.py:190} INFO - [2025-09-25T05:32:01.870+0000] {dag.py:3239} INFO - Sync 1 DAGs
[2025-09-25T05:32:01.890+0000] {logging_mixin.py:190} INFO - [2025-09-25T05:32:01.890+0000] {dag.py:4180} INFO - Setting next_dagrun for latest_only_with_trigger to 2025-09-25 00:00:00+00:00, run_after=2025-09-25 04:00:00+00:00
[2025-09-25T05:32:01.905+0000] {processor.py:208} INFO - Processing /home/airflow/.local/lib/python3.12/site-packages/airflow/example_dags/example_latest_only_with_trigger.py took 0.069 seconds
[2025-09-25T05:32:33.317+0000] {processor.py:186} INFO - Started process (PID=523) to work on /home/airflow/.local/lib/python3.12/site-packages/airflow/example_dags/example_latest_only_with_trigger.py
[2025-09-25T05:32:33.318+0000] {processor.py:914} INFO - Processing file /home/airflow/.local/lib/python3.12/site-packages/airflow/example_dags/example_latest_only_with_trigger.py for tasks to queue
[2025-09-25T05:32:33.320+0000] {logging_mixin.py:190} INFO - [2025-09-25T05:32:33.320+0000] {dagbag.py:588} INFO - Filling up the DagBag from /home/airflow/.local/lib/python3.12/site-packages/airflow/example_dags/example_latest_only_with_trigger.py
[2025-09-25T05:32:33.327+0000] {processor.py:925} INFO - DAG(s) 'latest_only_with_trigger' retrieved from /home/airflow/.local/lib/python3.12/site-packages/airflow/example_dags/example_latest_only_with_trigger.py
[2025-09-25T05:32:33.344+0000] {logging_mixin.py:190} INFO - [2025-09-25T05:32:33.344+0000] {dag.py:3239} INFO - Sync 1 DAGs
[2025-09-25T05:32:33.366+0000] {logging_mixin.py:190} INFO - [2025-09-25T05:32:33.365+0000] {dag.py:4180} INFO - Setting next_dagrun for latest_only_with_trigger to 2025-09-25 00:00:00+00:00, run_after=2025-09-25 04:00:00+00:00
[2025-09-25T05:32:33.381+0000] {processor.py:208} INFO - Processing /home/airflow/.local/lib/python3.12/site-packages/airflow/example_dags/example_latest_only_with_trigger.py took 0.071 seconds
[2025-09-25T05:33:04.120+0000] {processor.py:186} INFO - Started process (PID=588) to work on /home/airflow/.local/lib/python3.12/site-packages/airflow/example_dags/example_latest_only_with_trigger.py
[2025-09-25T05:33:04.122+0000] {processor.py:914} INFO - Processing file /home/airflow/.local/lib/python3.12/site-packages/airflow/example_dags/example_latest_only_with_trigger.py for tasks to queue
[2025-09-25T05:33:04.124+0000] {logging_mixin.py:190} INFO - [2025-09-25T05:33:04.123+0000] {dagbag.py:588} INFO - Filling up the DagBag from /home/airflow/.local/lib/python3.12/site-packages/airflow/example_dags/example_latest_only_with_trigger.py
[2025-09-25T05:33:04.131+0000] {processor.py:925} INFO - DAG(s) 'latest_only_with_trigger' retrieved from /home/airflow/.local/lib/python3.12/site-packages/airflow/example_dags/example_latest_only_with_trigger.py
[2025-09-25T05:33:04.147+0000] {logging_mixin.py:190} INFO - [2025-09-25T05:33:04.147+0000] {dag.py:3239} INFO - Sync 1 DAGs
[2025-09-25T05:33:04.169+0000] {logging_mixin.py:190} INFO - [2025-09-25T05:33:04.168+0000] {dag.py:4180} INFO - Setting next_dagrun for latest_only_with_trigger to 2025-09-25 00:00:00+00:00, run_after=2025-09-25 04:00:00+00:00
[2025-09-25T05:33:04.185+0000] {processor.py:208} INFO - Processing /home/airflow/.local/lib/python3.12/site-packages/airflow/example_dags/example_latest_only_with_trigger.py took 0.071 seconds
[2025-09-25T05:33:35.193+0000] {processor.py:186} INFO - Started process (PID=653) to work on /home/airflow/.local/lib/python3.12/site-packages/airflow/example_dags/example_latest_only_with_trigger.py
[2025-09-25T05:33:35.194+0000] {processor.py:914} INFO - Processing file /home/airflow/.local/lib/python3.12/site-packages/airflow/example_dags/example_latest_only_with_trigger.py for tasks to queue
[2025-09-25T05:33:35.196+0000] {logging_mixin.py:190} INFO - [2025-09-25T05:33:35.195+0000] {dagbag.py:588} INFO - Filling up the DagBag from /home/airflow/.local/lib/python3.12/site-packages/airflow/example_dags/example_latest_only_with_trigger.py
[2025-09-25T05:33:35.202+0000] {processor.py:925} INFO - DAG(s) 'latest_only_with_trigger' retrieved from /home/airflow/.local/lib/python3.12/site-packages/airflow/example_dags/example_latest_only_with_trigger.py
[2025-09-25T05:33:35.219+0000] {logging_mixin.py:190} INFO - [2025-09-25T05:33:35.219+0000] {dag.py:3239} INFO - Sync 1 DAGs
[2025-09-25T05:33:35.240+0000] {logging_mixin.py:190} INFO - [2025-09-25T05:33:35.239+0000] {dag.py:4180} INFO - Setting next_dagrun for latest_only_with_trigger to 2025-09-25 00:00:00+00:00, run_after=2025-09-25 04:00:00+00:00
[2025-09-25T05:33:35.256+0000] {processor.py:208} INFO - Processing /home/airflow/.local/lib/python3.12/site-packages/airflow/example_dags/example_latest_only_with_trigger.py took 0.068 seconds
[2025-09-25T05:34:06.274+0000] {processor.py:186} INFO - Started process (PID=718) to work on /home/airflow/.local/lib/python3.12/site-packages/airflow/example_dags/example_latest_only_with_trigger.py
[2025-09-25T05:34:06.275+0000] {processor.py:914} INFO - Processing file /home/airflow/.local/lib/python3.12/site-packages/airflow/example_dags/example_latest_only_with_trigger.py for tasks to queue
[2025-09-25T05:34:06.278+0000] {logging_mixin.py:190} INFO - [2025-09-25T05:34:06.277+0000] {dagbag.py:588} INFO - Filling up the DagBag from /home/airflow/.local/lib/python3.12/site-packages/airflow/example_dags/example_latest_only_with_trigger.py
[2025-09-25T05:34:06.284+0000] {processor.py:925} INFO - DAG(s) 'latest_only_with_trigger' retrieved from /home/airflow/.local/lib/python3.12/site-packages/airflow/example_dags/example_latest_only_with_trigger.py
[2025-09-25T05:34:06.301+0000] {logging_mixin.py:190} INFO - [2025-09-25T05:34:06.301+0000] {dag.py:3239} INFO - Sync 1 DAGs
[2025-09-25T05:34:06.321+0000] {logging_mixin.py:190} INFO - [2025-09-25T05:34:06.321+0000] {dag.py:4180} INFO - Setting next_dagrun for latest_only_with_trigger to 2025-09-25 00:00:00+00:00, run_after=2025-09-25 04:00:00+00:00
[2025-09-25T05:34:06.336+0000] {processor.py:208} INFO - Processing /home/airflow/.local/lib/python3.12/site-packages/airflow/example_dags/example_latest_only_with_trigger.py took 0.068 seconds
[2025-09-25T05:34:37.576+0000] {processor.py:186} INFO - Started process (PID=783) to work on /home/airflow/.local/lib/python3.12/site-packages/airflow/example_dags/example_latest_only_with_trigger.py
[2025-09-25T05:34:37.577+0000] {processor.py:914} INFO - Processing file /home/airflow/.local/lib/python3.12/site-packages/airflow/example_dags/example_latest_only_with_trigger.py for tasks to queue
[2025-09-25T05:34:37.579+0000] {logging_mixin.py:190} INFO - [2025-09-25T05:34:37.579+0000] {dagbag.py:588} INFO - Filling up the DagBag from /home/airflow/.local/lib/python3.12/site-packages/airflow/example_dags/example_latest_only_with_trigger.py
[2025-09-25T05:34:37.586+0000] {processor.py:925} INFO - DAG(s) 'latest_only_with_trigger' retrieved from /home/airflow/.local/lib/python3.12/site-packages/airflow/example_dags/example_latest_only_with_trigger.py
[2025-09-25T05:34:37.603+0000] {logging_mixin.py:190} INFO - [2025-09-25T05:34:37.603+0000] {dag.py:3239} INFO - Sync 1 DAGs
[2025-09-25T05:34:37.622+0000] {logging_mixin.py:190} INFO - [2025-09-25T05:34:37.622+0000] {dag.py:4180} INFO - Setting next_dagrun for latest_only_with_trigger to 2025-09-25 00:00:00+00:00, run_after=2025-09-25 04:00:00+00:00
[2025-09-25T05:34:37.637+0000] {processor.py:208} INFO - Processing /home/airflow/.local/lib/python3.12/site-packages/airflow/example_dags/example_latest_only_with_trigger.py took 0.067 seconds
[2025-09-25T05:35:08.859+0000] {processor.py:186} INFO - Started process (PID=848) to work on /home/airflow/.local/lib/python3.12/site-packages/airflow/example_dags/example_latest_only_with_trigger.py
[2025-09-25T05:35:08.860+0000] {processor.py:914} INFO - Processing file /home/airflow/.local/lib/python3.12/site-packages/airflow/example_dags/example_latest_only_with_trigger.py for tasks to queue
[2025-09-25T05:35:08.862+0000] {logging_mixin.py:190} INFO - [2025-09-25T05:35:08.862+0000] {dagbag.py:588} INFO - Filling up the DagBag from /home/airflow/.local/lib/python3.12/site-packages/airflow/example_dags/example_latest_only_with_trigger.py
[2025-09-25T05:35:08.870+0000] {processor.py:925} INFO - DAG(s) 'latest_only_with_trigger' retrieved from /home/airflow/.local/lib/python3.12/site-packages/airflow/example_dags/example_latest_only_with_trigger.py
[2025-09-25T05:35:08.888+0000] {logging_mixin.py:190} INFO - [2025-09-25T05:35:08.887+0000] {dag.py:3239} INFO - Sync 1 DAGs
[2025-09-25T05:35:08.909+0000] {logging_mixin.py:190} INFO - [2025-09-25T05:35:08.909+0000] {dag.py:4180} INFO - Setting next_dagrun for latest_only_with_trigger to 2025-09-25 00:00:00+00:00, run_after=2025-09-25 04:00:00+00:00
[2025-09-25T05:35:08.923+0000] {processor.py:208} INFO - Processing /home/airflow/.local/lib/python3.12/site-packages/airflow/example_dags/example_latest_only_with_trigger.py took 0.070 seconds
[2025-09-25T05:35:40.121+0000] {processor.py:186} INFO - Started process (PID=913) to work on /home/airflow/.local/lib/python3.12/site-packages/airflow/example_dags/example_latest_only_with_trigger.py
[2025-09-25T05:35:40.135+0000] {processor.py:914} INFO - Processing file /home/airflow/.local/lib/python3.12/site-packages/airflow/example_dags/example_latest_only_with_trigger.py for tasks to queue
[2025-09-25T05:35:40.141+0000] {logging_mixin.py:190} INFO - [2025-09-25T05:35:40.141+0000] {dagbag.py:588} INFO - Filling up the DagBag from /home/airflow/.local/lib/python3.12/site-packages/airflow/example_dags/example_latest_only_with_trigger.py
[2025-09-25T05:35:40.153+0000] {processor.py:925} INFO - DAG(s) 'latest_only_with_trigger' retrieved from /home/airflow/.local/lib/python3.12/site-packages/airflow/example_dags/example_latest_only_with_trigger.py
[2025-09-25T05:35:40.176+0000] {logging_mixin.py:190} INFO - [2025-09-25T05:35:40.175+0000] {dag.py:3239} INFO - Sync 1 DAGs
[2025-09-25T05:35:40.198+0000] {logging_mixin.py:190} INFO - [2025-09-25T05:35:40.198+0000] {dag.py:4180} INFO - Setting next_dagrun for latest_only_with_trigger to 2025-09-25 00:00:00+00:00, run_after=2025-09-25 04:00:00+00:00
[2025-09-25T05:35:40.219+0000] {processor.py:208} INFO - Processing /home/airflow/.local/lib/python3.12/site-packages/airflow/example_dags/example_latest_only_with_trigger.py took 0.107 seconds
[2025-09-25T05:36:11.579+0000] {processor.py:186} INFO - Started process (PID=978) to work on /home/airflow/.local/lib/python3.12/site-packages/airflow/example_dags/example_latest_only_with_trigger.py
[2025-09-25T05:36:11.580+0000] {processor.py:914} INFO - Processing file /home/airflow/.local/lib/python3.12/site-packages/airflow/example_dags/example_latest_only_with_trigger.py for tasks to queue
[2025-09-25T05:36:11.582+0000] {logging_mixin.py:190} INFO - [2025-09-25T05:36:11.582+0000] {dagbag.py:588} INFO - Filling up the DagBag from /home/airflow/.local/lib/python3.12/site-packages/airflow/example_dags/example_latest_only_with_trigger.py
[2025-09-25T05:36:11.589+0000] {processor.py:925} INFO - DAG(s) 'latest_only_with_trigger' retrieved from /home/airflow/.local/lib/python3.12/site-packages/airflow/example_dags/example_latest_only_with_trigger.py
[2025-09-25T05:36:11.606+0000] {logging_mixin.py:190} INFO - [2025-09-25T05:36:11.606+0000] {dag.py:3239} INFO - Sync 1 DAGs
[2025-09-25T05:36:11.625+0000] {logging_mixin.py:190} INFO - [2025-09-25T05:36:11.625+0000] {dag.py:4180} INFO - Setting next_dagrun for latest_only_with_trigger to 2025-09-25 00:00:00+00:00, run_after=2025-09-25 04:00:00+00:00
[2025-09-25T05:36:11.642+0000] {processor.py:208} INFO - Processing /home/airflow/.local/lib/python3.12/site-packages/airflow/example_dags/example_latest_only_with_trigger.py took 0.070 seconds
[2025-09-25T05:36:42.883+0000] {processor.py:186} INFO - Started process (PID=1043) to work on /home/airflow/.local/lib/python3.12/site-packages/airflow/example_dags/example_latest_only_with_trigger.py
[2025-09-25T05:36:42.884+0000] {processor.py:914} INFO - Processing file /home/airflow/.local/lib/python3.12/site-packages/airflow/example_dags/example_latest_only_with_trigger.py for tasks to queue
[2025-09-25T05:36:42.886+0000] {logging_mixin.py:190} INFO - [2025-09-25T05:36:42.886+0000] {dagbag.py:588} INFO - Filling up the DagBag from /home/airflow/.local/lib/python3.12/site-packages/airflow/example_dags/example_latest_only_with_trigger.py
[2025-09-25T05:36:42.893+0000] {processor.py:925} INFO - DAG(s) 'latest_only_with_trigger' retrieved from /home/airflow/.local/lib/python3.12/site-packages/airflow/example_dags/example_latest_only_with_trigger.py
[2025-09-25T05:36:42.910+0000] {logging_mixin.py:190} INFO - [2025-09-25T05:36:42.910+0000] {dag.py:3239} INFO - Sync 1 DAGs
[2025-09-25T05:36:42.929+0000] {logging_mixin.py:190} INFO - [2025-09-25T05:36:42.928+0000] {dag.py:4180} INFO - Setting next_dagrun for latest_only_with_trigger to 2025-09-25 00:00:00+00:00, run_after=2025-09-25 04:00:00+00:00
[2025-09-25T05:36:42.945+0000] {processor.py:208} INFO - Processing /home/airflow/.local/lib/python3.12/site-packages/airflow/example_dags/example_latest_only_with_trigger.py took 0.067 seconds
[2025-09-25T05:37:13.602+0000] {processor.py:186} INFO - Started process (PID=1108) to work on /home/airflow/.local/lib/python3.12/site-packages/airflow/example_dags/example_latest_only_with_trigger.py
[2025-09-25T05:37:13.603+0000] {processor.py:914} INFO - Processing file /home/airflow/.local/lib/python3.12/site-packages/airflow/example_dags/example_latest_only_with_trigger.py for tasks to queue
[2025-09-25T05:37:13.605+0000] {logging_mixin.py:190} INFO - [2025-09-25T05:37:13.605+0000] {dagbag.py:588} INFO - Filling up the DagBag from /home/airflow/.local/lib/python3.12/site-packages/airflow/example_dags/example_latest_only_with_trigger.py
[2025-09-25T05:37:13.612+0000] {processor.py:925} INFO - DAG(s) 'latest_only_with_trigger' retrieved from /home/airflow/.local/lib/python3.12/site-packages/airflow/example_dags/example_latest_only_with_trigger.py
[2025-09-25T05:37:13.629+0000] {logging_mixin.py:190} INFO - [2025-09-25T05:37:13.629+0000] {dag.py:3239} INFO - Sync 1 DAGs
[2025-09-25T05:37:13.649+0000] {logging_mixin.py:190} INFO - [2025-09-25T05:37:13.649+0000] {dag.py:4180} INFO - Setting next_dagrun for latest_only_with_trigger to 2025-09-25 00:00:00+00:00, run_after=2025-09-25 04:00:00+00:00
[2025-09-25T05:37:13.665+0000] {processor.py:208} INFO - Processing /home/airflow/.local/lib/python3.12/site-packages/airflow/example_dags/example_latest_only_with_trigger.py took 0.068 seconds
[2025-09-25T05:37:44.949+0000] {processor.py:186} INFO - Started process (PID=1173) to work on /home/airflow/.local/lib/python3.12/site-packages/airflow/example_dags/example_latest_only_with_trigger.py
[2025-09-25T05:37:44.950+0000] {processor.py:914} INFO - Processing file /home/airflow/.local/lib/python3.12/site-packages/airflow/example_dags/example_latest_only_with_trigger.py for tasks to queue
[2025-09-25T05:37:44.951+0000] {logging_mixin.py:190} INFO - [2025-09-25T05:37:44.951+0000] {dagbag.py:588} INFO - Filling up the DagBag from /home/airflow/.local/lib/python3.12/site-packages/airflow/example_dags/example_latest_only_with_trigger.py
[2025-09-25T05:37:44.958+0000] {processor.py:925} INFO - DAG(s) 'latest_only_with_trigger' retrieved from /home/airflow/.local/lib/python3.12/site-packages/airflow/example_dags/example_latest_only_with_trigger.py
[2025-09-25T05:37:44.975+0000] {logging_mixin.py:190} INFO - [2025-09-25T05:37:44.974+0000] {dag.py:3239} INFO - Sync 1 DAGs
[2025-09-25T05:37:44.993+0000] {logging_mixin.py:190} INFO - [2025-09-25T05:37:44.993+0000] {dag.py:4180} INFO - Setting next_dagrun for latest_only_with_trigger to 2025-09-25 00:00:00+00:00, run_after=2025-09-25 04:00:00+00:00
[2025-09-25T05:37:45.009+0000] {processor.py:208} INFO - Processing /home/airflow/.local/lib/python3.12/site-packages/airflow/example_dags/example_latest_only_with_trigger.py took 0.066 seconds
[2025-09-25T05:38:16.290+0000] {processor.py:186} INFO - Started process (PID=1238) to work on /home/airflow/.local/lib/python3.12/site-packages/airflow/example_dags/example_latest_only_with_trigger.py
[2025-09-25T05:38:16.291+0000] {processor.py:914} INFO - Processing file /home/airflow/.local/lib/python3.12/site-packages/airflow/example_dags/example_latest_only_with_trigger.py for tasks to queue
[2025-09-25T05:38:16.293+0000] {logging_mixin.py:190} INFO - [2025-09-25T05:38:16.293+0000] {dagbag.py:588} INFO - Filling up the DagBag from /home/airflow/.local/lib/python3.12/site-packages/airflow/example_dags/example_latest_only_with_trigger.py
[2025-09-25T05:38:16.300+0000] {processor.py:925} INFO - DAG(s) 'latest_only_with_trigger' retrieved from /home/airflow/.local/lib/python3.12/site-packages/airflow/example_dags/example_latest_only_with_trigger.py
[2025-09-25T05:38:16.317+0000] {logging_mixin.py:190} INFO - [2025-09-25T05:38:16.316+0000] {dag.py:3239} INFO - Sync 1 DAGs
[2025-09-25T05:38:16.334+0000] {logging_mixin.py:190} INFO - [2025-09-25T05:38:16.334+0000] {dag.py:4180} INFO - Setting next_dagrun for latest_only_with_trigger to 2025-09-25 00:00:00+00:00, run_after=2025-09-25 04:00:00+00:00
[2025-09-25T05:38:16.349+0000] {processor.py:208} INFO - Processing /home/airflow/.local/lib/python3.12/site-packages/airflow/example_dags/example_latest_only_with_trigger.py took 0.064 seconds
[2025-09-25T05:38:47.533+0000] {processor.py:186} INFO - Started process (PID=1303) to work on /home/airflow/.local/lib/python3.12/site-packages/airflow/example_dags/example_latest_only_with_trigger.py
[2025-09-25T05:38:47.534+0000] {processor.py:914} INFO - Processing file /home/airflow/.local/lib/python3.12/site-packages/airflow/example_dags/example_latest_only_with_trigger.py for tasks to queue
[2025-09-25T05:38:47.537+0000] {logging_mixin.py:190} INFO - [2025-09-25T05:38:47.536+0000] {dagbag.py:588} INFO - Filling up the DagBag from /home/airflow/.local/lib/python3.12/site-packages/airflow/example_dags/example_latest_only_with_trigger.py
[2025-09-25T05:38:47.543+0000] {processor.py:925} INFO - DAG(s) 'latest_only_with_trigger' retrieved from /home/airflow/.local/lib/python3.12/site-packages/airflow/example_dags/example_latest_only_with_trigger.py
[2025-09-25T05:38:47.560+0000] {logging_mixin.py:190} INFO - [2025-09-25T05:38:47.560+0000] {dag.py:3239} INFO - Sync 1 DAGs
[2025-09-25T05:38:47.582+0000] {logging_mixin.py:190} INFO - [2025-09-25T05:38:47.582+0000] {dag.py:4180} INFO - Setting next_dagrun for latest_only_with_trigger to 2025-09-25 00:00:00+00:00, run_after=2025-09-25 04:00:00+00:00
[2025-09-25T05:38:47.596+0000] {processor.py:208} INFO - Processing /home/airflow/.local/lib/python3.12/site-packages/airflow/example_dags/example_latest_only_with_trigger.py took 0.069 seconds
[2025-09-25T05:39:19.211+0000] {processor.py:186} INFO - Started process (PID=1374) to work on /home/airflow/.local/lib/python3.12/site-packages/airflow/example_dags/example_latest_only_with_trigger.py
[2025-09-25T05:39:19.212+0000] {processor.py:914} INFO - Processing file /home/airflow/.local/lib/python3.12/site-packages/airflow/example_dags/example_latest_only_with_trigger.py for tasks to queue
[2025-09-25T05:39:19.215+0000] {logging_mixin.py:190} INFO - [2025-09-25T05:39:19.214+0000] {dagbag.py:588} INFO - Filling up the DagBag from /home/airflow/.local/lib/python3.12/site-packages/airflow/example_dags/example_latest_only_with_trigger.py
[2025-09-25T05:39:19.222+0000] {processor.py:925} INFO - DAG(s) 'latest_only_with_trigger' retrieved from /home/airflow/.local/lib/python3.12/site-packages/airflow/example_dags/example_latest_only_with_trigger.py
[2025-09-25T05:39:19.240+0000] {logging_mixin.py:190} INFO - [2025-09-25T05:39:19.240+0000] {dag.py:3239} INFO - Sync 1 DAGs
[2025-09-25T05:39:19.263+0000] {logging_mixin.py:190} INFO - [2025-09-25T05:39:19.263+0000] {dag.py:4180} INFO - Setting next_dagrun for latest_only_with_trigger to 2025-09-25 00:00:00+00:00, run_after=2025-09-25 04:00:00+00:00
[2025-09-25T05:39:19.280+0000] {processor.py:208} INFO - Processing /home/airflow/.local/lib/python3.12/site-packages/airflow/example_dags/example_latest_only_with_trigger.py took 0.075 seconds
[2025-09-25T05:39:50.628+0000] {processor.py:186} INFO - Started process (PID=1439) to work on /home/airflow/.local/lib/python3.12/site-packages/airflow/example_dags/example_latest_only_with_trigger.py
[2025-09-25T05:39:50.629+0000] {processor.py:914} INFO - Processing file /home/airflow/.local/lib/python3.12/site-packages/airflow/example_dags/example_latest_only_with_trigger.py for tasks to queue
[2025-09-25T05:39:50.631+0000] {logging_mixin.py:190} INFO - [2025-09-25T05:39:50.631+0000] {dagbag.py:588} INFO - Filling up the DagBag from /home/airflow/.local/lib/python3.12/site-packages/airflow/example_dags/example_latest_only_with_trigger.py
[2025-09-25T05:39:50.638+0000] {processor.py:925} INFO - DAG(s) 'latest_only_with_trigger' retrieved from /home/airflow/.local/lib/python3.12/site-packages/airflow/example_dags/example_latest_only_with_trigger.py
[2025-09-25T05:39:50.656+0000] {logging_mixin.py:190} INFO - [2025-09-25T05:39:50.656+0000] {dag.py:3239} INFO - Sync 1 DAGs
[2025-09-25T05:39:50.678+0000] {logging_mixin.py:190} INFO - [2025-09-25T05:39:50.678+0000] {dag.py:4180} INFO - Setting next_dagrun for latest_only_with_trigger to 2025-09-25 00:00:00+00:00, run_after=2025-09-25 04:00:00+00:00
[2025-09-25T05:39:50.694+0000] {processor.py:208} INFO - Processing /home/airflow/.local/lib/python3.12/site-packages/airflow/example_dags/example_latest_only_with_trigger.py took 0.071 seconds
[2025-09-25T05:40:21.716+0000] {processor.py:186} INFO - Started process (PID=1504) to work on /home/airflow/.local/lib/python3.12/site-packages/airflow/example_dags/example_latest_only_with_trigger.py
[2025-09-25T05:40:21.717+0000] {processor.py:914} INFO - Processing file /home/airflow/.local/lib/python3.12/site-packages/airflow/example_dags/example_latest_only_with_trigger.py for tasks to queue
[2025-09-25T05:40:21.719+0000] {logging_mixin.py:190} INFO - [2025-09-25T05:40:21.719+0000] {dagbag.py:588} INFO - Filling up the DagBag from /home/airflow/.local/lib/python3.12/site-packages/airflow/example_dags/example_latest_only_with_trigger.py
[2025-09-25T05:40:21.726+0000] {processor.py:925} INFO - DAG(s) 'latest_only_with_trigger' retrieved from /home/airflow/.local/lib/python3.12/site-packages/airflow/example_dags/example_latest_only_with_trigger.py
[2025-09-25T05:40:21.743+0000] {logging_mixin.py:190} INFO - [2025-09-25T05:40:21.743+0000] {dag.py:3239} INFO - Sync 1 DAGs
[2025-09-25T05:40:21.764+0000] {logging_mixin.py:190} INFO - [2025-09-25T05:40:21.763+0000] {dag.py:4180} INFO - Setting next_dagrun for latest_only_with_trigger to 2025-09-25 00:00:00+00:00, run_after=2025-09-25 04:00:00+00:00
[2025-09-25T05:40:21.781+0000] {processor.py:208} INFO - Processing /home/airflow/.local/lib/python3.12/site-packages/airflow/example_dags/example_latest_only_with_trigger.py took 0.070 seconds
[2025-09-25T05:40:53.042+0000] {processor.py:186} INFO - Started process (PID=1569) to work on /home/airflow/.local/lib/python3.12/site-packages/airflow/example_dags/example_latest_only_with_trigger.py
[2025-09-25T05:40:53.043+0000] {processor.py:914} INFO - Processing file /home/airflow/.local/lib/python3.12/site-packages/airflow/example_dags/example_latest_only_with_trigger.py for tasks to queue
[2025-09-25T05:40:53.045+0000] {logging_mixin.py:190} INFO - [2025-09-25T05:40:53.045+0000] {dagbag.py:588} INFO - Filling up the DagBag from /home/airflow/.local/lib/python3.12/site-packages/airflow/example_dags/example_latest_only_with_trigger.py
[2025-09-25T05:40:53.054+0000] {processor.py:925} INFO - DAG(s) 'latest_only_with_trigger' retrieved from /home/airflow/.local/lib/python3.12/site-packages/airflow/example_dags/example_latest_only_with_trigger.py
[2025-09-25T05:40:53.072+0000] {logging_mixin.py:190} INFO - [2025-09-25T05:40:53.072+0000] {dag.py:3239} INFO - Sync 1 DAGs
[2025-09-25T05:40:53.090+0000] {logging_mixin.py:190} INFO - [2025-09-25T05:40:53.090+0000] {dag.py:4180} INFO - Setting next_dagrun for latest_only_with_trigger to 2025-09-25 00:00:00+00:00, run_after=2025-09-25 04:00:00+00:00
[2025-09-25T05:40:53.106+0000] {processor.py:208} INFO - Processing /home/airflow/.local/lib/python3.12/site-packages/airflow/example_dags/example_latest_only_with_trigger.py took 0.069 seconds
[2025-09-25T05:41:24.287+0000] {processor.py:186} INFO - Started process (PID=1634) to work on /home/airflow/.local/lib/python3.12/site-packages/airflow/example_dags/example_latest_only_with_trigger.py
[2025-09-25T05:41:24.288+0000] {processor.py:914} INFO - Processing file /home/airflow/.local/lib/python3.12/site-packages/airflow/example_dags/example_latest_only_with_trigger.py for tasks to queue
[2025-09-25T05:41:24.290+0000] {logging_mixin.py:190} INFO - [2025-09-25T05:41:24.289+0000] {dagbag.py:588} INFO - Filling up the DagBag from /home/airflow/.local/lib/python3.12/site-packages/airflow/example_dags/example_latest_only_with_trigger.py
[2025-09-25T05:41:24.298+0000] {processor.py:925} INFO - DAG(s) 'latest_only_with_trigger' retrieved from /home/airflow/.local/lib/python3.12/site-packages/airflow/example_dags/example_latest_only_with_trigger.py
[2025-09-25T05:41:24.314+0000] {logging_mixin.py:190} INFO - [2025-09-25T05:41:24.314+0000] {dag.py:3239} INFO - Sync 1 DAGs
[2025-09-25T05:41:24.332+0000] {logging_mixin.py:190} INFO - [2025-09-25T05:41:24.332+0000] {dag.py:4180} INFO - Setting next_dagrun for latest_only_with_trigger to 2025-09-25 00:00:00+00:00, run_after=2025-09-25 04:00:00+00:00
[2025-09-25T05:41:24.347+0000] {processor.py:208} INFO - Processing /home/airflow/.local/lib/python3.12/site-packages/airflow/example_dags/example_latest_only_with_trigger.py took 0.065 seconds
[2025-09-25T05:41:55.777+0000] {processor.py:186} INFO - Started process (PID=1699) to work on /home/airflow/.local/lib/python3.12/site-packages/airflow/example_dags/example_latest_only_with_trigger.py
[2025-09-25T05:41:55.778+0000] {processor.py:914} INFO - Processing file /home/airflow/.local/lib/python3.12/site-packages/airflow/example_dags/example_latest_only_with_trigger.py for tasks to queue
[2025-09-25T05:41:55.780+0000] {logging_mixin.py:190} INFO - [2025-09-25T05:41:55.780+0000] {dagbag.py:588} INFO - Filling up the DagBag from /home/airflow/.local/lib/python3.12/site-packages/airflow/example_dags/example_latest_only_with_trigger.py
[2025-09-25T05:41:55.787+0000] {processor.py:925} INFO - DAG(s) 'latest_only_with_trigger' retrieved from /home/airflow/.local/lib/python3.12/site-packages/airflow/example_dags/example_latest_only_with_trigger.py
[2025-09-25T05:41:55.805+0000] {logging_mixin.py:190} INFO - [2025-09-25T05:41:55.805+0000] {dag.py:3239} INFO - Sync 1 DAGs
[2025-09-25T05:41:55.826+0000] {logging_mixin.py:190} INFO - [2025-09-25T05:41:55.825+0000] {dag.py:4180} INFO - Setting next_dagrun for latest_only_with_trigger to 2025-09-25 00:00:00+00:00, run_after=2025-09-25 04:00:00+00:00
[2025-09-25T05:41:55.842+0000] {processor.py:208} INFO - Processing /home/airflow/.local/lib/python3.12/site-packages/airflow/example_dags/example_latest_only_with_trigger.py took 0.070 seconds
[2025-09-25T05:42:26.375+0000] {processor.py:186} INFO - Started process (PID=1764) to work on /home/airflow/.local/lib/python3.12/site-packages/airflow/example_dags/example_latest_only_with_trigger.py
[2025-09-25T05:42:26.377+0000] {processor.py:914} INFO - Processing file /home/airflow/.local/lib/python3.12/site-packages/airflow/example_dags/example_latest_only_with_trigger.py for tasks to queue
[2025-09-25T05:42:26.379+0000] {logging_mixin.py:190} INFO - [2025-09-25T05:42:26.378+0000] {dagbag.py:588} INFO - Filling up the DagBag from /home/airflow/.local/lib/python3.12/site-packages/airflow/example_dags/example_latest_only_with_trigger.py
[2025-09-25T05:42:26.386+0000] {processor.py:925} INFO - DAG(s) 'latest_only_with_trigger' retrieved from /home/airflow/.local/lib/python3.12/site-packages/airflow/example_dags/example_latest_only_with_trigger.py
[2025-09-25T05:42:26.402+0000] {logging_mixin.py:190} INFO - [2025-09-25T05:42:26.402+0000] {dag.py:3239} INFO - Sync 1 DAGs
[2025-09-25T05:42:26.422+0000] {logging_mixin.py:190} INFO - [2025-09-25T05:42:26.422+0000] {dag.py:4180} INFO - Setting next_dagrun for latest_only_with_trigger to 2025-09-25 00:00:00+00:00, run_after=2025-09-25 04:00:00+00:00
[2025-09-25T05:42:26.437+0000] {processor.py:208} INFO - Processing /home/airflow/.local/lib/python3.12/site-packages/airflow/example_dags/example_latest_only_with_trigger.py took 0.069 seconds
[2025-09-25T05:42:57.001+0000] {processor.py:186} INFO - Started process (PID=1828) to work on /home/airflow/.local/lib/python3.12/site-packages/airflow/example_dags/example_latest_only_with_trigger.py
[2025-09-25T05:42:57.003+0000] {processor.py:914} INFO - Processing file /home/airflow/.local/lib/python3.12/site-packages/airflow/example_dags/example_latest_only_with_trigger.py for tasks to queue
[2025-09-25T05:42:57.005+0000] {logging_mixin.py:190} INFO - [2025-09-25T05:42:57.004+0000] {dagbag.py:588} INFO - Filling up the DagBag from /home/airflow/.local/lib/python3.12/site-packages/airflow/example_dags/example_latest_only_with_trigger.py
[2025-09-25T05:42:57.011+0000] {processor.py:925} INFO - DAG(s) 'latest_only_with_trigger' retrieved from /home/airflow/.local/lib/python3.12/site-packages/airflow/example_dags/example_latest_only_with_trigger.py
[2025-09-25T05:42:57.032+0000] {logging_mixin.py:190} INFO - [2025-09-25T05:42:57.032+0000] {dag.py:3239} INFO - Sync 1 DAGs
[2025-09-25T05:42:57.051+0000] {logging_mixin.py:190} INFO - [2025-09-25T05:42:57.051+0000] {dag.py:4180} INFO - Setting next_dagrun for latest_only_with_trigger to 2025-09-25 00:00:00+00:00, run_after=2025-09-25 04:00:00+00:00
[2025-09-25T05:42:57.068+0000] {processor.py:208} INFO - Processing /home/airflow/.local/lib/python3.12/site-packages/airflow/example_dags/example_latest_only_with_trigger.py took 0.073 seconds
[2025-09-25T05:43:27.238+0000] {processor.py:186} INFO - Started process (PID=1892) to work on /home/airflow/.local/lib/python3.12/site-packages/airflow/example_dags/example_latest_only_with_trigger.py
[2025-09-25T05:43:27.239+0000] {processor.py:914} INFO - Processing file /home/airflow/.local/lib/python3.12/site-packages/airflow/example_dags/example_latest_only_with_trigger.py for tasks to queue
[2025-09-25T05:43:27.241+0000] {logging_mixin.py:190} INFO - [2025-09-25T05:43:27.241+0000] {dagbag.py:588} INFO - Filling up the DagBag from /home/airflow/.local/lib/python3.12/site-packages/airflow/example_dags/example_latest_only_with_trigger.py
[2025-09-25T05:43:27.248+0000] {processor.py:925} INFO - DAG(s) 'latest_only_with_trigger' retrieved from /home/airflow/.local/lib/python3.12/site-packages/airflow/example_dags/example_latest_only_with_trigger.py
[2025-09-25T05:43:27.264+0000] {logging_mixin.py:190} INFO - [2025-09-25T05:43:27.264+0000] {dag.py:3239} INFO - Sync 1 DAGs
[2025-09-25T05:43:27.281+0000] {logging_mixin.py:190} INFO - [2025-09-25T05:43:27.281+0000] {dag.py:4180} INFO - Setting next_dagrun for latest_only_with_trigger to 2025-09-25 00:00:00+00:00, run_after=2025-09-25 04:00:00+00:00
[2025-09-25T05:43:27.294+0000] {processor.py:208} INFO - Processing /home/airflow/.local/lib/python3.12/site-packages/airflow/example_dags/example_latest_only_with_trigger.py took 0.062 seconds
[2025-09-25T05:43:57.897+0000] {processor.py:186} INFO - Started process (PID=1957) to work on /home/airflow/.local/lib/python3.12/site-packages/airflow/example_dags/example_latest_only_with_trigger.py
[2025-09-25T05:43:57.898+0000] {processor.py:914} INFO - Processing file /home/airflow/.local/lib/python3.12/site-packages/airflow/example_dags/example_latest_only_with_trigger.py for tasks to queue
[2025-09-25T05:43:57.900+0000] {logging_mixin.py:190} INFO - [2025-09-25T05:43:57.899+0000] {dagbag.py:588} INFO - Filling up the DagBag from /home/airflow/.local/lib/python3.12/site-packages/airflow/example_dags/example_latest_only_with_trigger.py
[2025-09-25T05:43:57.907+0000] {processor.py:925} INFO - DAG(s) 'latest_only_with_trigger' retrieved from /home/airflow/.local/lib/python3.12/site-packages/airflow/example_dags/example_latest_only_with_trigger.py
[2025-09-25T05:43:57.926+0000] {logging_mixin.py:190} INFO - [2025-09-25T05:43:57.925+0000] {dag.py:3239} INFO - Sync 1 DAGs
[2025-09-25T05:43:57.945+0000] {logging_mixin.py:190} INFO - [2025-09-25T05:43:57.944+0000] {dag.py:4180} INFO - Setting next_dagrun for latest_only_with_trigger to 2025-09-25 00:00:00+00:00, run_after=2025-09-25 04:00:00+00:00
[2025-09-25T05:43:57.959+0000] {processor.py:208} INFO - Processing /home/airflow/.local/lib/python3.12/site-packages/airflow/example_dags/example_latest_only_with_trigger.py took 0.068 seconds
[2025-09-25T05:44:28.108+0000] {processor.py:186} INFO - Started process (PID=2022) to work on /home/airflow/.local/lib/python3.12/site-packages/airflow/example_dags/example_latest_only_with_trigger.py
[2025-09-25T05:44:28.109+0000] {processor.py:914} INFO - Processing file /home/airflow/.local/lib/python3.12/site-packages/airflow/example_dags/example_latest_only_with_trigger.py for tasks to queue
[2025-09-25T05:44:28.111+0000] {logging_mixin.py:190} INFO - [2025-09-25T05:44:28.111+0000] {dagbag.py:588} INFO - Filling up the DagBag from /home/airflow/.local/lib/python3.12/site-packages/airflow/example_dags/example_latest_only_with_trigger.py
[2025-09-25T05:44:28.118+0000] {processor.py:925} INFO - DAG(s) 'latest_only_with_trigger' retrieved from /home/airflow/.local/lib/python3.12/site-packages/airflow/example_dags/example_latest_only_with_trigger.py
[2025-09-25T05:44:28.134+0000] {logging_mixin.py:190} INFO - [2025-09-25T05:44:28.134+0000] {dag.py:3239} INFO - Sync 1 DAGs
[2025-09-25T05:44:28.178+0000] {logging_mixin.py:190} INFO - [2025-09-25T05:44:28.178+0000] {dag.py:4180} INFO - Setting next_dagrun for latest_only_with_trigger to 2025-09-25 00:00:00+00:00, run_after=2025-09-25 04:00:00+00:00
[2025-09-25T05:44:28.201+0000] {processor.py:208} INFO - Processing /home/airflow/.local/lib/python3.12/site-packages/airflow/example_dags/example_latest_only_with_trigger.py took 0.098 seconds
