[2025-09-25T05:12:42.782+0000] {processor.py:186} INFO - Started process (PID=94) to work on /home/airflow/.local/lib/python3.12/site-packages/airflow/example_dags/example_branch_python_dop_operator_3.py
[2025-09-25T05:12:42.782+0000] {processor.py:914} INFO - Processing file /home/airflow/.local/lib/python3.12/site-packages/airflow/example_dags/example_branch_python_dop_operator_3.py for tasks to queue
[2025-09-25T05:12:42.785+0000] {logging_mixin.py:190} INFO - [2025-09-25T05:12:42.784+0000] {dagbag.py:588} INFO - Filling up the DagBag from /home/airflow/.local/lib/python3.12/site-packages/airflow/example_dags/example_branch_python_dop_operator_3.py
[2025-09-25T05:12:42.794+0000] {processor.py:925} INFO - DAG(s) 'example_branch_dop_operator_v3' retrieved from /home/airflow/.local/lib/python3.12/site-packages/airflow/example_dags/example_branch_python_dop_operator_3.py
[2025-09-25T05:12:42.811+0000] {logging_mixin.py:190} INFO - [2025-09-25T05:12:42.811+0000] {dag.py:3239} INFO - Sync 1 DAGs
[2025-09-25T05:12:42.833+0000] {logging_mixin.py:190} INFO - [2025-09-25T05:12:42.833+0000] {dag.py:4180} INFO - Setting next_dagrun for example_branch_dop_operator_v3 to 2025-09-25 05:11:00+00:00, run_after=2025-09-25 05:12:00+00:00
[2025-09-25T05:12:42.850+0000] {processor.py:208} INFO - Processing /home/airflow/.local/lib/python3.12/site-packages/airflow/example_dags/example_branch_python_dop_operator_3.py took 0.074 seconds
[2025-09-25T05:13:13.161+0000] {processor.py:186} INFO - Started process (PID=159) to work on /home/airflow/.local/lib/python3.12/site-packages/airflow/example_dags/example_branch_python_dop_operator_3.py
[2025-09-25T05:13:13.162+0000] {processor.py:914} INFO - Processing file /home/airflow/.local/lib/python3.12/site-packages/airflow/example_dags/example_branch_python_dop_operator_3.py for tasks to queue
[2025-09-25T05:13:13.164+0000] {logging_mixin.py:190} INFO - [2025-09-25T05:13:13.164+0000] {dagbag.py:588} INFO - Filling up the DagBag from /home/airflow/.local/lib/python3.12/site-packages/airflow/example_dags/example_branch_python_dop_operator_3.py
[2025-09-25T05:13:13.172+0000] {processor.py:925} INFO - DAG(s) 'example_branch_dop_operator_v3' retrieved from /home/airflow/.local/lib/python3.12/site-packages/airflow/example_dags/example_branch_python_dop_operator_3.py
[2025-09-25T05:13:13.189+0000] {logging_mixin.py:190} INFO - [2025-09-25T05:13:13.189+0000] {dag.py:3239} INFO - Sync 1 DAGs
[2025-09-25T05:13:13.210+0000] {logging_mixin.py:190} INFO - [2025-09-25T05:13:13.210+0000] {dag.py:4180} INFO - Setting next_dagrun for example_branch_dop_operator_v3 to 2025-09-25 05:12:00+00:00, run_after=2025-09-25 05:13:00+00:00
[2025-09-25T05:13:13.226+0000] {processor.py:208} INFO - Processing /home/airflow/.local/lib/python3.12/site-packages/airflow/example_dags/example_branch_python_dop_operator_3.py took 0.070 seconds
[2025-09-25T05:13:43.712+0000] {processor.py:186} INFO - Started process (PID=223) to work on /home/airflow/.local/lib/python3.12/site-packages/airflow/example_dags/example_branch_python_dop_operator_3.py
[2025-09-25T05:13:43.713+0000] {processor.py:914} INFO - Processing file /home/airflow/.local/lib/python3.12/site-packages/airflow/example_dags/example_branch_python_dop_operator_3.py for tasks to queue
[2025-09-25T05:13:43.716+0000] {logging_mixin.py:190} INFO - [2025-09-25T05:13:43.716+0000] {dagbag.py:588} INFO - Filling up the DagBag from /home/airflow/.local/lib/python3.12/site-packages/airflow/example_dags/example_branch_python_dop_operator_3.py
[2025-09-25T05:13:43.728+0000] {processor.py:925} INFO - DAG(s) 'example_branch_dop_operator_v3' retrieved from /home/airflow/.local/lib/python3.12/site-packages/airflow/example_dags/example_branch_python_dop_operator_3.py
[2025-09-25T05:13:43.749+0000] {logging_mixin.py:190} INFO - [2025-09-25T05:13:43.748+0000] {dag.py:3239} INFO - Sync 1 DAGs
[2025-09-25T05:13:43.781+0000] {logging_mixin.py:190} INFO - [2025-09-25T05:13:43.781+0000] {dag.py:4180} INFO - Setting next_dagrun for example_branch_dop_operator_v3 to 2025-09-25 05:12:00+00:00, run_after=2025-09-25 05:13:00+00:00
[2025-09-25T05:13:43.798+0000] {processor.py:208} INFO - Processing /home/airflow/.local/lib/python3.12/site-packages/airflow/example_dags/example_branch_python_dop_operator_3.py took 0.092 seconds
[2025-09-25T05:14:13.952+0000] {processor.py:186} INFO - Started process (PID=288) to work on /home/airflow/.local/lib/python3.12/site-packages/airflow/example_dags/example_branch_python_dop_operator_3.py
[2025-09-25T05:14:13.953+0000] {processor.py:914} INFO - Processing file /home/airflow/.local/lib/python3.12/site-packages/airflow/example_dags/example_branch_python_dop_operator_3.py for tasks to queue
[2025-09-25T05:14:13.956+0000] {logging_mixin.py:190} INFO - [2025-09-25T05:14:13.955+0000] {dagbag.py:588} INFO - Filling up the DagBag from /home/airflow/.local/lib/python3.12/site-packages/airflow/example_dags/example_branch_python_dop_operator_3.py
[2025-09-25T05:14:13.966+0000] {processor.py:925} INFO - DAG(s) 'example_branch_dop_operator_v3' retrieved from /home/airflow/.local/lib/python3.12/site-packages/airflow/example_dags/example_branch_python_dop_operator_3.py
[2025-09-25T05:14:13.985+0000] {logging_mixin.py:190} INFO - [2025-09-25T05:14:13.985+0000] {dag.py:3239} INFO - Sync 1 DAGs
[2025-09-25T05:14:14.010+0000] {logging_mixin.py:190} INFO - [2025-09-25T05:14:14.010+0000] {dag.py:4180} INFO - Setting next_dagrun for example_branch_dop_operator_v3 to 2025-09-25 05:13:00+00:00, run_after=2025-09-25 05:14:00+00:00
[2025-09-25T05:14:14.025+0000] {processor.py:208} INFO - Processing /home/airflow/.local/lib/python3.12/site-packages/airflow/example_dags/example_branch_python_dop_operator_3.py took 0.079 seconds
[2025-09-25T05:14:45.076+0000] {processor.py:186} INFO - Started process (PID=353) to work on /home/airflow/.local/lib/python3.12/site-packages/airflow/example_dags/example_branch_python_dop_operator_3.py
[2025-09-25T05:14:45.077+0000] {processor.py:914} INFO - Processing file /home/airflow/.local/lib/python3.12/site-packages/airflow/example_dags/example_branch_python_dop_operator_3.py for tasks to queue
[2025-09-25T05:14:45.080+0000] {logging_mixin.py:190} INFO - [2025-09-25T05:14:45.080+0000] {dagbag.py:588} INFO - Filling up the DagBag from /home/airflow/.local/lib/python3.12/site-packages/airflow/example_dags/example_branch_python_dop_operator_3.py
[2025-09-25T05:14:45.091+0000] {processor.py:925} INFO - DAG(s) 'example_branch_dop_operator_v3' retrieved from /home/airflow/.local/lib/python3.12/site-packages/airflow/example_dags/example_branch_python_dop_operator_3.py
[2025-09-25T05:14:45.111+0000] {logging_mixin.py:190} INFO - [2025-09-25T05:14:45.111+0000] {dag.py:3239} INFO - Sync 1 DAGs
[2025-09-25T05:14:45.134+0000] {logging_mixin.py:190} INFO - [2025-09-25T05:14:45.134+0000] {dag.py:4180} INFO - Setting next_dagrun for example_branch_dop_operator_v3 to 2025-09-25 05:13:00+00:00, run_after=2025-09-25 05:14:00+00:00
[2025-09-25T05:14:45.156+0000] {processor.py:208} INFO - Processing /home/airflow/.local/lib/python3.12/site-packages/airflow/example_dags/example_branch_python_dop_operator_3.py took 0.086 seconds
[2025-09-25T05:15:16.199+0000] {processor.py:186} INFO - Started process (PID=418) to work on /home/airflow/.local/lib/python3.12/site-packages/airflow/example_dags/example_branch_python_dop_operator_3.py
[2025-09-25T05:15:16.200+0000] {processor.py:914} INFO - Processing file /home/airflow/.local/lib/python3.12/site-packages/airflow/example_dags/example_branch_python_dop_operator_3.py for tasks to queue
[2025-09-25T05:15:16.203+0000] {logging_mixin.py:190} INFO - [2025-09-25T05:15:16.202+0000] {dagbag.py:588} INFO - Filling up the DagBag from /home/airflow/.local/lib/python3.12/site-packages/airflow/example_dags/example_branch_python_dop_operator_3.py
[2025-09-25T05:15:16.213+0000] {processor.py:925} INFO - DAG(s) 'example_branch_dop_operator_v3' retrieved from /home/airflow/.local/lib/python3.12/site-packages/airflow/example_dags/example_branch_python_dop_operator_3.py
[2025-09-25T05:15:16.233+0000] {logging_mixin.py:190} INFO - [2025-09-25T05:15:16.232+0000] {dag.py:3239} INFO - Sync 1 DAGs
[2025-09-25T05:15:16.258+0000] {logging_mixin.py:190} INFO - [2025-09-25T05:15:16.258+0000] {dag.py:4180} INFO - Setting next_dagrun for example_branch_dop_operator_v3 to 2025-09-25 05:14:00+00:00, run_after=2025-09-25 05:15:00+00:00
[2025-09-25T05:15:16.276+0000] {processor.py:208} INFO - Processing /home/airflow/.local/lib/python3.12/site-packages/airflow/example_dags/example_branch_python_dop_operator_3.py took 0.083 seconds
[2025-09-25T05:15:47.221+0000] {processor.py:186} INFO - Started process (PID=483) to work on /home/airflow/.local/lib/python3.12/site-packages/airflow/example_dags/example_branch_python_dop_operator_3.py
[2025-09-25T05:15:47.222+0000] {processor.py:914} INFO - Processing file /home/airflow/.local/lib/python3.12/site-packages/airflow/example_dags/example_branch_python_dop_operator_3.py for tasks to queue
[2025-09-25T05:15:47.225+0000] {logging_mixin.py:190} INFO - [2025-09-25T05:15:47.224+0000] {dagbag.py:588} INFO - Filling up the DagBag from /home/airflow/.local/lib/python3.12/site-packages/airflow/example_dags/example_branch_python_dop_operator_3.py
[2025-09-25T05:15:47.239+0000] {processor.py:925} INFO - DAG(s) 'example_branch_dop_operator_v3' retrieved from /home/airflow/.local/lib/python3.12/site-packages/airflow/example_dags/example_branch_python_dop_operator_3.py
[2025-09-25T05:15:47.258+0000] {logging_mixin.py:190} INFO - [2025-09-25T05:15:47.258+0000] {dag.py:3239} INFO - Sync 1 DAGs
[2025-09-25T05:15:47.284+0000] {logging_mixin.py:190} INFO - [2025-09-25T05:15:47.283+0000] {dag.py:4180} INFO - Setting next_dagrun for example_branch_dop_operator_v3 to 2025-09-25 05:14:00+00:00, run_after=2025-09-25 05:15:00+00:00
[2025-09-25T05:15:47.300+0000] {processor.py:208} INFO - Processing /home/airflow/.local/lib/python3.12/site-packages/airflow/example_dags/example_branch_python_dop_operator_3.py took 0.085 seconds
[2025-09-25T05:16:18.229+0000] {processor.py:186} INFO - Started process (PID=548) to work on /home/airflow/.local/lib/python3.12/site-packages/airflow/example_dags/example_branch_python_dop_operator_3.py
[2025-09-25T05:16:18.230+0000] {processor.py:914} INFO - Processing file /home/airflow/.local/lib/python3.12/site-packages/airflow/example_dags/example_branch_python_dop_operator_3.py for tasks to queue
[2025-09-25T05:16:18.233+0000] {logging_mixin.py:190} INFO - [2025-09-25T05:16:18.233+0000] {dagbag.py:588} INFO - Filling up the DagBag from /home/airflow/.local/lib/python3.12/site-packages/airflow/example_dags/example_branch_python_dop_operator_3.py
[2025-09-25T05:16:18.243+0000] {processor.py:925} INFO - DAG(s) 'example_branch_dop_operator_v3' retrieved from /home/airflow/.local/lib/python3.12/site-packages/airflow/example_dags/example_branch_python_dop_operator_3.py
[2025-09-25T05:16:18.260+0000] {logging_mixin.py:190} INFO - [2025-09-25T05:16:18.260+0000] {dag.py:3239} INFO - Sync 1 DAGs
[2025-09-25T05:16:18.290+0000] {logging_mixin.py:190} INFO - [2025-09-25T05:16:18.290+0000] {dag.py:4180} INFO - Setting next_dagrun for example_branch_dop_operator_v3 to 2025-09-25 05:15:00+00:00, run_after=2025-09-25 05:16:00+00:00
[2025-09-25T05:16:18.307+0000] {processor.py:208} INFO - Processing /home/airflow/.local/lib/python3.12/site-packages/airflow/example_dags/example_branch_python_dop_operator_3.py took 0.084 seconds
[2025-09-25T05:16:49.340+0000] {processor.py:186} INFO - Started process (PID=613) to work on /home/airflow/.local/lib/python3.12/site-packages/airflow/example_dags/example_branch_python_dop_operator_3.py
[2025-09-25T05:16:49.341+0000] {processor.py:914} INFO - Processing file /home/airflow/.local/lib/python3.12/site-packages/airflow/example_dags/example_branch_python_dop_operator_3.py for tasks to queue
[2025-09-25T05:16:49.344+0000] {logging_mixin.py:190} INFO - [2025-09-25T05:16:49.343+0000] {dagbag.py:588} INFO - Filling up the DagBag from /home/airflow/.local/lib/python3.12/site-packages/airflow/example_dags/example_branch_python_dop_operator_3.py
[2025-09-25T05:16:49.353+0000] {processor.py:925} INFO - DAG(s) 'example_branch_dop_operator_v3' retrieved from /home/airflow/.local/lib/python3.12/site-packages/airflow/example_dags/example_branch_python_dop_operator_3.py
[2025-09-25T05:16:49.370+0000] {logging_mixin.py:190} INFO - [2025-09-25T05:16:49.370+0000] {dag.py:3239} INFO - Sync 1 DAGs
[2025-09-25T05:16:49.393+0000] {logging_mixin.py:190} INFO - [2025-09-25T05:16:49.392+0000] {dag.py:4180} INFO - Setting next_dagrun for example_branch_dop_operator_v3 to 2025-09-25 05:15:00+00:00, run_after=2025-09-25 05:16:00+00:00
[2025-09-25T05:16:49.408+0000] {processor.py:208} INFO - Processing /home/airflow/.local/lib/python3.12/site-packages/airflow/example_dags/example_branch_python_dop_operator_3.py took 0.073 seconds
[2025-09-25T05:17:20.049+0000] {processor.py:186} INFO - Started process (PID=678) to work on /home/airflow/.local/lib/python3.12/site-packages/airflow/example_dags/example_branch_python_dop_operator_3.py
[2025-09-25T05:17:20.050+0000] {processor.py:914} INFO - Processing file /home/airflow/.local/lib/python3.12/site-packages/airflow/example_dags/example_branch_python_dop_operator_3.py for tasks to queue
[2025-09-25T05:17:20.052+0000] {logging_mixin.py:190} INFO - [2025-09-25T05:17:20.052+0000] {dagbag.py:588} INFO - Filling up the DagBag from /home/airflow/.local/lib/python3.12/site-packages/airflow/example_dags/example_branch_python_dop_operator_3.py
[2025-09-25T05:17:20.061+0000] {processor.py:925} INFO - DAG(s) 'example_branch_dop_operator_v3' retrieved from /home/airflow/.local/lib/python3.12/site-packages/airflow/example_dags/example_branch_python_dop_operator_3.py
[2025-09-25T05:17:20.079+0000] {logging_mixin.py:190} INFO - [2025-09-25T05:17:20.079+0000] {dag.py:3239} INFO - Sync 1 DAGs
[2025-09-25T05:17:20.103+0000] {logging_mixin.py:190} INFO - [2025-09-25T05:17:20.103+0000] {dag.py:4180} INFO - Setting next_dagrun for example_branch_dop_operator_v3 to 2025-09-25 05:16:00+00:00, run_after=2025-09-25 05:17:00+00:00
[2025-09-25T05:17:20.118+0000] {processor.py:208} INFO - Processing /home/airflow/.local/lib/python3.12/site-packages/airflow/example_dags/example_branch_python_dop_operator_3.py took 0.074 seconds
[2025-09-25T05:17:51.363+0000] {processor.py:186} INFO - Started process (PID=744) to work on /home/airflow/.local/lib/python3.12/site-packages/airflow/example_dags/example_branch_python_dop_operator_3.py
[2025-09-25T05:17:51.365+0000] {processor.py:914} INFO - Processing file /home/airflow/.local/lib/python3.12/site-packages/airflow/example_dags/example_branch_python_dop_operator_3.py for tasks to queue
[2025-09-25T05:17:51.368+0000] {logging_mixin.py:190} INFO - [2025-09-25T05:17:51.367+0000] {dagbag.py:588} INFO - Filling up the DagBag from /home/airflow/.local/lib/python3.12/site-packages/airflow/example_dags/example_branch_python_dop_operator_3.py
[2025-09-25T05:17:51.378+0000] {processor.py:925} INFO - DAG(s) 'example_branch_dop_operator_v3' retrieved from /home/airflow/.local/lib/python3.12/site-packages/airflow/example_dags/example_branch_python_dop_operator_3.py
[2025-09-25T05:17:51.395+0000] {logging_mixin.py:190} INFO - [2025-09-25T05:17:51.395+0000] {dag.py:3239} INFO - Sync 1 DAGs
[2025-09-25T05:17:51.419+0000] {logging_mixin.py:190} INFO - [2025-09-25T05:17:51.419+0000] {dag.py:4180} INFO - Setting next_dagrun for example_branch_dop_operator_v3 to 2025-09-25 05:16:00+00:00, run_after=2025-09-25 05:17:00+00:00
[2025-09-25T05:17:51.434+0000] {processor.py:208} INFO - Processing /home/airflow/.local/lib/python3.12/site-packages/airflow/example_dags/example_branch_python_dop_operator_3.py took 0.078 seconds
[2025-09-25T05:18:23.237+0000] {processor.py:186} INFO - Started process (PID=809) to work on /home/airflow/.local/lib/python3.12/site-packages/airflow/example_dags/example_branch_python_dop_operator_3.py
[2025-09-25T05:18:23.238+0000] {processor.py:914} INFO - Processing file /home/airflow/.local/lib/python3.12/site-packages/airflow/example_dags/example_branch_python_dop_operator_3.py for tasks to queue
[2025-09-25T05:18:23.240+0000] {logging_mixin.py:190} INFO - [2025-09-25T05:18:23.240+0000] {dagbag.py:588} INFO - Filling up the DagBag from /home/airflow/.local/lib/python3.12/site-packages/airflow/example_dags/example_branch_python_dop_operator_3.py
[2025-09-25T05:18:23.250+0000] {processor.py:925} INFO - DAG(s) 'example_branch_dop_operator_v3' retrieved from /home/airflow/.local/lib/python3.12/site-packages/airflow/example_dags/example_branch_python_dop_operator_3.py
[2025-09-25T05:18:23.268+0000] {logging_mixin.py:190} INFO - [2025-09-25T05:18:23.268+0000] {dag.py:3239} INFO - Sync 1 DAGs
[2025-09-25T05:18:23.291+0000] {logging_mixin.py:190} INFO - [2025-09-25T05:18:23.291+0000] {dag.py:4180} INFO - Setting next_dagrun for example_branch_dop_operator_v3 to 2025-09-25 05:17:00+00:00, run_after=2025-09-25 05:18:00+00:00
[2025-09-25T05:18:23.307+0000] {processor.py:208} INFO - Processing /home/airflow/.local/lib/python3.12/site-packages/airflow/example_dags/example_branch_python_dop_operator_3.py took 0.078 seconds
[2025-09-25T05:18:54.394+0000] {processor.py:186} INFO - Started process (PID=874) to work on /home/airflow/.local/lib/python3.12/site-packages/airflow/example_dags/example_branch_python_dop_operator_3.py
[2025-09-25T05:18:54.395+0000] {processor.py:914} INFO - Processing file /home/airflow/.local/lib/python3.12/site-packages/airflow/example_dags/example_branch_python_dop_operator_3.py for tasks to queue
[2025-09-25T05:18:54.397+0000] {logging_mixin.py:190} INFO - [2025-09-25T05:18:54.397+0000] {dagbag.py:588} INFO - Filling up the DagBag from /home/airflow/.local/lib/python3.12/site-packages/airflow/example_dags/example_branch_python_dop_operator_3.py
[2025-09-25T05:18:54.407+0000] {processor.py:925} INFO - DAG(s) 'example_branch_dop_operator_v3' retrieved from /home/airflow/.local/lib/python3.12/site-packages/airflow/example_dags/example_branch_python_dop_operator_3.py
[2025-09-25T05:18:54.426+0000] {logging_mixin.py:190} INFO - [2025-09-25T05:18:54.426+0000] {dag.py:3239} INFO - Sync 1 DAGs
[2025-09-25T05:18:54.449+0000] {logging_mixin.py:190} INFO - [2025-09-25T05:18:54.449+0000] {dag.py:4180} INFO - Setting next_dagrun for example_branch_dop_operator_v3 to 2025-09-25 05:17:00+00:00, run_after=2025-09-25 05:18:00+00:00
[2025-09-25T05:18:54.465+0000] {processor.py:208} INFO - Processing /home/airflow/.local/lib/python3.12/site-packages/airflow/example_dags/example_branch_python_dop_operator_3.py took 0.076 seconds
[2025-09-25T05:19:25.641+0000] {processor.py:186} INFO - Started process (PID=945) to work on /home/airflow/.local/lib/python3.12/site-packages/airflow/example_dags/example_branch_python_dop_operator_3.py
[2025-09-25T05:19:25.642+0000] {processor.py:914} INFO - Processing file /home/airflow/.local/lib/python3.12/site-packages/airflow/example_dags/example_branch_python_dop_operator_3.py for tasks to queue
[2025-09-25T05:19:25.645+0000] {logging_mixin.py:190} INFO - [2025-09-25T05:19:25.645+0000] {dagbag.py:588} INFO - Filling up the DagBag from /home/airflow/.local/lib/python3.12/site-packages/airflow/example_dags/example_branch_python_dop_operator_3.py
[2025-09-25T05:19:25.654+0000] {processor.py:925} INFO - DAG(s) 'example_branch_dop_operator_v3' retrieved from /home/airflow/.local/lib/python3.12/site-packages/airflow/example_dags/example_branch_python_dop_operator_3.py
[2025-09-25T05:19:25.672+0000] {logging_mixin.py:190} INFO - [2025-09-25T05:19:25.672+0000] {dag.py:3239} INFO - Sync 1 DAGs
[2025-09-25T05:19:25.695+0000] {logging_mixin.py:190} INFO - [2025-09-25T05:19:25.695+0000] {dag.py:4180} INFO - Setting next_dagrun for example_branch_dop_operator_v3 to 2025-09-25 05:18:00+00:00, run_after=2025-09-25 05:19:00+00:00
[2025-09-25T05:19:25.712+0000] {processor.py:208} INFO - Processing /home/airflow/.local/lib/python3.12/site-packages/airflow/example_dags/example_branch_python_dop_operator_3.py took 0.077 seconds
[2025-09-25T05:19:56.886+0000] {processor.py:186} INFO - Started process (PID=1010) to work on /home/airflow/.local/lib/python3.12/site-packages/airflow/example_dags/example_branch_python_dop_operator_3.py
[2025-09-25T05:19:56.888+0000] {processor.py:914} INFO - Processing file /home/airflow/.local/lib/python3.12/site-packages/airflow/example_dags/example_branch_python_dop_operator_3.py for tasks to queue
[2025-09-25T05:19:56.891+0000] {logging_mixin.py:190} INFO - [2025-09-25T05:19:56.891+0000] {dagbag.py:588} INFO - Filling up the DagBag from /home/airflow/.local/lib/python3.12/site-packages/airflow/example_dags/example_branch_python_dop_operator_3.py
[2025-09-25T05:19:56.902+0000] {processor.py:925} INFO - DAG(s) 'example_branch_dop_operator_v3' retrieved from /home/airflow/.local/lib/python3.12/site-packages/airflow/example_dags/example_branch_python_dop_operator_3.py
[2025-09-25T05:19:56.925+0000] {logging_mixin.py:190} INFO - [2025-09-25T05:19:56.925+0000] {dag.py:3239} INFO - Sync 1 DAGs
[2025-09-25T05:19:56.956+0000] {logging_mixin.py:190} INFO - [2025-09-25T05:19:56.956+0000] {dag.py:4180} INFO - Setting next_dagrun for example_branch_dop_operator_v3 to 2025-09-25 05:18:00+00:00, run_after=2025-09-25 05:19:00+00:00
[2025-09-25T05:19:56.973+0000] {processor.py:208} INFO - Processing /home/airflow/.local/lib/python3.12/site-packages/airflow/example_dags/example_branch_python_dop_operator_3.py took 0.093 seconds
[2025-09-25T05:25:43.556+0000] {processor.py:186} INFO - Started process (PID=94) to work on /home/airflow/.local/lib/python3.12/site-packages/airflow/example_dags/example_branch_python_dop_operator_3.py
[2025-09-25T05:25:43.557+0000] {processor.py:914} INFO - Processing file /home/airflow/.local/lib/python3.12/site-packages/airflow/example_dags/example_branch_python_dop_operator_3.py for tasks to queue
[2025-09-25T05:25:43.561+0000] {logging_mixin.py:190} INFO - [2025-09-25T05:25:43.560+0000] {dagbag.py:588} INFO - Filling up the DagBag from /home/airflow/.local/lib/python3.12/site-packages/airflow/example_dags/example_branch_python_dop_operator_3.py
[2025-09-25T05:25:43.574+0000] {processor.py:925} INFO - DAG(s) 'example_branch_dop_operator_v3' retrieved from /home/airflow/.local/lib/python3.12/site-packages/airflow/example_dags/example_branch_python_dop_operator_3.py
[2025-09-25T05:25:43.685+0000] {logging_mixin.py:190} INFO - [2025-09-25T05:25:43.684+0000] {dag.py:3239} INFO - Sync 1 DAGs
[2025-09-25T05:25:43.711+0000] {logging_mixin.py:190} INFO - [2025-09-25T05:25:43.711+0000] {dag.py:4180} INFO - Setting next_dagrun for example_branch_dop_operator_v3 to 2025-09-25 05:24:00+00:00, run_after=2025-09-25 05:25:00+00:00
[2025-09-25T05:25:43.733+0000] {processor.py:208} INFO - Processing /home/airflow/.local/lib/python3.12/site-packages/airflow/example_dags/example_branch_python_dop_operator_3.py took 0.184 seconds
[2025-09-25T05:26:14.275+0000] {processor.py:186} INFO - Started process (PID=159) to work on /home/airflow/.local/lib/python3.12/site-packages/airflow/example_dags/example_branch_python_dop_operator_3.py
[2025-09-25T05:26:14.276+0000] {processor.py:914} INFO - Processing file /home/airflow/.local/lib/python3.12/site-packages/airflow/example_dags/example_branch_python_dop_operator_3.py for tasks to queue
[2025-09-25T05:26:14.279+0000] {logging_mixin.py:190} INFO - [2025-09-25T05:26:14.278+0000] {dagbag.py:588} INFO - Filling up the DagBag from /home/airflow/.local/lib/python3.12/site-packages/airflow/example_dags/example_branch_python_dop_operator_3.py
[2025-09-25T05:26:14.288+0000] {processor.py:925} INFO - DAG(s) 'example_branch_dop_operator_v3' retrieved from /home/airflow/.local/lib/python3.12/site-packages/airflow/example_dags/example_branch_python_dop_operator_3.py
[2025-09-25T05:26:14.306+0000] {logging_mixin.py:190} INFO - [2025-09-25T05:26:14.306+0000] {dag.py:3239} INFO - Sync 1 DAGs
[2025-09-25T05:26:14.329+0000] {logging_mixin.py:190} INFO - [2025-09-25T05:26:14.329+0000] {dag.py:4180} INFO - Setting next_dagrun for example_branch_dop_operator_v3 to 2025-09-25 05:25:00+00:00, run_after=2025-09-25 05:26:00+00:00
[2025-09-25T05:26:14.346+0000] {processor.py:208} INFO - Processing /home/airflow/.local/lib/python3.12/site-packages/airflow/example_dags/example_branch_python_dop_operator_3.py took 0.078 seconds
[2025-09-25T05:26:44.421+0000] {processor.py:186} INFO - Started process (PID=224) to work on /home/airflow/.local/lib/python3.12/site-packages/airflow/example_dags/example_branch_python_dop_operator_3.py
[2025-09-25T05:26:44.422+0000] {processor.py:914} INFO - Processing file /home/airflow/.local/lib/python3.12/site-packages/airflow/example_dags/example_branch_python_dop_operator_3.py for tasks to queue
[2025-09-25T05:26:44.425+0000] {logging_mixin.py:190} INFO - [2025-09-25T05:26:44.425+0000] {dagbag.py:588} INFO - Filling up the DagBag from /home/airflow/.local/lib/python3.12/site-packages/airflow/example_dags/example_branch_python_dop_operator_3.py
[2025-09-25T05:26:44.434+0000] {processor.py:925} INFO - DAG(s) 'example_branch_dop_operator_v3' retrieved from /home/airflow/.local/lib/python3.12/site-packages/airflow/example_dags/example_branch_python_dop_operator_3.py
[2025-09-25T05:26:44.453+0000] {logging_mixin.py:190} INFO - [2025-09-25T05:26:44.452+0000] {dag.py:3239} INFO - Sync 1 DAGs
[2025-09-25T05:26:44.475+0000] {logging_mixin.py:190} INFO - [2025-09-25T05:26:44.475+0000] {dag.py:4180} INFO - Setting next_dagrun for example_branch_dop_operator_v3 to 2025-09-25 05:25:00+00:00, run_after=2025-09-25 05:26:00+00:00
[2025-09-25T05:26:44.491+0000] {processor.py:208} INFO - Processing /home/airflow/.local/lib/python3.12/site-packages/airflow/example_dags/example_branch_python_dop_operator_3.py took 0.076 seconds
[2025-09-25T05:27:15.084+0000] {processor.py:186} INFO - Started process (PID=288) to work on /home/airflow/.local/lib/python3.12/site-packages/airflow/example_dags/example_branch_python_dop_operator_3.py
[2025-09-25T05:27:15.085+0000] {processor.py:914} INFO - Processing file /home/airflow/.local/lib/python3.12/site-packages/airflow/example_dags/example_branch_python_dop_operator_3.py for tasks to queue
[2025-09-25T05:27:15.087+0000] {logging_mixin.py:190} INFO - [2025-09-25T05:27:15.087+0000] {dagbag.py:588} INFO - Filling up the DagBag from /home/airflow/.local/lib/python3.12/site-packages/airflow/example_dags/example_branch_python_dop_operator_3.py
[2025-09-25T05:27:15.097+0000] {processor.py:925} INFO - DAG(s) 'example_branch_dop_operator_v3' retrieved from /home/airflow/.local/lib/python3.12/site-packages/airflow/example_dags/example_branch_python_dop_operator_3.py
[2025-09-25T05:27:15.113+0000] {logging_mixin.py:190} INFO - [2025-09-25T05:27:15.113+0000] {dag.py:3239} INFO - Sync 1 DAGs
[2025-09-25T05:27:15.135+0000] {logging_mixin.py:190} INFO - [2025-09-25T05:27:15.135+0000] {dag.py:4180} INFO - Setting next_dagrun for example_branch_dop_operator_v3 to 2025-09-25 05:26:00+00:00, run_after=2025-09-25 05:27:00+00:00
[2025-09-25T05:27:15.151+0000] {processor.py:208} INFO - Processing /home/airflow/.local/lib/python3.12/site-packages/airflow/example_dags/example_branch_python_dop_operator_3.py took 0.073 seconds
[2025-09-25T05:27:45.974+0000] {processor.py:186} INFO - Started process (PID=353) to work on /home/airflow/.local/lib/python3.12/site-packages/airflow/example_dags/example_branch_python_dop_operator_3.py
[2025-09-25T05:27:45.975+0000] {processor.py:914} INFO - Processing file /home/airflow/.local/lib/python3.12/site-packages/airflow/example_dags/example_branch_python_dop_operator_3.py for tasks to queue
[2025-09-25T05:27:45.978+0000] {logging_mixin.py:190} INFO - [2025-09-25T05:27:45.977+0000] {dagbag.py:588} INFO - Filling up the DagBag from /home/airflow/.local/lib/python3.12/site-packages/airflow/example_dags/example_branch_python_dop_operator_3.py
[2025-09-25T05:27:45.987+0000] {processor.py:925} INFO - DAG(s) 'example_branch_dop_operator_v3' retrieved from /home/airflow/.local/lib/python3.12/site-packages/airflow/example_dags/example_branch_python_dop_operator_3.py
[2025-09-25T05:27:46.007+0000] {logging_mixin.py:190} INFO - [2025-09-25T05:27:46.007+0000] {dag.py:3239} INFO - Sync 1 DAGs
[2025-09-25T05:27:46.030+0000] {logging_mixin.py:190} INFO - [2025-09-25T05:27:46.030+0000] {dag.py:4180} INFO - Setting next_dagrun for example_branch_dop_operator_v3 to 2025-09-25 05:26:00+00:00, run_after=2025-09-25 05:27:00+00:00
[2025-09-25T05:27:46.048+0000] {processor.py:208} INFO - Processing /home/airflow/.local/lib/python3.12/site-packages/airflow/example_dags/example_branch_python_dop_operator_3.py took 0.079 seconds
[2025-09-25T05:28:57.668+0000] {processor.py:186} INFO - Started process (PID=95) to work on /home/airflow/.local/lib/python3.12/site-packages/airflow/example_dags/example_branch_python_dop_operator_3.py
[2025-09-25T05:28:57.669+0000] {processor.py:914} INFO - Processing file /home/airflow/.local/lib/python3.12/site-packages/airflow/example_dags/example_branch_python_dop_operator_3.py for tasks to queue
[2025-09-25T05:28:57.671+0000] {logging_mixin.py:190} INFO - [2025-09-25T05:28:57.671+0000] {dagbag.py:588} INFO - Filling up the DagBag from /home/airflow/.local/lib/python3.12/site-packages/airflow/example_dags/example_branch_python_dop_operator_3.py
[2025-09-25T05:28:57.682+0000] {processor.py:925} INFO - DAG(s) 'example_branch_dop_operator_v3' retrieved from /home/airflow/.local/lib/python3.12/site-packages/airflow/example_dags/example_branch_python_dop_operator_3.py
[2025-09-25T05:28:57.702+0000] {logging_mixin.py:190} INFO - [2025-09-25T05:28:57.701+0000] {dag.py:3239} INFO - Sync 1 DAGs
[2025-09-25T05:28:57.725+0000] {logging_mixin.py:190} INFO - [2025-09-25T05:28:57.725+0000] {dag.py:4180} INFO - Setting next_dagrun for example_branch_dop_operator_v3 to 2025-09-25 05:27:00+00:00, run_after=2025-09-25 05:28:00+00:00
[2025-09-25T05:28:57.739+0000] {processor.py:208} INFO - Processing /home/airflow/.local/lib/python3.12/site-packages/airflow/example_dags/example_branch_python_dop_operator_3.py took 0.077 seconds
[2025-09-25T05:29:27.944+0000] {processor.py:186} INFO - Started process (PID=160) to work on /home/airflow/.local/lib/python3.12/site-packages/airflow/example_dags/example_branch_python_dop_operator_3.py
[2025-09-25T05:29:27.945+0000] {processor.py:914} INFO - Processing file /home/airflow/.local/lib/python3.12/site-packages/airflow/example_dags/example_branch_python_dop_operator_3.py for tasks to queue
[2025-09-25T05:29:27.947+0000] {logging_mixin.py:190} INFO - [2025-09-25T05:29:27.947+0000] {dagbag.py:588} INFO - Filling up the DagBag from /home/airflow/.local/lib/python3.12/site-packages/airflow/example_dags/example_branch_python_dop_operator_3.py
[2025-09-25T05:29:27.955+0000] {processor.py:925} INFO - DAG(s) 'example_branch_dop_operator_v3' retrieved from /home/airflow/.local/lib/python3.12/site-packages/airflow/example_dags/example_branch_python_dop_operator_3.py
[2025-09-25T05:29:27.970+0000] {logging_mixin.py:190} INFO - [2025-09-25T05:29:27.969+0000] {dag.py:3239} INFO - Sync 1 DAGs
[2025-09-25T05:29:27.989+0000] {logging_mixin.py:190} INFO - [2025-09-25T05:29:27.989+0000] {dag.py:4180} INFO - Setting next_dagrun for example_branch_dop_operator_v3 to 2025-09-25 05:28:00+00:00, run_after=2025-09-25 05:29:00+00:00
[2025-09-25T05:29:28.002+0000] {processor.py:208} INFO - Processing /home/airflow/.local/lib/python3.12/site-packages/airflow/example_dags/example_branch_python_dop_operator_3.py took 0.063 seconds
[2025-09-25T05:29:59.286+0000] {processor.py:186} INFO - Started process (PID=225) to work on /home/airflow/.local/lib/python3.12/site-packages/airflow/example_dags/example_branch_python_dop_operator_3.py
[2025-09-25T05:29:59.287+0000] {processor.py:914} INFO - Processing file /home/airflow/.local/lib/python3.12/site-packages/airflow/example_dags/example_branch_python_dop_operator_3.py for tasks to queue
[2025-09-25T05:29:59.290+0000] {logging_mixin.py:190} INFO - [2025-09-25T05:29:59.289+0000] {dagbag.py:588} INFO - Filling up the DagBag from /home/airflow/.local/lib/python3.12/site-packages/airflow/example_dags/example_branch_python_dop_operator_3.py
[2025-09-25T05:29:59.298+0000] {processor.py:925} INFO - DAG(s) 'example_branch_dop_operator_v3' retrieved from /home/airflow/.local/lib/python3.12/site-packages/airflow/example_dags/example_branch_python_dop_operator_3.py
[2025-09-25T05:29:59.314+0000] {logging_mixin.py:190} INFO - [2025-09-25T05:29:59.314+0000] {dag.py:3239} INFO - Sync 1 DAGs
[2025-09-25T05:29:59.335+0000] {logging_mixin.py:190} INFO - [2025-09-25T05:29:59.335+0000] {dag.py:4180} INFO - Setting next_dagrun for example_branch_dop_operator_v3 to 2025-09-25 05:28:00+00:00, run_after=2025-09-25 05:29:00+00:00
[2025-09-25T05:29:59.348+0000] {processor.py:208} INFO - Processing /home/airflow/.local/lib/python3.12/site-packages/airflow/example_dags/example_branch_python_dop_operator_3.py took 0.068 seconds
[2025-09-25T05:30:30.695+0000] {processor.py:186} INFO - Started process (PID=290) to work on /home/airflow/.local/lib/python3.12/site-packages/airflow/example_dags/example_branch_python_dop_operator_3.py
[2025-09-25T05:30:30.696+0000] {processor.py:914} INFO - Processing file /home/airflow/.local/lib/python3.12/site-packages/airflow/example_dags/example_branch_python_dop_operator_3.py for tasks to queue
[2025-09-25T05:30:30.698+0000] {logging_mixin.py:190} INFO - [2025-09-25T05:30:30.698+0000] {dagbag.py:588} INFO - Filling up the DagBag from /home/airflow/.local/lib/python3.12/site-packages/airflow/example_dags/example_branch_python_dop_operator_3.py
[2025-09-25T05:30:30.707+0000] {processor.py:925} INFO - DAG(s) 'example_branch_dop_operator_v3' retrieved from /home/airflow/.local/lib/python3.12/site-packages/airflow/example_dags/example_branch_python_dop_operator_3.py
[2025-09-25T05:30:30.724+0000] {logging_mixin.py:190} INFO - [2025-09-25T05:30:30.723+0000] {dag.py:3239} INFO - Sync 1 DAGs
[2025-09-25T05:30:30.748+0000] {logging_mixin.py:190} INFO - [2025-09-25T05:30:30.748+0000] {dag.py:4180} INFO - Setting next_dagrun for example_branch_dop_operator_v3 to 2025-09-25 05:29:00+00:00, run_after=2025-09-25 05:30:00+00:00
[2025-09-25T05:30:30.764+0000] {processor.py:208} INFO - Processing /home/airflow/.local/lib/python3.12/site-packages/airflow/example_dags/example_branch_python_dop_operator_3.py took 0.077 seconds
[2025-09-25T05:31:01.547+0000] {processor.py:186} INFO - Started process (PID=354) to work on /home/airflow/.local/lib/python3.12/site-packages/airflow/example_dags/example_branch_python_dop_operator_3.py
[2025-09-25T05:31:01.548+0000] {processor.py:914} INFO - Processing file /home/airflow/.local/lib/python3.12/site-packages/airflow/example_dags/example_branch_python_dop_operator_3.py for tasks to queue
[2025-09-25T05:31:01.550+0000] {logging_mixin.py:190} INFO - [2025-09-25T05:31:01.550+0000] {dagbag.py:588} INFO - Filling up the DagBag from /home/airflow/.local/lib/python3.12/site-packages/airflow/example_dags/example_branch_python_dop_operator_3.py
[2025-09-25T05:31:01.559+0000] {processor.py:925} INFO - DAG(s) 'example_branch_dop_operator_v3' retrieved from /home/airflow/.local/lib/python3.12/site-packages/airflow/example_dags/example_branch_python_dop_operator_3.py
[2025-09-25T05:31:01.576+0000] {logging_mixin.py:190} INFO - [2025-09-25T05:31:01.576+0000] {dag.py:3239} INFO - Sync 1 DAGs
[2025-09-25T05:31:01.604+0000] {logging_mixin.py:190} INFO - [2025-09-25T05:31:01.604+0000] {dag.py:4180} INFO - Setting next_dagrun for example_branch_dop_operator_v3 to 2025-09-25 05:30:00+00:00, run_after=2025-09-25 05:31:00+00:00
[2025-09-25T05:31:01.620+0000] {processor.py:208} INFO - Processing /home/airflow/.local/lib/python3.12/site-packages/airflow/example_dags/example_branch_python_dop_operator_3.py took 0.079 seconds
[2025-09-25T05:31:32.462+0000] {processor.py:186} INFO - Started process (PID=420) to work on /home/airflow/.local/lib/python3.12/site-packages/airflow/example_dags/example_branch_python_dop_operator_3.py
[2025-09-25T05:31:32.463+0000] {processor.py:914} INFO - Processing file /home/airflow/.local/lib/python3.12/site-packages/airflow/example_dags/example_branch_python_dop_operator_3.py for tasks to queue
[2025-09-25T05:31:32.466+0000] {logging_mixin.py:190} INFO - [2025-09-25T05:31:32.466+0000] {dagbag.py:588} INFO - Filling up the DagBag from /home/airflow/.local/lib/python3.12/site-packages/airflow/example_dags/example_branch_python_dop_operator_3.py
[2025-09-25T05:31:32.475+0000] {processor.py:925} INFO - DAG(s) 'example_branch_dop_operator_v3' retrieved from /home/airflow/.local/lib/python3.12/site-packages/airflow/example_dags/example_branch_python_dop_operator_3.py
[2025-09-25T05:31:32.492+0000] {logging_mixin.py:190} INFO - [2025-09-25T05:31:32.492+0000] {dag.py:3239} INFO - Sync 1 DAGs
[2025-09-25T05:31:32.515+0000] {logging_mixin.py:190} INFO - [2025-09-25T05:31:32.515+0000] {dag.py:4180} INFO - Setting next_dagrun for example_branch_dop_operator_v3 to 2025-09-25 05:30:00+00:00, run_after=2025-09-25 05:31:00+00:00
[2025-09-25T05:31:32.533+0000] {processor.py:208} INFO - Processing /home/airflow/.local/lib/python3.12/site-packages/airflow/example_dags/example_branch_python_dop_operator_3.py took 0.076 seconds
[2025-09-25T05:32:03.883+0000] {processor.py:186} INFO - Started process (PID=485) to work on /home/airflow/.local/lib/python3.12/site-packages/airflow/example_dags/example_branch_python_dop_operator_3.py
[2025-09-25T05:32:03.884+0000] {processor.py:914} INFO - Processing file /home/airflow/.local/lib/python3.12/site-packages/airflow/example_dags/example_branch_python_dop_operator_3.py for tasks to queue
[2025-09-25T05:32:03.887+0000] {logging_mixin.py:190} INFO - [2025-09-25T05:32:03.886+0000] {dagbag.py:588} INFO - Filling up the DagBag from /home/airflow/.local/lib/python3.12/site-packages/airflow/example_dags/example_branch_python_dop_operator_3.py
[2025-09-25T05:32:03.897+0000] {processor.py:925} INFO - DAG(s) 'example_branch_dop_operator_v3' retrieved from /home/airflow/.local/lib/python3.12/site-packages/airflow/example_dags/example_branch_python_dop_operator_3.py
[2025-09-25T05:32:03.914+0000] {logging_mixin.py:190} INFO - [2025-09-25T05:32:03.914+0000] {dag.py:3239} INFO - Sync 1 DAGs
[2025-09-25T05:32:03.935+0000] {logging_mixin.py:190} INFO - [2025-09-25T05:32:03.935+0000] {dag.py:4180} INFO - Setting next_dagrun for example_branch_dop_operator_v3 to 2025-09-25 05:31:00+00:00, run_after=2025-09-25 05:32:00+00:00
[2025-09-25T05:32:03.951+0000] {processor.py:208} INFO - Processing /home/airflow/.local/lib/python3.12/site-packages/airflow/example_dags/example_branch_python_dop_operator_3.py took 0.073 seconds
[2025-09-25T05:32:35.668+0000] {processor.py:186} INFO - Started process (PID=550) to work on /home/airflow/.local/lib/python3.12/site-packages/airflow/example_dags/example_branch_python_dop_operator_3.py
[2025-09-25T05:32:35.669+0000] {processor.py:914} INFO - Processing file /home/airflow/.local/lib/python3.12/site-packages/airflow/example_dags/example_branch_python_dop_operator_3.py for tasks to queue
[2025-09-25T05:32:35.672+0000] {logging_mixin.py:190} INFO - [2025-09-25T05:32:35.672+0000] {dagbag.py:588} INFO - Filling up the DagBag from /home/airflow/.local/lib/python3.12/site-packages/airflow/example_dags/example_branch_python_dop_operator_3.py
[2025-09-25T05:32:35.686+0000] {processor.py:925} INFO - DAG(s) 'example_branch_dop_operator_v3' retrieved from /home/airflow/.local/lib/python3.12/site-packages/airflow/example_dags/example_branch_python_dop_operator_3.py
[2025-09-25T05:32:35.709+0000] {logging_mixin.py:190} INFO - [2025-09-25T05:32:35.708+0000] {dag.py:3239} INFO - Sync 1 DAGs
[2025-09-25T05:32:35.734+0000] {logging_mixin.py:190} INFO - [2025-09-25T05:32:35.734+0000] {dag.py:4180} INFO - Setting next_dagrun for example_branch_dop_operator_v3 to 2025-09-25 05:31:00+00:00, run_after=2025-09-25 05:32:00+00:00
[2025-09-25T05:32:35.750+0000] {processor.py:208} INFO - Processing /home/airflow/.local/lib/python3.12/site-packages/airflow/example_dags/example_branch_python_dop_operator_3.py took 0.088 seconds
[2025-09-25T05:33:05.846+0000] {processor.py:186} INFO - Started process (PID=614) to work on /home/airflow/.local/lib/python3.12/site-packages/airflow/example_dags/example_branch_python_dop_operator_3.py
[2025-09-25T05:33:05.847+0000] {processor.py:914} INFO - Processing file /home/airflow/.local/lib/python3.12/site-packages/airflow/example_dags/example_branch_python_dop_operator_3.py for tasks to queue
[2025-09-25T05:33:05.849+0000] {logging_mixin.py:190} INFO - [2025-09-25T05:33:05.849+0000] {dagbag.py:588} INFO - Filling up the DagBag from /home/airflow/.local/lib/python3.12/site-packages/airflow/example_dags/example_branch_python_dop_operator_3.py
[2025-09-25T05:33:05.858+0000] {processor.py:925} INFO - DAG(s) 'example_branch_dop_operator_v3' retrieved from /home/airflow/.local/lib/python3.12/site-packages/airflow/example_dags/example_branch_python_dop_operator_3.py
[2025-09-25T05:33:05.876+0000] {logging_mixin.py:190} INFO - [2025-09-25T05:33:05.876+0000] {dag.py:3239} INFO - Sync 1 DAGs
[2025-09-25T05:33:05.899+0000] {logging_mixin.py:190} INFO - [2025-09-25T05:33:05.899+0000] {dag.py:4180} INFO - Setting next_dagrun for example_branch_dop_operator_v3 to 2025-09-25 05:32:00+00:00, run_after=2025-09-25 05:33:00+00:00
[2025-09-25T05:33:05.916+0000] {processor.py:208} INFO - Processing /home/airflow/.local/lib/python3.12/site-packages/airflow/example_dags/example_branch_python_dop_operator_3.py took 0.076 seconds
[2025-09-25T05:33:36.932+0000] {processor.py:186} INFO - Started process (PID=679) to work on /home/airflow/.local/lib/python3.12/site-packages/airflow/example_dags/example_branch_python_dop_operator_3.py
[2025-09-25T05:33:36.933+0000] {processor.py:914} INFO - Processing file /home/airflow/.local/lib/python3.12/site-packages/airflow/example_dags/example_branch_python_dop_operator_3.py for tasks to queue
[2025-09-25T05:33:36.935+0000] {logging_mixin.py:190} INFO - [2025-09-25T05:33:36.935+0000] {dagbag.py:588} INFO - Filling up the DagBag from /home/airflow/.local/lib/python3.12/site-packages/airflow/example_dags/example_branch_python_dop_operator_3.py
[2025-09-25T05:33:36.945+0000] {processor.py:925} INFO - DAG(s) 'example_branch_dop_operator_v3' retrieved from /home/airflow/.local/lib/python3.12/site-packages/airflow/example_dags/example_branch_python_dop_operator_3.py
[2025-09-25T05:33:36.962+0000] {logging_mixin.py:190} INFO - [2025-09-25T05:33:36.962+0000] {dag.py:3239} INFO - Sync 1 DAGs
[2025-09-25T05:33:36.987+0000] {logging_mixin.py:190} INFO - [2025-09-25T05:33:36.987+0000] {dag.py:4180} INFO - Setting next_dagrun for example_branch_dop_operator_v3 to 2025-09-25 05:32:00+00:00, run_after=2025-09-25 05:33:00+00:00
[2025-09-25T05:33:37.005+0000] {processor.py:208} INFO - Processing /home/airflow/.local/lib/python3.12/site-packages/airflow/example_dags/example_branch_python_dop_operator_3.py took 0.078 seconds
[2025-09-25T05:34:08.164+0000] {processor.py:186} INFO - Started process (PID=744) to work on /home/airflow/.local/lib/python3.12/site-packages/airflow/example_dags/example_branch_python_dop_operator_3.py
[2025-09-25T05:34:08.165+0000] {processor.py:914} INFO - Processing file /home/airflow/.local/lib/python3.12/site-packages/airflow/example_dags/example_branch_python_dop_operator_3.py for tasks to queue
[2025-09-25T05:34:08.167+0000] {logging_mixin.py:190} INFO - [2025-09-25T05:34:08.167+0000] {dagbag.py:588} INFO - Filling up the DagBag from /home/airflow/.local/lib/python3.12/site-packages/airflow/example_dags/example_branch_python_dop_operator_3.py
[2025-09-25T05:34:08.177+0000] {processor.py:925} INFO - DAG(s) 'example_branch_dop_operator_v3' retrieved from /home/airflow/.local/lib/python3.12/site-packages/airflow/example_dags/example_branch_python_dop_operator_3.py
[2025-09-25T05:34:08.195+0000] {logging_mixin.py:190} INFO - [2025-09-25T05:34:08.194+0000] {dag.py:3239} INFO - Sync 1 DAGs
[2025-09-25T05:34:08.216+0000] {logging_mixin.py:190} INFO - [2025-09-25T05:34:08.216+0000] {dag.py:4180} INFO - Setting next_dagrun for example_branch_dop_operator_v3 to 2025-09-25 05:33:00+00:00, run_after=2025-09-25 05:34:00+00:00
[2025-09-25T05:34:08.232+0000] {processor.py:208} INFO - Processing /home/airflow/.local/lib/python3.12/site-packages/airflow/example_dags/example_branch_python_dop_operator_3.py took 0.074 seconds
[2025-09-25T05:34:39.457+0000] {processor.py:186} INFO - Started process (PID=809) to work on /home/airflow/.local/lib/python3.12/site-packages/airflow/example_dags/example_branch_python_dop_operator_3.py
[2025-09-25T05:34:39.459+0000] {processor.py:914} INFO - Processing file /home/airflow/.local/lib/python3.12/site-packages/airflow/example_dags/example_branch_python_dop_operator_3.py for tasks to queue
[2025-09-25T05:34:39.462+0000] {logging_mixin.py:190} INFO - [2025-09-25T05:34:39.462+0000] {dagbag.py:588} INFO - Filling up the DagBag from /home/airflow/.local/lib/python3.12/site-packages/airflow/example_dags/example_branch_python_dop_operator_3.py
[2025-09-25T05:34:39.477+0000] {processor.py:925} INFO - DAG(s) 'example_branch_dop_operator_v3' retrieved from /home/airflow/.local/lib/python3.12/site-packages/airflow/example_dags/example_branch_python_dop_operator_3.py
[2025-09-25T05:34:39.500+0000] {logging_mixin.py:190} INFO - [2025-09-25T05:34:39.500+0000] {dag.py:3239} INFO - Sync 1 DAGs
[2025-09-25T05:34:39.525+0000] {logging_mixin.py:190} INFO - [2025-09-25T05:34:39.525+0000] {dag.py:4180} INFO - Setting next_dagrun for example_branch_dop_operator_v3 to 2025-09-25 05:33:00+00:00, run_after=2025-09-25 05:34:00+00:00
[2025-09-25T05:34:39.545+0000] {processor.py:208} INFO - Processing /home/airflow/.local/lib/python3.12/site-packages/airflow/example_dags/example_branch_python_dop_operator_3.py took 0.095 seconds
[2025-09-25T05:35:10.566+0000] {processor.py:186} INFO - Started process (PID=874) to work on /home/airflow/.local/lib/python3.12/site-packages/airflow/example_dags/example_branch_python_dop_operator_3.py
[2025-09-25T05:35:10.567+0000] {processor.py:914} INFO - Processing file /home/airflow/.local/lib/python3.12/site-packages/airflow/example_dags/example_branch_python_dop_operator_3.py for tasks to queue
[2025-09-25T05:35:10.569+0000] {logging_mixin.py:190} INFO - [2025-09-25T05:35:10.568+0000] {dagbag.py:588} INFO - Filling up the DagBag from /home/airflow/.local/lib/python3.12/site-packages/airflow/example_dags/example_branch_python_dop_operator_3.py
[2025-09-25T05:35:10.578+0000] {processor.py:925} INFO - DAG(s) 'example_branch_dop_operator_v3' retrieved from /home/airflow/.local/lib/python3.12/site-packages/airflow/example_dags/example_branch_python_dop_operator_3.py
[2025-09-25T05:35:10.595+0000] {logging_mixin.py:190} INFO - [2025-09-25T05:35:10.595+0000] {dag.py:3239} INFO - Sync 1 DAGs
[2025-09-25T05:35:10.616+0000] {logging_mixin.py:190} INFO - [2025-09-25T05:35:10.615+0000] {dag.py:4180} INFO - Setting next_dagrun for example_branch_dop_operator_v3 to 2025-09-25 05:34:00+00:00, run_after=2025-09-25 05:35:00+00:00
[2025-09-25T05:35:10.631+0000] {processor.py:208} INFO - Processing /home/airflow/.local/lib/python3.12/site-packages/airflow/example_dags/example_branch_python_dop_operator_3.py took 0.071 seconds
[2025-09-25T05:35:42.038+0000] {processor.py:186} INFO - Started process (PID=940) to work on /home/airflow/.local/lib/python3.12/site-packages/airflow/example_dags/example_branch_python_dop_operator_3.py
[2025-09-25T05:35:42.039+0000] {processor.py:914} INFO - Processing file /home/airflow/.local/lib/python3.12/site-packages/airflow/example_dags/example_branch_python_dop_operator_3.py for tasks to queue
[2025-09-25T05:35:42.041+0000] {logging_mixin.py:190} INFO - [2025-09-25T05:35:42.041+0000] {dagbag.py:588} INFO - Filling up the DagBag from /home/airflow/.local/lib/python3.12/site-packages/airflow/example_dags/example_branch_python_dop_operator_3.py
[2025-09-25T05:35:42.050+0000] {processor.py:925} INFO - DAG(s) 'example_branch_dop_operator_v3' retrieved from /home/airflow/.local/lib/python3.12/site-packages/airflow/example_dags/example_branch_python_dop_operator_3.py
[2025-09-25T05:35:42.069+0000] {logging_mixin.py:190} INFO - [2025-09-25T05:35:42.069+0000] {dag.py:3239} INFO - Sync 1 DAGs
[2025-09-25T05:35:42.091+0000] {logging_mixin.py:190} INFO - [2025-09-25T05:35:42.091+0000] {dag.py:4180} INFO - Setting next_dagrun for example_branch_dop_operator_v3 to 2025-09-25 05:34:00+00:00, run_after=2025-09-25 05:35:00+00:00
[2025-09-25T05:35:42.107+0000] {processor.py:208} INFO - Processing /home/airflow/.local/lib/python3.12/site-packages/airflow/example_dags/example_branch_python_dop_operator_3.py took 0.075 seconds
[2025-09-25T05:36:13.516+0000] {processor.py:186} INFO - Started process (PID=1005) to work on /home/airflow/.local/lib/python3.12/site-packages/airflow/example_dags/example_branch_python_dop_operator_3.py
[2025-09-25T05:36:13.517+0000] {processor.py:914} INFO - Processing file /home/airflow/.local/lib/python3.12/site-packages/airflow/example_dags/example_branch_python_dop_operator_3.py for tasks to queue
[2025-09-25T05:36:13.520+0000] {logging_mixin.py:190} INFO - [2025-09-25T05:36:13.520+0000] {dagbag.py:588} INFO - Filling up the DagBag from /home/airflow/.local/lib/python3.12/site-packages/airflow/example_dags/example_branch_python_dop_operator_3.py
[2025-09-25T05:36:13.528+0000] {processor.py:925} INFO - DAG(s) 'example_branch_dop_operator_v3' retrieved from /home/airflow/.local/lib/python3.12/site-packages/airflow/example_dags/example_branch_python_dop_operator_3.py
[2025-09-25T05:36:13.546+0000] {logging_mixin.py:190} INFO - [2025-09-25T05:36:13.545+0000] {dag.py:3239} INFO - Sync 1 DAGs
[2025-09-25T05:36:13.567+0000] {logging_mixin.py:190} INFO - [2025-09-25T05:36:13.567+0000] {dag.py:4180} INFO - Setting next_dagrun for example_branch_dop_operator_v3 to 2025-09-25 05:35:00+00:00, run_after=2025-09-25 05:36:00+00:00
[2025-09-25T05:36:13.585+0000] {processor.py:208} INFO - Processing /home/airflow/.local/lib/python3.12/site-packages/airflow/example_dags/example_branch_python_dop_operator_3.py took 0.074 seconds
[2025-09-25T05:36:44.683+0000] {processor.py:186} INFO - Started process (PID=1070) to work on /home/airflow/.local/lib/python3.12/site-packages/airflow/example_dags/example_branch_python_dop_operator_3.py
[2025-09-25T05:36:44.684+0000] {processor.py:914} INFO - Processing file /home/airflow/.local/lib/python3.12/site-packages/airflow/example_dags/example_branch_python_dop_operator_3.py for tasks to queue
[2025-09-25T05:36:44.686+0000] {logging_mixin.py:190} INFO - [2025-09-25T05:36:44.686+0000] {dagbag.py:588} INFO - Filling up the DagBag from /home/airflow/.local/lib/python3.12/site-packages/airflow/example_dags/example_branch_python_dop_operator_3.py
[2025-09-25T05:36:44.695+0000] {processor.py:925} INFO - DAG(s) 'example_branch_dop_operator_v3' retrieved from /home/airflow/.local/lib/python3.12/site-packages/airflow/example_dags/example_branch_python_dop_operator_3.py
[2025-09-25T05:36:44.710+0000] {logging_mixin.py:190} INFO - [2025-09-25T05:36:44.710+0000] {dag.py:3239} INFO - Sync 1 DAGs
[2025-09-25T05:36:44.731+0000] {logging_mixin.py:190} INFO - [2025-09-25T05:36:44.731+0000] {dag.py:4180} INFO - Setting next_dagrun for example_branch_dop_operator_v3 to 2025-09-25 05:35:00+00:00, run_after=2025-09-25 05:36:00+00:00
[2025-09-25T05:36:44.745+0000] {processor.py:208} INFO - Processing /home/airflow/.local/lib/python3.12/site-packages/airflow/example_dags/example_branch_python_dop_operator_3.py took 0.068 seconds
[2025-09-25T05:37:15.466+0000] {processor.py:186} INFO - Started process (PID=1135) to work on /home/airflow/.local/lib/python3.12/site-packages/airflow/example_dags/example_branch_python_dop_operator_3.py
[2025-09-25T05:37:15.467+0000] {processor.py:914} INFO - Processing file /home/airflow/.local/lib/python3.12/site-packages/airflow/example_dags/example_branch_python_dop_operator_3.py for tasks to queue
[2025-09-25T05:37:15.469+0000] {logging_mixin.py:190} INFO - [2025-09-25T05:37:15.469+0000] {dagbag.py:588} INFO - Filling up the DagBag from /home/airflow/.local/lib/python3.12/site-packages/airflow/example_dags/example_branch_python_dop_operator_3.py
[2025-09-25T05:37:15.478+0000] {processor.py:925} INFO - DAG(s) 'example_branch_dop_operator_v3' retrieved from /home/airflow/.local/lib/python3.12/site-packages/airflow/example_dags/example_branch_python_dop_operator_3.py
[2025-09-25T05:37:15.495+0000] {logging_mixin.py:190} INFO - [2025-09-25T05:37:15.495+0000] {dag.py:3239} INFO - Sync 1 DAGs
[2025-09-25T05:37:15.535+0000] {logging_mixin.py:190} INFO - [2025-09-25T05:37:15.535+0000] {dag.py:4180} INFO - Setting next_dagrun for example_branch_dop_operator_v3 to 2025-09-25 05:36:00+00:00, run_after=2025-09-25 05:37:00+00:00
[2025-09-25T05:37:15.558+0000] {processor.py:208} INFO - Processing /home/airflow/.local/lib/python3.12/site-packages/airflow/example_dags/example_branch_python_dop_operator_3.py took 0.097 seconds
[2025-09-25T05:37:46.804+0000] {processor.py:186} INFO - Started process (PID=1200) to work on /home/airflow/.local/lib/python3.12/site-packages/airflow/example_dags/example_branch_python_dop_operator_3.py
[2025-09-25T05:37:46.805+0000] {processor.py:914} INFO - Processing file /home/airflow/.local/lib/python3.12/site-packages/airflow/example_dags/example_branch_python_dop_operator_3.py for tasks to queue
[2025-09-25T05:37:46.807+0000] {logging_mixin.py:190} INFO - [2025-09-25T05:37:46.807+0000] {dagbag.py:588} INFO - Filling up the DagBag from /home/airflow/.local/lib/python3.12/site-packages/airflow/example_dags/example_branch_python_dop_operator_3.py
[2025-09-25T05:37:46.816+0000] {processor.py:925} INFO - DAG(s) 'example_branch_dop_operator_v3' retrieved from /home/airflow/.local/lib/python3.12/site-packages/airflow/example_dags/example_branch_python_dop_operator_3.py
[2025-09-25T05:37:46.834+0000] {logging_mixin.py:190} INFO - [2025-09-25T05:37:46.833+0000] {dag.py:3239} INFO - Sync 1 DAGs
[2025-09-25T05:37:46.854+0000] {logging_mixin.py:190} INFO - [2025-09-25T05:37:46.854+0000] {dag.py:4180} INFO - Setting next_dagrun for example_branch_dop_operator_v3 to 2025-09-25 05:36:00+00:00, run_after=2025-09-25 05:37:00+00:00
[2025-09-25T05:37:46.871+0000] {processor.py:208} INFO - Processing /home/airflow/.local/lib/python3.12/site-packages/airflow/example_dags/example_branch_python_dop_operator_3.py took 0.072 seconds
[2025-09-25T05:38:18.603+0000] {processor.py:186} INFO - Started process (PID=1265) to work on /home/airflow/.local/lib/python3.12/site-packages/airflow/example_dags/example_branch_python_dop_operator_3.py
[2025-09-25T05:38:18.604+0000] {processor.py:914} INFO - Processing file /home/airflow/.local/lib/python3.12/site-packages/airflow/example_dags/example_branch_python_dop_operator_3.py for tasks to queue
[2025-09-25T05:38:18.607+0000] {logging_mixin.py:190} INFO - [2025-09-25T05:38:18.607+0000] {dagbag.py:588} INFO - Filling up the DagBag from /home/airflow/.local/lib/python3.12/site-packages/airflow/example_dags/example_branch_python_dop_operator_3.py
[2025-09-25T05:38:18.617+0000] {processor.py:925} INFO - DAG(s) 'example_branch_dop_operator_v3' retrieved from /home/airflow/.local/lib/python3.12/site-packages/airflow/example_dags/example_branch_python_dop_operator_3.py
[2025-09-25T05:38:18.637+0000] {logging_mixin.py:190} INFO - [2025-09-25T05:38:18.637+0000] {dag.py:3239} INFO - Sync 1 DAGs
[2025-09-25T05:38:18.661+0000] {logging_mixin.py:190} INFO - [2025-09-25T05:38:18.660+0000] {dag.py:4180} INFO - Setting next_dagrun for example_branch_dop_operator_v3 to 2025-09-25 05:37:00+00:00, run_after=2025-09-25 05:38:00+00:00
[2025-09-25T05:38:18.679+0000] {processor.py:208} INFO - Processing /home/airflow/.local/lib/python3.12/site-packages/airflow/example_dags/example_branch_python_dop_operator_3.py took 0.082 seconds
[2025-09-25T05:38:49.410+0000] {processor.py:186} INFO - Started process (PID=1336) to work on /home/airflow/.local/lib/python3.12/site-packages/airflow/example_dags/example_branch_python_dop_operator_3.py
[2025-09-25T05:38:49.411+0000] {processor.py:914} INFO - Processing file /home/airflow/.local/lib/python3.12/site-packages/airflow/example_dags/example_branch_python_dop_operator_3.py for tasks to queue
[2025-09-25T05:38:49.413+0000] {logging_mixin.py:190} INFO - [2025-09-25T05:38:49.413+0000] {dagbag.py:588} INFO - Filling up the DagBag from /home/airflow/.local/lib/python3.12/site-packages/airflow/example_dags/example_branch_python_dop_operator_3.py
[2025-09-25T05:38:49.424+0000] {processor.py:925} INFO - DAG(s) 'example_branch_dop_operator_v3' retrieved from /home/airflow/.local/lib/python3.12/site-packages/airflow/example_dags/example_branch_python_dop_operator_3.py
[2025-09-25T05:38:49.443+0000] {logging_mixin.py:190} INFO - [2025-09-25T05:38:49.442+0000] {dag.py:3239} INFO - Sync 1 DAGs
[2025-09-25T05:38:49.465+0000] {logging_mixin.py:190} INFO - [2025-09-25T05:38:49.464+0000] {dag.py:4180} INFO - Setting next_dagrun for example_branch_dop_operator_v3 to 2025-09-25 05:37:00+00:00, run_after=2025-09-25 05:38:00+00:00
[2025-09-25T05:38:49.482+0000] {processor.py:208} INFO - Processing /home/airflow/.local/lib/python3.12/site-packages/airflow/example_dags/example_branch_python_dop_operator_3.py took 0.077 seconds
[2025-09-25T05:39:20.970+0000] {processor.py:186} INFO - Started process (PID=1400) to work on /home/airflow/.local/lib/python3.12/site-packages/airflow/example_dags/example_branch_python_dop_operator_3.py
[2025-09-25T05:39:20.971+0000] {processor.py:914} INFO - Processing file /home/airflow/.local/lib/python3.12/site-packages/airflow/example_dags/example_branch_python_dop_operator_3.py for tasks to queue
[2025-09-25T05:39:20.974+0000] {logging_mixin.py:190} INFO - [2025-09-25T05:39:20.974+0000] {dagbag.py:588} INFO - Filling up the DagBag from /home/airflow/.local/lib/python3.12/site-packages/airflow/example_dags/example_branch_python_dop_operator_3.py
[2025-09-25T05:39:20.983+0000] {processor.py:925} INFO - DAG(s) 'example_branch_dop_operator_v3' retrieved from /home/airflow/.local/lib/python3.12/site-packages/airflow/example_dags/example_branch_python_dop_operator_3.py
[2025-09-25T05:39:20.999+0000] {logging_mixin.py:190} INFO - [2025-09-25T05:39:20.999+0000] {dag.py:3239} INFO - Sync 1 DAGs
[2025-09-25T05:39:21.021+0000] {logging_mixin.py:190} INFO - [2025-09-25T05:39:21.021+0000] {dag.py:4180} INFO - Setting next_dagrun for example_branch_dop_operator_v3 to 2025-09-25 05:38:00+00:00, run_after=2025-09-25 05:39:00+00:00
[2025-09-25T05:39:21.035+0000] {processor.py:208} INFO - Processing /home/airflow/.local/lib/python3.12/site-packages/airflow/example_dags/example_branch_python_dop_operator_3.py took 0.070 seconds
[2025-09-25T05:39:52.281+0000] {processor.py:186} INFO - Started process (PID=1466) to work on /home/airflow/.local/lib/python3.12/site-packages/airflow/example_dags/example_branch_python_dop_operator_3.py
[2025-09-25T05:39:52.282+0000] {processor.py:914} INFO - Processing file /home/airflow/.local/lib/python3.12/site-packages/airflow/example_dags/example_branch_python_dop_operator_3.py for tasks to queue
[2025-09-25T05:39:52.284+0000] {logging_mixin.py:190} INFO - [2025-09-25T05:39:52.284+0000] {dagbag.py:588} INFO - Filling up the DagBag from /home/airflow/.local/lib/python3.12/site-packages/airflow/example_dags/example_branch_python_dop_operator_3.py
[2025-09-25T05:39:52.293+0000] {processor.py:925} INFO - DAG(s) 'example_branch_dop_operator_v3' retrieved from /home/airflow/.local/lib/python3.12/site-packages/airflow/example_dags/example_branch_python_dop_operator_3.py
[2025-09-25T05:39:52.310+0000] {logging_mixin.py:190} INFO - [2025-09-25T05:39:52.309+0000] {dag.py:3239} INFO - Sync 1 DAGs
[2025-09-25T05:39:52.333+0000] {logging_mixin.py:190} INFO - [2025-09-25T05:39:52.333+0000] {dag.py:4180} INFO - Setting next_dagrun for example_branch_dop_operator_v3 to 2025-09-25 05:38:00+00:00, run_after=2025-09-25 05:39:00+00:00
[2025-09-25T05:39:52.350+0000] {processor.py:208} INFO - Processing /home/airflow/.local/lib/python3.12/site-packages/airflow/example_dags/example_branch_python_dop_operator_3.py took 0.073 seconds
[2025-09-25T05:40:23.593+0000] {processor.py:186} INFO - Started process (PID=1531) to work on /home/airflow/.local/lib/python3.12/site-packages/airflow/example_dags/example_branch_python_dop_operator_3.py
[2025-09-25T05:40:23.595+0000] {processor.py:914} INFO - Processing file /home/airflow/.local/lib/python3.12/site-packages/airflow/example_dags/example_branch_python_dop_operator_3.py for tasks to queue
[2025-09-25T05:40:23.597+0000] {logging_mixin.py:190} INFO - [2025-09-25T05:40:23.596+0000] {dagbag.py:588} INFO - Filling up the DagBag from /home/airflow/.local/lib/python3.12/site-packages/airflow/example_dags/example_branch_python_dop_operator_3.py
[2025-09-25T05:40:23.606+0000] {processor.py:925} INFO - DAG(s) 'example_branch_dop_operator_v3' retrieved from /home/airflow/.local/lib/python3.12/site-packages/airflow/example_dags/example_branch_python_dop_operator_3.py
[2025-09-25T05:40:23.622+0000] {logging_mixin.py:190} INFO - [2025-09-25T05:40:23.622+0000] {dag.py:3239} INFO - Sync 1 DAGs
[2025-09-25T05:40:23.644+0000] {logging_mixin.py:190} INFO - [2025-09-25T05:40:23.644+0000] {dag.py:4180} INFO - Setting next_dagrun for example_branch_dop_operator_v3 to 2025-09-25 05:39:00+00:00, run_after=2025-09-25 05:40:00+00:00
[2025-09-25T05:40:23.661+0000] {processor.py:208} INFO - Processing /home/airflow/.local/lib/python3.12/site-packages/airflow/example_dags/example_branch_python_dop_operator_3.py took 0.072 seconds
[2025-09-25T05:40:54.854+0000] {processor.py:186} INFO - Started process (PID=1596) to work on /home/airflow/.local/lib/python3.12/site-packages/airflow/example_dags/example_branch_python_dop_operator_3.py
[2025-09-25T05:40:54.855+0000] {processor.py:914} INFO - Processing file /home/airflow/.local/lib/python3.12/site-packages/airflow/example_dags/example_branch_python_dop_operator_3.py for tasks to queue
[2025-09-25T05:40:54.858+0000] {logging_mixin.py:190} INFO - [2025-09-25T05:40:54.857+0000] {dagbag.py:588} INFO - Filling up the DagBag from /home/airflow/.local/lib/python3.12/site-packages/airflow/example_dags/example_branch_python_dop_operator_3.py
[2025-09-25T05:40:54.868+0000] {processor.py:925} INFO - DAG(s) 'example_branch_dop_operator_v3' retrieved from /home/airflow/.local/lib/python3.12/site-packages/airflow/example_dags/example_branch_python_dop_operator_3.py
[2025-09-25T05:40:54.890+0000] {logging_mixin.py:190} INFO - [2025-09-25T05:40:54.889+0000] {dag.py:3239} INFO - Sync 1 DAGs
[2025-09-25T05:40:54.913+0000] {logging_mixin.py:190} INFO - [2025-09-25T05:40:54.913+0000] {dag.py:4180} INFO - Setting next_dagrun for example_branch_dop_operator_v3 to 2025-09-25 05:39:00+00:00, run_after=2025-09-25 05:40:00+00:00
[2025-09-25T05:40:54.931+0000] {processor.py:208} INFO - Processing /home/airflow/.local/lib/python3.12/site-packages/airflow/example_dags/example_branch_python_dop_operator_3.py took 0.084 seconds
[2025-09-25T05:41:26.144+0000] {processor.py:186} INFO - Started process (PID=1661) to work on /home/airflow/.local/lib/python3.12/site-packages/airflow/example_dags/example_branch_python_dop_operator_3.py
[2025-09-25T05:41:26.146+0000] {processor.py:914} INFO - Processing file /home/airflow/.local/lib/python3.12/site-packages/airflow/example_dags/example_branch_python_dop_operator_3.py for tasks to queue
[2025-09-25T05:41:26.148+0000] {logging_mixin.py:190} INFO - [2025-09-25T05:41:26.148+0000] {dagbag.py:588} INFO - Filling up the DagBag from /home/airflow/.local/lib/python3.12/site-packages/airflow/example_dags/example_branch_python_dop_operator_3.py
[2025-09-25T05:41:26.157+0000] {processor.py:925} INFO - DAG(s) 'example_branch_dop_operator_v3' retrieved from /home/airflow/.local/lib/python3.12/site-packages/airflow/example_dags/example_branch_python_dop_operator_3.py
[2025-09-25T05:41:26.174+0000] {logging_mixin.py:190} INFO - [2025-09-25T05:41:26.174+0000] {dag.py:3239} INFO - Sync 1 DAGs
[2025-09-25T05:41:26.195+0000] {logging_mixin.py:190} INFO - [2025-09-25T05:41:26.195+0000] {dag.py:4180} INFO - Setting next_dagrun for example_branch_dop_operator_v3 to 2025-09-25 05:40:00+00:00, run_after=2025-09-25 05:41:00+00:00
[2025-09-25T05:41:26.211+0000] {processor.py:208} INFO - Processing /home/airflow/.local/lib/python3.12/site-packages/airflow/example_dags/example_branch_python_dop_operator_3.py took 0.072 seconds
[2025-09-25T05:41:57.615+0000] {processor.py:186} INFO - Started process (PID=1726) to work on /home/airflow/.local/lib/python3.12/site-packages/airflow/example_dags/example_branch_python_dop_operator_3.py
[2025-09-25T05:41:57.616+0000] {processor.py:914} INFO - Processing file /home/airflow/.local/lib/python3.12/site-packages/airflow/example_dags/example_branch_python_dop_operator_3.py for tasks to queue
[2025-09-25T05:41:57.619+0000] {logging_mixin.py:190} INFO - [2025-09-25T05:41:57.618+0000] {dagbag.py:588} INFO - Filling up the DagBag from /home/airflow/.local/lib/python3.12/site-packages/airflow/example_dags/example_branch_python_dop_operator_3.py
[2025-09-25T05:41:57.628+0000] {processor.py:925} INFO - DAG(s) 'example_branch_dop_operator_v3' retrieved from /home/airflow/.local/lib/python3.12/site-packages/airflow/example_dags/example_branch_python_dop_operator_3.py
[2025-09-25T05:41:57.645+0000] {logging_mixin.py:190} INFO - [2025-09-25T05:41:57.645+0000] {dag.py:3239} INFO - Sync 1 DAGs
[2025-09-25T05:41:57.666+0000] {logging_mixin.py:190} INFO - [2025-09-25T05:41:57.666+0000] {dag.py:4180} INFO - Setting next_dagrun for example_branch_dop_operator_v3 to 2025-09-25 05:40:00+00:00, run_after=2025-09-25 05:41:00+00:00
[2025-09-25T05:41:57.682+0000] {processor.py:208} INFO - Processing /home/airflow/.local/lib/python3.12/site-packages/airflow/example_dags/example_branch_python_dop_operator_3.py took 0.072 seconds
[2025-09-25T05:42:28.408+0000] {processor.py:186} INFO - Started process (PID=1791) to work on /home/airflow/.local/lib/python3.12/site-packages/airflow/example_dags/example_branch_python_dop_operator_3.py
[2025-09-25T05:42:28.409+0000] {processor.py:914} INFO - Processing file /home/airflow/.local/lib/python3.12/site-packages/airflow/example_dags/example_branch_python_dop_operator_3.py for tasks to queue
[2025-09-25T05:42:28.412+0000] {logging_mixin.py:190} INFO - [2025-09-25T05:42:28.411+0000] {dagbag.py:588} INFO - Filling up the DagBag from /home/airflow/.local/lib/python3.12/site-packages/airflow/example_dags/example_branch_python_dop_operator_3.py
[2025-09-25T05:42:28.421+0000] {processor.py:925} INFO - DAG(s) 'example_branch_dop_operator_v3' retrieved from /home/airflow/.local/lib/python3.12/site-packages/airflow/example_dags/example_branch_python_dop_operator_3.py
[2025-09-25T05:42:28.437+0000] {logging_mixin.py:190} INFO - [2025-09-25T05:42:28.437+0000] {dag.py:3239} INFO - Sync 1 DAGs
[2025-09-25T05:42:28.458+0000] {logging_mixin.py:190} INFO - [2025-09-25T05:42:28.458+0000] {dag.py:4180} INFO - Setting next_dagrun for example_branch_dop_operator_v3 to 2025-09-25 05:41:00+00:00, run_after=2025-09-25 05:42:00+00:00
[2025-09-25T05:42:28.472+0000] {processor.py:208} INFO - Processing /home/airflow/.local/lib/python3.12/site-packages/airflow/example_dags/example_branch_python_dop_operator_3.py took 0.069 seconds
[2025-09-25T05:42:59.162+0000] {processor.py:186} INFO - Started process (PID=1855) to work on /home/airflow/.local/lib/python3.12/site-packages/airflow/example_dags/example_branch_python_dop_operator_3.py
[2025-09-25T05:42:59.163+0000] {processor.py:914} INFO - Processing file /home/airflow/.local/lib/python3.12/site-packages/airflow/example_dags/example_branch_python_dop_operator_3.py for tasks to queue
[2025-09-25T05:42:59.165+0000] {logging_mixin.py:190} INFO - [2025-09-25T05:42:59.165+0000] {dagbag.py:588} INFO - Filling up the DagBag from /home/airflow/.local/lib/python3.12/site-packages/airflow/example_dags/example_branch_python_dop_operator_3.py
[2025-09-25T05:42:59.174+0000] {processor.py:925} INFO - DAG(s) 'example_branch_dop_operator_v3' retrieved from /home/airflow/.local/lib/python3.12/site-packages/airflow/example_dags/example_branch_python_dop_operator_3.py
[2025-09-25T05:42:59.190+0000] {logging_mixin.py:190} INFO - [2025-09-25T05:42:59.190+0000] {dag.py:3239} INFO - Sync 1 DAGs
[2025-09-25T05:42:59.213+0000] {logging_mixin.py:190} INFO - [2025-09-25T05:42:59.212+0000] {dag.py:4180} INFO - Setting next_dagrun for example_branch_dop_operator_v3 to 2025-09-25 05:41:00+00:00, run_after=2025-09-25 05:42:00+00:00
[2025-09-25T05:42:59.227+0000] {processor.py:208} INFO - Processing /home/airflow/.local/lib/python3.12/site-packages/airflow/example_dags/example_branch_python_dop_operator_3.py took 0.070 seconds
[2025-09-25T05:43:31.066+0000] {processor.py:186} INFO - Started process (PID=1921) to work on /home/airflow/.local/lib/python3.12/site-packages/airflow/example_dags/example_branch_python_dop_operator_3.py
[2025-09-25T05:43:31.067+0000] {processor.py:914} INFO - Processing file /home/airflow/.local/lib/python3.12/site-packages/airflow/example_dags/example_branch_python_dop_operator_3.py for tasks to queue
[2025-09-25T05:43:31.069+0000] {logging_mixin.py:190} INFO - [2025-09-25T05:43:31.069+0000] {dagbag.py:588} INFO - Filling up the DagBag from /home/airflow/.local/lib/python3.12/site-packages/airflow/example_dags/example_branch_python_dop_operator_3.py
[2025-09-25T05:43:31.079+0000] {processor.py:925} INFO - DAG(s) 'example_branch_dop_operator_v3' retrieved from /home/airflow/.local/lib/python3.12/site-packages/airflow/example_dags/example_branch_python_dop_operator_3.py
[2025-09-25T05:43:31.095+0000] {logging_mixin.py:190} INFO - [2025-09-25T05:43:31.095+0000] {dag.py:3239} INFO - Sync 1 DAGs
[2025-09-25T05:43:31.116+0000] {logging_mixin.py:190} INFO - [2025-09-25T05:43:31.116+0000] {dag.py:4180} INFO - Setting next_dagrun for example_branch_dop_operator_v3 to 2025-09-25 05:42:00+00:00, run_after=2025-09-25 05:43:00+00:00
[2025-09-25T05:43:31.131+0000] {processor.py:208} INFO - Processing /home/airflow/.local/lib/python3.12/site-packages/airflow/example_dags/example_branch_python_dop_operator_3.py took 0.070 seconds
[2025-09-25T05:44:01.691+0000] {processor.py:186} INFO - Started process (PID=1986) to work on /home/airflow/.local/lib/python3.12/site-packages/airflow/example_dags/example_branch_python_dop_operator_3.py
[2025-09-25T05:44:01.692+0000] {processor.py:914} INFO - Processing file /home/airflow/.local/lib/python3.12/site-packages/airflow/example_dags/example_branch_python_dop_operator_3.py for tasks to queue
[2025-09-25T05:44:01.695+0000] {logging_mixin.py:190} INFO - [2025-09-25T05:44:01.694+0000] {dagbag.py:588} INFO - Filling up the DagBag from /home/airflow/.local/lib/python3.12/site-packages/airflow/example_dags/example_branch_python_dop_operator_3.py
[2025-09-25T05:44:01.705+0000] {processor.py:925} INFO - DAG(s) 'example_branch_dop_operator_v3' retrieved from /home/airflow/.local/lib/python3.12/site-packages/airflow/example_dags/example_branch_python_dop_operator_3.py
[2025-09-25T05:44:01.721+0000] {logging_mixin.py:190} INFO - [2025-09-25T05:44:01.721+0000] {dag.py:3239} INFO - Sync 1 DAGs
[2025-09-25T05:44:01.743+0000] {logging_mixin.py:190} INFO - [2025-09-25T05:44:01.742+0000] {dag.py:4180} INFO - Setting next_dagrun for example_branch_dop_operator_v3 to 2025-09-25 05:43:00+00:00, run_after=2025-09-25 05:44:00+00:00
[2025-09-25T05:44:01.762+0000] {processor.py:208} INFO - Processing /home/airflow/.local/lib/python3.12/site-packages/airflow/example_dags/example_branch_python_dop_operator_3.py took 0.076 seconds
[2025-09-25T05:44:32.451+0000] {processor.py:186} INFO - Started process (PID=2051) to work on /home/airflow/.local/lib/python3.12/site-packages/airflow/example_dags/example_branch_python_dop_operator_3.py
[2025-09-25T05:44:32.452+0000] {processor.py:914} INFO - Processing file /home/airflow/.local/lib/python3.12/site-packages/airflow/example_dags/example_branch_python_dop_operator_3.py for tasks to queue
[2025-09-25T05:44:32.455+0000] {logging_mixin.py:190} INFO - [2025-09-25T05:44:32.454+0000] {dagbag.py:588} INFO - Filling up the DagBag from /home/airflow/.local/lib/python3.12/site-packages/airflow/example_dags/example_branch_python_dop_operator_3.py
[2025-09-25T05:44:32.464+0000] {processor.py:925} INFO - DAG(s) 'example_branch_dop_operator_v3' retrieved from /home/airflow/.local/lib/python3.12/site-packages/airflow/example_dags/example_branch_python_dop_operator_3.py
[2025-09-25T05:44:32.481+0000] {logging_mixin.py:190} INFO - [2025-09-25T05:44:32.481+0000] {dag.py:3239} INFO - Sync 1 DAGs
[2025-09-25T05:44:32.503+0000] {logging_mixin.py:190} INFO - [2025-09-25T05:44:32.503+0000] {dag.py:4180} INFO - Setting next_dagrun for example_branch_dop_operator_v3 to 2025-09-25 05:43:00+00:00, run_after=2025-09-25 05:44:00+00:00
[2025-09-25T05:44:32.520+0000] {processor.py:208} INFO - Processing /home/airflow/.local/lib/python3.12/site-packages/airflow/example_dags/example_branch_python_dop_operator_3.py took 0.074 seconds
