[2025-09-25T05:12:41.986+0000] {processor.py:186} INFO - Started process (PID=83) to work on /home/airflow/.local/lib/python3.12/site-packages/airflow/example_dags/example_display_name.py
[2025-09-25T05:12:41.987+0000] {processor.py:914} INFO - Processing file /home/airflow/.local/lib/python3.12/site-packages/airflow/example_dags/example_display_name.py for tasks to queue
[2025-09-25T05:12:41.988+0000] {logging_mixin.py:190} INFO - [2025-09-25T05:12:41.988+0000] {dagbag.py:588} INFO - Filling up the DagBag from /home/airflow/.local/lib/python3.12/site-packages/airflow/example_dags/example_display_name.py
[2025-09-25T05:12:41.996+0000] {processor.py:925} INFO - DAG(s) 'example_display_name' retrieved from /home/airflow/.local/lib/python3.12/site-packages/airflow/example_dags/example_display_name.py
[2025-09-25T05:12:42.018+0000] {logging_mixin.py:190} INFO - [2025-09-25T05:12:42.017+0000] {dag.py:3239} INFO - Sync 1 DAGs
[2025-09-25T05:12:42.032+0000] {logging_mixin.py:190} INFO - [2025-09-25T05:12:42.032+0000] {dag.py:4180} INFO - Setting next_dagrun for example_display_name to None, run_after=None
[2025-09-25T05:12:42.051+0000] {processor.py:208} INFO - Processing /home/airflow/.local/lib/python3.12/site-packages/airflow/example_dags/example_display_name.py took 0.070 seconds
[2025-09-25T05:13:12.620+0000] {processor.py:186} INFO - Started process (PID=148) to work on /home/airflow/.local/lib/python3.12/site-packages/airflow/example_dags/example_display_name.py
[2025-09-25T05:13:12.621+0000] {processor.py:914} INFO - Processing file /home/airflow/.local/lib/python3.12/site-packages/airflow/example_dags/example_display_name.py for tasks to queue
[2025-09-25T05:13:12.623+0000] {logging_mixin.py:190} INFO - [2025-09-25T05:13:12.623+0000] {dagbag.py:588} INFO - Filling up the DagBag from /home/airflow/.local/lib/python3.12/site-packages/airflow/example_dags/example_display_name.py
[2025-09-25T05:13:12.630+0000] {processor.py:925} INFO - DAG(s) 'example_display_name' retrieved from /home/airflow/.local/lib/python3.12/site-packages/airflow/example_dags/example_display_name.py
[2025-09-25T05:13:12.646+0000] {logging_mixin.py:190} INFO - [2025-09-25T05:13:12.646+0000] {dag.py:3239} INFO - Sync 1 DAGs
[2025-09-25T05:13:12.659+0000] {logging_mixin.py:190} INFO - [2025-09-25T05:13:12.659+0000] {dag.py:4180} INFO - Setting next_dagrun for example_display_name to None, run_after=None
[2025-09-25T05:13:12.674+0000] {processor.py:208} INFO - Processing /home/airflow/.local/lib/python3.12/site-packages/airflow/example_dags/example_display_name.py took 0.062 seconds
[2025-09-25T05:13:43.278+0000] {processor.py:186} INFO - Started process (PID=213) to work on /home/airflow/.local/lib/python3.12/site-packages/airflow/example_dags/example_display_name.py
[2025-09-25T05:13:43.279+0000] {processor.py:914} INFO - Processing file /home/airflow/.local/lib/python3.12/site-packages/airflow/example_dags/example_display_name.py for tasks to queue
[2025-09-25T05:13:43.281+0000] {logging_mixin.py:190} INFO - [2025-09-25T05:13:43.281+0000] {dagbag.py:588} INFO - Filling up the DagBag from /home/airflow/.local/lib/python3.12/site-packages/airflow/example_dags/example_display_name.py
[2025-09-25T05:13:43.288+0000] {processor.py:925} INFO - DAG(s) 'example_display_name' retrieved from /home/airflow/.local/lib/python3.12/site-packages/airflow/example_dags/example_display_name.py
[2025-09-25T05:13:43.305+0000] {logging_mixin.py:190} INFO - [2025-09-25T05:13:43.305+0000] {dag.py:3239} INFO - Sync 1 DAGs
[2025-09-25T05:13:43.318+0000] {logging_mixin.py:190} INFO - [2025-09-25T05:13:43.318+0000] {dag.py:4180} INFO - Setting next_dagrun for example_display_name to None, run_after=None
[2025-09-25T05:13:43.335+0000] {processor.py:208} INFO - Processing /home/airflow/.local/lib/python3.12/site-packages/airflow/example_dags/example_display_name.py took 0.063 seconds
[2025-09-25T05:14:13.472+0000] {processor.py:186} INFO - Started process (PID=278) to work on /home/airflow/.local/lib/python3.12/site-packages/airflow/example_dags/example_display_name.py
[2025-09-25T05:14:13.473+0000] {processor.py:914} INFO - Processing file /home/airflow/.local/lib/python3.12/site-packages/airflow/example_dags/example_display_name.py for tasks to queue
[2025-09-25T05:14:13.475+0000] {logging_mixin.py:190} INFO - [2025-09-25T05:14:13.474+0000] {dagbag.py:588} INFO - Filling up the DagBag from /home/airflow/.local/lib/python3.12/site-packages/airflow/example_dags/example_display_name.py
[2025-09-25T05:14:13.481+0000] {processor.py:925} INFO - DAG(s) 'example_display_name' retrieved from /home/airflow/.local/lib/python3.12/site-packages/airflow/example_dags/example_display_name.py
[2025-09-25T05:14:13.501+0000] {logging_mixin.py:190} INFO - [2025-09-25T05:14:13.501+0000] {dag.py:3239} INFO - Sync 1 DAGs
[2025-09-25T05:14:13.514+0000] {logging_mixin.py:190} INFO - [2025-09-25T05:14:13.513+0000] {dag.py:4180} INFO - Setting next_dagrun for example_display_name to None, run_after=None
[2025-09-25T05:14:13.531+0000] {processor.py:208} INFO - Processing /home/airflow/.local/lib/python3.12/site-packages/airflow/example_dags/example_display_name.py took 0.065 seconds
[2025-09-25T05:14:44.610+0000] {processor.py:186} INFO - Started process (PID=343) to work on /home/airflow/.local/lib/python3.12/site-packages/airflow/example_dags/example_display_name.py
[2025-09-25T05:14:44.611+0000] {processor.py:914} INFO - Processing file /home/airflow/.local/lib/python3.12/site-packages/airflow/example_dags/example_display_name.py for tasks to queue
[2025-09-25T05:14:44.614+0000] {logging_mixin.py:190} INFO - [2025-09-25T05:14:44.613+0000] {dagbag.py:588} INFO - Filling up the DagBag from /home/airflow/.local/lib/python3.12/site-packages/airflow/example_dags/example_display_name.py
[2025-09-25T05:14:44.621+0000] {processor.py:925} INFO - DAG(s) 'example_display_name' retrieved from /home/airflow/.local/lib/python3.12/site-packages/airflow/example_dags/example_display_name.py
[2025-09-25T05:14:44.637+0000] {logging_mixin.py:190} INFO - [2025-09-25T05:14:44.636+0000] {dag.py:3239} INFO - Sync 1 DAGs
[2025-09-25T05:14:44.649+0000] {logging_mixin.py:190} INFO - [2025-09-25T05:14:44.648+0000] {dag.py:4180} INFO - Setting next_dagrun for example_display_name to None, run_after=None
[2025-09-25T05:14:44.664+0000] {processor.py:208} INFO - Processing /home/airflow/.local/lib/python3.12/site-packages/airflow/example_dags/example_display_name.py took 0.062 seconds
[2025-09-25T05:15:15.703+0000] {processor.py:186} INFO - Started process (PID=408) to work on /home/airflow/.local/lib/python3.12/site-packages/airflow/example_dags/example_display_name.py
[2025-09-25T05:15:15.705+0000] {processor.py:914} INFO - Processing file /home/airflow/.local/lib/python3.12/site-packages/airflow/example_dags/example_display_name.py for tasks to queue
[2025-09-25T05:15:15.707+0000] {logging_mixin.py:190} INFO - [2025-09-25T05:15:15.707+0000] {dagbag.py:588} INFO - Filling up the DagBag from /home/airflow/.local/lib/python3.12/site-packages/airflow/example_dags/example_display_name.py
[2025-09-25T05:15:15.715+0000] {processor.py:925} INFO - DAG(s) 'example_display_name' retrieved from /home/airflow/.local/lib/python3.12/site-packages/airflow/example_dags/example_display_name.py
[2025-09-25T05:15:15.734+0000] {logging_mixin.py:190} INFO - [2025-09-25T05:15:15.733+0000] {dag.py:3239} INFO - Sync 1 DAGs
[2025-09-25T05:15:15.746+0000] {logging_mixin.py:190} INFO - [2025-09-25T05:15:15.746+0000] {dag.py:4180} INFO - Setting next_dagrun for example_display_name to None, run_after=None
[2025-09-25T05:15:15.763+0000] {processor.py:208} INFO - Processing /home/airflow/.local/lib/python3.12/site-packages/airflow/example_dags/example_display_name.py took 0.067 seconds
[2025-09-25T05:15:46.677+0000] {processor.py:186} INFO - Started process (PID=473) to work on /home/airflow/.local/lib/python3.12/site-packages/airflow/example_dags/example_display_name.py
[2025-09-25T05:15:46.678+0000] {processor.py:914} INFO - Processing file /home/airflow/.local/lib/python3.12/site-packages/airflow/example_dags/example_display_name.py for tasks to queue
[2025-09-25T05:15:46.682+0000] {logging_mixin.py:190} INFO - [2025-09-25T05:15:46.681+0000] {dagbag.py:588} INFO - Filling up the DagBag from /home/airflow/.local/lib/python3.12/site-packages/airflow/example_dags/example_display_name.py
[2025-09-25T05:15:46.692+0000] {processor.py:925} INFO - DAG(s) 'example_display_name' retrieved from /home/airflow/.local/lib/python3.12/site-packages/airflow/example_dags/example_display_name.py
[2025-09-25T05:15:46.710+0000] {logging_mixin.py:190} INFO - [2025-09-25T05:15:46.709+0000] {dag.py:3239} INFO - Sync 1 DAGs
[2025-09-25T05:15:46.722+0000] {logging_mixin.py:190} INFO - [2025-09-25T05:15:46.722+0000] {dag.py:4180} INFO - Setting next_dagrun for example_display_name to None, run_after=None
[2025-09-25T05:15:46.739+0000] {processor.py:208} INFO - Processing /home/airflow/.local/lib/python3.12/site-packages/airflow/example_dags/example_display_name.py took 0.069 seconds
[2025-09-25T05:16:17.803+0000] {processor.py:186} INFO - Started process (PID=538) to work on /home/airflow/.local/lib/python3.12/site-packages/airflow/example_dags/example_display_name.py
[2025-09-25T05:16:17.804+0000] {processor.py:914} INFO - Processing file /home/airflow/.local/lib/python3.12/site-packages/airflow/example_dags/example_display_name.py for tasks to queue
[2025-09-25T05:16:17.806+0000] {logging_mixin.py:190} INFO - [2025-09-25T05:16:17.806+0000] {dagbag.py:588} INFO - Filling up the DagBag from /home/airflow/.local/lib/python3.12/site-packages/airflow/example_dags/example_display_name.py
[2025-09-25T05:16:17.814+0000] {processor.py:925} INFO - DAG(s) 'example_display_name' retrieved from /home/airflow/.local/lib/python3.12/site-packages/airflow/example_dags/example_display_name.py
[2025-09-25T05:16:17.830+0000] {logging_mixin.py:190} INFO - [2025-09-25T05:16:17.830+0000] {dag.py:3239} INFO - Sync 1 DAGs
[2025-09-25T05:16:17.843+0000] {logging_mixin.py:190} INFO - [2025-09-25T05:16:17.843+0000] {dag.py:4180} INFO - Setting next_dagrun for example_display_name to None, run_after=None
[2025-09-25T05:16:17.860+0000] {processor.py:208} INFO - Processing /home/airflow/.local/lib/python3.12/site-packages/airflow/example_dags/example_display_name.py took 0.063 seconds
[2025-09-25T05:16:48.896+0000] {processor.py:186} INFO - Started process (PID=603) to work on /home/airflow/.local/lib/python3.12/site-packages/airflow/example_dags/example_display_name.py
[2025-09-25T05:16:48.896+0000] {processor.py:914} INFO - Processing file /home/airflow/.local/lib/python3.12/site-packages/airflow/example_dags/example_display_name.py for tasks to queue
[2025-09-25T05:16:48.899+0000] {logging_mixin.py:190} INFO - [2025-09-25T05:16:48.898+0000] {dagbag.py:588} INFO - Filling up the DagBag from /home/airflow/.local/lib/python3.12/site-packages/airflow/example_dags/example_display_name.py
[2025-09-25T05:16:48.906+0000] {processor.py:925} INFO - DAG(s) 'example_display_name' retrieved from /home/airflow/.local/lib/python3.12/site-packages/airflow/example_dags/example_display_name.py
[2025-09-25T05:16:48.923+0000] {logging_mixin.py:190} INFO - [2025-09-25T05:16:48.922+0000] {dag.py:3239} INFO - Sync 1 DAGs
[2025-09-25T05:16:48.935+0000] {logging_mixin.py:190} INFO - [2025-09-25T05:16:48.935+0000] {dag.py:4180} INFO - Setting next_dagrun for example_display_name to None, run_after=None
[2025-09-25T05:16:48.950+0000] {processor.py:208} INFO - Processing /home/airflow/.local/lib/python3.12/site-packages/airflow/example_dags/example_display_name.py took 0.060 seconds
[2025-09-25T05:17:19.574+0000] {processor.py:186} INFO - Started process (PID=668) to work on /home/airflow/.local/lib/python3.12/site-packages/airflow/example_dags/example_display_name.py
[2025-09-25T05:17:19.575+0000] {processor.py:914} INFO - Processing file /home/airflow/.local/lib/python3.12/site-packages/airflow/example_dags/example_display_name.py for tasks to queue
[2025-09-25T05:17:19.577+0000] {logging_mixin.py:190} INFO - [2025-09-25T05:17:19.576+0000] {dagbag.py:588} INFO - Filling up the DagBag from /home/airflow/.local/lib/python3.12/site-packages/airflow/example_dags/example_display_name.py
[2025-09-25T05:17:19.584+0000] {processor.py:925} INFO - DAG(s) 'example_display_name' retrieved from /home/airflow/.local/lib/python3.12/site-packages/airflow/example_dags/example_display_name.py
[2025-09-25T05:17:19.600+0000] {logging_mixin.py:190} INFO - [2025-09-25T05:17:19.600+0000] {dag.py:3239} INFO - Sync 1 DAGs
[2025-09-25T05:17:19.611+0000] {logging_mixin.py:190} INFO - [2025-09-25T05:17:19.611+0000] {dag.py:4180} INFO - Setting next_dagrun for example_display_name to None, run_after=None
[2025-09-25T05:17:19.627+0000] {processor.py:208} INFO - Processing /home/airflow/.local/lib/python3.12/site-packages/airflow/example_dags/example_display_name.py took 0.058 seconds
[2025-09-25T05:17:50.873+0000] {processor.py:186} INFO - Started process (PID=733) to work on /home/airflow/.local/lib/python3.12/site-packages/airflow/example_dags/example_display_name.py
[2025-09-25T05:17:50.874+0000] {processor.py:914} INFO - Processing file /home/airflow/.local/lib/python3.12/site-packages/airflow/example_dags/example_display_name.py for tasks to queue
[2025-09-25T05:17:50.876+0000] {logging_mixin.py:190} INFO - [2025-09-25T05:17:50.875+0000] {dagbag.py:588} INFO - Filling up the DagBag from /home/airflow/.local/lib/python3.12/site-packages/airflow/example_dags/example_display_name.py
[2025-09-25T05:17:50.882+0000] {processor.py:925} INFO - DAG(s) 'example_display_name' retrieved from /home/airflow/.local/lib/python3.12/site-packages/airflow/example_dags/example_display_name.py
[2025-09-25T05:17:50.903+0000] {logging_mixin.py:190} INFO - [2025-09-25T05:17:50.903+0000] {dag.py:3239} INFO - Sync 1 DAGs
[2025-09-25T05:17:50.918+0000] {logging_mixin.py:190} INFO - [2025-09-25T05:17:50.917+0000] {dag.py:4180} INFO - Setting next_dagrun for example_display_name to None, run_after=None
[2025-09-25T05:17:50.934+0000] {processor.py:208} INFO - Processing /home/airflow/.local/lib/python3.12/site-packages/airflow/example_dags/example_display_name.py took 0.067 seconds
[2025-09-25T05:18:22.468+0000] {processor.py:186} INFO - Started process (PID=798) to work on /home/airflow/.local/lib/python3.12/site-packages/airflow/example_dags/example_display_name.py
[2025-09-25T05:18:22.469+0000] {processor.py:914} INFO - Processing file /home/airflow/.local/lib/python3.12/site-packages/airflow/example_dags/example_display_name.py for tasks to queue
[2025-09-25T05:18:22.472+0000] {logging_mixin.py:190} INFO - [2025-09-25T05:18:22.471+0000] {dagbag.py:588} INFO - Filling up the DagBag from /home/airflow/.local/lib/python3.12/site-packages/airflow/example_dags/example_display_name.py
[2025-09-25T05:18:22.480+0000] {processor.py:925} INFO - DAG(s) 'example_display_name' retrieved from /home/airflow/.local/lib/python3.12/site-packages/airflow/example_dags/example_display_name.py
[2025-09-25T05:18:22.499+0000] {logging_mixin.py:190} INFO - [2025-09-25T05:18:22.498+0000] {dag.py:3239} INFO - Sync 1 DAGs
[2025-09-25T05:18:22.513+0000] {logging_mixin.py:190} INFO - [2025-09-25T05:18:22.513+0000] {dag.py:4180} INFO - Setting next_dagrun for example_display_name to None, run_after=None
[2025-09-25T05:18:22.530+0000] {processor.py:208} INFO - Processing /home/airflow/.local/lib/python3.12/site-packages/airflow/example_dags/example_display_name.py took 0.069 seconds
[2025-09-25T05:18:53.656+0000] {processor.py:186} INFO - Started process (PID=863) to work on /home/airflow/.local/lib/python3.12/site-packages/airflow/example_dags/example_display_name.py
[2025-09-25T05:18:53.657+0000] {processor.py:914} INFO - Processing file /home/airflow/.local/lib/python3.12/site-packages/airflow/example_dags/example_display_name.py for tasks to queue
[2025-09-25T05:18:53.659+0000] {logging_mixin.py:190} INFO - [2025-09-25T05:18:53.659+0000] {dagbag.py:588} INFO - Filling up the DagBag from /home/airflow/.local/lib/python3.12/site-packages/airflow/example_dags/example_display_name.py
[2025-09-25T05:18:53.666+0000] {processor.py:925} INFO - DAG(s) 'example_display_name' retrieved from /home/airflow/.local/lib/python3.12/site-packages/airflow/example_dags/example_display_name.py
[2025-09-25T05:18:53.683+0000] {logging_mixin.py:190} INFO - [2025-09-25T05:18:53.683+0000] {dag.py:3239} INFO - Sync 1 DAGs
[2025-09-25T05:18:53.696+0000] {logging_mixin.py:190} INFO - [2025-09-25T05:18:53.696+0000] {dag.py:4180} INFO - Setting next_dagrun for example_display_name to None, run_after=None
[2025-09-25T05:18:53.713+0000] {processor.py:208} INFO - Processing /home/airflow/.local/lib/python3.12/site-packages/airflow/example_dags/example_display_name.py took 0.064 seconds
[2025-09-25T05:19:24.936+0000] {processor.py:186} INFO - Started process (PID=934) to work on /home/airflow/.local/lib/python3.12/site-packages/airflow/example_dags/example_display_name.py
[2025-09-25T05:19:24.937+0000] {processor.py:914} INFO - Processing file /home/airflow/.local/lib/python3.12/site-packages/airflow/example_dags/example_display_name.py for tasks to queue
[2025-09-25T05:19:24.939+0000] {logging_mixin.py:190} INFO - [2025-09-25T05:19:24.939+0000] {dagbag.py:588} INFO - Filling up the DagBag from /home/airflow/.local/lib/python3.12/site-packages/airflow/example_dags/example_display_name.py
[2025-09-25T05:19:24.947+0000] {processor.py:925} INFO - DAG(s) 'example_display_name' retrieved from /home/airflow/.local/lib/python3.12/site-packages/airflow/example_dags/example_display_name.py
[2025-09-25T05:19:24.964+0000] {logging_mixin.py:190} INFO - [2025-09-25T05:19:24.964+0000] {dag.py:3239} INFO - Sync 1 DAGs
[2025-09-25T05:19:24.977+0000] {logging_mixin.py:190} INFO - [2025-09-25T05:19:24.976+0000] {dag.py:4180} INFO - Setting next_dagrun for example_display_name to None, run_after=None
[2025-09-25T05:19:24.992+0000] {processor.py:208} INFO - Processing /home/airflow/.local/lib/python3.12/site-packages/airflow/example_dags/example_display_name.py took 0.063 seconds
[2025-09-25T05:19:56.169+0000] {processor.py:186} INFO - Started process (PID=999) to work on /home/airflow/.local/lib/python3.12/site-packages/airflow/example_dags/example_display_name.py
[2025-09-25T05:19:56.170+0000] {processor.py:914} INFO - Processing file /home/airflow/.local/lib/python3.12/site-packages/airflow/example_dags/example_display_name.py for tasks to queue
[2025-09-25T05:19:56.172+0000] {logging_mixin.py:190} INFO - [2025-09-25T05:19:56.171+0000] {dagbag.py:588} INFO - Filling up the DagBag from /home/airflow/.local/lib/python3.12/site-packages/airflow/example_dags/example_display_name.py
[2025-09-25T05:19:56.179+0000] {processor.py:925} INFO - DAG(s) 'example_display_name' retrieved from /home/airflow/.local/lib/python3.12/site-packages/airflow/example_dags/example_display_name.py
[2025-09-25T05:19:56.195+0000] {logging_mixin.py:190} INFO - [2025-09-25T05:19:56.195+0000] {dag.py:3239} INFO - Sync 1 DAGs
[2025-09-25T05:19:56.211+0000] {logging_mixin.py:190} INFO - [2025-09-25T05:19:56.210+0000] {dag.py:4180} INFO - Setting next_dagrun for example_display_name to None, run_after=None
[2025-09-25T05:19:56.225+0000] {processor.py:208} INFO - Processing /home/airflow/.local/lib/python3.12/site-packages/airflow/example_dags/example_display_name.py took 0.062 seconds
[2025-09-25T05:25:42.219+0000] {processor.py:186} INFO - Started process (PID=83) to work on /home/airflow/.local/lib/python3.12/site-packages/airflow/example_dags/example_display_name.py
[2025-09-25T05:25:42.220+0000] {processor.py:914} INFO - Processing file /home/airflow/.local/lib/python3.12/site-packages/airflow/example_dags/example_display_name.py for tasks to queue
[2025-09-25T05:25:42.223+0000] {logging_mixin.py:190} INFO - [2025-09-25T05:25:42.222+0000] {dagbag.py:588} INFO - Filling up the DagBag from /home/airflow/.local/lib/python3.12/site-packages/airflow/example_dags/example_display_name.py
[2025-09-25T05:25:42.231+0000] {processor.py:925} INFO - DAG(s) 'example_display_name' retrieved from /home/airflow/.local/lib/python3.12/site-packages/airflow/example_dags/example_display_name.py
[2025-09-25T05:25:42.341+0000] {logging_mixin.py:190} INFO - [2025-09-25T05:25:42.340+0000] {dag.py:3239} INFO - Sync 1 DAGs
[2025-09-25T05:25:42.354+0000] {logging_mixin.py:190} INFO - [2025-09-25T05:25:42.354+0000] {dag.py:4180} INFO - Setting next_dagrun for example_display_name to None, run_after=None
[2025-09-25T05:25:42.370+0000] {processor.py:208} INFO - Processing /home/airflow/.local/lib/python3.12/site-packages/airflow/example_dags/example_display_name.py took 0.156 seconds
[2025-09-25T05:26:12.625+0000] {processor.py:186} INFO - Started process (PID=148) to work on /home/airflow/.local/lib/python3.12/site-packages/airflow/example_dags/example_display_name.py
[2025-09-25T05:26:12.626+0000] {processor.py:914} INFO - Processing file /home/airflow/.local/lib/python3.12/site-packages/airflow/example_dags/example_display_name.py for tasks to queue
[2025-09-25T05:26:12.629+0000] {logging_mixin.py:190} INFO - [2025-09-25T05:26:12.628+0000] {dagbag.py:588} INFO - Filling up the DagBag from /home/airflow/.local/lib/python3.12/site-packages/airflow/example_dags/example_display_name.py
[2025-09-25T05:26:12.635+0000] {processor.py:925} INFO - DAG(s) 'example_display_name' retrieved from /home/airflow/.local/lib/python3.12/site-packages/airflow/example_dags/example_display_name.py
[2025-09-25T05:26:12.652+0000] {logging_mixin.py:190} INFO - [2025-09-25T05:26:12.651+0000] {dag.py:3239} INFO - Sync 1 DAGs
[2025-09-25T05:26:12.665+0000] {logging_mixin.py:190} INFO - [2025-09-25T05:26:12.665+0000] {dag.py:4180} INFO - Setting next_dagrun for example_display_name to None, run_after=None
[2025-09-25T05:26:12.680+0000] {processor.py:208} INFO - Processing /home/airflow/.local/lib/python3.12/site-packages/airflow/example_dags/example_display_name.py took 0.060 seconds
[2025-09-25T05:26:43.938+0000] {processor.py:186} INFO - Started process (PID=213) to work on /home/airflow/.local/lib/python3.12/site-packages/airflow/example_dags/example_display_name.py
[2025-09-25T05:26:43.939+0000] {processor.py:914} INFO - Processing file /home/airflow/.local/lib/python3.12/site-packages/airflow/example_dags/example_display_name.py for tasks to queue
[2025-09-25T05:26:43.941+0000] {logging_mixin.py:190} INFO - [2025-09-25T05:26:43.941+0000] {dagbag.py:588} INFO - Filling up the DagBag from /home/airflow/.local/lib/python3.12/site-packages/airflow/example_dags/example_display_name.py
[2025-09-25T05:26:43.949+0000] {processor.py:925} INFO - DAG(s) 'example_display_name' retrieved from /home/airflow/.local/lib/python3.12/site-packages/airflow/example_dags/example_display_name.py
[2025-09-25T05:26:43.966+0000] {logging_mixin.py:190} INFO - [2025-09-25T05:26:43.965+0000] {dag.py:3239} INFO - Sync 1 DAGs
[2025-09-25T05:26:43.979+0000] {logging_mixin.py:190} INFO - [2025-09-25T05:26:43.979+0000] {dag.py:4180} INFO - Setting next_dagrun for example_display_name to None, run_after=None
[2025-09-25T05:26:43.995+0000] {processor.py:208} INFO - Processing /home/airflow/.local/lib/python3.12/site-packages/airflow/example_dags/example_display_name.py took 0.062 seconds
[2025-09-25T05:27:14.645+0000] {processor.py:186} INFO - Started process (PID=278) to work on /home/airflow/.local/lib/python3.12/site-packages/airflow/example_dags/example_display_name.py
[2025-09-25T05:27:14.646+0000] {processor.py:914} INFO - Processing file /home/airflow/.local/lib/python3.12/site-packages/airflow/example_dags/example_display_name.py for tasks to queue
[2025-09-25T05:27:14.648+0000] {logging_mixin.py:190} INFO - [2025-09-25T05:27:14.648+0000] {dagbag.py:588} INFO - Filling up the DagBag from /home/airflow/.local/lib/python3.12/site-packages/airflow/example_dags/example_display_name.py
[2025-09-25T05:27:14.655+0000] {processor.py:925} INFO - DAG(s) 'example_display_name' retrieved from /home/airflow/.local/lib/python3.12/site-packages/airflow/example_dags/example_display_name.py
[2025-09-25T05:27:14.670+0000] {logging_mixin.py:190} INFO - [2025-09-25T05:27:14.670+0000] {dag.py:3239} INFO - Sync 1 DAGs
[2025-09-25T05:27:14.682+0000] {logging_mixin.py:190} INFO - [2025-09-25T05:27:14.681+0000] {dag.py:4180} INFO - Setting next_dagrun for example_display_name to None, run_after=None
[2025-09-25T05:27:14.697+0000] {processor.py:208} INFO - Processing /home/airflow/.local/lib/python3.12/site-packages/airflow/example_dags/example_display_name.py took 0.057 seconds
[2025-09-25T05:27:45.448+0000] {processor.py:186} INFO - Started process (PID=343) to work on /home/airflow/.local/lib/python3.12/site-packages/airflow/example_dags/example_display_name.py
[2025-09-25T05:27:45.449+0000] {processor.py:914} INFO - Processing file /home/airflow/.local/lib/python3.12/site-packages/airflow/example_dags/example_display_name.py for tasks to queue
[2025-09-25T05:27:45.452+0000] {logging_mixin.py:190} INFO - [2025-09-25T05:27:45.452+0000] {dagbag.py:588} INFO - Filling up the DagBag from /home/airflow/.local/lib/python3.12/site-packages/airflow/example_dags/example_display_name.py
[2025-09-25T05:27:45.459+0000] {processor.py:925} INFO - DAG(s) 'example_display_name' retrieved from /home/airflow/.local/lib/python3.12/site-packages/airflow/example_dags/example_display_name.py
[2025-09-25T05:27:45.476+0000] {logging_mixin.py:190} INFO - [2025-09-25T05:27:45.476+0000] {dag.py:3239} INFO - Sync 1 DAGs
[2025-09-25T05:27:45.489+0000] {logging_mixin.py:190} INFO - [2025-09-25T05:27:45.489+0000] {dag.py:4180} INFO - Setting next_dagrun for example_display_name to None, run_after=None
[2025-09-25T05:27:45.504+0000] {processor.py:208} INFO - Processing /home/airflow/.local/lib/python3.12/site-packages/airflow/example_dags/example_display_name.py took 0.063 seconds
[2025-09-25T05:28:56.923+0000] {processor.py:186} INFO - Started process (PID=84) to work on /home/airflow/.local/lib/python3.12/site-packages/airflow/example_dags/example_display_name.py
[2025-09-25T05:28:56.924+0000] {processor.py:914} INFO - Processing file /home/airflow/.local/lib/python3.12/site-packages/airflow/example_dags/example_display_name.py for tasks to queue
[2025-09-25T05:28:56.926+0000] {logging_mixin.py:190} INFO - [2025-09-25T05:28:56.925+0000] {dagbag.py:588} INFO - Filling up the DagBag from /home/airflow/.local/lib/python3.12/site-packages/airflow/example_dags/example_display_name.py
[2025-09-25T05:28:56.933+0000] {processor.py:925} INFO - DAG(s) 'example_display_name' retrieved from /home/airflow/.local/lib/python3.12/site-packages/airflow/example_dags/example_display_name.py
[2025-09-25T05:28:56.948+0000] {logging_mixin.py:190} INFO - [2025-09-25T05:28:56.947+0000] {dag.py:3239} INFO - Sync 1 DAGs
[2025-09-25T05:28:56.961+0000] {logging_mixin.py:190} INFO - [2025-09-25T05:28:56.961+0000] {dag.py:4180} INFO - Setting next_dagrun for example_display_name to None, run_after=None
[2025-09-25T05:28:56.975+0000] {processor.py:208} INFO - Processing /home/airflow/.local/lib/python3.12/site-packages/airflow/example_dags/example_display_name.py took 0.056 seconds
[2025-09-25T05:29:27.627+0000] {processor.py:186} INFO - Started process (PID=149) to work on /home/airflow/.local/lib/python3.12/site-packages/airflow/example_dags/example_display_name.py
[2025-09-25T05:29:27.628+0000] {processor.py:914} INFO - Processing file /home/airflow/.local/lib/python3.12/site-packages/airflow/example_dags/example_display_name.py for tasks to queue
[2025-09-25T05:29:27.630+0000] {logging_mixin.py:190} INFO - [2025-09-25T05:29:27.630+0000] {dagbag.py:588} INFO - Filling up the DagBag from /home/airflow/.local/lib/python3.12/site-packages/airflow/example_dags/example_display_name.py
[2025-09-25T05:29:27.636+0000] {processor.py:925} INFO - DAG(s) 'example_display_name' retrieved from /home/airflow/.local/lib/python3.12/site-packages/airflow/example_dags/example_display_name.py
[2025-09-25T05:29:27.653+0000] {logging_mixin.py:190} INFO - [2025-09-25T05:29:27.652+0000] {dag.py:3239} INFO - Sync 1 DAGs
[2025-09-25T05:29:27.668+0000] {logging_mixin.py:190} INFO - [2025-09-25T05:29:27.668+0000] {dag.py:4180} INFO - Setting next_dagrun for example_display_name to None, run_after=None
[2025-09-25T05:29:27.683+0000] {processor.py:208} INFO - Processing /home/airflow/.local/lib/python3.12/site-packages/airflow/example_dags/example_display_name.py took 0.062 seconds
[2025-09-25T05:29:58.403+0000] {processor.py:186} INFO - Started process (PID=213) to work on /home/airflow/.local/lib/python3.12/site-packages/airflow/example_dags/example_display_name.py
[2025-09-25T05:29:58.404+0000] {processor.py:914} INFO - Processing file /home/airflow/.local/lib/python3.12/site-packages/airflow/example_dags/example_display_name.py for tasks to queue
[2025-09-25T05:29:58.405+0000] {logging_mixin.py:190} INFO - [2025-09-25T05:29:58.405+0000] {dagbag.py:588} INFO - Filling up the DagBag from /home/airflow/.local/lib/python3.12/site-packages/airflow/example_dags/example_display_name.py
[2025-09-25T05:29:58.412+0000] {processor.py:925} INFO - DAG(s) 'example_display_name' retrieved from /home/airflow/.local/lib/python3.12/site-packages/airflow/example_dags/example_display_name.py
[2025-09-25T05:29:58.427+0000] {logging_mixin.py:190} INFO - [2025-09-25T05:29:58.427+0000] {dag.py:3239} INFO - Sync 1 DAGs
[2025-09-25T05:29:58.440+0000] {logging_mixin.py:190} INFO - [2025-09-25T05:29:58.440+0000] {dag.py:4180} INFO - Setting next_dagrun for example_display_name to None, run_after=None
[2025-09-25T05:29:58.455+0000] {processor.py:208} INFO - Processing /home/airflow/.local/lib/python3.12/site-packages/airflow/example_dags/example_display_name.py took 0.057 seconds
[2025-09-25T05:30:30.108+0000] {processor.py:186} INFO - Started process (PID=279) to work on /home/airflow/.local/lib/python3.12/site-packages/airflow/example_dags/example_display_name.py
[2025-09-25T05:30:30.109+0000] {processor.py:914} INFO - Processing file /home/airflow/.local/lib/python3.12/site-packages/airflow/example_dags/example_display_name.py for tasks to queue
[2025-09-25T05:30:30.111+0000] {logging_mixin.py:190} INFO - [2025-09-25T05:30:30.111+0000] {dagbag.py:588} INFO - Filling up the DagBag from /home/airflow/.local/lib/python3.12/site-packages/airflow/example_dags/example_display_name.py
[2025-09-25T05:30:30.118+0000] {processor.py:925} INFO - DAG(s) 'example_display_name' retrieved from /home/airflow/.local/lib/python3.12/site-packages/airflow/example_dags/example_display_name.py
[2025-09-25T05:30:30.133+0000] {logging_mixin.py:190} INFO - [2025-09-25T05:30:30.133+0000] {dag.py:3239} INFO - Sync 1 DAGs
[2025-09-25T05:30:30.145+0000] {logging_mixin.py:190} INFO - [2025-09-25T05:30:30.145+0000] {dag.py:4180} INFO - Setting next_dagrun for example_display_name to None, run_after=None
[2025-09-25T05:30:30.162+0000] {processor.py:208} INFO - Processing /home/airflow/.local/lib/python3.12/site-packages/airflow/example_dags/example_display_name.py took 0.059 seconds
[2025-09-25T05:31:01.003+0000] {processor.py:186} INFO - Started process (PID=344) to work on /home/airflow/.local/lib/python3.12/site-packages/airflow/example_dags/example_display_name.py
[2025-09-25T05:31:01.004+0000] {processor.py:914} INFO - Processing file /home/airflow/.local/lib/python3.12/site-packages/airflow/example_dags/example_display_name.py for tasks to queue
[2025-09-25T05:31:01.006+0000] {logging_mixin.py:190} INFO - [2025-09-25T05:31:01.006+0000] {dagbag.py:588} INFO - Filling up the DagBag from /home/airflow/.local/lib/python3.12/site-packages/airflow/example_dags/example_display_name.py
[2025-09-25T05:31:01.014+0000] {processor.py:925} INFO - DAG(s) 'example_display_name' retrieved from /home/airflow/.local/lib/python3.12/site-packages/airflow/example_dags/example_display_name.py
[2025-09-25T05:31:01.030+0000] {logging_mixin.py:190} INFO - [2025-09-25T05:31:01.030+0000] {dag.py:3239} INFO - Sync 1 DAGs
[2025-09-25T05:31:01.042+0000] {logging_mixin.py:190} INFO - [2025-09-25T05:31:01.042+0000] {dag.py:4180} INFO - Setting next_dagrun for example_display_name to None, run_after=None
[2025-09-25T05:31:01.061+0000] {processor.py:208} INFO - Processing /home/airflow/.local/lib/python3.12/site-packages/airflow/example_dags/example_display_name.py took 0.065 seconds
[2025-09-25T05:31:31.981+0000] {processor.py:186} INFO - Started process (PID=409) to work on /home/airflow/.local/lib/python3.12/site-packages/airflow/example_dags/example_display_name.py
[2025-09-25T05:31:31.982+0000] {processor.py:914} INFO - Processing file /home/airflow/.local/lib/python3.12/site-packages/airflow/example_dags/example_display_name.py for tasks to queue
[2025-09-25T05:31:31.984+0000] {logging_mixin.py:190} INFO - [2025-09-25T05:31:31.984+0000] {dagbag.py:588} INFO - Filling up the DagBag from /home/airflow/.local/lib/python3.12/site-packages/airflow/example_dags/example_display_name.py
[2025-09-25T05:31:31.994+0000] {processor.py:925} INFO - DAG(s) 'example_display_name' retrieved from /home/airflow/.local/lib/python3.12/site-packages/airflow/example_dags/example_display_name.py
[2025-09-25T05:31:32.013+0000] {logging_mixin.py:190} INFO - [2025-09-25T05:31:32.012+0000] {dag.py:3239} INFO - Sync 1 DAGs
[2025-09-25T05:31:32.025+0000] {logging_mixin.py:190} INFO - [2025-09-25T05:31:32.025+0000] {dag.py:4180} INFO - Setting next_dagrun for example_display_name to None, run_after=None
[2025-09-25T05:31:32.040+0000] {processor.py:208} INFO - Processing /home/airflow/.local/lib/python3.12/site-packages/airflow/example_dags/example_display_name.py took 0.065 seconds
[2025-09-25T05:32:03.139+0000] {processor.py:186} INFO - Started process (PID=474) to work on /home/airflow/.local/lib/python3.12/site-packages/airflow/example_dags/example_display_name.py
[2025-09-25T05:32:03.140+0000] {processor.py:914} INFO - Processing file /home/airflow/.local/lib/python3.12/site-packages/airflow/example_dags/example_display_name.py for tasks to queue
[2025-09-25T05:32:03.142+0000] {logging_mixin.py:190} INFO - [2025-09-25T05:32:03.142+0000] {dagbag.py:588} INFO - Filling up the DagBag from /home/airflow/.local/lib/python3.12/site-packages/airflow/example_dags/example_display_name.py
[2025-09-25T05:32:03.149+0000] {processor.py:925} INFO - DAG(s) 'example_display_name' retrieved from /home/airflow/.local/lib/python3.12/site-packages/airflow/example_dags/example_display_name.py
[2025-09-25T05:32:03.166+0000] {logging_mixin.py:190} INFO - [2025-09-25T05:32:03.166+0000] {dag.py:3239} INFO - Sync 1 DAGs
[2025-09-25T05:32:03.178+0000] {logging_mixin.py:190} INFO - [2025-09-25T05:32:03.177+0000] {dag.py:4180} INFO - Setting next_dagrun for example_display_name to None, run_after=None
[2025-09-25T05:32:03.194+0000] {processor.py:208} INFO - Processing /home/airflow/.local/lib/python3.12/site-packages/airflow/example_dags/example_display_name.py took 0.060 seconds
[2025-09-25T05:32:34.904+0000] {processor.py:186} INFO - Started process (PID=539) to work on /home/airflow/.local/lib/python3.12/site-packages/airflow/example_dags/example_display_name.py
[2025-09-25T05:32:34.905+0000] {processor.py:914} INFO - Processing file /home/airflow/.local/lib/python3.12/site-packages/airflow/example_dags/example_display_name.py for tasks to queue
[2025-09-25T05:32:34.907+0000] {logging_mixin.py:190} INFO - [2025-09-25T05:32:34.907+0000] {dagbag.py:588} INFO - Filling up the DagBag from /home/airflow/.local/lib/python3.12/site-packages/airflow/example_dags/example_display_name.py
[2025-09-25T05:32:34.917+0000] {processor.py:925} INFO - DAG(s) 'example_display_name' retrieved from /home/airflow/.local/lib/python3.12/site-packages/airflow/example_dags/example_display_name.py
[2025-09-25T05:32:34.941+0000] {logging_mixin.py:190} INFO - [2025-09-25T05:32:34.941+0000] {dag.py:3239} INFO - Sync 1 DAGs
[2025-09-25T05:32:34.958+0000] {logging_mixin.py:190} INFO - [2025-09-25T05:32:34.958+0000] {dag.py:4180} INFO - Setting next_dagrun for example_display_name to None, run_after=None
[2025-09-25T05:32:34.979+0000] {processor.py:208} INFO - Processing /home/airflow/.local/lib/python3.12/site-packages/airflow/example_dags/example_display_name.py took 0.082 seconds
[2025-09-25T05:33:05.411+0000] {processor.py:186} INFO - Started process (PID=604) to work on /home/airflow/.local/lib/python3.12/site-packages/airflow/example_dags/example_display_name.py
[2025-09-25T05:33:05.412+0000] {processor.py:914} INFO - Processing file /home/airflow/.local/lib/python3.12/site-packages/airflow/example_dags/example_display_name.py for tasks to queue
[2025-09-25T05:33:05.414+0000] {logging_mixin.py:190} INFO - [2025-09-25T05:33:05.414+0000] {dagbag.py:588} INFO - Filling up the DagBag from /home/airflow/.local/lib/python3.12/site-packages/airflow/example_dags/example_display_name.py
[2025-09-25T05:33:05.421+0000] {processor.py:925} INFO - DAG(s) 'example_display_name' retrieved from /home/airflow/.local/lib/python3.12/site-packages/airflow/example_dags/example_display_name.py
[2025-09-25T05:33:05.438+0000] {logging_mixin.py:190} INFO - [2025-09-25T05:33:05.438+0000] {dag.py:3239} INFO - Sync 1 DAGs
[2025-09-25T05:33:05.450+0000] {logging_mixin.py:190} INFO - [2025-09-25T05:33:05.450+0000] {dag.py:4180} INFO - Setting next_dagrun for example_display_name to None, run_after=None
[2025-09-25T05:33:05.465+0000] {processor.py:208} INFO - Processing /home/airflow/.local/lib/python3.12/site-packages/airflow/example_dags/example_display_name.py took 0.060 seconds
[2025-09-25T05:33:36.486+0000] {processor.py:186} INFO - Started process (PID=669) to work on /home/airflow/.local/lib/python3.12/site-packages/airflow/example_dags/example_display_name.py
[2025-09-25T05:33:36.487+0000] {processor.py:914} INFO - Processing file /home/airflow/.local/lib/python3.12/site-packages/airflow/example_dags/example_display_name.py for tasks to queue
[2025-09-25T05:33:36.490+0000] {logging_mixin.py:190} INFO - [2025-09-25T05:33:36.489+0000] {dagbag.py:588} INFO - Filling up the DagBag from /home/airflow/.local/lib/python3.12/site-packages/airflow/example_dags/example_display_name.py
[2025-09-25T05:33:36.497+0000] {processor.py:925} INFO - DAG(s) 'example_display_name' retrieved from /home/airflow/.local/lib/python3.12/site-packages/airflow/example_dags/example_display_name.py
[2025-09-25T05:33:36.514+0000] {logging_mixin.py:190} INFO - [2025-09-25T05:33:36.514+0000] {dag.py:3239} INFO - Sync 1 DAGs
[2025-09-25T05:33:36.529+0000] {logging_mixin.py:190} INFO - [2025-09-25T05:33:36.528+0000] {dag.py:4180} INFO - Setting next_dagrun for example_display_name to None, run_after=None
[2025-09-25T05:33:36.546+0000] {processor.py:208} INFO - Processing /home/airflow/.local/lib/python3.12/site-packages/airflow/example_dags/example_display_name.py took 0.065 seconds
[2025-09-25T05:34:07.622+0000] {processor.py:186} INFO - Started process (PID=734) to work on /home/airflow/.local/lib/python3.12/site-packages/airflow/example_dags/example_display_name.py
[2025-09-25T05:34:07.623+0000] {processor.py:914} INFO - Processing file /home/airflow/.local/lib/python3.12/site-packages/airflow/example_dags/example_display_name.py for tasks to queue
[2025-09-25T05:34:07.625+0000] {logging_mixin.py:190} INFO - [2025-09-25T05:34:07.625+0000] {dagbag.py:588} INFO - Filling up the DagBag from /home/airflow/.local/lib/python3.12/site-packages/airflow/example_dags/example_display_name.py
[2025-09-25T05:34:07.632+0000] {processor.py:925} INFO - DAG(s) 'example_display_name' retrieved from /home/airflow/.local/lib/python3.12/site-packages/airflow/example_dags/example_display_name.py
[2025-09-25T05:34:07.650+0000] {logging_mixin.py:190} INFO - [2025-09-25T05:34:07.649+0000] {dag.py:3239} INFO - Sync 1 DAGs
[2025-09-25T05:34:07.661+0000] {logging_mixin.py:190} INFO - [2025-09-25T05:34:07.661+0000] {dag.py:4180} INFO - Setting next_dagrun for example_display_name to None, run_after=None
[2025-09-25T05:34:07.677+0000] {processor.py:208} INFO - Processing /home/airflow/.local/lib/python3.12/site-packages/airflow/example_dags/example_display_name.py took 0.060 seconds
[2025-09-25T05:34:38.953+0000] {processor.py:186} INFO - Started process (PID=799) to work on /home/airflow/.local/lib/python3.12/site-packages/airflow/example_dags/example_display_name.py
[2025-09-25T05:34:38.955+0000] {processor.py:914} INFO - Processing file /home/airflow/.local/lib/python3.12/site-packages/airflow/example_dags/example_display_name.py for tasks to queue
[2025-09-25T05:34:38.958+0000] {logging_mixin.py:190} INFO - [2025-09-25T05:34:38.958+0000] {dagbag.py:588} INFO - Filling up the DagBag from /home/airflow/.local/lib/python3.12/site-packages/airflow/example_dags/example_display_name.py
[2025-09-25T05:34:38.977+0000] {processor.py:925} INFO - DAG(s) 'example_display_name' retrieved from /home/airflow/.local/lib/python3.12/site-packages/airflow/example_dags/example_display_name.py
[2025-09-25T05:34:38.997+0000] {logging_mixin.py:190} INFO - [2025-09-25T05:34:38.997+0000] {dag.py:3239} INFO - Sync 1 DAGs
[2025-09-25T05:34:39.010+0000] {logging_mixin.py:190} INFO - [2025-09-25T05:34:39.010+0000] {dag.py:4180} INFO - Setting next_dagrun for example_display_name to None, run_after=None
[2025-09-25T05:34:39.036+0000] {processor.py:208} INFO - Processing /home/airflow/.local/lib/python3.12/site-packages/airflow/example_dags/example_display_name.py took 0.097 seconds
[2025-09-25T05:35:10.135+0000] {processor.py:186} INFO - Started process (PID=864) to work on /home/airflow/.local/lib/python3.12/site-packages/airflow/example_dags/example_display_name.py
[2025-09-25T05:35:10.136+0000] {processor.py:914} INFO - Processing file /home/airflow/.local/lib/python3.12/site-packages/airflow/example_dags/example_display_name.py for tasks to queue
[2025-09-25T05:35:10.138+0000] {logging_mixin.py:190} INFO - [2025-09-25T05:35:10.137+0000] {dagbag.py:588} INFO - Filling up the DagBag from /home/airflow/.local/lib/python3.12/site-packages/airflow/example_dags/example_display_name.py
[2025-09-25T05:35:10.145+0000] {processor.py:925} INFO - DAG(s) 'example_display_name' retrieved from /home/airflow/.local/lib/python3.12/site-packages/airflow/example_dags/example_display_name.py
[2025-09-25T05:35:10.161+0000] {logging_mixin.py:190} INFO - [2025-09-25T05:35:10.161+0000] {dag.py:3239} INFO - Sync 1 DAGs
[2025-09-25T05:35:10.172+0000] {logging_mixin.py:190} INFO - [2025-09-25T05:35:10.172+0000] {dag.py:4180} INFO - Setting next_dagrun for example_display_name to None, run_after=None
[2025-09-25T05:35:10.186+0000] {processor.py:208} INFO - Processing /home/airflow/.local/lib/python3.12/site-packages/airflow/example_dags/example_display_name.py took 0.057 seconds
[2025-09-25T05:35:41.493+0000] {processor.py:186} INFO - Started process (PID=929) to work on /home/airflow/.local/lib/python3.12/site-packages/airflow/example_dags/example_display_name.py
[2025-09-25T05:35:41.494+0000] {processor.py:914} INFO - Processing file /home/airflow/.local/lib/python3.12/site-packages/airflow/example_dags/example_display_name.py for tasks to queue
[2025-09-25T05:35:41.497+0000] {logging_mixin.py:190} INFO - [2025-09-25T05:35:41.497+0000] {dagbag.py:588} INFO - Filling up the DagBag from /home/airflow/.local/lib/python3.12/site-packages/airflow/example_dags/example_display_name.py
[2025-09-25T05:35:41.504+0000] {processor.py:925} INFO - DAG(s) 'example_display_name' retrieved from /home/airflow/.local/lib/python3.12/site-packages/airflow/example_dags/example_display_name.py
[2025-09-25T05:35:41.521+0000] {logging_mixin.py:190} INFO - [2025-09-25T05:35:41.520+0000] {dag.py:3239} INFO - Sync 1 DAGs
[2025-09-25T05:35:41.533+0000] {logging_mixin.py:190} INFO - [2025-09-25T05:35:41.533+0000] {dag.py:4180} INFO - Setting next_dagrun for example_display_name to None, run_after=None
[2025-09-25T05:35:41.551+0000] {processor.py:208} INFO - Processing /home/airflow/.local/lib/python3.12/site-packages/airflow/example_dags/example_display_name.py took 0.064 seconds
[2025-09-25T05:36:12.987+0000] {processor.py:186} INFO - Started process (PID=994) to work on /home/airflow/.local/lib/python3.12/site-packages/airflow/example_dags/example_display_name.py
[2025-09-25T05:36:12.988+0000] {processor.py:914} INFO - Processing file /home/airflow/.local/lib/python3.12/site-packages/airflow/example_dags/example_display_name.py for tasks to queue
[2025-09-25T05:36:12.990+0000] {logging_mixin.py:190} INFO - [2025-09-25T05:36:12.989+0000] {dagbag.py:588} INFO - Filling up the DagBag from /home/airflow/.local/lib/python3.12/site-packages/airflow/example_dags/example_display_name.py
[2025-09-25T05:36:12.997+0000] {processor.py:925} INFO - DAG(s) 'example_display_name' retrieved from /home/airflow/.local/lib/python3.12/site-packages/airflow/example_dags/example_display_name.py
[2025-09-25T05:36:13.013+0000] {logging_mixin.py:190} INFO - [2025-09-25T05:36:13.013+0000] {dag.py:3239} INFO - Sync 1 DAGs
[2025-09-25T05:36:13.026+0000] {logging_mixin.py:190} INFO - [2025-09-25T05:36:13.025+0000] {dag.py:4180} INFO - Setting next_dagrun for example_display_name to None, run_after=None
[2025-09-25T05:36:13.041+0000] {processor.py:208} INFO - Processing /home/airflow/.local/lib/python3.12/site-packages/airflow/example_dags/example_display_name.py took 0.060 seconds
[2025-09-25T05:36:44.096+0000] {processor.py:186} INFO - Started process (PID=1059) to work on /home/airflow/.local/lib/python3.12/site-packages/airflow/example_dags/example_display_name.py
[2025-09-25T05:36:44.097+0000] {processor.py:914} INFO - Processing file /home/airflow/.local/lib/python3.12/site-packages/airflow/example_dags/example_display_name.py for tasks to queue
[2025-09-25T05:36:44.100+0000] {logging_mixin.py:190} INFO - [2025-09-25T05:36:44.099+0000] {dagbag.py:588} INFO - Filling up the DagBag from /home/airflow/.local/lib/python3.12/site-packages/airflow/example_dags/example_display_name.py
[2025-09-25T05:36:44.106+0000] {processor.py:925} INFO - DAG(s) 'example_display_name' retrieved from /home/airflow/.local/lib/python3.12/site-packages/airflow/example_dags/example_display_name.py
[2025-09-25T05:36:44.121+0000] {logging_mixin.py:190} INFO - [2025-09-25T05:36:44.121+0000] {dag.py:3239} INFO - Sync 1 DAGs
[2025-09-25T05:36:44.132+0000] {logging_mixin.py:190} INFO - [2025-09-25T05:36:44.132+0000] {dag.py:4180} INFO - Setting next_dagrun for example_display_name to None, run_after=None
[2025-09-25T05:36:44.146+0000] {processor.py:208} INFO - Processing /home/airflow/.local/lib/python3.12/site-packages/airflow/example_dags/example_display_name.py took 0.055 seconds
[2025-09-25T05:37:14.881+0000] {processor.py:186} INFO - Started process (PID=1124) to work on /home/airflow/.local/lib/python3.12/site-packages/airflow/example_dags/example_display_name.py
[2025-09-25T05:37:14.882+0000] {processor.py:914} INFO - Processing file /home/airflow/.local/lib/python3.12/site-packages/airflow/example_dags/example_display_name.py for tasks to queue
[2025-09-25T05:37:14.884+0000] {logging_mixin.py:190} INFO - [2025-09-25T05:37:14.883+0000] {dagbag.py:588} INFO - Filling up the DagBag from /home/airflow/.local/lib/python3.12/site-packages/airflow/example_dags/example_display_name.py
[2025-09-25T05:37:14.890+0000] {processor.py:925} INFO - DAG(s) 'example_display_name' retrieved from /home/airflow/.local/lib/python3.12/site-packages/airflow/example_dags/example_display_name.py
[2025-09-25T05:37:14.906+0000] {logging_mixin.py:190} INFO - [2025-09-25T05:37:14.906+0000] {dag.py:3239} INFO - Sync 1 DAGs
[2025-09-25T05:37:14.918+0000] {logging_mixin.py:190} INFO - [2025-09-25T05:37:14.917+0000] {dag.py:4180} INFO - Setting next_dagrun for example_display_name to None, run_after=None
[2025-09-25T05:37:14.935+0000] {processor.py:208} INFO - Processing /home/airflow/.local/lib/python3.12/site-packages/airflow/example_dags/example_display_name.py took 0.059 seconds
[2025-09-25T05:37:46.260+0000] {processor.py:186} INFO - Started process (PID=1189) to work on /home/airflow/.local/lib/python3.12/site-packages/airflow/example_dags/example_display_name.py
[2025-09-25T05:37:46.261+0000] {processor.py:914} INFO - Processing file /home/airflow/.local/lib/python3.12/site-packages/airflow/example_dags/example_display_name.py for tasks to queue
[2025-09-25T05:37:46.263+0000] {logging_mixin.py:190} INFO - [2025-09-25T05:37:46.262+0000] {dagbag.py:588} INFO - Filling up the DagBag from /home/airflow/.local/lib/python3.12/site-packages/airflow/example_dags/example_display_name.py
[2025-09-25T05:37:46.270+0000] {processor.py:925} INFO - DAG(s) 'example_display_name' retrieved from /home/airflow/.local/lib/python3.12/site-packages/airflow/example_dags/example_display_name.py
[2025-09-25T05:37:46.285+0000] {logging_mixin.py:190} INFO - [2025-09-25T05:37:46.285+0000] {dag.py:3239} INFO - Sync 1 DAGs
[2025-09-25T05:37:46.297+0000] {logging_mixin.py:190} INFO - [2025-09-25T05:37:46.297+0000] {dag.py:4180} INFO - Setting next_dagrun for example_display_name to None, run_after=None
[2025-09-25T05:37:46.312+0000] {processor.py:208} INFO - Processing /home/airflow/.local/lib/python3.12/site-packages/airflow/example_dags/example_display_name.py took 0.058 seconds
[2025-09-25T05:38:17.629+0000] {processor.py:186} INFO - Started process (PID=1254) to work on /home/airflow/.local/lib/python3.12/site-packages/airflow/example_dags/example_display_name.py
[2025-09-25T05:38:17.630+0000] {processor.py:914} INFO - Processing file /home/airflow/.local/lib/python3.12/site-packages/airflow/example_dags/example_display_name.py for tasks to queue
[2025-09-25T05:38:17.633+0000] {logging_mixin.py:190} INFO - [2025-09-25T05:38:17.632+0000] {dagbag.py:588} INFO - Filling up the DagBag from /home/airflow/.local/lib/python3.12/site-packages/airflow/example_dags/example_display_name.py
[2025-09-25T05:38:17.641+0000] {processor.py:925} INFO - DAG(s) 'example_display_name' retrieved from /home/airflow/.local/lib/python3.12/site-packages/airflow/example_dags/example_display_name.py
[2025-09-25T05:38:17.657+0000] {logging_mixin.py:190} INFO - [2025-09-25T05:38:17.657+0000] {dag.py:3239} INFO - Sync 1 DAGs
[2025-09-25T05:38:17.669+0000] {logging_mixin.py:190} INFO - [2025-09-25T05:38:17.669+0000] {dag.py:4180} INFO - Setting next_dagrun for example_display_name to None, run_after=None
[2025-09-25T05:38:17.684+0000] {processor.py:208} INFO - Processing /home/airflow/.local/lib/python3.12/site-packages/airflow/example_dags/example_display_name.py took 0.060 seconds
[2025-09-25T05:38:48.876+0000] {processor.py:186} INFO - Started process (PID=1319) to work on /home/airflow/.local/lib/python3.12/site-packages/airflow/example_dags/example_display_name.py
[2025-09-25T05:38:48.877+0000] {processor.py:914} INFO - Processing file /home/airflow/.local/lib/python3.12/site-packages/airflow/example_dags/example_display_name.py for tasks to queue
[2025-09-25T05:38:48.880+0000] {logging_mixin.py:190} INFO - [2025-09-25T05:38:48.879+0000] {dagbag.py:588} INFO - Filling up the DagBag from /home/airflow/.local/lib/python3.12/site-packages/airflow/example_dags/example_display_name.py
[2025-09-25T05:38:48.890+0000] {processor.py:925} INFO - DAG(s) 'example_display_name' retrieved from /home/airflow/.local/lib/python3.12/site-packages/airflow/example_dags/example_display_name.py
[2025-09-25T05:38:48.905+0000] {logging_mixin.py:190} INFO - [2025-09-25T05:38:48.905+0000] {dag.py:3239} INFO - Sync 1 DAGs
[2025-09-25T05:38:48.918+0000] {logging_mixin.py:190} INFO - [2025-09-25T05:38:48.918+0000] {dag.py:4180} INFO - Setting next_dagrun for example_display_name to None, run_after=None
[2025-09-25T05:38:48.934+0000] {processor.py:208} INFO - Processing /home/airflow/.local/lib/python3.12/site-packages/airflow/example_dags/example_display_name.py took 0.063 seconds
[2025-09-25T05:39:20.522+0000] {processor.py:186} INFO - Started process (PID=1390) to work on /home/airflow/.local/lib/python3.12/site-packages/airflow/example_dags/example_display_name.py
[2025-09-25T05:39:20.523+0000] {processor.py:914} INFO - Processing file /home/airflow/.local/lib/python3.12/site-packages/airflow/example_dags/example_display_name.py for tasks to queue
[2025-09-25T05:39:20.528+0000] {logging_mixin.py:190} INFO - [2025-09-25T05:39:20.528+0000] {dagbag.py:588} INFO - Filling up the DagBag from /home/airflow/.local/lib/python3.12/site-packages/airflow/example_dags/example_display_name.py
[2025-09-25T05:39:20.538+0000] {processor.py:925} INFO - DAG(s) 'example_display_name' retrieved from /home/airflow/.local/lib/python3.12/site-packages/airflow/example_dags/example_display_name.py
[2025-09-25T05:39:20.557+0000] {logging_mixin.py:190} INFO - [2025-09-25T05:39:20.556+0000] {dag.py:3239} INFO - Sync 1 DAGs
[2025-09-25T05:39:20.571+0000] {logging_mixin.py:190} INFO - [2025-09-25T05:39:20.571+0000] {dag.py:4180} INFO - Setting next_dagrun for example_display_name to None, run_after=None
[2025-09-25T05:39:20.589+0000] {processor.py:208} INFO - Processing /home/airflow/.local/lib/python3.12/site-packages/airflow/example_dags/example_display_name.py took 0.074 seconds
[2025-09-25T05:39:51.851+0000] {processor.py:186} INFO - Started process (PID=1455) to work on /home/airflow/.local/lib/python3.12/site-packages/airflow/example_dags/example_display_name.py
[2025-09-25T05:39:51.853+0000] {processor.py:914} INFO - Processing file /home/airflow/.local/lib/python3.12/site-packages/airflow/example_dags/example_display_name.py for tasks to queue
[2025-09-25T05:39:51.855+0000] {logging_mixin.py:190} INFO - [2025-09-25T05:39:51.855+0000] {dagbag.py:588} INFO - Filling up the DagBag from /home/airflow/.local/lib/python3.12/site-packages/airflow/example_dags/example_display_name.py
[2025-09-25T05:39:51.862+0000] {processor.py:925} INFO - DAG(s) 'example_display_name' retrieved from /home/airflow/.local/lib/python3.12/site-packages/airflow/example_dags/example_display_name.py
[2025-09-25T05:39:51.878+0000] {logging_mixin.py:190} INFO - [2025-09-25T05:39:51.878+0000] {dag.py:3239} INFO - Sync 1 DAGs
[2025-09-25T05:39:51.890+0000] {logging_mixin.py:190} INFO - [2025-09-25T05:39:51.890+0000] {dag.py:4180} INFO - Setting next_dagrun for example_display_name to None, run_after=None
[2025-09-25T05:39:51.906+0000] {processor.py:208} INFO - Processing /home/airflow/.local/lib/python3.12/site-packages/airflow/example_dags/example_display_name.py took 0.061 seconds
[2025-09-25T05:40:22.963+0000] {processor.py:186} INFO - Started process (PID=1520) to work on /home/airflow/.local/lib/python3.12/site-packages/airflow/example_dags/example_display_name.py
[2025-09-25T05:40:22.964+0000] {processor.py:914} INFO - Processing file /home/airflow/.local/lib/python3.12/site-packages/airflow/example_dags/example_display_name.py for tasks to queue
[2025-09-25T05:40:22.966+0000] {logging_mixin.py:190} INFO - [2025-09-25T05:40:22.966+0000] {dagbag.py:588} INFO - Filling up the DagBag from /home/airflow/.local/lib/python3.12/site-packages/airflow/example_dags/example_display_name.py
[2025-09-25T05:40:22.973+0000] {processor.py:925} INFO - DAG(s) 'example_display_name' retrieved from /home/airflow/.local/lib/python3.12/site-packages/airflow/example_dags/example_display_name.py
[2025-09-25T05:40:22.988+0000] {logging_mixin.py:190} INFO - [2025-09-25T05:40:22.987+0000] {dag.py:3239} INFO - Sync 1 DAGs
[2025-09-25T05:40:23.000+0000] {logging_mixin.py:190} INFO - [2025-09-25T05:40:22.999+0000] {dag.py:4180} INFO - Setting next_dagrun for example_display_name to None, run_after=None
[2025-09-25T05:40:23.014+0000] {processor.py:208} INFO - Processing /home/airflow/.local/lib/python3.12/site-packages/airflow/example_dags/example_display_name.py took 0.058 seconds
[2025-09-25T05:40:54.315+0000] {processor.py:186} INFO - Started process (PID=1585) to work on /home/airflow/.local/lib/python3.12/site-packages/airflow/example_dags/example_display_name.py
[2025-09-25T05:40:54.316+0000] {processor.py:914} INFO - Processing file /home/airflow/.local/lib/python3.12/site-packages/airflow/example_dags/example_display_name.py for tasks to queue
[2025-09-25T05:40:54.318+0000] {logging_mixin.py:190} INFO - [2025-09-25T05:40:54.318+0000] {dagbag.py:588} INFO - Filling up the DagBag from /home/airflow/.local/lib/python3.12/site-packages/airflow/example_dags/example_display_name.py
[2025-09-25T05:40:54.325+0000] {processor.py:925} INFO - DAG(s) 'example_display_name' retrieved from /home/airflow/.local/lib/python3.12/site-packages/airflow/example_dags/example_display_name.py
[2025-09-25T05:40:54.340+0000] {logging_mixin.py:190} INFO - [2025-09-25T05:40:54.340+0000] {dag.py:3239} INFO - Sync 1 DAGs
[2025-09-25T05:40:54.351+0000] {logging_mixin.py:190} INFO - [2025-09-25T05:40:54.351+0000] {dag.py:4180} INFO - Setting next_dagrun for example_display_name to None, run_after=None
[2025-09-25T05:40:54.366+0000] {processor.py:208} INFO - Processing /home/airflow/.local/lib/python3.12/site-packages/airflow/example_dags/example_display_name.py took 0.056 seconds
[2025-09-25T05:41:25.596+0000] {processor.py:186} INFO - Started process (PID=1650) to work on /home/airflow/.local/lib/python3.12/site-packages/airflow/example_dags/example_display_name.py
[2025-09-25T05:41:25.597+0000] {processor.py:914} INFO - Processing file /home/airflow/.local/lib/python3.12/site-packages/airflow/example_dags/example_display_name.py for tasks to queue
[2025-09-25T05:41:25.599+0000] {logging_mixin.py:190} INFO - [2025-09-25T05:41:25.599+0000] {dagbag.py:588} INFO - Filling up the DagBag from /home/airflow/.local/lib/python3.12/site-packages/airflow/example_dags/example_display_name.py
[2025-09-25T05:41:25.606+0000] {processor.py:925} INFO - DAG(s) 'example_display_name' retrieved from /home/airflow/.local/lib/python3.12/site-packages/airflow/example_dags/example_display_name.py
[2025-09-25T05:41:25.622+0000] {logging_mixin.py:190} INFO - [2025-09-25T05:41:25.622+0000] {dag.py:3239} INFO - Sync 1 DAGs
[2025-09-25T05:41:25.634+0000] {logging_mixin.py:190} INFO - [2025-09-25T05:41:25.634+0000] {dag.py:4180} INFO - Setting next_dagrun for example_display_name to None, run_after=None
[2025-09-25T05:41:25.648+0000] {processor.py:208} INFO - Processing /home/airflow/.local/lib/python3.12/site-packages/airflow/example_dags/example_display_name.py took 0.057 seconds
[2025-09-25T05:41:57.076+0000] {processor.py:186} INFO - Started process (PID=1715) to work on /home/airflow/.local/lib/python3.12/site-packages/airflow/example_dags/example_display_name.py
[2025-09-25T05:41:57.078+0000] {processor.py:914} INFO - Processing file /home/airflow/.local/lib/python3.12/site-packages/airflow/example_dags/example_display_name.py for tasks to queue
[2025-09-25T05:41:57.081+0000] {logging_mixin.py:190} INFO - [2025-09-25T05:41:57.080+0000] {dagbag.py:588} INFO - Filling up the DagBag from /home/airflow/.local/lib/python3.12/site-packages/airflow/example_dags/example_display_name.py
[2025-09-25T05:41:57.088+0000] {processor.py:925} INFO - DAG(s) 'example_display_name' retrieved from /home/airflow/.local/lib/python3.12/site-packages/airflow/example_dags/example_display_name.py
[2025-09-25T05:41:57.106+0000] {logging_mixin.py:190} INFO - [2025-09-25T05:41:57.106+0000] {dag.py:3239} INFO - Sync 1 DAGs
[2025-09-25T05:41:57.118+0000] {logging_mixin.py:190} INFO - [2025-09-25T05:41:57.118+0000] {dag.py:4180} INFO - Setting next_dagrun for example_display_name to None, run_after=None
[2025-09-25T05:41:57.133+0000] {processor.py:208} INFO - Processing /home/airflow/.local/lib/python3.12/site-packages/airflow/example_dags/example_display_name.py took 0.064 seconds
[2025-09-25T05:42:27.815+0000] {processor.py:186} INFO - Started process (PID=1780) to work on /home/airflow/.local/lib/python3.12/site-packages/airflow/example_dags/example_display_name.py
[2025-09-25T05:42:27.816+0000] {processor.py:914} INFO - Processing file /home/airflow/.local/lib/python3.12/site-packages/airflow/example_dags/example_display_name.py for tasks to queue
[2025-09-25T05:42:27.818+0000] {logging_mixin.py:190} INFO - [2025-09-25T05:42:27.818+0000] {dagbag.py:588} INFO - Filling up the DagBag from /home/airflow/.local/lib/python3.12/site-packages/airflow/example_dags/example_display_name.py
[2025-09-25T05:42:27.826+0000] {processor.py:925} INFO - DAG(s) 'example_display_name' retrieved from /home/airflow/.local/lib/python3.12/site-packages/airflow/example_dags/example_display_name.py
[2025-09-25T05:42:27.843+0000] {logging_mixin.py:190} INFO - [2025-09-25T05:42:27.843+0000] {dag.py:3239} INFO - Sync 1 DAGs
[2025-09-25T05:42:27.856+0000] {logging_mixin.py:190} INFO - [2025-09-25T05:42:27.855+0000] {dag.py:4180} INFO - Setting next_dagrun for example_display_name to None, run_after=None
[2025-09-25T05:42:27.870+0000] {processor.py:208} INFO - Processing /home/airflow/.local/lib/python3.12/site-packages/airflow/example_dags/example_display_name.py took 0.061 seconds
[2025-09-25T05:42:58.745+0000] {processor.py:186} INFO - Started process (PID=1845) to work on /home/airflow/.local/lib/python3.12/site-packages/airflow/example_dags/example_display_name.py
[2025-09-25T05:42:58.747+0000] {processor.py:914} INFO - Processing file /home/airflow/.local/lib/python3.12/site-packages/airflow/example_dags/example_display_name.py for tasks to queue
[2025-09-25T05:42:58.748+0000] {logging_mixin.py:190} INFO - [2025-09-25T05:42:58.748+0000] {dagbag.py:588} INFO - Filling up the DagBag from /home/airflow/.local/lib/python3.12/site-packages/airflow/example_dags/example_display_name.py
[2025-09-25T05:42:58.756+0000] {processor.py:925} INFO - DAG(s) 'example_display_name' retrieved from /home/airflow/.local/lib/python3.12/site-packages/airflow/example_dags/example_display_name.py
[2025-09-25T05:42:58.771+0000] {logging_mixin.py:190} INFO - [2025-09-25T05:42:58.771+0000] {dag.py:3239} INFO - Sync 1 DAGs
[2025-09-25T05:42:58.782+0000] {logging_mixin.py:190} INFO - [2025-09-25T05:42:58.782+0000] {dag.py:4180} INFO - Setting next_dagrun for example_display_name to None, run_after=None
[2025-09-25T05:42:58.797+0000] {processor.py:208} INFO - Processing /home/airflow/.local/lib/python3.12/site-packages/airflow/example_dags/example_display_name.py took 0.057 seconds
[2025-09-25T05:43:30.040+0000] {processor.py:186} INFO - Started process (PID=1910) to work on /home/airflow/.local/lib/python3.12/site-packages/airflow/example_dags/example_display_name.py
[2025-09-25T05:43:30.041+0000] {processor.py:914} INFO - Processing file /home/airflow/.local/lib/python3.12/site-packages/airflow/example_dags/example_display_name.py for tasks to queue
[2025-09-25T05:43:30.043+0000] {logging_mixin.py:190} INFO - [2025-09-25T05:43:30.042+0000] {dagbag.py:588} INFO - Filling up the DagBag from /home/airflow/.local/lib/python3.12/site-packages/airflow/example_dags/example_display_name.py
[2025-09-25T05:43:30.049+0000] {processor.py:925} INFO - DAG(s) 'example_display_name' retrieved from /home/airflow/.local/lib/python3.12/site-packages/airflow/example_dags/example_display_name.py
[2025-09-25T05:43:30.064+0000] {logging_mixin.py:190} INFO - [2025-09-25T05:43:30.064+0000] {dag.py:3239} INFO - Sync 1 DAGs
[2025-09-25T05:43:30.076+0000] {logging_mixin.py:190} INFO - [2025-09-25T05:43:30.075+0000] {dag.py:4180} INFO - Setting next_dagrun for example_display_name to None, run_after=None
[2025-09-25T05:43:30.091+0000] {processor.py:208} INFO - Processing /home/airflow/.local/lib/python3.12/site-packages/airflow/example_dags/example_display_name.py took 0.056 seconds
[2025-09-25T05:44:01.004+0000] {processor.py:186} INFO - Started process (PID=1975) to work on /home/airflow/.local/lib/python3.12/site-packages/airflow/example_dags/example_display_name.py
[2025-09-25T05:44:01.006+0000] {processor.py:914} INFO - Processing file /home/airflow/.local/lib/python3.12/site-packages/airflow/example_dags/example_display_name.py for tasks to queue
[2025-09-25T05:44:01.008+0000] {logging_mixin.py:190} INFO - [2025-09-25T05:44:01.007+0000] {dagbag.py:588} INFO - Filling up the DagBag from /home/airflow/.local/lib/python3.12/site-packages/airflow/example_dags/example_display_name.py
[2025-09-25T05:44:01.015+0000] {processor.py:925} INFO - DAG(s) 'example_display_name' retrieved from /home/airflow/.local/lib/python3.12/site-packages/airflow/example_dags/example_display_name.py
[2025-09-25T05:44:01.030+0000] {logging_mixin.py:190} INFO - [2025-09-25T05:44:01.030+0000] {dag.py:3239} INFO - Sync 1 DAGs
[2025-09-25T05:44:01.042+0000] {logging_mixin.py:190} INFO - [2025-09-25T05:44:01.042+0000] {dag.py:4180} INFO - Setting next_dagrun for example_display_name to None, run_after=None
[2025-09-25T05:44:01.057+0000] {processor.py:208} INFO - Processing /home/airflow/.local/lib/python3.12/site-packages/airflow/example_dags/example_display_name.py took 0.060 seconds
[2025-09-25T05:44:31.772+0000] {processor.py:186} INFO - Started process (PID=2040) to work on /home/airflow/.local/lib/python3.12/site-packages/airflow/example_dags/example_display_name.py
[2025-09-25T05:44:31.773+0000] {processor.py:914} INFO - Processing file /home/airflow/.local/lib/python3.12/site-packages/airflow/example_dags/example_display_name.py for tasks to queue
[2025-09-25T05:44:31.775+0000] {logging_mixin.py:190} INFO - [2025-09-25T05:44:31.774+0000] {dagbag.py:588} INFO - Filling up the DagBag from /home/airflow/.local/lib/python3.12/site-packages/airflow/example_dags/example_display_name.py
[2025-09-25T05:44:31.783+0000] {processor.py:925} INFO - DAG(s) 'example_display_name' retrieved from /home/airflow/.local/lib/python3.12/site-packages/airflow/example_dags/example_display_name.py
[2025-09-25T05:44:31.799+0000] {logging_mixin.py:190} INFO - [2025-09-25T05:44:31.799+0000] {dag.py:3239} INFO - Sync 1 DAGs
[2025-09-25T05:44:31.815+0000] {logging_mixin.py:190} INFO - [2025-09-25T05:44:31.815+0000] {dag.py:4180} INFO - Setting next_dagrun for example_display_name to None, run_after=None
[2025-09-25T05:44:31.830+0000] {processor.py:208} INFO - Processing /home/airflow/.local/lib/python3.12/site-packages/airflow/example_dags/example_display_name.py took 0.064 seconds
