[2025-09-25T05:12:42.326+0000] {processor.py:186} INFO - Started process (PID=89) to work on /home/airflow/.local/lib/python3.12/site-packages/airflow/example_dags/example_latest_only.py
[2025-09-25T05:12:42.327+0000] {processor.py:914} INFO - Processing file /home/airflow/.local/lib/python3.12/site-packages/airflow/example_dags/example_latest_only.py for tasks to queue
[2025-09-25T05:12:42.329+0000] {logging_mixin.py:190} INFO - [2025-09-25T05:12:42.329+0000] {dagbag.py:588} INFO - Filling up the DagBag from /home/airflow/.local/lib/python3.12/site-packages/airflow/example_dags/example_latest_only.py
[2025-09-25T05:12:42.336+0000] {processor.py:925} INFO - DAG(s) 'latest_only' retrieved from /home/airflow/.local/lib/python3.12/site-packages/airflow/example_dags/example_latest_only.py
[2025-09-25T05:12:42.353+0000] {logging_mixin.py:190} INFO - [2025-09-25T05:12:42.353+0000] {dag.py:3239} INFO - Sync 1 DAGs
[2025-09-25T05:12:42.375+0000] {logging_mixin.py:190} INFO - [2025-09-25T05:12:42.375+0000] {dag.py:4180} INFO - Setting next_dagrun for latest_only to 2025-09-25 00:00:00+00:00, run_after=2025-09-25 04:00:00+00:00
[2025-09-25T05:12:42.391+0000] {processor.py:208} INFO - Processing /home/airflow/.local/lib/python3.12/site-packages/airflow/example_dags/example_latest_only.py took 0.070 seconds
[2025-09-25T05:13:12.833+0000] {processor.py:186} INFO - Started process (PID=153) to work on /home/airflow/.local/lib/python3.12/site-packages/airflow/example_dags/example_latest_only.py
[2025-09-25T05:13:12.834+0000] {processor.py:914} INFO - Processing file /home/airflow/.local/lib/python3.12/site-packages/airflow/example_dags/example_latest_only.py for tasks to queue
[2025-09-25T05:13:12.836+0000] {logging_mixin.py:190} INFO - [2025-09-25T05:13:12.836+0000] {dagbag.py:588} INFO - Filling up the DagBag from /home/airflow/.local/lib/python3.12/site-packages/airflow/example_dags/example_latest_only.py
[2025-09-25T05:13:12.843+0000] {processor.py:925} INFO - DAG(s) 'latest_only' retrieved from /home/airflow/.local/lib/python3.12/site-packages/airflow/example_dags/example_latest_only.py
[2025-09-25T05:13:12.858+0000] {logging_mixin.py:190} INFO - [2025-09-25T05:13:12.858+0000] {dag.py:3239} INFO - Sync 1 DAGs
[2025-09-25T05:13:12.878+0000] {logging_mixin.py:190} INFO - [2025-09-25T05:13:12.877+0000] {dag.py:4180} INFO - Setting next_dagrun for latest_only to 2025-09-25 00:00:00+00:00, run_after=2025-09-25 04:00:00+00:00
[2025-09-25T05:13:12.892+0000] {processor.py:208} INFO - Processing /home/airflow/.local/lib/python3.12/site-packages/airflow/example_dags/example_latest_only.py took 0.064 seconds
[2025-09-25T05:13:43.491+0000] {processor.py:186} INFO - Started process (PID=218) to work on /home/airflow/.local/lib/python3.12/site-packages/airflow/example_dags/example_latest_only.py
[2025-09-25T05:13:43.493+0000] {processor.py:914} INFO - Processing file /home/airflow/.local/lib/python3.12/site-packages/airflow/example_dags/example_latest_only.py for tasks to queue
[2025-09-25T05:13:43.495+0000] {logging_mixin.py:190} INFO - [2025-09-25T05:13:43.494+0000] {dagbag.py:588} INFO - Filling up the DagBag from /home/airflow/.local/lib/python3.12/site-packages/airflow/example_dags/example_latest_only.py
[2025-09-25T05:13:43.501+0000] {processor.py:925} INFO - DAG(s) 'latest_only' retrieved from /home/airflow/.local/lib/python3.12/site-packages/airflow/example_dags/example_latest_only.py
[2025-09-25T05:13:43.518+0000] {logging_mixin.py:190} INFO - [2025-09-25T05:13:43.518+0000] {dag.py:3239} INFO - Sync 1 DAGs
[2025-09-25T05:13:43.538+0000] {logging_mixin.py:190} INFO - [2025-09-25T05:13:43.537+0000] {dag.py:4180} INFO - Setting next_dagrun for latest_only to 2025-09-25 00:00:00+00:00, run_after=2025-09-25 04:00:00+00:00
[2025-09-25T05:13:43.553+0000] {processor.py:208} INFO - Processing /home/airflow/.local/lib/python3.12/site-packages/airflow/example_dags/example_latest_only.py took 0.068 seconds
[2025-09-25T05:14:13.723+0000] {processor.py:186} INFO - Started process (PID=283) to work on /home/airflow/.local/lib/python3.12/site-packages/airflow/example_dags/example_latest_only.py
[2025-09-25T05:14:13.724+0000] {processor.py:914} INFO - Processing file /home/airflow/.local/lib/python3.12/site-packages/airflow/example_dags/example_latest_only.py for tasks to queue
[2025-09-25T05:14:13.726+0000] {logging_mixin.py:190} INFO - [2025-09-25T05:14:13.726+0000] {dagbag.py:588} INFO - Filling up the DagBag from /home/airflow/.local/lib/python3.12/site-packages/airflow/example_dags/example_latest_only.py
[2025-09-25T05:14:13.733+0000] {processor.py:925} INFO - DAG(s) 'latest_only' retrieved from /home/airflow/.local/lib/python3.12/site-packages/airflow/example_dags/example_latest_only.py
[2025-09-25T05:14:13.750+0000] {logging_mixin.py:190} INFO - [2025-09-25T05:14:13.750+0000] {dag.py:3239} INFO - Sync 1 DAGs
[2025-09-25T05:14:13.770+0000] {logging_mixin.py:190} INFO - [2025-09-25T05:14:13.769+0000] {dag.py:4180} INFO - Setting next_dagrun for latest_only to 2025-09-25 00:00:00+00:00, run_after=2025-09-25 04:00:00+00:00
[2025-09-25T05:14:13.786+0000] {processor.py:208} INFO - Processing /home/airflow/.local/lib/python3.12/site-packages/airflow/example_dags/example_latest_only.py took 0.069 seconds
[2025-09-25T05:14:44.814+0000] {processor.py:186} INFO - Started process (PID=348) to work on /home/airflow/.local/lib/python3.12/site-packages/airflow/example_dags/example_latest_only.py
[2025-09-25T05:14:44.815+0000] {processor.py:914} INFO - Processing file /home/airflow/.local/lib/python3.12/site-packages/airflow/example_dags/example_latest_only.py for tasks to queue
[2025-09-25T05:14:44.818+0000] {logging_mixin.py:190} INFO - [2025-09-25T05:14:44.818+0000] {dagbag.py:588} INFO - Filling up the DagBag from /home/airflow/.local/lib/python3.12/site-packages/airflow/example_dags/example_latest_only.py
[2025-09-25T05:14:44.826+0000] {processor.py:925} INFO - DAG(s) 'latest_only' retrieved from /home/airflow/.local/lib/python3.12/site-packages/airflow/example_dags/example_latest_only.py
[2025-09-25T05:14:44.848+0000] {logging_mixin.py:190} INFO - [2025-09-25T05:14:44.847+0000] {dag.py:3239} INFO - Sync 1 DAGs
[2025-09-25T05:14:44.871+0000] {logging_mixin.py:190} INFO - [2025-09-25T05:14:44.870+0000] {dag.py:4180} INFO - Setting next_dagrun for latest_only to 2025-09-25 00:00:00+00:00, run_after=2025-09-25 04:00:00+00:00
[2025-09-25T05:14:44.887+0000] {processor.py:208} INFO - Processing /home/airflow/.local/lib/python3.12/site-packages/airflow/example_dags/example_latest_only.py took 0.080 seconds
[2025-09-25T05:15:15.966+0000] {processor.py:186} INFO - Started process (PID=413) to work on /home/airflow/.local/lib/python3.12/site-packages/airflow/example_dags/example_latest_only.py
[2025-09-25T05:15:15.967+0000] {processor.py:914} INFO - Processing file /home/airflow/.local/lib/python3.12/site-packages/airflow/example_dags/example_latest_only.py for tasks to queue
[2025-09-25T05:15:15.969+0000] {logging_mixin.py:190} INFO - [2025-09-25T05:15:15.969+0000] {dagbag.py:588} INFO - Filling up the DagBag from /home/airflow/.local/lib/python3.12/site-packages/airflow/example_dags/example_latest_only.py
[2025-09-25T05:15:15.978+0000] {processor.py:925} INFO - DAG(s) 'latest_only' retrieved from /home/airflow/.local/lib/python3.12/site-packages/airflow/example_dags/example_latest_only.py
[2025-09-25T05:15:15.996+0000] {logging_mixin.py:190} INFO - [2025-09-25T05:15:15.996+0000] {dag.py:3239} INFO - Sync 1 DAGs
[2025-09-25T05:15:16.018+0000] {logging_mixin.py:190} INFO - [2025-09-25T05:15:16.018+0000] {dag.py:4180} INFO - Setting next_dagrun for latest_only to 2025-09-25 00:00:00+00:00, run_after=2025-09-25 04:00:00+00:00
[2025-09-25T05:15:16.036+0000] {processor.py:208} INFO - Processing /home/airflow/.local/lib/python3.12/site-packages/airflow/example_dags/example_latest_only.py took 0.077 seconds
[2025-09-25T05:15:46.953+0000] {processor.py:186} INFO - Started process (PID=478) to work on /home/airflow/.local/lib/python3.12/site-packages/airflow/example_dags/example_latest_only.py
[2025-09-25T05:15:46.954+0000] {processor.py:914} INFO - Processing file /home/airflow/.local/lib/python3.12/site-packages/airflow/example_dags/example_latest_only.py for tasks to queue
[2025-09-25T05:15:46.957+0000] {logging_mixin.py:190} INFO - [2025-09-25T05:15:46.956+0000] {dagbag.py:588} INFO - Filling up the DagBag from /home/airflow/.local/lib/python3.12/site-packages/airflow/example_dags/example_latest_only.py
[2025-09-25T05:15:46.967+0000] {processor.py:925} INFO - DAG(s) 'latest_only' retrieved from /home/airflow/.local/lib/python3.12/site-packages/airflow/example_dags/example_latest_only.py
[2025-09-25T05:15:46.988+0000] {logging_mixin.py:190} INFO - [2025-09-25T05:15:46.988+0000] {dag.py:3239} INFO - Sync 1 DAGs
[2025-09-25T05:15:47.016+0000] {logging_mixin.py:190} INFO - [2025-09-25T05:15:47.016+0000] {dag.py:4180} INFO - Setting next_dagrun for latest_only to 2025-09-25 00:00:00+00:00, run_after=2025-09-25 04:00:00+00:00
[2025-09-25T05:15:47.035+0000] {processor.py:208} INFO - Processing /home/airflow/.local/lib/python3.12/site-packages/airflow/example_dags/example_latest_only.py took 0.088 seconds
[2025-09-25T05:16:18.002+0000] {processor.py:186} INFO - Started process (PID=543) to work on /home/airflow/.local/lib/python3.12/site-packages/airflow/example_dags/example_latest_only.py
[2025-09-25T05:16:18.003+0000] {processor.py:914} INFO - Processing file /home/airflow/.local/lib/python3.12/site-packages/airflow/example_dags/example_latest_only.py for tasks to queue
[2025-09-25T05:16:18.005+0000] {logging_mixin.py:190} INFO - [2025-09-25T05:16:18.005+0000] {dagbag.py:588} INFO - Filling up the DagBag from /home/airflow/.local/lib/python3.12/site-packages/airflow/example_dags/example_latest_only.py
[2025-09-25T05:16:18.012+0000] {processor.py:925} INFO - DAG(s) 'latest_only' retrieved from /home/airflow/.local/lib/python3.12/site-packages/airflow/example_dags/example_latest_only.py
[2025-09-25T05:16:18.027+0000] {logging_mixin.py:190} INFO - [2025-09-25T05:16:18.027+0000] {dag.py:3239} INFO - Sync 1 DAGs
[2025-09-25T05:16:18.046+0000] {logging_mixin.py:190} INFO - [2025-09-25T05:16:18.046+0000] {dag.py:4180} INFO - Setting next_dagrun for latest_only to 2025-09-25 00:00:00+00:00, run_after=2025-09-25 04:00:00+00:00
[2025-09-25T05:16:18.062+0000] {processor.py:208} INFO - Processing /home/airflow/.local/lib/python3.12/site-packages/airflow/example_dags/example_latest_only.py took 0.065 seconds
[2025-09-25T05:16:49.112+0000] {processor.py:186} INFO - Started process (PID=608) to work on /home/airflow/.local/lib/python3.12/site-packages/airflow/example_dags/example_latest_only.py
[2025-09-25T05:16:49.113+0000] {processor.py:914} INFO - Processing file /home/airflow/.local/lib/python3.12/site-packages/airflow/example_dags/example_latest_only.py for tasks to queue
[2025-09-25T05:16:49.116+0000] {logging_mixin.py:190} INFO - [2025-09-25T05:16:49.115+0000] {dagbag.py:588} INFO - Filling up the DagBag from /home/airflow/.local/lib/python3.12/site-packages/airflow/example_dags/example_latest_only.py
[2025-09-25T05:16:49.126+0000] {processor.py:925} INFO - DAG(s) 'latest_only' retrieved from /home/airflow/.local/lib/python3.12/site-packages/airflow/example_dags/example_latest_only.py
[2025-09-25T05:16:49.144+0000] {logging_mixin.py:190} INFO - [2025-09-25T05:16:49.144+0000] {dag.py:3239} INFO - Sync 1 DAGs
[2025-09-25T05:16:49.165+0000] {logging_mixin.py:190} INFO - [2025-09-25T05:16:49.164+0000] {dag.py:4180} INFO - Setting next_dagrun for latest_only to 2025-09-25 00:00:00+00:00, run_after=2025-09-25 04:00:00+00:00
[2025-09-25T05:16:49.181+0000] {processor.py:208} INFO - Processing /home/airflow/.local/lib/python3.12/site-packages/airflow/example_dags/example_latest_only.py took 0.074 seconds
[2025-09-25T05:17:19.831+0000] {processor.py:186} INFO - Started process (PID=673) to work on /home/airflow/.local/lib/python3.12/site-packages/airflow/example_dags/example_latest_only.py
[2025-09-25T05:17:19.832+0000] {processor.py:914} INFO - Processing file /home/airflow/.local/lib/python3.12/site-packages/airflow/example_dags/example_latest_only.py for tasks to queue
[2025-09-25T05:17:19.835+0000] {logging_mixin.py:190} INFO - [2025-09-25T05:17:19.835+0000] {dagbag.py:588} INFO - Filling up the DagBag from /home/airflow/.local/lib/python3.12/site-packages/airflow/example_dags/example_latest_only.py
[2025-09-25T05:17:19.842+0000] {processor.py:925} INFO - DAG(s) 'latest_only' retrieved from /home/airflow/.local/lib/python3.12/site-packages/airflow/example_dags/example_latest_only.py
[2025-09-25T05:17:19.864+0000] {logging_mixin.py:190} INFO - [2025-09-25T05:17:19.863+0000] {dag.py:3239} INFO - Sync 1 DAGs
[2025-09-25T05:17:19.887+0000] {logging_mixin.py:190} INFO - [2025-09-25T05:17:19.886+0000] {dag.py:4180} INFO - Setting next_dagrun for latest_only to 2025-09-25 00:00:00+00:00, run_after=2025-09-25 04:00:00+00:00
[2025-09-25T05:17:19.902+0000] {processor.py:208} INFO - Processing /home/airflow/.local/lib/python3.12/site-packages/airflow/example_dags/example_latest_only.py took 0.076 seconds
[2025-09-25T05:17:51.102+0000] {processor.py:186} INFO - Started process (PID=738) to work on /home/airflow/.local/lib/python3.12/site-packages/airflow/example_dags/example_latest_only.py
[2025-09-25T05:17:51.104+0000] {processor.py:914} INFO - Processing file /home/airflow/.local/lib/python3.12/site-packages/airflow/example_dags/example_latest_only.py for tasks to queue
[2025-09-25T05:17:51.106+0000] {logging_mixin.py:190} INFO - [2025-09-25T05:17:51.105+0000] {dagbag.py:588} INFO - Filling up the DagBag from /home/airflow/.local/lib/python3.12/site-packages/airflow/example_dags/example_latest_only.py
[2025-09-25T05:17:51.112+0000] {processor.py:925} INFO - DAG(s) 'latest_only' retrieved from /home/airflow/.local/lib/python3.12/site-packages/airflow/example_dags/example_latest_only.py
[2025-09-25T05:17:51.129+0000] {logging_mixin.py:190} INFO - [2025-09-25T05:17:51.129+0000] {dag.py:3239} INFO - Sync 1 DAGs
[2025-09-25T05:17:51.148+0000] {logging_mixin.py:190} INFO - [2025-09-25T05:17:51.148+0000] {dag.py:4180} INFO - Setting next_dagrun for latest_only to 2025-09-25 00:00:00+00:00, run_after=2025-09-25 04:00:00+00:00
[2025-09-25T05:17:51.163+0000] {processor.py:208} INFO - Processing /home/airflow/.local/lib/python3.12/site-packages/airflow/example_dags/example_latest_only.py took 0.067 seconds
[2025-09-25T05:18:22.724+0000] {processor.py:186} INFO - Started process (PID=804) to work on /home/airflow/.local/lib/python3.12/site-packages/airflow/example_dags/example_latest_only.py
[2025-09-25T05:18:22.725+0000] {processor.py:914} INFO - Processing file /home/airflow/.local/lib/python3.12/site-packages/airflow/example_dags/example_latest_only.py for tasks to queue
[2025-09-25T05:18:22.727+0000] {logging_mixin.py:190} INFO - [2025-09-25T05:18:22.727+0000] {dagbag.py:588} INFO - Filling up the DagBag from /home/airflow/.local/lib/python3.12/site-packages/airflow/example_dags/example_latest_only.py
[2025-09-25T05:18:22.734+0000] {processor.py:925} INFO - DAG(s) 'latest_only' retrieved from /home/airflow/.local/lib/python3.12/site-packages/airflow/example_dags/example_latest_only.py
[2025-09-25T05:18:22.750+0000] {logging_mixin.py:190} INFO - [2025-09-25T05:18:22.750+0000] {dag.py:3239} INFO - Sync 1 DAGs
[2025-09-25T05:18:22.771+0000] {logging_mixin.py:190} INFO - [2025-09-25T05:18:22.771+0000] {dag.py:4180} INFO - Setting next_dagrun for latest_only to 2025-09-25 00:00:00+00:00, run_after=2025-09-25 04:00:00+00:00
[2025-09-25T05:18:22.786+0000] {processor.py:208} INFO - Processing /home/airflow/.local/lib/python3.12/site-packages/airflow/example_dags/example_latest_only.py took 0.068 seconds
[2025-09-25T05:18:53.908+0000] {processor.py:186} INFO - Started process (PID=869) to work on /home/airflow/.local/lib/python3.12/site-packages/airflow/example_dags/example_latest_only.py
[2025-09-25T05:18:53.909+0000] {processor.py:914} INFO - Processing file /home/airflow/.local/lib/python3.12/site-packages/airflow/example_dags/example_latest_only.py for tasks to queue
[2025-09-25T05:18:53.912+0000] {logging_mixin.py:190} INFO - [2025-09-25T05:18:53.911+0000] {dagbag.py:588} INFO - Filling up the DagBag from /home/airflow/.local/lib/python3.12/site-packages/airflow/example_dags/example_latest_only.py
[2025-09-25T05:18:53.920+0000] {processor.py:925} INFO - DAG(s) 'latest_only' retrieved from /home/airflow/.local/lib/python3.12/site-packages/airflow/example_dags/example_latest_only.py
[2025-09-25T05:18:53.940+0000] {logging_mixin.py:190} INFO - [2025-09-25T05:18:53.939+0000] {dag.py:3239} INFO - Sync 1 DAGs
[2025-09-25T05:18:53.965+0000] {logging_mixin.py:190} INFO - [2025-09-25T05:18:53.965+0000] {dag.py:4180} INFO - Setting next_dagrun for latest_only to 2025-09-25 00:00:00+00:00, run_after=2025-09-25 04:00:00+00:00
[2025-09-25T05:18:53.985+0000] {processor.py:208} INFO - Processing /home/airflow/.local/lib/python3.12/site-packages/airflow/example_dags/example_latest_only.py took 0.083 seconds
[2025-09-25T05:19:25.194+0000] {processor.py:186} INFO - Started process (PID=940) to work on /home/airflow/.local/lib/python3.12/site-packages/airflow/example_dags/example_latest_only.py
[2025-09-25T05:19:25.195+0000] {processor.py:914} INFO - Processing file /home/airflow/.local/lib/python3.12/site-packages/airflow/example_dags/example_latest_only.py for tasks to queue
[2025-09-25T05:19:25.197+0000] {logging_mixin.py:190} INFO - [2025-09-25T05:19:25.197+0000] {dagbag.py:588} INFO - Filling up the DagBag from /home/airflow/.local/lib/python3.12/site-packages/airflow/example_dags/example_latest_only.py
[2025-09-25T05:19:25.204+0000] {processor.py:925} INFO - DAG(s) 'latest_only' retrieved from /home/airflow/.local/lib/python3.12/site-packages/airflow/example_dags/example_latest_only.py
[2025-09-25T05:19:25.220+0000] {logging_mixin.py:190} INFO - [2025-09-25T05:19:25.220+0000] {dag.py:3239} INFO - Sync 1 DAGs
[2025-09-25T05:19:25.240+0000] {logging_mixin.py:190} INFO - [2025-09-25T05:19:25.239+0000] {dag.py:4180} INFO - Setting next_dagrun for latest_only to 2025-09-25 00:00:00+00:00, run_after=2025-09-25 04:00:00+00:00
[2025-09-25T05:19:25.255+0000] {processor.py:208} INFO - Processing /home/airflow/.local/lib/python3.12/site-packages/airflow/example_dags/example_latest_only.py took 0.065 seconds
[2025-09-25T05:19:56.387+0000] {processor.py:186} INFO - Started process (PID=1004) to work on /home/airflow/.local/lib/python3.12/site-packages/airflow/example_dags/example_latest_only.py
[2025-09-25T05:19:56.388+0000] {processor.py:914} INFO - Processing file /home/airflow/.local/lib/python3.12/site-packages/airflow/example_dags/example_latest_only.py for tasks to queue
[2025-09-25T05:19:56.390+0000] {logging_mixin.py:190} INFO - [2025-09-25T05:19:56.390+0000] {dagbag.py:588} INFO - Filling up the DagBag from /home/airflow/.local/lib/python3.12/site-packages/airflow/example_dags/example_latest_only.py
[2025-09-25T05:19:56.398+0000] {processor.py:925} INFO - DAG(s) 'latest_only' retrieved from /home/airflow/.local/lib/python3.12/site-packages/airflow/example_dags/example_latest_only.py
[2025-09-25T05:19:56.416+0000] {logging_mixin.py:190} INFO - [2025-09-25T05:19:56.416+0000] {dag.py:3239} INFO - Sync 1 DAGs
[2025-09-25T05:19:56.435+0000] {logging_mixin.py:190} INFO - [2025-09-25T05:19:56.435+0000] {dag.py:4180} INFO - Setting next_dagrun for latest_only to 2025-09-25 00:00:00+00:00, run_after=2025-09-25 04:00:00+00:00
[2025-09-25T05:19:56.452+0000] {processor.py:208} INFO - Processing /home/airflow/.local/lib/python3.12/site-packages/airflow/example_dags/example_latest_only.py took 0.070 seconds
[2025-09-25T05:25:42.770+0000] {processor.py:186} INFO - Started process (PID=89) to work on /home/airflow/.local/lib/python3.12/site-packages/airflow/example_dags/example_latest_only.py
[2025-09-25T05:25:42.771+0000] {processor.py:914} INFO - Processing file /home/airflow/.local/lib/python3.12/site-packages/airflow/example_dags/example_latest_only.py for tasks to queue
[2025-09-25T05:25:42.773+0000] {logging_mixin.py:190} INFO - [2025-09-25T05:25:42.773+0000] {dagbag.py:588} INFO - Filling up the DagBag from /home/airflow/.local/lib/python3.12/site-packages/airflow/example_dags/example_latest_only.py
[2025-09-25T05:25:42.781+0000] {processor.py:925} INFO - DAG(s) 'latest_only' retrieved from /home/airflow/.local/lib/python3.12/site-packages/airflow/example_dags/example_latest_only.py
[2025-09-25T05:25:42.891+0000] {logging_mixin.py:190} INFO - [2025-09-25T05:25:42.891+0000] {dag.py:3239} INFO - Sync 1 DAGs
[2025-09-25T05:25:42.913+0000] {logging_mixin.py:190} INFO - [2025-09-25T05:25:42.912+0000] {dag.py:4180} INFO - Setting next_dagrun for latest_only to 2025-09-25 00:00:00+00:00, run_after=2025-09-25 04:00:00+00:00
[2025-09-25T05:25:42.931+0000] {processor.py:208} INFO - Processing /home/airflow/.local/lib/python3.12/site-packages/airflow/example_dags/example_latest_only.py took 0.169 seconds
[2025-09-25T05:26:13.828+0000] {processor.py:186} INFO - Started process (PID=154) to work on /home/airflow/.local/lib/python3.12/site-packages/airflow/example_dags/example_latest_only.py
[2025-09-25T05:26:13.829+0000] {processor.py:914} INFO - Processing file /home/airflow/.local/lib/python3.12/site-packages/airflow/example_dags/example_latest_only.py for tasks to queue
[2025-09-25T05:26:13.831+0000] {logging_mixin.py:190} INFO - [2025-09-25T05:26:13.831+0000] {dagbag.py:588} INFO - Filling up the DagBag from /home/airflow/.local/lib/python3.12/site-packages/airflow/example_dags/example_latest_only.py
[2025-09-25T05:26:13.838+0000] {processor.py:925} INFO - DAG(s) 'latest_only' retrieved from /home/airflow/.local/lib/python3.12/site-packages/airflow/example_dags/example_latest_only.py
[2025-09-25T05:26:13.855+0000] {logging_mixin.py:190} INFO - [2025-09-25T05:26:13.855+0000] {dag.py:3239} INFO - Sync 1 DAGs
[2025-09-25T05:26:13.875+0000] {logging_mixin.py:190} INFO - [2025-09-25T05:26:13.875+0000] {dag.py:4180} INFO - Setting next_dagrun for latest_only to 2025-09-25 00:00:00+00:00, run_after=2025-09-25 04:00:00+00:00
[2025-09-25T05:26:13.890+0000] {processor.py:208} INFO - Processing /home/airflow/.local/lib/python3.12/site-packages/airflow/example_dags/example_latest_only.py took 0.068 seconds
[2025-09-25T05:26:44.160+0000] {processor.py:186} INFO - Started process (PID=218) to work on /home/airflow/.local/lib/python3.12/site-packages/airflow/example_dags/example_latest_only.py
[2025-09-25T05:26:44.161+0000] {processor.py:914} INFO - Processing file /home/airflow/.local/lib/python3.12/site-packages/airflow/example_dags/example_latest_only.py for tasks to queue
[2025-09-25T05:26:44.163+0000] {logging_mixin.py:190} INFO - [2025-09-25T05:26:44.163+0000] {dagbag.py:588} INFO - Filling up the DagBag from /home/airflow/.local/lib/python3.12/site-packages/airflow/example_dags/example_latest_only.py
[2025-09-25T05:26:44.170+0000] {processor.py:925} INFO - DAG(s) 'latest_only' retrieved from /home/airflow/.local/lib/python3.12/site-packages/airflow/example_dags/example_latest_only.py
[2025-09-25T05:26:44.188+0000] {logging_mixin.py:190} INFO - [2025-09-25T05:26:44.188+0000] {dag.py:3239} INFO - Sync 1 DAGs
[2025-09-25T05:26:44.210+0000] {logging_mixin.py:190} INFO - [2025-09-25T05:26:44.209+0000] {dag.py:4180} INFO - Setting next_dagrun for latest_only to 2025-09-25 00:00:00+00:00, run_after=2025-09-25 04:00:00+00:00
[2025-09-25T05:26:44.225+0000] {processor.py:208} INFO - Processing /home/airflow/.local/lib/python3.12/site-packages/airflow/example_dags/example_latest_only.py took 0.072 seconds
[2025-09-25T05:27:14.824+0000] {processor.py:186} INFO - Started process (PID=283) to work on /home/airflow/.local/lib/python3.12/site-packages/airflow/example_dags/example_latest_only.py
[2025-09-25T05:27:14.825+0000] {processor.py:914} INFO - Processing file /home/airflow/.local/lib/python3.12/site-packages/airflow/example_dags/example_latest_only.py for tasks to queue
[2025-09-25T05:27:14.827+0000] {logging_mixin.py:190} INFO - [2025-09-25T05:27:14.826+0000] {dagbag.py:588} INFO - Filling up the DagBag from /home/airflow/.local/lib/python3.12/site-packages/airflow/example_dags/example_latest_only.py
[2025-09-25T05:27:14.833+0000] {processor.py:925} INFO - DAG(s) 'latest_only' retrieved from /home/airflow/.local/lib/python3.12/site-packages/airflow/example_dags/example_latest_only.py
[2025-09-25T05:27:14.849+0000] {logging_mixin.py:190} INFO - [2025-09-25T05:27:14.849+0000] {dag.py:3239} INFO - Sync 1 DAGs
[2025-09-25T05:27:14.869+0000] {logging_mixin.py:190} INFO - [2025-09-25T05:27:14.869+0000] {dag.py:4180} INFO - Setting next_dagrun for latest_only to 2025-09-25 00:00:00+00:00, run_after=2025-09-25 04:00:00+00:00
[2025-09-25T05:27:14.884+0000] {processor.py:208} INFO - Processing /home/airflow/.local/lib/python3.12/site-packages/airflow/example_dags/example_latest_only.py took 0.065 seconds
[2025-09-25T05:27:45.773+0000] {processor.py:186} INFO - Started process (PID=348) to work on /home/airflow/.local/lib/python3.12/site-packages/airflow/example_dags/example_latest_only.py
[2025-09-25T05:27:45.774+0000] {processor.py:914} INFO - Processing file /home/airflow/.local/lib/python3.12/site-packages/airflow/example_dags/example_latest_only.py for tasks to queue
[2025-09-25T05:27:45.776+0000] {logging_mixin.py:190} INFO - [2025-09-25T05:27:45.776+0000] {dagbag.py:588} INFO - Filling up the DagBag from /home/airflow/.local/lib/python3.12/site-packages/airflow/example_dags/example_latest_only.py
[2025-09-25T05:27:45.783+0000] {processor.py:925} INFO - DAG(s) 'latest_only' retrieved from /home/airflow/.local/lib/python3.12/site-packages/airflow/example_dags/example_latest_only.py
[2025-09-25T05:27:45.800+0000] {logging_mixin.py:190} INFO - [2025-09-25T05:27:45.799+0000] {dag.py:3239} INFO - Sync 1 DAGs
[2025-09-25T05:27:45.819+0000] {logging_mixin.py:190} INFO - [2025-09-25T05:27:45.819+0000] {dag.py:4180} INFO - Setting next_dagrun for latest_only to 2025-09-25 00:00:00+00:00, run_after=2025-09-25 04:00:00+00:00
[2025-09-25T05:27:45.836+0000] {processor.py:208} INFO - Processing /home/airflow/.local/lib/python3.12/site-packages/airflow/example_dags/example_latest_only.py took 0.068 seconds
[2025-09-25T05:28:57.206+0000] {processor.py:186} INFO - Started process (PID=90) to work on /home/airflow/.local/lib/python3.12/site-packages/airflow/example_dags/example_latest_only.py
[2025-09-25T05:28:57.207+0000] {processor.py:914} INFO - Processing file /home/airflow/.local/lib/python3.12/site-packages/airflow/example_dags/example_latest_only.py for tasks to queue
[2025-09-25T05:28:57.210+0000] {logging_mixin.py:190} INFO - [2025-09-25T05:28:57.210+0000] {dagbag.py:588} INFO - Filling up the DagBag from /home/airflow/.local/lib/python3.12/site-packages/airflow/example_dags/example_latest_only.py
[2025-09-25T05:28:57.218+0000] {processor.py:925} INFO - DAG(s) 'latest_only' retrieved from /home/airflow/.local/lib/python3.12/site-packages/airflow/example_dags/example_latest_only.py
[2025-09-25T05:28:57.235+0000] {logging_mixin.py:190} INFO - [2025-09-25T05:28:57.235+0000] {dag.py:3239} INFO - Sync 1 DAGs
[2025-09-25T05:28:57.255+0000] {logging_mixin.py:190} INFO - [2025-09-25T05:28:57.255+0000] {dag.py:4180} INFO - Setting next_dagrun for latest_only to 2025-09-25 00:00:00+00:00, run_after=2025-09-25 04:00:00+00:00
[2025-09-25T05:28:57.269+0000] {processor.py:208} INFO - Processing /home/airflow/.local/lib/python3.12/site-packages/airflow/example_dags/example_latest_only.py took 0.071 seconds
[2025-09-25T05:29:27.943+0000] {processor.py:186} INFO - Started process (PID=154) to work on /home/airflow/.local/lib/python3.12/site-packages/airflow/example_dags/example_latest_only.py
[2025-09-25T05:29:27.944+0000] {processor.py:914} INFO - Processing file /home/airflow/.local/lib/python3.12/site-packages/airflow/example_dags/example_latest_only.py for tasks to queue
[2025-09-25T05:29:27.945+0000] {logging_mixin.py:190} INFO - [2025-09-25T05:29:27.945+0000] {dagbag.py:588} INFO - Filling up the DagBag from /home/airflow/.local/lib/python3.12/site-packages/airflow/example_dags/example_latest_only.py
[2025-09-25T05:29:27.951+0000] {processor.py:925} INFO - DAG(s) 'latest_only' retrieved from /home/airflow/.local/lib/python3.12/site-packages/airflow/example_dags/example_latest_only.py
[2025-09-25T05:29:27.966+0000] {logging_mixin.py:190} INFO - [2025-09-25T05:29:27.966+0000] {dag.py:3239} INFO - Sync 1 DAGs
[2025-09-25T05:29:27.983+0000] {logging_mixin.py:190} INFO - [2025-09-25T05:29:27.983+0000] {dag.py:4180} INFO - Setting next_dagrun for latest_only to 2025-09-25 00:00:00+00:00, run_after=2025-09-25 04:00:00+00:00
[2025-09-25T05:29:27.996+0000] {processor.py:208} INFO - Processing /home/airflow/.local/lib/python3.12/site-packages/airflow/example_dags/example_latest_only.py took 0.058 seconds
[2025-09-25T05:29:59.122+0000] {processor.py:186} INFO - Started process (PID=223) to work on /home/airflow/.local/lib/python3.12/site-packages/airflow/example_dags/example_latest_only.py
[2025-09-25T05:29:59.124+0000] {processor.py:914} INFO - Processing file /home/airflow/.local/lib/python3.12/site-packages/airflow/example_dags/example_latest_only.py for tasks to queue
[2025-09-25T05:29:59.126+0000] {logging_mixin.py:190} INFO - [2025-09-25T05:29:59.126+0000] {dagbag.py:588} INFO - Filling up the DagBag from /home/airflow/.local/lib/python3.12/site-packages/airflow/example_dags/example_latest_only.py
[2025-09-25T05:29:59.132+0000] {processor.py:925} INFO - DAG(s) 'latest_only' retrieved from /home/airflow/.local/lib/python3.12/site-packages/airflow/example_dags/example_latest_only.py
[2025-09-25T05:29:59.147+0000] {logging_mixin.py:190} INFO - [2025-09-25T05:29:59.147+0000] {dag.py:3239} INFO - Sync 1 DAGs
[2025-09-25T05:29:59.165+0000] {logging_mixin.py:190} INFO - [2025-09-25T05:29:59.165+0000] {dag.py:4180} INFO - Setting next_dagrun for latest_only to 2025-09-25 00:00:00+00:00, run_after=2025-09-25 04:00:00+00:00
[2025-09-25T05:29:59.179+0000] {processor.py:208} INFO - Processing /home/airflow/.local/lib/python3.12/site-packages/airflow/example_dags/example_latest_only.py took 0.061 seconds
[2025-09-25T05:30:30.414+0000] {processor.py:186} INFO - Started process (PID=284) to work on /home/airflow/.local/lib/python3.12/site-packages/airflow/example_dags/example_latest_only.py
[2025-09-25T05:30:30.415+0000] {processor.py:914} INFO - Processing file /home/airflow/.local/lib/python3.12/site-packages/airflow/example_dags/example_latest_only.py for tasks to queue
[2025-09-25T05:30:30.416+0000] {logging_mixin.py:190} INFO - [2025-09-25T05:30:30.416+0000] {dagbag.py:588} INFO - Filling up the DagBag from /home/airflow/.local/lib/python3.12/site-packages/airflow/example_dags/example_latest_only.py
[2025-09-25T05:30:30.423+0000] {processor.py:925} INFO - DAG(s) 'latest_only' retrieved from /home/airflow/.local/lib/python3.12/site-packages/airflow/example_dags/example_latest_only.py
[2025-09-25T05:30:30.439+0000] {logging_mixin.py:190} INFO - [2025-09-25T05:30:30.438+0000] {dag.py:3239} INFO - Sync 1 DAGs
[2025-09-25T05:30:30.456+0000] {logging_mixin.py:190} INFO - [2025-09-25T05:30:30.456+0000] {dag.py:4180} INFO - Setting next_dagrun for latest_only to 2025-09-25 00:00:00+00:00, run_after=2025-09-25 04:00:00+00:00
[2025-09-25T05:30:30.470+0000] {processor.py:208} INFO - Processing /home/airflow/.local/lib/python3.12/site-packages/airflow/example_dags/example_latest_only.py took 0.062 seconds
[2025-09-25T05:31:01.343+0000] {processor.py:186} INFO - Started process (PID=349) to work on /home/airflow/.local/lib/python3.12/site-packages/airflow/example_dags/example_latest_only.py
[2025-09-25T05:31:01.344+0000] {processor.py:914} INFO - Processing file /home/airflow/.local/lib/python3.12/site-packages/airflow/example_dags/example_latest_only.py for tasks to queue
[2025-09-25T05:31:01.346+0000] {logging_mixin.py:190} INFO - [2025-09-25T05:31:01.346+0000] {dagbag.py:588} INFO - Filling up the DagBag from /home/airflow/.local/lib/python3.12/site-packages/airflow/example_dags/example_latest_only.py
[2025-09-25T05:31:01.353+0000] {processor.py:925} INFO - DAG(s) 'latest_only' retrieved from /home/airflow/.local/lib/python3.12/site-packages/airflow/example_dags/example_latest_only.py
[2025-09-25T05:31:01.370+0000] {logging_mixin.py:190} INFO - [2025-09-25T05:31:01.370+0000] {dag.py:3239} INFO - Sync 1 DAGs
[2025-09-25T05:31:01.389+0000] {logging_mixin.py:190} INFO - [2025-09-25T05:31:01.389+0000] {dag.py:4180} INFO - Setting next_dagrun for latest_only to 2025-09-25 00:00:00+00:00, run_after=2025-09-25 04:00:00+00:00
[2025-09-25T05:31:01.404+0000] {processor.py:208} INFO - Processing /home/airflow/.local/lib/python3.12/site-packages/airflow/example_dags/example_latest_only.py took 0.066 seconds
[2025-09-25T05:31:32.202+0000] {processor.py:186} INFO - Started process (PID=414) to work on /home/airflow/.local/lib/python3.12/site-packages/airflow/example_dags/example_latest_only.py
[2025-09-25T05:31:32.203+0000] {processor.py:914} INFO - Processing file /home/airflow/.local/lib/python3.12/site-packages/airflow/example_dags/example_latest_only.py for tasks to queue
[2025-09-25T05:31:32.205+0000] {logging_mixin.py:190} INFO - [2025-09-25T05:31:32.205+0000] {dagbag.py:588} INFO - Filling up the DagBag from /home/airflow/.local/lib/python3.12/site-packages/airflow/example_dags/example_latest_only.py
[2025-09-25T05:31:32.212+0000] {processor.py:925} INFO - DAG(s) 'latest_only' retrieved from /home/airflow/.local/lib/python3.12/site-packages/airflow/example_dags/example_latest_only.py
[2025-09-25T05:31:32.229+0000] {logging_mixin.py:190} INFO - [2025-09-25T05:31:32.229+0000] {dag.py:3239} INFO - Sync 1 DAGs
[2025-09-25T05:31:32.250+0000] {logging_mixin.py:190} INFO - [2025-09-25T05:31:32.250+0000] {dag.py:4180} INFO - Setting next_dagrun for latest_only to 2025-09-25 00:00:00+00:00, run_after=2025-09-25 04:00:00+00:00
[2025-09-25T05:31:32.266+0000] {processor.py:208} INFO - Processing /home/airflow/.local/lib/python3.12/site-packages/airflow/example_dags/example_latest_only.py took 0.069 seconds
[2025-09-25T05:32:03.398+0000] {processor.py:186} INFO - Started process (PID=480) to work on /home/airflow/.local/lib/python3.12/site-packages/airflow/example_dags/example_latest_only.py
[2025-09-25T05:32:03.399+0000] {processor.py:914} INFO - Processing file /home/airflow/.local/lib/python3.12/site-packages/airflow/example_dags/example_latest_only.py for tasks to queue
[2025-09-25T05:32:03.401+0000] {logging_mixin.py:190} INFO - [2025-09-25T05:32:03.401+0000] {dagbag.py:588} INFO - Filling up the DagBag from /home/airflow/.local/lib/python3.12/site-packages/airflow/example_dags/example_latest_only.py
[2025-09-25T05:32:03.408+0000] {processor.py:925} INFO - DAG(s) 'latest_only' retrieved from /home/airflow/.local/lib/python3.12/site-packages/airflow/example_dags/example_latest_only.py
[2025-09-25T05:32:03.425+0000] {logging_mixin.py:190} INFO - [2025-09-25T05:32:03.425+0000] {dag.py:3239} INFO - Sync 1 DAGs
[2025-09-25T05:32:03.458+0000] {logging_mixin.py:190} INFO - [2025-09-25T05:32:03.458+0000] {dag.py:4180} INFO - Setting next_dagrun for latest_only to 2025-09-25 00:00:00+00:00, run_after=2025-09-25 04:00:00+00:00
[2025-09-25T05:32:03.484+0000] {processor.py:208} INFO - Processing /home/airflow/.local/lib/python3.12/site-packages/airflow/example_dags/example_latest_only.py took 0.091 seconds
[2025-09-25T05:32:35.273+0000] {processor.py:186} INFO - Started process (PID=544) to work on /home/airflow/.local/lib/python3.12/site-packages/airflow/example_dags/example_latest_only.py
[2025-09-25T05:32:35.274+0000] {processor.py:914} INFO - Processing file /home/airflow/.local/lib/python3.12/site-packages/airflow/example_dags/example_latest_only.py for tasks to queue
[2025-09-25T05:32:35.276+0000] {logging_mixin.py:190} INFO - [2025-09-25T05:32:35.276+0000] {dagbag.py:588} INFO - Filling up the DagBag from /home/airflow/.local/lib/python3.12/site-packages/airflow/example_dags/example_latest_only.py
[2025-09-25T05:32:35.283+0000] {processor.py:925} INFO - DAG(s) 'latest_only' retrieved from /home/airflow/.local/lib/python3.12/site-packages/airflow/example_dags/example_latest_only.py
[2025-09-25T05:32:35.300+0000] {logging_mixin.py:190} INFO - [2025-09-25T05:32:35.300+0000] {dag.py:3239} INFO - Sync 1 DAGs
[2025-09-25T05:32:35.320+0000] {logging_mixin.py:190} INFO - [2025-09-25T05:32:35.320+0000] {dag.py:4180} INFO - Setting next_dagrun for latest_only to 2025-09-25 00:00:00+00:00, run_after=2025-09-25 04:00:00+00:00
[2025-09-25T05:32:35.349+0000] {processor.py:208} INFO - Processing /home/airflow/.local/lib/python3.12/site-packages/airflow/example_dags/example_latest_only.py took 0.082 seconds
[2025-09-25T05:33:05.597+0000] {processor.py:186} INFO - Started process (PID=609) to work on /home/airflow/.local/lib/python3.12/site-packages/airflow/example_dags/example_latest_only.py
[2025-09-25T05:33:05.598+0000] {processor.py:914} INFO - Processing file /home/airflow/.local/lib/python3.12/site-packages/airflow/example_dags/example_latest_only.py for tasks to queue
[2025-09-25T05:33:05.601+0000] {logging_mixin.py:190} INFO - [2025-09-25T05:33:05.600+0000] {dagbag.py:588} INFO - Filling up the DagBag from /home/airflow/.local/lib/python3.12/site-packages/airflow/example_dags/example_latest_only.py
[2025-09-25T05:33:05.608+0000] {processor.py:925} INFO - DAG(s) 'latest_only' retrieved from /home/airflow/.local/lib/python3.12/site-packages/airflow/example_dags/example_latest_only.py
[2025-09-25T05:33:05.625+0000] {logging_mixin.py:190} INFO - [2025-09-25T05:33:05.625+0000] {dag.py:3239} INFO - Sync 1 DAGs
[2025-09-25T05:33:05.645+0000] {logging_mixin.py:190} INFO - [2025-09-25T05:33:05.645+0000] {dag.py:4180} INFO - Setting next_dagrun for latest_only to 2025-09-25 00:00:00+00:00, run_after=2025-09-25 04:00:00+00:00
[2025-09-25T05:33:05.662+0000] {processor.py:208} INFO - Processing /home/airflow/.local/lib/python3.12/site-packages/airflow/example_dags/example_latest_only.py took 0.070 seconds
[2025-09-25T05:33:36.730+0000] {processor.py:186} INFO - Started process (PID=674) to work on /home/airflow/.local/lib/python3.12/site-packages/airflow/example_dags/example_latest_only.py
[2025-09-25T05:33:36.731+0000] {processor.py:914} INFO - Processing file /home/airflow/.local/lib/python3.12/site-packages/airflow/example_dags/example_latest_only.py for tasks to queue
[2025-09-25T05:33:36.733+0000] {logging_mixin.py:190} INFO - [2025-09-25T05:33:36.733+0000] {dagbag.py:588} INFO - Filling up the DagBag from /home/airflow/.local/lib/python3.12/site-packages/airflow/example_dags/example_latest_only.py
[2025-09-25T05:33:36.740+0000] {processor.py:925} INFO - DAG(s) 'latest_only' retrieved from /home/airflow/.local/lib/python3.12/site-packages/airflow/example_dags/example_latest_only.py
[2025-09-25T05:33:36.756+0000] {logging_mixin.py:190} INFO - [2025-09-25T05:33:36.756+0000] {dag.py:3239} INFO - Sync 1 DAGs
[2025-09-25T05:33:36.776+0000] {logging_mixin.py:190} INFO - [2025-09-25T05:33:36.776+0000] {dag.py:4180} INFO - Setting next_dagrun for latest_only to 2025-09-25 00:00:00+00:00, run_after=2025-09-25 04:00:00+00:00
[2025-09-25T05:33:36.790+0000] {processor.py:208} INFO - Processing /home/airflow/.local/lib/python3.12/site-packages/airflow/example_dags/example_latest_only.py took 0.067 seconds
[2025-09-25T05:34:07.946+0000] {processor.py:186} INFO - Started process (PID=739) to work on /home/airflow/.local/lib/python3.12/site-packages/airflow/example_dags/example_latest_only.py
[2025-09-25T05:34:07.947+0000] {processor.py:914} INFO - Processing file /home/airflow/.local/lib/python3.12/site-packages/airflow/example_dags/example_latest_only.py for tasks to queue
[2025-09-25T05:34:07.949+0000] {logging_mixin.py:190} INFO - [2025-09-25T05:34:07.949+0000] {dagbag.py:588} INFO - Filling up the DagBag from /home/airflow/.local/lib/python3.12/site-packages/airflow/example_dags/example_latest_only.py
[2025-09-25T05:34:07.958+0000] {processor.py:925} INFO - DAG(s) 'latest_only' retrieved from /home/airflow/.local/lib/python3.12/site-packages/airflow/example_dags/example_latest_only.py
[2025-09-25T05:34:07.978+0000] {logging_mixin.py:190} INFO - [2025-09-25T05:34:07.978+0000] {dag.py:3239} INFO - Sync 1 DAGs
[2025-09-25T05:34:07.999+0000] {logging_mixin.py:190} INFO - [2025-09-25T05:34:07.998+0000] {dag.py:4180} INFO - Setting next_dagrun for latest_only to 2025-09-25 00:00:00+00:00, run_after=2025-09-25 04:00:00+00:00
[2025-09-25T05:34:08.016+0000] {processor.py:208} INFO - Processing /home/airflow/.local/lib/python3.12/site-packages/airflow/example_dags/example_latest_only.py took 0.075 seconds
[2025-09-25T05:34:39.181+0000] {processor.py:186} INFO - Started process (PID=804) to work on /home/airflow/.local/lib/python3.12/site-packages/airflow/example_dags/example_latest_only.py
[2025-09-25T05:34:39.182+0000] {processor.py:914} INFO - Processing file /home/airflow/.local/lib/python3.12/site-packages/airflow/example_dags/example_latest_only.py for tasks to queue
[2025-09-25T05:34:39.184+0000] {logging_mixin.py:190} INFO - [2025-09-25T05:34:39.184+0000] {dagbag.py:588} INFO - Filling up the DagBag from /home/airflow/.local/lib/python3.12/site-packages/airflow/example_dags/example_latest_only.py
[2025-09-25T05:34:39.193+0000] {processor.py:925} INFO - DAG(s) 'latest_only' retrieved from /home/airflow/.local/lib/python3.12/site-packages/airflow/example_dags/example_latest_only.py
[2025-09-25T05:34:39.210+0000] {logging_mixin.py:190} INFO - [2025-09-25T05:34:39.210+0000] {dag.py:3239} INFO - Sync 1 DAGs
[2025-09-25T05:34:39.230+0000] {logging_mixin.py:190} INFO - [2025-09-25T05:34:39.230+0000] {dag.py:4180} INFO - Setting next_dagrun for latest_only to 2025-09-25 00:00:00+00:00, run_after=2025-09-25 04:00:00+00:00
[2025-09-25T05:34:39.245+0000] {processor.py:208} INFO - Processing /home/airflow/.local/lib/python3.12/site-packages/airflow/example_dags/example_latest_only.py took 0.070 seconds
[2025-09-25T05:35:10.345+0000] {processor.py:186} INFO - Started process (PID=869) to work on /home/airflow/.local/lib/python3.12/site-packages/airflow/example_dags/example_latest_only.py
[2025-09-25T05:35:10.346+0000] {processor.py:914} INFO - Processing file /home/airflow/.local/lib/python3.12/site-packages/airflow/example_dags/example_latest_only.py for tasks to queue
[2025-09-25T05:35:10.348+0000] {logging_mixin.py:190} INFO - [2025-09-25T05:35:10.348+0000] {dagbag.py:588} INFO - Filling up the DagBag from /home/airflow/.local/lib/python3.12/site-packages/airflow/example_dags/example_latest_only.py
[2025-09-25T05:35:10.355+0000] {processor.py:925} INFO - DAG(s) 'latest_only' retrieved from /home/airflow/.local/lib/python3.12/site-packages/airflow/example_dags/example_latest_only.py
[2025-09-25T05:35:10.372+0000] {logging_mixin.py:190} INFO - [2025-09-25T05:35:10.371+0000] {dag.py:3239} INFO - Sync 1 DAGs
[2025-09-25T05:35:10.394+0000] {logging_mixin.py:190} INFO - [2025-09-25T05:35:10.394+0000] {dag.py:4180} INFO - Setting next_dagrun for latest_only to 2025-09-25 00:00:00+00:00, run_after=2025-09-25 04:00:00+00:00
[2025-09-25T05:35:10.408+0000] {processor.py:208} INFO - Processing /home/airflow/.local/lib/python3.12/site-packages/airflow/example_dags/example_latest_only.py took 0.068 seconds
[2025-09-25T05:35:41.680+0000] {processor.py:186} INFO - Started process (PID=934) to work on /home/airflow/.local/lib/python3.12/site-packages/airflow/example_dags/example_latest_only.py
[2025-09-25T05:35:41.681+0000] {processor.py:914} INFO - Processing file /home/airflow/.local/lib/python3.12/site-packages/airflow/example_dags/example_latest_only.py for tasks to queue
[2025-09-25T05:35:41.683+0000] {logging_mixin.py:190} INFO - [2025-09-25T05:35:41.683+0000] {dagbag.py:588} INFO - Filling up the DagBag from /home/airflow/.local/lib/python3.12/site-packages/airflow/example_dags/example_latest_only.py
[2025-09-25T05:35:41.689+0000] {processor.py:925} INFO - DAG(s) 'latest_only' retrieved from /home/airflow/.local/lib/python3.12/site-packages/airflow/example_dags/example_latest_only.py
[2025-09-25T05:35:41.707+0000] {logging_mixin.py:190} INFO - [2025-09-25T05:35:41.706+0000] {dag.py:3239} INFO - Sync 1 DAGs
[2025-09-25T05:35:41.726+0000] {logging_mixin.py:190} INFO - [2025-09-25T05:35:41.726+0000] {dag.py:4180} INFO - Setting next_dagrun for latest_only to 2025-09-25 00:00:00+00:00, run_after=2025-09-25 04:00:00+00:00
[2025-09-25T05:35:41.743+0000] {processor.py:208} INFO - Processing /home/airflow/.local/lib/python3.12/site-packages/airflow/example_dags/example_latest_only.py took 0.071 seconds
[2025-09-25T05:36:13.171+0000] {processor.py:186} INFO - Started process (PID=999) to work on /home/airflow/.local/lib/python3.12/site-packages/airflow/example_dags/example_latest_only.py
[2025-09-25T05:36:13.172+0000] {processor.py:914} INFO - Processing file /home/airflow/.local/lib/python3.12/site-packages/airflow/example_dags/example_latest_only.py for tasks to queue
[2025-09-25T05:36:13.174+0000] {logging_mixin.py:190} INFO - [2025-09-25T05:36:13.174+0000] {dagbag.py:588} INFO - Filling up the DagBag from /home/airflow/.local/lib/python3.12/site-packages/airflow/example_dags/example_latest_only.py
[2025-09-25T05:36:13.180+0000] {processor.py:925} INFO - DAG(s) 'latest_only' retrieved from /home/airflow/.local/lib/python3.12/site-packages/airflow/example_dags/example_latest_only.py
[2025-09-25T05:36:13.197+0000] {logging_mixin.py:190} INFO - [2025-09-25T05:36:13.196+0000] {dag.py:3239} INFO - Sync 1 DAGs
[2025-09-25T05:36:13.215+0000] {logging_mixin.py:190} INFO - [2025-09-25T05:36:13.215+0000] {dag.py:4180} INFO - Setting next_dagrun for latest_only to 2025-09-25 00:00:00+00:00, run_after=2025-09-25 04:00:00+00:00
[2025-09-25T05:36:13.230+0000] {processor.py:208} INFO - Processing /home/airflow/.local/lib/python3.12/site-packages/airflow/example_dags/example_latest_only.py took 0.065 seconds
[2025-09-25T05:36:44.270+0000] {processor.py:186} INFO - Started process (PID=1064) to work on /home/airflow/.local/lib/python3.12/site-packages/airflow/example_dags/example_latest_only.py
[2025-09-25T05:36:44.271+0000] {processor.py:914} INFO - Processing file /home/airflow/.local/lib/python3.12/site-packages/airflow/example_dags/example_latest_only.py for tasks to queue
[2025-09-25T05:36:44.273+0000] {logging_mixin.py:190} INFO - [2025-09-25T05:36:44.273+0000] {dagbag.py:588} INFO - Filling up the DagBag from /home/airflow/.local/lib/python3.12/site-packages/airflow/example_dags/example_latest_only.py
[2025-09-25T05:36:44.280+0000] {processor.py:925} INFO - DAG(s) 'latest_only' retrieved from /home/airflow/.local/lib/python3.12/site-packages/airflow/example_dags/example_latest_only.py
[2025-09-25T05:36:44.295+0000] {logging_mixin.py:190} INFO - [2025-09-25T05:36:44.294+0000] {dag.py:3239} INFO - Sync 1 DAGs
[2025-09-25T05:36:44.313+0000] {logging_mixin.py:190} INFO - [2025-09-25T05:36:44.313+0000] {dag.py:4180} INFO - Setting next_dagrun for latest_only to 2025-09-25 00:00:00+00:00, run_after=2025-09-25 04:00:00+00:00
[2025-09-25T05:36:44.327+0000] {processor.py:208} INFO - Processing /home/airflow/.local/lib/python3.12/site-packages/airflow/example_dags/example_latest_only.py took 0.062 seconds
[2025-09-25T05:37:15.122+0000] {processor.py:186} INFO - Started process (PID=1129) to work on /home/airflow/.local/lib/python3.12/site-packages/airflow/example_dags/example_latest_only.py
[2025-09-25T05:37:15.124+0000] {processor.py:914} INFO - Processing file /home/airflow/.local/lib/python3.12/site-packages/airflow/example_dags/example_latest_only.py for tasks to queue
[2025-09-25T05:37:15.126+0000] {logging_mixin.py:190} INFO - [2025-09-25T05:37:15.125+0000] {dagbag.py:588} INFO - Filling up the DagBag from /home/airflow/.local/lib/python3.12/site-packages/airflow/example_dags/example_latest_only.py
[2025-09-25T05:37:15.134+0000] {processor.py:925} INFO - DAG(s) 'latest_only' retrieved from /home/airflow/.local/lib/python3.12/site-packages/airflow/example_dags/example_latest_only.py
[2025-09-25T05:37:15.150+0000] {logging_mixin.py:190} INFO - [2025-09-25T05:37:15.150+0000] {dag.py:3239} INFO - Sync 1 DAGs
[2025-09-25T05:37:15.168+0000] {logging_mixin.py:190} INFO - [2025-09-25T05:37:15.168+0000] {dag.py:4180} INFO - Setting next_dagrun for latest_only to 2025-09-25 00:00:00+00:00, run_after=2025-09-25 04:00:00+00:00
[2025-09-25T05:37:15.185+0000] {processor.py:208} INFO - Processing /home/airflow/.local/lib/python3.12/site-packages/airflow/example_dags/example_latest_only.py took 0.068 seconds
[2025-09-25T05:37:46.458+0000] {processor.py:186} INFO - Started process (PID=1194) to work on /home/airflow/.local/lib/python3.12/site-packages/airflow/example_dags/example_latest_only.py
[2025-09-25T05:37:46.459+0000] {processor.py:914} INFO - Processing file /home/airflow/.local/lib/python3.12/site-packages/airflow/example_dags/example_latest_only.py for tasks to queue
[2025-09-25T05:37:46.461+0000] {logging_mixin.py:190} INFO - [2025-09-25T05:37:46.461+0000] {dagbag.py:588} INFO - Filling up the DagBag from /home/airflow/.local/lib/python3.12/site-packages/airflow/example_dags/example_latest_only.py
[2025-09-25T05:37:46.468+0000] {processor.py:925} INFO - DAG(s) 'latest_only' retrieved from /home/airflow/.local/lib/python3.12/site-packages/airflow/example_dags/example_latest_only.py
[2025-09-25T05:37:46.484+0000] {logging_mixin.py:190} INFO - [2025-09-25T05:37:46.484+0000] {dag.py:3239} INFO - Sync 1 DAGs
[2025-09-25T05:37:46.502+0000] {logging_mixin.py:190} INFO - [2025-09-25T05:37:46.502+0000] {dag.py:4180} INFO - Setting next_dagrun for latest_only to 2025-09-25 00:00:00+00:00, run_after=2025-09-25 04:00:00+00:00
[2025-09-25T05:37:46.517+0000] {processor.py:208} INFO - Processing /home/airflow/.local/lib/python3.12/site-packages/airflow/example_dags/example_latest_only.py took 0.064 seconds
[2025-09-25T05:38:17.824+0000] {processor.py:186} INFO - Started process (PID=1259) to work on /home/airflow/.local/lib/python3.12/site-packages/airflow/example_dags/example_latest_only.py
[2025-09-25T05:38:17.825+0000] {processor.py:914} INFO - Processing file /home/airflow/.local/lib/python3.12/site-packages/airflow/example_dags/example_latest_only.py for tasks to queue
[2025-09-25T05:38:17.828+0000] {logging_mixin.py:190} INFO - [2025-09-25T05:38:17.827+0000] {dagbag.py:588} INFO - Filling up the DagBag from /home/airflow/.local/lib/python3.12/site-packages/airflow/example_dags/example_latest_only.py
[2025-09-25T05:38:17.835+0000] {processor.py:925} INFO - DAG(s) 'latest_only' retrieved from /home/airflow/.local/lib/python3.12/site-packages/airflow/example_dags/example_latest_only.py
[2025-09-25T05:38:17.855+0000] {logging_mixin.py:190} INFO - [2025-09-25T05:38:17.855+0000] {dag.py:3239} INFO - Sync 1 DAGs
[2025-09-25T05:38:17.876+0000] {logging_mixin.py:190} INFO - [2025-09-25T05:38:17.876+0000] {dag.py:4180} INFO - Setting next_dagrun for latest_only to 2025-09-25 00:00:00+00:00, run_after=2025-09-25 04:00:00+00:00
[2025-09-25T05:38:17.890+0000] {processor.py:208} INFO - Processing /home/airflow/.local/lib/python3.12/site-packages/airflow/example_dags/example_latest_only.py took 0.072 seconds
[2025-09-25T05:38:49.065+0000] {processor.py:186} INFO - Started process (PID=1324) to work on /home/airflow/.local/lib/python3.12/site-packages/airflow/example_dags/example_latest_only.py
[2025-09-25T05:38:49.066+0000] {processor.py:914} INFO - Processing file /home/airflow/.local/lib/python3.12/site-packages/airflow/example_dags/example_latest_only.py for tasks to queue
[2025-09-25T05:38:49.068+0000] {logging_mixin.py:190} INFO - [2025-09-25T05:38:49.068+0000] {dagbag.py:588} INFO - Filling up the DagBag from /home/airflow/.local/lib/python3.12/site-packages/airflow/example_dags/example_latest_only.py
[2025-09-25T05:38:49.075+0000] {processor.py:925} INFO - DAG(s) 'latest_only' retrieved from /home/airflow/.local/lib/python3.12/site-packages/airflow/example_dags/example_latest_only.py
[2025-09-25T05:38:49.094+0000] {logging_mixin.py:190} INFO - [2025-09-25T05:38:49.094+0000] {dag.py:3239} INFO - Sync 1 DAGs
[2025-09-25T05:38:49.116+0000] {logging_mixin.py:190} INFO - [2025-09-25T05:38:49.116+0000] {dag.py:4180} INFO - Setting next_dagrun for latest_only to 2025-09-25 00:00:00+00:00, run_after=2025-09-25 04:00:00+00:00
[2025-09-25T05:38:49.132+0000] {processor.py:208} INFO - Processing /home/airflow/.local/lib/python3.12/site-packages/airflow/example_dags/example_latest_only.py took 0.072 seconds
[2025-09-25T05:39:20.735+0000] {processor.py:186} INFO - Started process (PID=1395) to work on /home/airflow/.local/lib/python3.12/site-packages/airflow/example_dags/example_latest_only.py
[2025-09-25T05:39:20.736+0000] {processor.py:914} INFO - Processing file /home/airflow/.local/lib/python3.12/site-packages/airflow/example_dags/example_latest_only.py for tasks to queue
[2025-09-25T05:39:20.738+0000] {logging_mixin.py:190} INFO - [2025-09-25T05:39:20.738+0000] {dagbag.py:588} INFO - Filling up the DagBag from /home/airflow/.local/lib/python3.12/site-packages/airflow/example_dags/example_latest_only.py
[2025-09-25T05:39:20.745+0000] {processor.py:925} INFO - DAG(s) 'latest_only' retrieved from /home/airflow/.local/lib/python3.12/site-packages/airflow/example_dags/example_latest_only.py
[2025-09-25T05:39:20.763+0000] {logging_mixin.py:190} INFO - [2025-09-25T05:39:20.763+0000] {dag.py:3239} INFO - Sync 1 DAGs
[2025-09-25T05:39:20.782+0000] {logging_mixin.py:190} INFO - [2025-09-25T05:39:20.782+0000] {dag.py:4180} INFO - Setting next_dagrun for latest_only to 2025-09-25 00:00:00+00:00, run_after=2025-09-25 04:00:00+00:00
[2025-09-25T05:39:20.798+0000] {processor.py:208} INFO - Processing /home/airflow/.local/lib/python3.12/site-packages/airflow/example_dags/example_latest_only.py took 0.067 seconds
[2025-09-25T05:39:52.033+0000] {processor.py:186} INFO - Started process (PID=1460) to work on /home/airflow/.local/lib/python3.12/site-packages/airflow/example_dags/example_latest_only.py
[2025-09-25T05:39:52.034+0000] {processor.py:914} INFO - Processing file /home/airflow/.local/lib/python3.12/site-packages/airflow/example_dags/example_latest_only.py for tasks to queue
[2025-09-25T05:39:52.036+0000] {logging_mixin.py:190} INFO - [2025-09-25T05:39:52.035+0000] {dagbag.py:588} INFO - Filling up the DagBag from /home/airflow/.local/lib/python3.12/site-packages/airflow/example_dags/example_latest_only.py
[2025-09-25T05:39:52.042+0000] {processor.py:925} INFO - DAG(s) 'latest_only' retrieved from /home/airflow/.local/lib/python3.12/site-packages/airflow/example_dags/example_latest_only.py
[2025-09-25T05:39:52.058+0000] {logging_mixin.py:190} INFO - [2025-09-25T05:39:52.058+0000] {dag.py:3239} INFO - Sync 1 DAGs
[2025-09-25T05:39:52.078+0000] {logging_mixin.py:190} INFO - [2025-09-25T05:39:52.078+0000] {dag.py:4180} INFO - Setting next_dagrun for latest_only to 2025-09-25 00:00:00+00:00, run_after=2025-09-25 04:00:00+00:00
[2025-09-25T05:39:52.093+0000] {processor.py:208} INFO - Processing /home/airflow/.local/lib/python3.12/site-packages/airflow/example_dags/example_latest_only.py took 0.065 seconds
[2025-09-25T05:40:23.140+0000] {processor.py:186} INFO - Started process (PID=1525) to work on /home/airflow/.local/lib/python3.12/site-packages/airflow/example_dags/example_latest_only.py
[2025-09-25T05:40:23.141+0000] {processor.py:914} INFO - Processing file /home/airflow/.local/lib/python3.12/site-packages/airflow/example_dags/example_latest_only.py for tasks to queue
[2025-09-25T05:40:23.143+0000] {logging_mixin.py:190} INFO - [2025-09-25T05:40:23.142+0000] {dagbag.py:588} INFO - Filling up the DagBag from /home/airflow/.local/lib/python3.12/site-packages/airflow/example_dags/example_latest_only.py
[2025-09-25T05:40:23.149+0000] {processor.py:925} INFO - DAG(s) 'latest_only' retrieved from /home/airflow/.local/lib/python3.12/site-packages/airflow/example_dags/example_latest_only.py
[2025-09-25T05:40:23.165+0000] {logging_mixin.py:190} INFO - [2025-09-25T05:40:23.165+0000] {dag.py:3239} INFO - Sync 1 DAGs
[2025-09-25T05:40:23.184+0000] {logging_mixin.py:190} INFO - [2025-09-25T05:40:23.184+0000] {dag.py:4180} INFO - Setting next_dagrun for latest_only to 2025-09-25 00:00:00+00:00, run_after=2025-09-25 04:00:00+00:00
[2025-09-25T05:40:23.199+0000] {processor.py:208} INFO - Processing /home/airflow/.local/lib/python3.12/site-packages/airflow/example_dags/example_latest_only.py took 0.065 seconds
[2025-09-25T05:40:54.504+0000] {processor.py:186} INFO - Started process (PID=1590) to work on /home/airflow/.local/lib/python3.12/site-packages/airflow/example_dags/example_latest_only.py
[2025-09-25T05:40:54.505+0000] {processor.py:914} INFO - Processing file /home/airflow/.local/lib/python3.12/site-packages/airflow/example_dags/example_latest_only.py for tasks to queue
[2025-09-25T05:40:54.507+0000] {logging_mixin.py:190} INFO - [2025-09-25T05:40:54.507+0000] {dagbag.py:588} INFO - Filling up the DagBag from /home/airflow/.local/lib/python3.12/site-packages/airflow/example_dags/example_latest_only.py
[2025-09-25T05:40:54.514+0000] {processor.py:925} INFO - DAG(s) 'latest_only' retrieved from /home/airflow/.local/lib/python3.12/site-packages/airflow/example_dags/example_latest_only.py
[2025-09-25T05:40:54.532+0000] {logging_mixin.py:190} INFO - [2025-09-25T05:40:54.531+0000] {dag.py:3239} INFO - Sync 1 DAGs
[2025-09-25T05:40:54.551+0000] {logging_mixin.py:190} INFO - [2025-09-25T05:40:54.551+0000] {dag.py:4180} INFO - Setting next_dagrun for latest_only to 2025-09-25 00:00:00+00:00, run_after=2025-09-25 04:00:00+00:00
[2025-09-25T05:40:54.566+0000] {processor.py:208} INFO - Processing /home/airflow/.local/lib/python3.12/site-packages/airflow/example_dags/example_latest_only.py took 0.068 seconds
[2025-09-25T05:41:25.793+0000] {processor.py:186} INFO - Started process (PID=1655) to work on /home/airflow/.local/lib/python3.12/site-packages/airflow/example_dags/example_latest_only.py
[2025-09-25T05:41:25.794+0000] {processor.py:914} INFO - Processing file /home/airflow/.local/lib/python3.12/site-packages/airflow/example_dags/example_latest_only.py for tasks to queue
[2025-09-25T05:41:25.796+0000] {logging_mixin.py:190} INFO - [2025-09-25T05:41:25.796+0000] {dagbag.py:588} INFO - Filling up the DagBag from /home/airflow/.local/lib/python3.12/site-packages/airflow/example_dags/example_latest_only.py
[2025-09-25T05:41:25.803+0000] {processor.py:925} INFO - DAG(s) 'latest_only' retrieved from /home/airflow/.local/lib/python3.12/site-packages/airflow/example_dags/example_latest_only.py
[2025-09-25T05:41:25.820+0000] {logging_mixin.py:190} INFO - [2025-09-25T05:41:25.820+0000] {dag.py:3239} INFO - Sync 1 DAGs
[2025-09-25T05:41:25.839+0000] {logging_mixin.py:190} INFO - [2025-09-25T05:41:25.839+0000] {dag.py:4180} INFO - Setting next_dagrun for latest_only to 2025-09-25 00:00:00+00:00, run_after=2025-09-25 04:00:00+00:00
[2025-09-25T05:41:25.853+0000] {processor.py:208} INFO - Processing /home/airflow/.local/lib/python3.12/site-packages/airflow/example_dags/example_latest_only.py took 0.066 seconds
[2025-09-25T05:41:57.265+0000] {processor.py:186} INFO - Started process (PID=1720) to work on /home/airflow/.local/lib/python3.12/site-packages/airflow/example_dags/example_latest_only.py
[2025-09-25T05:41:57.266+0000] {processor.py:914} INFO - Processing file /home/airflow/.local/lib/python3.12/site-packages/airflow/example_dags/example_latest_only.py for tasks to queue
[2025-09-25T05:41:57.269+0000] {logging_mixin.py:190} INFO - [2025-09-25T05:41:57.268+0000] {dagbag.py:588} INFO - Filling up the DagBag from /home/airflow/.local/lib/python3.12/site-packages/airflow/example_dags/example_latest_only.py
[2025-09-25T05:41:57.275+0000] {processor.py:925} INFO - DAG(s) 'latest_only' retrieved from /home/airflow/.local/lib/python3.12/site-packages/airflow/example_dags/example_latest_only.py
[2025-09-25T05:41:57.292+0000] {logging_mixin.py:190} INFO - [2025-09-25T05:41:57.292+0000] {dag.py:3239} INFO - Sync 1 DAGs
[2025-09-25T05:41:57.310+0000] {logging_mixin.py:190} INFO - [2025-09-25T05:41:57.310+0000] {dag.py:4180} INFO - Setting next_dagrun for latest_only to 2025-09-25 00:00:00+00:00, run_after=2025-09-25 04:00:00+00:00
[2025-09-25T05:41:57.325+0000] {processor.py:208} INFO - Processing /home/airflow/.local/lib/python3.12/site-packages/airflow/example_dags/example_latest_only.py took 0.066 seconds
[2025-09-25T05:42:28.127+0000] {processor.py:186} INFO - Started process (PID=1785) to work on /home/airflow/.local/lib/python3.12/site-packages/airflow/example_dags/example_latest_only.py
[2025-09-25T05:42:28.128+0000] {processor.py:914} INFO - Processing file /home/airflow/.local/lib/python3.12/site-packages/airflow/example_dags/example_latest_only.py for tasks to queue
[2025-09-25T05:42:28.130+0000] {logging_mixin.py:190} INFO - [2025-09-25T05:42:28.129+0000] {dagbag.py:588} INFO - Filling up the DagBag from /home/airflow/.local/lib/python3.12/site-packages/airflow/example_dags/example_latest_only.py
[2025-09-25T05:42:28.136+0000] {processor.py:925} INFO - DAG(s) 'latest_only' retrieved from /home/airflow/.local/lib/python3.12/site-packages/airflow/example_dags/example_latest_only.py
[2025-09-25T05:42:28.153+0000] {logging_mixin.py:190} INFO - [2025-09-25T05:42:28.153+0000] {dag.py:3239} INFO - Sync 1 DAGs
[2025-09-25T05:42:28.172+0000] {logging_mixin.py:190} INFO - [2025-09-25T05:42:28.172+0000] {dag.py:4180} INFO - Setting next_dagrun for latest_only to 2025-09-25 00:00:00+00:00, run_after=2025-09-25 04:00:00+00:00
[2025-09-25T05:42:28.188+0000] {processor.py:208} INFO - Processing /home/airflow/.local/lib/python3.12/site-packages/airflow/example_dags/example_latest_only.py took 0.067 seconds
[2025-09-25T05:42:58.924+0000] {processor.py:186} INFO - Started process (PID=1850) to work on /home/airflow/.local/lib/python3.12/site-packages/airflow/example_dags/example_latest_only.py
[2025-09-25T05:42:58.925+0000] {processor.py:914} INFO - Processing file /home/airflow/.local/lib/python3.12/site-packages/airflow/example_dags/example_latest_only.py for tasks to queue
[2025-09-25T05:42:58.927+0000] {logging_mixin.py:190} INFO - [2025-09-25T05:42:58.927+0000] {dagbag.py:588} INFO - Filling up the DagBag from /home/airflow/.local/lib/python3.12/site-packages/airflow/example_dags/example_latest_only.py
[2025-09-25T05:42:58.933+0000] {processor.py:925} INFO - DAG(s) 'latest_only' retrieved from /home/airflow/.local/lib/python3.12/site-packages/airflow/example_dags/example_latest_only.py
[2025-09-25T05:42:58.948+0000] {logging_mixin.py:190} INFO - [2025-09-25T05:42:58.948+0000] {dag.py:3239} INFO - Sync 1 DAGs
[2025-09-25T05:42:58.967+0000] {logging_mixin.py:190} INFO - [2025-09-25T05:42:58.967+0000] {dag.py:4180} INFO - Setting next_dagrun for latest_only to 2025-09-25 00:00:00+00:00, run_after=2025-09-25 04:00:00+00:00
[2025-09-25T05:42:58.981+0000] {processor.py:208} INFO - Processing /home/airflow/.local/lib/python3.12/site-packages/airflow/example_dags/example_latest_only.py took 0.063 seconds
[2025-09-25T05:43:30.843+0000] {processor.py:186} INFO - Started process (PID=1916) to work on /home/airflow/.local/lib/python3.12/site-packages/airflow/example_dags/example_latest_only.py
[2025-09-25T05:43:30.844+0000] {processor.py:914} INFO - Processing file /home/airflow/.local/lib/python3.12/site-packages/airflow/example_dags/example_latest_only.py for tasks to queue
[2025-09-25T05:43:30.846+0000] {logging_mixin.py:190} INFO - [2025-09-25T05:43:30.845+0000] {dagbag.py:588} INFO - Filling up the DagBag from /home/airflow/.local/lib/python3.12/site-packages/airflow/example_dags/example_latest_only.py
[2025-09-25T05:43:30.852+0000] {processor.py:925} INFO - DAG(s) 'latest_only' retrieved from /home/airflow/.local/lib/python3.12/site-packages/airflow/example_dags/example_latest_only.py
[2025-09-25T05:43:30.870+0000] {logging_mixin.py:190} INFO - [2025-09-25T05:43:30.870+0000] {dag.py:3239} INFO - Sync 1 DAGs
[2025-09-25T05:43:30.910+0000] {logging_mixin.py:190} INFO - [2025-09-25T05:43:30.910+0000] {dag.py:4180} INFO - Setting next_dagrun for latest_only to 2025-09-25 00:00:00+00:00, run_after=2025-09-25 04:00:00+00:00
[2025-09-25T05:43:30.931+0000] {processor.py:208} INFO - Processing /home/airflow/.local/lib/python3.12/site-packages/airflow/example_dags/example_latest_only.py took 0.094 seconds
[2025-09-25T05:44:01.251+0000] {processor.py:186} INFO - Started process (PID=1981) to work on /home/airflow/.local/lib/python3.12/site-packages/airflow/example_dags/example_latest_only.py
[2025-09-25T05:44:01.252+0000] {processor.py:914} INFO - Processing file /home/airflow/.local/lib/python3.12/site-packages/airflow/example_dags/example_latest_only.py for tasks to queue
[2025-09-25T05:44:01.254+0000] {logging_mixin.py:190} INFO - [2025-09-25T05:44:01.254+0000] {dagbag.py:588} INFO - Filling up the DagBag from /home/airflow/.local/lib/python3.12/site-packages/airflow/example_dags/example_latest_only.py
[2025-09-25T05:44:01.262+0000] {processor.py:925} INFO - DAG(s) 'latest_only' retrieved from /home/airflow/.local/lib/python3.12/site-packages/airflow/example_dags/example_latest_only.py
[2025-09-25T05:44:01.278+0000] {logging_mixin.py:190} INFO - [2025-09-25T05:44:01.278+0000] {dag.py:3239} INFO - Sync 1 DAGs
[2025-09-25T05:44:01.297+0000] {logging_mixin.py:190} INFO - [2025-09-25T05:44:01.297+0000] {dag.py:4180} INFO - Setting next_dagrun for latest_only to 2025-09-25 00:00:00+00:00, run_after=2025-09-25 04:00:00+00:00
[2025-09-25T05:44:01.312+0000] {processor.py:208} INFO - Processing /home/airflow/.local/lib/python3.12/site-packages/airflow/example_dags/example_latest_only.py took 0.066 seconds
[2025-09-25T05:44:32.025+0000] {processor.py:186} INFO - Started process (PID=2046) to work on /home/airflow/.local/lib/python3.12/site-packages/airflow/example_dags/example_latest_only.py
[2025-09-25T05:44:32.026+0000] {processor.py:914} INFO - Processing file /home/airflow/.local/lib/python3.12/site-packages/airflow/example_dags/example_latest_only.py for tasks to queue
[2025-09-25T05:44:32.028+0000] {logging_mixin.py:190} INFO - [2025-09-25T05:44:32.028+0000] {dagbag.py:588} INFO - Filling up the DagBag from /home/airflow/.local/lib/python3.12/site-packages/airflow/example_dags/example_latest_only.py
[2025-09-25T05:44:32.036+0000] {processor.py:925} INFO - DAG(s) 'latest_only' retrieved from /home/airflow/.local/lib/python3.12/site-packages/airflow/example_dags/example_latest_only.py
[2025-09-25T05:44:32.053+0000] {logging_mixin.py:190} INFO - [2025-09-25T05:44:32.053+0000] {dag.py:3239} INFO - Sync 1 DAGs
[2025-09-25T05:44:32.072+0000] {logging_mixin.py:190} INFO - [2025-09-25T05:44:32.072+0000] {dag.py:4180} INFO - Setting next_dagrun for latest_only to 2025-09-25 00:00:00+00:00, run_after=2025-09-25 04:00:00+00:00
[2025-09-25T05:44:32.086+0000] {processor.py:208} INFO - Processing /home/airflow/.local/lib/python3.12/site-packages/airflow/example_dags/example_latest_only.py took 0.067 seconds
