[2025-09-25T05:12:43.349+0000] {processor.py:186} INFO - Started process (PID=101) to work on /home/airflow/.local/lib/python3.12/site-packages/airflow/example_dags/example_complex.py
[2025-09-25T05:12:43.349+0000] {processor.py:914} INFO - Processing file /home/airflow/.local/lib/python3.12/site-packages/airflow/example_dags/example_complex.py for tasks to queue
[2025-09-25T05:12:43.351+0000] {logging_mixin.py:190} INFO - [2025-09-25T05:12:43.351+0000] {dagbag.py:588} INFO - Filling up the DagBag from /home/airflow/.local/lib/python3.12/site-packages/airflow/example_dags/example_complex.py
[2025-09-25T05:12:43.364+0000] {processor.py:925} INFO - DAG(s) 'example_complex' retrieved from /home/airflow/.local/lib/python3.12/site-packages/airflow/example_dags/example_complex.py
[2025-09-25T05:12:43.389+0000] {logging_mixin.py:190} INFO - [2025-09-25T05:12:43.388+0000] {dag.py:3239} INFO - Sync 1 DAGs
[2025-09-25T05:12:43.400+0000] {logging_mixin.py:190} INFO - [2025-09-25T05:12:43.400+0000] {dag.py:4180} INFO - Setting next_dagrun for example_complex to None, run_after=None
[2025-09-25T05:12:43.416+0000] {processor.py:208} INFO - Processing /home/airflow/.local/lib/python3.12/site-packages/airflow/example_dags/example_complex.py took 0.073 seconds
[2025-09-25T05:13:13.610+0000] {processor.py:186} INFO - Started process (PID=166) to work on /home/airflow/.local/lib/python3.12/site-packages/airflow/example_dags/example_complex.py
[2025-09-25T05:13:13.611+0000] {processor.py:914} INFO - Processing file /home/airflow/.local/lib/python3.12/site-packages/airflow/example_dags/example_complex.py for tasks to queue
[2025-09-25T05:13:13.613+0000] {logging_mixin.py:190} INFO - [2025-09-25T05:13:13.613+0000] {dagbag.py:588} INFO - Filling up the DagBag from /home/airflow/.local/lib/python3.12/site-packages/airflow/example_dags/example_complex.py
[2025-09-25T05:13:13.624+0000] {processor.py:925} INFO - DAG(s) 'example_complex' retrieved from /home/airflow/.local/lib/python3.12/site-packages/airflow/example_dags/example_complex.py
[2025-09-25T05:13:13.654+0000] {logging_mixin.py:190} INFO - [2025-09-25T05:13:13.653+0000] {dag.py:3239} INFO - Sync 1 DAGs
[2025-09-25T05:13:13.667+0000] {logging_mixin.py:190} INFO - [2025-09-25T05:13:13.666+0000] {dag.py:4180} INFO - Setting next_dagrun for example_complex to None, run_after=None
[2025-09-25T05:13:13.685+0000] {processor.py:208} INFO - Processing /home/airflow/.local/lib/python3.12/site-packages/airflow/example_dags/example_complex.py took 0.081 seconds
[2025-09-25T05:13:44.456+0000] {processor.py:186} INFO - Started process (PID=231) to work on /home/airflow/.local/lib/python3.12/site-packages/airflow/example_dags/example_complex.py
[2025-09-25T05:13:44.457+0000] {processor.py:914} INFO - Processing file /home/airflow/.local/lib/python3.12/site-packages/airflow/example_dags/example_complex.py for tasks to queue
[2025-09-25T05:13:44.459+0000] {logging_mixin.py:190} INFO - [2025-09-25T05:13:44.459+0000] {dagbag.py:588} INFO - Filling up the DagBag from /home/airflow/.local/lib/python3.12/site-packages/airflow/example_dags/example_complex.py
[2025-09-25T05:13:44.471+0000] {processor.py:925} INFO - DAG(s) 'example_complex' retrieved from /home/airflow/.local/lib/python3.12/site-packages/airflow/example_dags/example_complex.py
[2025-09-25T05:13:44.500+0000] {logging_mixin.py:190} INFO - [2025-09-25T05:13:44.499+0000] {dag.py:3239} INFO - Sync 1 DAGs
[2025-09-25T05:13:44.512+0000] {logging_mixin.py:190} INFO - [2025-09-25T05:13:44.511+0000] {dag.py:4180} INFO - Setting next_dagrun for example_complex to None, run_after=None
[2025-09-25T05:13:44.528+0000] {processor.py:208} INFO - Processing /home/airflow/.local/lib/python3.12/site-packages/airflow/example_dags/example_complex.py took 0.081 seconds
[2025-09-25T05:14:15.494+0000] {processor.py:186} INFO - Started process (PID=296) to work on /home/airflow/.local/lib/python3.12/site-packages/airflow/example_dags/example_complex.py
[2025-09-25T05:14:15.496+0000] {processor.py:914} INFO - Processing file /home/airflow/.local/lib/python3.12/site-packages/airflow/example_dags/example_complex.py for tasks to queue
[2025-09-25T05:14:15.497+0000] {logging_mixin.py:190} INFO - [2025-09-25T05:14:15.497+0000] {dagbag.py:588} INFO - Filling up the DagBag from /home/airflow/.local/lib/python3.12/site-packages/airflow/example_dags/example_complex.py
[2025-09-25T05:14:15.508+0000] {processor.py:925} INFO - DAG(s) 'example_complex' retrieved from /home/airflow/.local/lib/python3.12/site-packages/airflow/example_dags/example_complex.py
[2025-09-25T05:14:15.531+0000] {logging_mixin.py:190} INFO - [2025-09-25T05:14:15.531+0000] {dag.py:3239} INFO - Sync 1 DAGs
[2025-09-25T05:14:15.543+0000] {logging_mixin.py:190} INFO - [2025-09-25T05:14:15.543+0000] {dag.py:4180} INFO - Setting next_dagrun for example_complex to None, run_after=None
[2025-09-25T05:14:15.559+0000] {processor.py:208} INFO - Processing /home/airflow/.local/lib/python3.12/site-packages/airflow/example_dags/example_complex.py took 0.070 seconds
[2025-09-25T05:14:45.651+0000] {processor.py:186} INFO - Started process (PID=361) to work on /home/airflow/.local/lib/python3.12/site-packages/airflow/example_dags/example_complex.py
[2025-09-25T05:14:45.653+0000] {processor.py:914} INFO - Processing file /home/airflow/.local/lib/python3.12/site-packages/airflow/example_dags/example_complex.py for tasks to queue
[2025-09-25T05:14:45.655+0000] {logging_mixin.py:190} INFO - [2025-09-25T05:14:45.655+0000] {dagbag.py:588} INFO - Filling up the DagBag from /home/airflow/.local/lib/python3.12/site-packages/airflow/example_dags/example_complex.py
[2025-09-25T05:14:45.666+0000] {processor.py:925} INFO - DAG(s) 'example_complex' retrieved from /home/airflow/.local/lib/python3.12/site-packages/airflow/example_dags/example_complex.py
[2025-09-25T05:14:45.693+0000] {logging_mixin.py:190} INFO - [2025-09-25T05:14:45.693+0000] {dag.py:3239} INFO - Sync 1 DAGs
[2025-09-25T05:14:45.706+0000] {logging_mixin.py:190} INFO - [2025-09-25T05:14:45.706+0000] {dag.py:4180} INFO - Setting next_dagrun for example_complex to None, run_after=None
[2025-09-25T05:14:45.726+0000] {processor.py:208} INFO - Processing /home/airflow/.local/lib/python3.12/site-packages/airflow/example_dags/example_complex.py took 0.082 seconds
[2025-09-25T05:15:16.535+0000] {processor.py:186} INFO - Started process (PID=425) to work on /home/airflow/.local/lib/python3.12/site-packages/airflow/example_dags/example_complex.py
[2025-09-25T05:15:16.536+0000] {processor.py:914} INFO - Processing file /home/airflow/.local/lib/python3.12/site-packages/airflow/example_dags/example_complex.py for tasks to queue
[2025-09-25T05:15:16.538+0000] {logging_mixin.py:190} INFO - [2025-09-25T05:15:16.537+0000] {dagbag.py:588} INFO - Filling up the DagBag from /home/airflow/.local/lib/python3.12/site-packages/airflow/example_dags/example_complex.py
[2025-09-25T05:15:16.549+0000] {processor.py:925} INFO - DAG(s) 'example_complex' retrieved from /home/airflow/.local/lib/python3.12/site-packages/airflow/example_dags/example_complex.py
[2025-09-25T05:15:16.580+0000] {logging_mixin.py:190} INFO - [2025-09-25T05:15:16.580+0000] {dag.py:3239} INFO - Sync 1 DAGs
[2025-09-25T05:15:16.595+0000] {logging_mixin.py:190} INFO - [2025-09-25T05:15:16.595+0000] {dag.py:4180} INFO - Setting next_dagrun for example_complex to None, run_after=None
[2025-09-25T05:15:16.611+0000] {processor.py:208} INFO - Processing /home/airflow/.local/lib/python3.12/site-packages/airflow/example_dags/example_complex.py took 0.082 seconds
[2025-09-25T05:15:48.210+0000] {processor.py:186} INFO - Started process (PID=491) to work on /home/airflow/.local/lib/python3.12/site-packages/airflow/example_dags/example_complex.py
[2025-09-25T05:15:48.211+0000] {processor.py:914} INFO - Processing file /home/airflow/.local/lib/python3.12/site-packages/airflow/example_dags/example_complex.py for tasks to queue
[2025-09-25T05:15:48.214+0000] {logging_mixin.py:190} INFO - [2025-09-25T05:15:48.214+0000] {dagbag.py:588} INFO - Filling up the DagBag from /home/airflow/.local/lib/python3.12/site-packages/airflow/example_dags/example_complex.py
[2025-09-25T05:15:48.226+0000] {processor.py:925} INFO - DAG(s) 'example_complex' retrieved from /home/airflow/.local/lib/python3.12/site-packages/airflow/example_dags/example_complex.py
[2025-09-25T05:15:48.254+0000] {logging_mixin.py:190} INFO - [2025-09-25T05:15:48.253+0000] {dag.py:3239} INFO - Sync 1 DAGs
[2025-09-25T05:15:48.267+0000] {logging_mixin.py:190} INFO - [2025-09-25T05:15:48.267+0000] {dag.py:4180} INFO - Setting next_dagrun for example_complex to None, run_after=None
[2025-09-25T05:15:48.288+0000] {processor.py:208} INFO - Processing /home/airflow/.local/lib/python3.12/site-packages/airflow/example_dags/example_complex.py took 0.084 seconds
[2025-09-25T05:16:19.193+0000] {processor.py:186} INFO - Started process (PID=556) to work on /home/airflow/.local/lib/python3.12/site-packages/airflow/example_dags/example_complex.py
[2025-09-25T05:16:19.194+0000] {processor.py:914} INFO - Processing file /home/airflow/.local/lib/python3.12/site-packages/airflow/example_dags/example_complex.py for tasks to queue
[2025-09-25T05:16:19.196+0000] {logging_mixin.py:190} INFO - [2025-09-25T05:16:19.196+0000] {dagbag.py:588} INFO - Filling up the DagBag from /home/airflow/.local/lib/python3.12/site-packages/airflow/example_dags/example_complex.py
[2025-09-25T05:16:19.207+0000] {processor.py:925} INFO - DAG(s) 'example_complex' retrieved from /home/airflow/.local/lib/python3.12/site-packages/airflow/example_dags/example_complex.py
[2025-09-25T05:16:19.234+0000] {logging_mixin.py:190} INFO - [2025-09-25T05:16:19.234+0000] {dag.py:3239} INFO - Sync 1 DAGs
[2025-09-25T05:16:19.247+0000] {logging_mixin.py:190} INFO - [2025-09-25T05:16:19.246+0000] {dag.py:4180} INFO - Setting next_dagrun for example_complex to None, run_after=None
[2025-09-25T05:16:19.266+0000] {processor.py:208} INFO - Processing /home/airflow/.local/lib/python3.12/site-packages/airflow/example_dags/example_complex.py took 0.079 seconds
[2025-09-25T05:16:49.701+0000] {processor.py:186} INFO - Started process (PID=621) to work on /home/airflow/.local/lib/python3.12/site-packages/airflow/example_dags/example_complex.py
[2025-09-25T05:16:49.702+0000] {processor.py:914} INFO - Processing file /home/airflow/.local/lib/python3.12/site-packages/airflow/example_dags/example_complex.py for tasks to queue
[2025-09-25T05:16:49.704+0000] {logging_mixin.py:190} INFO - [2025-09-25T05:16:49.704+0000] {dagbag.py:588} INFO - Filling up the DagBag from /home/airflow/.local/lib/python3.12/site-packages/airflow/example_dags/example_complex.py
[2025-09-25T05:16:49.715+0000] {processor.py:925} INFO - DAG(s) 'example_complex' retrieved from /home/airflow/.local/lib/python3.12/site-packages/airflow/example_dags/example_complex.py
[2025-09-25T05:16:49.740+0000] {logging_mixin.py:190} INFO - [2025-09-25T05:16:49.740+0000] {dag.py:3239} INFO - Sync 1 DAGs
[2025-09-25T05:16:49.752+0000] {logging_mixin.py:190} INFO - [2025-09-25T05:16:49.752+0000] {dag.py:4180} INFO - Setting next_dagrun for example_complex to None, run_after=None
[2025-09-25T05:16:49.767+0000] {processor.py:208} INFO - Processing /home/airflow/.local/lib/python3.12/site-packages/airflow/example_dags/example_complex.py took 0.071 seconds
[2025-09-25T05:17:20.349+0000] {processor.py:186} INFO - Started process (PID=685) to work on /home/airflow/.local/lib/python3.12/site-packages/airflow/example_dags/example_complex.py
[2025-09-25T05:17:20.350+0000] {processor.py:914} INFO - Processing file /home/airflow/.local/lib/python3.12/site-packages/airflow/example_dags/example_complex.py for tasks to queue
[2025-09-25T05:17:20.352+0000] {logging_mixin.py:190} INFO - [2025-09-25T05:17:20.351+0000] {dagbag.py:588} INFO - Filling up the DagBag from /home/airflow/.local/lib/python3.12/site-packages/airflow/example_dags/example_complex.py
[2025-09-25T05:17:20.362+0000] {processor.py:925} INFO - DAG(s) 'example_complex' retrieved from /home/airflow/.local/lib/python3.12/site-packages/airflow/example_dags/example_complex.py
[2025-09-25T05:17:20.386+0000] {logging_mixin.py:190} INFO - [2025-09-25T05:17:20.386+0000] {dag.py:3239} INFO - Sync 1 DAGs
[2025-09-25T05:17:20.398+0000] {logging_mixin.py:190} INFO - [2025-09-25T05:17:20.398+0000] {dag.py:4180} INFO - Setting next_dagrun for example_complex to None, run_after=None
[2025-09-25T05:17:20.413+0000] {processor.py:208} INFO - Processing /home/airflow/.local/lib/python3.12/site-packages/airflow/example_dags/example_complex.py took 0.069 seconds
[2025-09-25T05:17:51.915+0000] {processor.py:186} INFO - Started process (PID=751) to work on /home/airflow/.local/lib/python3.12/site-packages/airflow/example_dags/example_complex.py
[2025-09-25T05:17:51.917+0000] {processor.py:914} INFO - Processing file /home/airflow/.local/lib/python3.12/site-packages/airflow/example_dags/example_complex.py for tasks to queue
[2025-09-25T05:17:51.920+0000] {logging_mixin.py:190} INFO - [2025-09-25T05:17:51.920+0000] {dagbag.py:588} INFO - Filling up the DagBag from /home/airflow/.local/lib/python3.12/site-packages/airflow/example_dags/example_complex.py
[2025-09-25T05:17:51.947+0000] {processor.py:925} INFO - DAG(s) 'example_complex' retrieved from /home/airflow/.local/lib/python3.12/site-packages/airflow/example_dags/example_complex.py
[2025-09-25T05:17:51.984+0000] {logging_mixin.py:190} INFO - [2025-09-25T05:17:51.984+0000] {dag.py:3239} INFO - Sync 1 DAGs
[2025-09-25T05:17:51.997+0000] {logging_mixin.py:190} INFO - [2025-09-25T05:17:51.996+0000] {dag.py:4180} INFO - Setting next_dagrun for example_complex to None, run_after=None
[2025-09-25T05:17:52.017+0000] {processor.py:208} INFO - Processing /home/airflow/.local/lib/python3.12/site-packages/airflow/example_dags/example_complex.py took 0.110 seconds
[2025-09-25T05:18:23.529+0000] {processor.py:186} INFO - Started process (PID=816) to work on /home/airflow/.local/lib/python3.12/site-packages/airflow/example_dags/example_complex.py
[2025-09-25T05:18:23.530+0000] {processor.py:914} INFO - Processing file /home/airflow/.local/lib/python3.12/site-packages/airflow/example_dags/example_complex.py for tasks to queue
[2025-09-25T05:18:23.532+0000] {logging_mixin.py:190} INFO - [2025-09-25T05:18:23.532+0000] {dagbag.py:588} INFO - Filling up the DagBag from /home/airflow/.local/lib/python3.12/site-packages/airflow/example_dags/example_complex.py
[2025-09-25T05:18:23.543+0000] {processor.py:925} INFO - DAG(s) 'example_complex' retrieved from /home/airflow/.local/lib/python3.12/site-packages/airflow/example_dags/example_complex.py
[2025-09-25T05:18:23.567+0000] {logging_mixin.py:190} INFO - [2025-09-25T05:18:23.567+0000] {dag.py:3239} INFO - Sync 1 DAGs
[2025-09-25T05:18:23.579+0000] {logging_mixin.py:190} INFO - [2025-09-25T05:18:23.579+0000] {dag.py:4180} INFO - Setting next_dagrun for example_complex to None, run_after=None
[2025-09-25T05:18:23.595+0000] {processor.py:208} INFO - Processing /home/airflow/.local/lib/python3.12/site-packages/airflow/example_dags/example_complex.py took 0.071 seconds
[2025-09-25T05:18:54.743+0000] {processor.py:186} INFO - Started process (PID=881) to work on /home/airflow/.local/lib/python3.12/site-packages/airflow/example_dags/example_complex.py
[2025-09-25T05:18:54.744+0000] {processor.py:914} INFO - Processing file /home/airflow/.local/lib/python3.12/site-packages/airflow/example_dags/example_complex.py for tasks to queue
[2025-09-25T05:18:54.746+0000] {logging_mixin.py:190} INFO - [2025-09-25T05:18:54.746+0000] {dagbag.py:588} INFO - Filling up the DagBag from /home/airflow/.local/lib/python3.12/site-packages/airflow/example_dags/example_complex.py
[2025-09-25T05:18:54.758+0000] {processor.py:925} INFO - DAG(s) 'example_complex' retrieved from /home/airflow/.local/lib/python3.12/site-packages/airflow/example_dags/example_complex.py
[2025-09-25T05:18:54.783+0000] {logging_mixin.py:190} INFO - [2025-09-25T05:18:54.783+0000] {dag.py:3239} INFO - Sync 1 DAGs
[2025-09-25T05:18:54.795+0000] {logging_mixin.py:190} INFO - [2025-09-25T05:18:54.795+0000] {dag.py:4180} INFO - Setting next_dagrun for example_complex to None, run_after=None
[2025-09-25T05:18:54.812+0000] {processor.py:208} INFO - Processing /home/airflow/.local/lib/python3.12/site-packages/airflow/example_dags/example_complex.py took 0.074 seconds
[2025-09-25T05:19:25.978+0000] {processor.py:186} INFO - Started process (PID=952) to work on /home/airflow/.local/lib/python3.12/site-packages/airflow/example_dags/example_complex.py
[2025-09-25T05:19:25.979+0000] {processor.py:914} INFO - Processing file /home/airflow/.local/lib/python3.12/site-packages/airflow/example_dags/example_complex.py for tasks to queue
[2025-09-25T05:19:25.981+0000] {logging_mixin.py:190} INFO - [2025-09-25T05:19:25.980+0000] {dagbag.py:588} INFO - Filling up the DagBag from /home/airflow/.local/lib/python3.12/site-packages/airflow/example_dags/example_complex.py
[2025-09-25T05:19:25.992+0000] {processor.py:925} INFO - DAG(s) 'example_complex' retrieved from /home/airflow/.local/lib/python3.12/site-packages/airflow/example_dags/example_complex.py
[2025-09-25T05:19:26.029+0000] {logging_mixin.py:190} INFO - [2025-09-25T05:19:26.029+0000] {dag.py:3239} INFO - Sync 1 DAGs
[2025-09-25T05:19:26.042+0000] {logging_mixin.py:190} INFO - [2025-09-25T05:19:26.042+0000] {dag.py:4180} INFO - Setting next_dagrun for example_complex to None, run_after=None
[2025-09-25T05:19:26.066+0000] {processor.py:208} INFO - Processing /home/airflow/.local/lib/python3.12/site-packages/airflow/example_dags/example_complex.py took 0.094 seconds
[2025-09-25T05:19:57.284+0000] {processor.py:186} INFO - Started process (PID=1017) to work on /home/airflow/.local/lib/python3.12/site-packages/airflow/example_dags/example_complex.py
[2025-09-25T05:19:57.285+0000] {processor.py:914} INFO - Processing file /home/airflow/.local/lib/python3.12/site-packages/airflow/example_dags/example_complex.py for tasks to queue
[2025-09-25T05:19:57.287+0000] {logging_mixin.py:190} INFO - [2025-09-25T05:19:57.287+0000] {dagbag.py:588} INFO - Filling up the DagBag from /home/airflow/.local/lib/python3.12/site-packages/airflow/example_dags/example_complex.py
[2025-09-25T05:19:57.021+0000] {processor.py:925} INFO - DAG(s) 'example_complex' retrieved from /home/airflow/.local/lib/python3.12/site-packages/airflow/example_dags/example_complex.py
[2025-09-25T05:19:57.049+0000] {logging_mixin.py:190} INFO - [2025-09-25T05:19:57.048+0000] {dag.py:3239} INFO - Sync 1 DAGs
[2025-09-25T05:19:57.061+0000] {logging_mixin.py:190} INFO - [2025-09-25T05:19:57.060+0000] {dag.py:4180} INFO - Setting next_dagrun for example_complex to None, run_after=None
[2025-09-25T05:19:57.075+0000] {processor.py:208} INFO - Processing /home/airflow/.local/lib/python3.12/site-packages/airflow/example_dags/example_complex.py took 0.074 seconds
[2025-09-25T05:25:44.149+0000] {processor.py:186} INFO - Started process (PID=101) to work on /home/airflow/.local/lib/python3.12/site-packages/airflow/example_dags/example_complex.py
[2025-09-25T05:25:44.150+0000] {processor.py:914} INFO - Processing file /home/airflow/.local/lib/python3.12/site-packages/airflow/example_dags/example_complex.py for tasks to queue
[2025-09-25T05:25:44.152+0000] {logging_mixin.py:190} INFO - [2025-09-25T05:25:44.152+0000] {dagbag.py:588} INFO - Filling up the DagBag from /home/airflow/.local/lib/python3.12/site-packages/airflow/example_dags/example_complex.py
[2025-09-25T05:25:44.165+0000] {processor.py:925} INFO - DAG(s) 'example_complex' retrieved from /home/airflow/.local/lib/python3.12/site-packages/airflow/example_dags/example_complex.py
[2025-09-25T05:25:44.290+0000] {logging_mixin.py:190} INFO - [2025-09-25T05:25:44.290+0000] {dag.py:3239} INFO - Sync 1 DAGs
[2025-09-25T05:25:44.303+0000] {logging_mixin.py:190} INFO - [2025-09-25T05:25:44.303+0000] {dag.py:4180} INFO - Setting next_dagrun for example_complex to None, run_after=None
[2025-09-25T05:25:44.321+0000] {processor.py:208} INFO - Processing /home/airflow/.local/lib/python3.12/site-packages/airflow/example_dags/example_complex.py took 0.178 seconds
[2025-09-25T05:26:14.615+0000] {processor.py:186} INFO - Started process (PID=166) to work on /home/airflow/.local/lib/python3.12/site-packages/airflow/example_dags/example_complex.py
[2025-09-25T05:26:14.617+0000] {processor.py:914} INFO - Processing file /home/airflow/.local/lib/python3.12/site-packages/airflow/example_dags/example_complex.py for tasks to queue
[2025-09-25T05:26:14.619+0000] {logging_mixin.py:190} INFO - [2025-09-25T05:26:14.618+0000] {dagbag.py:588} INFO - Filling up the DagBag from /home/airflow/.local/lib/python3.12/site-packages/airflow/example_dags/example_complex.py
[2025-09-25T05:26:14.629+0000] {processor.py:925} INFO - DAG(s) 'example_complex' retrieved from /home/airflow/.local/lib/python3.12/site-packages/airflow/example_dags/example_complex.py
[2025-09-25T05:26:14.655+0000] {logging_mixin.py:190} INFO - [2025-09-25T05:26:14.655+0000] {dag.py:3239} INFO - Sync 1 DAGs
[2025-09-25T05:26:14.668+0000] {logging_mixin.py:190} INFO - [2025-09-25T05:26:14.668+0000] {dag.py:4180} INFO - Setting next_dagrun for example_complex to None, run_after=None
[2025-09-25T05:26:14.685+0000] {processor.py:208} INFO - Processing /home/airflow/.local/lib/python3.12/site-packages/airflow/example_dags/example_complex.py took 0.075 seconds
[2025-09-25T05:26:44.969+0000] {processor.py:186} INFO - Started process (PID=231) to work on /home/airflow/.local/lib/python3.12/site-packages/airflow/example_dags/example_complex.py
[2025-09-25T05:26:44.970+0000] {processor.py:914} INFO - Processing file /home/airflow/.local/lib/python3.12/site-packages/airflow/example_dags/example_complex.py for tasks to queue
[2025-09-25T05:26:44.972+0000] {logging_mixin.py:190} INFO - [2025-09-25T05:26:44.972+0000] {dagbag.py:588} INFO - Filling up the DagBag from /home/airflow/.local/lib/python3.12/site-packages/airflow/example_dags/example_complex.py
[2025-09-25T05:26:44.983+0000] {processor.py:925} INFO - DAG(s) 'example_complex' retrieved from /home/airflow/.local/lib/python3.12/site-packages/airflow/example_dags/example_complex.py
[2025-09-25T05:26:45.013+0000] {logging_mixin.py:190} INFO - [2025-09-25T05:26:45.013+0000] {dag.py:3239} INFO - Sync 1 DAGs
[2025-09-25T05:26:45.029+0000] {logging_mixin.py:190} INFO - [2025-09-25T05:26:45.029+0000] {dag.py:4180} INFO - Setting next_dagrun for example_complex to None, run_after=None
[2025-09-25T05:26:45.053+0000] {processor.py:208} INFO - Processing /home/airflow/.local/lib/python3.12/site-packages/airflow/example_dags/example_complex.py took 0.090 seconds
[2025-09-25T05:27:15.576+0000] {processor.py:186} INFO - Started process (PID=296) to work on /home/airflow/.local/lib/python3.12/site-packages/airflow/example_dags/example_complex.py
[2025-09-25T05:27:15.577+0000] {processor.py:914} INFO - Processing file /home/airflow/.local/lib/python3.12/site-packages/airflow/example_dags/example_complex.py for tasks to queue
[2025-09-25T05:27:15.579+0000] {logging_mixin.py:190} INFO - [2025-09-25T05:27:15.578+0000] {dagbag.py:588} INFO - Filling up the DagBag from /home/airflow/.local/lib/python3.12/site-packages/airflow/example_dags/example_complex.py
[2025-09-25T05:27:15.589+0000] {processor.py:925} INFO - DAG(s) 'example_complex' retrieved from /home/airflow/.local/lib/python3.12/site-packages/airflow/example_dags/example_complex.py
[2025-09-25T05:27:15.613+0000] {logging_mixin.py:190} INFO - [2025-09-25T05:27:15.613+0000] {dag.py:3239} INFO - Sync 1 DAGs
[2025-09-25T05:27:15.625+0000] {logging_mixin.py:190} INFO - [2025-09-25T05:27:15.625+0000] {dag.py:4180} INFO - Setting next_dagrun for example_complex to None, run_after=None
[2025-09-25T05:27:15.642+0000] {processor.py:208} INFO - Processing /home/airflow/.local/lib/python3.12/site-packages/airflow/example_dags/example_complex.py took 0.072 seconds
[2025-09-25T05:27:46.291+0000] {processor.py:186} INFO - Started process (PID=360) to work on /home/airflow/.local/lib/python3.12/site-packages/airflow/example_dags/example_complex.py
[2025-09-25T05:27:46.293+0000] {processor.py:914} INFO - Processing file /home/airflow/.local/lib/python3.12/site-packages/airflow/example_dags/example_complex.py for tasks to queue
[2025-09-25T05:27:46.296+0000] {logging_mixin.py:190} INFO - [2025-09-25T05:27:46.295+0000] {dagbag.py:588} INFO - Filling up the DagBag from /home/airflow/.local/lib/python3.12/site-packages/airflow/example_dags/example_complex.py
[2025-09-25T05:27:46.307+0000] {processor.py:925} INFO - DAG(s) 'example_complex' retrieved from /home/airflow/.local/lib/python3.12/site-packages/airflow/example_dags/example_complex.py
[2025-09-25T05:27:46.334+0000] {logging_mixin.py:190} INFO - [2025-09-25T05:27:46.334+0000] {dag.py:3239} INFO - Sync 1 DAGs
[2025-09-25T05:27:46.348+0000] {logging_mixin.py:190} INFO - [2025-09-25T05:27:46.348+0000] {dag.py:4180} INFO - Setting next_dagrun for example_complex to None, run_after=None
[2025-09-25T05:27:46.368+0000] {processor.py:208} INFO - Processing /home/airflow/.local/lib/python3.12/site-packages/airflow/example_dags/example_complex.py took 0.084 seconds
[2025-09-25T05:28:58.028+0000] {processor.py:186} INFO - Started process (PID=102) to work on /home/airflow/.local/lib/python3.12/site-packages/airflow/example_dags/example_complex.py
[2025-09-25T05:28:58.029+0000] {processor.py:914} INFO - Processing file /home/airflow/.local/lib/python3.12/site-packages/airflow/example_dags/example_complex.py for tasks to queue
[2025-09-25T05:28:58.031+0000] {logging_mixin.py:190} INFO - [2025-09-25T05:28:58.030+0000] {dagbag.py:588} INFO - Filling up the DagBag from /home/airflow/.local/lib/python3.12/site-packages/airflow/example_dags/example_complex.py
[2025-09-25T05:28:58.042+0000] {processor.py:925} INFO - DAG(s) 'example_complex' retrieved from /home/airflow/.local/lib/python3.12/site-packages/airflow/example_dags/example_complex.py
[2025-09-25T05:28:58.066+0000] {logging_mixin.py:190} INFO - [2025-09-25T05:28:58.066+0000] {dag.py:3239} INFO - Sync 1 DAGs
[2025-09-25T05:28:58.077+0000] {logging_mixin.py:190} INFO - [2025-09-25T05:28:58.077+0000] {dag.py:4180} INFO - Setting next_dagrun for example_complex to None, run_after=None
[2025-09-25T05:28:58.090+0000] {processor.py:208} INFO - Processing /home/airflow/.local/lib/python3.12/site-packages/airflow/example_dags/example_complex.py took 0.067 seconds
[2025-09-25T05:29:28.196+0000] {processor.py:186} INFO - Started process (PID=166) to work on /home/airflow/.local/lib/python3.12/site-packages/airflow/example_dags/example_complex.py
[2025-09-25T05:29:28.197+0000] {processor.py:914} INFO - Processing file /home/airflow/.local/lib/python3.12/site-packages/airflow/example_dags/example_complex.py for tasks to queue
[2025-09-25T05:29:28.198+0000] {logging_mixin.py:190} INFO - [2025-09-25T05:29:28.198+0000] {dagbag.py:588} INFO - Filling up the DagBag from /home/airflow/.local/lib/python3.12/site-packages/airflow/example_dags/example_complex.py
[2025-09-25T05:29:28.207+0000] {processor.py:925} INFO - DAG(s) 'example_complex' retrieved from /home/airflow/.local/lib/python3.12/site-packages/airflow/example_dags/example_complex.py
[2025-09-25T05:29:28.230+0000] {logging_mixin.py:190} INFO - [2025-09-25T05:29:28.230+0000] {dag.py:3239} INFO - Sync 1 DAGs
[2025-09-25T05:29:28.240+0000] {logging_mixin.py:190} INFO - [2025-09-25T05:29:28.240+0000] {dag.py:4180} INFO - Setting next_dagrun for example_complex to None, run_after=None
[2025-09-25T05:29:28.253+0000] {processor.py:208} INFO - Processing /home/airflow/.local/lib/python3.12/site-packages/airflow/example_dags/example_complex.py took 0.062 seconds
[2025-09-25T05:29:59.609+0000] {processor.py:186} INFO - Started process (PID=232) to work on /home/airflow/.local/lib/python3.12/site-packages/airflow/example_dags/example_complex.py
[2025-09-25T05:29:59.610+0000] {processor.py:914} INFO - Processing file /home/airflow/.local/lib/python3.12/site-packages/airflow/example_dags/example_complex.py for tasks to queue
[2025-09-25T05:29:59.612+0000] {logging_mixin.py:190} INFO - [2025-09-25T05:29:59.612+0000] {dagbag.py:588} INFO - Filling up the DagBag from /home/airflow/.local/lib/python3.12/site-packages/airflow/example_dags/example_complex.py
[2025-09-25T05:29:59.621+0000] {processor.py:925} INFO - DAG(s) 'example_complex' retrieved from /home/airflow/.local/lib/python3.12/site-packages/airflow/example_dags/example_complex.py
[2025-09-25T05:29:59.643+0000] {logging_mixin.py:190} INFO - [2025-09-25T05:29:59.643+0000] {dag.py:3239} INFO - Sync 1 DAGs
[2025-09-25T05:29:59.654+0000] {logging_mixin.py:190} INFO - [2025-09-25T05:29:59.654+0000] {dag.py:4180} INFO - Setting next_dagrun for example_complex to None, run_after=None
[2025-09-25T05:29:59.669+0000] {processor.py:208} INFO - Processing /home/airflow/.local/lib/python3.12/site-packages/airflow/example_dags/example_complex.py took 0.065 seconds
[2025-09-25T05:30:31.164+0000] {processor.py:186} INFO - Started process (PID=297) to work on /home/airflow/.local/lib/python3.12/site-packages/airflow/example_dags/example_complex.py
[2025-09-25T05:30:31.165+0000] {processor.py:914} INFO - Processing file /home/airflow/.local/lib/python3.12/site-packages/airflow/example_dags/example_complex.py for tasks to queue
[2025-09-25T05:30:31.167+0000] {logging_mixin.py:190} INFO - [2025-09-25T05:30:31.166+0000] {dagbag.py:588} INFO - Filling up the DagBag from /home/airflow/.local/lib/python3.12/site-packages/airflow/example_dags/example_complex.py
[2025-09-25T05:30:31.176+0000] {processor.py:925} INFO - DAG(s) 'example_complex' retrieved from /home/airflow/.local/lib/python3.12/site-packages/airflow/example_dags/example_complex.py
[2025-09-25T05:30:31.199+0000] {logging_mixin.py:190} INFO - [2025-09-25T05:30:31.198+0000] {dag.py:3239} INFO - Sync 1 DAGs
[2025-09-25T05:30:31.210+0000] {logging_mixin.py:190} INFO - [2025-09-25T05:30:31.210+0000] {dag.py:4180} INFO - Setting next_dagrun for example_complex to None, run_after=None
[2025-09-25T05:30:31.223+0000] {processor.py:208} INFO - Processing /home/airflow/.local/lib/python3.12/site-packages/airflow/example_dags/example_complex.py took 0.064 seconds
[2025-09-25T05:31:02.107+0000] {processor.py:186} INFO - Started process (PID=362) to work on /home/airflow/.local/lib/python3.12/site-packages/airflow/example_dags/example_complex.py
[2025-09-25T05:31:02.108+0000] {processor.py:914} INFO - Processing file /home/airflow/.local/lib/python3.12/site-packages/airflow/example_dags/example_complex.py for tasks to queue
[2025-09-25T05:31:02.110+0000] {logging_mixin.py:190} INFO - [2025-09-25T05:31:02.110+0000] {dagbag.py:588} INFO - Filling up the DagBag from /home/airflow/.local/lib/python3.12/site-packages/airflow/example_dags/example_complex.py
[2025-09-25T05:31:02.120+0000] {processor.py:925} INFO - DAG(s) 'example_complex' retrieved from /home/airflow/.local/lib/python3.12/site-packages/airflow/example_dags/example_complex.py
[2025-09-25T05:31:02.142+0000] {logging_mixin.py:190} INFO - [2025-09-25T05:31:02.142+0000] {dag.py:3239} INFO - Sync 1 DAGs
[2025-09-25T05:31:02.154+0000] {logging_mixin.py:190} INFO - [2025-09-25T05:31:02.153+0000] {dag.py:4180} INFO - Setting next_dagrun for example_complex to None, run_after=None
[2025-09-25T05:31:02.168+0000] {processor.py:208} INFO - Processing /home/airflow/.local/lib/python3.12/site-packages/airflow/example_dags/example_complex.py took 0.065 seconds
[2025-09-25T05:31:33.122+0000] {processor.py:186} INFO - Started process (PID=427) to work on /home/airflow/.local/lib/python3.12/site-packages/airflow/example_dags/example_complex.py
[2025-09-25T05:31:33.123+0000] {processor.py:914} INFO - Processing file /home/airflow/.local/lib/python3.12/site-packages/airflow/example_dags/example_complex.py for tasks to queue
[2025-09-25T05:31:33.125+0000] {logging_mixin.py:190} INFO - [2025-09-25T05:31:33.125+0000] {dagbag.py:588} INFO - Filling up the DagBag from /home/airflow/.local/lib/python3.12/site-packages/airflow/example_dags/example_complex.py
[2025-09-25T05:31:33.138+0000] {processor.py:925} INFO - DAG(s) 'example_complex' retrieved from /home/airflow/.local/lib/python3.12/site-packages/airflow/example_dags/example_complex.py
[2025-09-25T05:31:33.164+0000] {logging_mixin.py:190} INFO - [2025-09-25T05:31:33.164+0000] {dag.py:3239} INFO - Sync 1 DAGs
[2025-09-25T05:31:33.180+0000] {logging_mixin.py:190} INFO - [2025-09-25T05:31:33.180+0000] {dag.py:4180} INFO - Setting next_dagrun for example_complex to None, run_after=None
[2025-09-25T05:31:33.203+0000] {processor.py:208} INFO - Processing /home/airflow/.local/lib/python3.12/site-packages/airflow/example_dags/example_complex.py took 0.087 seconds
[2025-09-25T05:32:04.198+0000] {processor.py:186} INFO - Started process (PID=492) to work on /home/airflow/.local/lib/python3.12/site-packages/airflow/example_dags/example_complex.py
[2025-09-25T05:32:04.199+0000] {processor.py:914} INFO - Processing file /home/airflow/.local/lib/python3.12/site-packages/airflow/example_dags/example_complex.py for tasks to queue
[2025-09-25T05:32:04.201+0000] {logging_mixin.py:190} INFO - [2025-09-25T05:32:04.200+0000] {dagbag.py:588} INFO - Filling up the DagBag from /home/airflow/.local/lib/python3.12/site-packages/airflow/example_dags/example_complex.py
[2025-09-25T05:32:04.211+0000] {processor.py:925} INFO - DAG(s) 'example_complex' retrieved from /home/airflow/.local/lib/python3.12/site-packages/airflow/example_dags/example_complex.py
[2025-09-25T05:32:04.237+0000] {logging_mixin.py:190} INFO - [2025-09-25T05:32:04.237+0000] {dag.py:3239} INFO - Sync 1 DAGs
[2025-09-25T05:32:04.249+0000] {logging_mixin.py:190} INFO - [2025-09-25T05:32:04.249+0000] {dag.py:4180} INFO - Setting next_dagrun for example_complex to None, run_after=None
[2025-09-25T05:32:04.265+0000] {processor.py:208} INFO - Processing /home/airflow/.local/lib/python3.12/site-packages/airflow/example_dags/example_complex.py took 0.072 seconds
[2025-09-25T05:32:36.141+0000] {processor.py:186} INFO - Started process (PID=557) to work on /home/airflow/.local/lib/python3.12/site-packages/airflow/example_dags/example_complex.py
[2025-09-25T05:32:36.142+0000] {processor.py:914} INFO - Processing file /home/airflow/.local/lib/python3.12/site-packages/airflow/example_dags/example_complex.py for tasks to queue
[2025-09-25T05:32:36.144+0000] {logging_mixin.py:190} INFO - [2025-09-25T05:32:36.144+0000] {dagbag.py:588} INFO - Filling up the DagBag from /home/airflow/.local/lib/python3.12/site-packages/airflow/example_dags/example_complex.py
[2025-09-25T05:32:36.154+0000] {processor.py:925} INFO - DAG(s) 'example_complex' retrieved from /home/airflow/.local/lib/python3.12/site-packages/airflow/example_dags/example_complex.py
[2025-09-25T05:32:36.180+0000] {logging_mixin.py:190} INFO - [2025-09-25T05:32:36.180+0000] {dag.py:3239} INFO - Sync 1 DAGs
[2025-09-25T05:32:36.192+0000] {logging_mixin.py:190} INFO - [2025-09-25T05:32:36.192+0000] {dag.py:4180} INFO - Setting next_dagrun for example_complex to None, run_after=None
[2025-09-25T05:32:36.208+0000] {processor.py:208} INFO - Processing /home/airflow/.local/lib/python3.12/site-packages/airflow/example_dags/example_complex.py took 0.074 seconds
[2025-09-25T05:33:06.485+0000] {processor.py:186} INFO - Started process (PID=622) to work on /home/airflow/.local/lib/python3.12/site-packages/airflow/example_dags/example_complex.py
[2025-09-25T05:33:06.487+0000] {processor.py:914} INFO - Processing file /home/airflow/.local/lib/python3.12/site-packages/airflow/example_dags/example_complex.py for tasks to queue
[2025-09-25T05:33:06.489+0000] {logging_mixin.py:190} INFO - [2025-09-25T05:33:06.488+0000] {dagbag.py:588} INFO - Filling up the DagBag from /home/airflow/.local/lib/python3.12/site-packages/airflow/example_dags/example_complex.py
[2025-09-25T05:33:06.499+0000] {processor.py:925} INFO - DAG(s) 'example_complex' retrieved from /home/airflow/.local/lib/python3.12/site-packages/airflow/example_dags/example_complex.py
[2025-09-25T05:33:06.525+0000] {logging_mixin.py:190} INFO - [2025-09-25T05:33:06.525+0000] {dag.py:3239} INFO - Sync 1 DAGs
[2025-09-25T05:33:06.537+0000] {logging_mixin.py:190} INFO - [2025-09-25T05:33:06.537+0000] {dag.py:4180} INFO - Setting next_dagrun for example_complex to None, run_after=None
[2025-09-25T05:33:06.555+0000] {processor.py:208} INFO - Processing /home/airflow/.local/lib/python3.12/site-packages/airflow/example_dags/example_complex.py took 0.075 seconds
[2025-09-25T05:33:37.328+0000] {processor.py:186} INFO - Started process (PID=687) to work on /home/airflow/.local/lib/python3.12/site-packages/airflow/example_dags/example_complex.py
[2025-09-25T05:33:37.329+0000] {processor.py:914} INFO - Processing file /home/airflow/.local/lib/python3.12/site-packages/airflow/example_dags/example_complex.py for tasks to queue
[2025-09-25T05:33:37.331+0000] {logging_mixin.py:190} INFO - [2025-09-25T05:33:37.331+0000] {dagbag.py:588} INFO - Filling up the DagBag from /home/airflow/.local/lib/python3.12/site-packages/airflow/example_dags/example_complex.py
[2025-09-25T05:33:37.341+0000] {processor.py:925} INFO - DAG(s) 'example_complex' retrieved from /home/airflow/.local/lib/python3.12/site-packages/airflow/example_dags/example_complex.py
[2025-09-25T05:33:37.365+0000] {logging_mixin.py:190} INFO - [2025-09-25T05:33:37.365+0000] {dag.py:3239} INFO - Sync 1 DAGs
[2025-09-25T05:33:37.377+0000] {logging_mixin.py:190} INFO - [2025-09-25T05:33:37.377+0000] {dag.py:4180} INFO - Setting next_dagrun for example_complex to None, run_after=None
[2025-09-25T05:33:37.391+0000] {processor.py:208} INFO - Processing /home/airflow/.local/lib/python3.12/site-packages/airflow/example_dags/example_complex.py took 0.069 seconds
[2025-09-25T05:34:08.509+0000] {processor.py:186} INFO - Started process (PID=751) to work on /home/airflow/.local/lib/python3.12/site-packages/airflow/example_dags/example_complex.py
[2025-09-25T05:34:08.510+0000] {processor.py:914} INFO - Processing file /home/airflow/.local/lib/python3.12/site-packages/airflow/example_dags/example_complex.py for tasks to queue
[2025-09-25T05:34:08.512+0000] {logging_mixin.py:190} INFO - [2025-09-25T05:34:08.512+0000] {dagbag.py:588} INFO - Filling up the DagBag from /home/airflow/.local/lib/python3.12/site-packages/airflow/example_dags/example_complex.py
[2025-09-25T05:34:08.524+0000] {processor.py:925} INFO - DAG(s) 'example_complex' retrieved from /home/airflow/.local/lib/python3.12/site-packages/airflow/example_dags/example_complex.py
[2025-09-25T05:34:08.552+0000] {logging_mixin.py:190} INFO - [2025-09-25T05:34:08.551+0000] {dag.py:3239} INFO - Sync 1 DAGs
[2025-09-25T05:34:08.564+0000] {logging_mixin.py:190} INFO - [2025-09-25T05:34:08.564+0000] {dag.py:4180} INFO - Setting next_dagrun for example_complex to None, run_after=None
[2025-09-25T05:34:08.579+0000] {processor.py:208} INFO - Processing /home/airflow/.local/lib/python3.12/site-packages/airflow/example_dags/example_complex.py took 0.076 seconds
[2025-09-25T05:34:39.872+0000] {processor.py:186} INFO - Started process (PID=816) to work on /home/airflow/.local/lib/python3.12/site-packages/airflow/example_dags/example_complex.py
[2025-09-25T05:34:39.873+0000] {processor.py:914} INFO - Processing file /home/airflow/.local/lib/python3.12/site-packages/airflow/example_dags/example_complex.py for tasks to queue
[2025-09-25T05:34:39.875+0000] {logging_mixin.py:190} INFO - [2025-09-25T05:34:39.875+0000] {dagbag.py:588} INFO - Filling up the DagBag from /home/airflow/.local/lib/python3.12/site-packages/airflow/example_dags/example_complex.py
[2025-09-25T05:34:39.887+0000] {processor.py:925} INFO - DAG(s) 'example_complex' retrieved from /home/airflow/.local/lib/python3.12/site-packages/airflow/example_dags/example_complex.py
[2025-09-25T05:34:39.917+0000] {logging_mixin.py:190} INFO - [2025-09-25T05:34:39.917+0000] {dag.py:3239} INFO - Sync 1 DAGs
[2025-09-25T05:34:39.932+0000] {logging_mixin.py:190} INFO - [2025-09-25T05:34:39.932+0000] {dag.py:4180} INFO - Setting next_dagrun for example_complex to None, run_after=None
[2025-09-25T05:34:39.953+0000] {processor.py:208} INFO - Processing /home/airflow/.local/lib/python3.12/site-packages/airflow/example_dags/example_complex.py took 0.088 seconds
[2025-09-25T05:35:10.944+0000] {processor.py:186} INFO - Started process (PID=881) to work on /home/airflow/.local/lib/python3.12/site-packages/airflow/example_dags/example_complex.py
[2025-09-25T05:35:10.945+0000] {processor.py:914} INFO - Processing file /home/airflow/.local/lib/python3.12/site-packages/airflow/example_dags/example_complex.py for tasks to queue
[2025-09-25T05:35:10.947+0000] {logging_mixin.py:190} INFO - [2025-09-25T05:35:10.947+0000] {dagbag.py:588} INFO - Filling up the DagBag from /home/airflow/.local/lib/python3.12/site-packages/airflow/example_dags/example_complex.py
[2025-09-25T05:35:10.957+0000] {processor.py:925} INFO - DAG(s) 'example_complex' retrieved from /home/airflow/.local/lib/python3.12/site-packages/airflow/example_dags/example_complex.py
[2025-09-25T05:35:10.990+0000] {logging_mixin.py:190} INFO - [2025-09-25T05:35:10.990+0000] {dag.py:3239} INFO - Sync 1 DAGs
[2025-09-25T05:35:11.008+0000] {logging_mixin.py:190} INFO - [2025-09-25T05:35:11.008+0000] {dag.py:4180} INFO - Setting next_dagrun for example_complex to None, run_after=None
[2025-09-25T05:35:11.024+0000] {processor.py:208} INFO - Processing /home/airflow/.local/lib/python3.12/site-packages/airflow/example_dags/example_complex.py took 0.087 seconds
[2025-09-25T05:35:42.653+0000] {processor.py:186} INFO - Started process (PID=947) to work on /home/airflow/.local/lib/python3.12/site-packages/airflow/example_dags/example_complex.py
[2025-09-25T05:35:42.654+0000] {processor.py:914} INFO - Processing file /home/airflow/.local/lib/python3.12/site-packages/airflow/example_dags/example_complex.py for tasks to queue
[2025-09-25T05:35:42.656+0000] {logging_mixin.py:190} INFO - [2025-09-25T05:35:42.656+0000] {dagbag.py:588} INFO - Filling up the DagBag from /home/airflow/.local/lib/python3.12/site-packages/airflow/example_dags/example_complex.py
[2025-09-25T05:35:42.666+0000] {processor.py:925} INFO - DAG(s) 'example_complex' retrieved from /home/airflow/.local/lib/python3.12/site-packages/airflow/example_dags/example_complex.py
[2025-09-25T05:35:42.692+0000] {logging_mixin.py:190} INFO - [2025-09-25T05:35:42.692+0000] {dag.py:3239} INFO - Sync 1 DAGs
[2025-09-25T05:35:42.704+0000] {logging_mixin.py:190} INFO - [2025-09-25T05:35:42.704+0000] {dag.py:4180} INFO - Setting next_dagrun for example_complex to None, run_after=None
[2025-09-25T05:35:42.720+0000] {processor.py:208} INFO - Processing /home/airflow/.local/lib/python3.12/site-packages/airflow/example_dags/example_complex.py took 0.072 seconds
[2025-09-25T05:36:14.017+0000] {processor.py:186} INFO - Started process (PID=1012) to work on /home/airflow/.local/lib/python3.12/site-packages/airflow/example_dags/example_complex.py
[2025-09-25T05:36:14.019+0000] {processor.py:914} INFO - Processing file /home/airflow/.local/lib/python3.12/site-packages/airflow/example_dags/example_complex.py for tasks to queue
[2025-09-25T05:36:14.021+0000] {logging_mixin.py:190} INFO - [2025-09-25T05:36:14.020+0000] {dagbag.py:588} INFO - Filling up the DagBag from /home/airflow/.local/lib/python3.12/site-packages/airflow/example_dags/example_complex.py
[2025-09-25T05:36:14.031+0000] {processor.py:925} INFO - DAG(s) 'example_complex' retrieved from /home/airflow/.local/lib/python3.12/site-packages/airflow/example_dags/example_complex.py
[2025-09-25T05:36:14.056+0000] {logging_mixin.py:190} INFO - [2025-09-25T05:36:14.056+0000] {dag.py:3239} INFO - Sync 1 DAGs
[2025-09-25T05:36:14.068+0000] {logging_mixin.py:190} INFO - [2025-09-25T05:36:14.067+0000] {dag.py:4180} INFO - Setting next_dagrun for example_complex to None, run_after=None
[2025-09-25T05:36:14.084+0000] {processor.py:208} INFO - Processing /home/airflow/.local/lib/python3.12/site-packages/airflow/example_dags/example_complex.py took 0.072 seconds
[2025-09-25T05:36:45.018+0000] {processor.py:186} INFO - Started process (PID=1077) to work on /home/airflow/.local/lib/python3.12/site-packages/airflow/example_dags/example_complex.py
[2025-09-25T05:36:45.019+0000] {processor.py:914} INFO - Processing file /home/airflow/.local/lib/python3.12/site-packages/airflow/example_dags/example_complex.py for tasks to queue
[2025-09-25T05:36:45.021+0000] {logging_mixin.py:190} INFO - [2025-09-25T05:36:45.021+0000] {dagbag.py:588} INFO - Filling up the DagBag from /home/airflow/.local/lib/python3.12/site-packages/airflow/example_dags/example_complex.py
[2025-09-25T05:36:45.031+0000] {processor.py:925} INFO - DAG(s) 'example_complex' retrieved from /home/airflow/.local/lib/python3.12/site-packages/airflow/example_dags/example_complex.py
[2025-09-25T05:36:45.054+0000] {logging_mixin.py:190} INFO - [2025-09-25T05:36:45.054+0000] {dag.py:3239} INFO - Sync 1 DAGs
[2025-09-25T05:36:45.066+0000] {logging_mixin.py:190} INFO - [2025-09-25T05:36:45.066+0000] {dag.py:4180} INFO - Setting next_dagrun for example_complex to None, run_after=None
[2025-09-25T05:36:45.080+0000] {processor.py:208} INFO - Processing /home/airflow/.local/lib/python3.12/site-packages/airflow/example_dags/example_complex.py took 0.067 seconds
[2025-09-25T05:37:15.942+0000] {processor.py:186} INFO - Started process (PID=1142) to work on /home/airflow/.local/lib/python3.12/site-packages/airflow/example_dags/example_complex.py
[2025-09-25T05:37:15.943+0000] {processor.py:914} INFO - Processing file /home/airflow/.local/lib/python3.12/site-packages/airflow/example_dags/example_complex.py for tasks to queue
[2025-09-25T05:37:15.945+0000] {logging_mixin.py:190} INFO - [2025-09-25T05:37:15.945+0000] {dagbag.py:588} INFO - Filling up the DagBag from /home/airflow/.local/lib/python3.12/site-packages/airflow/example_dags/example_complex.py
[2025-09-25T05:37:15.956+0000] {processor.py:925} INFO - DAG(s) 'example_complex' retrieved from /home/airflow/.local/lib/python3.12/site-packages/airflow/example_dags/example_complex.py
[2025-09-25T05:37:15.979+0000] {logging_mixin.py:190} INFO - [2025-09-25T05:37:15.979+0000] {dag.py:3239} INFO - Sync 1 DAGs
[2025-09-25T05:37:15.991+0000] {logging_mixin.py:190} INFO - [2025-09-25T05:37:15.991+0000] {dag.py:4180} INFO - Setting next_dagrun for example_complex to None, run_after=None
[2025-09-25T05:37:16.007+0000] {processor.py:208} INFO - Processing /home/airflow/.local/lib/python3.12/site-packages/airflow/example_dags/example_complex.py took 0.070 seconds
[2025-09-25T05:37:47.253+0000] {processor.py:186} INFO - Started process (PID=1207) to work on /home/airflow/.local/lib/python3.12/site-packages/airflow/example_dags/example_complex.py
[2025-09-25T05:37:47.254+0000] {processor.py:914} INFO - Processing file /home/airflow/.local/lib/python3.12/site-packages/airflow/example_dags/example_complex.py for tasks to queue
[2025-09-25T05:37:47.256+0000] {logging_mixin.py:190} INFO - [2025-09-25T05:37:47.256+0000] {dagbag.py:588} INFO - Filling up the DagBag from /home/airflow/.local/lib/python3.12/site-packages/airflow/example_dags/example_complex.py
[2025-09-25T05:37:47.266+0000] {processor.py:925} INFO - DAG(s) 'example_complex' retrieved from /home/airflow/.local/lib/python3.12/site-packages/airflow/example_dags/example_complex.py
[2025-09-25T05:37:47.291+0000] {logging_mixin.py:190} INFO - [2025-09-25T05:37:47.291+0000] {dag.py:3239} INFO - Sync 1 DAGs
[2025-09-25T05:37:47.303+0000] {logging_mixin.py:190} INFO - [2025-09-25T05:37:47.303+0000] {dag.py:4180} INFO - Setting next_dagrun for example_complex to None, run_after=None
[2025-09-25T05:37:47.318+0000] {processor.py:208} INFO - Processing /home/airflow/.local/lib/python3.12/site-packages/airflow/example_dags/example_complex.py took 0.070 seconds
[2025-09-25T05:38:18.982+0000] {processor.py:186} INFO - Started process (PID=1272) to work on /home/airflow/.local/lib/python3.12/site-packages/airflow/example_dags/example_complex.py
[2025-09-25T05:38:18.983+0000] {processor.py:914} INFO - Processing file /home/airflow/.local/lib/python3.12/site-packages/airflow/example_dags/example_complex.py for tasks to queue
[2025-09-25T05:38:18.986+0000] {logging_mixin.py:190} INFO - [2025-09-25T05:38:18.986+0000] {dagbag.py:588} INFO - Filling up the DagBag from /home/airflow/.local/lib/python3.12/site-packages/airflow/example_dags/example_complex.py
[2025-09-25T05:38:18.997+0000] {processor.py:925} INFO - DAG(s) 'example_complex' retrieved from /home/airflow/.local/lib/python3.12/site-packages/airflow/example_dags/example_complex.py
[2025-09-25T05:38:19.024+0000] {logging_mixin.py:190} INFO - [2025-09-25T05:38:19.024+0000] {dag.py:3239} INFO - Sync 1 DAGs
[2025-09-25T05:38:19.038+0000] {logging_mixin.py:190} INFO - [2025-09-25T05:38:19.037+0000] {dag.py:4180} INFO - Setting next_dagrun for example_complex to None, run_after=None
[2025-09-25T05:38:19.057+0000] {processor.py:208} INFO - Processing /home/airflow/.local/lib/python3.12/site-packages/airflow/example_dags/example_complex.py took 0.081 seconds
[2025-09-25T05:38:49.862+0000] {processor.py:186} INFO - Started process (PID=1343) to work on /home/airflow/.local/lib/python3.12/site-packages/airflow/example_dags/example_complex.py
[2025-09-25T05:38:49.863+0000] {processor.py:914} INFO - Processing file /home/airflow/.local/lib/python3.12/site-packages/airflow/example_dags/example_complex.py for tasks to queue
[2025-09-25T05:38:49.865+0000] {logging_mixin.py:190} INFO - [2025-09-25T05:38:49.865+0000] {dagbag.py:588} INFO - Filling up the DagBag from /home/airflow/.local/lib/python3.12/site-packages/airflow/example_dags/example_complex.py
[2025-09-25T05:38:49.875+0000] {processor.py:925} INFO - DAG(s) 'example_complex' retrieved from /home/airflow/.local/lib/python3.12/site-packages/airflow/example_dags/example_complex.py
[2025-09-25T05:38:49.901+0000] {logging_mixin.py:190} INFO - [2025-09-25T05:38:49.901+0000] {dag.py:3239} INFO - Sync 1 DAGs
[2025-09-25T05:38:49.913+0000] {logging_mixin.py:190} INFO - [2025-09-25T05:38:49.913+0000] {dag.py:4180} INFO - Setting next_dagrun for example_complex to None, run_after=None
[2025-09-25T05:38:49.930+0000] {processor.py:208} INFO - Processing /home/airflow/.local/lib/python3.12/site-packages/airflow/example_dags/example_complex.py took 0.074 seconds
[2025-09-25T05:39:21.547+0000] {processor.py:186} INFO - Started process (PID=1408) to work on /home/airflow/.local/lib/python3.12/site-packages/airflow/example_dags/example_complex.py
[2025-09-25T05:39:21.550+0000] {processor.py:914} INFO - Processing file /home/airflow/.local/lib/python3.12/site-packages/airflow/example_dags/example_complex.py for tasks to queue
[2025-09-25T05:39:21.553+0000] {logging_mixin.py:190} INFO - [2025-09-25T05:39:21.553+0000] {dagbag.py:588} INFO - Filling up the DagBag from /home/airflow/.local/lib/python3.12/site-packages/airflow/example_dags/example_complex.py
[2025-09-25T05:39:21.573+0000] {processor.py:925} INFO - DAG(s) 'example_complex' retrieved from /home/airflow/.local/lib/python3.12/site-packages/airflow/example_dags/example_complex.py
[2025-09-25T05:39:21.614+0000] {logging_mixin.py:190} INFO - [2025-09-25T05:39:21.614+0000] {dag.py:3239} INFO - Sync 1 DAGs
[2025-09-25T05:39:21.631+0000] {logging_mixin.py:190} INFO - [2025-09-25T05:39:21.631+0000] {dag.py:4180} INFO - Setting next_dagrun for example_complex to None, run_after=None
[2025-09-25T05:39:21.646+0000] {processor.py:208} INFO - Processing /home/airflow/.local/lib/python3.12/site-packages/airflow/example_dags/example_complex.py took 0.117 seconds
[2025-09-25T05:39:52.745+0000] {processor.py:186} INFO - Started process (PID=1473) to work on /home/airflow/.local/lib/python3.12/site-packages/airflow/example_dags/example_complex.py
[2025-09-25T05:39:52.746+0000] {processor.py:914} INFO - Processing file /home/airflow/.local/lib/python3.12/site-packages/airflow/example_dags/example_complex.py for tasks to queue
[2025-09-25T05:39:52.748+0000] {logging_mixin.py:190} INFO - [2025-09-25T05:39:52.748+0000] {dagbag.py:588} INFO - Filling up the DagBag from /home/airflow/.local/lib/python3.12/site-packages/airflow/example_dags/example_complex.py
[2025-09-25T05:39:52.758+0000] {processor.py:925} INFO - DAG(s) 'example_complex' retrieved from /home/airflow/.local/lib/python3.12/site-packages/airflow/example_dags/example_complex.py
[2025-09-25T05:39:52.782+0000] {logging_mixin.py:190} INFO - [2025-09-25T05:39:52.782+0000] {dag.py:3239} INFO - Sync 1 DAGs
[2025-09-25T05:39:52.798+0000] {logging_mixin.py:190} INFO - [2025-09-25T05:39:52.798+0000] {dag.py:4180} INFO - Setting next_dagrun for example_complex to None, run_after=None
[2025-09-25T05:39:52.812+0000] {processor.py:208} INFO - Processing /home/airflow/.local/lib/python3.12/site-packages/airflow/example_dags/example_complex.py took 0.072 seconds
[2025-09-25T05:40:23.954+0000] {processor.py:186} INFO - Started process (PID=1538) to work on /home/airflow/.local/lib/python3.12/site-packages/airflow/example_dags/example_complex.py
[2025-09-25T05:40:23.955+0000] {processor.py:914} INFO - Processing file /home/airflow/.local/lib/python3.12/site-packages/airflow/example_dags/example_complex.py for tasks to queue
[2025-09-25T05:40:23.958+0000] {logging_mixin.py:190} INFO - [2025-09-25T05:40:23.957+0000] {dagbag.py:588} INFO - Filling up the DagBag from /home/airflow/.local/lib/python3.12/site-packages/airflow/example_dags/example_complex.py
[2025-09-25T05:40:23.970+0000] {processor.py:925} INFO - DAG(s) 'example_complex' retrieved from /home/airflow/.local/lib/python3.12/site-packages/airflow/example_dags/example_complex.py
[2025-09-25T05:40:24.000+0000] {logging_mixin.py:190} INFO - [2025-09-25T05:40:24.000+0000] {dag.py:3239} INFO - Sync 1 DAGs
[2025-09-25T05:40:24.012+0000] {logging_mixin.py:190} INFO - [2025-09-25T05:40:24.011+0000] {dag.py:4180} INFO - Setting next_dagrun for example_complex to None, run_after=None
[2025-09-25T05:40:24.026+0000] {processor.py:208} INFO - Processing /home/airflow/.local/lib/python3.12/site-packages/airflow/example_dags/example_complex.py took 0.081 seconds
[2025-09-25T05:40:55.297+0000] {processor.py:186} INFO - Started process (PID=1603) to work on /home/airflow/.local/lib/python3.12/site-packages/airflow/example_dags/example_complex.py
[2025-09-25T05:40:55.298+0000] {processor.py:914} INFO - Processing file /home/airflow/.local/lib/python3.12/site-packages/airflow/example_dags/example_complex.py for tasks to queue
[2025-09-25T05:40:55.300+0000] {logging_mixin.py:190} INFO - [2025-09-25T05:40:55.300+0000] {dagbag.py:588} INFO - Filling up the DagBag from /home/airflow/.local/lib/python3.12/site-packages/airflow/example_dags/example_complex.py
[2025-09-25T05:40:55.310+0000] {processor.py:925} INFO - DAG(s) 'example_complex' retrieved from /home/airflow/.local/lib/python3.12/site-packages/airflow/example_dags/example_complex.py
[2025-09-25T05:40:55.332+0000] {logging_mixin.py:190} INFO - [2025-09-25T05:40:55.332+0000] {dag.py:3239} INFO - Sync 1 DAGs
[2025-09-25T05:40:55.345+0000] {logging_mixin.py:190} INFO - [2025-09-25T05:40:55.345+0000] {dag.py:4180} INFO - Setting next_dagrun for example_complex to None, run_after=None
[2025-09-25T05:40:55.359+0000] {processor.py:208} INFO - Processing /home/airflow/.local/lib/python3.12/site-packages/airflow/example_dags/example_complex.py took 0.068 seconds
[2025-09-25T05:41:26.587+0000] {processor.py:186} INFO - Started process (PID=1668) to work on /home/airflow/.local/lib/python3.12/site-packages/airflow/example_dags/example_complex.py
[2025-09-25T05:41:26.588+0000] {processor.py:914} INFO - Processing file /home/airflow/.local/lib/python3.12/site-packages/airflow/example_dags/example_complex.py for tasks to queue
[2025-09-25T05:41:26.590+0000] {logging_mixin.py:190} INFO - [2025-09-25T05:41:26.589+0000] {dagbag.py:588} INFO - Filling up the DagBag from /home/airflow/.local/lib/python3.12/site-packages/airflow/example_dags/example_complex.py
[2025-09-25T05:41:26.599+0000] {processor.py:925} INFO - DAG(s) 'example_complex' retrieved from /home/airflow/.local/lib/python3.12/site-packages/airflow/example_dags/example_complex.py
[2025-09-25T05:41:26.625+0000] {logging_mixin.py:190} INFO - [2025-09-25T05:41:26.625+0000] {dag.py:3239} INFO - Sync 1 DAGs
[2025-09-25T05:41:26.638+0000] {logging_mixin.py:190} INFO - [2025-09-25T05:41:26.637+0000] {dag.py:4180} INFO - Setting next_dagrun for example_complex to None, run_after=None
[2025-09-25T05:41:26.653+0000] {processor.py:208} INFO - Processing /home/airflow/.local/lib/python3.12/site-packages/airflow/example_dags/example_complex.py took 0.072 seconds
[2025-09-25T05:41:58.231+0000] {processor.py:186} INFO - Started process (PID=1733) to work on /home/airflow/.local/lib/python3.12/site-packages/airflow/example_dags/example_complex.py
[2025-09-25T05:41:58.232+0000] {processor.py:914} INFO - Processing file /home/airflow/.local/lib/python3.12/site-packages/airflow/example_dags/example_complex.py for tasks to queue
[2025-09-25T05:41:58.234+0000] {logging_mixin.py:190} INFO - [2025-09-25T05:41:58.234+0000] {dagbag.py:588} INFO - Filling up the DagBag from /home/airflow/.local/lib/python3.12/site-packages/airflow/example_dags/example_complex.py
[2025-09-25T05:41:58.245+0000] {processor.py:925} INFO - DAG(s) 'example_complex' retrieved from /home/airflow/.local/lib/python3.12/site-packages/airflow/example_dags/example_complex.py
[2025-09-25T05:41:58.273+0000] {logging_mixin.py:190} INFO - [2025-09-25T05:41:58.273+0000] {dag.py:3239} INFO - Sync 1 DAGs
[2025-09-25T05:41:58.287+0000] {logging_mixin.py:190} INFO - [2025-09-25T05:41:58.287+0000] {dag.py:4180} INFO - Setting next_dagrun for example_complex to None, run_after=None
[2025-09-25T05:41:58.305+0000] {processor.py:208} INFO - Processing /home/airflow/.local/lib/python3.12/site-packages/airflow/example_dags/example_complex.py took 0.082 seconds
[2025-09-25T05:42:28.871+0000] {processor.py:186} INFO - Started process (PID=1798) to work on /home/airflow/.local/lib/python3.12/site-packages/airflow/example_dags/example_complex.py
[2025-09-25T05:42:28.872+0000] {processor.py:914} INFO - Processing file /home/airflow/.local/lib/python3.12/site-packages/airflow/example_dags/example_complex.py for tasks to queue
[2025-09-25T05:42:28.874+0000] {logging_mixin.py:190} INFO - [2025-09-25T05:42:28.874+0000] {dagbag.py:588} INFO - Filling up the DagBag from /home/airflow/.local/lib/python3.12/site-packages/airflow/example_dags/example_complex.py
[2025-09-25T05:42:28.884+0000] {processor.py:925} INFO - DAG(s) 'example_complex' retrieved from /home/airflow/.local/lib/python3.12/site-packages/airflow/example_dags/example_complex.py
[2025-09-25T05:42:28.908+0000] {logging_mixin.py:190} INFO - [2025-09-25T05:42:28.908+0000] {dag.py:3239} INFO - Sync 1 DAGs
[2025-09-25T05:42:28.919+0000] {logging_mixin.py:190} INFO - [2025-09-25T05:42:28.919+0000] {dag.py:4180} INFO - Setting next_dagrun for example_complex to None, run_after=None
[2025-09-25T05:42:28.934+0000] {processor.py:208} INFO - Processing /home/airflow/.local/lib/python3.12/site-packages/airflow/example_dags/example_complex.py took 0.068 seconds
[2025-09-25T05:42:59.736+0000] {processor.py:186} INFO - Started process (PID=1863) to work on /home/airflow/.local/lib/python3.12/site-packages/airflow/example_dags/example_complex.py
[2025-09-25T05:42:59.737+0000] {processor.py:914} INFO - Processing file /home/airflow/.local/lib/python3.12/site-packages/airflow/example_dags/example_complex.py for tasks to queue
[2025-09-25T05:42:59.739+0000] {logging_mixin.py:190} INFO - [2025-09-25T05:42:59.739+0000] {dagbag.py:588} INFO - Filling up the DagBag from /home/airflow/.local/lib/python3.12/site-packages/airflow/example_dags/example_complex.py
[2025-09-25T05:42:59.749+0000] {processor.py:925} INFO - DAG(s) 'example_complex' retrieved from /home/airflow/.local/lib/python3.12/site-packages/airflow/example_dags/example_complex.py
[2025-09-25T05:42:59.772+0000] {logging_mixin.py:190} INFO - [2025-09-25T05:42:59.772+0000] {dag.py:3239} INFO - Sync 1 DAGs
[2025-09-25T05:42:59.784+0000] {logging_mixin.py:190} INFO - [2025-09-25T05:42:59.784+0000] {dag.py:4180} INFO - Setting next_dagrun for example_complex to None, run_after=None
[2025-09-25T05:42:59.800+0000] {processor.py:208} INFO - Processing /home/airflow/.local/lib/python3.12/site-packages/airflow/example_dags/example_complex.py took 0.069 seconds
[2025-09-25T05:43:31.364+0000] {processor.py:186} INFO - Started process (PID=1928) to work on /home/airflow/.local/lib/python3.12/site-packages/airflow/example_dags/example_complex.py
[2025-09-25T05:43:31.365+0000] {processor.py:914} INFO - Processing file /home/airflow/.local/lib/python3.12/site-packages/airflow/example_dags/example_complex.py for tasks to queue
[2025-09-25T05:43:31.367+0000] {logging_mixin.py:190} INFO - [2025-09-25T05:43:31.367+0000] {dagbag.py:588} INFO - Filling up the DagBag from /home/airflow/.local/lib/python3.12/site-packages/airflow/example_dags/example_complex.py
[2025-09-25T05:43:31.377+0000] {processor.py:925} INFO - DAG(s) 'example_complex' retrieved from /home/airflow/.local/lib/python3.12/site-packages/airflow/example_dags/example_complex.py
[2025-09-25T05:43:31.401+0000] {logging_mixin.py:190} INFO - [2025-09-25T05:43:31.401+0000] {dag.py:3239} INFO - Sync 1 DAGs
[2025-09-25T05:43:31.414+0000] {logging_mixin.py:190} INFO - [2025-09-25T05:43:31.414+0000] {dag.py:4180} INFO - Setting next_dagrun for example_complex to None, run_after=None
[2025-09-25T05:43:31.429+0000] {processor.py:208} INFO - Processing /home/airflow/.local/lib/python3.12/site-packages/airflow/example_dags/example_complex.py took 0.070 seconds
[2025-09-25T05:44:02.105+0000] {processor.py:186} INFO - Started process (PID=1993) to work on /home/airflow/.local/lib/python3.12/site-packages/airflow/example_dags/example_complex.py
[2025-09-25T05:44:02.106+0000] {processor.py:914} INFO - Processing file /home/airflow/.local/lib/python3.12/site-packages/airflow/example_dags/example_complex.py for tasks to queue
[2025-09-25T05:44:02.109+0000] {logging_mixin.py:190} INFO - [2025-09-25T05:44:02.108+0000] {dagbag.py:588} INFO - Filling up the DagBag from /home/airflow/.local/lib/python3.12/site-packages/airflow/example_dags/example_complex.py
[2025-09-25T05:44:02.120+0000] {processor.py:925} INFO - DAG(s) 'example_complex' retrieved from /home/airflow/.local/lib/python3.12/site-packages/airflow/example_dags/example_complex.py
[2025-09-25T05:44:02.149+0000] {logging_mixin.py:190} INFO - [2025-09-25T05:44:02.149+0000] {dag.py:3239} INFO - Sync 1 DAGs
[2025-09-25T05:44:02.162+0000] {logging_mixin.py:190} INFO - [2025-09-25T05:44:02.162+0000] {dag.py:4180} INFO - Setting next_dagrun for example_complex to None, run_after=None
[2025-09-25T05:44:02.178+0000] {processor.py:208} INFO - Processing /home/airflow/.local/lib/python3.12/site-packages/airflow/example_dags/example_complex.py took 0.079 seconds
[2025-09-25T05:44:32.772+0000] {processor.py:186} INFO - Started process (PID=2058) to work on /home/airflow/.local/lib/python3.12/site-packages/airflow/example_dags/example_complex.py
[2025-09-25T05:44:32.773+0000] {processor.py:914} INFO - Processing file /home/airflow/.local/lib/python3.12/site-packages/airflow/example_dags/example_complex.py for tasks to queue
[2025-09-25T05:44:32.775+0000] {logging_mixin.py:190} INFO - [2025-09-25T05:44:32.775+0000] {dagbag.py:588} INFO - Filling up the DagBag from /home/airflow/.local/lib/python3.12/site-packages/airflow/example_dags/example_complex.py
[2025-09-25T05:44:32.790+0000] {processor.py:925} INFO - DAG(s) 'example_complex' retrieved from /home/airflow/.local/lib/python3.12/site-packages/airflow/example_dags/example_complex.py
[2025-09-25T05:44:32.822+0000] {logging_mixin.py:190} INFO - [2025-09-25T05:44:32.822+0000] {dag.py:3239} INFO - Sync 1 DAGs
[2025-09-25T05:44:32.834+0000] {logging_mixin.py:190} INFO - [2025-09-25T05:44:32.834+0000] {dag.py:4180} INFO - Setting next_dagrun for example_complex to None, run_after=None
[2025-09-25T05:44:32.849+0000] {processor.py:208} INFO - Processing /home/airflow/.local/lib/python3.12/site-packages/airflow/example_dags/example_complex.py took 0.085 seconds
