[2025-09-25T05:12:41.450+0000] {processor.py:186} INFO - Started process (PID=78) to work on /home/airflow/.local/lib/python3.12/site-packages/airflow/example_dags/example_dag_decorator.py
[2025-09-25T05:12:41.451+0000] {processor.py:914} INFO - Processing file /home/airflow/.local/lib/python3.12/site-packages/airflow/example_dags/example_dag_decorator.py for tasks to queue
[2025-09-25T05:12:41.453+0000] {logging_mixin.py:190} INFO - [2025-09-25T05:12:41.453+0000] {dagbag.py:588} INFO - Filling up the DagBag from /home/airflow/.local/lib/python3.12/site-packages/airflow/example_dags/example_dag_decorator.py
[2025-09-25T05:12:41.583+0000] {processor.py:925} INFO - DAG(s) 'example_dag_decorator' retrieved from /home/airflow/.local/lib/python3.12/site-packages/airflow/example_dags/example_dag_decorator.py
[2025-09-25T05:12:41.805+0000] {logging_mixin.py:190} INFO - [2025-09-25T05:12:41.805+0000] {dag.py:3239} INFO - Sync 1 DAGs
[2025-09-25T05:12:41.815+0000] {logging_mixin.py:190} INFO - [2025-09-25T05:12:41.814+0000] {dag.py:4180} INFO - Setting next_dagrun for example_dag_decorator to None, run_after=None
[2025-09-25T05:12:41.833+0000] {processor.py:208} INFO - Processing /home/airflow/.local/lib/python3.12/site-packages/airflow/example_dags/example_dag_decorator.py took 0.391 seconds
[2025-09-25T05:13:12.072+0000] {processor.py:186} INFO - Started process (PID=143) to work on /home/airflow/.local/lib/python3.12/site-packages/airflow/example_dags/example_dag_decorator.py
[2025-09-25T05:13:12.073+0000] {processor.py:914} INFO - Processing file /home/airflow/.local/lib/python3.12/site-packages/airflow/example_dags/example_dag_decorator.py for tasks to queue
[2025-09-25T05:13:12.075+0000] {logging_mixin.py:190} INFO - [2025-09-25T05:13:12.075+0000] {dagbag.py:588} INFO - Filling up the DagBag from /home/airflow/.local/lib/python3.12/site-packages/airflow/example_dags/example_dag_decorator.py
[2025-09-25T05:13:12.154+0000] {processor.py:925} INFO - DAG(s) 'example_dag_decorator' retrieved from /home/airflow/.local/lib/python3.12/site-packages/airflow/example_dags/example_dag_decorator.py
[2025-09-25T05:13:12.241+0000] {logging_mixin.py:190} INFO - [2025-09-25T05:13:12.241+0000] {dag.py:3239} INFO - Sync 1 DAGs
[2025-09-25T05:13:12.252+0000] {logging_mixin.py:190} INFO - [2025-09-25T05:13:12.251+0000] {dag.py:4180} INFO - Setting next_dagrun for example_dag_decorator to None, run_after=None
[2025-09-25T05:13:12.266+0000] {processor.py:208} INFO - Processing /home/airflow/.local/lib/python3.12/site-packages/airflow/example_dags/example_dag_decorator.py took 0.199 seconds
[2025-09-25T05:13:42.735+0000] {processor.py:186} INFO - Started process (PID=208) to work on /home/airflow/.local/lib/python3.12/site-packages/airflow/example_dags/example_dag_decorator.py
[2025-09-25T05:13:42.736+0000] {processor.py:914} INFO - Processing file /home/airflow/.local/lib/python3.12/site-packages/airflow/example_dags/example_dag_decorator.py for tasks to queue
[2025-09-25T05:13:42.738+0000] {logging_mixin.py:190} INFO - [2025-09-25T05:13:42.738+0000] {dagbag.py:588} INFO - Filling up the DagBag from /home/airflow/.local/lib/python3.12/site-packages/airflow/example_dags/example_dag_decorator.py
[2025-09-25T05:13:42.820+0000] {processor.py:925} INFO - DAG(s) 'example_dag_decorator' retrieved from /home/airflow/.local/lib/python3.12/site-packages/airflow/example_dags/example_dag_decorator.py
[2025-09-25T05:13:42.911+0000] {logging_mixin.py:190} INFO - [2025-09-25T05:13:42.911+0000] {dag.py:3239} INFO - Sync 1 DAGs
[2025-09-25T05:13:42.922+0000] {logging_mixin.py:190} INFO - [2025-09-25T05:13:42.922+0000] {dag.py:4180} INFO - Setting next_dagrun for example_dag_decorator to None, run_after=None
[2025-09-25T05:13:42.938+0000] {processor.py:208} INFO - Processing /home/airflow/.local/lib/python3.12/site-packages/airflow/example_dags/example_dag_decorator.py took 0.209 seconds
[2025-09-25T05:14:13.118+0000] {processor.py:186} INFO - Started process (PID=272) to work on /home/airflow/.local/lib/python3.12/site-packages/airflow/example_dags/example_dag_decorator.py
[2025-09-25T05:14:13.119+0000] {processor.py:914} INFO - Processing file /home/airflow/.local/lib/python3.12/site-packages/airflow/example_dags/example_dag_decorator.py for tasks to queue
[2025-09-25T05:14:13.120+0000] {logging_mixin.py:190} INFO - [2025-09-25T05:14:13.120+0000] {dagbag.py:588} INFO - Filling up the DagBag from /home/airflow/.local/lib/python3.12/site-packages/airflow/example_dags/example_dag_decorator.py
[2025-09-25T05:14:13.208+0000] {processor.py:925} INFO - DAG(s) 'example_dag_decorator' retrieved from /home/airflow/.local/lib/python3.12/site-packages/airflow/example_dags/example_dag_decorator.py
[2025-09-25T05:14:13.314+0000] {logging_mixin.py:190} INFO - [2025-09-25T05:14:13.314+0000] {dag.py:3239} INFO - Sync 1 DAGs
[2025-09-25T05:14:13.327+0000] {logging_mixin.py:190} INFO - [2025-09-25T05:14:13.326+0000] {dag.py:4180} INFO - Setting next_dagrun for example_dag_decorator to None, run_after=None
[2025-09-25T05:14:13.073+0000] {processor.py:208} INFO - Processing /home/airflow/.local/lib/python3.12/site-packages/airflow/example_dags/example_dag_decorator.py took 0.233 seconds
[2025-09-25T05:14:44.242+0000] {processor.py:186} INFO - Started process (PID=339) to work on /home/airflow/.local/lib/python3.12/site-packages/airflow/example_dags/example_dag_decorator.py
[2025-09-25T05:14:44.244+0000] {processor.py:914} INFO - Processing file /home/airflow/.local/lib/python3.12/site-packages/airflow/example_dags/example_dag_decorator.py for tasks to queue
[2025-09-25T05:14:44.248+0000] {logging_mixin.py:190} INFO - [2025-09-25T05:14:44.248+0000] {dagbag.py:588} INFO - Filling up the DagBag from /home/airflow/.local/lib/python3.12/site-packages/airflow/example_dags/example_dag_decorator.py
[2025-09-25T05:14:44.354+0000] {processor.py:925} INFO - DAG(s) 'example_dag_decorator' retrieved from /home/airflow/.local/lib/python3.12/site-packages/airflow/example_dags/example_dag_decorator.py
[2025-09-25T05:14:44.458+0000] {logging_mixin.py:190} INFO - [2025-09-25T05:14:44.457+0000] {dag.py:3239} INFO - Sync 1 DAGs
[2025-09-25T05:14:44.468+0000] {logging_mixin.py:190} INFO - [2025-09-25T05:14:44.467+0000] {dag.py:4180} INFO - Setting next_dagrun for example_dag_decorator to None, run_after=None
[2025-09-25T05:14:44.496+0000] {processor.py:208} INFO - Processing /home/airflow/.local/lib/python3.12/site-packages/airflow/example_dags/example_dag_decorator.py took 0.259 seconds
[2025-09-25T05:15:15.335+0000] {processor.py:186} INFO - Started process (PID=404) to work on /home/airflow/.local/lib/python3.12/site-packages/airflow/example_dags/example_dag_decorator.py
[2025-09-25T05:15:15.336+0000] {processor.py:914} INFO - Processing file /home/airflow/.local/lib/python3.12/site-packages/airflow/example_dags/example_dag_decorator.py for tasks to queue
[2025-09-25T05:15:15.338+0000] {logging_mixin.py:190} INFO - [2025-09-25T05:15:15.338+0000] {dagbag.py:588} INFO - Filling up the DagBag from /home/airflow/.local/lib/python3.12/site-packages/airflow/example_dags/example_dag_decorator.py
[2025-09-25T05:15:15.440+0000] {processor.py:925} INFO - DAG(s) 'example_dag_decorator' retrieved from /home/airflow/.local/lib/python3.12/site-packages/airflow/example_dags/example_dag_decorator.py
[2025-09-25T05:15:15.559+0000] {logging_mixin.py:190} INFO - [2025-09-25T05:15:15.558+0000] {dag.py:3239} INFO - Sync 1 DAGs
[2025-09-25T05:15:15.570+0000] {logging_mixin.py:190} INFO - [2025-09-25T05:15:15.570+0000] {dag.py:4180} INFO - Setting next_dagrun for example_dag_decorator to None, run_after=None
[2025-09-25T05:15:15.587+0000] {processor.py:208} INFO - Processing /home/airflow/.local/lib/python3.12/site-packages/airflow/example_dags/example_dag_decorator.py took 0.258 seconds
[2025-09-25T05:15:46.333+0000] {processor.py:186} INFO - Started process (PID=469) to work on /home/airflow/.local/lib/python3.12/site-packages/airflow/example_dags/example_dag_decorator.py
[2025-09-25T05:15:46.334+0000] {processor.py:914} INFO - Processing file /home/airflow/.local/lib/python3.12/site-packages/airflow/example_dags/example_dag_decorator.py for tasks to queue
[2025-09-25T05:15:46.337+0000] {logging_mixin.py:190} INFO - [2025-09-25T05:15:46.336+0000] {dagbag.py:588} INFO - Filling up the DagBag from /home/airflow/.local/lib/python3.12/site-packages/airflow/example_dags/example_dag_decorator.py
[2025-09-25T05:15:46.432+0000] {processor.py:925} INFO - DAG(s) 'example_dag_decorator' retrieved from /home/airflow/.local/lib/python3.12/site-packages/airflow/example_dags/example_dag_decorator.py
[2025-09-25T05:15:46.554+0000] {logging_mixin.py:190} INFO - [2025-09-25T05:15:46.554+0000] {dag.py:3239} INFO - Sync 1 DAGs
[2025-09-25T05:15:46.564+0000] {logging_mixin.py:190} INFO - [2025-09-25T05:15:46.564+0000] {dag.py:4180} INFO - Setting next_dagrun for example_dag_decorator to None, run_after=None
[2025-09-25T05:15:46.582+0000] {processor.py:208} INFO - Processing /home/airflow/.local/lib/python3.12/site-packages/airflow/example_dags/example_dag_decorator.py took 0.255 seconds
[2025-09-25T05:16:17.525+0000] {processor.py:186} INFO - Started process (PID=534) to work on /home/airflow/.local/lib/python3.12/site-packages/airflow/example_dags/example_dag_decorator.py
[2025-09-25T05:16:17.527+0000] {processor.py:914} INFO - Processing file /home/airflow/.local/lib/python3.12/site-packages/airflow/example_dags/example_dag_decorator.py for tasks to queue
[2025-09-25T05:16:17.529+0000] {logging_mixin.py:190} INFO - [2025-09-25T05:16:17.529+0000] {dagbag.py:588} INFO - Filling up the DagBag from /home/airflow/.local/lib/python3.12/site-packages/airflow/example_dags/example_dag_decorator.py
[2025-09-25T05:16:17.615+0000] {processor.py:925} INFO - DAG(s) 'example_dag_decorator' retrieved from /home/airflow/.local/lib/python3.12/site-packages/airflow/example_dags/example_dag_decorator.py
[2025-09-25T05:16:17.707+0000] {logging_mixin.py:190} INFO - [2025-09-25T05:16:17.707+0000] {dag.py:3239} INFO - Sync 1 DAGs
[2025-09-25T05:16:17.716+0000] {logging_mixin.py:190} INFO - [2025-09-25T05:16:17.716+0000] {dag.py:4180} INFO - Setting next_dagrun for example_dag_decorator to None, run_after=None
[2025-09-25T05:16:17.731+0000] {processor.py:208} INFO - Processing /home/airflow/.local/lib/python3.12/site-packages/airflow/example_dags/example_dag_decorator.py took 0.214 seconds
[2025-09-25T05:16:48.527+0000] {processor.py:186} INFO - Started process (PID=599) to work on /home/airflow/.local/lib/python3.12/site-packages/airflow/example_dags/example_dag_decorator.py
[2025-09-25T05:16:48.528+0000] {processor.py:914} INFO - Processing file /home/airflow/.local/lib/python3.12/site-packages/airflow/example_dags/example_dag_decorator.py for tasks to queue
[2025-09-25T05:16:48.530+0000] {logging_mixin.py:190} INFO - [2025-09-25T05:16:48.530+0000] {dagbag.py:588} INFO - Filling up the DagBag from /home/airflow/.local/lib/python3.12/site-packages/airflow/example_dags/example_dag_decorator.py
[2025-09-25T05:16:48.639+0000] {processor.py:925} INFO - DAG(s) 'example_dag_decorator' retrieved from /home/airflow/.local/lib/python3.12/site-packages/airflow/example_dags/example_dag_decorator.py
[2025-09-25T05:16:48.760+0000] {logging_mixin.py:190} INFO - [2025-09-25T05:16:48.760+0000] {dag.py:3239} INFO - Sync 1 DAGs
[2025-09-25T05:16:48.771+0000] {logging_mixin.py:190} INFO - [2025-09-25T05:16:48.771+0000] {dag.py:4180} INFO - Setting next_dagrun for example_dag_decorator to None, run_after=None
[2025-09-25T05:16:48.787+0000] {processor.py:208} INFO - Processing /home/airflow/.local/lib/python3.12/site-packages/airflow/example_dags/example_dag_decorator.py took 0.267 seconds
[2025-09-25T05:17:19.328+0000] {processor.py:186} INFO - Started process (PID=664) to work on /home/airflow/.local/lib/python3.12/site-packages/airflow/example_dags/example_dag_decorator.py
[2025-09-25T05:17:19.329+0000] {processor.py:914} INFO - Processing file /home/airflow/.local/lib/python3.12/site-packages/airflow/example_dags/example_dag_decorator.py for tasks to queue
[2025-09-25T05:17:19.331+0000] {logging_mixin.py:190} INFO - [2025-09-25T05:17:19.331+0000] {dagbag.py:588} INFO - Filling up the DagBag from /home/airflow/.local/lib/python3.12/site-packages/airflow/example_dags/example_dag_decorator.py
[2025-09-25T05:17:19.410+0000] {processor.py:925} INFO - DAG(s) 'example_dag_decorator' retrieved from /home/airflow/.local/lib/python3.12/site-packages/airflow/example_dags/example_dag_decorator.py
[2025-09-25T05:17:19.503+0000] {logging_mixin.py:190} INFO - [2025-09-25T05:17:19.503+0000] {dag.py:3239} INFO - Sync 1 DAGs
[2025-09-25T05:17:19.514+0000] {logging_mixin.py:190} INFO - [2025-09-25T05:17:19.514+0000] {dag.py:4180} INFO - Setting next_dagrun for example_dag_decorator to None, run_after=None
[2025-09-25T05:17:19.531+0000] {processor.py:208} INFO - Processing /home/airflow/.local/lib/python3.12/site-packages/airflow/example_dags/example_dag_decorator.py took 0.209 seconds
[2025-09-25T05:17:50.592+0000] {processor.py:186} INFO - Started process (PID=729) to work on /home/airflow/.local/lib/python3.12/site-packages/airflow/example_dags/example_dag_decorator.py
[2025-09-25T05:17:50.594+0000] {processor.py:914} INFO - Processing file /home/airflow/.local/lib/python3.12/site-packages/airflow/example_dags/example_dag_decorator.py for tasks to queue
[2025-09-25T05:17:50.595+0000] {logging_mixin.py:190} INFO - [2025-09-25T05:17:50.595+0000] {dagbag.py:588} INFO - Filling up the DagBag from /home/airflow/.local/lib/python3.12/site-packages/airflow/example_dags/example_dag_decorator.py
[2025-09-25T05:17:50.680+0000] {processor.py:925} INFO - DAG(s) 'example_dag_decorator' retrieved from /home/airflow/.local/lib/python3.12/site-packages/airflow/example_dags/example_dag_decorator.py
[2025-09-25T05:17:50.782+0000] {logging_mixin.py:190} INFO - [2025-09-25T05:17:50.781+0000] {dag.py:3239} INFO - Sync 1 DAGs
[2025-09-25T05:17:50.793+0000] {logging_mixin.py:190} INFO - [2025-09-25T05:17:50.793+0000] {dag.py:4180} INFO - Setting next_dagrun for example_dag_decorator to None, run_after=None
[2025-09-25T05:17:50.808+0000] {processor.py:208} INFO - Processing /home/airflow/.local/lib/python3.12/site-packages/airflow/example_dags/example_dag_decorator.py took 0.221 seconds
[2025-09-25T05:18:22.126+0000] {processor.py:186} INFO - Started process (PID=794) to work on /home/airflow/.local/lib/python3.12/site-packages/airflow/example_dags/example_dag_decorator.py
[2025-09-25T05:18:22.127+0000] {processor.py:914} INFO - Processing file /home/airflow/.local/lib/python3.12/site-packages/airflow/example_dags/example_dag_decorator.py for tasks to queue
[2025-09-25T05:18:22.129+0000] {logging_mixin.py:190} INFO - [2025-09-25T05:18:22.129+0000] {dagbag.py:588} INFO - Filling up the DagBag from /home/airflow/.local/lib/python3.12/site-packages/airflow/example_dags/example_dag_decorator.py
[2025-09-25T05:18:22.223+0000] {processor.py:925} INFO - DAG(s) 'example_dag_decorator' retrieved from /home/airflow/.local/lib/python3.12/site-packages/airflow/example_dags/example_dag_decorator.py
[2025-09-25T05:18:22.335+0000] {logging_mixin.py:190} INFO - [2025-09-25T05:18:22.334+0000] {dag.py:3239} INFO - Sync 1 DAGs
[2025-09-25T05:18:22.347+0000] {logging_mixin.py:190} INFO - [2025-09-25T05:18:22.347+0000] {dag.py:4180} INFO - Setting next_dagrun for example_dag_decorator to None, run_after=None
[2025-09-25T05:18:22.368+0000] {processor.py:208} INFO - Processing /home/airflow/.local/lib/python3.12/site-packages/airflow/example_dags/example_dag_decorator.py took 0.248 seconds
[2025-09-25T05:18:53.365+0000] {processor.py:186} INFO - Started process (PID=859) to work on /home/airflow/.local/lib/python3.12/site-packages/airflow/example_dags/example_dag_decorator.py
[2025-09-25T05:18:53.366+0000] {processor.py:914} INFO - Processing file /home/airflow/.local/lib/python3.12/site-packages/airflow/example_dags/example_dag_decorator.py for tasks to queue
[2025-09-25T05:18:53.368+0000] {logging_mixin.py:190} INFO - [2025-09-25T05:18:53.368+0000] {dagbag.py:588} INFO - Filling up the DagBag from /home/airflow/.local/lib/python3.12/site-packages/airflow/example_dags/example_dag_decorator.py
[2025-09-25T05:18:53.454+0000] {processor.py:925} INFO - DAG(s) 'example_dag_decorator' retrieved from /home/airflow/.local/lib/python3.12/site-packages/airflow/example_dags/example_dag_decorator.py
[2025-09-25T05:18:53.554+0000] {logging_mixin.py:190} INFO - [2025-09-25T05:18:53.554+0000] {dag.py:3239} INFO - Sync 1 DAGs
[2025-09-25T05:18:53.565+0000] {logging_mixin.py:190} INFO - [2025-09-25T05:18:53.565+0000] {dag.py:4180} INFO - Setting next_dagrun for example_dag_decorator to None, run_after=None
[2025-09-25T05:18:53.582+0000] {processor.py:208} INFO - Processing /home/airflow/.local/lib/python3.12/site-packages/airflow/example_dags/example_dag_decorator.py took 0.223 seconds
[2025-09-25T05:19:24.669+0000] {processor.py:186} INFO - Started process (PID=930) to work on /home/airflow/.local/lib/python3.12/site-packages/airflow/example_dags/example_dag_decorator.py
[2025-09-25T05:19:24.671+0000] {processor.py:914} INFO - Processing file /home/airflow/.local/lib/python3.12/site-packages/airflow/example_dags/example_dag_decorator.py for tasks to queue
[2025-09-25T05:19:24.673+0000] {logging_mixin.py:190} INFO - [2025-09-25T05:19:24.672+0000] {dagbag.py:588} INFO - Filling up the DagBag from /home/airflow/.local/lib/python3.12/site-packages/airflow/example_dags/example_dag_decorator.py
[2025-09-25T05:19:24.776+0000] {processor.py:925} INFO - DAG(s) 'example_dag_decorator' retrieved from /home/airflow/.local/lib/python3.12/site-packages/airflow/example_dags/example_dag_decorator.py
[2025-09-25T05:19:24.869+0000] {logging_mixin.py:190} INFO - [2025-09-25T05:19:24.869+0000] {dag.py:3239} INFO - Sync 1 DAGs
[2025-09-25T05:19:24.879+0000] {logging_mixin.py:190} INFO - [2025-09-25T05:19:24.879+0000] {dag.py:4180} INFO - Setting next_dagrun for example_dag_decorator to None, run_after=None
[2025-09-25T05:19:24.894+0000] {processor.py:208} INFO - Processing /home/airflow/.local/lib/python3.12/site-packages/airflow/example_dags/example_dag_decorator.py took 0.230 seconds
[2025-09-25T05:19:55.881+0000] {processor.py:186} INFO - Started process (PID=995) to work on /home/airflow/.local/lib/python3.12/site-packages/airflow/example_dags/example_dag_decorator.py
[2025-09-25T05:19:55.882+0000] {processor.py:914} INFO - Processing file /home/airflow/.local/lib/python3.12/site-packages/airflow/example_dags/example_dag_decorator.py for tasks to queue
[2025-09-25T05:19:55.884+0000] {logging_mixin.py:190} INFO - [2025-09-25T05:19:55.884+0000] {dagbag.py:588} INFO - Filling up the DagBag from /home/airflow/.local/lib/python3.12/site-packages/airflow/example_dags/example_dag_decorator.py
[2025-09-25T05:19:55.976+0000] {processor.py:925} INFO - DAG(s) 'example_dag_decorator' retrieved from /home/airflow/.local/lib/python3.12/site-packages/airflow/example_dags/example_dag_decorator.py
[2025-09-25T05:19:56.072+0000] {logging_mixin.py:190} INFO - [2025-09-25T05:19:56.071+0000] {dag.py:3239} INFO - Sync 1 DAGs
[2025-09-25T05:19:56.087+0000] {logging_mixin.py:190} INFO - [2025-09-25T05:19:56.087+0000] {dag.py:4180} INFO - Setting next_dagrun for example_dag_decorator to None, run_after=None
[2025-09-25T05:19:56.105+0000] {processor.py:208} INFO - Processing /home/airflow/.local/lib/python3.12/site-packages/airflow/example_dags/example_dag_decorator.py took 0.229 seconds
[2025-09-25T05:25:41.524+0000] {processor.py:186} INFO - Started process (PID=78) to work on /home/airflow/.local/lib/python3.12/site-packages/airflow/example_dags/example_dag_decorator.py
[2025-09-25T05:25:41.525+0000] {processor.py:914} INFO - Processing file /home/airflow/.local/lib/python3.12/site-packages/airflow/example_dags/example_dag_decorator.py for tasks to queue
[2025-09-25T05:25:41.527+0000] {logging_mixin.py:190} INFO - [2025-09-25T05:25:41.527+0000] {dagbag.py:588} INFO - Filling up the DagBag from /home/airflow/.local/lib/python3.12/site-packages/airflow/example_dags/example_dag_decorator.py
[2025-09-25T05:25:41.616+0000] {processor.py:925} INFO - DAG(s) 'example_dag_decorator' retrieved from /home/airflow/.local/lib/python3.12/site-packages/airflow/example_dags/example_dag_decorator.py
[2025-09-25T05:25:41.711+0000] {logging_mixin.py:190} INFO - [2025-09-25T05:25:41.711+0000] {dag.py:3239} INFO - Sync 1 DAGs
[2025-09-25T05:25:41.722+0000] {logging_mixin.py:190} INFO - [2025-09-25T05:25:41.721+0000] {dag.py:4180} INFO - Setting next_dagrun for example_dag_decorator to None, run_after=None
[2025-09-25T05:25:41.739+0000] {processor.py:208} INFO - Processing /home/airflow/.local/lib/python3.12/site-packages/airflow/example_dags/example_dag_decorator.py took 0.221 seconds
[2025-09-25T05:26:12.112+0000] {processor.py:186} INFO - Started process (PID=143) to work on /home/airflow/.local/lib/python3.12/site-packages/airflow/example_dags/example_dag_decorator.py
[2025-09-25T05:26:12.113+0000] {processor.py:914} INFO - Processing file /home/airflow/.local/lib/python3.12/site-packages/airflow/example_dags/example_dag_decorator.py for tasks to queue
[2025-09-25T05:26:12.115+0000] {logging_mixin.py:190} INFO - [2025-09-25T05:26:12.114+0000] {dagbag.py:588} INFO - Filling up the DagBag from /home/airflow/.local/lib/python3.12/site-packages/airflow/example_dags/example_dag_decorator.py
[2025-09-25T05:26:12.198+0000] {processor.py:925} INFO - DAG(s) 'example_dag_decorator' retrieved from /home/airflow/.local/lib/python3.12/site-packages/airflow/example_dags/example_dag_decorator.py
[2025-09-25T05:26:12.218+0000] {logging_mixin.py:190} INFO - [2025-09-25T05:26:12.218+0000] {dag.py:3239} INFO - Sync 1 DAGs
[2025-09-25T05:26:12.232+0000] {logging_mixin.py:190} INFO - [2025-09-25T05:26:12.231+0000] {dag.py:4180} INFO - Setting next_dagrun for example_dag_decorator to None, run_after=None
[2025-09-25T05:26:12.246+0000] {processor.py:208} INFO - Processing /home/airflow/.local/lib/python3.12/site-packages/airflow/example_dags/example_dag_decorator.py took 0.141 seconds
[2025-09-25T05:26:43.645+0000] {processor.py:186} INFO - Started process (PID=208) to work on /home/airflow/.local/lib/python3.12/site-packages/airflow/example_dags/example_dag_decorator.py
[2025-09-25T05:26:43.646+0000] {processor.py:914} INFO - Processing file /home/airflow/.local/lib/python3.12/site-packages/airflow/example_dags/example_dag_decorator.py for tasks to queue
[2025-09-25T05:26:43.649+0000] {logging_mixin.py:190} INFO - [2025-09-25T05:26:43.648+0000] {dagbag.py:588} INFO - Filling up the DagBag from /home/airflow/.local/lib/python3.12/site-packages/airflow/example_dags/example_dag_decorator.py
[2025-09-25T05:26:43.742+0000] {processor.py:925} INFO - DAG(s) 'example_dag_decorator' retrieved from /home/airflow/.local/lib/python3.12/site-packages/airflow/example_dags/example_dag_decorator.py
[2025-09-25T05:26:43.840+0000] {logging_mixin.py:190} INFO - [2025-09-25T05:26:43.840+0000] {dag.py:3239} INFO - Sync 1 DAGs
[2025-09-25T05:26:43.852+0000] {logging_mixin.py:190} INFO - [2025-09-25T05:26:43.852+0000] {dag.py:4180} INFO - Setting next_dagrun for example_dag_decorator to None, run_after=None
[2025-09-25T05:26:43.867+0000] {processor.py:208} INFO - Processing /home/airflow/.local/lib/python3.12/site-packages/airflow/example_dags/example_dag_decorator.py took 0.229 seconds
[2025-09-25T05:27:14.235+0000] {processor.py:186} INFO - Started process (PID=273) to work on /home/airflow/.local/lib/python3.12/site-packages/airflow/example_dags/example_dag_decorator.py
[2025-09-25T05:27:14.236+0000] {processor.py:914} INFO - Processing file /home/airflow/.local/lib/python3.12/site-packages/airflow/example_dags/example_dag_decorator.py for tasks to queue
[2025-09-25T05:27:14.238+0000] {logging_mixin.py:190} INFO - [2025-09-25T05:27:14.237+0000] {dagbag.py:588} INFO - Filling up the DagBag from /home/airflow/.local/lib/python3.12/site-packages/airflow/example_dags/example_dag_decorator.py
[2025-09-25T05:27:14.317+0000] {processor.py:925} INFO - DAG(s) 'example_dag_decorator' retrieved from /home/airflow/.local/lib/python3.12/site-packages/airflow/example_dags/example_dag_decorator.py
[2025-09-25T05:27:14.422+0000] {logging_mixin.py:190} INFO - [2025-09-25T05:27:14.422+0000] {dag.py:3239} INFO - Sync 1 DAGs
[2025-09-25T05:27:14.432+0000] {logging_mixin.py:190} INFO - [2025-09-25T05:27:14.432+0000] {dag.py:4180} INFO - Setting next_dagrun for example_dag_decorator to None, run_after=None
[2025-09-25T05:27:14.451+0000] {processor.py:208} INFO - Processing /home/airflow/.local/lib/python3.12/site-packages/airflow/example_dags/example_dag_decorator.py took 0.221 seconds
[2025-09-25T05:27:45.006+0000] {processor.py:186} INFO - Started process (PID=338) to work on /home/airflow/.local/lib/python3.12/site-packages/airflow/example_dags/example_dag_decorator.py
[2025-09-25T05:27:45.007+0000] {processor.py:914} INFO - Processing file /home/airflow/.local/lib/python3.12/site-packages/airflow/example_dags/example_dag_decorator.py for tasks to queue
[2025-09-25T05:27:45.009+0000] {logging_mixin.py:190} INFO - [2025-09-25T05:27:45.009+0000] {dagbag.py:588} INFO - Filling up the DagBag from /home/airflow/.local/lib/python3.12/site-packages/airflow/example_dags/example_dag_decorator.py
[2025-09-25T05:27:45.093+0000] {processor.py:925} INFO - DAG(s) 'example_dag_decorator' retrieved from /home/airflow/.local/lib/python3.12/site-packages/airflow/example_dags/example_dag_decorator.py
[2025-09-25T05:27:45.187+0000] {logging_mixin.py:190} INFO - [2025-09-25T05:27:45.186+0000] {dag.py:3239} INFO - Sync 1 DAGs
[2025-09-25T05:27:45.197+0000] {logging_mixin.py:190} INFO - [2025-09-25T05:27:45.196+0000] {dag.py:4180} INFO - Setting next_dagrun for example_dag_decorator to None, run_after=None
[2025-09-25T05:27:45.214+0000] {processor.py:208} INFO - Processing /home/airflow/.local/lib/python3.12/site-packages/airflow/example_dags/example_dag_decorator.py took 0.214 seconds
[2025-09-25T05:28:56.374+0000] {processor.py:186} INFO - Started process (PID=79) to work on /home/airflow/.local/lib/python3.12/site-packages/airflow/example_dags/example_dag_decorator.py
[2025-09-25T05:28:56.375+0000] {processor.py:914} INFO - Processing file /home/airflow/.local/lib/python3.12/site-packages/airflow/example_dags/example_dag_decorator.py for tasks to queue
[2025-09-25T05:28:56.377+0000] {logging_mixin.py:190} INFO - [2025-09-25T05:28:56.377+0000] {dagbag.py:588} INFO - Filling up the DagBag from /home/airflow/.local/lib/python3.12/site-packages/airflow/example_dags/example_dag_decorator.py
[2025-09-25T05:28:56.460+0000] {processor.py:925} INFO - DAG(s) 'example_dag_decorator' retrieved from /home/airflow/.local/lib/python3.12/site-packages/airflow/example_dags/example_dag_decorator.py
[2025-09-25T05:28:56.628+0000] {logging_mixin.py:190} INFO - [2025-09-25T05:28:56.628+0000] {dag.py:3239} INFO - Sync 1 DAGs
[2025-09-25T05:28:56.637+0000] {logging_mixin.py:190} INFO - [2025-09-25T05:28:56.637+0000] {dag.py:4180} INFO - Setting next_dagrun for example_dag_decorator to None, run_after=None
[2025-09-25T05:28:56.652+0000] {processor.py:208} INFO - Processing /home/airflow/.local/lib/python3.12/site-packages/airflow/example_dags/example_dag_decorator.py took 0.283 seconds
[2025-09-25T05:29:27.027+0000] {processor.py:186} INFO - Started process (PID=143) to work on /home/airflow/.local/lib/python3.12/site-packages/airflow/example_dags/example_dag_decorator.py
[2025-09-25T05:29:27.028+0000] {processor.py:914} INFO - Processing file /home/airflow/.local/lib/python3.12/site-packages/airflow/example_dags/example_dag_decorator.py for tasks to queue
[2025-09-25T05:29:27.030+0000] {logging_mixin.py:190} INFO - [2025-09-25T05:29:27.029+0000] {dagbag.py:588} INFO - Filling up the DagBag from /home/airflow/.local/lib/python3.12/site-packages/airflow/example_dags/example_dag_decorator.py
[2025-09-25T05:29:27.111+0000] {processor.py:925} INFO - DAG(s) 'example_dag_decorator' retrieved from /home/airflow/.local/lib/python3.12/site-packages/airflow/example_dags/example_dag_decorator.py
[2025-09-25T05:29:27.204+0000] {logging_mixin.py:190} INFO - [2025-09-25T05:29:27.204+0000] {dag.py:3239} INFO - Sync 1 DAGs
[2025-09-25T05:29:27.214+0000] {logging_mixin.py:190} INFO - [2025-09-25T05:29:27.214+0000] {dag.py:4180} INFO - Setting next_dagrun for example_dag_decorator to None, run_after=None
[2025-09-25T05:29:27.229+0000] {processor.py:208} INFO - Processing /home/airflow/.local/lib/python3.12/site-packages/airflow/example_dags/example_dag_decorator.py took 0.207 seconds
[2025-09-25T05:29:57.903+0000] {processor.py:186} INFO - Started process (PID=208) to work on /home/airflow/.local/lib/python3.12/site-packages/airflow/example_dags/example_dag_decorator.py
[2025-09-25T05:29:57.904+0000] {processor.py:914} INFO - Processing file /home/airflow/.local/lib/python3.12/site-packages/airflow/example_dags/example_dag_decorator.py for tasks to queue
[2025-09-25T05:29:57.906+0000] {logging_mixin.py:190} INFO - [2025-09-25T05:29:57.906+0000] {dagbag.py:588} INFO - Filling up the DagBag from /home/airflow/.local/lib/python3.12/site-packages/airflow/example_dags/example_dag_decorator.py
[2025-09-25T05:29:57.983+0000] {processor.py:925} INFO - DAG(s) 'example_dag_decorator' retrieved from /home/airflow/.local/lib/python3.12/site-packages/airflow/example_dags/example_dag_decorator.py
[2025-09-25T05:29:58.073+0000] {logging_mixin.py:190} INFO - [2025-09-25T05:29:58.072+0000] {dag.py:3239} INFO - Sync 1 DAGs
[2025-09-25T05:29:58.082+0000] {logging_mixin.py:190} INFO - [2025-09-25T05:29:58.082+0000] {dag.py:4180} INFO - Setting next_dagrun for example_dag_decorator to None, run_after=None
[2025-09-25T05:29:58.098+0000] {processor.py:208} INFO - Processing /home/airflow/.local/lib/python3.12/site-packages/airflow/example_dags/example_dag_decorator.py took 0.200 seconds
[2025-09-25T05:30:29.811+0000] {processor.py:186} INFO - Started process (PID=274) to work on /home/airflow/.local/lib/python3.12/site-packages/airflow/example_dags/example_dag_decorator.py
[2025-09-25T05:30:29.812+0000] {processor.py:914} INFO - Processing file /home/airflow/.local/lib/python3.12/site-packages/airflow/example_dags/example_dag_decorator.py for tasks to queue
[2025-09-25T05:30:29.814+0000] {logging_mixin.py:190} INFO - [2025-09-25T05:30:29.814+0000] {dagbag.py:588} INFO - Filling up the DagBag from /home/airflow/.local/lib/python3.12/site-packages/airflow/example_dags/example_dag_decorator.py
[2025-09-25T05:30:29.897+0000] {processor.py:925} INFO - DAG(s) 'example_dag_decorator' retrieved from /home/airflow/.local/lib/python3.12/site-packages/airflow/example_dags/example_dag_decorator.py
[2025-09-25T05:30:29.980+0000] {logging_mixin.py:190} INFO - [2025-09-25T05:30:29.980+0000] {dag.py:3239} INFO - Sync 1 DAGs
[2025-09-25T05:30:29.989+0000] {logging_mixin.py:190} INFO - [2025-09-25T05:30:29.989+0000] {dag.py:4180} INFO - Setting next_dagrun for example_dag_decorator to None, run_after=None
[2025-09-25T05:30:30.003+0000] {processor.py:208} INFO - Processing /home/airflow/.local/lib/python3.12/site-packages/airflow/example_dags/example_dag_decorator.py took 0.196 seconds
[2025-09-25T05:31:00.663+0000] {processor.py:186} INFO - Started process (PID=339) to work on /home/airflow/.local/lib/python3.12/site-packages/airflow/example_dags/example_dag_decorator.py
[2025-09-25T05:31:00.664+0000] {processor.py:914} INFO - Processing file /home/airflow/.local/lib/python3.12/site-packages/airflow/example_dags/example_dag_decorator.py for tasks to queue
[2025-09-25T05:31:00.666+0000] {logging_mixin.py:190} INFO - [2025-09-25T05:31:00.665+0000] {dagbag.py:588} INFO - Filling up the DagBag from /home/airflow/.local/lib/python3.12/site-packages/airflow/example_dags/example_dag_decorator.py
[2025-09-25T05:31:00.757+0000] {processor.py:925} INFO - DAG(s) 'example_dag_decorator' retrieved from /home/airflow/.local/lib/python3.12/site-packages/airflow/example_dags/example_dag_decorator.py
[2025-09-25T05:31:00.854+0000] {logging_mixin.py:190} INFO - [2025-09-25T05:31:00.853+0000] {dag.py:3239} INFO - Sync 1 DAGs
[2025-09-25T05:31:00.868+0000] {logging_mixin.py:190} INFO - [2025-09-25T05:31:00.867+0000] {dag.py:4180} INFO - Setting next_dagrun for example_dag_decorator to None, run_after=None
[2025-09-25T05:31:00.885+0000] {processor.py:208} INFO - Processing /home/airflow/.local/lib/python3.12/site-packages/airflow/example_dags/example_dag_decorator.py took 0.228 seconds
[2025-09-25T05:31:31.614+0000] {processor.py:186} INFO - Started process (PID=404) to work on /home/airflow/.local/lib/python3.12/site-packages/airflow/example_dags/example_dag_decorator.py
[2025-09-25T05:31:31.615+0000] {processor.py:914} INFO - Processing file /home/airflow/.local/lib/python3.12/site-packages/airflow/example_dags/example_dag_decorator.py for tasks to queue
[2025-09-25T05:31:31.618+0000] {logging_mixin.py:190} INFO - [2025-09-25T05:31:31.617+0000] {dagbag.py:588} INFO - Filling up the DagBag from /home/airflow/.local/lib/python3.12/site-packages/airflow/example_dags/example_dag_decorator.py
[2025-09-25T05:31:31.707+0000] {processor.py:925} INFO - DAG(s) 'example_dag_decorator' retrieved from /home/airflow/.local/lib/python3.12/site-packages/airflow/example_dags/example_dag_decorator.py
[2025-09-25T05:31:31.807+0000] {logging_mixin.py:190} INFO - [2025-09-25T05:31:31.807+0000] {dag.py:3239} INFO - Sync 1 DAGs
[2025-09-25T05:31:31.820+0000] {logging_mixin.py:190} INFO - [2025-09-25T05:31:31.820+0000] {dag.py:4180} INFO - Setting next_dagrun for example_dag_decorator to None, run_after=None
[2025-09-25T05:31:31.838+0000] {processor.py:208} INFO - Processing /home/airflow/.local/lib/python3.12/site-packages/airflow/example_dags/example_dag_decorator.py took 0.230 seconds
[2025-09-25T05:32:02.793+0000] {processor.py:186} INFO - Started process (PID=469) to work on /home/airflow/.local/lib/python3.12/site-packages/airflow/example_dags/example_dag_decorator.py
[2025-09-25T05:32:02.794+0000] {processor.py:914} INFO - Processing file /home/airflow/.local/lib/python3.12/site-packages/airflow/example_dags/example_dag_decorator.py for tasks to queue
[2025-09-25T05:32:02.796+0000] {logging_mixin.py:190} INFO - [2025-09-25T05:32:02.796+0000] {dagbag.py:588} INFO - Filling up the DagBag from /home/airflow/.local/lib/python3.12/site-packages/airflow/example_dags/example_dag_decorator.py
[2025-09-25T05:32:02.879+0000] {processor.py:925} INFO - DAG(s) 'example_dag_decorator' retrieved from /home/airflow/.local/lib/python3.12/site-packages/airflow/example_dags/example_dag_decorator.py
[2025-09-25T05:32:02.981+0000] {logging_mixin.py:190} INFO - [2025-09-25T05:32:02.981+0000] {dag.py:3239} INFO - Sync 1 DAGs
[2025-09-25T05:32:02.997+0000] {logging_mixin.py:190} INFO - [2025-09-25T05:32:02.996+0000] {dag.py:4180} INFO - Setting next_dagrun for example_dag_decorator to None, run_after=None
[2025-09-25T05:32:03.017+0000] {processor.py:208} INFO - Processing /home/airflow/.local/lib/python3.12/site-packages/airflow/example_dags/example_dag_decorator.py took 0.229 seconds
[2025-09-25T05:32:34.413+0000] {processor.py:186} INFO - Started process (PID=534) to work on /home/airflow/.local/lib/python3.12/site-packages/airflow/example_dags/example_dag_decorator.py
[2025-09-25T05:32:34.414+0000] {processor.py:914} INFO - Processing file /home/airflow/.local/lib/python3.12/site-packages/airflow/example_dags/example_dag_decorator.py for tasks to queue
[2025-09-25T05:32:34.417+0000] {logging_mixin.py:190} INFO - [2025-09-25T05:32:34.417+0000] {dagbag.py:588} INFO - Filling up the DagBag from /home/airflow/.local/lib/python3.12/site-packages/airflow/example_dags/example_dag_decorator.py
[2025-09-25T05:32:34.516+0000] {processor.py:925} INFO - DAG(s) 'example_dag_decorator' retrieved from /home/airflow/.local/lib/python3.12/site-packages/airflow/example_dags/example_dag_decorator.py
[2025-09-25T05:32:34.624+0000] {logging_mixin.py:190} INFO - [2025-09-25T05:32:34.624+0000] {dag.py:3239} INFO - Sync 1 DAGs
[2025-09-25T05:32:34.641+0000] {logging_mixin.py:190} INFO - [2025-09-25T05:32:34.641+0000] {dag.py:4180} INFO - Setting next_dagrun for example_dag_decorator to None, run_after=None
[2025-09-25T05:32:34.661+0000] {processor.py:208} INFO - Processing /home/airflow/.local/lib/python3.12/site-packages/airflow/example_dags/example_dag_decorator.py took 0.256 seconds
[2025-09-25T05:33:05.084+0000] {processor.py:186} INFO - Started process (PID=599) to work on /home/airflow/.local/lib/python3.12/site-packages/airflow/example_dags/example_dag_decorator.py
[2025-09-25T05:33:05.086+0000] {processor.py:914} INFO - Processing file /home/airflow/.local/lib/python3.12/site-packages/airflow/example_dags/example_dag_decorator.py for tasks to queue
[2025-09-25T05:33:05.090+0000] {logging_mixin.py:190} INFO - [2025-09-25T05:33:05.089+0000] {dagbag.py:588} INFO - Filling up the DagBag from /home/airflow/.local/lib/python3.12/site-packages/airflow/example_dags/example_dag_decorator.py
[2025-09-25T05:33:05.199+0000] {processor.py:925} INFO - DAG(s) 'example_dag_decorator' retrieved from /home/airflow/.local/lib/python3.12/site-packages/airflow/example_dags/example_dag_decorator.py
[2025-09-25T05:33:05.292+0000] {logging_mixin.py:190} INFO - [2025-09-25T05:33:05.292+0000] {dag.py:3239} INFO - Sync 1 DAGs
[2025-09-25T05:33:05.301+0000] {logging_mixin.py:190} INFO - [2025-09-25T05:33:05.301+0000] {dag.py:4180} INFO - Setting next_dagrun for example_dag_decorator to None, run_after=None
[2025-09-25T05:33:05.317+0000] {processor.py:208} INFO - Processing /home/airflow/.local/lib/python3.12/site-packages/airflow/example_dags/example_dag_decorator.py took 0.243 seconds
[2025-09-25T05:33:36.074+0000] {processor.py:186} INFO - Started process (PID=664) to work on /home/airflow/.local/lib/python3.12/site-packages/airflow/example_dags/example_dag_decorator.py
[2025-09-25T05:33:36.075+0000] {processor.py:914} INFO - Processing file /home/airflow/.local/lib/python3.12/site-packages/airflow/example_dags/example_dag_decorator.py for tasks to queue
[2025-09-25T05:33:36.077+0000] {logging_mixin.py:190} INFO - [2025-09-25T05:33:36.077+0000] {dagbag.py:588} INFO - Filling up the DagBag from /home/airflow/.local/lib/python3.12/site-packages/airflow/example_dags/example_dag_decorator.py
[2025-09-25T05:33:36.165+0000] {processor.py:925} INFO - DAG(s) 'example_dag_decorator' retrieved from /home/airflow/.local/lib/python3.12/site-packages/airflow/example_dags/example_dag_decorator.py
[2025-09-25T05:33:36.259+0000] {logging_mixin.py:190} INFO - [2025-09-25T05:33:36.259+0000] {dag.py:3239} INFO - Sync 1 DAGs
[2025-09-25T05:33:36.273+0000] {logging_mixin.py:190} INFO - [2025-09-25T05:33:36.273+0000] {dag.py:4180} INFO - Setting next_dagrun for example_dag_decorator to None, run_after=None
[2025-09-25T05:33:36.291+0000] {processor.py:208} INFO - Processing /home/airflow/.local/lib/python3.12/site-packages/airflow/example_dags/example_dag_decorator.py took 0.223 seconds
[2025-09-25T05:34:07.209+0000] {processor.py:186} INFO - Started process (PID=729) to work on /home/airflow/.local/lib/python3.12/site-packages/airflow/example_dags/example_dag_decorator.py
[2025-09-25T05:34:07.210+0000] {processor.py:914} INFO - Processing file /home/airflow/.local/lib/python3.12/site-packages/airflow/example_dags/example_dag_decorator.py for tasks to queue
[2025-09-25T05:34:07.213+0000] {logging_mixin.py:190} INFO - [2025-09-25T05:34:07.212+0000] {dagbag.py:588} INFO - Filling up the DagBag from /home/airflow/.local/lib/python3.12/site-packages/airflow/example_dags/example_dag_decorator.py
[2025-09-25T05:34:07.299+0000] {processor.py:925} INFO - DAG(s) 'example_dag_decorator' retrieved from /home/airflow/.local/lib/python3.12/site-packages/airflow/example_dags/example_dag_decorator.py
[2025-09-25T05:34:07.397+0000] {logging_mixin.py:190} INFO - [2025-09-25T05:34:07.397+0000] {dag.py:3239} INFO - Sync 1 DAGs
[2025-09-25T05:34:07.407+0000] {logging_mixin.py:190} INFO - [2025-09-25T05:34:07.407+0000] {dag.py:4180} INFO - Setting next_dagrun for example_dag_decorator to None, run_after=None
[2025-09-25T05:34:07.423+0000] {processor.py:208} INFO - Processing /home/airflow/.local/lib/python3.12/site-packages/airflow/example_dags/example_dag_decorator.py took 0.219 seconds
[2025-09-25T05:34:38.576+0000] {processor.py:186} INFO - Started process (PID=794) to work on /home/airflow/.local/lib/python3.12/site-packages/airflow/example_dags/example_dag_decorator.py
[2025-09-25T05:34:38.577+0000] {processor.py:914} INFO - Processing file /home/airflow/.local/lib/python3.12/site-packages/airflow/example_dags/example_dag_decorator.py for tasks to queue
[2025-09-25T05:34:38.580+0000] {logging_mixin.py:190} INFO - [2025-09-25T05:34:38.579+0000] {dagbag.py:588} INFO - Filling up the DagBag from /home/airflow/.local/lib/python3.12/site-packages/airflow/example_dags/example_dag_decorator.py
[2025-09-25T05:34:38.662+0000] {processor.py:925} INFO - DAG(s) 'example_dag_decorator' retrieved from /home/airflow/.local/lib/python3.12/site-packages/airflow/example_dags/example_dag_decorator.py
[2025-09-25T05:34:38.778+0000] {logging_mixin.py:190} INFO - [2025-09-25T05:34:38.778+0000] {dag.py:3239} INFO - Sync 1 DAGs
[2025-09-25T05:34:38.789+0000] {logging_mixin.py:190} INFO - [2025-09-25T05:34:38.789+0000] {dag.py:4180} INFO - Setting next_dagrun for example_dag_decorator to None, run_after=None
[2025-09-25T05:34:38.806+0000] {processor.py:208} INFO - Processing /home/airflow/.local/lib/python3.12/site-packages/airflow/example_dags/example_dag_decorator.py took 0.235 seconds
[2025-09-25T05:35:09.815+0000] {processor.py:186} INFO - Started process (PID=859) to work on /home/airflow/.local/lib/python3.12/site-packages/airflow/example_dags/example_dag_decorator.py
[2025-09-25T05:35:09.816+0000] {processor.py:914} INFO - Processing file /home/airflow/.local/lib/python3.12/site-packages/airflow/example_dags/example_dag_decorator.py for tasks to queue
[2025-09-25T05:35:09.818+0000] {logging_mixin.py:190} INFO - [2025-09-25T05:35:09.818+0000] {dagbag.py:588} INFO - Filling up the DagBag from /home/airflow/.local/lib/python3.12/site-packages/airflow/example_dags/example_dag_decorator.py
[2025-09-25T05:35:09.903+0000] {processor.py:925} INFO - DAG(s) 'example_dag_decorator' retrieved from /home/airflow/.local/lib/python3.12/site-packages/airflow/example_dags/example_dag_decorator.py
[2025-09-25T05:35:09.997+0000] {logging_mixin.py:190} INFO - [2025-09-25T05:35:09.996+0000] {dag.py:3239} INFO - Sync 1 DAGs
[2025-09-25T05:35:10.008+0000] {logging_mixin.py:190} INFO - [2025-09-25T05:35:10.008+0000] {dag.py:4180} INFO - Setting next_dagrun for example_dag_decorator to None, run_after=None
[2025-09-25T05:35:10.024+0000] {processor.py:208} INFO - Processing /home/airflow/.local/lib/python3.12/site-packages/airflow/example_dags/example_dag_decorator.py took 0.215 seconds
[2025-09-25T05:35:41.158+0000] {processor.py:186} INFO - Started process (PID=924) to work on /home/airflow/.local/lib/python3.12/site-packages/airflow/example_dags/example_dag_decorator.py
[2025-09-25T05:35:41.159+0000] {processor.py:914} INFO - Processing file /home/airflow/.local/lib/python3.12/site-packages/airflow/example_dags/example_dag_decorator.py for tasks to queue
[2025-09-25T05:35:41.161+0000] {logging_mixin.py:190} INFO - [2025-09-25T05:35:41.161+0000] {dagbag.py:588} INFO - Filling up the DagBag from /home/airflow/.local/lib/python3.12/site-packages/airflow/example_dags/example_dag_decorator.py
[2025-09-25T05:35:41.249+0000] {processor.py:925} INFO - DAG(s) 'example_dag_decorator' retrieved from /home/airflow/.local/lib/python3.12/site-packages/airflow/example_dags/example_dag_decorator.py
[2025-09-25T05:35:41.345+0000] {logging_mixin.py:190} INFO - [2025-09-25T05:35:41.345+0000] {dag.py:3239} INFO - Sync 1 DAGs
[2025-09-25T05:35:41.355+0000] {logging_mixin.py:190} INFO - [2025-09-25T05:35:41.355+0000] {dag.py:4180} INFO - Setting next_dagrun for example_dag_decorator to None, run_after=None
[2025-09-25T05:35:41.372+0000] {processor.py:208} INFO - Processing /home/airflow/.local/lib/python3.12/site-packages/airflow/example_dags/example_dag_decorator.py took 0.222 seconds
[2025-09-25T05:36:12.588+0000] {processor.py:186} INFO - Started process (PID=989) to work on /home/airflow/.local/lib/python3.12/site-packages/airflow/example_dags/example_dag_decorator.py
[2025-09-25T05:36:12.589+0000] {processor.py:914} INFO - Processing file /home/airflow/.local/lib/python3.12/site-packages/airflow/example_dags/example_dag_decorator.py for tasks to queue
[2025-09-25T05:36:12.591+0000] {logging_mixin.py:190} INFO - [2025-09-25T05:36:12.591+0000] {dagbag.py:588} INFO - Filling up the DagBag from /home/airflow/.local/lib/python3.12/site-packages/airflow/example_dags/example_dag_decorator.py
[2025-09-25T05:36:12.669+0000] {processor.py:925} INFO - DAG(s) 'example_dag_decorator' retrieved from /home/airflow/.local/lib/python3.12/site-packages/airflow/example_dags/example_dag_decorator.py
[2025-09-25T05:36:12.766+0000] {logging_mixin.py:190} INFO - [2025-09-25T05:36:12.766+0000] {dag.py:3239} INFO - Sync 1 DAGs
[2025-09-25T05:36:12.775+0000] {logging_mixin.py:190} INFO - [2025-09-25T05:36:12.775+0000] {dag.py:4180} INFO - Setting next_dagrun for example_dag_decorator to None, run_after=None
[2025-09-25T05:36:12.792+0000] {processor.py:208} INFO - Processing /home/airflow/.local/lib/python3.12/site-packages/airflow/example_dags/example_dag_decorator.py took 0.209 seconds
[2025-09-25T05:36:43.804+0000] {processor.py:186} INFO - Started process (PID=1054) to work on /home/airflow/.local/lib/python3.12/site-packages/airflow/example_dags/example_dag_decorator.py
[2025-09-25T05:36:43.805+0000] {processor.py:914} INFO - Processing file /home/airflow/.local/lib/python3.12/site-packages/airflow/example_dags/example_dag_decorator.py for tasks to queue
[2025-09-25T05:36:43.807+0000] {logging_mixin.py:190} INFO - [2025-09-25T05:36:43.807+0000] {dagbag.py:588} INFO - Filling up the DagBag from /home/airflow/.local/lib/python3.12/site-packages/airflow/example_dags/example_dag_decorator.py
[2025-09-25T05:36:43.885+0000] {processor.py:925} INFO - DAG(s) 'example_dag_decorator' retrieved from /home/airflow/.local/lib/python3.12/site-packages/airflow/example_dags/example_dag_decorator.py
[2025-09-25T05:36:43.971+0000] {logging_mixin.py:190} INFO - [2025-09-25T05:36:43.971+0000] {dag.py:3239} INFO - Sync 1 DAGs
[2025-09-25T05:36:43.981+0000] {logging_mixin.py:190} INFO - [2025-09-25T05:36:43.980+0000] {dag.py:4180} INFO - Setting next_dagrun for example_dag_decorator to None, run_after=None
[2025-09-25T05:36:43.995+0000] {processor.py:208} INFO - Processing /home/airflow/.local/lib/python3.12/site-packages/airflow/example_dags/example_dag_decorator.py took 0.196 seconds
[2025-09-25T05:37:14.576+0000] {processor.py:186} INFO - Started process (PID=1120) to work on /home/airflow/.local/lib/python3.12/site-packages/airflow/example_dags/example_dag_decorator.py
[2025-09-25T05:37:14.577+0000] {processor.py:914} INFO - Processing file /home/airflow/.local/lib/python3.12/site-packages/airflow/example_dags/example_dag_decorator.py for tasks to queue
[2025-09-25T05:37:14.579+0000] {logging_mixin.py:190} INFO - [2025-09-25T05:37:14.579+0000] {dagbag.py:588} INFO - Filling up the DagBag from /home/airflow/.local/lib/python3.12/site-packages/airflow/example_dags/example_dag_decorator.py
[2025-09-25T05:37:14.657+0000] {processor.py:925} INFO - DAG(s) 'example_dag_decorator' retrieved from /home/airflow/.local/lib/python3.12/site-packages/airflow/example_dags/example_dag_decorator.py
[2025-09-25T05:37:14.753+0000] {logging_mixin.py:190} INFO - [2025-09-25T05:37:14.753+0000] {dag.py:3239} INFO - Sync 1 DAGs
[2025-09-25T05:37:14.762+0000] {logging_mixin.py:190} INFO - [2025-09-25T05:37:14.762+0000] {dag.py:4180} INFO - Setting next_dagrun for example_dag_decorator to None, run_after=None
[2025-09-25T05:37:14.779+0000] {processor.py:208} INFO - Processing /home/airflow/.local/lib/python3.12/site-packages/airflow/example_dags/example_dag_decorator.py took 0.208 seconds
[2025-09-25T05:37:45.941+0000] {processor.py:186} INFO - Started process (PID=1184) to work on /home/airflow/.local/lib/python3.12/site-packages/airflow/example_dags/example_dag_decorator.py
[2025-09-25T05:37:45.942+0000] {processor.py:914} INFO - Processing file /home/airflow/.local/lib/python3.12/site-packages/airflow/example_dags/example_dag_decorator.py for tasks to queue
[2025-09-25T05:37:45.944+0000] {logging_mixin.py:190} INFO - [2025-09-25T05:37:45.944+0000] {dagbag.py:588} INFO - Filling up the DagBag from /home/airflow/.local/lib/python3.12/site-packages/airflow/example_dags/example_dag_decorator.py
[2025-09-25T05:37:46.043+0000] {processor.py:925} INFO - DAG(s) 'example_dag_decorator' retrieved from /home/airflow/.local/lib/python3.12/site-packages/airflow/example_dags/example_dag_decorator.py
[2025-09-25T05:37:46.169+0000] {logging_mixin.py:190} INFO - [2025-09-25T05:37:46.169+0000] {dag.py:3239} INFO - Sync 1 DAGs
[2025-09-25T05:37:46.181+0000] {logging_mixin.py:190} INFO - [2025-09-25T05:37:46.180+0000] {dag.py:4180} INFO - Setting next_dagrun for example_dag_decorator to None, run_after=None
[2025-09-25T05:37:46.196+0000] {processor.py:208} INFO - Processing /home/airflow/.local/lib/python3.12/site-packages/airflow/example_dags/example_dag_decorator.py took 0.260 seconds
[2025-09-25T05:38:17.238+0000] {processor.py:186} INFO - Started process (PID=1249) to work on /home/airflow/.local/lib/python3.12/site-packages/airflow/example_dags/example_dag_decorator.py
[2025-09-25T05:38:17.240+0000] {processor.py:914} INFO - Processing file /home/airflow/.local/lib/python3.12/site-packages/airflow/example_dags/example_dag_decorator.py for tasks to queue
[2025-09-25T05:38:17.242+0000] {logging_mixin.py:190} INFO - [2025-09-25T05:38:17.241+0000] {dagbag.py:588} INFO - Filling up the DagBag from /home/airflow/.local/lib/python3.12/site-packages/airflow/example_dags/example_dag_decorator.py
[2025-09-25T05:38:17.323+0000] {processor.py:925} INFO - DAG(s) 'example_dag_decorator' retrieved from /home/airflow/.local/lib/python3.12/site-packages/airflow/example_dags/example_dag_decorator.py
[2025-09-25T05:38:17.413+0000] {logging_mixin.py:190} INFO - [2025-09-25T05:38:17.413+0000] {dag.py:3239} INFO - Sync 1 DAGs
[2025-09-25T05:38:17.423+0000] {logging_mixin.py:190} INFO - [2025-09-25T05:38:17.423+0000] {dag.py:4180} INFO - Setting next_dagrun for example_dag_decorator to None, run_after=None
[2025-09-25T05:38:17.438+0000] {processor.py:208} INFO - Processing /home/airflow/.local/lib/python3.12/site-packages/airflow/example_dags/example_dag_decorator.py took 0.205 seconds
[2025-09-25T05:38:48.596+0000] {processor.py:186} INFO - Started process (PID=1314) to work on /home/airflow/.local/lib/python3.12/site-packages/airflow/example_dags/example_dag_decorator.py
[2025-09-25T05:38:48.597+0000] {processor.py:914} INFO - Processing file /home/airflow/.local/lib/python3.12/site-packages/airflow/example_dags/example_dag_decorator.py for tasks to queue
[2025-09-25T05:38:48.600+0000] {logging_mixin.py:190} INFO - [2025-09-25T05:38:48.600+0000] {dagbag.py:588} INFO - Filling up the DagBag from /home/airflow/.local/lib/python3.12/site-packages/airflow/example_dags/example_dag_decorator.py
[2025-09-25T05:38:48.679+0000] {processor.py:925} INFO - DAG(s) 'example_dag_decorator' retrieved from /home/airflow/.local/lib/python3.12/site-packages/airflow/example_dags/example_dag_decorator.py
[2025-09-25T05:38:48.771+0000] {logging_mixin.py:190} INFO - [2025-09-25T05:38:48.771+0000] {dag.py:3239} INFO - Sync 1 DAGs
[2025-09-25T05:38:48.781+0000] {logging_mixin.py:190} INFO - [2025-09-25T05:38:48.781+0000] {dag.py:4180} INFO - Setting next_dagrun for example_dag_decorator to None, run_after=None
[2025-09-25T05:38:48.798+0000] {processor.py:208} INFO - Processing /home/airflow/.local/lib/python3.12/site-packages/airflow/example_dags/example_dag_decorator.py took 0.207 seconds
[2025-09-25T05:39:20.228+0000] {processor.py:186} INFO - Started process (PID=1385) to work on /home/airflow/.local/lib/python3.12/site-packages/airflow/example_dags/example_dag_decorator.py
[2025-09-25T05:39:20.229+0000] {processor.py:914} INFO - Processing file /home/airflow/.local/lib/python3.12/site-packages/airflow/example_dags/example_dag_decorator.py for tasks to queue
[2025-09-25T05:39:20.231+0000] {logging_mixin.py:190} INFO - [2025-09-25T05:39:20.231+0000] {dagbag.py:588} INFO - Filling up the DagBag from /home/airflow/.local/lib/python3.12/site-packages/airflow/example_dags/example_dag_decorator.py
[2025-09-25T05:39:20.315+0000] {processor.py:925} INFO - DAG(s) 'example_dag_decorator' retrieved from /home/airflow/.local/lib/python3.12/site-packages/airflow/example_dags/example_dag_decorator.py
[2025-09-25T05:39:20.405+0000] {logging_mixin.py:190} INFO - [2025-09-25T05:39:20.405+0000] {dag.py:3239} INFO - Sync 1 DAGs
[2025-09-25T05:39:20.415+0000] {logging_mixin.py:190} INFO - [2025-09-25T05:39:20.415+0000] {dag.py:4180} INFO - Setting next_dagrun for example_dag_decorator to None, run_after=None
[2025-09-25T05:39:20.431+0000] {processor.py:208} INFO - Processing /home/airflow/.local/lib/python3.12/site-packages/airflow/example_dags/example_dag_decorator.py took 0.208 seconds
[2025-09-25T05:39:51.564+0000] {processor.py:186} INFO - Started process (PID=1450) to work on /home/airflow/.local/lib/python3.12/site-packages/airflow/example_dags/example_dag_decorator.py
[2025-09-25T05:39:51.565+0000] {processor.py:914} INFO - Processing file /home/airflow/.local/lib/python3.12/site-packages/airflow/example_dags/example_dag_decorator.py for tasks to queue
[2025-09-25T05:39:51.567+0000] {logging_mixin.py:190} INFO - [2025-09-25T05:39:51.567+0000] {dagbag.py:588} INFO - Filling up the DagBag from /home/airflow/.local/lib/python3.12/site-packages/airflow/example_dags/example_dag_decorator.py
[2025-09-25T05:39:51.645+0000] {processor.py:925} INFO - DAG(s) 'example_dag_decorator' retrieved from /home/airflow/.local/lib/python3.12/site-packages/airflow/example_dags/example_dag_decorator.py
[2025-09-25T05:39:51.736+0000] {logging_mixin.py:190} INFO - [2025-09-25T05:39:51.735+0000] {dag.py:3239} INFO - Sync 1 DAGs
[2025-09-25T05:39:51.745+0000] {logging_mixin.py:190} INFO - [2025-09-25T05:39:51.745+0000] {dag.py:4180} INFO - Setting next_dagrun for example_dag_decorator to None, run_after=None
[2025-09-25T05:39:51.761+0000] {processor.py:208} INFO - Processing /home/airflow/.local/lib/python3.12/site-packages/airflow/example_dags/example_dag_decorator.py took 0.203 seconds
[2025-09-25T05:40:22.615+0000] {processor.py:186} INFO - Started process (PID=1515) to work on /home/airflow/.local/lib/python3.12/site-packages/airflow/example_dags/example_dag_decorator.py
[2025-09-25T05:40:22.616+0000] {processor.py:914} INFO - Processing file /home/airflow/.local/lib/python3.12/site-packages/airflow/example_dags/example_dag_decorator.py for tasks to queue
[2025-09-25T05:40:22.618+0000] {logging_mixin.py:190} INFO - [2025-09-25T05:40:22.617+0000] {dagbag.py:588} INFO - Filling up the DagBag from /home/airflow/.local/lib/python3.12/site-packages/airflow/example_dags/example_dag_decorator.py
[2025-09-25T05:40:22.702+0000] {processor.py:925} INFO - DAG(s) 'example_dag_decorator' retrieved from /home/airflow/.local/lib/python3.12/site-packages/airflow/example_dags/example_dag_decorator.py
[2025-09-25T05:40:22.814+0000] {logging_mixin.py:190} INFO - [2025-09-25T05:40:22.814+0000] {dag.py:3239} INFO - Sync 1 DAGs
[2025-09-25T05:40:22.830+0000] {logging_mixin.py:190} INFO - [2025-09-25T05:40:22.830+0000] {dag.py:4180} INFO - Setting next_dagrun for example_dag_decorator to None, run_after=None
[2025-09-25T05:40:22.849+0000] {processor.py:208} INFO - Processing /home/airflow/.local/lib/python3.12/site-packages/airflow/example_dags/example_dag_decorator.py took 0.239 seconds
[2025-09-25T05:40:54.019+0000] {processor.py:186} INFO - Started process (PID=1580) to work on /home/airflow/.local/lib/python3.12/site-packages/airflow/example_dags/example_dag_decorator.py
[2025-09-25T05:40:54.020+0000] {processor.py:914} INFO - Processing file /home/airflow/.local/lib/python3.12/site-packages/airflow/example_dags/example_dag_decorator.py for tasks to queue
[2025-09-25T05:40:54.023+0000] {logging_mixin.py:190} INFO - [2025-09-25T05:40:54.023+0000] {dagbag.py:588} INFO - Filling up the DagBag from /home/airflow/.local/lib/python3.12/site-packages/airflow/example_dags/example_dag_decorator.py
[2025-09-25T05:40:54.110+0000] {processor.py:925} INFO - DAG(s) 'example_dag_decorator' retrieved from /home/airflow/.local/lib/python3.12/site-packages/airflow/example_dags/example_dag_decorator.py
[2025-09-25T05:40:54.202+0000] {logging_mixin.py:190} INFO - [2025-09-25T05:40:54.202+0000] {dag.py:3239} INFO - Sync 1 DAGs
[2025-09-25T05:40:54.213+0000] {logging_mixin.py:190} INFO - [2025-09-25T05:40:54.212+0000] {dag.py:4180} INFO - Setting next_dagrun for example_dag_decorator to None, run_after=None
[2025-09-25T05:40:54.228+0000] {processor.py:208} INFO - Processing /home/airflow/.local/lib/python3.12/site-packages/airflow/example_dags/example_dag_decorator.py took 0.214 seconds
[2025-09-25T05:41:25.276+0000] {processor.py:186} INFO - Started process (PID=1645) to work on /home/airflow/.local/lib/python3.12/site-packages/airflow/example_dags/example_dag_decorator.py
[2025-09-25T05:41:25.277+0000] {processor.py:914} INFO - Processing file /home/airflow/.local/lib/python3.12/site-packages/airflow/example_dags/example_dag_decorator.py for tasks to queue
[2025-09-25T05:41:25.279+0000] {logging_mixin.py:190} INFO - [2025-09-25T05:41:25.279+0000] {dagbag.py:588} INFO - Filling up the DagBag from /home/airflow/.local/lib/python3.12/site-packages/airflow/example_dags/example_dag_decorator.py
[2025-09-25T05:41:25.367+0000] {processor.py:925} INFO - DAG(s) 'example_dag_decorator' retrieved from /home/airflow/.local/lib/python3.12/site-packages/airflow/example_dags/example_dag_decorator.py
[2025-09-25T05:41:25.465+0000] {logging_mixin.py:190} INFO - [2025-09-25T05:41:25.465+0000] {dag.py:3239} INFO - Sync 1 DAGs
[2025-09-25T05:41:25.475+0000] {logging_mixin.py:190} INFO - [2025-09-25T05:41:25.475+0000] {dag.py:4180} INFO - Setting next_dagrun for example_dag_decorator to None, run_after=None
[2025-09-25T05:41:25.491+0000] {processor.py:208} INFO - Processing /home/airflow/.local/lib/python3.12/site-packages/airflow/example_dags/example_dag_decorator.py took 0.220 seconds
[2025-09-25T05:41:56.777+0000] {processor.py:186} INFO - Started process (PID=1710) to work on /home/airflow/.local/lib/python3.12/site-packages/airflow/example_dags/example_dag_decorator.py
[2025-09-25T05:41:56.777+0000] {processor.py:914} INFO - Processing file /home/airflow/.local/lib/python3.12/site-packages/airflow/example_dags/example_dag_decorator.py for tasks to queue
[2025-09-25T05:41:56.780+0000] {logging_mixin.py:190} INFO - [2025-09-25T05:41:56.779+0000] {dagbag.py:588} INFO - Filling up the DagBag from /home/airflow/.local/lib/python3.12/site-packages/airflow/example_dags/example_dag_decorator.py
[2025-09-25T05:41:56.859+0000] {processor.py:925} INFO - DAG(s) 'example_dag_decorator' retrieved from /home/airflow/.local/lib/python3.12/site-packages/airflow/example_dags/example_dag_decorator.py
[2025-09-25T05:41:56.953+0000] {logging_mixin.py:190} INFO - [2025-09-25T05:41:56.953+0000] {dag.py:3239} INFO - Sync 1 DAGs
[2025-09-25T05:41:56.965+0000] {logging_mixin.py:190} INFO - [2025-09-25T05:41:56.965+0000] {dag.py:4180} INFO - Setting next_dagrun for example_dag_decorator to None, run_after=None
[2025-09-25T05:41:56.980+0000] {processor.py:208} INFO - Processing /home/airflow/.local/lib/python3.12/site-packages/airflow/example_dags/example_dag_decorator.py took 0.209 seconds
[2025-09-25T05:42:27.577+0000] {processor.py:186} INFO - Started process (PID=1776) to work on /home/airflow/.local/lib/python3.12/site-packages/airflow/example_dags/example_dag_decorator.py
[2025-09-25T05:42:27.578+0000] {processor.py:914} INFO - Processing file /home/airflow/.local/lib/python3.12/site-packages/airflow/example_dags/example_dag_decorator.py for tasks to queue
[2025-09-25T05:42:27.580+0000] {logging_mixin.py:190} INFO - [2025-09-25T05:42:27.580+0000] {dagbag.py:588} INFO - Filling up the DagBag from /home/airflow/.local/lib/python3.12/site-packages/airflow/example_dags/example_dag_decorator.py
[2025-09-25T05:42:27.664+0000] {processor.py:925} INFO - DAG(s) 'example_dag_decorator' retrieved from /home/airflow/.local/lib/python3.12/site-packages/airflow/example_dags/example_dag_decorator.py
[2025-09-25T05:42:27.755+0000] {logging_mixin.py:190} INFO - [2025-09-25T05:42:27.755+0000] {dag.py:3239} INFO - Sync 1 DAGs
[2025-09-25T05:42:27.765+0000] {logging_mixin.py:190} INFO - [2025-09-25T05:42:27.765+0000] {dag.py:4180} INFO - Setting next_dagrun for example_dag_decorator to None, run_after=None
[2025-09-25T05:42:27.780+0000] {processor.py:208} INFO - Processing /home/airflow/.local/lib/python3.12/site-packages/airflow/example_dags/example_dag_decorator.py took 0.209 seconds
[2025-09-25T05:42:58.342+0000] {processor.py:186} INFO - Started process (PID=1840) to work on /home/airflow/.local/lib/python3.12/site-packages/airflow/example_dags/example_dag_decorator.py
[2025-09-25T05:42:58.343+0000] {processor.py:914} INFO - Processing file /home/airflow/.local/lib/python3.12/site-packages/airflow/example_dags/example_dag_decorator.py for tasks to queue
[2025-09-25T05:42:58.346+0000] {logging_mixin.py:190} INFO - [2025-09-25T05:42:58.345+0000] {dagbag.py:588} INFO - Filling up the DagBag from /home/airflow/.local/lib/python3.12/site-packages/airflow/example_dags/example_dag_decorator.py
[2025-09-25T05:42:58.424+0000] {processor.py:925} INFO - DAG(s) 'example_dag_decorator' retrieved from /home/airflow/.local/lib/python3.12/site-packages/airflow/example_dags/example_dag_decorator.py
[2025-09-25T05:42:58.518+0000] {logging_mixin.py:190} INFO - [2025-09-25T05:42:58.518+0000] {dag.py:3239} INFO - Sync 1 DAGs
[2025-09-25T05:42:58.527+0000] {logging_mixin.py:190} INFO - [2025-09-25T05:42:58.527+0000] {dag.py:4180} INFO - Setting next_dagrun for example_dag_decorator to None, run_after=None
[2025-09-25T05:42:58.542+0000] {processor.py:208} INFO - Processing /home/airflow/.local/lib/python3.12/site-packages/airflow/example_dags/example_dag_decorator.py took 0.206 seconds
[2025-09-25T05:43:29.554+0000] {processor.py:186} INFO - Started process (PID=1905) to work on /home/airflow/.local/lib/python3.12/site-packages/airflow/example_dags/example_dag_decorator.py
[2025-09-25T05:43:29.555+0000] {processor.py:914} INFO - Processing file /home/airflow/.local/lib/python3.12/site-packages/airflow/example_dags/example_dag_decorator.py for tasks to queue
[2025-09-25T05:43:29.557+0000] {logging_mixin.py:190} INFO - [2025-09-25T05:43:29.557+0000] {dagbag.py:588} INFO - Filling up the DagBag from /home/airflow/.local/lib/python3.12/site-packages/airflow/example_dags/example_dag_decorator.py
[2025-09-25T05:43:29.637+0000] {processor.py:925} INFO - DAG(s) 'example_dag_decorator' retrieved from /home/airflow/.local/lib/python3.12/site-packages/airflow/example_dags/example_dag_decorator.py
[2025-09-25T05:43:29.730+0000] {logging_mixin.py:190} INFO - [2025-09-25T05:43:29.730+0000] {dag.py:3239} INFO - Sync 1 DAGs
[2025-09-25T05:43:29.740+0000] {logging_mixin.py:190} INFO - [2025-09-25T05:43:29.739+0000] {dag.py:4180} INFO - Setting next_dagrun for example_dag_decorator to None, run_after=None
[2025-09-25T05:43:29.756+0000] {processor.py:208} INFO - Processing /home/airflow/.local/lib/python3.12/site-packages/airflow/example_dags/example_dag_decorator.py took 0.208 seconds
[2025-09-25T05:44:00.491+0000] {processor.py:186} INFO - Started process (PID=1970) to work on /home/airflow/.local/lib/python3.12/site-packages/airflow/example_dags/example_dag_decorator.py
[2025-09-25T05:44:00.491+0000] {processor.py:914} INFO - Processing file /home/airflow/.local/lib/python3.12/site-packages/airflow/example_dags/example_dag_decorator.py for tasks to queue
[2025-09-25T05:44:00.495+0000] {logging_mixin.py:190} INFO - [2025-09-25T05:44:00.494+0000] {dagbag.py:588} INFO - Filling up the DagBag from /home/airflow/.local/lib/python3.12/site-packages/airflow/example_dags/example_dag_decorator.py
[2025-09-25T05:44:00.586+0000] {processor.py:925} INFO - DAG(s) 'example_dag_decorator' retrieved from /home/airflow/.local/lib/python3.12/site-packages/airflow/example_dags/example_dag_decorator.py
[2025-09-25T05:44:00.686+0000] {logging_mixin.py:190} INFO - [2025-09-25T05:44:00.686+0000] {dag.py:3239} INFO - Sync 1 DAGs
[2025-09-25T05:44:00.696+0000] {logging_mixin.py:190} INFO - [2025-09-25T05:44:00.696+0000] {dag.py:4180} INFO - Setting next_dagrun for example_dag_decorator to None, run_after=None
[2025-09-25T05:44:00.715+0000] {processor.py:208} INFO - Processing /home/airflow/.local/lib/python3.12/site-packages/airflow/example_dags/example_dag_decorator.py took 0.230 seconds
[2025-09-25T05:44:31.277+0000] {processor.py:186} INFO - Started process (PID=2035) to work on /home/airflow/.local/lib/python3.12/site-packages/airflow/example_dags/example_dag_decorator.py
[2025-09-25T05:44:31.278+0000] {processor.py:914} INFO - Processing file /home/airflow/.local/lib/python3.12/site-packages/airflow/example_dags/example_dag_decorator.py for tasks to queue
[2025-09-25T05:44:31.280+0000] {logging_mixin.py:190} INFO - [2025-09-25T05:44:31.280+0000] {dagbag.py:588} INFO - Filling up the DagBag from /home/airflow/.local/lib/python3.12/site-packages/airflow/example_dags/example_dag_decorator.py
[2025-09-25T05:44:31.365+0000] {processor.py:925} INFO - DAG(s) 'example_dag_decorator' retrieved from /home/airflow/.local/lib/python3.12/site-packages/airflow/example_dags/example_dag_decorator.py
[2025-09-25T05:44:31.460+0000] {logging_mixin.py:190} INFO - [2025-09-25T05:44:31.460+0000] {dag.py:3239} INFO - Sync 1 DAGs
[2025-09-25T05:44:31.470+0000] {logging_mixin.py:190} INFO - [2025-09-25T05:44:31.470+0000] {dag.py:4180} INFO - Setting next_dagrun for example_dag_decorator to None, run_after=None
[2025-09-25T05:44:31.486+0000] {processor.py:208} INFO - Processing /home/airflow/.local/lib/python3.12/site-packages/airflow/example_dags/example_dag_decorator.py took 0.214 seconds
