[2025-09-25T05:12:42.832+0000] {processor.py:186} INFO - Started process (PID=95) to work on /home/airflow/.local/lib/python3.12/site-packages/airflow/example_dags/tutorial_taskflow_templates.py
[2025-09-25T05:12:42.833+0000] {processor.py:914} INFO - Processing file /home/airflow/.local/lib/python3.12/site-packages/airflow/example_dags/tutorial_taskflow_templates.py for tasks to queue
[2025-09-25T05:12:42.835+0000] {logging_mixin.py:190} INFO - [2025-09-25T05:12:42.834+0000] {dagbag.py:588} INFO - Filling up the DagBag from /home/airflow/.local/lib/python3.12/site-packages/airflow/example_dags/tutorial_taskflow_templates.py
[2025-09-25T05:12:42.847+0000] {processor.py:925} INFO - DAG(s) 'tutorial_taskflow_templates' retrieved from /home/airflow/.local/lib/python3.12/site-packages/airflow/example_dags/tutorial_taskflow_templates.py
[2025-09-25T05:12:42.865+0000] {logging_mixin.py:190} INFO - [2025-09-25T05:12:42.864+0000] {dag.py:3239} INFO - Sync 1 DAGs
[2025-09-25T05:12:42.886+0000] {logging_mixin.py:190} INFO - [2025-09-25T05:12:42.886+0000] {dag.py:4180} INFO - Setting next_dagrun for tutorial_taskflow_templates to 2025-09-24 00:00:00+00:00, run_after=2025-09-25 00:00:00+00:00
[2025-09-25T05:12:42.901+0000] {processor.py:208} INFO - Processing /home/airflow/.local/lib/python3.12/site-packages/airflow/example_dags/tutorial_taskflow_templates.py took 0.074 seconds
[2025-09-25T05:13:13.247+0000] {processor.py:186} INFO - Started process (PID=160) to work on /home/airflow/.local/lib/python3.12/site-packages/airflow/example_dags/tutorial_taskflow_templates.py
[2025-09-25T05:13:13.248+0000] {processor.py:914} INFO - Processing file /home/airflow/.local/lib/python3.12/site-packages/airflow/example_dags/tutorial_taskflow_templates.py for tasks to queue
[2025-09-25T05:13:13.250+0000] {logging_mixin.py:190} INFO - [2025-09-25T05:13:13.250+0000] {dagbag.py:588} INFO - Filling up the DagBag from /home/airflow/.local/lib/python3.12/site-packages/airflow/example_dags/tutorial_taskflow_templates.py
[2025-09-25T05:13:13.262+0000] {processor.py:925} INFO - DAG(s) 'tutorial_taskflow_templates' retrieved from /home/airflow/.local/lib/python3.12/site-packages/airflow/example_dags/tutorial_taskflow_templates.py
[2025-09-25T05:13:13.288+0000] {logging_mixin.py:190} INFO - [2025-09-25T05:13:13.288+0000] {dag.py:3239} INFO - Sync 1 DAGs
[2025-09-25T05:13:13.313+0000] {logging_mixin.py:190} INFO - [2025-09-25T05:13:13.313+0000] {dag.py:4180} INFO - Setting next_dagrun for tutorial_taskflow_templates to 2025-09-24 00:00:00+00:00, run_after=2025-09-25 00:00:00+00:00
[2025-09-25T05:13:13.330+0000] {processor.py:208} INFO - Processing /home/airflow/.local/lib/python3.12/site-packages/airflow/example_dags/tutorial_taskflow_templates.py took 0.088 seconds
[2025-09-25T05:13:43.839+0000] {processor.py:186} INFO - Started process (PID=225) to work on /home/airflow/.local/lib/python3.12/site-packages/airflow/example_dags/tutorial_taskflow_templates.py
[2025-09-25T05:13:43.841+0000] {processor.py:914} INFO - Processing file /home/airflow/.local/lib/python3.12/site-packages/airflow/example_dags/tutorial_taskflow_templates.py for tasks to queue
[2025-09-25T05:13:43.845+0000] {logging_mixin.py:190} INFO - [2025-09-25T05:13:43.845+0000] {dagbag.py:588} INFO - Filling up the DagBag from /home/airflow/.local/lib/python3.12/site-packages/airflow/example_dags/tutorial_taskflow_templates.py
[2025-09-25T05:13:43.867+0000] {processor.py:925} INFO - DAG(s) 'tutorial_taskflow_templates' retrieved from /home/airflow/.local/lib/python3.12/site-packages/airflow/example_dags/tutorial_taskflow_templates.py
[2025-09-25T05:13:43.902+0000] {logging_mixin.py:190} INFO - [2025-09-25T05:13:43.901+0000] {dag.py:3239} INFO - Sync 1 DAGs
[2025-09-25T05:13:43.938+0000] {logging_mixin.py:190} INFO - [2025-09-25T05:13:43.937+0000] {dag.py:4180} INFO - Setting next_dagrun for tutorial_taskflow_templates to 2025-09-24 00:00:00+00:00, run_after=2025-09-25 00:00:00+00:00
[2025-09-25T05:13:43.967+0000] {processor.py:208} INFO - Processing /home/airflow/.local/lib/python3.12/site-packages/airflow/example_dags/tutorial_taskflow_templates.py took 0.140 seconds
[2025-09-25T05:14:14.001+0000] {processor.py:186} INFO - Started process (PID=289) to work on /home/airflow/.local/lib/python3.12/site-packages/airflow/example_dags/tutorial_taskflow_templates.py
[2025-09-25T05:14:14.002+0000] {processor.py:914} INFO - Processing file /home/airflow/.local/lib/python3.12/site-packages/airflow/example_dags/tutorial_taskflow_templates.py for tasks to queue
[2025-09-25T05:14:14.005+0000] {logging_mixin.py:190} INFO - [2025-09-25T05:14:14.004+0000] {dagbag.py:588} INFO - Filling up the DagBag from /home/airflow/.local/lib/python3.12/site-packages/airflow/example_dags/tutorial_taskflow_templates.py
[2025-09-25T05:14:14.016+0000] {processor.py:925} INFO - DAG(s) 'tutorial_taskflow_templates' retrieved from /home/airflow/.local/lib/python3.12/site-packages/airflow/example_dags/tutorial_taskflow_templates.py
[2025-09-25T05:14:14.034+0000] {logging_mixin.py:190} INFO - [2025-09-25T05:14:14.033+0000] {dag.py:3239} INFO - Sync 1 DAGs
[2025-09-25T05:14:14.054+0000] {logging_mixin.py:190} INFO - [2025-09-25T05:14:14.054+0000] {dag.py:4180} INFO - Setting next_dagrun for tutorial_taskflow_templates to 2025-09-24 00:00:00+00:00, run_after=2025-09-25 00:00:00+00:00
[2025-09-25T05:14:14.068+0000] {processor.py:208} INFO - Processing /home/airflow/.local/lib/python3.12/site-packages/airflow/example_dags/tutorial_taskflow_templates.py took 0.072 seconds
[2025-09-25T05:14:45.102+0000] {processor.py:186} INFO - Started process (PID=354) to work on /home/airflow/.local/lib/python3.12/site-packages/airflow/example_dags/tutorial_taskflow_templates.py
[2025-09-25T05:14:45.103+0000] {processor.py:914} INFO - Processing file /home/airflow/.local/lib/python3.12/site-packages/airflow/example_dags/tutorial_taskflow_templates.py for tasks to queue
[2025-09-25T05:14:45.105+0000] {logging_mixin.py:190} INFO - [2025-09-25T05:14:45.105+0000] {dagbag.py:588} INFO - Filling up the DagBag from /home/airflow/.local/lib/python3.12/site-packages/airflow/example_dags/tutorial_taskflow_templates.py
[2025-09-25T05:14:45.118+0000] {processor.py:925} INFO - DAG(s) 'tutorial_taskflow_templates' retrieved from /home/airflow/.local/lib/python3.12/site-packages/airflow/example_dags/tutorial_taskflow_templates.py
[2025-09-25T05:14:45.147+0000] {logging_mixin.py:190} INFO - [2025-09-25T05:14:45.147+0000] {dag.py:3239} INFO - Sync 1 DAGs
[2025-09-25T05:14:45.183+0000] {logging_mixin.py:190} INFO - [2025-09-25T05:14:45.183+0000] {dag.py:4180} INFO - Setting next_dagrun for tutorial_taskflow_templates to 2025-09-24 00:00:00+00:00, run_after=2025-09-25 00:00:00+00:00
[2025-09-25T05:14:45.198+0000] {processor.py:208} INFO - Processing /home/airflow/.local/lib/python3.12/site-packages/airflow/example_dags/tutorial_taskflow_templates.py took 0.103 seconds
[2025-09-25T05:15:16.253+0000] {processor.py:186} INFO - Started process (PID=419) to work on /home/airflow/.local/lib/python3.12/site-packages/airflow/example_dags/tutorial_taskflow_templates.py
[2025-09-25T05:15:16.254+0000] {processor.py:914} INFO - Processing file /home/airflow/.local/lib/python3.12/site-packages/airflow/example_dags/tutorial_taskflow_templates.py for tasks to queue
[2025-09-25T05:15:16.256+0000] {logging_mixin.py:190} INFO - [2025-09-25T05:15:16.256+0000] {dagbag.py:588} INFO - Filling up the DagBag from /home/airflow/.local/lib/python3.12/site-packages/airflow/example_dags/tutorial_taskflow_templates.py
[2025-09-25T05:15:16.269+0000] {processor.py:925} INFO - DAG(s) 'tutorial_taskflow_templates' retrieved from /home/airflow/.local/lib/python3.12/site-packages/airflow/example_dags/tutorial_taskflow_templates.py
[2025-09-25T05:15:16.288+0000] {logging_mixin.py:190} INFO - [2025-09-25T05:15:16.288+0000] {dag.py:3239} INFO - Sync 1 DAGs
[2025-09-25T05:15:16.311+0000] {logging_mixin.py:190} INFO - [2025-09-25T05:15:16.310+0000] {dag.py:4180} INFO - Setting next_dagrun for tutorial_taskflow_templates to 2025-09-24 00:00:00+00:00, run_after=2025-09-25 00:00:00+00:00
[2025-09-25T05:15:16.329+0000] {processor.py:208} INFO - Processing /home/airflow/.local/lib/python3.12/site-packages/airflow/example_dags/tutorial_taskflow_templates.py took 0.081 seconds
[2025-09-25T05:15:47.254+0000] {processor.py:186} INFO - Started process (PID=484) to work on /home/airflow/.local/lib/python3.12/site-packages/airflow/example_dags/tutorial_taskflow_templates.py
[2025-09-25T05:15:47.255+0000] {processor.py:914} INFO - Processing file /home/airflow/.local/lib/python3.12/site-packages/airflow/example_dags/tutorial_taskflow_templates.py for tasks to queue
[2025-09-25T05:15:47.258+0000] {logging_mixin.py:190} INFO - [2025-09-25T05:15:47.258+0000] {dagbag.py:588} INFO - Filling up the DagBag from /home/airflow/.local/lib/python3.12/site-packages/airflow/example_dags/tutorial_taskflow_templates.py
[2025-09-25T05:15:47.272+0000] {processor.py:925} INFO - DAG(s) 'tutorial_taskflow_templates' retrieved from /home/airflow/.local/lib/python3.12/site-packages/airflow/example_dags/tutorial_taskflow_templates.py
[2025-09-25T05:15:47.292+0000] {logging_mixin.py:190} INFO - [2025-09-25T05:15:47.291+0000] {dag.py:3239} INFO - Sync 1 DAGs
[2025-09-25T05:15:47.313+0000] {logging_mixin.py:190} INFO - [2025-09-25T05:15:47.313+0000] {dag.py:4180} INFO - Setting next_dagrun for tutorial_taskflow_templates to 2025-09-24 00:00:00+00:00, run_after=2025-09-25 00:00:00+00:00
[2025-09-25T05:15:47.332+0000] {processor.py:208} INFO - Processing /home/airflow/.local/lib/python3.12/site-packages/airflow/example_dags/tutorial_taskflow_templates.py took 0.083 seconds
[2025-09-25T05:16:18.252+0000] {processor.py:186} INFO - Started process (PID=549) to work on /home/airflow/.local/lib/python3.12/site-packages/airflow/example_dags/tutorial_taskflow_templates.py
[2025-09-25T05:16:18.253+0000] {processor.py:914} INFO - Processing file /home/airflow/.local/lib/python3.12/site-packages/airflow/example_dags/tutorial_taskflow_templates.py for tasks to queue
[2025-09-25T05:16:18.256+0000] {logging_mixin.py:190} INFO - [2025-09-25T05:16:18.255+0000] {dagbag.py:588} INFO - Filling up the DagBag from /home/airflow/.local/lib/python3.12/site-packages/airflow/example_dags/tutorial_taskflow_templates.py
[2025-09-25T05:16:18.268+0000] {processor.py:925} INFO - DAG(s) 'tutorial_taskflow_templates' retrieved from /home/airflow/.local/lib/python3.12/site-packages/airflow/example_dags/tutorial_taskflow_templates.py
[2025-09-25T05:16:18.287+0000] {logging_mixin.py:190} INFO - [2025-09-25T05:16:18.287+0000] {dag.py:3239} INFO - Sync 1 DAGs
[2025-09-25T05:16:18.311+0000] {logging_mixin.py:190} INFO - [2025-09-25T05:16:18.311+0000] {dag.py:4180} INFO - Setting next_dagrun for tutorial_taskflow_templates to 2025-09-24 00:00:00+00:00, run_after=2025-09-25 00:00:00+00:00
[2025-09-25T05:16:18.330+0000] {processor.py:208} INFO - Processing /home/airflow/.local/lib/python3.12/site-packages/airflow/example_dags/tutorial_taskflow_templates.py took 0.084 seconds
[2025-09-25T05:16:49.380+0000] {processor.py:186} INFO - Started process (PID=614) to work on /home/airflow/.local/lib/python3.12/site-packages/airflow/example_dags/tutorial_taskflow_templates.py
[2025-09-25T05:16:49.381+0000] {processor.py:914} INFO - Processing file /home/airflow/.local/lib/python3.12/site-packages/airflow/example_dags/tutorial_taskflow_templates.py for tasks to queue
[2025-09-25T05:16:49.383+0000] {logging_mixin.py:190} INFO - [2025-09-25T05:16:49.383+0000] {dagbag.py:588} INFO - Filling up the DagBag from /home/airflow/.local/lib/python3.12/site-packages/airflow/example_dags/tutorial_taskflow_templates.py
[2025-09-25T05:16:49.397+0000] {processor.py:925} INFO - DAG(s) 'tutorial_taskflow_templates' retrieved from /home/airflow/.local/lib/python3.12/site-packages/airflow/example_dags/tutorial_taskflow_templates.py
[2025-09-25T05:16:49.414+0000] {logging_mixin.py:190} INFO - [2025-09-25T05:16:49.414+0000] {dag.py:3239} INFO - Sync 1 DAGs
[2025-09-25T05:16:49.437+0000] {logging_mixin.py:190} INFO - [2025-09-25T05:16:49.437+0000] {dag.py:4180} INFO - Setting next_dagrun for tutorial_taskflow_templates to 2025-09-24 00:00:00+00:00, run_after=2025-09-25 00:00:00+00:00
[2025-09-25T05:16:49.454+0000] {processor.py:208} INFO - Processing /home/airflow/.local/lib/python3.12/site-packages/airflow/example_dags/tutorial_taskflow_templates.py took 0.079 seconds
[2025-09-25T05:17:20.093+0000] {processor.py:186} INFO - Started process (PID=679) to work on /home/airflow/.local/lib/python3.12/site-packages/airflow/example_dags/tutorial_taskflow_templates.py
[2025-09-25T05:17:20.094+0000] {processor.py:914} INFO - Processing file /home/airflow/.local/lib/python3.12/site-packages/airflow/example_dags/tutorial_taskflow_templates.py for tasks to queue
[2025-09-25T05:17:20.096+0000] {logging_mixin.py:190} INFO - [2025-09-25T05:17:20.095+0000] {dagbag.py:588} INFO - Filling up the DagBag from /home/airflow/.local/lib/python3.12/site-packages/airflow/example_dags/tutorial_taskflow_templates.py
[2025-09-25T05:17:20.108+0000] {processor.py:925} INFO - DAG(s) 'tutorial_taskflow_templates' retrieved from /home/airflow/.local/lib/python3.12/site-packages/airflow/example_dags/tutorial_taskflow_templates.py
[2025-09-25T05:17:20.126+0000] {logging_mixin.py:190} INFO - [2025-09-25T05:17:20.126+0000] {dag.py:3239} INFO - Sync 1 DAGs
[2025-09-25T05:17:20.147+0000] {logging_mixin.py:190} INFO - [2025-09-25T05:17:20.147+0000] {dag.py:4180} INFO - Setting next_dagrun for tutorial_taskflow_templates to 2025-09-24 00:00:00+00:00, run_after=2025-09-25 00:00:00+00:00
[2025-09-25T05:17:20.162+0000] {processor.py:208} INFO - Processing /home/airflow/.local/lib/python3.12/site-packages/airflow/example_dags/tutorial_taskflow_templates.py took 0.074 seconds
[2025-09-25T05:17:51.454+0000] {processor.py:186} INFO - Started process (PID=745) to work on /home/airflow/.local/lib/python3.12/site-packages/airflow/example_dags/tutorial_taskflow_templates.py
[2025-09-25T05:17:51.455+0000] {processor.py:914} INFO - Processing file /home/airflow/.local/lib/python3.12/site-packages/airflow/example_dags/tutorial_taskflow_templates.py for tasks to queue
[2025-09-25T05:17:51.457+0000] {logging_mixin.py:190} INFO - [2025-09-25T05:17:51.457+0000] {dagbag.py:588} INFO - Filling up the DagBag from /home/airflow/.local/lib/python3.12/site-packages/airflow/example_dags/tutorial_taskflow_templates.py
[2025-09-25T05:17:51.468+0000] {processor.py:925} INFO - DAG(s) 'tutorial_taskflow_templates' retrieved from /home/airflow/.local/lib/python3.12/site-packages/airflow/example_dags/tutorial_taskflow_templates.py
[2025-09-25T05:17:51.486+0000] {logging_mixin.py:190} INFO - [2025-09-25T05:17:51.486+0000] {dag.py:3239} INFO - Sync 1 DAGs
[2025-09-25T05:17:51.508+0000] {logging_mixin.py:190} INFO - [2025-09-25T05:17:51.508+0000] {dag.py:4180} INFO - Setting next_dagrun for tutorial_taskflow_templates to 2025-09-24 00:00:00+00:00, run_after=2025-09-25 00:00:00+00:00
[2025-09-25T05:17:51.524+0000] {processor.py:208} INFO - Processing /home/airflow/.local/lib/python3.12/site-packages/airflow/example_dags/tutorial_taskflow_templates.py took 0.075 seconds
[2025-09-25T05:18:23.264+0000] {processor.py:186} INFO - Started process (PID=810) to work on /home/airflow/.local/lib/python3.12/site-packages/airflow/example_dags/tutorial_taskflow_templates.py
[2025-09-25T05:18:23.265+0000] {processor.py:914} INFO - Processing file /home/airflow/.local/lib/python3.12/site-packages/airflow/example_dags/tutorial_taskflow_templates.py for tasks to queue
[2025-09-25T05:18:23.268+0000] {logging_mixin.py:190} INFO - [2025-09-25T05:18:23.267+0000] {dagbag.py:588} INFO - Filling up the DagBag from /home/airflow/.local/lib/python3.12/site-packages/airflow/example_dags/tutorial_taskflow_templates.py
[2025-09-25T05:18:23.281+0000] {processor.py:925} INFO - DAG(s) 'tutorial_taskflow_templates' retrieved from /home/airflow/.local/lib/python3.12/site-packages/airflow/example_dags/tutorial_taskflow_templates.py
[2025-09-25T05:18:23.299+0000] {logging_mixin.py:190} INFO - [2025-09-25T05:18:23.298+0000] {dag.py:3239} INFO - Sync 1 DAGs
[2025-09-25T05:18:23.319+0000] {logging_mixin.py:190} INFO - [2025-09-25T05:18:23.319+0000] {dag.py:4180} INFO - Setting next_dagrun for tutorial_taskflow_templates to 2025-09-24 00:00:00+00:00, run_after=2025-09-25 00:00:00+00:00
[2025-09-25T05:18:23.336+0000] {processor.py:208} INFO - Processing /home/airflow/.local/lib/python3.12/site-packages/airflow/example_dags/tutorial_taskflow_templates.py took 0.078 seconds
[2025-09-25T05:18:54.433+0000] {processor.py:186} INFO - Started process (PID=875) to work on /home/airflow/.local/lib/python3.12/site-packages/airflow/example_dags/tutorial_taskflow_templates.py
[2025-09-25T05:18:54.434+0000] {processor.py:914} INFO - Processing file /home/airflow/.local/lib/python3.12/site-packages/airflow/example_dags/tutorial_taskflow_templates.py for tasks to queue
[2025-09-25T05:18:54.436+0000] {logging_mixin.py:190} INFO - [2025-09-25T05:18:54.436+0000] {dagbag.py:588} INFO - Filling up the DagBag from /home/airflow/.local/lib/python3.12/site-packages/airflow/example_dags/tutorial_taskflow_templates.py
[2025-09-25T05:18:54.447+0000] {processor.py:925} INFO - DAG(s) 'tutorial_taskflow_templates' retrieved from /home/airflow/.local/lib/python3.12/site-packages/airflow/example_dags/tutorial_taskflow_templates.py
[2025-09-25T05:18:54.465+0000] {logging_mixin.py:190} INFO - [2025-09-25T05:18:54.465+0000] {dag.py:3239} INFO - Sync 1 DAGs
[2025-09-25T05:18:54.504+0000] {logging_mixin.py:190} INFO - [2025-09-25T05:18:54.504+0000] {dag.py:4180} INFO - Setting next_dagrun for tutorial_taskflow_templates to 2025-09-24 00:00:00+00:00, run_after=2025-09-25 00:00:00+00:00
[2025-09-25T05:18:54.535+0000] {processor.py:208} INFO - Processing /home/airflow/.local/lib/python3.12/site-packages/airflow/example_dags/tutorial_taskflow_templates.py took 0.109 seconds
[2025-09-25T05:19:25.715+0000] {processor.py:186} INFO - Started process (PID=946) to work on /home/airflow/.local/lib/python3.12/site-packages/airflow/example_dags/tutorial_taskflow_templates.py
[2025-09-25T05:19:25.717+0000] {processor.py:914} INFO - Processing file /home/airflow/.local/lib/python3.12/site-packages/airflow/example_dags/tutorial_taskflow_templates.py for tasks to queue
[2025-09-25T05:19:25.719+0000] {logging_mixin.py:190} INFO - [2025-09-25T05:19:25.719+0000] {dagbag.py:588} INFO - Filling up the DagBag from /home/airflow/.local/lib/python3.12/site-packages/airflow/example_dags/tutorial_taskflow_templates.py
[2025-09-25T05:19:25.730+0000] {processor.py:925} INFO - DAG(s) 'tutorial_taskflow_templates' retrieved from /home/airflow/.local/lib/python3.12/site-packages/airflow/example_dags/tutorial_taskflow_templates.py
[2025-09-25T05:19:25.749+0000] {logging_mixin.py:190} INFO - [2025-09-25T05:19:25.749+0000] {dag.py:3239} INFO - Sync 1 DAGs
[2025-09-25T05:19:25.769+0000] {logging_mixin.py:190} INFO - [2025-09-25T05:19:25.769+0000] {dag.py:4180} INFO - Setting next_dagrun for tutorial_taskflow_templates to 2025-09-24 00:00:00+00:00, run_after=2025-09-25 00:00:00+00:00
[2025-09-25T05:19:25.784+0000] {processor.py:208} INFO - Processing /home/airflow/.local/lib/python3.12/site-packages/airflow/example_dags/tutorial_taskflow_templates.py took 0.074 seconds
[2025-09-25T05:19:57.001+0000] {processor.py:186} INFO - Started process (PID=1011) to work on /home/airflow/.local/lib/python3.12/site-packages/airflow/example_dags/tutorial_taskflow_templates.py
[2025-09-25T05:19:57.002+0000] {processor.py:914} INFO - Processing file /home/airflow/.local/lib/python3.12/site-packages/airflow/example_dags/tutorial_taskflow_templates.py for tasks to queue
[2025-09-25T05:19:57.005+0000] {logging_mixin.py:190} INFO - [2025-09-25T05:19:57.004+0000] {dagbag.py:588} INFO - Filling up the DagBag from /home/airflow/.local/lib/python3.12/site-packages/airflow/example_dags/tutorial_taskflow_templates.py
[2025-09-25T05:19:57.022+0000] {processor.py:925} INFO - DAG(s) 'tutorial_taskflow_templates' retrieved from /home/airflow/.local/lib/python3.12/site-packages/airflow/example_dags/tutorial_taskflow_templates.py
[2025-09-25T05:19:57.041+0000] {logging_mixin.py:190} INFO - [2025-09-25T05:19:57.040+0000] {dag.py:3239} INFO - Sync 1 DAGs
[2025-09-25T05:19:57.063+0000] {logging_mixin.py:190} INFO - [2025-09-25T05:19:57.063+0000] {dag.py:4180} INFO - Setting next_dagrun for tutorial_taskflow_templates to 2025-09-24 00:00:00+00:00, run_after=2025-09-25 00:00:00+00:00
[2025-09-25T05:19:57.079+0000] {processor.py:208} INFO - Processing /home/airflow/.local/lib/python3.12/site-packages/airflow/example_dags/tutorial_taskflow_templates.py took 0.084 seconds
[2025-09-25T05:25:43.636+0000] {processor.py:186} INFO - Started process (PID=95) to work on /home/airflow/.local/lib/python3.12/site-packages/airflow/example_dags/tutorial_taskflow_templates.py
[2025-09-25T05:25:43.637+0000] {processor.py:914} INFO - Processing file /home/airflow/.local/lib/python3.12/site-packages/airflow/example_dags/tutorial_taskflow_templates.py for tasks to queue
[2025-09-25T05:25:43.640+0000] {logging_mixin.py:190} INFO - [2025-09-25T05:25:43.639+0000] {dagbag.py:588} INFO - Filling up the DagBag from /home/airflow/.local/lib/python3.12/site-packages/airflow/example_dags/tutorial_taskflow_templates.py
[2025-09-25T05:25:43.653+0000] {processor.py:925} INFO - DAG(s) 'tutorial_taskflow_templates' retrieved from /home/airflow/.local/lib/python3.12/site-packages/airflow/example_dags/tutorial_taskflow_templates.py
[2025-09-25T05:25:43.764+0000] {logging_mixin.py:190} INFO - [2025-09-25T05:25:43.764+0000] {dag.py:3239} INFO - Sync 1 DAGs
[2025-09-25T05:25:43.785+0000] {logging_mixin.py:190} INFO - [2025-09-25T05:25:43.785+0000] {dag.py:4180} INFO - Setting next_dagrun for tutorial_taskflow_templates to 2025-09-24 00:00:00+00:00, run_after=2025-09-25 00:00:00+00:00
[2025-09-25T05:25:43.800+0000] {processor.py:208} INFO - Processing /home/airflow/.local/lib/python3.12/site-packages/airflow/example_dags/tutorial_taskflow_templates.py took 0.170 seconds
[2025-09-25T05:26:14.356+0000] {processor.py:186} INFO - Started process (PID=160) to work on /home/airflow/.local/lib/python3.12/site-packages/airflow/example_dags/tutorial_taskflow_templates.py
[2025-09-25T05:26:14.357+0000] {processor.py:914} INFO - Processing file /home/airflow/.local/lib/python3.12/site-packages/airflow/example_dags/tutorial_taskflow_templates.py for tasks to queue
[2025-09-25T05:26:14.359+0000] {logging_mixin.py:190} INFO - [2025-09-25T05:26:14.359+0000] {dagbag.py:588} INFO - Filling up the DagBag from /home/airflow/.local/lib/python3.12/site-packages/airflow/example_dags/tutorial_taskflow_templates.py
[2025-09-25T05:26:14.372+0000] {processor.py:925} INFO - DAG(s) 'tutorial_taskflow_templates' retrieved from /home/airflow/.local/lib/python3.12/site-packages/airflow/example_dags/tutorial_taskflow_templates.py
[2025-09-25T05:26:14.390+0000] {logging_mixin.py:190} INFO - [2025-09-25T05:26:14.390+0000] {dag.py:3239} INFO - Sync 1 DAGs
[2025-09-25T05:26:14.411+0000] {logging_mixin.py:190} INFO - [2025-09-25T05:26:14.411+0000] {dag.py:4180} INFO - Setting next_dagrun for tutorial_taskflow_templates to 2025-09-24 00:00:00+00:00, run_after=2025-09-25 00:00:00+00:00
[2025-09-25T05:26:14.426+0000] {processor.py:208} INFO - Processing /home/airflow/.local/lib/python3.12/site-packages/airflow/example_dags/tutorial_taskflow_templates.py took 0.076 seconds
[2025-09-25T05:26:44.513+0000] {processor.py:186} INFO - Started process (PID=225) to work on /home/airflow/.local/lib/python3.12/site-packages/airflow/example_dags/tutorial_taskflow_templates.py
[2025-09-25T05:26:44.515+0000] {processor.py:914} INFO - Processing file /home/airflow/.local/lib/python3.12/site-packages/airflow/example_dags/tutorial_taskflow_templates.py for tasks to queue
[2025-09-25T05:26:44.517+0000] {logging_mixin.py:190} INFO - [2025-09-25T05:26:44.517+0000] {dagbag.py:588} INFO - Filling up the DagBag from /home/airflow/.local/lib/python3.12/site-packages/airflow/example_dags/tutorial_taskflow_templates.py
[2025-09-25T05:26:44.529+0000] {processor.py:925} INFO - DAG(s) 'tutorial_taskflow_templates' retrieved from /home/airflow/.local/lib/python3.12/site-packages/airflow/example_dags/tutorial_taskflow_templates.py
[2025-09-25T05:26:44.547+0000] {logging_mixin.py:190} INFO - [2025-09-25T05:26:44.547+0000] {dag.py:3239} INFO - Sync 1 DAGs
[2025-09-25T05:26:44.569+0000] {logging_mixin.py:190} INFO - [2025-09-25T05:26:44.568+0000] {dag.py:4180} INFO - Setting next_dagrun for tutorial_taskflow_templates to 2025-09-24 00:00:00+00:00, run_after=2025-09-25 00:00:00+00:00
[2025-09-25T05:26:44.585+0000] {processor.py:208} INFO - Processing /home/airflow/.local/lib/python3.12/site-packages/airflow/example_dags/tutorial_taskflow_templates.py took 0.078 seconds
[2025-09-25T05:27:15.163+0000] {processor.py:186} INFO - Started process (PID=289) to work on /home/airflow/.local/lib/python3.12/site-packages/airflow/example_dags/tutorial_taskflow_templates.py
[2025-09-25T05:27:15.164+0000] {processor.py:914} INFO - Processing file /home/airflow/.local/lib/python3.12/site-packages/airflow/example_dags/tutorial_taskflow_templates.py for tasks to queue
[2025-09-25T05:27:15.166+0000] {logging_mixin.py:190} INFO - [2025-09-25T05:27:15.166+0000] {dagbag.py:588} INFO - Filling up the DagBag from /home/airflow/.local/lib/python3.12/site-packages/airflow/example_dags/tutorial_taskflow_templates.py
[2025-09-25T05:27:15.177+0000] {processor.py:925} INFO - DAG(s) 'tutorial_taskflow_templates' retrieved from /home/airflow/.local/lib/python3.12/site-packages/airflow/example_dags/tutorial_taskflow_templates.py
[2025-09-25T05:27:15.196+0000] {logging_mixin.py:190} INFO - [2025-09-25T05:27:15.196+0000] {dag.py:3239} INFO - Sync 1 DAGs
[2025-09-25T05:27:15.217+0000] {logging_mixin.py:190} INFO - [2025-09-25T05:27:15.217+0000] {dag.py:4180} INFO - Setting next_dagrun for tutorial_taskflow_templates to 2025-09-24 00:00:00+00:00, run_after=2025-09-25 00:00:00+00:00
[2025-09-25T05:27:15.231+0000] {processor.py:208} INFO - Processing /home/airflow/.local/lib/python3.12/site-packages/airflow/example_dags/tutorial_taskflow_templates.py took 0.074 seconds
[2025-09-25T05:27:46.028+0000] {processor.py:186} INFO - Started process (PID=354) to work on /home/airflow/.local/lib/python3.12/site-packages/airflow/example_dags/tutorial_taskflow_templates.py
[2025-09-25T05:27:46.029+0000] {processor.py:914} INFO - Processing file /home/airflow/.local/lib/python3.12/site-packages/airflow/example_dags/tutorial_taskflow_templates.py for tasks to queue
[2025-09-25T05:27:46.031+0000] {logging_mixin.py:190} INFO - [2025-09-25T05:27:46.031+0000] {dagbag.py:588} INFO - Filling up the DagBag from /home/airflow/.local/lib/python3.12/site-packages/airflow/example_dags/tutorial_taskflow_templates.py
[2025-09-25T05:27:46.042+0000] {processor.py:925} INFO - DAG(s) 'tutorial_taskflow_templates' retrieved from /home/airflow/.local/lib/python3.12/site-packages/airflow/example_dags/tutorial_taskflow_templates.py
[2025-09-25T05:27:46.062+0000] {logging_mixin.py:190} INFO - [2025-09-25T05:27:46.061+0000] {dag.py:3239} INFO - Sync 1 DAGs
[2025-09-25T05:27:46.082+0000] {logging_mixin.py:190} INFO - [2025-09-25T05:27:46.082+0000] {dag.py:4180} INFO - Setting next_dagrun for tutorial_taskflow_templates to 2025-09-24 00:00:00+00:00, run_after=2025-09-25 00:00:00+00:00
[2025-09-25T05:27:46.098+0000] {processor.py:208} INFO - Processing /home/airflow/.local/lib/python3.12/site-packages/airflow/example_dags/tutorial_taskflow_templates.py took 0.076 seconds
[2025-09-25T05:28:57.709+0000] {processor.py:186} INFO - Started process (PID=96) to work on /home/airflow/.local/lib/python3.12/site-packages/airflow/example_dags/tutorial_taskflow_templates.py
[2025-09-25T05:28:57.710+0000] {processor.py:914} INFO - Processing file /home/airflow/.local/lib/python3.12/site-packages/airflow/example_dags/tutorial_taskflow_templates.py for tasks to queue
[2025-09-25T05:28:57.712+0000] {logging_mixin.py:190} INFO - [2025-09-25T05:28:57.712+0000] {dagbag.py:588} INFO - Filling up the DagBag from /home/airflow/.local/lib/python3.12/site-packages/airflow/example_dags/tutorial_taskflow_templates.py
[2025-09-25T05:28:57.725+0000] {processor.py:925} INFO - DAG(s) 'tutorial_taskflow_templates' retrieved from /home/airflow/.local/lib/python3.12/site-packages/airflow/example_dags/tutorial_taskflow_templates.py
[2025-09-25T05:28:57.741+0000] {logging_mixin.py:190} INFO - [2025-09-25T05:28:57.741+0000] {dag.py:3239} INFO - Sync 1 DAGs
[2025-09-25T05:28:57.763+0000] {logging_mixin.py:190} INFO - [2025-09-25T05:28:57.763+0000] {dag.py:4180} INFO - Setting next_dagrun for tutorial_taskflow_templates to 2025-09-24 00:00:00+00:00, run_after=2025-09-25 00:00:00+00:00
[2025-09-25T05:28:57.779+0000] {processor.py:208} INFO - Processing /home/airflow/.local/lib/python3.12/site-packages/airflow/example_dags/tutorial_taskflow_templates.py took 0.076 seconds
[2025-09-25T05:29:28.023+0000] {processor.py:186} INFO - Started process (PID=161) to work on /home/airflow/.local/lib/python3.12/site-packages/airflow/example_dags/tutorial_taskflow_templates.py
[2025-09-25T05:29:28.024+0000] {processor.py:914} INFO - Processing file /home/airflow/.local/lib/python3.12/site-packages/airflow/example_dags/tutorial_taskflow_templates.py for tasks to queue
[2025-09-25T05:29:28.026+0000] {logging_mixin.py:190} INFO - [2025-09-25T05:29:28.026+0000] {dagbag.py:588} INFO - Filling up the DagBag from /home/airflow/.local/lib/python3.12/site-packages/airflow/example_dags/tutorial_taskflow_templates.py
[2025-09-25T05:29:28.036+0000] {processor.py:925} INFO - DAG(s) 'tutorial_taskflow_templates' retrieved from /home/airflow/.local/lib/python3.12/site-packages/airflow/example_dags/tutorial_taskflow_templates.py
[2025-09-25T05:29:28.050+0000] {logging_mixin.py:190} INFO - [2025-09-25T05:29:28.050+0000] {dag.py:3239} INFO - Sync 1 DAGs
[2025-09-25T05:29:28.068+0000] {logging_mixin.py:190} INFO - [2025-09-25T05:29:28.068+0000] {dag.py:4180} INFO - Setting next_dagrun for tutorial_taskflow_templates to 2025-09-24 00:00:00+00:00, run_after=2025-09-25 00:00:00+00:00
[2025-09-25T05:29:28.082+0000] {processor.py:208} INFO - Processing /home/airflow/.local/lib/python3.12/site-packages/airflow/example_dags/tutorial_taskflow_templates.py took 0.063 seconds
[2025-09-25T05:29:59.370+0000] {processor.py:186} INFO - Started process (PID=226) to work on /home/airflow/.local/lib/python3.12/site-packages/airflow/example_dags/tutorial_taskflow_templates.py
[2025-09-25T05:29:59.371+0000] {processor.py:914} INFO - Processing file /home/airflow/.local/lib/python3.12/site-packages/airflow/example_dags/tutorial_taskflow_templates.py for tasks to queue
[2025-09-25T05:29:59.373+0000] {logging_mixin.py:190} INFO - [2025-09-25T05:29:59.373+0000] {dagbag.py:588} INFO - Filling up the DagBag from /home/airflow/.local/lib/python3.12/site-packages/airflow/example_dags/tutorial_taskflow_templates.py
[2025-09-25T05:29:59.384+0000] {processor.py:925} INFO - DAG(s) 'tutorial_taskflow_templates' retrieved from /home/airflow/.local/lib/python3.12/site-packages/airflow/example_dags/tutorial_taskflow_templates.py
[2025-09-25T05:29:59.399+0000] {logging_mixin.py:190} INFO - [2025-09-25T05:29:59.399+0000] {dag.py:3239} INFO - Sync 1 DAGs
[2025-09-25T05:29:59.421+0000] {logging_mixin.py:190} INFO - [2025-09-25T05:29:59.421+0000] {dag.py:4180} INFO - Setting next_dagrun for tutorial_taskflow_templates to 2025-09-24 00:00:00+00:00, run_after=2025-09-25 00:00:00+00:00
[2025-09-25T05:29:59.436+0000] {processor.py:208} INFO - Processing /home/airflow/.local/lib/python3.12/site-packages/airflow/example_dags/tutorial_taskflow_templates.py took 0.072 seconds
[2025-09-25T05:30:30.787+0000] {processor.py:186} INFO - Started process (PID=291) to work on /home/airflow/.local/lib/python3.12/site-packages/airflow/example_dags/tutorial_taskflow_templates.py
[2025-09-25T05:30:30.788+0000] {processor.py:914} INFO - Processing file /home/airflow/.local/lib/python3.12/site-packages/airflow/example_dags/tutorial_taskflow_templates.py for tasks to queue
[2025-09-25T05:30:30.790+0000] {logging_mixin.py:190} INFO - [2025-09-25T05:30:30.790+0000] {dagbag.py:588} INFO - Filling up the DagBag from /home/airflow/.local/lib/python3.12/site-packages/airflow/example_dags/tutorial_taskflow_templates.py
[2025-09-25T05:30:30.801+0000] {processor.py:925} INFO - DAG(s) 'tutorial_taskflow_templates' retrieved from /home/airflow/.local/lib/python3.12/site-packages/airflow/example_dags/tutorial_taskflow_templates.py
[2025-09-25T05:30:30.816+0000] {logging_mixin.py:190} INFO - [2025-09-25T05:30:30.816+0000] {dag.py:3239} INFO - Sync 1 DAGs
[2025-09-25T05:30:30.835+0000] {logging_mixin.py:190} INFO - [2025-09-25T05:30:30.834+0000] {dag.py:4180} INFO - Setting next_dagrun for tutorial_taskflow_templates to 2025-09-24 00:00:00+00:00, run_after=2025-09-25 00:00:00+00:00
[2025-09-25T05:30:30.849+0000] {processor.py:208} INFO - Processing /home/airflow/.local/lib/python3.12/site-packages/airflow/example_dags/tutorial_taskflow_templates.py took 0.069 seconds
[2025-09-25T05:31:01.603+0000] {processor.py:186} INFO - Started process (PID=355) to work on /home/airflow/.local/lib/python3.12/site-packages/airflow/example_dags/tutorial_taskflow_templates.py
[2025-09-25T05:31:01.604+0000] {processor.py:914} INFO - Processing file /home/airflow/.local/lib/python3.12/site-packages/airflow/example_dags/tutorial_taskflow_templates.py for tasks to queue
[2025-09-25T05:31:01.607+0000] {logging_mixin.py:190} INFO - [2025-09-25T05:31:01.606+0000] {dagbag.py:588} INFO - Filling up the DagBag from /home/airflow/.local/lib/python3.12/site-packages/airflow/example_dags/tutorial_taskflow_templates.py
[2025-09-25T05:31:01.619+0000] {processor.py:925} INFO - DAG(s) 'tutorial_taskflow_templates' retrieved from /home/airflow/.local/lib/python3.12/site-packages/airflow/example_dags/tutorial_taskflow_templates.py
[2025-09-25T05:31:01.638+0000] {logging_mixin.py:190} INFO - [2025-09-25T05:31:01.637+0000] {dag.py:3239} INFO - Sync 1 DAGs
[2025-09-25T05:31:01.659+0000] {logging_mixin.py:190} INFO - [2025-09-25T05:31:01.659+0000] {dag.py:4180} INFO - Setting next_dagrun for tutorial_taskflow_templates to 2025-09-24 00:00:00+00:00, run_after=2025-09-25 00:00:00+00:00
[2025-09-25T05:31:01.675+0000] {processor.py:208} INFO - Processing /home/airflow/.local/lib/python3.12/site-packages/airflow/example_dags/tutorial_taskflow_templates.py took 0.077 seconds
[2025-09-25T05:31:32.555+0000] {processor.py:186} INFO - Started process (PID=421) to work on /home/airflow/.local/lib/python3.12/site-packages/airflow/example_dags/tutorial_taskflow_templates.py
[2025-09-25T05:31:32.556+0000] {processor.py:914} INFO - Processing file /home/airflow/.local/lib/python3.12/site-packages/airflow/example_dags/tutorial_taskflow_templates.py for tasks to queue
[2025-09-25T05:31:32.558+0000] {logging_mixin.py:190} INFO - [2025-09-25T05:31:32.558+0000] {dagbag.py:588} INFO - Filling up the DagBag from /home/airflow/.local/lib/python3.12/site-packages/airflow/example_dags/tutorial_taskflow_templates.py
[2025-09-25T05:31:32.570+0000] {processor.py:925} INFO - DAG(s) 'tutorial_taskflow_templates' retrieved from /home/airflow/.local/lib/python3.12/site-packages/airflow/example_dags/tutorial_taskflow_templates.py
[2025-09-25T05:31:32.588+0000] {logging_mixin.py:190} INFO - [2025-09-25T05:31:32.587+0000] {dag.py:3239} INFO - Sync 1 DAGs
[2025-09-25T05:31:32.608+0000] {logging_mixin.py:190} INFO - [2025-09-25T05:31:32.608+0000] {dag.py:4180} INFO - Setting next_dagrun for tutorial_taskflow_templates to 2025-09-24 00:00:00+00:00, run_after=2025-09-25 00:00:00+00:00
[2025-09-25T05:31:32.626+0000] {processor.py:208} INFO - Processing /home/airflow/.local/lib/python3.12/site-packages/airflow/example_dags/tutorial_taskflow_templates.py took 0.076 seconds
[2025-09-25T05:32:03.934+0000] {processor.py:186} INFO - Started process (PID=486) to work on /home/airflow/.local/lib/python3.12/site-packages/airflow/example_dags/tutorial_taskflow_templates.py
[2025-09-25T05:32:03.935+0000] {processor.py:914} INFO - Processing file /home/airflow/.local/lib/python3.12/site-packages/airflow/example_dags/tutorial_taskflow_templates.py for tasks to queue
[2025-09-25T05:32:03.938+0000] {logging_mixin.py:190} INFO - [2025-09-25T05:32:03.937+0000] {dagbag.py:588} INFO - Filling up the DagBag from /home/airflow/.local/lib/python3.12/site-packages/airflow/example_dags/tutorial_taskflow_templates.py
[2025-09-25T05:32:03.950+0000] {processor.py:925} INFO - DAG(s) 'tutorial_taskflow_templates' retrieved from /home/airflow/.local/lib/python3.12/site-packages/airflow/example_dags/tutorial_taskflow_templates.py
[2025-09-25T05:32:03.969+0000] {logging_mixin.py:190} INFO - [2025-09-25T05:32:03.968+0000] {dag.py:3239} INFO - Sync 1 DAGs
[2025-09-25T05:32:03.989+0000] {logging_mixin.py:190} INFO - [2025-09-25T05:32:03.989+0000] {dag.py:4180} INFO - Setting next_dagrun for tutorial_taskflow_templates to 2025-09-24 00:00:00+00:00, run_after=2025-09-25 00:00:00+00:00
[2025-09-25T05:32:04.006+0000] {processor.py:208} INFO - Processing /home/airflow/.local/lib/python3.12/site-packages/airflow/example_dags/tutorial_taskflow_templates.py took 0.078 seconds
[2025-09-25T05:32:35.777+0000] {processor.py:186} INFO - Started process (PID=551) to work on /home/airflow/.local/lib/python3.12/site-packages/airflow/example_dags/tutorial_taskflow_templates.py
[2025-09-25T05:32:35.778+0000] {processor.py:914} INFO - Processing file /home/airflow/.local/lib/python3.12/site-packages/airflow/example_dags/tutorial_taskflow_templates.py for tasks to queue
[2025-09-25T05:32:35.781+0000] {logging_mixin.py:190} INFO - [2025-09-25T05:32:35.780+0000] {dagbag.py:588} INFO - Filling up the DagBag from /home/airflow/.local/lib/python3.12/site-packages/airflow/example_dags/tutorial_taskflow_templates.py
[2025-09-25T05:32:35.793+0000] {processor.py:925} INFO - DAG(s) 'tutorial_taskflow_templates' retrieved from /home/airflow/.local/lib/python3.12/site-packages/airflow/example_dags/tutorial_taskflow_templates.py
[2025-09-25T05:32:35.811+0000] {logging_mixin.py:190} INFO - [2025-09-25T05:32:35.811+0000] {dag.py:3239} INFO - Sync 1 DAGs
[2025-09-25T05:32:35.833+0000] {logging_mixin.py:190} INFO - [2025-09-25T05:32:35.832+0000] {dag.py:4180} INFO - Setting next_dagrun for tutorial_taskflow_templates to 2025-09-24 00:00:00+00:00, run_after=2025-09-25 00:00:00+00:00
[2025-09-25T05:32:35.849+0000] {processor.py:208} INFO - Processing /home/airflow/.local/lib/python3.12/site-packages/airflow/example_dags/tutorial_taskflow_templates.py took 0.078 seconds
[2025-09-25T05:33:05.939+0000] {processor.py:186} INFO - Started process (PID=615) to work on /home/airflow/.local/lib/python3.12/site-packages/airflow/example_dags/tutorial_taskflow_templates.py
[2025-09-25T05:33:05.940+0000] {processor.py:914} INFO - Processing file /home/airflow/.local/lib/python3.12/site-packages/airflow/example_dags/tutorial_taskflow_templates.py for tasks to queue
[2025-09-25T05:33:05.943+0000] {logging_mixin.py:190} INFO - [2025-09-25T05:33:05.942+0000] {dagbag.py:588} INFO - Filling up the DagBag from /home/airflow/.local/lib/python3.12/site-packages/airflow/example_dags/tutorial_taskflow_templates.py
[2025-09-25T05:33:05.954+0000] {processor.py:925} INFO - DAG(s) 'tutorial_taskflow_templates' retrieved from /home/airflow/.local/lib/python3.12/site-packages/airflow/example_dags/tutorial_taskflow_templates.py
[2025-09-25T05:33:05.973+0000] {logging_mixin.py:190} INFO - [2025-09-25T05:33:05.972+0000] {dag.py:3239} INFO - Sync 1 DAGs
[2025-09-25T05:33:05.994+0000] {logging_mixin.py:190} INFO - [2025-09-25T05:33:05.993+0000] {dag.py:4180} INFO - Setting next_dagrun for tutorial_taskflow_templates to 2025-09-24 00:00:00+00:00, run_after=2025-09-25 00:00:00+00:00
[2025-09-25T05:33:06.016+0000] {processor.py:208} INFO - Processing /home/airflow/.local/lib/python3.12/site-packages/airflow/example_dags/tutorial_taskflow_templates.py took 0.083 seconds
[2025-09-25T05:33:36.983+0000] {processor.py:186} INFO - Started process (PID=680) to work on /home/airflow/.local/lib/python3.12/site-packages/airflow/example_dags/tutorial_taskflow_templates.py
[2025-09-25T05:33:36.984+0000] {processor.py:914} INFO - Processing file /home/airflow/.local/lib/python3.12/site-packages/airflow/example_dags/tutorial_taskflow_templates.py for tasks to queue
[2025-09-25T05:33:36.987+0000] {logging_mixin.py:190} INFO - [2025-09-25T05:33:36.986+0000] {dagbag.py:588} INFO - Filling up the DagBag from /home/airflow/.local/lib/python3.12/site-packages/airflow/example_dags/tutorial_taskflow_templates.py
[2025-09-25T05:33:36.998+0000] {processor.py:925} INFO - DAG(s) 'tutorial_taskflow_templates' retrieved from /home/airflow/.local/lib/python3.12/site-packages/airflow/example_dags/tutorial_taskflow_templates.py
[2025-09-25T05:33:37.016+0000] {logging_mixin.py:190} INFO - [2025-09-25T05:33:37.016+0000] {dag.py:3239} INFO - Sync 1 DAGs
[2025-09-25T05:33:37.036+0000] {logging_mixin.py:190} INFO - [2025-09-25T05:33:37.036+0000] {dag.py:4180} INFO - Setting next_dagrun for tutorial_taskflow_templates to 2025-09-24 00:00:00+00:00, run_after=2025-09-25 00:00:00+00:00
[2025-09-25T05:33:37.050+0000] {processor.py:208} INFO - Processing /home/airflow/.local/lib/python3.12/site-packages/airflow/example_dags/tutorial_taskflow_templates.py took 0.074 seconds
[2025-09-25T05:34:08.215+0000] {processor.py:186} INFO - Started process (PID=745) to work on /home/airflow/.local/lib/python3.12/site-packages/airflow/example_dags/tutorial_taskflow_templates.py
[2025-09-25T05:34:08.217+0000] {processor.py:914} INFO - Processing file /home/airflow/.local/lib/python3.12/site-packages/airflow/example_dags/tutorial_taskflow_templates.py for tasks to queue
[2025-09-25T05:34:08.219+0000] {logging_mixin.py:190} INFO - [2025-09-25T05:34:08.219+0000] {dagbag.py:588} INFO - Filling up the DagBag from /home/airflow/.local/lib/python3.12/site-packages/airflow/example_dags/tutorial_taskflow_templates.py
[2025-09-25T05:34:08.232+0000] {processor.py:925} INFO - DAG(s) 'tutorial_taskflow_templates' retrieved from /home/airflow/.local/lib/python3.12/site-packages/airflow/example_dags/tutorial_taskflow_templates.py
[2025-09-25T05:34:08.250+0000] {logging_mixin.py:190} INFO - [2025-09-25T05:34:08.249+0000] {dag.py:3239} INFO - Sync 1 DAGs
[2025-09-25T05:34:08.271+0000] {logging_mixin.py:190} INFO - [2025-09-25T05:34:08.270+0000] {dag.py:4180} INFO - Setting next_dagrun for tutorial_taskflow_templates to 2025-09-24 00:00:00+00:00, run_after=2025-09-25 00:00:00+00:00
[2025-09-25T05:34:08.288+0000] {processor.py:208} INFO - Processing /home/airflow/.local/lib/python3.12/site-packages/airflow/example_dags/tutorial_taskflow_templates.py took 0.077 seconds
[2025-09-25T05:34:39.568+0000] {processor.py:186} INFO - Started process (PID=810) to work on /home/airflow/.local/lib/python3.12/site-packages/airflow/example_dags/tutorial_taskflow_templates.py
[2025-09-25T05:34:39.569+0000] {processor.py:914} INFO - Processing file /home/airflow/.local/lib/python3.12/site-packages/airflow/example_dags/tutorial_taskflow_templates.py for tasks to queue
[2025-09-25T05:34:39.572+0000] {logging_mixin.py:190} INFO - [2025-09-25T05:34:39.571+0000] {dagbag.py:588} INFO - Filling up the DagBag from /home/airflow/.local/lib/python3.12/site-packages/airflow/example_dags/tutorial_taskflow_templates.py
[2025-09-25T05:34:39.584+0000] {processor.py:925} INFO - DAG(s) 'tutorial_taskflow_templates' retrieved from /home/airflow/.local/lib/python3.12/site-packages/airflow/example_dags/tutorial_taskflow_templates.py
[2025-09-25T05:34:39.604+0000] {logging_mixin.py:190} INFO - [2025-09-25T05:34:39.604+0000] {dag.py:3239} INFO - Sync 1 DAGs
[2025-09-25T05:34:39.626+0000] {logging_mixin.py:190} INFO - [2025-09-25T05:34:39.625+0000] {dag.py:4180} INFO - Setting next_dagrun for tutorial_taskflow_templates to 2025-09-24 00:00:00+00:00, run_after=2025-09-25 00:00:00+00:00
[2025-09-25T05:34:39.643+0000] {processor.py:208} INFO - Processing /home/airflow/.local/lib/python3.12/site-packages/airflow/example_dags/tutorial_taskflow_templates.py took 0.082 seconds
[2025-09-25T05:35:10.596+0000] {processor.py:186} INFO - Started process (PID=875) to work on /home/airflow/.local/lib/python3.12/site-packages/airflow/example_dags/tutorial_taskflow_templates.py
[2025-09-25T05:35:10.597+0000] {processor.py:914} INFO - Processing file /home/airflow/.local/lib/python3.12/site-packages/airflow/example_dags/tutorial_taskflow_templates.py for tasks to queue
[2025-09-25T05:35:10.600+0000] {logging_mixin.py:190} INFO - [2025-09-25T05:35:10.599+0000] {dagbag.py:588} INFO - Filling up the DagBag from /home/airflow/.local/lib/python3.12/site-packages/airflow/example_dags/tutorial_taskflow_templates.py
[2025-09-25T05:35:10.611+0000] {processor.py:925} INFO - DAG(s) 'tutorial_taskflow_templates' retrieved from /home/airflow/.local/lib/python3.12/site-packages/airflow/example_dags/tutorial_taskflow_templates.py
[2025-09-25T05:35:10.628+0000] {logging_mixin.py:190} INFO - [2025-09-25T05:35:10.628+0000] {dag.py:3239} INFO - Sync 1 DAGs
[2025-09-25T05:35:10.648+0000] {logging_mixin.py:190} INFO - [2025-09-25T05:35:10.648+0000] {dag.py:4180} INFO - Setting next_dagrun for tutorial_taskflow_templates to 2025-09-24 00:00:00+00:00, run_after=2025-09-25 00:00:00+00:00
[2025-09-25T05:35:10.663+0000] {processor.py:208} INFO - Processing /home/airflow/.local/lib/python3.12/site-packages/airflow/example_dags/tutorial_taskflow_templates.py took 0.072 seconds
[2025-09-25T05:35:42.132+0000] {processor.py:186} INFO - Started process (PID=941) to work on /home/airflow/.local/lib/python3.12/site-packages/airflow/example_dags/tutorial_taskflow_templates.py
[2025-09-25T05:35:42.133+0000] {processor.py:914} INFO - Processing file /home/airflow/.local/lib/python3.12/site-packages/airflow/example_dags/tutorial_taskflow_templates.py for tasks to queue
[2025-09-25T05:35:42.136+0000] {logging_mixin.py:190} INFO - [2025-09-25T05:35:42.136+0000] {dagbag.py:588} INFO - Filling up the DagBag from /home/airflow/.local/lib/python3.12/site-packages/airflow/example_dags/tutorial_taskflow_templates.py
[2025-09-25T05:35:42.147+0000] {processor.py:925} INFO - DAG(s) 'tutorial_taskflow_templates' retrieved from /home/airflow/.local/lib/python3.12/site-packages/airflow/example_dags/tutorial_taskflow_templates.py
[2025-09-25T05:35:42.166+0000] {logging_mixin.py:190} INFO - [2025-09-25T05:35:42.165+0000] {dag.py:3239} INFO - Sync 1 DAGs
[2025-09-25T05:35:42.186+0000] {logging_mixin.py:190} INFO - [2025-09-25T05:35:42.186+0000] {dag.py:4180} INFO - Setting next_dagrun for tutorial_taskflow_templates to 2025-09-24 00:00:00+00:00, run_after=2025-09-25 00:00:00+00:00
[2025-09-25T05:35:42.201+0000] {processor.py:208} INFO - Processing /home/airflow/.local/lib/python3.12/site-packages/airflow/example_dags/tutorial_taskflow_templates.py took 0.074 seconds
[2025-09-25T05:36:13.606+0000] {processor.py:186} INFO - Started process (PID=1006) to work on /home/airflow/.local/lib/python3.12/site-packages/airflow/example_dags/tutorial_taskflow_templates.py
[2025-09-25T05:36:13.607+0000] {processor.py:914} INFO - Processing file /home/airflow/.local/lib/python3.12/site-packages/airflow/example_dags/tutorial_taskflow_templates.py for tasks to queue
[2025-09-25T05:36:13.609+0000] {logging_mixin.py:190} INFO - [2025-09-25T05:36:13.609+0000] {dagbag.py:588} INFO - Filling up the DagBag from /home/airflow/.local/lib/python3.12/site-packages/airflow/example_dags/tutorial_taskflow_templates.py
[2025-09-25T05:36:13.621+0000] {processor.py:925} INFO - DAG(s) 'tutorial_taskflow_templates' retrieved from /home/airflow/.local/lib/python3.12/site-packages/airflow/example_dags/tutorial_taskflow_templates.py
[2025-09-25T05:36:13.639+0000] {logging_mixin.py:190} INFO - [2025-09-25T05:36:13.639+0000] {dag.py:3239} INFO - Sync 1 DAGs
[2025-09-25T05:36:13.660+0000] {logging_mixin.py:190} INFO - [2025-09-25T05:36:13.660+0000] {dag.py:4180} INFO - Setting next_dagrun for tutorial_taskflow_templates to 2025-09-24 00:00:00+00:00, run_after=2025-09-25 00:00:00+00:00
[2025-09-25T05:36:13.675+0000] {processor.py:208} INFO - Processing /home/airflow/.local/lib/python3.12/site-packages/airflow/example_dags/tutorial_taskflow_templates.py took 0.075 seconds
[2025-09-25T05:36:44.766+0000] {processor.py:186} INFO - Started process (PID=1071) to work on /home/airflow/.local/lib/python3.12/site-packages/airflow/example_dags/tutorial_taskflow_templates.py
[2025-09-25T05:36:44.768+0000] {processor.py:914} INFO - Processing file /home/airflow/.local/lib/python3.12/site-packages/airflow/example_dags/tutorial_taskflow_templates.py for tasks to queue
[2025-09-25T05:36:44.770+0000] {logging_mixin.py:190} INFO - [2025-09-25T05:36:44.770+0000] {dagbag.py:588} INFO - Filling up the DagBag from /home/airflow/.local/lib/python3.12/site-packages/airflow/example_dags/tutorial_taskflow_templates.py
[2025-09-25T05:36:44.783+0000] {processor.py:925} INFO - DAG(s) 'tutorial_taskflow_templates' retrieved from /home/airflow/.local/lib/python3.12/site-packages/airflow/example_dags/tutorial_taskflow_templates.py
[2025-09-25T05:36:44.799+0000] {logging_mixin.py:190} INFO - [2025-09-25T05:36:44.799+0000] {dag.py:3239} INFO - Sync 1 DAGs
[2025-09-25T05:36:44.820+0000] {logging_mixin.py:190} INFO - [2025-09-25T05:36:44.820+0000] {dag.py:4180} INFO - Setting next_dagrun for tutorial_taskflow_templates to 2025-09-24 00:00:00+00:00, run_after=2025-09-25 00:00:00+00:00
[2025-09-25T05:36:44.834+0000] {processor.py:208} INFO - Processing /home/airflow/.local/lib/python3.12/site-packages/airflow/example_dags/tutorial_taskflow_templates.py took 0.073 seconds
[2025-09-25T05:37:15.586+0000] {processor.py:186} INFO - Started process (PID=1136) to work on /home/airflow/.local/lib/python3.12/site-packages/airflow/example_dags/tutorial_taskflow_templates.py
[2025-09-25T05:37:15.587+0000] {processor.py:914} INFO - Processing file /home/airflow/.local/lib/python3.12/site-packages/airflow/example_dags/tutorial_taskflow_templates.py for tasks to queue
[2025-09-25T05:37:15.591+0000] {logging_mixin.py:190} INFO - [2025-09-25T05:37:15.591+0000] {dagbag.py:588} INFO - Filling up the DagBag from /home/airflow/.local/lib/python3.12/site-packages/airflow/example_dags/tutorial_taskflow_templates.py
[2025-09-25T05:37:15.609+0000] {processor.py:925} INFO - DAG(s) 'tutorial_taskflow_templates' retrieved from /home/airflow/.local/lib/python3.12/site-packages/airflow/example_dags/tutorial_taskflow_templates.py
[2025-09-25T05:37:15.629+0000] {logging_mixin.py:190} INFO - [2025-09-25T05:37:15.628+0000] {dag.py:3239} INFO - Sync 1 DAGs
[2025-09-25T05:37:15.654+0000] {logging_mixin.py:190} INFO - [2025-09-25T05:37:15.654+0000] {dag.py:4180} INFO - Setting next_dagrun for tutorial_taskflow_templates to 2025-09-24 00:00:00+00:00, run_after=2025-09-25 00:00:00+00:00
[2025-09-25T05:37:15.669+0000] {processor.py:208} INFO - Processing /home/airflow/.local/lib/python3.12/site-packages/airflow/example_dags/tutorial_taskflow_templates.py took 0.090 seconds
[2025-09-25T05:37:46.898+0000] {processor.py:186} INFO - Started process (PID=1201) to work on /home/airflow/.local/lib/python3.12/site-packages/airflow/example_dags/tutorial_taskflow_templates.py
[2025-09-25T05:37:46.899+0000] {processor.py:914} INFO - Processing file /home/airflow/.local/lib/python3.12/site-packages/airflow/example_dags/tutorial_taskflow_templates.py for tasks to queue
[2025-09-25T05:37:46.902+0000] {logging_mixin.py:190} INFO - [2025-09-25T05:37:46.901+0000] {dagbag.py:588} INFO - Filling up the DagBag from /home/airflow/.local/lib/python3.12/site-packages/airflow/example_dags/tutorial_taskflow_templates.py
[2025-09-25T05:37:46.914+0000] {processor.py:925} INFO - DAG(s) 'tutorial_taskflow_templates' retrieved from /home/airflow/.local/lib/python3.12/site-packages/airflow/example_dags/tutorial_taskflow_templates.py
[2025-09-25T05:37:46.932+0000] {logging_mixin.py:190} INFO - [2025-09-25T05:37:46.931+0000] {dag.py:3239} INFO - Sync 1 DAGs
[2025-09-25T05:37:46.952+0000] {logging_mixin.py:190} INFO - [2025-09-25T05:37:46.952+0000] {dag.py:4180} INFO - Setting next_dagrun for tutorial_taskflow_templates to 2025-09-24 00:00:00+00:00, run_after=2025-09-25 00:00:00+00:00
[2025-09-25T05:37:46.967+0000] {processor.py:208} INFO - Processing /home/airflow/.local/lib/python3.12/site-packages/airflow/example_dags/tutorial_taskflow_templates.py took 0.076 seconds
[2025-09-25T05:38:18.706+0000] {processor.py:186} INFO - Started process (PID=1266) to work on /home/airflow/.local/lib/python3.12/site-packages/airflow/example_dags/tutorial_taskflow_templates.py
[2025-09-25T05:38:18.707+0000] {processor.py:914} INFO - Processing file /home/airflow/.local/lib/python3.12/site-packages/airflow/example_dags/tutorial_taskflow_templates.py for tasks to queue
[2025-09-25T05:38:18.709+0000] {logging_mixin.py:190} INFO - [2025-09-25T05:38:18.709+0000] {dagbag.py:588} INFO - Filling up the DagBag from /home/airflow/.local/lib/python3.12/site-packages/airflow/example_dags/tutorial_taskflow_templates.py
[2025-09-25T05:38:18.726+0000] {processor.py:925} INFO - DAG(s) 'tutorial_taskflow_templates' retrieved from /home/airflow/.local/lib/python3.12/site-packages/airflow/example_dags/tutorial_taskflow_templates.py
[2025-09-25T05:38:18.747+0000] {logging_mixin.py:190} INFO - [2025-09-25T05:38:18.747+0000] {dag.py:3239} INFO - Sync 1 DAGs
[2025-09-25T05:38:18.773+0000] {logging_mixin.py:190} INFO - [2025-09-25T05:38:18.773+0000] {dag.py:4180} INFO - Setting next_dagrun for tutorial_taskflow_templates to 2025-09-24 00:00:00+00:00, run_after=2025-09-25 00:00:00+00:00
[2025-09-25T05:38:18.791+0000] {processor.py:208} INFO - Processing /home/airflow/.local/lib/python3.12/site-packages/airflow/example_dags/tutorial_taskflow_templates.py took 0.092 seconds
[2025-09-25T05:38:49.503+0000] {processor.py:186} INFO - Started process (PID=1337) to work on /home/airflow/.local/lib/python3.12/site-packages/airflow/example_dags/tutorial_taskflow_templates.py
[2025-09-25T05:38:49.504+0000] {processor.py:914} INFO - Processing file /home/airflow/.local/lib/python3.12/site-packages/airflow/example_dags/tutorial_taskflow_templates.py for tasks to queue
[2025-09-25T05:38:49.506+0000] {logging_mixin.py:190} INFO - [2025-09-25T05:38:49.506+0000] {dagbag.py:588} INFO - Filling up the DagBag from /home/airflow/.local/lib/python3.12/site-packages/airflow/example_dags/tutorial_taskflow_templates.py
[2025-09-25T05:38:49.518+0000] {processor.py:925} INFO - DAG(s) 'tutorial_taskflow_templates' retrieved from /home/airflow/.local/lib/python3.12/site-packages/airflow/example_dags/tutorial_taskflow_templates.py
[2025-09-25T05:38:49.535+0000] {logging_mixin.py:190} INFO - [2025-09-25T05:38:49.535+0000] {dag.py:3239} INFO - Sync 1 DAGs
[2025-09-25T05:38:49.555+0000] {logging_mixin.py:190} INFO - [2025-09-25T05:38:49.555+0000] {dag.py:4180} INFO - Setting next_dagrun for tutorial_taskflow_templates to 2025-09-24 00:00:00+00:00, run_after=2025-09-25 00:00:00+00:00
[2025-09-25T05:38:49.572+0000] {processor.py:208} INFO - Processing /home/airflow/.local/lib/python3.12/site-packages/airflow/example_dags/tutorial_taskflow_templates.py took 0.075 seconds
[2025-09-25T05:39:20.996+0000] {processor.py:186} INFO - Started process (PID=1401) to work on /home/airflow/.local/lib/python3.12/site-packages/airflow/example_dags/tutorial_taskflow_templates.py
[2025-09-25T05:39:20.997+0000] {processor.py:914} INFO - Processing file /home/airflow/.local/lib/python3.12/site-packages/airflow/example_dags/tutorial_taskflow_templates.py for tasks to queue
[2025-09-25T05:39:20.999+0000] {logging_mixin.py:190} INFO - [2025-09-25T05:39:20.999+0000] {dagbag.py:588} INFO - Filling up the DagBag from /home/airflow/.local/lib/python3.12/site-packages/airflow/example_dags/tutorial_taskflow_templates.py
[2025-09-25T05:39:21.012+0000] {processor.py:925} INFO - DAG(s) 'tutorial_taskflow_templates' retrieved from /home/airflow/.local/lib/python3.12/site-packages/airflow/example_dags/tutorial_taskflow_templates.py
[2025-09-25T05:39:21.031+0000] {logging_mixin.py:190} INFO - [2025-09-25T05:39:21.031+0000] {dag.py:3239} INFO - Sync 1 DAGs
[2025-09-25T05:39:21.051+0000] {logging_mixin.py:190} INFO - [2025-09-25T05:39:21.050+0000] {dag.py:4180} INFO - Setting next_dagrun for tutorial_taskflow_templates to 2025-09-24 00:00:00+00:00, run_after=2025-09-25 00:00:00+00:00
[2025-09-25T05:39:21.066+0000] {processor.py:208} INFO - Processing /home/airflow/.local/lib/python3.12/site-packages/airflow/example_dags/tutorial_taskflow_templates.py took 0.076 seconds
[2025-09-25T05:39:52.370+0000] {processor.py:186} INFO - Started process (PID=1467) to work on /home/airflow/.local/lib/python3.12/site-packages/airflow/example_dags/tutorial_taskflow_templates.py
[2025-09-25T05:39:52.370+0000] {processor.py:914} INFO - Processing file /home/airflow/.local/lib/python3.12/site-packages/airflow/example_dags/tutorial_taskflow_templates.py for tasks to queue
[2025-09-25T05:39:52.373+0000] {logging_mixin.py:190} INFO - [2025-09-25T05:39:52.373+0000] {dagbag.py:588} INFO - Filling up the DagBag from /home/airflow/.local/lib/python3.12/site-packages/airflow/example_dags/tutorial_taskflow_templates.py
[2025-09-25T05:39:52.387+0000] {processor.py:925} INFO - DAG(s) 'tutorial_taskflow_templates' retrieved from /home/airflow/.local/lib/python3.12/site-packages/airflow/example_dags/tutorial_taskflow_templates.py
[2025-09-25T05:39:52.412+0000] {logging_mixin.py:190} INFO - [2025-09-25T05:39:52.412+0000] {dag.py:3239} INFO - Sync 1 DAGs
[2025-09-25T05:39:52.444+0000] {logging_mixin.py:190} INFO - [2025-09-25T05:39:52.443+0000] {dag.py:4180} INFO - Setting next_dagrun for tutorial_taskflow_templates to 2025-09-24 00:00:00+00:00, run_after=2025-09-25 00:00:00+00:00
[2025-09-25T05:39:52.460+0000] {processor.py:208} INFO - Processing /home/airflow/.local/lib/python3.12/site-packages/airflow/example_dags/tutorial_taskflow_templates.py took 0.095 seconds
[2025-09-25T05:40:23.683+0000] {processor.py:186} INFO - Started process (PID=1532) to work on /home/airflow/.local/lib/python3.12/site-packages/airflow/example_dags/tutorial_taskflow_templates.py
[2025-09-25T05:40:23.684+0000] {processor.py:914} INFO - Processing file /home/airflow/.local/lib/python3.12/site-packages/airflow/example_dags/tutorial_taskflow_templates.py for tasks to queue
[2025-09-25T05:40:23.686+0000] {logging_mixin.py:190} INFO - [2025-09-25T05:40:23.686+0000] {dagbag.py:588} INFO - Filling up the DagBag from /home/airflow/.local/lib/python3.12/site-packages/airflow/example_dags/tutorial_taskflow_templates.py
[2025-09-25T05:40:23.698+0000] {processor.py:925} INFO - DAG(s) 'tutorial_taskflow_templates' retrieved from /home/airflow/.local/lib/python3.12/site-packages/airflow/example_dags/tutorial_taskflow_templates.py
[2025-09-25T05:40:23.715+0000] {logging_mixin.py:190} INFO - [2025-09-25T05:40:23.715+0000] {dag.py:3239} INFO - Sync 1 DAGs
[2025-09-25T05:40:23.735+0000] {logging_mixin.py:190} INFO - [2025-09-25T05:40:23.735+0000] {dag.py:4180} INFO - Setting next_dagrun for tutorial_taskflow_templates to 2025-09-24 00:00:00+00:00, run_after=2025-09-25 00:00:00+00:00
[2025-09-25T05:40:23.751+0000] {processor.py:208} INFO - Processing /home/airflow/.local/lib/python3.12/site-packages/airflow/example_dags/tutorial_taskflow_templates.py took 0.074 seconds
[2025-09-25T05:40:54.957+0000] {processor.py:186} INFO - Started process (PID=1597) to work on /home/airflow/.local/lib/python3.12/site-packages/airflow/example_dags/tutorial_taskflow_templates.py
[2025-09-25T05:40:54.958+0000] {processor.py:914} INFO - Processing file /home/airflow/.local/lib/python3.12/site-packages/airflow/example_dags/tutorial_taskflow_templates.py for tasks to queue
[2025-09-25T05:40:54.961+0000] {logging_mixin.py:190} INFO - [2025-09-25T05:40:54.961+0000] {dagbag.py:588} INFO - Filling up the DagBag from /home/airflow/.local/lib/python3.12/site-packages/airflow/example_dags/tutorial_taskflow_templates.py
[2025-09-25T05:40:54.972+0000] {processor.py:925} INFO - DAG(s) 'tutorial_taskflow_templates' retrieved from /home/airflow/.local/lib/python3.12/site-packages/airflow/example_dags/tutorial_taskflow_templates.py
[2025-09-25T05:40:54.990+0000] {logging_mixin.py:190} INFO - [2025-09-25T05:40:54.989+0000] {dag.py:3239} INFO - Sync 1 DAGs
[2025-09-25T05:40:55.009+0000] {logging_mixin.py:190} INFO - [2025-09-25T05:40:55.008+0000] {dag.py:4180} INFO - Setting next_dagrun for tutorial_taskflow_templates to 2025-09-24 00:00:00+00:00, run_after=2025-09-25 00:00:00+00:00
[2025-09-25T05:40:55.023+0000] {processor.py:208} INFO - Processing /home/airflow/.local/lib/python3.12/site-packages/airflow/example_dags/tutorial_taskflow_templates.py took 0.073 seconds
[2025-09-25T05:41:26.234+0000] {processor.py:186} INFO - Started process (PID=1662) to work on /home/airflow/.local/lib/python3.12/site-packages/airflow/example_dags/tutorial_taskflow_templates.py
[2025-09-25T05:41:26.235+0000] {processor.py:914} INFO - Processing file /home/airflow/.local/lib/python3.12/site-packages/airflow/example_dags/tutorial_taskflow_templates.py for tasks to queue
[2025-09-25T05:41:26.238+0000] {logging_mixin.py:190} INFO - [2025-09-25T05:41:26.238+0000] {dagbag.py:588} INFO - Filling up the DagBag from /home/airflow/.local/lib/python3.12/site-packages/airflow/example_dags/tutorial_taskflow_templates.py
[2025-09-25T05:41:26.251+0000] {processor.py:925} INFO - DAG(s) 'tutorial_taskflow_templates' retrieved from /home/airflow/.local/lib/python3.12/site-packages/airflow/example_dags/tutorial_taskflow_templates.py
[2025-09-25T05:41:26.270+0000] {logging_mixin.py:190} INFO - [2025-09-25T05:41:26.270+0000] {dag.py:3239} INFO - Sync 1 DAGs
[2025-09-25T05:41:26.290+0000] {logging_mixin.py:190} INFO - [2025-09-25T05:41:26.290+0000] {dag.py:4180} INFO - Setting next_dagrun for tutorial_taskflow_templates to 2025-09-24 00:00:00+00:00, run_after=2025-09-25 00:00:00+00:00
[2025-09-25T05:41:26.306+0000] {processor.py:208} INFO - Processing /home/airflow/.local/lib/python3.12/site-packages/airflow/example_dags/tutorial_taskflow_templates.py took 0.078 seconds
[2025-09-25T05:41:57.706+0000] {processor.py:186} INFO - Started process (PID=1727) to work on /home/airflow/.local/lib/python3.12/site-packages/airflow/example_dags/tutorial_taskflow_templates.py
[2025-09-25T05:41:57.707+0000] {processor.py:914} INFO - Processing file /home/airflow/.local/lib/python3.12/site-packages/airflow/example_dags/tutorial_taskflow_templates.py for tasks to queue
[2025-09-25T05:41:57.709+0000] {logging_mixin.py:190} INFO - [2025-09-25T05:41:57.709+0000] {dagbag.py:588} INFO - Filling up the DagBag from /home/airflow/.local/lib/python3.12/site-packages/airflow/example_dags/tutorial_taskflow_templates.py
[2025-09-25T05:41:57.721+0000] {processor.py:925} INFO - DAG(s) 'tutorial_taskflow_templates' retrieved from /home/airflow/.local/lib/python3.12/site-packages/airflow/example_dags/tutorial_taskflow_templates.py
[2025-09-25T05:41:57.739+0000] {logging_mixin.py:190} INFO - [2025-09-25T05:41:57.739+0000] {dag.py:3239} INFO - Sync 1 DAGs
[2025-09-25T05:41:57.759+0000] {logging_mixin.py:190} INFO - [2025-09-25T05:41:57.759+0000] {dag.py:4180} INFO - Setting next_dagrun for tutorial_taskflow_templates to 2025-09-24 00:00:00+00:00, run_after=2025-09-25 00:00:00+00:00
[2025-09-25T05:41:57.776+0000] {processor.py:208} INFO - Processing /home/airflow/.local/lib/python3.12/site-packages/airflow/example_dags/tutorial_taskflow_templates.py took 0.077 seconds
[2025-09-25T05:42:28.496+0000] {processor.py:186} INFO - Started process (PID=1792) to work on /home/airflow/.local/lib/python3.12/site-packages/airflow/example_dags/tutorial_taskflow_templates.py
[2025-09-25T05:42:28.497+0000] {processor.py:914} INFO - Processing file /home/airflow/.local/lib/python3.12/site-packages/airflow/example_dags/tutorial_taskflow_templates.py for tasks to queue
[2025-09-25T05:42:28.499+0000] {logging_mixin.py:190} INFO - [2025-09-25T05:42:28.499+0000] {dagbag.py:588} INFO - Filling up the DagBag from /home/airflow/.local/lib/python3.12/site-packages/airflow/example_dags/tutorial_taskflow_templates.py
[2025-09-25T05:42:28.511+0000] {processor.py:925} INFO - DAG(s) 'tutorial_taskflow_templates' retrieved from /home/airflow/.local/lib/python3.12/site-packages/airflow/example_dags/tutorial_taskflow_templates.py
[2025-09-25T05:42:28.529+0000] {logging_mixin.py:190} INFO - [2025-09-25T05:42:28.528+0000] {dag.py:3239} INFO - Sync 1 DAGs
[2025-09-25T05:42:28.549+0000] {logging_mixin.py:190} INFO - [2025-09-25T05:42:28.549+0000] {dag.py:4180} INFO - Setting next_dagrun for tutorial_taskflow_templates to 2025-09-24 00:00:00+00:00, run_after=2025-09-25 00:00:00+00:00
[2025-09-25T05:42:28.565+0000] {processor.py:208} INFO - Processing /home/airflow/.local/lib/python3.12/site-packages/airflow/example_dags/tutorial_taskflow_templates.py took 0.075 seconds
[2025-09-25T05:42:59.241+0000] {processor.py:186} INFO - Started process (PID=1856) to work on /home/airflow/.local/lib/python3.12/site-packages/airflow/example_dags/tutorial_taskflow_templates.py
[2025-09-25T05:42:59.242+0000] {processor.py:914} INFO - Processing file /home/airflow/.local/lib/python3.12/site-packages/airflow/example_dags/tutorial_taskflow_templates.py for tasks to queue
[2025-09-25T05:42:59.244+0000] {logging_mixin.py:190} INFO - [2025-09-25T05:42:59.244+0000] {dagbag.py:588} INFO - Filling up the DagBag from /home/airflow/.local/lib/python3.12/site-packages/airflow/example_dags/tutorial_taskflow_templates.py
[2025-09-25T05:42:59.255+0000] {processor.py:925} INFO - DAG(s) 'tutorial_taskflow_templates' retrieved from /home/airflow/.local/lib/python3.12/site-packages/airflow/example_dags/tutorial_taskflow_templates.py
[2025-09-25T05:42:59.272+0000] {logging_mixin.py:190} INFO - [2025-09-25T05:42:59.272+0000] {dag.py:3239} INFO - Sync 1 DAGs
[2025-09-25T05:42:59.290+0000] {logging_mixin.py:190} INFO - [2025-09-25T05:42:59.290+0000] {dag.py:4180} INFO - Setting next_dagrun for tutorial_taskflow_templates to 2025-09-24 00:00:00+00:00, run_after=2025-09-25 00:00:00+00:00
[2025-09-25T05:42:59.304+0000] {processor.py:208} INFO - Processing /home/airflow/.local/lib/python3.12/site-packages/airflow/example_dags/tutorial_taskflow_templates.py took 0.068 seconds
[2025-09-25T05:43:31.117+0000] {processor.py:186} INFO - Started process (PID=1922) to work on /home/airflow/.local/lib/python3.12/site-packages/airflow/example_dags/tutorial_taskflow_templates.py
[2025-09-25T05:43:31.118+0000] {processor.py:914} INFO - Processing file /home/airflow/.local/lib/python3.12/site-packages/airflow/example_dags/tutorial_taskflow_templates.py for tasks to queue
[2025-09-25T05:43:31.120+0000] {logging_mixin.py:190} INFO - [2025-09-25T05:43:31.120+0000] {dagbag.py:588} INFO - Filling up the DagBag from /home/airflow/.local/lib/python3.12/site-packages/airflow/example_dags/tutorial_taskflow_templates.py
[2025-09-25T05:43:31.131+0000] {processor.py:925} INFO - DAG(s) 'tutorial_taskflow_templates' retrieved from /home/airflow/.local/lib/python3.12/site-packages/airflow/example_dags/tutorial_taskflow_templates.py
[2025-09-25T05:43:31.148+0000] {logging_mixin.py:190} INFO - [2025-09-25T05:43:31.148+0000] {dag.py:3239} INFO - Sync 1 DAGs
[2025-09-25T05:43:31.168+0000] {logging_mixin.py:190} INFO - [2025-09-25T05:43:31.167+0000] {dag.py:4180} INFO - Setting next_dagrun for tutorial_taskflow_templates to 2025-09-24 00:00:00+00:00, run_after=2025-09-25 00:00:00+00:00
[2025-09-25T05:43:31.183+0000] {processor.py:208} INFO - Processing /home/airflow/.local/lib/python3.12/site-packages/airflow/example_dags/tutorial_taskflow_templates.py took 0.071 seconds
[2025-09-25T05:44:01.813+0000] {processor.py:186} INFO - Started process (PID=1987) to work on /home/airflow/.local/lib/python3.12/site-packages/airflow/example_dags/tutorial_taskflow_templates.py
[2025-09-25T05:44:01.817+0000] {processor.py:914} INFO - Processing file /home/airflow/.local/lib/python3.12/site-packages/airflow/example_dags/tutorial_taskflow_templates.py for tasks to queue
[2025-09-25T05:44:01.820+0000] {logging_mixin.py:190} INFO - [2025-09-25T05:44:01.819+0000] {dagbag.py:588} INFO - Filling up the DagBag from /home/airflow/.local/lib/python3.12/site-packages/airflow/example_dags/tutorial_taskflow_templates.py
[2025-09-25T05:44:01.838+0000] {processor.py:925} INFO - DAG(s) 'tutorial_taskflow_templates' retrieved from /home/airflow/.local/lib/python3.12/site-packages/airflow/example_dags/tutorial_taskflow_templates.py
[2025-09-25T05:44:01.855+0000] {logging_mixin.py:190} INFO - [2025-09-25T05:44:01.855+0000] {dag.py:3239} INFO - Sync 1 DAGs
[2025-09-25T05:44:01.884+0000] {logging_mixin.py:190} INFO - [2025-09-25T05:44:01.884+0000] {dag.py:4180} INFO - Setting next_dagrun for tutorial_taskflow_templates to 2025-09-24 00:00:00+00:00, run_after=2025-09-25 00:00:00+00:00
[2025-09-25T05:44:01.905+0000] {processor.py:208} INFO - Processing /home/airflow/.local/lib/python3.12/site-packages/airflow/example_dags/tutorial_taskflow_templates.py took 0.100 seconds
[2025-09-25T05:44:32.485+0000] {processor.py:186} INFO - Started process (PID=2052) to work on /home/airflow/.local/lib/python3.12/site-packages/airflow/example_dags/tutorial_taskflow_templates.py
[2025-09-25T05:44:32.486+0000] {processor.py:914} INFO - Processing file /home/airflow/.local/lib/python3.12/site-packages/airflow/example_dags/tutorial_taskflow_templates.py for tasks to queue
[2025-09-25T05:44:32.489+0000] {logging_mixin.py:190} INFO - [2025-09-25T05:44:32.489+0000] {dagbag.py:588} INFO - Filling up the DagBag from /home/airflow/.local/lib/python3.12/site-packages/airflow/example_dags/tutorial_taskflow_templates.py
[2025-09-25T05:44:32.501+0000] {processor.py:925} INFO - DAG(s) 'tutorial_taskflow_templates' retrieved from /home/airflow/.local/lib/python3.12/site-packages/airflow/example_dags/tutorial_taskflow_templates.py
[2025-09-25T05:44:32.521+0000] {logging_mixin.py:190} INFO - [2025-09-25T05:44:32.521+0000] {dag.py:3239} INFO - Sync 1 DAGs
[2025-09-25T05:44:32.543+0000] {logging_mixin.py:190} INFO - [2025-09-25T05:44:32.543+0000] {dag.py:4180} INFO - Setting next_dagrun for tutorial_taskflow_templates to 2025-09-24 00:00:00+00:00, run_after=2025-09-25 00:00:00+00:00
[2025-09-25T05:44:32.560+0000] {processor.py:208} INFO - Processing /home/airflow/.local/lib/python3.12/site-packages/airflow/example_dags/tutorial_taskflow_templates.py took 0.081 seconds
