[2025-09-25T05:12:40.692+0000] {processor.py:186} INFO - Started process (PID=66) to work on /home/airflow/.local/lib/python3.12/site-packages/airflow/example_dags/tutorial_objectstorage.py
[2025-09-25T05:12:40.693+0000] {processor.py:914} INFO - Processing file /home/airflow/.local/lib/python3.12/site-packages/airflow/example_dags/tutorial_objectstorage.py for tasks to queue
[2025-09-25T05:12:40.695+0000] {logging_mixin.py:190} INFO - [2025-09-25T05:12:40.694+0000] {dagbag.py:588} INFO - Filling up the DagBag from /home/airflow/.local/lib/python3.12/site-packages/airflow/example_dags/tutorial_objectstorage.py
[2025-09-25T05:12:40.704+0000] {processor.py:925} INFO - DAG(s) 'tutorial_objectstorage' retrieved from /home/airflow/.local/lib/python3.12/site-packages/airflow/example_dags/tutorial_objectstorage.py
[2025-09-25T05:12:40.724+0000] {logging_mixin.py:190} INFO - [2025-09-25T05:12:40.723+0000] {dag.py:3239} INFO - Sync 1 DAGs
[2025-09-25T05:12:40.736+0000] {logging_mixin.py:190} INFO - [2025-09-25T05:12:40.736+0000] {dag.py:4180} INFO - Setting next_dagrun for tutorial_objectstorage to None, run_after=None
[2025-09-25T05:12:40.753+0000] {processor.py:208} INFO - Processing /home/airflow/.local/lib/python3.12/site-packages/airflow/example_dags/tutorial_objectstorage.py took 0.067 seconds
[2025-09-25T05:13:11.164+0000] {processor.py:186} INFO - Started process (PID=137) to work on /home/airflow/.local/lib/python3.12/site-packages/airflow/example_dags/tutorial_objectstorage.py
[2025-09-25T05:13:11.165+0000] {processor.py:914} INFO - Processing file /home/airflow/.local/lib/python3.12/site-packages/airflow/example_dags/tutorial_objectstorage.py for tasks to queue
[2025-09-25T05:13:11.167+0000] {logging_mixin.py:190} INFO - [2025-09-25T05:13:11.167+0000] {dagbag.py:588} INFO - Filling up the DagBag from /home/airflow/.local/lib/python3.12/site-packages/airflow/example_dags/tutorial_objectstorage.py
[2025-09-25T05:13:11.176+0000] {processor.py:925} INFO - DAG(s) 'tutorial_objectstorage' retrieved from /home/airflow/.local/lib/python3.12/site-packages/airflow/example_dags/tutorial_objectstorage.py
[2025-09-25T05:13:11.193+0000] {logging_mixin.py:190} INFO - [2025-09-25T05:13:11.192+0000] {dag.py:3239} INFO - Sync 1 DAGs
[2025-09-25T05:13:11.205+0000] {logging_mixin.py:190} INFO - [2025-09-25T05:13:11.205+0000] {dag.py:4180} INFO - Setting next_dagrun for tutorial_objectstorage to None, run_after=None
[2025-09-25T05:13:11.221+0000] {processor.py:208} INFO - Processing /home/airflow/.local/lib/python3.12/site-packages/airflow/example_dags/tutorial_objectstorage.py took 0.063 seconds
[2025-09-25T05:13:41.833+0000] {processor.py:186} INFO - Started process (PID=202) to work on /home/airflow/.local/lib/python3.12/site-packages/airflow/example_dags/tutorial_objectstorage.py
[2025-09-25T05:13:41.834+0000] {processor.py:914} INFO - Processing file /home/airflow/.local/lib/python3.12/site-packages/airflow/example_dags/tutorial_objectstorage.py for tasks to queue
[2025-09-25T05:13:41.836+0000] {logging_mixin.py:190} INFO - [2025-09-25T05:13:41.836+0000] {dagbag.py:588} INFO - Filling up the DagBag from /home/airflow/.local/lib/python3.12/site-packages/airflow/example_dags/tutorial_objectstorage.py
[2025-09-25T05:13:41.844+0000] {processor.py:925} INFO - DAG(s) 'tutorial_objectstorage' retrieved from /home/airflow/.local/lib/python3.12/site-packages/airflow/example_dags/tutorial_objectstorage.py
[2025-09-25T05:13:41.861+0000] {logging_mixin.py:190} INFO - [2025-09-25T05:13:41.861+0000] {dag.py:3239} INFO - Sync 1 DAGs
[2025-09-25T05:13:41.873+0000] {logging_mixin.py:190} INFO - [2025-09-25T05:13:41.873+0000] {dag.py:4180} INFO - Setting next_dagrun for tutorial_objectstorage to None, run_after=None
[2025-09-25T05:13:41.888+0000] {processor.py:208} INFO - Processing /home/airflow/.local/lib/python3.12/site-packages/airflow/example_dags/tutorial_objectstorage.py took 0.061 seconds
[2025-09-25T05:14:12.385+0000] {processor.py:186} INFO - Started process (PID=266) to work on /home/airflow/.local/lib/python3.12/site-packages/airflow/example_dags/tutorial_objectstorage.py
[2025-09-25T05:14:12.386+0000] {processor.py:914} INFO - Processing file /home/airflow/.local/lib/python3.12/site-packages/airflow/example_dags/tutorial_objectstorage.py for tasks to queue
[2025-09-25T05:14:12.388+0000] {logging_mixin.py:190} INFO - [2025-09-25T05:14:12.388+0000] {dagbag.py:588} INFO - Filling up the DagBag from /home/airflow/.local/lib/python3.12/site-packages/airflow/example_dags/tutorial_objectstorage.py
[2025-09-25T05:14:12.398+0000] {processor.py:925} INFO - DAG(s) 'tutorial_objectstorage' retrieved from /home/airflow/.local/lib/python3.12/site-packages/airflow/example_dags/tutorial_objectstorage.py
[2025-09-25T05:14:12.415+0000] {logging_mixin.py:190} INFO - [2025-09-25T05:14:12.415+0000] {dag.py:3239} INFO - Sync 1 DAGs
[2025-09-25T05:14:12.427+0000] {logging_mixin.py:190} INFO - [2025-09-25T05:14:12.427+0000] {dag.py:4180} INFO - Setting next_dagrun for tutorial_objectstorage to None, run_after=None
[2025-09-25T05:14:12.444+0000] {processor.py:208} INFO - Processing /home/airflow/.local/lib/python3.12/site-packages/airflow/example_dags/tutorial_objectstorage.py took 0.066 seconds
[2025-09-25T05:14:43.056+0000] {processor.py:186} INFO - Started process (PID=331) to work on /home/airflow/.local/lib/python3.12/site-packages/airflow/example_dags/tutorial_objectstorage.py
[2025-09-25T05:14:43.057+0000] {processor.py:914} INFO - Processing file /home/airflow/.local/lib/python3.12/site-packages/airflow/example_dags/tutorial_objectstorage.py for tasks to queue
[2025-09-25T05:14:43.059+0000] {logging_mixin.py:190} INFO - [2025-09-25T05:14:43.059+0000] {dagbag.py:588} INFO - Filling up the DagBag from /home/airflow/.local/lib/python3.12/site-packages/airflow/example_dags/tutorial_objectstorage.py
[2025-09-25T05:14:43.067+0000] {processor.py:925} INFO - DAG(s) 'tutorial_objectstorage' retrieved from /home/airflow/.local/lib/python3.12/site-packages/airflow/example_dags/tutorial_objectstorage.py
[2025-09-25T05:14:43.085+0000] {logging_mixin.py:190} INFO - [2025-09-25T05:14:43.085+0000] {dag.py:3239} INFO - Sync 1 DAGs
[2025-09-25T05:14:43.098+0000] {logging_mixin.py:190} INFO - [2025-09-25T05:14:43.098+0000] {dag.py:4180} INFO - Setting next_dagrun for tutorial_objectstorage to None, run_after=None
[2025-09-25T05:14:43.115+0000] {processor.py:208} INFO - Processing /home/airflow/.local/lib/python3.12/site-packages/airflow/example_dags/tutorial_objectstorage.py took 0.067 seconds
[2025-09-25T05:15:13.336+0000] {processor.py:186} INFO - Started process (PID=395) to work on /home/airflow/.local/lib/python3.12/site-packages/airflow/example_dags/tutorial_objectstorage.py
[2025-09-25T05:15:13.337+0000] {processor.py:914} INFO - Processing file /home/airflow/.local/lib/python3.12/site-packages/airflow/example_dags/tutorial_objectstorage.py for tasks to queue
[2025-09-25T05:15:13.339+0000] {logging_mixin.py:190} INFO - [2025-09-25T05:15:13.339+0000] {dagbag.py:588} INFO - Filling up the DagBag from /home/airflow/.local/lib/python3.12/site-packages/airflow/example_dags/tutorial_objectstorage.py
[2025-09-25T05:15:13.348+0000] {processor.py:925} INFO - DAG(s) 'tutorial_objectstorage' retrieved from /home/airflow/.local/lib/python3.12/site-packages/airflow/example_dags/tutorial_objectstorage.py
[2025-09-25T05:15:13.364+0000] {logging_mixin.py:190} INFO - [2025-09-25T05:15:13.364+0000] {dag.py:3239} INFO - Sync 1 DAGs
[2025-09-25T05:15:13.377+0000] {logging_mixin.py:190} INFO - [2025-09-25T05:15:13.376+0000] {dag.py:4180} INFO - Setting next_dagrun for tutorial_objectstorage to None, run_after=None
[2025-09-25T05:15:13.391+0000] {processor.py:208} INFO - Processing /home/airflow/.local/lib/python3.12/site-packages/airflow/example_dags/tutorial_objectstorage.py took 0.061 seconds
[2025-09-25T05:15:43.833+0000] {processor.py:186} INFO - Started process (PID=460) to work on /home/airflow/.local/lib/python3.12/site-packages/airflow/example_dags/tutorial_objectstorage.py
[2025-09-25T05:15:43.834+0000] {processor.py:914} INFO - Processing file /home/airflow/.local/lib/python3.12/site-packages/airflow/example_dags/tutorial_objectstorage.py for tasks to queue
[2025-09-25T05:15:43.836+0000] {logging_mixin.py:190} INFO - [2025-09-25T05:15:43.836+0000] {dagbag.py:588} INFO - Filling up the DagBag from /home/airflow/.local/lib/python3.12/site-packages/airflow/example_dags/tutorial_objectstorage.py
[2025-09-25T05:15:43.848+0000] {processor.py:925} INFO - DAG(s) 'tutorial_objectstorage' retrieved from /home/airflow/.local/lib/python3.12/site-packages/airflow/example_dags/tutorial_objectstorage.py
[2025-09-25T05:15:43.867+0000] {logging_mixin.py:190} INFO - [2025-09-25T05:15:43.867+0000] {dag.py:3239} INFO - Sync 1 DAGs
[2025-09-25T05:15:43.880+0000] {logging_mixin.py:190} INFO - [2025-09-25T05:15:43.880+0000] {dag.py:4180} INFO - Setting next_dagrun for tutorial_objectstorage to None, run_after=None
[2025-09-25T05:15:43.897+0000] {processor.py:208} INFO - Processing /home/airflow/.local/lib/python3.12/site-packages/airflow/example_dags/tutorial_objectstorage.py took 0.070 seconds
[2025-09-25T05:16:14.190+0000] {processor.py:186} INFO - Started process (PID=525) to work on /home/airflow/.local/lib/python3.12/site-packages/airflow/example_dags/tutorial_objectstorage.py
[2025-09-25T05:16:14.191+0000] {processor.py:914} INFO - Processing file /home/airflow/.local/lib/python3.12/site-packages/airflow/example_dags/tutorial_objectstorage.py for tasks to queue
[2025-09-25T05:16:14.193+0000] {logging_mixin.py:190} INFO - [2025-09-25T05:16:14.192+0000] {dagbag.py:588} INFO - Filling up the DagBag from /home/airflow/.local/lib/python3.12/site-packages/airflow/example_dags/tutorial_objectstorage.py
[2025-09-25T05:16:14.202+0000] {processor.py:925} INFO - DAG(s) 'tutorial_objectstorage' retrieved from /home/airflow/.local/lib/python3.12/site-packages/airflow/example_dags/tutorial_objectstorage.py
[2025-09-25T05:16:14.218+0000] {logging_mixin.py:190} INFO - [2025-09-25T05:16:14.218+0000] {dag.py:3239} INFO - Sync 1 DAGs
[2025-09-25T05:16:14.231+0000] {logging_mixin.py:190} INFO - [2025-09-25T05:16:14.231+0000] {dag.py:4180} INFO - Setting next_dagrun for tutorial_objectstorage to None, run_after=None
[2025-09-25T05:16:14.250+0000] {processor.py:208} INFO - Processing /home/airflow/.local/lib/python3.12/site-packages/airflow/example_dags/tutorial_objectstorage.py took 0.066 seconds
[2025-09-25T05:16:44.701+0000] {processor.py:186} INFO - Started process (PID=590) to work on /home/airflow/.local/lib/python3.12/site-packages/airflow/example_dags/tutorial_objectstorage.py
[2025-09-25T05:16:44.702+0000] {processor.py:914} INFO - Processing file /home/airflow/.local/lib/python3.12/site-packages/airflow/example_dags/tutorial_objectstorage.py for tasks to queue
[2025-09-25T05:16:44.704+0000] {logging_mixin.py:190} INFO - [2025-09-25T05:16:44.704+0000] {dagbag.py:588} INFO - Filling up the DagBag from /home/airflow/.local/lib/python3.12/site-packages/airflow/example_dags/tutorial_objectstorage.py
[2025-09-25T05:16:44.713+0000] {processor.py:925} INFO - DAG(s) 'tutorial_objectstorage' retrieved from /home/airflow/.local/lib/python3.12/site-packages/airflow/example_dags/tutorial_objectstorage.py
[2025-09-25T05:16:44.731+0000] {logging_mixin.py:190} INFO - [2025-09-25T05:16:44.731+0000] {dag.py:3239} INFO - Sync 1 DAGs
[2025-09-25T05:16:44.744+0000] {logging_mixin.py:190} INFO - [2025-09-25T05:16:44.744+0000] {dag.py:4180} INFO - Setting next_dagrun for tutorial_objectstorage to None, run_after=None
[2025-09-25T05:16:44.763+0000] {processor.py:208} INFO - Processing /home/airflow/.local/lib/python3.12/site-packages/airflow/example_dags/tutorial_objectstorage.py took 0.068 seconds
[2025-09-25T05:17:14.897+0000] {processor.py:186} INFO - Started process (PID=655) to work on /home/airflow/.local/lib/python3.12/site-packages/airflow/example_dags/tutorial_objectstorage.py
[2025-09-25T05:17:14.898+0000] {processor.py:914} INFO - Processing file /home/airflow/.local/lib/python3.12/site-packages/airflow/example_dags/tutorial_objectstorage.py for tasks to queue
[2025-09-25T05:17:14.901+0000] {logging_mixin.py:190} INFO - [2025-09-25T05:17:14.900+0000] {dagbag.py:588} INFO - Filling up the DagBag from /home/airflow/.local/lib/python3.12/site-packages/airflow/example_dags/tutorial_objectstorage.py
[2025-09-25T05:17:14.912+0000] {processor.py:925} INFO - DAG(s) 'tutorial_objectstorage' retrieved from /home/airflow/.local/lib/python3.12/site-packages/airflow/example_dags/tutorial_objectstorage.py
[2025-09-25T05:17:14.930+0000] {logging_mixin.py:190} INFO - [2025-09-25T05:17:14.930+0000] {dag.py:3239} INFO - Sync 1 DAGs
[2025-09-25T05:17:14.943+0000] {logging_mixin.py:190} INFO - [2025-09-25T05:17:14.943+0000] {dag.py:4180} INFO - Setting next_dagrun for tutorial_objectstorage to None, run_after=None
[2025-09-25T05:17:14.962+0000] {processor.py:208} INFO - Processing /home/airflow/.local/lib/python3.12/site-packages/airflow/example_dags/tutorial_objectstorage.py took 0.070 seconds
[2025-09-25T05:17:45.119+0000] {processor.py:186} INFO - Started process (PID=720) to work on /home/airflow/.local/lib/python3.12/site-packages/airflow/example_dags/tutorial_objectstorage.py
[2025-09-25T05:17:45.120+0000] {processor.py:914} INFO - Processing file /home/airflow/.local/lib/python3.12/site-packages/airflow/example_dags/tutorial_objectstorage.py for tasks to queue
[2025-09-25T05:17:45.122+0000] {logging_mixin.py:190} INFO - [2025-09-25T05:17:45.121+0000] {dagbag.py:588} INFO - Filling up the DagBag from /home/airflow/.local/lib/python3.12/site-packages/airflow/example_dags/tutorial_objectstorage.py
[2025-09-25T05:17:45.133+0000] {processor.py:925} INFO - DAG(s) 'tutorial_objectstorage' retrieved from /home/airflow/.local/lib/python3.12/site-packages/airflow/example_dags/tutorial_objectstorage.py
[2025-09-25T05:17:45.150+0000] {logging_mixin.py:190} INFO - [2025-09-25T05:17:45.149+0000] {dag.py:3239} INFO - Sync 1 DAGs
[2025-09-25T05:17:45.163+0000] {logging_mixin.py:190} INFO - [2025-09-25T05:17:45.163+0000] {dag.py:4180} INFO - Setting next_dagrun for tutorial_objectstorage to None, run_after=None
[2025-09-25T05:17:45.179+0000] {processor.py:208} INFO - Processing /home/airflow/.local/lib/python3.12/site-packages/airflow/example_dags/tutorial_objectstorage.py took 0.065 seconds
[2025-09-25T05:18:15.650+0000] {processor.py:186} INFO - Started process (PID=785) to work on /home/airflow/.local/lib/python3.12/site-packages/airflow/example_dags/tutorial_objectstorage.py
[2025-09-25T05:18:15.651+0000] {processor.py:914} INFO - Processing file /home/airflow/.local/lib/python3.12/site-packages/airflow/example_dags/tutorial_objectstorage.py for tasks to queue
[2025-09-25T05:18:15.653+0000] {logging_mixin.py:190} INFO - [2025-09-25T05:18:15.652+0000] {dagbag.py:588} INFO - Filling up the DagBag from /home/airflow/.local/lib/python3.12/site-packages/airflow/example_dags/tutorial_objectstorage.py
[2025-09-25T05:18:15.662+0000] {processor.py:925} INFO - DAG(s) 'tutorial_objectstorage' retrieved from /home/airflow/.local/lib/python3.12/site-packages/airflow/example_dags/tutorial_objectstorage.py
[2025-09-25T05:18:15.679+0000] {logging_mixin.py:190} INFO - [2025-09-25T05:18:15.679+0000] {dag.py:3239} INFO - Sync 1 DAGs
[2025-09-25T05:18:15.693+0000] {logging_mixin.py:190} INFO - [2025-09-25T05:18:15.693+0000] {dag.py:4180} INFO - Setting next_dagrun for tutorial_objectstorage to None, run_after=None
[2025-09-25T05:18:15.710+0000] {processor.py:208} INFO - Processing /home/airflow/.local/lib/python3.12/site-packages/airflow/example_dags/tutorial_objectstorage.py took 0.066 seconds
[2025-09-25T05:18:45.951+0000] {processor.py:186} INFO - Started process (PID=850) to work on /home/airflow/.local/lib/python3.12/site-packages/airflow/example_dags/tutorial_objectstorage.py
[2025-09-25T05:18:45.952+0000] {processor.py:914} INFO - Processing file /home/airflow/.local/lib/python3.12/site-packages/airflow/example_dags/tutorial_objectstorage.py for tasks to queue
[2025-09-25T05:18:45.955+0000] {logging_mixin.py:190} INFO - [2025-09-25T05:18:45.954+0000] {dagbag.py:588} INFO - Filling up the DagBag from /home/airflow/.local/lib/python3.12/site-packages/airflow/example_dags/tutorial_objectstorage.py
[2025-09-25T05:18:45.974+0000] {processor.py:925} INFO - DAG(s) 'tutorial_objectstorage' retrieved from /home/airflow/.local/lib/python3.12/site-packages/airflow/example_dags/tutorial_objectstorage.py
[2025-09-25T05:18:45.997+0000] {logging_mixin.py:190} INFO - [2025-09-25T05:18:45.997+0000] {dag.py:3239} INFO - Sync 1 DAGs
[2025-09-25T05:18:46.018+0000] {logging_mixin.py:190} INFO - [2025-09-25T05:18:46.017+0000] {dag.py:4180} INFO - Setting next_dagrun for tutorial_objectstorage to None, run_after=None
[2025-09-25T05:18:46.035+0000] {processor.py:208} INFO - Processing /home/airflow/.local/lib/python3.12/site-packages/airflow/example_dags/tutorial_objectstorage.py took 0.090 seconds
[2025-09-25T05:19:16.179+0000] {processor.py:186} INFO - Started process (PID=915) to work on /home/airflow/.local/lib/python3.12/site-packages/airflow/example_dags/tutorial_objectstorage.py
[2025-09-25T05:19:16.180+0000] {processor.py:914} INFO - Processing file /home/airflow/.local/lib/python3.12/site-packages/airflow/example_dags/tutorial_objectstorage.py for tasks to queue
[2025-09-25T05:19:16.183+0000] {logging_mixin.py:190} INFO - [2025-09-25T05:19:16.182+0000] {dagbag.py:588} INFO - Filling up the DagBag from /home/airflow/.local/lib/python3.12/site-packages/airflow/example_dags/tutorial_objectstorage.py
[2025-09-25T05:19:16.192+0000] {processor.py:925} INFO - DAG(s) 'tutorial_objectstorage' retrieved from /home/airflow/.local/lib/python3.12/site-packages/airflow/example_dags/tutorial_objectstorage.py
[2025-09-25T05:19:16.209+0000] {logging_mixin.py:190} INFO - [2025-09-25T05:19:16.209+0000] {dag.py:3239} INFO - Sync 1 DAGs
[2025-09-25T05:19:16.224+0000] {logging_mixin.py:190} INFO - [2025-09-25T05:19:16.224+0000] {dag.py:4180} INFO - Setting next_dagrun for tutorial_objectstorage to None, run_after=None
[2025-09-25T05:19:16.241+0000] {processor.py:208} INFO - Processing /home/airflow/.local/lib/python3.12/site-packages/airflow/example_dags/tutorial_objectstorage.py took 0.068 seconds
[2025-09-25T05:19:46.363+0000] {processor.py:186} INFO - Started process (PID=980) to work on /home/airflow/.local/lib/python3.12/site-packages/airflow/example_dags/tutorial_objectstorage.py
[2025-09-25T05:19:46.364+0000] {processor.py:914} INFO - Processing file /home/airflow/.local/lib/python3.12/site-packages/airflow/example_dags/tutorial_objectstorage.py for tasks to queue
[2025-09-25T05:19:46.367+0000] {logging_mixin.py:190} INFO - [2025-09-25T05:19:46.366+0000] {dagbag.py:588} INFO - Filling up the DagBag from /home/airflow/.local/lib/python3.12/site-packages/airflow/example_dags/tutorial_objectstorage.py
[2025-09-25T05:19:46.378+0000] {processor.py:925} INFO - DAG(s) 'tutorial_objectstorage' retrieved from /home/airflow/.local/lib/python3.12/site-packages/airflow/example_dags/tutorial_objectstorage.py
[2025-09-25T05:19:46.396+0000] {logging_mixin.py:190} INFO - [2025-09-25T05:19:46.396+0000] {dag.py:3239} INFO - Sync 1 DAGs
[2025-09-25T05:19:46.409+0000] {logging_mixin.py:190} INFO - [2025-09-25T05:19:46.408+0000] {dag.py:4180} INFO - Setting next_dagrun for tutorial_objectstorage to None, run_after=None
[2025-09-25T05:19:46.425+0000] {processor.py:208} INFO - Processing /home/airflow/.local/lib/python3.12/site-packages/airflow/example_dags/tutorial_objectstorage.py took 0.067 seconds
[2025-09-25T05:25:40.649+0000] {processor.py:186} INFO - Started process (PID=72) to work on /home/airflow/.local/lib/python3.12/site-packages/airflow/example_dags/tutorial_objectstorage.py
[2025-09-25T05:25:40.650+0000] {processor.py:914} INFO - Processing file /home/airflow/.local/lib/python3.12/site-packages/airflow/example_dags/tutorial_objectstorage.py for tasks to queue
[2025-09-25T05:25:40.652+0000] {logging_mixin.py:190} INFO - [2025-09-25T05:25:40.652+0000] {dagbag.py:588} INFO - Filling up the DagBag from /home/airflow/.local/lib/python3.12/site-packages/airflow/example_dags/tutorial_objectstorage.py
[2025-09-25T05:25:40.662+0000] {processor.py:925} INFO - DAG(s) 'tutorial_objectstorage' retrieved from /home/airflow/.local/lib/python3.12/site-packages/airflow/example_dags/tutorial_objectstorage.py
[2025-09-25T05:25:40.770+0000] {logging_mixin.py:190} INFO - [2025-09-25T05:25:40.770+0000] {dag.py:3239} INFO - Sync 1 DAGs
[2025-09-25T05:25:40.782+0000] {logging_mixin.py:190} INFO - [2025-09-25T05:25:40.782+0000] {dag.py:4180} INFO - Setting next_dagrun for tutorial_objectstorage to None, run_after=None
[2025-09-25T05:25:40.799+0000] {processor.py:208} INFO - Processing /home/airflow/.local/lib/python3.12/site-packages/airflow/example_dags/tutorial_objectstorage.py took 0.155 seconds
[2025-09-25T05:26:11.386+0000] {processor.py:186} INFO - Started process (PID=137) to work on /home/airflow/.local/lib/python3.12/site-packages/airflow/example_dags/tutorial_objectstorage.py
[2025-09-25T05:26:11.387+0000] {processor.py:914} INFO - Processing file /home/airflow/.local/lib/python3.12/site-packages/airflow/example_dags/tutorial_objectstorage.py for tasks to queue
[2025-09-25T05:26:11.389+0000] {logging_mixin.py:190} INFO - [2025-09-25T05:26:11.389+0000] {dagbag.py:588} INFO - Filling up the DagBag from /home/airflow/.local/lib/python3.12/site-packages/airflow/example_dags/tutorial_objectstorage.py
[2025-09-25T05:26:11.399+0000] {processor.py:925} INFO - DAG(s) 'tutorial_objectstorage' retrieved from /home/airflow/.local/lib/python3.12/site-packages/airflow/example_dags/tutorial_objectstorage.py
[2025-09-25T05:26:11.415+0000] {logging_mixin.py:190} INFO - [2025-09-25T05:26:11.415+0000] {dag.py:3239} INFO - Sync 1 DAGs
[2025-09-25T05:26:11.428+0000] {logging_mixin.py:190} INFO - [2025-09-25T05:26:11.428+0000] {dag.py:4180} INFO - Setting next_dagrun for tutorial_objectstorage to None, run_after=None
[2025-09-25T05:26:11.443+0000] {processor.py:208} INFO - Processing /home/airflow/.local/lib/python3.12/site-packages/airflow/example_dags/tutorial_objectstorage.py took 0.062 seconds
[2025-09-25T05:26:41.596+0000] {processor.py:186} INFO - Started process (PID=202) to work on /home/airflow/.local/lib/python3.12/site-packages/airflow/example_dags/tutorial_objectstorage.py
[2025-09-25T05:26:41.597+0000] {processor.py:914} INFO - Processing file /home/airflow/.local/lib/python3.12/site-packages/airflow/example_dags/tutorial_objectstorage.py for tasks to queue
[2025-09-25T05:26:41.599+0000] {logging_mixin.py:190} INFO - [2025-09-25T05:26:41.599+0000] {dagbag.py:588} INFO - Filling up the DagBag from /home/airflow/.local/lib/python3.12/site-packages/airflow/example_dags/tutorial_objectstorage.py
[2025-09-25T05:26:41.610+0000] {processor.py:925} INFO - DAG(s) 'tutorial_objectstorage' retrieved from /home/airflow/.local/lib/python3.12/site-packages/airflow/example_dags/tutorial_objectstorage.py
[2025-09-25T05:26:41.631+0000] {logging_mixin.py:190} INFO - [2025-09-25T05:26:41.631+0000] {dag.py:3239} INFO - Sync 1 DAGs
[2025-09-25T05:26:41.646+0000] {logging_mixin.py:190} INFO - [2025-09-25T05:26:41.646+0000] {dag.py:4180} INFO - Setting next_dagrun for tutorial_objectstorage to None, run_after=None
[2025-09-25T05:26:41.693+0000] {processor.py:208} INFO - Processing /home/airflow/.local/lib/python3.12/site-packages/airflow/example_dags/tutorial_objectstorage.py took 0.102 seconds
[2025-09-25T05:27:12.036+0000] {processor.py:186} INFO - Started process (PID=266) to work on /home/airflow/.local/lib/python3.12/site-packages/airflow/example_dags/tutorial_objectstorage.py
[2025-09-25T05:27:12.037+0000] {processor.py:914} INFO - Processing file /home/airflow/.local/lib/python3.12/site-packages/airflow/example_dags/tutorial_objectstorage.py for tasks to queue
[2025-09-25T05:27:12.039+0000] {logging_mixin.py:190} INFO - [2025-09-25T05:27:12.039+0000] {dagbag.py:588} INFO - Filling up the DagBag from /home/airflow/.local/lib/python3.12/site-packages/airflow/example_dags/tutorial_objectstorage.py
[2025-09-25T05:27:12.047+0000] {processor.py:925} INFO - DAG(s) 'tutorial_objectstorage' retrieved from /home/airflow/.local/lib/python3.12/site-packages/airflow/example_dags/tutorial_objectstorage.py
[2025-09-25T05:27:12.067+0000] {logging_mixin.py:190} INFO - [2025-09-25T05:27:12.067+0000] {dag.py:3239} INFO - Sync 1 DAGs
[2025-09-25T05:27:12.079+0000] {logging_mixin.py:190} INFO - [2025-09-25T05:27:12.079+0000] {dag.py:4180} INFO - Setting next_dagrun for tutorial_objectstorage to None, run_after=None
[2025-09-25T05:27:12.094+0000] {processor.py:208} INFO - Processing /home/airflow/.local/lib/python3.12/site-packages/airflow/example_dags/tutorial_objectstorage.py took 0.064 seconds
[2025-09-25T05:27:42.152+0000] {processor.py:186} INFO - Started process (PID=331) to work on /home/airflow/.local/lib/python3.12/site-packages/airflow/example_dags/tutorial_objectstorage.py
[2025-09-25T05:27:42.153+0000] {processor.py:914} INFO - Processing file /home/airflow/.local/lib/python3.12/site-packages/airflow/example_dags/tutorial_objectstorage.py for tasks to queue
[2025-09-25T05:27:42.155+0000] {logging_mixin.py:190} INFO - [2025-09-25T05:27:42.155+0000] {dagbag.py:588} INFO - Filling up the DagBag from /home/airflow/.local/lib/python3.12/site-packages/airflow/example_dags/tutorial_objectstorage.py
[2025-09-25T05:27:42.163+0000] {processor.py:925} INFO - DAG(s) 'tutorial_objectstorage' retrieved from /home/airflow/.local/lib/python3.12/site-packages/airflow/example_dags/tutorial_objectstorage.py
[2025-09-25T05:27:42.180+0000] {logging_mixin.py:190} INFO - [2025-09-25T05:27:42.180+0000] {dag.py:3239} INFO - Sync 1 DAGs
[2025-09-25T05:27:42.192+0000] {logging_mixin.py:190} INFO - [2025-09-25T05:27:42.192+0000] {dag.py:4180} INFO - Setting next_dagrun for tutorial_objectstorage to None, run_after=None
[2025-09-25T05:27:42.210+0000] {processor.py:208} INFO - Processing /home/airflow/.local/lib/python3.12/site-packages/airflow/example_dags/tutorial_objectstorage.py took 0.063 seconds
[2025-09-25T05:28:55.669+0000] {processor.py:186} INFO - Started process (PID=73) to work on /home/airflow/.local/lib/python3.12/site-packages/airflow/example_dags/tutorial_objectstorage.py
[2025-09-25T05:28:55.670+0000] {processor.py:914} INFO - Processing file /home/airflow/.local/lib/python3.12/site-packages/airflow/example_dags/tutorial_objectstorage.py for tasks to queue
[2025-09-25T05:28:55.672+0000] {logging_mixin.py:190} INFO - [2025-09-25T05:28:55.672+0000] {dagbag.py:588} INFO - Filling up the DagBag from /home/airflow/.local/lib/python3.12/site-packages/airflow/example_dags/tutorial_objectstorage.py
[2025-09-25T05:28:55.683+0000] {processor.py:925} INFO - DAG(s) 'tutorial_objectstorage' retrieved from /home/airflow/.local/lib/python3.12/site-packages/airflow/example_dags/tutorial_objectstorage.py
[2025-09-25T05:28:55.701+0000] {logging_mixin.py:190} INFO - [2025-09-25T05:28:55.701+0000] {dag.py:3239} INFO - Sync 1 DAGs
[2025-09-25T05:28:55.714+0000] {logging_mixin.py:190} INFO - [2025-09-25T05:28:55.714+0000] {dag.py:4180} INFO - Setting next_dagrun for tutorial_objectstorage to None, run_after=None
[2025-09-25T05:28:55.733+0000] {processor.py:208} INFO - Processing /home/airflow/.local/lib/python3.12/site-packages/airflow/example_dags/tutorial_objectstorage.py took 0.073 seconds
[2025-09-25T05:29:26.710+0000] {processor.py:186} INFO - Started process (PID=138) to work on /home/airflow/.local/lib/python3.12/site-packages/airflow/example_dags/tutorial_objectstorage.py
[2025-09-25T05:29:26.711+0000] {processor.py:914} INFO - Processing file /home/airflow/.local/lib/python3.12/site-packages/airflow/example_dags/tutorial_objectstorage.py for tasks to queue
[2025-09-25T05:29:26.712+0000] {logging_mixin.py:190} INFO - [2025-09-25T05:29:26.712+0000] {dagbag.py:588} INFO - Filling up the DagBag from /home/airflow/.local/lib/python3.12/site-packages/airflow/example_dags/tutorial_objectstorage.py
[2025-09-25T05:29:26.720+0000] {processor.py:925} INFO - DAG(s) 'tutorial_objectstorage' retrieved from /home/airflow/.local/lib/python3.12/site-packages/airflow/example_dags/tutorial_objectstorage.py
[2025-09-25T05:29:26.736+0000] {logging_mixin.py:190} INFO - [2025-09-25T05:29:26.736+0000] {dag.py:3239} INFO - Sync 1 DAGs
[2025-09-25T05:29:26.748+0000] {logging_mixin.py:190} INFO - [2025-09-25T05:29:26.747+0000] {dag.py:4180} INFO - Setting next_dagrun for tutorial_objectstorage to None, run_after=None
[2025-09-25T05:29:26.763+0000] {processor.py:208} INFO - Processing /home/airflow/.local/lib/python3.12/site-packages/airflow/example_dags/tutorial_objectstorage.py took 0.058 seconds
[2025-09-25T05:29:57.710+0000] {processor.py:186} INFO - Started process (PID=203) to work on /home/airflow/.local/lib/python3.12/site-packages/airflow/example_dags/tutorial_objectstorage.py
[2025-09-25T05:29:57.711+0000] {processor.py:914} INFO - Processing file /home/airflow/.local/lib/python3.12/site-packages/airflow/example_dags/tutorial_objectstorage.py for tasks to queue
[2025-09-25T05:29:57.713+0000] {logging_mixin.py:190} INFO - [2025-09-25T05:29:57.713+0000] {dagbag.py:588} INFO - Filling up the DagBag from /home/airflow/.local/lib/python3.12/site-packages/airflow/example_dags/tutorial_objectstorage.py
[2025-09-25T05:29:57.721+0000] {processor.py:925} INFO - DAG(s) 'tutorial_objectstorage' retrieved from /home/airflow/.local/lib/python3.12/site-packages/airflow/example_dags/tutorial_objectstorage.py
[2025-09-25T05:29:57.738+0000] {logging_mixin.py:190} INFO - [2025-09-25T05:29:57.738+0000] {dag.py:3239} INFO - Sync 1 DAGs
[2025-09-25T05:29:57.752+0000] {logging_mixin.py:190} INFO - [2025-09-25T05:29:57.752+0000] {dag.py:4180} INFO - Setting next_dagrun for tutorial_objectstorage to None, run_after=None
[2025-09-25T05:29:57.766+0000] {processor.py:208} INFO - Processing /home/airflow/.local/lib/python3.12/site-packages/airflow/example_dags/tutorial_objectstorage.py took 0.061 seconds
[2025-09-25T05:30:29.070+0000] {processor.py:186} INFO - Started process (PID=268) to work on /home/airflow/.local/lib/python3.12/site-packages/airflow/example_dags/tutorial_objectstorage.py
[2025-09-25T05:30:29.071+0000] {processor.py:914} INFO - Processing file /home/airflow/.local/lib/python3.12/site-packages/airflow/example_dags/tutorial_objectstorage.py for tasks to queue
[2025-09-25T05:30:29.074+0000] {logging_mixin.py:190} INFO - [2025-09-25T05:30:29.073+0000] {dagbag.py:588} INFO - Filling up the DagBag from /home/airflow/.local/lib/python3.12/site-packages/airflow/example_dags/tutorial_objectstorage.py
[2025-09-25T05:30:29.082+0000] {processor.py:925} INFO - DAG(s) 'tutorial_objectstorage' retrieved from /home/airflow/.local/lib/python3.12/site-packages/airflow/example_dags/tutorial_objectstorage.py
[2025-09-25T05:30:29.100+0000] {logging_mixin.py:190} INFO - [2025-09-25T05:30:29.100+0000] {dag.py:3239} INFO - Sync 1 DAGs
[2025-09-25T05:30:29.112+0000] {logging_mixin.py:190} INFO - [2025-09-25T05:30:29.111+0000] {dag.py:4180} INFO - Setting next_dagrun for tutorial_objectstorage to None, run_after=None
[2025-09-25T05:30:29.128+0000] {processor.py:208} INFO - Processing /home/airflow/.local/lib/python3.12/site-packages/airflow/example_dags/tutorial_objectstorage.py took 0.063 seconds
[2025-09-25T05:30:59.917+0000] {processor.py:186} INFO - Started process (PID=333) to work on /home/airflow/.local/lib/python3.12/site-packages/airflow/example_dags/tutorial_objectstorage.py
[2025-09-25T05:30:59.918+0000] {processor.py:914} INFO - Processing file /home/airflow/.local/lib/python3.12/site-packages/airflow/example_dags/tutorial_objectstorage.py for tasks to queue
[2025-09-25T05:30:59.920+0000] {logging_mixin.py:190} INFO - [2025-09-25T05:30:59.920+0000] {dagbag.py:588} INFO - Filling up the DagBag from /home/airflow/.local/lib/python3.12/site-packages/airflow/example_dags/tutorial_objectstorage.py
[2025-09-25T05:30:59.929+0000] {processor.py:925} INFO - DAG(s) 'tutorial_objectstorage' retrieved from /home/airflow/.local/lib/python3.12/site-packages/airflow/example_dags/tutorial_objectstorage.py
[2025-09-25T05:30:59.946+0000] {logging_mixin.py:190} INFO - [2025-09-25T05:30:59.946+0000] {dag.py:3239} INFO - Sync 1 DAGs
[2025-09-25T05:30:59.958+0000] {logging_mixin.py:190} INFO - [2025-09-25T05:30:59.958+0000] {dag.py:4180} INFO - Setting next_dagrun for tutorial_objectstorage to None, run_after=None
[2025-09-25T05:30:59.973+0000] {processor.py:208} INFO - Processing /home/airflow/.local/lib/python3.12/site-packages/airflow/example_dags/tutorial_objectstorage.py took 0.062 seconds
[2025-09-25T05:31:30.905+0000] {processor.py:186} INFO - Started process (PID=398) to work on /home/airflow/.local/lib/python3.12/site-packages/airflow/example_dags/tutorial_objectstorage.py
[2025-09-25T05:31:30.906+0000] {processor.py:914} INFO - Processing file /home/airflow/.local/lib/python3.12/site-packages/airflow/example_dags/tutorial_objectstorage.py for tasks to queue
[2025-09-25T05:31:30.908+0000] {logging_mixin.py:190} INFO - [2025-09-25T05:31:30.908+0000] {dagbag.py:588} INFO - Filling up the DagBag from /home/airflow/.local/lib/python3.12/site-packages/airflow/example_dags/tutorial_objectstorage.py
[2025-09-25T05:31:30.917+0000] {processor.py:925} INFO - DAG(s) 'tutorial_objectstorage' retrieved from /home/airflow/.local/lib/python3.12/site-packages/airflow/example_dags/tutorial_objectstorage.py
[2025-09-25T05:31:30.934+0000] {logging_mixin.py:190} INFO - [2025-09-25T05:31:30.933+0000] {dag.py:3239} INFO - Sync 1 DAGs
[2025-09-25T05:31:30.946+0000] {logging_mixin.py:190} INFO - [2025-09-25T05:31:30.946+0000] {dag.py:4180} INFO - Setting next_dagrun for tutorial_objectstorage to None, run_after=None
[2025-09-25T05:31:30.963+0000] {processor.py:208} INFO - Processing /home/airflow/.local/lib/python3.12/site-packages/airflow/example_dags/tutorial_objectstorage.py took 0.063 seconds
[2025-09-25T05:32:02.095+0000] {processor.py:186} INFO - Started process (PID=463) to work on /home/airflow/.local/lib/python3.12/site-packages/airflow/example_dags/tutorial_objectstorage.py
[2025-09-25T05:32:02.096+0000] {processor.py:914} INFO - Processing file /home/airflow/.local/lib/python3.12/site-packages/airflow/example_dags/tutorial_objectstorage.py for tasks to queue
[2025-09-25T05:32:02.098+0000] {logging_mixin.py:190} INFO - [2025-09-25T05:32:02.098+0000] {dagbag.py:588} INFO - Filling up the DagBag from /home/airflow/.local/lib/python3.12/site-packages/airflow/example_dags/tutorial_objectstorage.py
[2025-09-25T05:32:02.108+0000] {processor.py:925} INFO - DAG(s) 'tutorial_objectstorage' retrieved from /home/airflow/.local/lib/python3.12/site-packages/airflow/example_dags/tutorial_objectstorage.py
[2025-09-25T05:32:02.125+0000] {logging_mixin.py:190} INFO - [2025-09-25T05:32:02.125+0000] {dag.py:3239} INFO - Sync 1 DAGs
[2025-09-25T05:32:02.138+0000] {logging_mixin.py:190} INFO - [2025-09-25T05:32:02.137+0000] {dag.py:4180} INFO - Setting next_dagrun for tutorial_objectstorage to None, run_after=None
[2025-09-25T05:32:02.155+0000] {processor.py:208} INFO - Processing /home/airflow/.local/lib/python3.12/site-packages/airflow/example_dags/tutorial_objectstorage.py took 0.065 seconds
[2025-09-25T05:32:33.534+0000] {processor.py:186} INFO - Started process (PID=528) to work on /home/airflow/.local/lib/python3.12/site-packages/airflow/example_dags/tutorial_objectstorage.py
[2025-09-25T05:32:33.535+0000] {processor.py:914} INFO - Processing file /home/airflow/.local/lib/python3.12/site-packages/airflow/example_dags/tutorial_objectstorage.py for tasks to queue
[2025-09-25T05:32:33.537+0000] {logging_mixin.py:190} INFO - [2025-09-25T05:32:33.537+0000] {dagbag.py:588} INFO - Filling up the DagBag from /home/airflow/.local/lib/python3.12/site-packages/airflow/example_dags/tutorial_objectstorage.py
[2025-09-25T05:32:33.547+0000] {processor.py:925} INFO - DAG(s) 'tutorial_objectstorage' retrieved from /home/airflow/.local/lib/python3.12/site-packages/airflow/example_dags/tutorial_objectstorage.py
[2025-09-25T05:32:33.565+0000] {logging_mixin.py:190} INFO - [2025-09-25T05:32:33.565+0000] {dag.py:3239} INFO - Sync 1 DAGs
[2025-09-25T05:32:33.578+0000] {logging_mixin.py:190} INFO - [2025-09-25T05:32:33.578+0000] {dag.py:4180} INFO - Setting next_dagrun for tutorial_objectstorage to None, run_after=None
[2025-09-25T05:32:33.594+0000] {processor.py:208} INFO - Processing /home/airflow/.local/lib/python3.12/site-packages/airflow/example_dags/tutorial_objectstorage.py took 0.066 seconds
[2025-09-25T05:33:04.344+0000] {processor.py:186} INFO - Started process (PID=593) to work on /home/airflow/.local/lib/python3.12/site-packages/airflow/example_dags/tutorial_objectstorage.py
[2025-09-25T05:33:04.346+0000] {processor.py:914} INFO - Processing file /home/airflow/.local/lib/python3.12/site-packages/airflow/example_dags/tutorial_objectstorage.py for tasks to queue
[2025-09-25T05:33:04.347+0000] {logging_mixin.py:190} INFO - [2025-09-25T05:33:04.347+0000] {dagbag.py:588} INFO - Filling up the DagBag from /home/airflow/.local/lib/python3.12/site-packages/airflow/example_dags/tutorial_objectstorage.py
[2025-09-25T05:33:04.355+0000] {processor.py:925} INFO - DAG(s) 'tutorial_objectstorage' retrieved from /home/airflow/.local/lib/python3.12/site-packages/airflow/example_dags/tutorial_objectstorage.py
[2025-09-25T05:33:04.370+0000] {logging_mixin.py:190} INFO - [2025-09-25T05:33:04.370+0000] {dag.py:3239} INFO - Sync 1 DAGs
[2025-09-25T05:33:04.381+0000] {logging_mixin.py:190} INFO - [2025-09-25T05:33:04.381+0000] {dag.py:4180} INFO - Setting next_dagrun for tutorial_objectstorage to None, run_after=None
[2025-09-25T05:33:04.396+0000] {processor.py:208} INFO - Processing /home/airflow/.local/lib/python3.12/site-packages/airflow/example_dags/tutorial_objectstorage.py took 0.057 seconds
[2025-09-25T05:33:35.432+0000] {processor.py:186} INFO - Started process (PID=658) to work on /home/airflow/.local/lib/python3.12/site-packages/airflow/example_dags/tutorial_objectstorage.py
[2025-09-25T05:33:35.433+0000] {processor.py:914} INFO - Processing file /home/airflow/.local/lib/python3.12/site-packages/airflow/example_dags/tutorial_objectstorage.py for tasks to queue
[2025-09-25T05:33:35.435+0000] {logging_mixin.py:190} INFO - [2025-09-25T05:33:35.435+0000] {dagbag.py:588} INFO - Filling up the DagBag from /home/airflow/.local/lib/python3.12/site-packages/airflow/example_dags/tutorial_objectstorage.py
[2025-09-25T05:33:35.443+0000] {processor.py:925} INFO - DAG(s) 'tutorial_objectstorage' retrieved from /home/airflow/.local/lib/python3.12/site-packages/airflow/example_dags/tutorial_objectstorage.py
[2025-09-25T05:33:35.459+0000] {logging_mixin.py:190} INFO - [2025-09-25T05:33:35.459+0000] {dag.py:3239} INFO - Sync 1 DAGs
[2025-09-25T05:33:35.471+0000] {logging_mixin.py:190} INFO - [2025-09-25T05:33:35.470+0000] {dag.py:4180} INFO - Setting next_dagrun for tutorial_objectstorage to None, run_after=None
[2025-09-25T05:33:35.486+0000] {processor.py:208} INFO - Processing /home/airflow/.local/lib/python3.12/site-packages/airflow/example_dags/tutorial_objectstorage.py took 0.060 seconds
[2025-09-25T05:34:06.521+0000] {processor.py:186} INFO - Started process (PID=723) to work on /home/airflow/.local/lib/python3.12/site-packages/airflow/example_dags/tutorial_objectstorage.py
[2025-09-25T05:34:06.522+0000] {processor.py:914} INFO - Processing file /home/airflow/.local/lib/python3.12/site-packages/airflow/example_dags/tutorial_objectstorage.py for tasks to queue
[2025-09-25T05:34:06.524+0000] {logging_mixin.py:190} INFO - [2025-09-25T05:34:06.523+0000] {dagbag.py:588} INFO - Filling up the DagBag from /home/airflow/.local/lib/python3.12/site-packages/airflow/example_dags/tutorial_objectstorage.py
[2025-09-25T05:34:06.534+0000] {processor.py:925} INFO - DAG(s) 'tutorial_objectstorage' retrieved from /home/airflow/.local/lib/python3.12/site-packages/airflow/example_dags/tutorial_objectstorage.py
[2025-09-25T05:34:06.550+0000] {logging_mixin.py:190} INFO - [2025-09-25T05:34:06.550+0000] {dag.py:3239} INFO - Sync 1 DAGs
[2025-09-25T05:34:06.562+0000] {logging_mixin.py:190} INFO - [2025-09-25T05:34:06.561+0000] {dag.py:4180} INFO - Setting next_dagrun for tutorial_objectstorage to None, run_after=None
[2025-09-25T05:34:06.577+0000] {processor.py:208} INFO - Processing /home/airflow/.local/lib/python3.12/site-packages/airflow/example_dags/tutorial_objectstorage.py took 0.062 seconds
[2025-09-25T05:34:37.777+0000] {processor.py:186} INFO - Started process (PID=788) to work on /home/airflow/.local/lib/python3.12/site-packages/airflow/example_dags/tutorial_objectstorage.py
[2025-09-25T05:34:37.778+0000] {processor.py:914} INFO - Processing file /home/airflow/.local/lib/python3.12/site-packages/airflow/example_dags/tutorial_objectstorage.py for tasks to queue
[2025-09-25T05:34:37.780+0000] {logging_mixin.py:190} INFO - [2025-09-25T05:34:37.780+0000] {dagbag.py:588} INFO - Filling up the DagBag from /home/airflow/.local/lib/python3.12/site-packages/airflow/example_dags/tutorial_objectstorage.py
[2025-09-25T05:34:37.788+0000] {processor.py:925} INFO - DAG(s) 'tutorial_objectstorage' retrieved from /home/airflow/.local/lib/python3.12/site-packages/airflow/example_dags/tutorial_objectstorage.py
[2025-09-25T05:34:37.804+0000] {logging_mixin.py:190} INFO - [2025-09-25T05:34:37.804+0000] {dag.py:3239} INFO - Sync 1 DAGs
[2025-09-25T05:34:37.816+0000] {logging_mixin.py:190} INFO - [2025-09-25T05:34:37.816+0000] {dag.py:4180} INFO - Setting next_dagrun for tutorial_objectstorage to None, run_after=None
[2025-09-25T05:34:37.832+0000] {processor.py:208} INFO - Processing /home/airflow/.local/lib/python3.12/site-packages/airflow/example_dags/tutorial_objectstorage.py took 0.061 seconds
[2025-09-25T05:35:09.112+0000] {processor.py:186} INFO - Started process (PID=853) to work on /home/airflow/.local/lib/python3.12/site-packages/airflow/example_dags/tutorial_objectstorage.py
[2025-09-25T05:35:09.113+0000] {processor.py:914} INFO - Processing file /home/airflow/.local/lib/python3.12/site-packages/airflow/example_dags/tutorial_objectstorage.py for tasks to queue
[2025-09-25T05:35:09.115+0000] {logging_mixin.py:190} INFO - [2025-09-25T05:35:09.115+0000] {dagbag.py:588} INFO - Filling up the DagBag from /home/airflow/.local/lib/python3.12/site-packages/airflow/example_dags/tutorial_objectstorage.py
[2025-09-25T05:35:09.124+0000] {processor.py:925} INFO - DAG(s) 'tutorial_objectstorage' retrieved from /home/airflow/.local/lib/python3.12/site-packages/airflow/example_dags/tutorial_objectstorage.py
[2025-09-25T05:35:09.141+0000] {logging_mixin.py:190} INFO - [2025-09-25T05:35:09.141+0000] {dag.py:3239} INFO - Sync 1 DAGs
[2025-09-25T05:35:09.153+0000] {logging_mixin.py:190} INFO - [2025-09-25T05:35:09.153+0000] {dag.py:4180} INFO - Setting next_dagrun for tutorial_objectstorage to None, run_after=None
[2025-09-25T05:35:09.170+0000] {processor.py:208} INFO - Processing /home/airflow/.local/lib/python3.12/site-packages/airflow/example_dags/tutorial_objectstorage.py took 0.064 seconds
[2025-09-25T05:35:40.412+0000] {processor.py:186} INFO - Started process (PID=918) to work on /home/airflow/.local/lib/python3.12/site-packages/airflow/example_dags/tutorial_objectstorage.py
[2025-09-25T05:35:40.413+0000] {processor.py:914} INFO - Processing file /home/airflow/.local/lib/python3.12/site-packages/airflow/example_dags/tutorial_objectstorage.py for tasks to queue
[2025-09-25T05:35:40.416+0000] {logging_mixin.py:190} INFO - [2025-09-25T05:35:40.416+0000] {dagbag.py:588} INFO - Filling up the DagBag from /home/airflow/.local/lib/python3.12/site-packages/airflow/example_dags/tutorial_objectstorage.py
[2025-09-25T05:35:40.424+0000] {processor.py:925} INFO - DAG(s) 'tutorial_objectstorage' retrieved from /home/airflow/.local/lib/python3.12/site-packages/airflow/example_dags/tutorial_objectstorage.py
[2025-09-25T05:35:40.440+0000] {logging_mixin.py:190} INFO - [2025-09-25T05:35:40.440+0000] {dag.py:3239} INFO - Sync 1 DAGs
[2025-09-25T05:35:40.453+0000] {logging_mixin.py:190} INFO - [2025-09-25T05:35:40.453+0000] {dag.py:4180} INFO - Setting next_dagrun for tutorial_objectstorage to None, run_after=None
[2025-09-25T05:35:40.470+0000] {processor.py:208} INFO - Processing /home/airflow/.local/lib/python3.12/site-packages/airflow/example_dags/tutorial_objectstorage.py took 0.063 seconds
[2025-09-25T05:36:11.797+0000] {processor.py:186} INFO - Started process (PID=983) to work on /home/airflow/.local/lib/python3.12/site-packages/airflow/example_dags/tutorial_objectstorage.py
[2025-09-25T05:36:11.799+0000] {processor.py:914} INFO - Processing file /home/airflow/.local/lib/python3.12/site-packages/airflow/example_dags/tutorial_objectstorage.py for tasks to queue
[2025-09-25T05:36:11.802+0000] {logging_mixin.py:190} INFO - [2025-09-25T05:36:11.801+0000] {dagbag.py:588} INFO - Filling up the DagBag from /home/airflow/.local/lib/python3.12/site-packages/airflow/example_dags/tutorial_objectstorage.py
[2025-09-25T05:36:11.812+0000] {processor.py:925} INFO - DAG(s) 'tutorial_objectstorage' retrieved from /home/airflow/.local/lib/python3.12/site-packages/airflow/example_dags/tutorial_objectstorage.py
[2025-09-25T05:36:11.830+0000] {logging_mixin.py:190} INFO - [2025-09-25T05:36:11.829+0000] {dag.py:3239} INFO - Sync 1 DAGs
[2025-09-25T05:36:11.841+0000] {logging_mixin.py:190} INFO - [2025-09-25T05:36:11.841+0000] {dag.py:4180} INFO - Setting next_dagrun for tutorial_objectstorage to None, run_after=None
[2025-09-25T05:36:11.856+0000] {processor.py:208} INFO - Processing /home/airflow/.local/lib/python3.12/site-packages/airflow/example_dags/tutorial_objectstorage.py took 0.066 seconds
[2025-09-25T05:36:43.115+0000] {processor.py:186} INFO - Started process (PID=1048) to work on /home/airflow/.local/lib/python3.12/site-packages/airflow/example_dags/tutorial_objectstorage.py
[2025-09-25T05:36:43.116+0000] {processor.py:914} INFO - Processing file /home/airflow/.local/lib/python3.12/site-packages/airflow/example_dags/tutorial_objectstorage.py for tasks to queue
[2025-09-25T05:36:43.118+0000] {logging_mixin.py:190} INFO - [2025-09-25T05:36:43.118+0000] {dagbag.py:588} INFO - Filling up the DagBag from /home/airflow/.local/lib/python3.12/site-packages/airflow/example_dags/tutorial_objectstorage.py
[2025-09-25T05:36:43.126+0000] {processor.py:925} INFO - DAG(s) 'tutorial_objectstorage' retrieved from /home/airflow/.local/lib/python3.12/site-packages/airflow/example_dags/tutorial_objectstorage.py
[2025-09-25T05:36:43.142+0000] {logging_mixin.py:190} INFO - [2025-09-25T05:36:43.142+0000] {dag.py:3239} INFO - Sync 1 DAGs
[2025-09-25T05:36:43.153+0000] {logging_mixin.py:190} INFO - [2025-09-25T05:36:43.153+0000] {dag.py:4180} INFO - Setting next_dagrun for tutorial_objectstorage to None, run_after=None
[2025-09-25T05:36:43.167+0000] {processor.py:208} INFO - Processing /home/airflow/.local/lib/python3.12/site-packages/airflow/example_dags/tutorial_objectstorage.py took 0.057 seconds
[2025-09-25T05:37:13.816+0000] {processor.py:186} INFO - Started process (PID=1113) to work on /home/airflow/.local/lib/python3.12/site-packages/airflow/example_dags/tutorial_objectstorage.py
[2025-09-25T05:37:13.817+0000] {processor.py:914} INFO - Processing file /home/airflow/.local/lib/python3.12/site-packages/airflow/example_dags/tutorial_objectstorage.py for tasks to queue
[2025-09-25T05:37:13.819+0000] {logging_mixin.py:190} INFO - [2025-09-25T05:37:13.819+0000] {dagbag.py:588} INFO - Filling up the DagBag from /home/airflow/.local/lib/python3.12/site-packages/airflow/example_dags/tutorial_objectstorage.py
[2025-09-25T05:37:13.827+0000] {processor.py:925} INFO - DAG(s) 'tutorial_objectstorage' retrieved from /home/airflow/.local/lib/python3.12/site-packages/airflow/example_dags/tutorial_objectstorage.py
[2025-09-25T05:37:13.844+0000] {logging_mixin.py:190} INFO - [2025-09-25T05:37:13.843+0000] {dag.py:3239} INFO - Sync 1 DAGs
[2025-09-25T05:37:13.855+0000] {logging_mixin.py:190} INFO - [2025-09-25T05:37:13.855+0000] {dag.py:4180} INFO - Setting next_dagrun for tutorial_objectstorage to None, run_after=None
[2025-09-25T05:37:13.871+0000] {processor.py:208} INFO - Processing /home/airflow/.local/lib/python3.12/site-packages/airflow/example_dags/tutorial_objectstorage.py took 0.061 seconds
[2025-09-25T05:37:45.136+0000] {processor.py:186} INFO - Started process (PID=1178) to work on /home/airflow/.local/lib/python3.12/site-packages/airflow/example_dags/tutorial_objectstorage.py
[2025-09-25T05:37:45.137+0000] {processor.py:914} INFO - Processing file /home/airflow/.local/lib/python3.12/site-packages/airflow/example_dags/tutorial_objectstorage.py for tasks to queue
[2025-09-25T05:37:45.139+0000] {logging_mixin.py:190} INFO - [2025-09-25T05:37:45.138+0000] {dagbag.py:588} INFO - Filling up the DagBag from /home/airflow/.local/lib/python3.12/site-packages/airflow/example_dags/tutorial_objectstorage.py
[2025-09-25T05:37:45.147+0000] {processor.py:925} INFO - DAG(s) 'tutorial_objectstorage' retrieved from /home/airflow/.local/lib/python3.12/site-packages/airflow/example_dags/tutorial_objectstorage.py
[2025-09-25T05:37:45.163+0000] {logging_mixin.py:190} INFO - [2025-09-25T05:37:45.163+0000] {dag.py:3239} INFO - Sync 1 DAGs
[2025-09-25T05:37:45.174+0000] {logging_mixin.py:190} INFO - [2025-09-25T05:37:45.174+0000] {dag.py:4180} INFO - Setting next_dagrun for tutorial_objectstorage to None, run_after=None
[2025-09-25T05:37:45.190+0000] {processor.py:208} INFO - Processing /home/airflow/.local/lib/python3.12/site-packages/airflow/example_dags/tutorial_objectstorage.py took 0.059 seconds
[2025-09-25T05:38:16.467+0000] {processor.py:186} INFO - Started process (PID=1243) to work on /home/airflow/.local/lib/python3.12/site-packages/airflow/example_dags/tutorial_objectstorage.py
[2025-09-25T05:38:16.468+0000] {processor.py:914} INFO - Processing file /home/airflow/.local/lib/python3.12/site-packages/airflow/example_dags/tutorial_objectstorage.py for tasks to queue
[2025-09-25T05:38:16.470+0000] {logging_mixin.py:190} INFO - [2025-09-25T05:38:16.470+0000] {dagbag.py:588} INFO - Filling up the DagBag from /home/airflow/.local/lib/python3.12/site-packages/airflow/example_dags/tutorial_objectstorage.py
[2025-09-25T05:38:16.478+0000] {processor.py:925} INFO - DAG(s) 'tutorial_objectstorage' retrieved from /home/airflow/.local/lib/python3.12/site-packages/airflow/example_dags/tutorial_objectstorage.py
[2025-09-25T05:38:16.494+0000] {logging_mixin.py:190} INFO - [2025-09-25T05:38:16.494+0000] {dag.py:3239} INFO - Sync 1 DAGs
[2025-09-25T05:38:16.505+0000] {logging_mixin.py:190} INFO - [2025-09-25T05:38:16.505+0000] {dag.py:4180} INFO - Setting next_dagrun for tutorial_objectstorage to None, run_after=None
[2025-09-25T05:38:16.520+0000] {processor.py:208} INFO - Processing /home/airflow/.local/lib/python3.12/site-packages/airflow/example_dags/tutorial_objectstorage.py took 0.058 seconds
[2025-09-25T05:38:47.761+0000] {processor.py:186} INFO - Started process (PID=1308) to work on /home/airflow/.local/lib/python3.12/site-packages/airflow/example_dags/tutorial_objectstorage.py
[2025-09-25T05:38:47.762+0000] {processor.py:914} INFO - Processing file /home/airflow/.local/lib/python3.12/site-packages/airflow/example_dags/tutorial_objectstorage.py for tasks to queue
[2025-09-25T05:38:47.764+0000] {logging_mixin.py:190} INFO - [2025-09-25T05:38:47.764+0000] {dagbag.py:588} INFO - Filling up the DagBag from /home/airflow/.local/lib/python3.12/site-packages/airflow/example_dags/tutorial_objectstorage.py
[2025-09-25T05:38:47.773+0000] {processor.py:925} INFO - DAG(s) 'tutorial_objectstorage' retrieved from /home/airflow/.local/lib/python3.12/site-packages/airflow/example_dags/tutorial_objectstorage.py
[2025-09-25T05:38:47.791+0000] {logging_mixin.py:190} INFO - [2025-09-25T05:38:47.791+0000] {dag.py:3239} INFO - Sync 1 DAGs
[2025-09-25T05:38:47.806+0000] {logging_mixin.py:190} INFO - [2025-09-25T05:38:47.806+0000] {dag.py:4180} INFO - Setting next_dagrun for tutorial_objectstorage to None, run_after=None
[2025-09-25T05:38:47.828+0000] {processor.py:208} INFO - Processing /home/airflow/.local/lib/python3.12/site-packages/airflow/example_dags/tutorial_objectstorage.py took 0.073 seconds
[2025-09-25T05:39:19.410+0000] {processor.py:186} INFO - Started process (PID=1379) to work on /home/airflow/.local/lib/python3.12/site-packages/airflow/example_dags/tutorial_objectstorage.py
[2025-09-25T05:39:19.411+0000] {processor.py:914} INFO - Processing file /home/airflow/.local/lib/python3.12/site-packages/airflow/example_dags/tutorial_objectstorage.py for tasks to queue
[2025-09-25T05:39:19.413+0000] {logging_mixin.py:190} INFO - [2025-09-25T05:39:19.413+0000] {dagbag.py:588} INFO - Filling up the DagBag from /home/airflow/.local/lib/python3.12/site-packages/airflow/example_dags/tutorial_objectstorage.py
[2025-09-25T05:39:19.421+0000] {processor.py:925} INFO - DAG(s) 'tutorial_objectstorage' retrieved from /home/airflow/.local/lib/python3.12/site-packages/airflow/example_dags/tutorial_objectstorage.py
[2025-09-25T05:39:19.439+0000] {logging_mixin.py:190} INFO - [2025-09-25T05:39:19.439+0000] {dag.py:3239} INFO - Sync 1 DAGs
[2025-09-25T05:39:19.454+0000] {logging_mixin.py:190} INFO - [2025-09-25T05:39:19.453+0000] {dag.py:4180} INFO - Setting next_dagrun for tutorial_objectstorage to None, run_after=None
[2025-09-25T05:39:19.468+0000] {processor.py:208} INFO - Processing /home/airflow/.local/lib/python3.12/site-packages/airflow/example_dags/tutorial_objectstorage.py took 0.064 seconds
[2025-09-25T05:39:50.867+0000] {processor.py:186} INFO - Started process (PID=1444) to work on /home/airflow/.local/lib/python3.12/site-packages/airflow/example_dags/tutorial_objectstorage.py
[2025-09-25T05:39:50.867+0000] {processor.py:914} INFO - Processing file /home/airflow/.local/lib/python3.12/site-packages/airflow/example_dags/tutorial_objectstorage.py for tasks to queue
[2025-09-25T05:39:50.869+0000] {logging_mixin.py:190} INFO - [2025-09-25T05:39:50.869+0000] {dagbag.py:588} INFO - Filling up the DagBag from /home/airflow/.local/lib/python3.12/site-packages/airflow/example_dags/tutorial_objectstorage.py
[2025-09-25T05:39:50.878+0000] {processor.py:925} INFO - DAG(s) 'tutorial_objectstorage' retrieved from /home/airflow/.local/lib/python3.12/site-packages/airflow/example_dags/tutorial_objectstorage.py
[2025-09-25T05:39:50.894+0000] {logging_mixin.py:190} INFO - [2025-09-25T05:39:50.894+0000] {dag.py:3239} INFO - Sync 1 DAGs
[2025-09-25T05:39:50.906+0000] {logging_mixin.py:190} INFO - [2025-09-25T05:39:50.906+0000] {dag.py:4180} INFO - Setting next_dagrun for tutorial_objectstorage to None, run_after=None
[2025-09-25T05:39:50.920+0000] {processor.py:208} INFO - Processing /home/airflow/.local/lib/python3.12/site-packages/airflow/example_dags/tutorial_objectstorage.py took 0.059 seconds
[2025-09-25T05:40:21.962+0000] {processor.py:186} INFO - Started process (PID=1509) to work on /home/airflow/.local/lib/python3.12/site-packages/airflow/example_dags/tutorial_objectstorage.py
[2025-09-25T05:40:21.963+0000] {processor.py:914} INFO - Processing file /home/airflow/.local/lib/python3.12/site-packages/airflow/example_dags/tutorial_objectstorage.py for tasks to queue
[2025-09-25T05:40:21.965+0000] {logging_mixin.py:190} INFO - [2025-09-25T05:40:21.965+0000] {dagbag.py:588} INFO - Filling up the DagBag from /home/airflow/.local/lib/python3.12/site-packages/airflow/example_dags/tutorial_objectstorage.py
[2025-09-25T05:40:21.975+0000] {processor.py:925} INFO - DAG(s) 'tutorial_objectstorage' retrieved from /home/airflow/.local/lib/python3.12/site-packages/airflow/example_dags/tutorial_objectstorage.py
[2025-09-25T05:40:21.992+0000] {logging_mixin.py:190} INFO - [2025-09-25T05:40:21.992+0000] {dag.py:3239} INFO - Sync 1 DAGs
[2025-09-25T05:40:22.005+0000] {logging_mixin.py:190} INFO - [2025-09-25T05:40:22.005+0000] {dag.py:4180} INFO - Setting next_dagrun for tutorial_objectstorage to None, run_after=None
[2025-09-25T05:40:22.022+0000] {processor.py:208} INFO - Processing /home/airflow/.local/lib/python3.12/site-packages/airflow/example_dags/tutorial_objectstorage.py took 0.068 seconds
[2025-09-25T05:40:53.230+0000] {processor.py:186} INFO - Started process (PID=1574) to work on /home/airflow/.local/lib/python3.12/site-packages/airflow/example_dags/tutorial_objectstorage.py
[2025-09-25T05:40:53.231+0000] {processor.py:914} INFO - Processing file /home/airflow/.local/lib/python3.12/site-packages/airflow/example_dags/tutorial_objectstorage.py for tasks to queue
[2025-09-25T05:40:53.233+0000] {logging_mixin.py:190} INFO - [2025-09-25T05:40:53.233+0000] {dagbag.py:588} INFO - Filling up the DagBag from /home/airflow/.local/lib/python3.12/site-packages/airflow/example_dags/tutorial_objectstorage.py
[2025-09-25T05:40:53.241+0000] {processor.py:925} INFO - DAG(s) 'tutorial_objectstorage' retrieved from /home/airflow/.local/lib/python3.12/site-packages/airflow/example_dags/tutorial_objectstorage.py
[2025-09-25T05:40:53.257+0000] {logging_mixin.py:190} INFO - [2025-09-25T05:40:53.257+0000] {dag.py:3239} INFO - Sync 1 DAGs
[2025-09-25T05:40:53.269+0000] {logging_mixin.py:190} INFO - [2025-09-25T05:40:53.269+0000] {dag.py:4180} INFO - Setting next_dagrun for tutorial_objectstorage to None, run_after=None
[2025-09-25T05:40:53.284+0000] {processor.py:208} INFO - Processing /home/airflow/.local/lib/python3.12/site-packages/airflow/example_dags/tutorial_objectstorage.py took 0.059 seconds
[2025-09-25T05:41:24.541+0000] {processor.py:186} INFO - Started process (PID=1639) to work on /home/airflow/.local/lib/python3.12/site-packages/airflow/example_dags/tutorial_objectstorage.py
[2025-09-25T05:41:24.543+0000] {processor.py:914} INFO - Processing file /home/airflow/.local/lib/python3.12/site-packages/airflow/example_dags/tutorial_objectstorage.py for tasks to queue
[2025-09-25T05:41:24.545+0000] {logging_mixin.py:190} INFO - [2025-09-25T05:41:24.545+0000] {dagbag.py:588} INFO - Filling up the DagBag from /home/airflow/.local/lib/python3.12/site-packages/airflow/example_dags/tutorial_objectstorage.py
[2025-09-25T05:41:24.556+0000] {processor.py:925} INFO - DAG(s) 'tutorial_objectstorage' retrieved from /home/airflow/.local/lib/python3.12/site-packages/airflow/example_dags/tutorial_objectstorage.py
[2025-09-25T05:41:24.579+0000] {logging_mixin.py:190} INFO - [2025-09-25T05:41:24.579+0000] {dag.py:3239} INFO - Sync 1 DAGs
[2025-09-25T05:41:24.591+0000] {logging_mixin.py:190} INFO - [2025-09-25T05:41:24.591+0000] {dag.py:4180} INFO - Setting next_dagrun for tutorial_objectstorage to None, run_after=None
[2025-09-25T05:41:24.607+0000] {processor.py:208} INFO - Processing /home/airflow/.local/lib/python3.12/site-packages/airflow/example_dags/tutorial_objectstorage.py took 0.073 seconds
[2025-09-25T05:41:55.975+0000] {processor.py:186} INFO - Started process (PID=1704) to work on /home/airflow/.local/lib/python3.12/site-packages/airflow/example_dags/tutorial_objectstorage.py
[2025-09-25T05:41:55.976+0000] {processor.py:914} INFO - Processing file /home/airflow/.local/lib/python3.12/site-packages/airflow/example_dags/tutorial_objectstorage.py for tasks to queue
[2025-09-25T05:41:55.979+0000] {logging_mixin.py:190} INFO - [2025-09-25T05:41:55.978+0000] {dagbag.py:588} INFO - Filling up the DagBag from /home/airflow/.local/lib/python3.12/site-packages/airflow/example_dags/tutorial_objectstorage.py
[2025-09-25T05:41:55.987+0000] {processor.py:925} INFO - DAG(s) 'tutorial_objectstorage' retrieved from /home/airflow/.local/lib/python3.12/site-packages/airflow/example_dags/tutorial_objectstorage.py
[2025-09-25T05:41:56.003+0000] {logging_mixin.py:190} INFO - [2025-09-25T05:41:56.003+0000] {dag.py:3239} INFO - Sync 1 DAGs
[2025-09-25T05:41:56.016+0000] {logging_mixin.py:190} INFO - [2025-09-25T05:41:56.016+0000] {dag.py:4180} INFO - Setting next_dagrun for tutorial_objectstorage to None, run_after=None
[2025-09-25T05:41:56.030+0000] {processor.py:208} INFO - Processing /home/airflow/.local/lib/python3.12/site-packages/airflow/example_dags/tutorial_objectstorage.py took 0.062 seconds
[2025-09-25T05:42:26.841+0000] {processor.py:186} INFO - Started process (PID=1769) to work on /home/airflow/.local/lib/python3.12/site-packages/airflow/example_dags/tutorial_objectstorage.py
[2025-09-25T05:42:26.842+0000] {processor.py:914} INFO - Processing file /home/airflow/.local/lib/python3.12/site-packages/airflow/example_dags/tutorial_objectstorage.py for tasks to queue
[2025-09-25T05:42:26.844+0000] {logging_mixin.py:190} INFO - [2025-09-25T05:42:26.844+0000] {dagbag.py:588} INFO - Filling up the DagBag from /home/airflow/.local/lib/python3.12/site-packages/airflow/example_dags/tutorial_objectstorage.py
[2025-09-25T05:42:26.853+0000] {processor.py:925} INFO - DAG(s) 'tutorial_objectstorage' retrieved from /home/airflow/.local/lib/python3.12/site-packages/airflow/example_dags/tutorial_objectstorage.py
[2025-09-25T05:42:26.868+0000] {logging_mixin.py:190} INFO - [2025-09-25T05:42:26.867+0000] {dag.py:3239} INFO - Sync 1 DAGs
[2025-09-25T05:42:26.881+0000] {logging_mixin.py:190} INFO - [2025-09-25T05:42:26.880+0000] {dag.py:4180} INFO - Setting next_dagrun for tutorial_objectstorage to None, run_after=None
[2025-09-25T05:42:26.895+0000] {processor.py:208} INFO - Processing /home/airflow/.local/lib/python3.12/site-packages/airflow/example_dags/tutorial_objectstorage.py took 0.059 seconds
[2025-09-25T05:42:57.451+0000] {processor.py:186} INFO - Started process (PID=1834) to work on /home/airflow/.local/lib/python3.12/site-packages/airflow/example_dags/tutorial_objectstorage.py
[2025-09-25T05:42:57.452+0000] {processor.py:914} INFO - Processing file /home/airflow/.local/lib/python3.12/site-packages/airflow/example_dags/tutorial_objectstorage.py for tasks to queue
[2025-09-25T05:42:57.454+0000] {logging_mixin.py:190} INFO - [2025-09-25T05:42:57.454+0000] {dagbag.py:588} INFO - Filling up the DagBag from /home/airflow/.local/lib/python3.12/site-packages/airflow/example_dags/tutorial_objectstorage.py
[2025-09-25T05:42:57.462+0000] {processor.py:925} INFO - DAG(s) 'tutorial_objectstorage' retrieved from /home/airflow/.local/lib/python3.12/site-packages/airflow/example_dags/tutorial_objectstorage.py
[2025-09-25T05:42:57.479+0000] {logging_mixin.py:190} INFO - [2025-09-25T05:42:57.478+0000] {dag.py:3239} INFO - Sync 1 DAGs
[2025-09-25T05:42:57.490+0000] {logging_mixin.py:190} INFO - [2025-09-25T05:42:57.489+0000] {dag.py:4180} INFO - Setting next_dagrun for tutorial_objectstorage to None, run_after=None
[2025-09-25T05:42:57.506+0000] {processor.py:208} INFO - Processing /home/airflow/.local/lib/python3.12/site-packages/airflow/example_dags/tutorial_objectstorage.py took 0.060 seconds
[2025-09-25T05:43:27.589+0000] {processor.py:186} INFO - Started process (PID=1898) to work on /home/airflow/.local/lib/python3.12/site-packages/airflow/example_dags/tutorial_objectstorage.py
[2025-09-25T05:43:27.590+0000] {processor.py:914} INFO - Processing file /home/airflow/.local/lib/python3.12/site-packages/airflow/example_dags/tutorial_objectstorage.py for tasks to queue
[2025-09-25T05:43:27.591+0000] {logging_mixin.py:190} INFO - [2025-09-25T05:43:27.591+0000] {dagbag.py:588} INFO - Filling up the DagBag from /home/airflow/.local/lib/python3.12/site-packages/airflow/example_dags/tutorial_objectstorage.py
[2025-09-25T05:43:27.599+0000] {processor.py:925} INFO - DAG(s) 'tutorial_objectstorage' retrieved from /home/airflow/.local/lib/python3.12/site-packages/airflow/example_dags/tutorial_objectstorage.py
[2025-09-25T05:43:27.615+0000] {logging_mixin.py:190} INFO - [2025-09-25T05:43:27.615+0000] {dag.py:3239} INFO - Sync 1 DAGs
[2025-09-25T05:43:27.628+0000] {logging_mixin.py:190} INFO - [2025-09-25T05:43:27.627+0000] {dag.py:4180} INFO - Setting next_dagrun for tutorial_objectstorage to None, run_after=None
[2025-09-25T05:43:27.645+0000] {processor.py:208} INFO - Processing /home/airflow/.local/lib/python3.12/site-packages/airflow/example_dags/tutorial_objectstorage.py took 0.061 seconds
[2025-09-25T05:43:58.145+0000] {processor.py:186} INFO - Started process (PID=1962) to work on /home/airflow/.local/lib/python3.12/site-packages/airflow/example_dags/tutorial_objectstorage.py
[2025-09-25T05:43:58.146+0000] {processor.py:914} INFO - Processing file /home/airflow/.local/lib/python3.12/site-packages/airflow/example_dags/tutorial_objectstorage.py for tasks to queue
[2025-09-25T05:43:58.148+0000] {logging_mixin.py:190} INFO - [2025-09-25T05:43:58.148+0000] {dagbag.py:588} INFO - Filling up the DagBag from /home/airflow/.local/lib/python3.12/site-packages/airflow/example_dags/tutorial_objectstorage.py
[2025-09-25T05:43:58.157+0000] {processor.py:925} INFO - DAG(s) 'tutorial_objectstorage' retrieved from /home/airflow/.local/lib/python3.12/site-packages/airflow/example_dags/tutorial_objectstorage.py
[2025-09-25T05:43:58.175+0000] {logging_mixin.py:190} INFO - [2025-09-25T05:43:58.175+0000] {dag.py:3239} INFO - Sync 1 DAGs
[2025-09-25T05:43:58.188+0000] {logging_mixin.py:190} INFO - [2025-09-25T05:43:58.188+0000] {dag.py:4180} INFO - Setting next_dagrun for tutorial_objectstorage to None, run_after=None
[2025-09-25T05:43:58.202+0000] {processor.py:208} INFO - Processing /home/airflow/.local/lib/python3.12/site-packages/airflow/example_dags/tutorial_objectstorage.py took 0.062 seconds
[2025-09-25T05:44:28.384+0000] {processor.py:186} INFO - Started process (PID=2027) to work on /home/airflow/.local/lib/python3.12/site-packages/airflow/example_dags/tutorial_objectstorage.py
[2025-09-25T05:44:28.385+0000] {processor.py:914} INFO - Processing file /home/airflow/.local/lib/python3.12/site-packages/airflow/example_dags/tutorial_objectstorage.py for tasks to queue
[2025-09-25T05:44:28.387+0000] {logging_mixin.py:190} INFO - [2025-09-25T05:44:28.387+0000] {dagbag.py:588} INFO - Filling up the DagBag from /home/airflow/.local/lib/python3.12/site-packages/airflow/example_dags/tutorial_objectstorage.py
[2025-09-25T05:44:28.396+0000] {processor.py:925} INFO - DAG(s) 'tutorial_objectstorage' retrieved from /home/airflow/.local/lib/python3.12/site-packages/airflow/example_dags/tutorial_objectstorage.py
[2025-09-25T05:44:28.412+0000] {logging_mixin.py:190} INFO - [2025-09-25T05:44:28.412+0000] {dag.py:3239} INFO - Sync 1 DAGs
[2025-09-25T05:44:28.423+0000] {logging_mixin.py:190} INFO - [2025-09-25T05:44:28.423+0000] {dag.py:4180} INFO - Setting next_dagrun for tutorial_objectstorage to None, run_after=None
[2025-09-25T05:44:28.439+0000] {processor.py:208} INFO - Processing /home/airflow/.local/lib/python3.12/site-packages/airflow/example_dags/tutorial_objectstorage.py took 0.060 seconds
