[2025-09-25T05:12:38.761+0000] {processor.py:186} INFO - Started process (PID=54) to work on /home/airflow/.local/lib/python3.12/site-packages/airflow/example_dags/tutorial_taskflow_api.py
[2025-09-25T05:12:38.762+0000] {processor.py:914} INFO - Processing file /home/airflow/.local/lib/python3.12/site-packages/airflow/example_dags/tutorial_taskflow_api.py for tasks to queue
[2025-09-25T05:12:38.765+0000] {logging_mixin.py:190} INFO - [2025-09-25T05:12:38.765+0000] {dagbag.py:588} INFO - Filling up the DagBag from /home/airflow/.local/lib/python3.12/site-packages/airflow/example_dags/tutorial_taskflow_api.py
[2025-09-25T05:12:38.775+0000] {processor.py:925} INFO - DAG(s) 'tutorial_taskflow_api' retrieved from /home/airflow/.local/lib/python3.12/site-packages/airflow/example_dags/tutorial_taskflow_api.py
[2025-09-25T05:12:38.803+0000] {logging_mixin.py:190} INFO - [2025-09-25T05:12:38.803+0000] {dag.py:3239} INFO - Sync 1 DAGs
[2025-09-25T05:12:38.818+0000] {logging_mixin.py:190} INFO - [2025-09-25T05:12:38.818+0000] {dag.py:4180} INFO - Setting next_dagrun for tutorial_taskflow_api to None, run_after=None
[2025-09-25T05:12:38.834+0000] {processor.py:208} INFO - Processing /home/airflow/.local/lib/python3.12/site-packages/airflow/example_dags/tutorial_taskflow_api.py took 0.080 seconds
[2025-09-25T05:13:09.148+0000] {processor.py:186} INFO - Started process (PID=118) to work on /home/airflow/.local/lib/python3.12/site-packages/airflow/example_dags/tutorial_taskflow_api.py
[2025-09-25T05:13:09.149+0000] {processor.py:914} INFO - Processing file /home/airflow/.local/lib/python3.12/site-packages/airflow/example_dags/tutorial_taskflow_api.py for tasks to queue
[2025-09-25T05:13:09.151+0000] {logging_mixin.py:190} INFO - [2025-09-25T05:13:09.151+0000] {dagbag.py:588} INFO - Filling up the DagBag from /home/airflow/.local/lib/python3.12/site-packages/airflow/example_dags/tutorial_taskflow_api.py
[2025-09-25T05:13:09.159+0000] {processor.py:925} INFO - DAG(s) 'tutorial_taskflow_api' retrieved from /home/airflow/.local/lib/python3.12/site-packages/airflow/example_dags/tutorial_taskflow_api.py
[2025-09-25T05:13:09.175+0000] {logging_mixin.py:190} INFO - [2025-09-25T05:13:09.175+0000] {dag.py:3239} INFO - Sync 1 DAGs
[2025-09-25T05:13:09.187+0000] {logging_mixin.py:190} INFO - [2025-09-25T05:13:09.187+0000] {dag.py:4180} INFO - Setting next_dagrun for tutorial_taskflow_api to None, run_after=None
[2025-09-25T05:13:09.202+0000] {processor.py:208} INFO - Processing /home/airflow/.local/lib/python3.12/site-packages/airflow/example_dags/tutorial_taskflow_api.py took 0.060 seconds
[2025-09-25T05:13:39.595+0000] {processor.py:186} INFO - Started process (PID=189) to work on /home/airflow/.local/lib/python3.12/site-packages/airflow/example_dags/tutorial_taskflow_api.py
[2025-09-25T05:13:39.596+0000] {processor.py:914} INFO - Processing file /home/airflow/.local/lib/python3.12/site-packages/airflow/example_dags/tutorial_taskflow_api.py for tasks to queue
[2025-09-25T05:13:39.598+0000] {logging_mixin.py:190} INFO - [2025-09-25T05:13:39.597+0000] {dagbag.py:588} INFO - Filling up the DagBag from /home/airflow/.local/lib/python3.12/site-packages/airflow/example_dags/tutorial_taskflow_api.py
[2025-09-25T05:13:39.605+0000] {processor.py:925} INFO - DAG(s) 'tutorial_taskflow_api' retrieved from /home/airflow/.local/lib/python3.12/site-packages/airflow/example_dags/tutorial_taskflow_api.py
[2025-09-25T05:13:39.624+0000] {logging_mixin.py:190} INFO - [2025-09-25T05:13:39.624+0000] {dag.py:3239} INFO - Sync 1 DAGs
[2025-09-25T05:13:39.641+0000] {logging_mixin.py:190} INFO - [2025-09-25T05:13:39.641+0000] {dag.py:4180} INFO - Setting next_dagrun for tutorial_taskflow_api to None, run_after=None
[2025-09-25T05:13:39.660+0000] {processor.py:208} INFO - Processing /home/airflow/.local/lib/python3.12/site-packages/airflow/example_dags/tutorial_taskflow_api.py took 0.070 seconds
[2025-09-25T05:14:10.519+0000] {processor.py:186} INFO - Started process (PID=254) to work on /home/airflow/.local/lib/python3.12/site-packages/airflow/example_dags/tutorial_taskflow_api.py
[2025-09-25T05:14:10.520+0000] {processor.py:914} INFO - Processing file /home/airflow/.local/lib/python3.12/site-packages/airflow/example_dags/tutorial_taskflow_api.py for tasks to queue
[2025-09-25T05:14:10.522+0000] {logging_mixin.py:190} INFO - [2025-09-25T05:14:10.522+0000] {dagbag.py:588} INFO - Filling up the DagBag from /home/airflow/.local/lib/python3.12/site-packages/airflow/example_dags/tutorial_taskflow_api.py
[2025-09-25T05:14:10.529+0000] {processor.py:925} INFO - DAG(s) 'tutorial_taskflow_api' retrieved from /home/airflow/.local/lib/python3.12/site-packages/airflow/example_dags/tutorial_taskflow_api.py
[2025-09-25T05:14:10.545+0000] {logging_mixin.py:190} INFO - [2025-09-25T05:14:10.545+0000] {dag.py:3239} INFO - Sync 1 DAGs
[2025-09-25T05:14:10.557+0000] {logging_mixin.py:190} INFO - [2025-09-25T05:14:10.557+0000] {dag.py:4180} INFO - Setting next_dagrun for tutorial_taskflow_api to None, run_after=None
[2025-09-25T05:14:10.571+0000] {processor.py:208} INFO - Processing /home/airflow/.local/lib/python3.12/site-packages/airflow/example_dags/tutorial_taskflow_api.py took 0.058 seconds
[2025-09-25T05:14:40.720+0000] {processor.py:186} INFO - Started process (PID=319) to work on /home/airflow/.local/lib/python3.12/site-packages/airflow/example_dags/tutorial_taskflow_api.py
[2025-09-25T05:14:40.721+0000] {processor.py:914} INFO - Processing file /home/airflow/.local/lib/python3.12/site-packages/airflow/example_dags/tutorial_taskflow_api.py for tasks to queue
[2025-09-25T05:14:40.723+0000] {logging_mixin.py:190} INFO - [2025-09-25T05:14:40.723+0000] {dagbag.py:588} INFO - Filling up the DagBag from /home/airflow/.local/lib/python3.12/site-packages/airflow/example_dags/tutorial_taskflow_api.py
[2025-09-25T05:14:40.732+0000] {processor.py:925} INFO - DAG(s) 'tutorial_taskflow_api' retrieved from /home/airflow/.local/lib/python3.12/site-packages/airflow/example_dags/tutorial_taskflow_api.py
[2025-09-25T05:14:40.750+0000] {logging_mixin.py:190} INFO - [2025-09-25T05:14:40.749+0000] {dag.py:3239} INFO - Sync 1 DAGs
[2025-09-25T05:14:40.762+0000] {logging_mixin.py:190} INFO - [2025-09-25T05:14:40.761+0000] {dag.py:4180} INFO - Setting next_dagrun for tutorial_taskflow_api to None, run_after=None
[2025-09-25T05:14:40.778+0000] {processor.py:208} INFO - Processing /home/airflow/.local/lib/python3.12/site-packages/airflow/example_dags/tutorial_taskflow_api.py took 0.064 seconds
[2025-09-25T05:15:10.886+0000] {processor.py:186} INFO - Started process (PID=384) to work on /home/airflow/.local/lib/python3.12/site-packages/airflow/example_dags/tutorial_taskflow_api.py
[2025-09-25T05:15:10.887+0000] {processor.py:914} INFO - Processing file /home/airflow/.local/lib/python3.12/site-packages/airflow/example_dags/tutorial_taskflow_api.py for tasks to queue
[2025-09-25T05:15:10.889+0000] {logging_mixin.py:190} INFO - [2025-09-25T05:15:10.889+0000] {dagbag.py:588} INFO - Filling up the DagBag from /home/airflow/.local/lib/python3.12/site-packages/airflow/example_dags/tutorial_taskflow_api.py
[2025-09-25T05:15:10.897+0000] {processor.py:925} INFO - DAG(s) 'tutorial_taskflow_api' retrieved from /home/airflow/.local/lib/python3.12/site-packages/airflow/example_dags/tutorial_taskflow_api.py
[2025-09-25T05:15:10.915+0000] {logging_mixin.py:190} INFO - [2025-09-25T05:15:10.915+0000] {dag.py:3239} INFO - Sync 1 DAGs
[2025-09-25T05:15:10.933+0000] {logging_mixin.py:190} INFO - [2025-09-25T05:15:10.932+0000] {dag.py:4180} INFO - Setting next_dagrun for tutorial_taskflow_api to None, run_after=None
[2025-09-25T05:15:10.950+0000] {processor.py:208} INFO - Processing /home/airflow/.local/lib/python3.12/site-packages/airflow/example_dags/tutorial_taskflow_api.py took 0.070 seconds
[2025-09-25T05:15:41.349+0000] {processor.py:186} INFO - Started process (PID=449) to work on /home/airflow/.local/lib/python3.12/site-packages/airflow/example_dags/tutorial_taskflow_api.py
[2025-09-25T05:15:41.350+0000] {processor.py:914} INFO - Processing file /home/airflow/.local/lib/python3.12/site-packages/airflow/example_dags/tutorial_taskflow_api.py for tasks to queue
[2025-09-25T05:15:41.352+0000] {logging_mixin.py:190} INFO - [2025-09-25T05:15:41.352+0000] {dagbag.py:588} INFO - Filling up the DagBag from /home/airflow/.local/lib/python3.12/site-packages/airflow/example_dags/tutorial_taskflow_api.py
[2025-09-25T05:15:41.363+0000] {processor.py:925} INFO - DAG(s) 'tutorial_taskflow_api' retrieved from /home/airflow/.local/lib/python3.12/site-packages/airflow/example_dags/tutorial_taskflow_api.py
[2025-09-25T05:15:41.384+0000] {logging_mixin.py:190} INFO - [2025-09-25T05:15:41.384+0000] {dag.py:3239} INFO - Sync 1 DAGs
[2025-09-25T05:15:41.399+0000] {logging_mixin.py:190} INFO - [2025-09-25T05:15:41.398+0000] {dag.py:4180} INFO - Setting next_dagrun for tutorial_taskflow_api to None, run_after=None
[2025-09-25T05:15:41.415+0000] {processor.py:208} INFO - Processing /home/airflow/.local/lib/python3.12/site-packages/airflow/example_dags/tutorial_taskflow_api.py took 0.072 seconds
[2025-09-25T05:16:11.666+0000] {processor.py:186} INFO - Started process (PID=514) to work on /home/airflow/.local/lib/python3.12/site-packages/airflow/example_dags/tutorial_taskflow_api.py
[2025-09-25T05:16:11.667+0000] {processor.py:914} INFO - Processing file /home/airflow/.local/lib/python3.12/site-packages/airflow/example_dags/tutorial_taskflow_api.py for tasks to queue
[2025-09-25T05:16:11.669+0000] {logging_mixin.py:190} INFO - [2025-09-25T05:16:11.669+0000] {dagbag.py:588} INFO - Filling up the DagBag from /home/airflow/.local/lib/python3.12/site-packages/airflow/example_dags/tutorial_taskflow_api.py
[2025-09-25T05:16:11.677+0000] {processor.py:925} INFO - DAG(s) 'tutorial_taskflow_api' retrieved from /home/airflow/.local/lib/python3.12/site-packages/airflow/example_dags/tutorial_taskflow_api.py
[2025-09-25T05:16:11.694+0000] {logging_mixin.py:190} INFO - [2025-09-25T05:16:11.694+0000] {dag.py:3239} INFO - Sync 1 DAGs
[2025-09-25T05:16:11.707+0000] {logging_mixin.py:190} INFO - [2025-09-25T05:16:11.706+0000] {dag.py:4180} INFO - Setting next_dagrun for tutorial_taskflow_api to None, run_after=None
[2025-09-25T05:16:11.723+0000] {processor.py:208} INFO - Processing /home/airflow/.local/lib/python3.12/site-packages/airflow/example_dags/tutorial_taskflow_api.py took 0.063 seconds
[2025-09-25T05:16:42.233+0000] {processor.py:186} INFO - Started process (PID=579) to work on /home/airflow/.local/lib/python3.12/site-packages/airflow/example_dags/tutorial_taskflow_api.py
[2025-09-25T05:16:42.234+0000] {processor.py:914} INFO - Processing file /home/airflow/.local/lib/python3.12/site-packages/airflow/example_dags/tutorial_taskflow_api.py for tasks to queue
[2025-09-25T05:16:42.236+0000] {logging_mixin.py:190} INFO - [2025-09-25T05:16:42.235+0000] {dagbag.py:588} INFO - Filling up the DagBag from /home/airflow/.local/lib/python3.12/site-packages/airflow/example_dags/tutorial_taskflow_api.py
[2025-09-25T05:16:42.244+0000] {processor.py:925} INFO - DAG(s) 'tutorial_taskflow_api' retrieved from /home/airflow/.local/lib/python3.12/site-packages/airflow/example_dags/tutorial_taskflow_api.py
[2025-09-25T05:16:42.260+0000] {logging_mixin.py:190} INFO - [2025-09-25T05:16:42.260+0000] {dag.py:3239} INFO - Sync 1 DAGs
[2025-09-25T05:16:42.272+0000] {logging_mixin.py:190} INFO - [2025-09-25T05:16:42.272+0000] {dag.py:4180} INFO - Setting next_dagrun for tutorial_taskflow_api to None, run_after=None
[2025-09-25T05:16:42.288+0000] {processor.py:208} INFO - Processing /home/airflow/.local/lib/python3.12/site-packages/airflow/example_dags/tutorial_taskflow_api.py took 0.060 seconds
[2025-09-25T05:17:12.420+0000] {processor.py:186} INFO - Started process (PID=644) to work on /home/airflow/.local/lib/python3.12/site-packages/airflow/example_dags/tutorial_taskflow_api.py
[2025-09-25T05:17:12.421+0000] {processor.py:914} INFO - Processing file /home/airflow/.local/lib/python3.12/site-packages/airflow/example_dags/tutorial_taskflow_api.py for tasks to queue
[2025-09-25T05:17:12.423+0000] {logging_mixin.py:190} INFO - [2025-09-25T05:17:12.422+0000] {dagbag.py:588} INFO - Filling up the DagBag from /home/airflow/.local/lib/python3.12/site-packages/airflow/example_dags/tutorial_taskflow_api.py
[2025-09-25T05:17:12.432+0000] {processor.py:925} INFO - DAG(s) 'tutorial_taskflow_api' retrieved from /home/airflow/.local/lib/python3.12/site-packages/airflow/example_dags/tutorial_taskflow_api.py
[2025-09-25T05:17:12.451+0000] {logging_mixin.py:190} INFO - [2025-09-25T05:17:12.450+0000] {dag.py:3239} INFO - Sync 1 DAGs
[2025-09-25T05:17:12.465+0000] {logging_mixin.py:190} INFO - [2025-09-25T05:17:12.465+0000] {dag.py:4180} INFO - Setting next_dagrun for tutorial_taskflow_api to None, run_after=None
[2025-09-25T05:17:12.482+0000] {processor.py:208} INFO - Processing /home/airflow/.local/lib/python3.12/site-packages/airflow/example_dags/tutorial_taskflow_api.py took 0.070 seconds
[2025-09-25T05:17:42.600+0000] {processor.py:186} INFO - Started process (PID=709) to work on /home/airflow/.local/lib/python3.12/site-packages/airflow/example_dags/tutorial_taskflow_api.py
[2025-09-25T05:17:42.601+0000] {processor.py:914} INFO - Processing file /home/airflow/.local/lib/python3.12/site-packages/airflow/example_dags/tutorial_taskflow_api.py for tasks to queue
[2025-09-25T05:17:42.603+0000] {logging_mixin.py:190} INFO - [2025-09-25T05:17:42.602+0000] {dagbag.py:588} INFO - Filling up the DagBag from /home/airflow/.local/lib/python3.12/site-packages/airflow/example_dags/tutorial_taskflow_api.py
[2025-09-25T05:17:42.611+0000] {processor.py:925} INFO - DAG(s) 'tutorial_taskflow_api' retrieved from /home/airflow/.local/lib/python3.12/site-packages/airflow/example_dags/tutorial_taskflow_api.py
[2025-09-25T05:17:42.631+0000] {logging_mixin.py:190} INFO - [2025-09-25T05:17:42.631+0000] {dag.py:3239} INFO - Sync 1 DAGs
[2025-09-25T05:17:42.645+0000] {logging_mixin.py:190} INFO - [2025-09-25T05:17:42.645+0000] {dag.py:4180} INFO - Setting next_dagrun for tutorial_taskflow_api to None, run_after=None
[2025-09-25T05:17:42.681+0000] {processor.py:208} INFO - Processing /home/airflow/.local/lib/python3.12/site-packages/airflow/example_dags/tutorial_taskflow_api.py took 0.087 seconds
[2025-09-25T05:18:13.141+0000] {processor.py:186} INFO - Started process (PID=774) to work on /home/airflow/.local/lib/python3.12/site-packages/airflow/example_dags/tutorial_taskflow_api.py
[2025-09-25T05:18:13.142+0000] {processor.py:914} INFO - Processing file /home/airflow/.local/lib/python3.12/site-packages/airflow/example_dags/tutorial_taskflow_api.py for tasks to queue
[2025-09-25T05:18:13.145+0000] {logging_mixin.py:190} INFO - [2025-09-25T05:18:13.144+0000] {dagbag.py:588} INFO - Filling up the DagBag from /home/airflow/.local/lib/python3.12/site-packages/airflow/example_dags/tutorial_taskflow_api.py
[2025-09-25T05:18:13.153+0000] {processor.py:925} INFO - DAG(s) 'tutorial_taskflow_api' retrieved from /home/airflow/.local/lib/python3.12/site-packages/airflow/example_dags/tutorial_taskflow_api.py
[2025-09-25T05:18:13.174+0000] {logging_mixin.py:190} INFO - [2025-09-25T05:18:13.174+0000] {dag.py:3239} INFO - Sync 1 DAGs
[2025-09-25T05:18:13.188+0000] {logging_mixin.py:190} INFO - [2025-09-25T05:18:13.188+0000] {dag.py:4180} INFO - Setting next_dagrun for tutorial_taskflow_api to None, run_after=None
[2025-09-25T05:18:13.204+0000] {processor.py:208} INFO - Processing /home/airflow/.local/lib/python3.12/site-packages/airflow/example_dags/tutorial_taskflow_api.py took 0.069 seconds
[2025-09-25T05:18:43.504+0000] {processor.py:186} INFO - Started process (PID=839) to work on /home/airflow/.local/lib/python3.12/site-packages/airflow/example_dags/tutorial_taskflow_api.py
[2025-09-25T05:18:43.505+0000] {processor.py:914} INFO - Processing file /home/airflow/.local/lib/python3.12/site-packages/airflow/example_dags/tutorial_taskflow_api.py for tasks to queue
[2025-09-25T05:18:43.508+0000] {logging_mixin.py:190} INFO - [2025-09-25T05:18:43.507+0000] {dagbag.py:588} INFO - Filling up the DagBag from /home/airflow/.local/lib/python3.12/site-packages/airflow/example_dags/tutorial_taskflow_api.py
[2025-09-25T05:18:43.517+0000] {processor.py:925} INFO - DAG(s) 'tutorial_taskflow_api' retrieved from /home/airflow/.local/lib/python3.12/site-packages/airflow/example_dags/tutorial_taskflow_api.py
[2025-09-25T05:18:43.537+0000] {logging_mixin.py:190} INFO - [2025-09-25T05:18:43.537+0000] {dag.py:3239} INFO - Sync 1 DAGs
[2025-09-25T05:18:43.553+0000] {logging_mixin.py:190} INFO - [2025-09-25T05:18:43.553+0000] {dag.py:4180} INFO - Setting next_dagrun for tutorial_taskflow_api to None, run_after=None
[2025-09-25T05:18:43.568+0000] {processor.py:208} INFO - Processing /home/airflow/.local/lib/python3.12/site-packages/airflow/example_dags/tutorial_taskflow_api.py took 0.070 seconds
[2025-09-25T05:19:13.696+0000] {processor.py:186} INFO - Started process (PID=904) to work on /home/airflow/.local/lib/python3.12/site-packages/airflow/example_dags/tutorial_taskflow_api.py
[2025-09-25T05:19:13.697+0000] {processor.py:914} INFO - Processing file /home/airflow/.local/lib/python3.12/site-packages/airflow/example_dags/tutorial_taskflow_api.py for tasks to queue
[2025-09-25T05:19:13.700+0000] {logging_mixin.py:190} INFO - [2025-09-25T05:19:13.699+0000] {dagbag.py:588} INFO - Filling up the DagBag from /home/airflow/.local/lib/python3.12/site-packages/airflow/example_dags/tutorial_taskflow_api.py
[2025-09-25T05:19:13.707+0000] {processor.py:925} INFO - DAG(s) 'tutorial_taskflow_api' retrieved from /home/airflow/.local/lib/python3.12/site-packages/airflow/example_dags/tutorial_taskflow_api.py
[2025-09-25T05:19:13.726+0000] {logging_mixin.py:190} INFO - [2025-09-25T05:19:13.726+0000] {dag.py:3239} INFO - Sync 1 DAGs
[2025-09-25T05:19:13.739+0000] {logging_mixin.py:190} INFO - [2025-09-25T05:19:13.739+0000] {dag.py:4180} INFO - Setting next_dagrun for tutorial_taskflow_api to None, run_after=None
[2025-09-25T05:19:13.755+0000] {processor.py:208} INFO - Processing /home/airflow/.local/lib/python3.12/site-packages/airflow/example_dags/tutorial_taskflow_api.py took 0.065 seconds
[2025-09-25T05:19:43.823+0000] {processor.py:186} INFO - Started process (PID=969) to work on /home/airflow/.local/lib/python3.12/site-packages/airflow/example_dags/tutorial_taskflow_api.py
[2025-09-25T05:19:43.824+0000] {processor.py:914} INFO - Processing file /home/airflow/.local/lib/python3.12/site-packages/airflow/example_dags/tutorial_taskflow_api.py for tasks to queue
[2025-09-25T05:19:43.826+0000] {logging_mixin.py:190} INFO - [2025-09-25T05:19:43.826+0000] {dagbag.py:588} INFO - Filling up the DagBag from /home/airflow/.local/lib/python3.12/site-packages/airflow/example_dags/tutorial_taskflow_api.py
[2025-09-25T05:19:43.834+0000] {processor.py:925} INFO - DAG(s) 'tutorial_taskflow_api' retrieved from /home/airflow/.local/lib/python3.12/site-packages/airflow/example_dags/tutorial_taskflow_api.py
[2025-09-25T05:19:43.852+0000] {logging_mixin.py:190} INFO - [2025-09-25T05:19:43.852+0000] {dag.py:3239} INFO - Sync 1 DAGs
[2025-09-25T05:19:43.865+0000] {logging_mixin.py:190} INFO - [2025-09-25T05:19:43.865+0000] {dag.py:4180} INFO - Setting next_dagrun for tutorial_taskflow_api to None, run_after=None
[2025-09-25T05:19:43.882+0000] {processor.py:208} INFO - Processing /home/airflow/.local/lib/python3.12/site-packages/airflow/example_dags/tutorial_taskflow_api.py took 0.064 seconds
[2025-09-25T05:25:38.122+0000] {processor.py:186} INFO - Started process (PID=55) to work on /home/airflow/.local/lib/python3.12/site-packages/airflow/example_dags/tutorial_taskflow_api.py
[2025-09-25T05:25:38.123+0000] {processor.py:914} INFO - Processing file /home/airflow/.local/lib/python3.12/site-packages/airflow/example_dags/tutorial_taskflow_api.py for tasks to queue
[2025-09-25T05:25:38.125+0000] {logging_mixin.py:190} INFO - [2025-09-25T05:25:38.125+0000] {dagbag.py:588} INFO - Filling up the DagBag from /home/airflow/.local/lib/python3.12/site-packages/airflow/example_dags/tutorial_taskflow_api.py
[2025-09-25T05:25:38.134+0000] {processor.py:925} INFO - DAG(s) 'tutorial_taskflow_api' retrieved from /home/airflow/.local/lib/python3.12/site-packages/airflow/example_dags/tutorial_taskflow_api.py
[2025-09-25T05:25:38.243+0000] {logging_mixin.py:190} INFO - [2025-09-25T05:25:38.242+0000] {dag.py:3239} INFO - Sync 1 DAGs
[2025-09-25T05:25:38.254+0000] {logging_mixin.py:190} INFO - [2025-09-25T05:25:38.253+0000] {dag.py:4180} INFO - Setting next_dagrun for tutorial_taskflow_api to None, run_after=None
[2025-09-25T05:25:38.273+0000] {processor.py:208} INFO - Processing /home/airflow/.local/lib/python3.12/site-packages/airflow/example_dags/tutorial_taskflow_api.py took 0.157 seconds
[2025-09-25T05:26:08.356+0000] {processor.py:186} INFO - Started process (PID=123) to work on /home/airflow/.local/lib/python3.12/site-packages/airflow/example_dags/tutorial_taskflow_api.py
[2025-09-25T05:26:08.357+0000] {processor.py:914} INFO - Processing file /home/airflow/.local/lib/python3.12/site-packages/airflow/example_dags/tutorial_taskflow_api.py for tasks to queue
[2025-09-25T05:26:08.359+0000] {logging_mixin.py:190} INFO - [2025-09-25T05:26:08.359+0000] {dagbag.py:588} INFO - Filling up the DagBag from /home/airflow/.local/lib/python3.12/site-packages/airflow/example_dags/tutorial_taskflow_api.py
[2025-09-25T05:26:08.366+0000] {processor.py:925} INFO - DAG(s) 'tutorial_taskflow_api' retrieved from /home/airflow/.local/lib/python3.12/site-packages/airflow/example_dags/tutorial_taskflow_api.py
[2025-09-25T05:26:08.383+0000] {logging_mixin.py:190} INFO - [2025-09-25T05:26:08.383+0000] {dag.py:3239} INFO - Sync 1 DAGs
[2025-09-25T05:26:08.395+0000] {logging_mixin.py:190} INFO - [2025-09-25T05:26:08.395+0000] {dag.py:4180} INFO - Setting next_dagrun for tutorial_taskflow_api to None, run_after=None
[2025-09-25T05:26:08.411+0000] {processor.py:208} INFO - Processing /home/airflow/.local/lib/python3.12/site-packages/airflow/example_dags/tutorial_taskflow_api.py took 0.061 seconds
[2025-09-25T05:26:38.911+0000] {processor.py:186} INFO - Started process (PID=188) to work on /home/airflow/.local/lib/python3.12/site-packages/airflow/example_dags/tutorial_taskflow_api.py
[2025-09-25T05:26:38.913+0000] {processor.py:914} INFO - Processing file /home/airflow/.local/lib/python3.12/site-packages/airflow/example_dags/tutorial_taskflow_api.py for tasks to queue
[2025-09-25T05:26:38.915+0000] {logging_mixin.py:190} INFO - [2025-09-25T05:26:38.914+0000] {dagbag.py:588} INFO - Filling up the DagBag from /home/airflow/.local/lib/python3.12/site-packages/airflow/example_dags/tutorial_taskflow_api.py
[2025-09-25T05:26:38.922+0000] {processor.py:925} INFO - DAG(s) 'tutorial_taskflow_api' retrieved from /home/airflow/.local/lib/python3.12/site-packages/airflow/example_dags/tutorial_taskflow_api.py
[2025-09-25T05:26:38.941+0000] {logging_mixin.py:190} INFO - [2025-09-25T05:26:38.940+0000] {dag.py:3239} INFO - Sync 1 DAGs
[2025-09-25T05:26:38.966+0000] {logging_mixin.py:190} INFO - [2025-09-25T05:26:38.965+0000] {dag.py:4180} INFO - Setting next_dagrun for tutorial_taskflow_api to None, run_after=None
[2025-09-25T05:26:38.989+0000] {processor.py:208} INFO - Processing /home/airflow/.local/lib/python3.12/site-packages/airflow/example_dags/tutorial_taskflow_api.py took 0.084 seconds
[2025-09-25T05:27:09.087+0000] {processor.py:186} INFO - Started process (PID=253) to work on /home/airflow/.local/lib/python3.12/site-packages/airflow/example_dags/tutorial_taskflow_api.py
[2025-09-25T05:27:09.088+0000] {processor.py:914} INFO - Processing file /home/airflow/.local/lib/python3.12/site-packages/airflow/example_dags/tutorial_taskflow_api.py for tasks to queue
[2025-09-25T05:27:09.090+0000] {logging_mixin.py:190} INFO - [2025-09-25T05:27:09.090+0000] {dagbag.py:588} INFO - Filling up the DagBag from /home/airflow/.local/lib/python3.12/site-packages/airflow/example_dags/tutorial_taskflow_api.py
[2025-09-25T05:27:09.097+0000] {processor.py:925} INFO - DAG(s) 'tutorial_taskflow_api' retrieved from /home/airflow/.local/lib/python3.12/site-packages/airflow/example_dags/tutorial_taskflow_api.py
[2025-09-25T05:27:09.113+0000] {logging_mixin.py:190} INFO - [2025-09-25T05:27:09.113+0000] {dag.py:3239} INFO - Sync 1 DAGs
[2025-09-25T05:27:09.125+0000] {logging_mixin.py:190} INFO - [2025-09-25T05:27:09.125+0000] {dag.py:4180} INFO - Setting next_dagrun for tutorial_taskflow_api to None, run_after=None
[2025-09-25T05:27:09.140+0000] {processor.py:208} INFO - Processing /home/airflow/.local/lib/python3.12/site-packages/airflow/example_dags/tutorial_taskflow_api.py took 0.058 seconds
[2025-09-25T05:27:39.257+0000] {processor.py:186} INFO - Started process (PID=318) to work on /home/airflow/.local/lib/python3.12/site-packages/airflow/example_dags/tutorial_taskflow_api.py
[2025-09-25T05:27:39.258+0000] {processor.py:914} INFO - Processing file /home/airflow/.local/lib/python3.12/site-packages/airflow/example_dags/tutorial_taskflow_api.py for tasks to queue
[2025-09-25T05:27:39.260+0000] {logging_mixin.py:190} INFO - [2025-09-25T05:27:39.260+0000] {dagbag.py:588} INFO - Filling up the DagBag from /home/airflow/.local/lib/python3.12/site-packages/airflow/example_dags/tutorial_taskflow_api.py
[2025-09-25T05:27:39.267+0000] {processor.py:925} INFO - DAG(s) 'tutorial_taskflow_api' retrieved from /home/airflow/.local/lib/python3.12/site-packages/airflow/example_dags/tutorial_taskflow_api.py
[2025-09-25T05:27:39.283+0000] {logging_mixin.py:190} INFO - [2025-09-25T05:27:39.283+0000] {dag.py:3239} INFO - Sync 1 DAGs
[2025-09-25T05:27:39.295+0000] {logging_mixin.py:190} INFO - [2025-09-25T05:27:39.295+0000] {dag.py:4180} INFO - Setting next_dagrun for tutorial_taskflow_api to None, run_after=None
[2025-09-25T05:27:39.311+0000] {processor.py:208} INFO - Processing /home/airflow/.local/lib/python3.12/site-packages/airflow/example_dags/tutorial_taskflow_api.py took 0.059 seconds
[2025-09-25T05:28:53.768+0000] {processor.py:186} INFO - Started process (PID=61) to work on /home/airflow/.local/lib/python3.12/site-packages/airflow/example_dags/tutorial_taskflow_api.py
[2025-09-25T05:28:53.769+0000] {processor.py:914} INFO - Processing file /home/airflow/.local/lib/python3.12/site-packages/airflow/example_dags/tutorial_taskflow_api.py for tasks to queue
[2025-09-25T05:28:53.770+0000] {logging_mixin.py:190} INFO - [2025-09-25T05:28:53.770+0000] {dagbag.py:588} INFO - Filling up the DagBag from /home/airflow/.local/lib/python3.12/site-packages/airflow/example_dags/tutorial_taskflow_api.py
[2025-09-25T05:28:53.779+0000] {processor.py:925} INFO - DAG(s) 'tutorial_taskflow_api' retrieved from /home/airflow/.local/lib/python3.12/site-packages/airflow/example_dags/tutorial_taskflow_api.py
[2025-09-25T05:28:53.806+0000] {logging_mixin.py:190} INFO - [2025-09-25T05:28:53.806+0000] {dag.py:3239} INFO - Sync 1 DAGs
[2025-09-25T05:28:53.828+0000] {logging_mixin.py:190} INFO - [2025-09-25T05:28:53.828+0000] {dag.py:4180} INFO - Setting next_dagrun for tutorial_taskflow_api to None, run_after=None
[2025-09-25T05:28:53.856+0000] {processor.py:208} INFO - Processing /home/airflow/.local/lib/python3.12/site-packages/airflow/example_dags/tutorial_taskflow_api.py took 0.094 seconds
[2025-09-25T05:29:24.654+0000] {processor.py:186} INFO - Started process (PID=125) to work on /home/airflow/.local/lib/python3.12/site-packages/airflow/example_dags/tutorial_taskflow_api.py
[2025-09-25T05:29:24.655+0000] {processor.py:914} INFO - Processing file /home/airflow/.local/lib/python3.12/site-packages/airflow/example_dags/tutorial_taskflow_api.py for tasks to queue
[2025-09-25T05:29:24.657+0000] {logging_mixin.py:190} INFO - [2025-09-25T05:29:24.656+0000] {dagbag.py:588} INFO - Filling up the DagBag from /home/airflow/.local/lib/python3.12/site-packages/airflow/example_dags/tutorial_taskflow_api.py
[2025-09-25T05:29:24.664+0000] {processor.py:925} INFO - DAG(s) 'tutorial_taskflow_api' retrieved from /home/airflow/.local/lib/python3.12/site-packages/airflow/example_dags/tutorial_taskflow_api.py
[2025-09-25T05:29:24.682+0000] {logging_mixin.py:190} INFO - [2025-09-25T05:29:24.682+0000] {dag.py:3239} INFO - Sync 1 DAGs
[2025-09-25T05:29:24.694+0000] {logging_mixin.py:190} INFO - [2025-09-25T05:29:24.693+0000] {dag.py:4180} INFO - Setting next_dagrun for tutorial_taskflow_api to None, run_after=None
[2025-09-25T05:29:24.710+0000] {processor.py:208} INFO - Processing /home/airflow/.local/lib/python3.12/site-packages/airflow/example_dags/tutorial_taskflow_api.py took 0.061 seconds
[2025-09-25T05:29:54.899+0000] {processor.py:186} INFO - Started process (PID=190) to work on /home/airflow/.local/lib/python3.12/site-packages/airflow/example_dags/tutorial_taskflow_api.py
[2025-09-25T05:29:54.900+0000] {processor.py:914} INFO - Processing file /home/airflow/.local/lib/python3.12/site-packages/airflow/example_dags/tutorial_taskflow_api.py for tasks to queue
[2025-09-25T05:29:54.902+0000] {logging_mixin.py:190} INFO - [2025-09-25T05:29:54.902+0000] {dagbag.py:588} INFO - Filling up the DagBag from /home/airflow/.local/lib/python3.12/site-packages/airflow/example_dags/tutorial_taskflow_api.py
[2025-09-25T05:29:54.910+0000] {processor.py:925} INFO - DAG(s) 'tutorial_taskflow_api' retrieved from /home/airflow/.local/lib/python3.12/site-packages/airflow/example_dags/tutorial_taskflow_api.py
[2025-09-25T05:29:54.928+0000] {logging_mixin.py:190} INFO - [2025-09-25T05:29:54.928+0000] {dag.py:3239} INFO - Sync 1 DAGs
[2025-09-25T05:29:54.939+0000] {logging_mixin.py:190} INFO - [2025-09-25T05:29:54.939+0000] {dag.py:4180} INFO - Setting next_dagrun for tutorial_taskflow_api to None, run_after=None
[2025-09-25T05:29:54.954+0000] {processor.py:208} INFO - Processing /home/airflow/.local/lib/python3.12/site-packages/airflow/example_dags/tutorial_taskflow_api.py took 0.060 seconds
[2025-09-25T05:30:25.269+0000] {processor.py:186} INFO - Started process (PID=255) to work on /home/airflow/.local/lib/python3.12/site-packages/airflow/example_dags/tutorial_taskflow_api.py
[2025-09-25T05:30:25.270+0000] {processor.py:914} INFO - Processing file /home/airflow/.local/lib/python3.12/site-packages/airflow/example_dags/tutorial_taskflow_api.py for tasks to queue
[2025-09-25T05:30:25.272+0000] {logging_mixin.py:190} INFO - [2025-09-25T05:30:25.272+0000] {dagbag.py:588} INFO - Filling up the DagBag from /home/airflow/.local/lib/python3.12/site-packages/airflow/example_dags/tutorial_taskflow_api.py
[2025-09-25T05:30:25.279+0000] {processor.py:925} INFO - DAG(s) 'tutorial_taskflow_api' retrieved from /home/airflow/.local/lib/python3.12/site-packages/airflow/example_dags/tutorial_taskflow_api.py
[2025-09-25T05:30:25.295+0000] {logging_mixin.py:190} INFO - [2025-09-25T05:30:25.295+0000] {dag.py:3239} INFO - Sync 1 DAGs
[2025-09-25T05:30:25.307+0000] {logging_mixin.py:190} INFO - [2025-09-25T05:30:25.307+0000] {dag.py:4180} INFO - Setting next_dagrun for tutorial_taskflow_api to None, run_after=None
[2025-09-25T05:30:25.321+0000] {processor.py:208} INFO - Processing /home/airflow/.local/lib/python3.12/site-packages/airflow/example_dags/tutorial_taskflow_api.py took 0.057 seconds
[2025-09-25T05:30:55.950+0000] {processor.py:186} INFO - Started process (PID=320) to work on /home/airflow/.local/lib/python3.12/site-packages/airflow/example_dags/tutorial_taskflow_api.py
[2025-09-25T05:30:55.951+0000] {processor.py:914} INFO - Processing file /home/airflow/.local/lib/python3.12/site-packages/airflow/example_dags/tutorial_taskflow_api.py for tasks to queue
[2025-09-25T05:30:55.954+0000] {logging_mixin.py:190} INFO - [2025-09-25T05:30:55.953+0000] {dagbag.py:588} INFO - Filling up the DagBag from /home/airflow/.local/lib/python3.12/site-packages/airflow/example_dags/tutorial_taskflow_api.py
[2025-09-25T05:30:55.960+0000] {processor.py:925} INFO - DAG(s) 'tutorial_taskflow_api' retrieved from /home/airflow/.local/lib/python3.12/site-packages/airflow/example_dags/tutorial_taskflow_api.py
[2025-09-25T05:30:55.976+0000] {logging_mixin.py:190} INFO - [2025-09-25T05:30:55.976+0000] {dag.py:3239} INFO - Sync 1 DAGs
[2025-09-25T05:30:55.987+0000] {logging_mixin.py:190} INFO - [2025-09-25T05:30:55.987+0000] {dag.py:4180} INFO - Setting next_dagrun for tutorial_taskflow_api to None, run_after=None
[2025-09-25T05:30:56.002+0000] {processor.py:208} INFO - Processing /home/airflow/.local/lib/python3.12/site-packages/airflow/example_dags/tutorial_taskflow_api.py took 0.058 seconds
[2025-09-25T05:31:26.153+0000] {processor.py:186} INFO - Started process (PID=385) to work on /home/airflow/.local/lib/python3.12/site-packages/airflow/example_dags/tutorial_taskflow_api.py
[2025-09-25T05:31:26.154+0000] {processor.py:914} INFO - Processing file /home/airflow/.local/lib/python3.12/site-packages/airflow/example_dags/tutorial_taskflow_api.py for tasks to queue
[2025-09-25T05:31:26.155+0000] {logging_mixin.py:190} INFO - [2025-09-25T05:31:26.155+0000] {dagbag.py:588} INFO - Filling up the DagBag from /home/airflow/.local/lib/python3.12/site-packages/airflow/example_dags/tutorial_taskflow_api.py
[2025-09-25T05:31:26.162+0000] {processor.py:925} INFO - DAG(s) 'tutorial_taskflow_api' retrieved from /home/airflow/.local/lib/python3.12/site-packages/airflow/example_dags/tutorial_taskflow_api.py
[2025-09-25T05:31:26.178+0000] {logging_mixin.py:190} INFO - [2025-09-25T05:31:26.178+0000] {dag.py:3239} INFO - Sync 1 DAGs
[2025-09-25T05:31:26.189+0000] {logging_mixin.py:190} INFO - [2025-09-25T05:31:26.189+0000] {dag.py:4180} INFO - Setting next_dagrun for tutorial_taskflow_api to None, run_after=None
[2025-09-25T05:31:26.204+0000] {processor.py:208} INFO - Processing /home/airflow/.local/lib/python3.12/site-packages/airflow/example_dags/tutorial_taskflow_api.py took 0.056 seconds
[2025-09-25T05:31:56.951+0000] {processor.py:186} INFO - Started process (PID=450) to work on /home/airflow/.local/lib/python3.12/site-packages/airflow/example_dags/tutorial_taskflow_api.py
[2025-09-25T05:31:56.952+0000] {processor.py:914} INFO - Processing file /home/airflow/.local/lib/python3.12/site-packages/airflow/example_dags/tutorial_taskflow_api.py for tasks to queue
[2025-09-25T05:31:56.954+0000] {logging_mixin.py:190} INFO - [2025-09-25T05:31:56.954+0000] {dagbag.py:588} INFO - Filling up the DagBag from /home/airflow/.local/lib/python3.12/site-packages/airflow/example_dags/tutorial_taskflow_api.py
[2025-09-25T05:31:56.961+0000] {processor.py:925} INFO - DAG(s) 'tutorial_taskflow_api' retrieved from /home/airflow/.local/lib/python3.12/site-packages/airflow/example_dags/tutorial_taskflow_api.py
[2025-09-25T05:31:56.978+0000] {logging_mixin.py:190} INFO - [2025-09-25T05:31:56.978+0000] {dag.py:3239} INFO - Sync 1 DAGs
[2025-09-25T05:31:56.991+0000] {logging_mixin.py:190} INFO - [2025-09-25T05:31:56.990+0000] {dag.py:4180} INFO - Setting next_dagrun for tutorial_taskflow_api to None, run_after=None
[2025-09-25T05:31:57.007+0000] {processor.py:208} INFO - Processing /home/airflow/.local/lib/python3.12/site-packages/airflow/example_dags/tutorial_taskflow_api.py took 0.061 seconds
[2025-09-25T05:32:27.302+0000] {processor.py:186} INFO - Started process (PID=515) to work on /home/airflow/.local/lib/python3.12/site-packages/airflow/example_dags/tutorial_taskflow_api.py
[2025-09-25T05:32:27.303+0000] {processor.py:914} INFO - Processing file /home/airflow/.local/lib/python3.12/site-packages/airflow/example_dags/tutorial_taskflow_api.py for tasks to queue
[2025-09-25T05:32:27.305+0000] {logging_mixin.py:190} INFO - [2025-09-25T05:32:27.305+0000] {dagbag.py:588} INFO - Filling up the DagBag from /home/airflow/.local/lib/python3.12/site-packages/airflow/example_dags/tutorial_taskflow_api.py
[2025-09-25T05:32:27.313+0000] {processor.py:925} INFO - DAG(s) 'tutorial_taskflow_api' retrieved from /home/airflow/.local/lib/python3.12/site-packages/airflow/example_dags/tutorial_taskflow_api.py
[2025-09-25T05:32:27.329+0000] {logging_mixin.py:190} INFO - [2025-09-25T05:32:27.329+0000] {dag.py:3239} INFO - Sync 1 DAGs
[2025-09-25T05:32:27.341+0000] {logging_mixin.py:190} INFO - [2025-09-25T05:32:27.341+0000] {dag.py:4180} INFO - Setting next_dagrun for tutorial_taskflow_api to None, run_after=None
[2025-09-25T05:32:27.357+0000] {processor.py:208} INFO - Processing /home/airflow/.local/lib/python3.12/site-packages/airflow/example_dags/tutorial_taskflow_api.py took 0.060 seconds
[2025-09-25T05:32:58.103+0000] {processor.py:186} INFO - Started process (PID=580) to work on /home/airflow/.local/lib/python3.12/site-packages/airflow/example_dags/tutorial_taskflow_api.py
[2025-09-25T05:32:58.104+0000] {processor.py:914} INFO - Processing file /home/airflow/.local/lib/python3.12/site-packages/airflow/example_dags/tutorial_taskflow_api.py for tasks to queue
[2025-09-25T05:32:58.106+0000] {logging_mixin.py:190} INFO - [2025-09-25T05:32:58.106+0000] {dagbag.py:588} INFO - Filling up the DagBag from /home/airflow/.local/lib/python3.12/site-packages/airflow/example_dags/tutorial_taskflow_api.py
[2025-09-25T05:32:58.114+0000] {processor.py:925} INFO - DAG(s) 'tutorial_taskflow_api' retrieved from /home/airflow/.local/lib/python3.12/site-packages/airflow/example_dags/tutorial_taskflow_api.py
[2025-09-25T05:32:58.134+0000] {logging_mixin.py:190} INFO - [2025-09-25T05:32:58.133+0000] {dag.py:3239} INFO - Sync 1 DAGs
[2025-09-25T05:32:58.146+0000] {logging_mixin.py:190} INFO - [2025-09-25T05:32:58.146+0000] {dag.py:4180} INFO - Setting next_dagrun for tutorial_taskflow_api to None, run_after=None
[2025-09-25T05:32:58.162+0000] {processor.py:208} INFO - Processing /home/airflow/.local/lib/python3.12/site-packages/airflow/example_dags/tutorial_taskflow_api.py took 0.065 seconds
[2025-09-25T05:33:28.235+0000] {processor.py:186} INFO - Started process (PID=645) to work on /home/airflow/.local/lib/python3.12/site-packages/airflow/example_dags/tutorial_taskflow_api.py
[2025-09-25T05:33:28.237+0000] {processor.py:914} INFO - Processing file /home/airflow/.local/lib/python3.12/site-packages/airflow/example_dags/tutorial_taskflow_api.py for tasks to queue
[2025-09-25T05:33:28.239+0000] {logging_mixin.py:190} INFO - [2025-09-25T05:33:28.239+0000] {dagbag.py:588} INFO - Filling up the DagBag from /home/airflow/.local/lib/python3.12/site-packages/airflow/example_dags/tutorial_taskflow_api.py
[2025-09-25T05:33:28.248+0000] {processor.py:925} INFO - DAG(s) 'tutorial_taskflow_api' retrieved from /home/airflow/.local/lib/python3.12/site-packages/airflow/example_dags/tutorial_taskflow_api.py
[2025-09-25T05:33:28.267+0000] {logging_mixin.py:190} INFO - [2025-09-25T05:33:28.267+0000] {dag.py:3239} INFO - Sync 1 DAGs
[2025-09-25T05:33:28.279+0000] {logging_mixin.py:190} INFO - [2025-09-25T05:33:28.279+0000] {dag.py:4180} INFO - Setting next_dagrun for tutorial_taskflow_api to None, run_after=None
[2025-09-25T05:33:28.295+0000] {processor.py:208} INFO - Processing /home/airflow/.local/lib/python3.12/site-packages/airflow/example_dags/tutorial_taskflow_api.py took 0.066 seconds
[2025-09-25T05:33:58.397+0000] {processor.py:186} INFO - Started process (PID=710) to work on /home/airflow/.local/lib/python3.12/site-packages/airflow/example_dags/tutorial_taskflow_api.py
[2025-09-25T05:33:58.398+0000] {processor.py:914} INFO - Processing file /home/airflow/.local/lib/python3.12/site-packages/airflow/example_dags/tutorial_taskflow_api.py for tasks to queue
[2025-09-25T05:33:58.400+0000] {logging_mixin.py:190} INFO - [2025-09-25T05:33:58.400+0000] {dagbag.py:588} INFO - Filling up the DagBag from /home/airflow/.local/lib/python3.12/site-packages/airflow/example_dags/tutorial_taskflow_api.py
[2025-09-25T05:33:58.407+0000] {processor.py:925} INFO - DAG(s) 'tutorial_taskflow_api' retrieved from /home/airflow/.local/lib/python3.12/site-packages/airflow/example_dags/tutorial_taskflow_api.py
[2025-09-25T05:33:58.423+0000] {logging_mixin.py:190} INFO - [2025-09-25T05:33:58.423+0000] {dag.py:3239} INFO - Sync 1 DAGs
[2025-09-25T05:33:58.434+0000] {logging_mixin.py:190} INFO - [2025-09-25T05:33:58.434+0000] {dag.py:4180} INFO - Setting next_dagrun for tutorial_taskflow_api to None, run_after=None
[2025-09-25T05:33:58.450+0000] {processor.py:208} INFO - Processing /home/airflow/.local/lib/python3.12/site-packages/airflow/example_dags/tutorial_taskflow_api.py took 0.058 seconds
[2025-09-25T05:34:28.627+0000] {processor.py:186} INFO - Started process (PID=775) to work on /home/airflow/.local/lib/python3.12/site-packages/airflow/example_dags/tutorial_taskflow_api.py
[2025-09-25T05:34:28.628+0000] {processor.py:914} INFO - Processing file /home/airflow/.local/lib/python3.12/site-packages/airflow/example_dags/tutorial_taskflow_api.py for tasks to queue
[2025-09-25T05:34:28.630+0000] {logging_mixin.py:190} INFO - [2025-09-25T05:34:28.630+0000] {dagbag.py:588} INFO - Filling up the DagBag from /home/airflow/.local/lib/python3.12/site-packages/airflow/example_dags/tutorial_taskflow_api.py
[2025-09-25T05:34:28.637+0000] {processor.py:925} INFO - DAG(s) 'tutorial_taskflow_api' retrieved from /home/airflow/.local/lib/python3.12/site-packages/airflow/example_dags/tutorial_taskflow_api.py
[2025-09-25T05:34:28.655+0000] {logging_mixin.py:190} INFO - [2025-09-25T05:34:28.655+0000] {dag.py:3239} INFO - Sync 1 DAGs
[2025-09-25T05:34:28.666+0000] {logging_mixin.py:190} INFO - [2025-09-25T05:34:28.666+0000] {dag.py:4180} INFO - Setting next_dagrun for tutorial_taskflow_api to None, run_after=None
[2025-09-25T05:34:28.684+0000] {processor.py:208} INFO - Processing /home/airflow/.local/lib/python3.12/site-packages/airflow/example_dags/tutorial_taskflow_api.py took 0.062 seconds
[2025-09-25T05:34:58.874+0000] {processor.py:186} INFO - Started process (PID=840) to work on /home/airflow/.local/lib/python3.12/site-packages/airflow/example_dags/tutorial_taskflow_api.py
[2025-09-25T05:34:58.876+0000] {processor.py:914} INFO - Processing file /home/airflow/.local/lib/python3.12/site-packages/airflow/example_dags/tutorial_taskflow_api.py for tasks to queue
[2025-09-25T05:34:58.878+0000] {logging_mixin.py:190} INFO - [2025-09-25T05:34:58.878+0000] {dagbag.py:588} INFO - Filling up the DagBag from /home/airflow/.local/lib/python3.12/site-packages/airflow/example_dags/tutorial_taskflow_api.py
[2025-09-25T05:34:58.886+0000] {processor.py:925} INFO - DAG(s) 'tutorial_taskflow_api' retrieved from /home/airflow/.local/lib/python3.12/site-packages/airflow/example_dags/tutorial_taskflow_api.py
[2025-09-25T05:34:58.902+0000] {logging_mixin.py:190} INFO - [2025-09-25T05:34:58.902+0000] {dag.py:3239} INFO - Sync 1 DAGs
[2025-09-25T05:34:58.915+0000] {logging_mixin.py:190} INFO - [2025-09-25T05:34:58.914+0000] {dag.py:4180} INFO - Setting next_dagrun for tutorial_taskflow_api to None, run_after=None
[2025-09-25T05:34:58.930+0000] {processor.py:208} INFO - Processing /home/airflow/.local/lib/python3.12/site-packages/airflow/example_dags/tutorial_taskflow_api.py took 0.061 seconds
[2025-09-25T05:35:29.185+0000] {processor.py:186} INFO - Started process (PID=905) to work on /home/airflow/.local/lib/python3.12/site-packages/airflow/example_dags/tutorial_taskflow_api.py
[2025-09-25T05:35:29.186+0000] {processor.py:914} INFO - Processing file /home/airflow/.local/lib/python3.12/site-packages/airflow/example_dags/tutorial_taskflow_api.py for tasks to queue
[2025-09-25T05:35:29.188+0000] {logging_mixin.py:190} INFO - [2025-09-25T05:35:29.188+0000] {dagbag.py:588} INFO - Filling up the DagBag from /home/airflow/.local/lib/python3.12/site-packages/airflow/example_dags/tutorial_taskflow_api.py
[2025-09-25T05:35:29.195+0000] {processor.py:925} INFO - DAG(s) 'tutorial_taskflow_api' retrieved from /home/airflow/.local/lib/python3.12/site-packages/airflow/example_dags/tutorial_taskflow_api.py
[2025-09-25T05:35:29.212+0000] {logging_mixin.py:190} INFO - [2025-09-25T05:35:29.211+0000] {dag.py:3239} INFO - Sync 1 DAGs
[2025-09-25T05:35:29.223+0000] {logging_mixin.py:190} INFO - [2025-09-25T05:35:29.223+0000] {dag.py:4180} INFO - Setting next_dagrun for tutorial_taskflow_api to None, run_after=None
[2025-09-25T05:35:29.240+0000] {processor.py:208} INFO - Processing /home/airflow/.local/lib/python3.12/site-packages/airflow/example_dags/tutorial_taskflow_api.py took 0.060 seconds
[2025-09-25T05:35:59.610+0000] {processor.py:186} INFO - Started process (PID=970) to work on /home/airflow/.local/lib/python3.12/site-packages/airflow/example_dags/tutorial_taskflow_api.py
[2025-09-25T05:35:59.611+0000] {processor.py:914} INFO - Processing file /home/airflow/.local/lib/python3.12/site-packages/airflow/example_dags/tutorial_taskflow_api.py for tasks to queue
[2025-09-25T05:35:59.613+0000] {logging_mixin.py:190} INFO - [2025-09-25T05:35:59.613+0000] {dagbag.py:588} INFO - Filling up the DagBag from /home/airflow/.local/lib/python3.12/site-packages/airflow/example_dags/tutorial_taskflow_api.py
[2025-09-25T05:35:59.620+0000] {processor.py:925} INFO - DAG(s) 'tutorial_taskflow_api' retrieved from /home/airflow/.local/lib/python3.12/site-packages/airflow/example_dags/tutorial_taskflow_api.py
[2025-09-25T05:35:59.637+0000] {logging_mixin.py:190} INFO - [2025-09-25T05:35:59.636+0000] {dag.py:3239} INFO - Sync 1 DAGs
[2025-09-25T05:35:59.648+0000] {logging_mixin.py:190} INFO - [2025-09-25T05:35:59.648+0000] {dag.py:4180} INFO - Setting next_dagrun for tutorial_taskflow_api to None, run_after=None
[2025-09-25T05:35:59.664+0000] {processor.py:208} INFO - Processing /home/airflow/.local/lib/python3.12/site-packages/airflow/example_dags/tutorial_taskflow_api.py took 0.059 seconds
[2025-09-25T05:36:30.010+0000] {processor.py:186} INFO - Started process (PID=1035) to work on /home/airflow/.local/lib/python3.12/site-packages/airflow/example_dags/tutorial_taskflow_api.py
[2025-09-25T05:36:30.011+0000] {processor.py:914} INFO - Processing file /home/airflow/.local/lib/python3.12/site-packages/airflow/example_dags/tutorial_taskflow_api.py for tasks to queue
[2025-09-25T05:36:30.013+0000] {logging_mixin.py:190} INFO - [2025-09-25T05:36:30.013+0000] {dagbag.py:588} INFO - Filling up the DagBag from /home/airflow/.local/lib/python3.12/site-packages/airflow/example_dags/tutorial_taskflow_api.py
[2025-09-25T05:36:30.021+0000] {processor.py:925} INFO - DAG(s) 'tutorial_taskflow_api' retrieved from /home/airflow/.local/lib/python3.12/site-packages/airflow/example_dags/tutorial_taskflow_api.py
[2025-09-25T05:36:30.036+0000] {logging_mixin.py:190} INFO - [2025-09-25T05:36:30.036+0000] {dag.py:3239} INFO - Sync 1 DAGs
[2025-09-25T05:36:30.048+0000] {logging_mixin.py:190} INFO - [2025-09-25T05:36:30.048+0000] {dag.py:4180} INFO - Setting next_dagrun for tutorial_taskflow_api to None, run_after=None
[2025-09-25T05:36:30.064+0000] {processor.py:208} INFO - Processing /home/airflow/.local/lib/python3.12/site-packages/airflow/example_dags/tutorial_taskflow_api.py took 0.059 seconds
[2025-09-25T05:37:00.589+0000] {processor.py:186} INFO - Started process (PID=1100) to work on /home/airflow/.local/lib/python3.12/site-packages/airflow/example_dags/tutorial_taskflow_api.py
[2025-09-25T05:37:00.590+0000] {processor.py:914} INFO - Processing file /home/airflow/.local/lib/python3.12/site-packages/airflow/example_dags/tutorial_taskflow_api.py for tasks to queue
[2025-09-25T05:37:00.592+0000] {logging_mixin.py:190} INFO - [2025-09-25T05:37:00.592+0000] {dagbag.py:588} INFO - Filling up the DagBag from /home/airflow/.local/lib/python3.12/site-packages/airflow/example_dags/tutorial_taskflow_api.py
[2025-09-25T05:37:00.599+0000] {processor.py:925} INFO - DAG(s) 'tutorial_taskflow_api' retrieved from /home/airflow/.local/lib/python3.12/site-packages/airflow/example_dags/tutorial_taskflow_api.py
[2025-09-25T05:37:00.615+0000] {logging_mixin.py:190} INFO - [2025-09-25T05:37:00.615+0000] {dag.py:3239} INFO - Sync 1 DAGs
[2025-09-25T05:37:00.626+0000] {logging_mixin.py:190} INFO - [2025-09-25T05:37:00.626+0000] {dag.py:4180} INFO - Setting next_dagrun for tutorial_taskflow_api to None, run_after=None
[2025-09-25T05:37:00.641+0000] {processor.py:208} INFO - Processing /home/airflow/.local/lib/python3.12/site-packages/airflow/example_dags/tutorial_taskflow_api.py took 0.058 seconds
[2025-09-25T05:37:30.890+0000] {processor.py:186} INFO - Started process (PID=1165) to work on /home/airflow/.local/lib/python3.12/site-packages/airflow/example_dags/tutorial_taskflow_api.py
[2025-09-25T05:37:30.891+0000] {processor.py:914} INFO - Processing file /home/airflow/.local/lib/python3.12/site-packages/airflow/example_dags/tutorial_taskflow_api.py for tasks to queue
[2025-09-25T05:37:30.894+0000] {logging_mixin.py:190} INFO - [2025-09-25T05:37:30.893+0000] {dagbag.py:588} INFO - Filling up the DagBag from /home/airflow/.local/lib/python3.12/site-packages/airflow/example_dags/tutorial_taskflow_api.py
[2025-09-25T05:37:30.902+0000] {processor.py:925} INFO - DAG(s) 'tutorial_taskflow_api' retrieved from /home/airflow/.local/lib/python3.12/site-packages/airflow/example_dags/tutorial_taskflow_api.py
[2025-09-25T05:37:30.920+0000] {logging_mixin.py:190} INFO - [2025-09-25T05:37:30.919+0000] {dag.py:3239} INFO - Sync 1 DAGs
[2025-09-25T05:37:30.935+0000] {logging_mixin.py:190} INFO - [2025-09-25T05:37:30.935+0000] {dag.py:4180} INFO - Setting next_dagrun for tutorial_taskflow_api to None, run_after=None
[2025-09-25T05:37:30.950+0000] {processor.py:208} INFO - Processing /home/airflow/.local/lib/python3.12/site-packages/airflow/example_dags/tutorial_taskflow_api.py took 0.065 seconds
[2025-09-25T05:38:01.304+0000] {processor.py:186} INFO - Started process (PID=1230) to work on /home/airflow/.local/lib/python3.12/site-packages/airflow/example_dags/tutorial_taskflow_api.py
[2025-09-25T05:38:01.305+0000] {processor.py:914} INFO - Processing file /home/airflow/.local/lib/python3.12/site-packages/airflow/example_dags/tutorial_taskflow_api.py for tasks to queue
[2025-09-25T05:38:01.307+0000] {logging_mixin.py:190} INFO - [2025-09-25T05:38:01.307+0000] {dagbag.py:588} INFO - Filling up the DagBag from /home/airflow/.local/lib/python3.12/site-packages/airflow/example_dags/tutorial_taskflow_api.py
[2025-09-25T05:38:01.315+0000] {processor.py:925} INFO - DAG(s) 'tutorial_taskflow_api' retrieved from /home/airflow/.local/lib/python3.12/site-packages/airflow/example_dags/tutorial_taskflow_api.py
[2025-09-25T05:38:01.333+0000] {logging_mixin.py:190} INFO - [2025-09-25T05:38:01.333+0000] {dag.py:3239} INFO - Sync 1 DAGs
[2025-09-25T05:38:01.346+0000] {logging_mixin.py:190} INFO - [2025-09-25T05:38:01.346+0000] {dag.py:4180} INFO - Setting next_dagrun for tutorial_taskflow_api to None, run_after=None
[2025-09-25T05:38:01.362+0000] {processor.py:208} INFO - Processing /home/airflow/.local/lib/python3.12/site-packages/airflow/example_dags/tutorial_taskflow_api.py took 0.064 seconds
[2025-09-25T05:38:31.555+0000] {processor.py:186} INFO - Started process (PID=1295) to work on /home/airflow/.local/lib/python3.12/site-packages/airflow/example_dags/tutorial_taskflow_api.py
[2025-09-25T05:38:31.556+0000] {processor.py:914} INFO - Processing file /home/airflow/.local/lib/python3.12/site-packages/airflow/example_dags/tutorial_taskflow_api.py for tasks to queue
[2025-09-25T05:38:31.559+0000] {logging_mixin.py:190} INFO - [2025-09-25T05:38:31.558+0000] {dagbag.py:588} INFO - Filling up the DagBag from /home/airflow/.local/lib/python3.12/site-packages/airflow/example_dags/tutorial_taskflow_api.py
[2025-09-25T05:38:31.566+0000] {processor.py:925} INFO - DAG(s) 'tutorial_taskflow_api' retrieved from /home/airflow/.local/lib/python3.12/site-packages/airflow/example_dags/tutorial_taskflow_api.py
[2025-09-25T05:38:31.583+0000] {logging_mixin.py:190} INFO - [2025-09-25T05:38:31.583+0000] {dag.py:3239} INFO - Sync 1 DAGs
[2025-09-25T05:38:31.595+0000] {logging_mixin.py:190} INFO - [2025-09-25T05:38:31.595+0000] {dag.py:4180} INFO - Setting next_dagrun for tutorial_taskflow_api to None, run_after=None
[2025-09-25T05:38:31.617+0000] {processor.py:208} INFO - Processing /home/airflow/.local/lib/python3.12/site-packages/airflow/example_dags/tutorial_taskflow_api.py took 0.070 seconds
[2025-09-25T05:39:01.955+0000] {processor.py:186} INFO - Started process (PID=1360) to work on /home/airflow/.local/lib/python3.12/site-packages/airflow/example_dags/tutorial_taskflow_api.py
[2025-09-25T05:39:01.956+0000] {processor.py:914} INFO - Processing file /home/airflow/.local/lib/python3.12/site-packages/airflow/example_dags/tutorial_taskflow_api.py for tasks to queue
[2025-09-25T05:39:01.959+0000] {logging_mixin.py:190} INFO - [2025-09-25T05:39:01.959+0000] {dagbag.py:588} INFO - Filling up the DagBag from /home/airflow/.local/lib/python3.12/site-packages/airflow/example_dags/tutorial_taskflow_api.py
[2025-09-25T05:39:01.967+0000] {processor.py:925} INFO - DAG(s) 'tutorial_taskflow_api' retrieved from /home/airflow/.local/lib/python3.12/site-packages/airflow/example_dags/tutorial_taskflow_api.py
[2025-09-25T05:39:01.988+0000] {logging_mixin.py:190} INFO - [2025-09-25T05:39:01.988+0000] {dag.py:3239} INFO - Sync 1 DAGs
[2025-09-25T05:39:02.000+0000] {logging_mixin.py:190} INFO - [2025-09-25T05:39:02.000+0000] {dag.py:4180} INFO - Setting next_dagrun for tutorial_taskflow_api to None, run_after=None
[2025-09-25T05:39:02.018+0000] {processor.py:208} INFO - Processing /home/airflow/.local/lib/python3.12/site-packages/airflow/example_dags/tutorial_taskflow_api.py took 0.070 seconds
[2025-09-25T05:39:32.680+0000] {processor.py:186} INFO - Started process (PID=1425) to work on /home/airflow/.local/lib/python3.12/site-packages/airflow/example_dags/tutorial_taskflow_api.py
[2025-09-25T05:39:32.681+0000] {processor.py:914} INFO - Processing file /home/airflow/.local/lib/python3.12/site-packages/airflow/example_dags/tutorial_taskflow_api.py for tasks to queue
[2025-09-25T05:39:32.683+0000] {logging_mixin.py:190} INFO - [2025-09-25T05:39:32.683+0000] {dagbag.py:588} INFO - Filling up the DagBag from /home/airflow/.local/lib/python3.12/site-packages/airflow/example_dags/tutorial_taskflow_api.py
[2025-09-25T05:39:32.691+0000] {processor.py:925} INFO - DAG(s) 'tutorial_taskflow_api' retrieved from /home/airflow/.local/lib/python3.12/site-packages/airflow/example_dags/tutorial_taskflow_api.py
[2025-09-25T05:39:32.707+0000] {logging_mixin.py:190} INFO - [2025-09-25T05:39:32.706+0000] {dag.py:3239} INFO - Sync 1 DAGs
[2025-09-25T05:39:32.719+0000] {logging_mixin.py:190} INFO - [2025-09-25T05:39:32.718+0000] {dag.py:4180} INFO - Setting next_dagrun for tutorial_taskflow_api to None, run_after=None
[2025-09-25T05:39:32.735+0000] {processor.py:208} INFO - Processing /home/airflow/.local/lib/python3.12/site-packages/airflow/example_dags/tutorial_taskflow_api.py took 0.060 seconds
[2025-09-25T05:40:02.790+0000] {processor.py:186} INFO - Started process (PID=1490) to work on /home/airflow/.local/lib/python3.12/site-packages/airflow/example_dags/tutorial_taskflow_api.py
[2025-09-25T05:40:02.791+0000] {processor.py:914} INFO - Processing file /home/airflow/.local/lib/python3.12/site-packages/airflow/example_dags/tutorial_taskflow_api.py for tasks to queue
[2025-09-25T05:40:02.793+0000] {logging_mixin.py:190} INFO - [2025-09-25T05:40:02.793+0000] {dagbag.py:588} INFO - Filling up the DagBag from /home/airflow/.local/lib/python3.12/site-packages/airflow/example_dags/tutorial_taskflow_api.py
[2025-09-25T05:40:02.800+0000] {processor.py:925} INFO - DAG(s) 'tutorial_taskflow_api' retrieved from /home/airflow/.local/lib/python3.12/site-packages/airflow/example_dags/tutorial_taskflow_api.py
[2025-09-25T05:40:02.817+0000] {logging_mixin.py:190} INFO - [2025-09-25T05:40:02.816+0000] {dag.py:3239} INFO - Sync 1 DAGs
[2025-09-25T05:40:02.828+0000] {logging_mixin.py:190} INFO - [2025-09-25T05:40:02.828+0000] {dag.py:4180} INFO - Setting next_dagrun for tutorial_taskflow_api to None, run_after=None
[2025-09-25T05:40:02.844+0000] {processor.py:208} INFO - Processing /home/airflow/.local/lib/python3.12/site-packages/airflow/example_dags/tutorial_taskflow_api.py took 0.060 seconds
[2025-09-25T05:40:33.073+0000] {processor.py:186} INFO - Started process (PID=1555) to work on /home/airflow/.local/lib/python3.12/site-packages/airflow/example_dags/tutorial_taskflow_api.py
[2025-09-25T05:40:33.075+0000] {processor.py:914} INFO - Processing file /home/airflow/.local/lib/python3.12/site-packages/airflow/example_dags/tutorial_taskflow_api.py for tasks to queue
[2025-09-25T05:40:33.077+0000] {logging_mixin.py:190} INFO - [2025-09-25T05:40:33.076+0000] {dagbag.py:588} INFO - Filling up the DagBag from /home/airflow/.local/lib/python3.12/site-packages/airflow/example_dags/tutorial_taskflow_api.py
[2025-09-25T05:40:33.084+0000] {processor.py:925} INFO - DAG(s) 'tutorial_taskflow_api' retrieved from /home/airflow/.local/lib/python3.12/site-packages/airflow/example_dags/tutorial_taskflow_api.py
[2025-09-25T05:40:33.104+0000] {logging_mixin.py:190} INFO - [2025-09-25T05:40:33.104+0000] {dag.py:3239} INFO - Sync 1 DAGs
[2025-09-25T05:40:33.119+0000] {logging_mixin.py:190} INFO - [2025-09-25T05:40:33.118+0000] {dag.py:4180} INFO - Setting next_dagrun for tutorial_taskflow_api to None, run_after=None
[2025-09-25T05:40:33.142+0000] {processor.py:208} INFO - Processing /home/airflow/.local/lib/python3.12/site-packages/airflow/example_dags/tutorial_taskflow_api.py took 0.074 seconds
[2025-09-25T05:41:03.438+0000] {processor.py:186} INFO - Started process (PID=1620) to work on /home/airflow/.local/lib/python3.12/site-packages/airflow/example_dags/tutorial_taskflow_api.py
[2025-09-25T05:41:03.439+0000] {processor.py:914} INFO - Processing file /home/airflow/.local/lib/python3.12/site-packages/airflow/example_dags/tutorial_taskflow_api.py for tasks to queue
[2025-09-25T05:41:03.441+0000] {logging_mixin.py:190} INFO - [2025-09-25T05:41:03.441+0000] {dagbag.py:588} INFO - Filling up the DagBag from /home/airflow/.local/lib/python3.12/site-packages/airflow/example_dags/tutorial_taskflow_api.py
[2025-09-25T05:41:03.448+0000] {processor.py:925} INFO - DAG(s) 'tutorial_taskflow_api' retrieved from /home/airflow/.local/lib/python3.12/site-packages/airflow/example_dags/tutorial_taskflow_api.py
[2025-09-25T05:41:03.467+0000] {logging_mixin.py:190} INFO - [2025-09-25T05:41:03.467+0000] {dag.py:3239} INFO - Sync 1 DAGs
[2025-09-25T05:41:03.479+0000] {logging_mixin.py:190} INFO - [2025-09-25T05:41:03.479+0000] {dag.py:4180} INFO - Setting next_dagrun for tutorial_taskflow_api to None, run_after=None
[2025-09-25T05:41:03.493+0000] {processor.py:208} INFO - Processing /home/airflow/.local/lib/python3.12/site-packages/airflow/example_dags/tutorial_taskflow_api.py took 0.061 seconds
[2025-09-25T05:41:33.809+0000] {processor.py:186} INFO - Started process (PID=1685) to work on /home/airflow/.local/lib/python3.12/site-packages/airflow/example_dags/tutorial_taskflow_api.py
[2025-09-25T05:41:33.810+0000] {processor.py:914} INFO - Processing file /home/airflow/.local/lib/python3.12/site-packages/airflow/example_dags/tutorial_taskflow_api.py for tasks to queue
[2025-09-25T05:41:33.812+0000] {logging_mixin.py:190} INFO - [2025-09-25T05:41:33.812+0000] {dagbag.py:588} INFO - Filling up the DagBag from /home/airflow/.local/lib/python3.12/site-packages/airflow/example_dags/tutorial_taskflow_api.py
[2025-09-25T05:41:33.820+0000] {processor.py:925} INFO - DAG(s) 'tutorial_taskflow_api' retrieved from /home/airflow/.local/lib/python3.12/site-packages/airflow/example_dags/tutorial_taskflow_api.py
[2025-09-25T05:41:33.839+0000] {logging_mixin.py:190} INFO - [2025-09-25T05:41:33.838+0000] {dag.py:3239} INFO - Sync 1 DAGs
[2025-09-25T05:41:33.852+0000] {logging_mixin.py:190} INFO - [2025-09-25T05:41:33.852+0000] {dag.py:4180} INFO - Setting next_dagrun for tutorial_taskflow_api to None, run_after=None
[2025-09-25T05:41:33.873+0000] {processor.py:208} INFO - Processing /home/airflow/.local/lib/python3.12/site-packages/airflow/example_dags/tutorial_taskflow_api.py took 0.070 seconds
[2025-09-25T05:42:04.373+0000] {processor.py:186} INFO - Started process (PID=1750) to work on /home/airflow/.local/lib/python3.12/site-packages/airflow/example_dags/tutorial_taskflow_api.py
[2025-09-25T05:42:04.374+0000] {processor.py:914} INFO - Processing file /home/airflow/.local/lib/python3.12/site-packages/airflow/example_dags/tutorial_taskflow_api.py for tasks to queue
[2025-09-25T05:42:04.377+0000] {logging_mixin.py:190} INFO - [2025-09-25T05:42:04.376+0000] {dagbag.py:588} INFO - Filling up the DagBag from /home/airflow/.local/lib/python3.12/site-packages/airflow/example_dags/tutorial_taskflow_api.py
[2025-09-25T05:42:04.385+0000] {processor.py:925} INFO - DAG(s) 'tutorial_taskflow_api' retrieved from /home/airflow/.local/lib/python3.12/site-packages/airflow/example_dags/tutorial_taskflow_api.py
[2025-09-25T05:42:04.404+0000] {logging_mixin.py:190} INFO - [2025-09-25T05:42:04.403+0000] {dag.py:3239} INFO - Sync 1 DAGs
[2025-09-25T05:42:04.415+0000] {logging_mixin.py:190} INFO - [2025-09-25T05:42:04.415+0000] {dag.py:4180} INFO - Setting next_dagrun for tutorial_taskflow_api to None, run_after=None
[2025-09-25T05:42:04.431+0000] {processor.py:208} INFO - Processing /home/airflow/.local/lib/python3.12/site-packages/airflow/example_dags/tutorial_taskflow_api.py took 0.064 seconds
[2025-09-25T05:42:34.604+0000] {processor.py:186} INFO - Started process (PID=1815) to work on /home/airflow/.local/lib/python3.12/site-packages/airflow/example_dags/tutorial_taskflow_api.py
[2025-09-25T05:42:34.605+0000] {processor.py:914} INFO - Processing file /home/airflow/.local/lib/python3.12/site-packages/airflow/example_dags/tutorial_taskflow_api.py for tasks to queue
[2025-09-25T05:42:34.608+0000] {logging_mixin.py:190} INFO - [2025-09-25T05:42:34.608+0000] {dagbag.py:588} INFO - Filling up the DagBag from /home/airflow/.local/lib/python3.12/site-packages/airflow/example_dags/tutorial_taskflow_api.py
[2025-09-25T05:42:34.615+0000] {processor.py:925} INFO - DAG(s) 'tutorial_taskflow_api' retrieved from /home/airflow/.local/lib/python3.12/site-packages/airflow/example_dags/tutorial_taskflow_api.py
[2025-09-25T05:42:34.631+0000] {logging_mixin.py:190} INFO - [2025-09-25T05:42:34.630+0000] {dag.py:3239} INFO - Sync 1 DAGs
[2025-09-25T05:42:34.642+0000] {logging_mixin.py:190} INFO - [2025-09-25T05:42:34.641+0000] {dag.py:4180} INFO - Setting next_dagrun for tutorial_taskflow_api to None, run_after=None
[2025-09-25T05:42:34.658+0000] {processor.py:208} INFO - Processing /home/airflow/.local/lib/python3.12/site-packages/airflow/example_dags/tutorial_taskflow_api.py took 0.059 seconds
[2025-09-25T05:43:04.844+0000] {processor.py:186} INFO - Started process (PID=1880) to work on /home/airflow/.local/lib/python3.12/site-packages/airflow/example_dags/tutorial_taskflow_api.py
[2025-09-25T05:43:04.845+0000] {processor.py:914} INFO - Processing file /home/airflow/.local/lib/python3.12/site-packages/airflow/example_dags/tutorial_taskflow_api.py for tasks to queue
[2025-09-25T05:43:04.848+0000] {logging_mixin.py:190} INFO - [2025-09-25T05:43:04.847+0000] {dagbag.py:588} INFO - Filling up the DagBag from /home/airflow/.local/lib/python3.12/site-packages/airflow/example_dags/tutorial_taskflow_api.py
[2025-09-25T05:43:04.854+0000] {processor.py:925} INFO - DAG(s) 'tutorial_taskflow_api' retrieved from /home/airflow/.local/lib/python3.12/site-packages/airflow/example_dags/tutorial_taskflow_api.py
[2025-09-25T05:43:04.871+0000] {logging_mixin.py:190} INFO - [2025-09-25T05:43:04.870+0000] {dag.py:3239} INFO - Sync 1 DAGs
[2025-09-25T05:43:04.883+0000] {logging_mixin.py:190} INFO - [2025-09-25T05:43:04.883+0000] {dag.py:4180} INFO - Setting next_dagrun for tutorial_taskflow_api to None, run_after=None
[2025-09-25T05:43:04.900+0000] {processor.py:208} INFO - Processing /home/airflow/.local/lib/python3.12/site-packages/airflow/example_dags/tutorial_taskflow_api.py took 0.061 seconds
[2025-09-25T05:43:35.524+0000] {processor.py:186} INFO - Started process (PID=1945) to work on /home/airflow/.local/lib/python3.12/site-packages/airflow/example_dags/tutorial_taskflow_api.py
[2025-09-25T05:43:35.525+0000] {processor.py:914} INFO - Processing file /home/airflow/.local/lib/python3.12/site-packages/airflow/example_dags/tutorial_taskflow_api.py for tasks to queue
[2025-09-25T05:43:35.527+0000] {logging_mixin.py:190} INFO - [2025-09-25T05:43:35.527+0000] {dagbag.py:588} INFO - Filling up the DagBag from /home/airflow/.local/lib/python3.12/site-packages/airflow/example_dags/tutorial_taskflow_api.py
[2025-09-25T05:43:35.535+0000] {processor.py:925} INFO - DAG(s) 'tutorial_taskflow_api' retrieved from /home/airflow/.local/lib/python3.12/site-packages/airflow/example_dags/tutorial_taskflow_api.py
[2025-09-25T05:43:35.554+0000] {logging_mixin.py:190} INFO - [2025-09-25T05:43:35.553+0000] {dag.py:3239} INFO - Sync 1 DAGs
[2025-09-25T05:43:35.565+0000] {logging_mixin.py:190} INFO - [2025-09-25T05:43:35.565+0000] {dag.py:4180} INFO - Setting next_dagrun for tutorial_taskflow_api to None, run_after=None
[2025-09-25T05:43:35.582+0000] {processor.py:208} INFO - Processing /home/airflow/.local/lib/python3.12/site-packages/airflow/example_dags/tutorial_taskflow_api.py took 0.063 seconds
[2025-09-25T05:44:05.796+0000] {processor.py:186} INFO - Started process (PID=2010) to work on /home/airflow/.local/lib/python3.12/site-packages/airflow/example_dags/tutorial_taskflow_api.py
[2025-09-25T05:44:05.797+0000] {processor.py:914} INFO - Processing file /home/airflow/.local/lib/python3.12/site-packages/airflow/example_dags/tutorial_taskflow_api.py for tasks to queue
[2025-09-25T05:44:05.799+0000] {logging_mixin.py:190} INFO - [2025-09-25T05:44:05.799+0000] {dagbag.py:588} INFO - Filling up the DagBag from /home/airflow/.local/lib/python3.12/site-packages/airflow/example_dags/tutorial_taskflow_api.py
[2025-09-25T05:44:05.806+0000] {processor.py:925} INFO - DAG(s) 'tutorial_taskflow_api' retrieved from /home/airflow/.local/lib/python3.12/site-packages/airflow/example_dags/tutorial_taskflow_api.py
[2025-09-25T05:44:05.823+0000] {logging_mixin.py:190} INFO - [2025-09-25T05:44:05.822+0000] {dag.py:3239} INFO - Sync 1 DAGs
[2025-09-25T05:44:05.835+0000] {logging_mixin.py:190} INFO - [2025-09-25T05:44:05.834+0000] {dag.py:4180} INFO - Setting next_dagrun for tutorial_taskflow_api to None, run_after=None
[2025-09-25T05:44:05.849+0000] {processor.py:208} INFO - Processing /home/airflow/.local/lib/python3.12/site-packages/airflow/example_dags/tutorial_taskflow_api.py took 0.058 seconds
[2025-09-25T05:44:36.496+0000] {processor.py:186} INFO - Started process (PID=2075) to work on /home/airflow/.local/lib/python3.12/site-packages/airflow/example_dags/tutorial_taskflow_api.py
[2025-09-25T05:44:36.497+0000] {processor.py:914} INFO - Processing file /home/airflow/.local/lib/python3.12/site-packages/airflow/example_dags/tutorial_taskflow_api.py for tasks to queue
[2025-09-25T05:44:36.499+0000] {logging_mixin.py:190} INFO - [2025-09-25T05:44:36.499+0000] {dagbag.py:588} INFO - Filling up the DagBag from /home/airflow/.local/lib/python3.12/site-packages/airflow/example_dags/tutorial_taskflow_api.py
[2025-09-25T05:44:36.509+0000] {processor.py:925} INFO - DAG(s) 'tutorial_taskflow_api' retrieved from /home/airflow/.local/lib/python3.12/site-packages/airflow/example_dags/tutorial_taskflow_api.py
[2025-09-25T05:44:36.526+0000] {logging_mixin.py:190} INFO - [2025-09-25T05:44:36.526+0000] {dag.py:3239} INFO - Sync 1 DAGs
[2025-09-25T05:44:36.538+0000] {logging_mixin.py:190} INFO - [2025-09-25T05:44:36.538+0000] {dag.py:4180} INFO - Setting next_dagrun for tutorial_taskflow_api to None, run_after=None
[2025-09-25T05:44:36.553+0000] {processor.py:208} INFO - Processing /home/airflow/.local/lib/python3.12/site-packages/airflow/example_dags/tutorial_taskflow_api.py took 0.062 seconds
