[2025-09-25T05:12:39.920+0000] {processor.py:186} INFO - Started process (PID=59) to work on /home/airflow/.local/lib/python3.12/site-packages/airflow/example_dags/tutorial.py
[2025-09-25T05:12:39.921+0000] {processor.py:914} INFO - Processing file /home/airflow/.local/lib/python3.12/site-packages/airflow/example_dags/tutorial.py for tasks to queue
[2025-09-25T05:12:39.924+0000] {logging_mixin.py:190} INFO - [2025-09-25T05:12:39.923+0000] {dagbag.py:588} INFO - Filling up the DagBag from /home/airflow/.local/lib/python3.12/site-packages/airflow/example_dags/tutorial.py
[2025-09-25T05:12:39.936+0000] {processor.py:925} INFO - DAG(s) 'tutorial' retrieved from /home/airflow/.local/lib/python3.12/site-packages/airflow/example_dags/tutorial.py
[2025-09-25T05:12:39.969+0000] {logging_mixin.py:190} INFO - [2025-09-25T05:12:39.969+0000] {dag.py:3239} INFO - Sync 1 DAGs
[2025-09-25T05:12:39.989+0000] {logging_mixin.py:190} INFO - [2025-09-25T05:12:39.989+0000] {dag.py:4180} INFO - Setting next_dagrun for tutorial to 2025-09-24 00:00:00+00:00, run_after=2025-09-25 00:00:00+00:00
[2025-09-25T05:12:40.005+0000] {processor.py:208} INFO - Processing /home/airflow/.local/lib/python3.12/site-packages/airflow/example_dags/tutorial.py took 0.093 seconds
[2025-09-25T05:13:10.326+0000] {processor.py:186} INFO - Started process (PID=129) to work on /home/airflow/.local/lib/python3.12/site-packages/airflow/example_dags/tutorial.py
[2025-09-25T05:13:10.327+0000] {processor.py:914} INFO - Processing file /home/airflow/.local/lib/python3.12/site-packages/airflow/example_dags/tutorial.py for tasks to queue
[2025-09-25T05:13:10.330+0000] {logging_mixin.py:190} INFO - [2025-09-25T05:13:10.329+0000] {dagbag.py:588} INFO - Filling up the DagBag from /home/airflow/.local/lib/python3.12/site-packages/airflow/example_dags/tutorial.py
[2025-09-25T05:13:10.336+0000] {processor.py:925} INFO - DAG(s) 'tutorial' retrieved from /home/airflow/.local/lib/python3.12/site-packages/airflow/example_dags/tutorial.py
[2025-09-25T05:13:10.354+0000] {logging_mixin.py:190} INFO - [2025-09-25T05:13:10.354+0000] {dag.py:3239} INFO - Sync 1 DAGs
[2025-09-25T05:13:10.374+0000] {logging_mixin.py:190} INFO - [2025-09-25T05:13:10.373+0000] {dag.py:4180} INFO - Setting next_dagrun for tutorial to 2025-09-24 00:00:00+00:00, run_after=2025-09-25 00:00:00+00:00
[2025-09-25T05:13:10.389+0000] {processor.py:208} INFO - Processing /home/airflow/.local/lib/python3.12/site-packages/airflow/example_dags/tutorial.py took 0.068 seconds
[2025-09-25T05:13:40.785+0000] {processor.py:186} INFO - Started process (PID=193) to work on /home/airflow/.local/lib/python3.12/site-packages/airflow/example_dags/tutorial.py
[2025-09-25T05:13:40.792+0000] {processor.py:914} INFO - Processing file /home/airflow/.local/lib/python3.12/site-packages/airflow/example_dags/tutorial.py for tasks to queue
[2025-09-25T05:13:40.794+0000] {logging_mixin.py:190} INFO - [2025-09-25T05:13:40.793+0000] {dagbag.py:588} INFO - Filling up the DagBag from /home/airflow/.local/lib/python3.12/site-packages/airflow/example_dags/tutorial.py
[2025-09-25T05:13:40.800+0000] {processor.py:925} INFO - DAG(s) 'tutorial' retrieved from /home/airflow/.local/lib/python3.12/site-packages/airflow/example_dags/tutorial.py
[2025-09-25T05:13:40.818+0000] {logging_mixin.py:190} INFO - [2025-09-25T05:13:40.818+0000] {dag.py:3239} INFO - Sync 1 DAGs
[2025-09-25T05:13:40.836+0000] {logging_mixin.py:190} INFO - [2025-09-25T05:13:40.836+0000] {dag.py:4180} INFO - Setting next_dagrun for tutorial to 2025-09-24 00:00:00+00:00, run_after=2025-09-25 00:00:00+00:00
[2025-09-25T05:13:40.852+0000] {processor.py:208} INFO - Processing /home/airflow/.local/lib/python3.12/site-packages/airflow/example_dags/tutorial.py took 0.072 seconds
[2025-09-25T05:14:11.692+0000] {processor.py:186} INFO - Started process (PID=259) to work on /home/airflow/.local/lib/python3.12/site-packages/airflow/example_dags/tutorial.py
[2025-09-25T05:14:11.693+0000] {processor.py:914} INFO - Processing file /home/airflow/.local/lib/python3.12/site-packages/airflow/example_dags/tutorial.py for tasks to queue
[2025-09-25T05:14:11.695+0000] {logging_mixin.py:190} INFO - [2025-09-25T05:14:11.694+0000] {dagbag.py:588} INFO - Filling up the DagBag from /home/airflow/.local/lib/python3.12/site-packages/airflow/example_dags/tutorial.py
[2025-09-25T05:14:11.703+0000] {processor.py:925} INFO - DAG(s) 'tutorial' retrieved from /home/airflow/.local/lib/python3.12/site-packages/airflow/example_dags/tutorial.py
[2025-09-25T05:14:11.720+0000] {logging_mixin.py:190} INFO - [2025-09-25T05:14:11.719+0000] {dag.py:3239} INFO - Sync 1 DAGs
[2025-09-25T05:14:11.738+0000] {logging_mixin.py:190} INFO - [2025-09-25T05:14:11.738+0000] {dag.py:4180} INFO - Setting next_dagrun for tutorial to 2025-09-24 00:00:00+00:00, run_after=2025-09-25 00:00:00+00:00
[2025-09-25T05:14:11.758+0000] {processor.py:208} INFO - Processing /home/airflow/.local/lib/python3.12/site-packages/airflow/example_dags/tutorial.py took 0.071 seconds
[2025-09-25T05:14:41.898+0000] {processor.py:186} INFO - Started process (PID=323) to work on /home/airflow/.local/lib/python3.12/site-packages/airflow/example_dags/tutorial.py
[2025-09-25T05:14:41.899+0000] {processor.py:914} INFO - Processing file /home/airflow/.local/lib/python3.12/site-packages/airflow/example_dags/tutorial.py for tasks to queue
[2025-09-25T05:14:41.901+0000] {logging_mixin.py:190} INFO - [2025-09-25T05:14:41.901+0000] {dagbag.py:588} INFO - Filling up the DagBag from /home/airflow/.local/lib/python3.12/site-packages/airflow/example_dags/tutorial.py
[2025-09-25T05:14:41.910+0000] {processor.py:925} INFO - DAG(s) 'tutorial' retrieved from /home/airflow/.local/lib/python3.12/site-packages/airflow/example_dags/tutorial.py
[2025-09-25T05:14:41.933+0000] {logging_mixin.py:190} INFO - [2025-09-25T05:14:41.933+0000] {dag.py:3239} INFO - Sync 1 DAGs
[2025-09-25T05:14:41.952+0000] {logging_mixin.py:190} INFO - [2025-09-25T05:14:41.952+0000] {dag.py:4180} INFO - Setting next_dagrun for tutorial to 2025-09-24 00:00:00+00:00, run_after=2025-09-25 00:00:00+00:00
[2025-09-25T05:14:41.968+0000] {processor.py:208} INFO - Processing /home/airflow/.local/lib/python3.12/site-packages/airflow/example_dags/tutorial.py took 0.076 seconds
[2025-09-25T05:15:12.078+0000] {processor.py:186} INFO - Started process (PID=388) to work on /home/airflow/.local/lib/python3.12/site-packages/airflow/example_dags/tutorial.py
[2025-09-25T05:15:12.079+0000] {processor.py:914} INFO - Processing file /home/airflow/.local/lib/python3.12/site-packages/airflow/example_dags/tutorial.py for tasks to queue
[2025-09-25T05:15:12.081+0000] {logging_mixin.py:190} INFO - [2025-09-25T05:15:12.080+0000] {dagbag.py:588} INFO - Filling up the DagBag from /home/airflow/.local/lib/python3.12/site-packages/airflow/example_dags/tutorial.py
[2025-09-25T05:15:12.088+0000] {processor.py:925} INFO - DAG(s) 'tutorial' retrieved from /home/airflow/.local/lib/python3.12/site-packages/airflow/example_dags/tutorial.py
[2025-09-25T05:15:12.106+0000] {logging_mixin.py:190} INFO - [2025-09-25T05:15:12.105+0000] {dag.py:3239} INFO - Sync 1 DAGs
[2025-09-25T05:15:12.126+0000] {logging_mixin.py:190} INFO - [2025-09-25T05:15:12.126+0000] {dag.py:4180} INFO - Setting next_dagrun for tutorial to 2025-09-24 00:00:00+00:00, run_after=2025-09-25 00:00:00+00:00
[2025-09-25T05:15:12.141+0000] {processor.py:208} INFO - Processing /home/airflow/.local/lib/python3.12/site-packages/airflow/example_dags/tutorial.py took 0.069 seconds
[2025-09-25T05:15:42.545+0000] {processor.py:186} INFO - Started process (PID=453) to work on /home/airflow/.local/lib/python3.12/site-packages/airflow/example_dags/tutorial.py
[2025-09-25T05:15:42.546+0000] {processor.py:914} INFO - Processing file /home/airflow/.local/lib/python3.12/site-packages/airflow/example_dags/tutorial.py for tasks to queue
[2025-09-25T05:15:42.548+0000] {logging_mixin.py:190} INFO - [2025-09-25T05:15:42.548+0000] {dagbag.py:588} INFO - Filling up the DagBag from /home/airflow/.local/lib/python3.12/site-packages/airflow/example_dags/tutorial.py
[2025-09-25T05:15:42.556+0000] {processor.py:925} INFO - DAG(s) 'tutorial' retrieved from /home/airflow/.local/lib/python3.12/site-packages/airflow/example_dags/tutorial.py
[2025-09-25T05:15:42.575+0000] {logging_mixin.py:190} INFO - [2025-09-25T05:15:42.574+0000] {dag.py:3239} INFO - Sync 1 DAGs
[2025-09-25T05:15:42.595+0000] {logging_mixin.py:190} INFO - [2025-09-25T05:15:42.595+0000] {dag.py:4180} INFO - Setting next_dagrun for tutorial to 2025-09-24 00:00:00+00:00, run_after=2025-09-25 00:00:00+00:00
[2025-09-25T05:15:42.614+0000] {processor.py:208} INFO - Processing /home/airflow/.local/lib/python3.12/site-packages/airflow/example_dags/tutorial.py took 0.076 seconds
[2025-09-25T05:16:12.861+0000] {processor.py:186} INFO - Started process (PID=518) to work on /home/airflow/.local/lib/python3.12/site-packages/airflow/example_dags/tutorial.py
[2025-09-25T05:16:12.864+0000] {processor.py:914} INFO - Processing file /home/airflow/.local/lib/python3.12/site-packages/airflow/example_dags/tutorial.py for tasks to queue
[2025-09-25T05:16:12.866+0000] {logging_mixin.py:190} INFO - [2025-09-25T05:16:12.866+0000] {dagbag.py:588} INFO - Filling up the DagBag from /home/airflow/.local/lib/python3.12/site-packages/airflow/example_dags/tutorial.py
[2025-09-25T05:16:12.882+0000] {processor.py:925} INFO - DAG(s) 'tutorial' retrieved from /home/airflow/.local/lib/python3.12/site-packages/airflow/example_dags/tutorial.py
[2025-09-25T05:16:12.913+0000] {logging_mixin.py:190} INFO - [2025-09-25T05:16:12.913+0000] {dag.py:3239} INFO - Sync 1 DAGs
[2025-09-25T05:16:12.938+0000] {logging_mixin.py:190} INFO - [2025-09-25T05:16:12.937+0000] {dag.py:4180} INFO - Setting next_dagrun for tutorial to 2025-09-24 00:00:00+00:00, run_after=2025-09-25 00:00:00+00:00
[2025-09-25T05:16:12.964+0000] {processor.py:208} INFO - Processing /home/airflow/.local/lib/python3.12/site-packages/airflow/example_dags/tutorial.py took 0.120 seconds
[2025-09-25T05:16:43.412+0000] {processor.py:186} INFO - Started process (PID=583) to work on /home/airflow/.local/lib/python3.12/site-packages/airflow/example_dags/tutorial.py
[2025-09-25T05:16:43.414+0000] {processor.py:914} INFO - Processing file /home/airflow/.local/lib/python3.12/site-packages/airflow/example_dags/tutorial.py for tasks to queue
[2025-09-25T05:16:43.417+0000] {logging_mixin.py:190} INFO - [2025-09-25T05:16:43.416+0000] {dagbag.py:588} INFO - Filling up the DagBag from /home/airflow/.local/lib/python3.12/site-packages/airflow/example_dags/tutorial.py
[2025-09-25T05:16:43.427+0000] {processor.py:925} INFO - DAG(s) 'tutorial' retrieved from /home/airflow/.local/lib/python3.12/site-packages/airflow/example_dags/tutorial.py
[2025-09-25T05:16:43.446+0000] {logging_mixin.py:190} INFO - [2025-09-25T05:16:43.446+0000] {dag.py:3239} INFO - Sync 1 DAGs
[2025-09-25T05:16:43.466+0000] {logging_mixin.py:190} INFO - [2025-09-25T05:16:43.466+0000] {dag.py:4180} INFO - Setting next_dagrun for tutorial to 2025-09-24 00:00:00+00:00, run_after=2025-09-25 00:00:00+00:00
[2025-09-25T05:16:43.483+0000] {processor.py:208} INFO - Processing /home/airflow/.local/lib/python3.12/site-packages/airflow/example_dags/tutorial.py took 0.076 seconds
[2025-09-25T05:17:13.605+0000] {processor.py:186} INFO - Started process (PID=648) to work on /home/airflow/.local/lib/python3.12/site-packages/airflow/example_dags/tutorial.py
[2025-09-25T05:17:13.608+0000] {processor.py:914} INFO - Processing file /home/airflow/.local/lib/python3.12/site-packages/airflow/example_dags/tutorial.py for tasks to queue
[2025-09-25T05:17:13.610+0000] {logging_mixin.py:190} INFO - [2025-09-25T05:17:13.610+0000] {dagbag.py:588} INFO - Filling up the DagBag from /home/airflow/.local/lib/python3.12/site-packages/airflow/example_dags/tutorial.py
[2025-09-25T05:17:13.618+0000] {processor.py:925} INFO - DAG(s) 'tutorial' retrieved from /home/airflow/.local/lib/python3.12/site-packages/airflow/example_dags/tutorial.py
[2025-09-25T05:17:13.638+0000] {logging_mixin.py:190} INFO - [2025-09-25T05:17:13.638+0000] {dag.py:3239} INFO - Sync 1 DAGs
[2025-09-25T05:17:13.658+0000] {logging_mixin.py:190} INFO - [2025-09-25T05:17:13.658+0000] {dag.py:4180} INFO - Setting next_dagrun for tutorial to 2025-09-24 00:00:00+00:00, run_after=2025-09-25 00:00:00+00:00
[2025-09-25T05:17:13.673+0000] {processor.py:208} INFO - Processing /home/airflow/.local/lib/python3.12/site-packages/airflow/example_dags/tutorial.py took 0.075 seconds
[2025-09-25T05:17:43.821+0000] {processor.py:186} INFO - Started process (PID=713) to work on /home/airflow/.local/lib/python3.12/site-packages/airflow/example_dags/tutorial.py
[2025-09-25T05:17:43.824+0000] {processor.py:914} INFO - Processing file /home/airflow/.local/lib/python3.12/site-packages/airflow/example_dags/tutorial.py for tasks to queue
[2025-09-25T05:17:43.826+0000] {logging_mixin.py:190} INFO - [2025-09-25T05:17:43.826+0000] {dagbag.py:588} INFO - Filling up the DagBag from /home/airflow/.local/lib/python3.12/site-packages/airflow/example_dags/tutorial.py
[2025-09-25T05:17:43.834+0000] {processor.py:925} INFO - DAG(s) 'tutorial' retrieved from /home/airflow/.local/lib/python3.12/site-packages/airflow/example_dags/tutorial.py
[2025-09-25T05:17:43.851+0000] {logging_mixin.py:190} INFO - [2025-09-25T05:17:43.851+0000] {dag.py:3239} INFO - Sync 1 DAGs
[2025-09-25T05:17:43.871+0000] {logging_mixin.py:190} INFO - [2025-09-25T05:17:43.870+0000] {dag.py:4180} INFO - Setting next_dagrun for tutorial to 2025-09-24 00:00:00+00:00, run_after=2025-09-25 00:00:00+00:00
[2025-09-25T05:17:43.887+0000] {processor.py:208} INFO - Processing /home/airflow/.local/lib/python3.12/site-packages/airflow/example_dags/tutorial.py took 0.072 seconds
[2025-09-25T05:18:14.349+0000] {processor.py:186} INFO - Started process (PID=778) to work on /home/airflow/.local/lib/python3.12/site-packages/airflow/example_dags/tutorial.py
[2025-09-25T05:18:14.350+0000] {processor.py:914} INFO - Processing file /home/airflow/.local/lib/python3.12/site-packages/airflow/example_dags/tutorial.py for tasks to queue
[2025-09-25T05:18:14.353+0000] {logging_mixin.py:190} INFO - [2025-09-25T05:18:14.352+0000] {dagbag.py:588} INFO - Filling up the DagBag from /home/airflow/.local/lib/python3.12/site-packages/airflow/example_dags/tutorial.py
[2025-09-25T05:18:14.362+0000] {processor.py:925} INFO - DAG(s) 'tutorial' retrieved from /home/airflow/.local/lib/python3.12/site-packages/airflow/example_dags/tutorial.py
[2025-09-25T05:18:14.384+0000] {logging_mixin.py:190} INFO - [2025-09-25T05:18:14.384+0000] {dag.py:3239} INFO - Sync 1 DAGs
[2025-09-25T05:18:14.411+0000] {logging_mixin.py:190} INFO - [2025-09-25T05:18:14.411+0000] {dag.py:4180} INFO - Setting next_dagrun for tutorial to 2025-09-24 00:00:00+00:00, run_after=2025-09-25 00:00:00+00:00
[2025-09-25T05:18:14.433+0000] {processor.py:208} INFO - Processing /home/airflow/.local/lib/python3.12/site-packages/airflow/example_dags/tutorial.py took 0.090 seconds
[2025-09-25T05:18:44.691+0000] {processor.py:186} INFO - Started process (PID=843) to work on /home/airflow/.local/lib/python3.12/site-packages/airflow/example_dags/tutorial.py
[2025-09-25T05:18:44.692+0000] {processor.py:914} INFO - Processing file /home/airflow/.local/lib/python3.12/site-packages/airflow/example_dags/tutorial.py for tasks to queue
[2025-09-25T05:18:44.694+0000] {logging_mixin.py:190} INFO - [2025-09-25T05:18:44.693+0000] {dagbag.py:588} INFO - Filling up the DagBag from /home/airflow/.local/lib/python3.12/site-packages/airflow/example_dags/tutorial.py
[2025-09-25T05:18:44.702+0000] {processor.py:925} INFO - DAG(s) 'tutorial' retrieved from /home/airflow/.local/lib/python3.12/site-packages/airflow/example_dags/tutorial.py
[2025-09-25T05:18:44.720+0000] {logging_mixin.py:190} INFO - [2025-09-25T05:18:44.719+0000] {dag.py:3239} INFO - Sync 1 DAGs
[2025-09-25T05:18:44.739+0000] {logging_mixin.py:190} INFO - [2025-09-25T05:18:44.739+0000] {dag.py:4180} INFO - Setting next_dagrun for tutorial to 2025-09-24 00:00:00+00:00, run_after=2025-09-25 00:00:00+00:00
[2025-09-25T05:18:44.756+0000] {processor.py:208} INFO - Processing /home/airflow/.local/lib/python3.12/site-packages/airflow/example_dags/tutorial.py took 0.072 seconds
[2025-09-25T05:19:14.885+0000] {processor.py:186} INFO - Started process (PID=908) to work on /home/airflow/.local/lib/python3.12/site-packages/airflow/example_dags/tutorial.py
[2025-09-25T05:19:14.888+0000] {processor.py:914} INFO - Processing file /home/airflow/.local/lib/python3.12/site-packages/airflow/example_dags/tutorial.py for tasks to queue
[2025-09-25T05:19:14.890+0000] {logging_mixin.py:190} INFO - [2025-09-25T05:19:14.889+0000] {dagbag.py:588} INFO - Filling up the DagBag from /home/airflow/.local/lib/python3.12/site-packages/airflow/example_dags/tutorial.py
[2025-09-25T05:19:14.898+0000] {processor.py:925} INFO - DAG(s) 'tutorial' retrieved from /home/airflow/.local/lib/python3.12/site-packages/airflow/example_dags/tutorial.py
[2025-09-25T05:19:14.918+0000] {logging_mixin.py:190} INFO - [2025-09-25T05:19:14.917+0000] {dag.py:3239} INFO - Sync 1 DAGs
[2025-09-25T05:19:14.937+0000] {logging_mixin.py:190} INFO - [2025-09-25T05:19:14.937+0000] {dag.py:4180} INFO - Setting next_dagrun for tutorial to 2025-09-24 00:00:00+00:00, run_after=2025-09-25 00:00:00+00:00
[2025-09-25T05:19:14.952+0000] {processor.py:208} INFO - Processing /home/airflow/.local/lib/python3.12/site-packages/airflow/example_dags/tutorial.py took 0.072 seconds
[2025-09-25T05:19:44.996+0000] {processor.py:186} INFO - Started process (PID=973) to work on /home/airflow/.local/lib/python3.12/site-packages/airflow/example_dags/tutorial.py
[2025-09-25T05:19:44.997+0000] {processor.py:914} INFO - Processing file /home/airflow/.local/lib/python3.12/site-packages/airflow/example_dags/tutorial.py for tasks to queue
[2025-09-25T05:19:45.000+0000] {logging_mixin.py:190} INFO - [2025-09-25T05:19:45.000+0000] {dagbag.py:588} INFO - Filling up the DagBag from /home/airflow/.local/lib/python3.12/site-packages/airflow/example_dags/tutorial.py
[2025-09-25T05:19:45.007+0000] {processor.py:925} INFO - DAG(s) 'tutorial' retrieved from /home/airflow/.local/lib/python3.12/site-packages/airflow/example_dags/tutorial.py
[2025-09-25T05:19:45.024+0000] {logging_mixin.py:190} INFO - [2025-09-25T05:19:45.024+0000] {dag.py:3239} INFO - Sync 1 DAGs
[2025-09-25T05:19:45.046+0000] {logging_mixin.py:190} INFO - [2025-09-25T05:19:45.046+0000] {dag.py:4180} INFO - Setting next_dagrun for tutorial to 2025-09-24 00:00:00+00:00, run_after=2025-09-25 00:00:00+00:00
[2025-09-25T05:19:45.062+0000] {processor.py:208} INFO - Processing /home/airflow/.local/lib/python3.12/site-packages/airflow/example_dags/tutorial.py took 0.071 seconds
[2025-09-25T05:25:39.425+0000] {processor.py:186} INFO - Started process (PID=65) to work on /home/airflow/.local/lib/python3.12/site-packages/airflow/example_dags/tutorial.py
[2025-09-25T05:25:39.426+0000] {processor.py:914} INFO - Processing file /home/airflow/.local/lib/python3.12/site-packages/airflow/example_dags/tutorial.py for tasks to queue
[2025-09-25T05:25:39.428+0000] {logging_mixin.py:190} INFO - [2025-09-25T05:25:39.428+0000] {dagbag.py:588} INFO - Filling up the DagBag from /home/airflow/.local/lib/python3.12/site-packages/airflow/example_dags/tutorial.py
[2025-09-25T05:25:39.437+0000] {processor.py:925} INFO - DAG(s) 'tutorial' retrieved from /home/airflow/.local/lib/python3.12/site-packages/airflow/example_dags/tutorial.py
[2025-09-25T05:25:39.543+0000] {logging_mixin.py:190} INFO - [2025-09-25T05:25:39.543+0000] {dag.py:3239} INFO - Sync 1 DAGs
[2025-09-25T05:25:39.566+0000] {logging_mixin.py:190} INFO - [2025-09-25T05:25:39.566+0000] {dag.py:4180} INFO - Setting next_dagrun for tutorial to 2025-09-24 00:00:00+00:00, run_after=2025-09-25 00:00:00+00:00
[2025-09-25T05:25:39.583+0000] {processor.py:208} INFO - Processing /home/airflow/.local/lib/python3.12/site-packages/airflow/example_dags/tutorial.py took 0.164 seconds
[2025-09-25T05:26:10.273+0000] {processor.py:186} INFO - Started process (PID=129) to work on /home/airflow/.local/lib/python3.12/site-packages/airflow/example_dags/tutorial.py
[2025-09-25T05:26:10.274+0000] {processor.py:914} INFO - Processing file /home/airflow/.local/lib/python3.12/site-packages/airflow/example_dags/tutorial.py for tasks to queue
[2025-09-25T05:26:10.276+0000] {logging_mixin.py:190} INFO - [2025-09-25T05:26:10.276+0000] {dagbag.py:588} INFO - Filling up the DagBag from /home/airflow/.local/lib/python3.12/site-packages/airflow/example_dags/tutorial.py
[2025-09-25T05:26:10.284+0000] {processor.py:925} INFO - DAG(s) 'tutorial' retrieved from /home/airflow/.local/lib/python3.12/site-packages/airflow/example_dags/tutorial.py
[2025-09-25T05:26:10.302+0000] {logging_mixin.py:190} INFO - [2025-09-25T05:26:10.301+0000] {dag.py:3239} INFO - Sync 1 DAGs
[2025-09-25T05:26:10.323+0000] {logging_mixin.py:190} INFO - [2025-09-25T05:26:10.323+0000] {dag.py:4180} INFO - Setting next_dagrun for tutorial to 2025-09-24 00:00:00+00:00, run_after=2025-09-25 00:00:00+00:00
[2025-09-25T05:26:10.338+0000] {processor.py:208} INFO - Processing /home/airflow/.local/lib/python3.12/site-packages/airflow/example_dags/tutorial.py took 0.072 seconds
[2025-09-25T05:26:41.072+0000] {processor.py:186} INFO - Started process (PID=194) to work on /home/airflow/.local/lib/python3.12/site-packages/airflow/example_dags/tutorial.py
[2025-09-25T05:26:41.074+0000] {processor.py:914} INFO - Processing file /home/airflow/.local/lib/python3.12/site-packages/airflow/example_dags/tutorial.py for tasks to queue
[2025-09-25T05:26:41.076+0000] {logging_mixin.py:190} INFO - [2025-09-25T05:26:41.076+0000] {dagbag.py:588} INFO - Filling up the DagBag from /home/airflow/.local/lib/python3.12/site-packages/airflow/example_dags/tutorial.py
[2025-09-25T05:26:41.087+0000] {processor.py:925} INFO - DAG(s) 'tutorial' retrieved from /home/airflow/.local/lib/python3.12/site-packages/airflow/example_dags/tutorial.py
[2025-09-25T05:26:41.109+0000] {logging_mixin.py:190} INFO - [2025-09-25T05:26:41.108+0000] {dag.py:3239} INFO - Sync 1 DAGs
[2025-09-25T05:26:41.135+0000] {logging_mixin.py:190} INFO - [2025-09-25T05:26:41.134+0000] {dag.py:4180} INFO - Setting next_dagrun for tutorial to 2025-09-24 00:00:00+00:00, run_after=2025-09-25 00:00:00+00:00
[2025-09-25T05:26:41.155+0000] {processor.py:208} INFO - Processing /home/airflow/.local/lib/python3.12/site-packages/airflow/example_dags/tutorial.py took 0.090 seconds
[2025-09-25T05:27:11.360+0000] {processor.py:186} INFO - Started process (PID=259) to work on /home/airflow/.local/lib/python3.12/site-packages/airflow/example_dags/tutorial.py
[2025-09-25T05:27:11.400+0000] {processor.py:914} INFO - Processing file /home/airflow/.local/lib/python3.12/site-packages/airflow/example_dags/tutorial.py for tasks to queue
[2025-09-25T05:27:11.402+0000] {logging_mixin.py:190} INFO - [2025-09-25T05:27:11.402+0000] {dagbag.py:588} INFO - Filling up the DagBag from /home/airflow/.local/lib/python3.12/site-packages/airflow/example_dags/tutorial.py
[2025-09-25T05:27:11.410+0000] {processor.py:925} INFO - DAG(s) 'tutorial' retrieved from /home/airflow/.local/lib/python3.12/site-packages/airflow/example_dags/tutorial.py
[2025-09-25T05:27:11.432+0000] {logging_mixin.py:190} INFO - [2025-09-25T05:27:11.432+0000] {dag.py:3239} INFO - Sync 1 DAGs
[2025-09-25T05:27:11.451+0000] {logging_mixin.py:190} INFO - [2025-09-25T05:27:11.451+0000] {dag.py:4180} INFO - Setting next_dagrun for tutorial to 2025-09-24 00:00:00+00:00, run_after=2025-09-25 00:00:00+00:00
[2025-09-25T05:27:11.467+0000] {processor.py:208} INFO - Processing /home/airflow/.local/lib/python3.12/site-packages/airflow/example_dags/tutorial.py took 0.112 seconds
[2025-09-25T05:27:41.512+0000] {processor.py:186} INFO - Started process (PID=323) to work on /home/airflow/.local/lib/python3.12/site-packages/airflow/example_dags/tutorial.py
[2025-09-25T05:27:41.514+0000] {processor.py:914} INFO - Processing file /home/airflow/.local/lib/python3.12/site-packages/airflow/example_dags/tutorial.py for tasks to queue
[2025-09-25T05:27:41.516+0000] {logging_mixin.py:190} INFO - [2025-09-25T05:27:41.516+0000] {dagbag.py:588} INFO - Filling up the DagBag from /home/airflow/.local/lib/python3.12/site-packages/airflow/example_dags/tutorial.py
[2025-09-25T05:27:41.524+0000] {processor.py:925} INFO - DAG(s) 'tutorial' retrieved from /home/airflow/.local/lib/python3.12/site-packages/airflow/example_dags/tutorial.py
[2025-09-25T05:27:41.542+0000] {logging_mixin.py:190} INFO - [2025-09-25T05:27:41.541+0000] {dag.py:3239} INFO - Sync 1 DAGs
[2025-09-25T05:27:41.563+0000] {logging_mixin.py:190} INFO - [2025-09-25T05:27:41.563+0000] {dag.py:4180} INFO - Setting next_dagrun for tutorial to 2025-09-24 00:00:00+00:00, run_after=2025-09-25 00:00:00+00:00
[2025-09-25T05:27:41.580+0000] {processor.py:208} INFO - Processing /home/airflow/.local/lib/python3.12/site-packages/airflow/example_dags/tutorial.py took 0.074 seconds
[2025-09-25T05:28:54.898+0000] {processor.py:186} INFO - Started process (PID=66) to work on /home/airflow/.local/lib/python3.12/site-packages/airflow/example_dags/tutorial.py
[2025-09-25T05:28:54.899+0000] {processor.py:914} INFO - Processing file /home/airflow/.local/lib/python3.12/site-packages/airflow/example_dags/tutorial.py for tasks to queue
[2025-09-25T05:28:54.901+0000] {logging_mixin.py:190} INFO - [2025-09-25T05:28:54.901+0000] {dagbag.py:588} INFO - Filling up the DagBag from /home/airflow/.local/lib/python3.12/site-packages/airflow/example_dags/tutorial.py
[2025-09-25T05:28:54.909+0000] {processor.py:925} INFO - DAG(s) 'tutorial' retrieved from /home/airflow/.local/lib/python3.12/site-packages/airflow/example_dags/tutorial.py
[2025-09-25T05:28:54.930+0000] {logging_mixin.py:190} INFO - [2025-09-25T05:28:54.930+0000] {dag.py:3239} INFO - Sync 1 DAGs
[2025-09-25T05:28:54.948+0000] {logging_mixin.py:190} INFO - [2025-09-25T05:28:54.948+0000] {dag.py:4180} INFO - Setting next_dagrun for tutorial to 2025-09-24 00:00:00+00:00, run_after=2025-09-25 00:00:00+00:00
[2025-09-25T05:28:54.967+0000] {processor.py:208} INFO - Processing /home/airflow/.local/lib/python3.12/site-packages/airflow/example_dags/tutorial.py took 0.073 seconds
[2025-09-25T05:29:26.398+0000] {processor.py:186} INFO - Started process (PID=131) to work on /home/airflow/.local/lib/python3.12/site-packages/airflow/example_dags/tutorial.py
[2025-09-25T05:29:26.399+0000] {processor.py:914} INFO - Processing file /home/airflow/.local/lib/python3.12/site-packages/airflow/example_dags/tutorial.py for tasks to queue
[2025-09-25T05:29:26.401+0000] {logging_mixin.py:190} INFO - [2025-09-25T05:29:26.401+0000] {dagbag.py:588} INFO - Filling up the DagBag from /home/airflow/.local/lib/python3.12/site-packages/airflow/example_dags/tutorial.py
[2025-09-25T05:29:26.407+0000] {processor.py:925} INFO - DAG(s) 'tutorial' retrieved from /home/airflow/.local/lib/python3.12/site-packages/airflow/example_dags/tutorial.py
[2025-09-25T05:29:26.422+0000] {logging_mixin.py:190} INFO - [2025-09-25T05:29:26.422+0000] {dag.py:3239} INFO - Sync 1 DAGs
[2025-09-25T05:29:26.440+0000] {logging_mixin.py:190} INFO - [2025-09-25T05:29:26.440+0000] {dag.py:4180} INFO - Setting next_dagrun for tutorial to 2025-09-24 00:00:00+00:00, run_after=2025-09-25 00:00:00+00:00
[2025-09-25T05:29:26.454+0000] {processor.py:208} INFO - Processing /home/airflow/.local/lib/python3.12/site-packages/airflow/example_dags/tutorial.py took 0.060 seconds
[2025-09-25T05:29:57.319+0000] {processor.py:186} INFO - Started process (PID=196) to work on /home/airflow/.local/lib/python3.12/site-packages/airflow/example_dags/tutorial.py
[2025-09-25T05:29:57.320+0000] {processor.py:914} INFO - Processing file /home/airflow/.local/lib/python3.12/site-packages/airflow/example_dags/tutorial.py for tasks to queue
[2025-09-25T05:29:57.322+0000] {logging_mixin.py:190} INFO - [2025-09-25T05:29:57.322+0000] {dagbag.py:588} INFO - Filling up the DagBag from /home/airflow/.local/lib/python3.12/site-packages/airflow/example_dags/tutorial.py
[2025-09-25T05:29:57.331+0000] {processor.py:925} INFO - DAG(s) 'tutorial' retrieved from /home/airflow/.local/lib/python3.12/site-packages/airflow/example_dags/tutorial.py
[2025-09-25T05:29:57.350+0000] {logging_mixin.py:190} INFO - [2025-09-25T05:29:57.349+0000] {dag.py:3239} INFO - Sync 1 DAGs
[2025-09-25T05:29:57.369+0000] {logging_mixin.py:190} INFO - [2025-09-25T05:29:57.369+0000] {dag.py:4180} INFO - Setting next_dagrun for tutorial to 2025-09-24 00:00:00+00:00, run_after=2025-09-25 00:00:00+00:00
[2025-09-25T05:29:57.385+0000] {processor.py:208} INFO - Processing /home/airflow/.local/lib/python3.12/site-packages/airflow/example_dags/tutorial.py took 0.073 seconds
[2025-09-25T05:30:28.709+0000] {processor.py:186} INFO - Started process (PID=261) to work on /home/airflow/.local/lib/python3.12/site-packages/airflow/example_dags/tutorial.py
[2025-09-25T05:30:28.710+0000] {processor.py:914} INFO - Processing file /home/airflow/.local/lib/python3.12/site-packages/airflow/example_dags/tutorial.py for tasks to queue
[2025-09-25T05:30:28.712+0000] {logging_mixin.py:190} INFO - [2025-09-25T05:30:28.712+0000] {dagbag.py:588} INFO - Filling up the DagBag from /home/airflow/.local/lib/python3.12/site-packages/airflow/example_dags/tutorial.py
[2025-09-25T05:30:28.722+0000] {processor.py:925} INFO - DAG(s) 'tutorial' retrieved from /home/airflow/.local/lib/python3.12/site-packages/airflow/example_dags/tutorial.py
[2025-09-25T05:30:28.740+0000] {logging_mixin.py:190} INFO - [2025-09-25T05:30:28.740+0000] {dag.py:3239} INFO - Sync 1 DAGs
[2025-09-25T05:30:28.759+0000] {logging_mixin.py:190} INFO - [2025-09-25T05:30:28.758+0000] {dag.py:4180} INFO - Setting next_dagrun for tutorial to 2025-09-24 00:00:00+00:00, run_after=2025-09-25 00:00:00+00:00
[2025-09-25T05:30:28.776+0000] {processor.py:208} INFO - Processing /home/airflow/.local/lib/python3.12/site-packages/airflow/example_dags/tutorial.py took 0.072 seconds
[2025-09-25T05:30:59.500+0000] {processor.py:186} INFO - Started process (PID=326) to work on /home/airflow/.local/lib/python3.12/site-packages/airflow/example_dags/tutorial.py
[2025-09-25T05:30:59.501+0000] {processor.py:914} INFO - Processing file /home/airflow/.local/lib/python3.12/site-packages/airflow/example_dags/tutorial.py for tasks to queue
[2025-09-25T05:30:59.503+0000] {logging_mixin.py:190} INFO - [2025-09-25T05:30:59.502+0000] {dagbag.py:588} INFO - Filling up the DagBag from /home/airflow/.local/lib/python3.12/site-packages/airflow/example_dags/tutorial.py
[2025-09-25T05:30:59.510+0000] {processor.py:925} INFO - DAG(s) 'tutorial' retrieved from /home/airflow/.local/lib/python3.12/site-packages/airflow/example_dags/tutorial.py
[2025-09-25T05:30:59.527+0000] {logging_mixin.py:190} INFO - [2025-09-25T05:30:59.527+0000] {dag.py:3239} INFO - Sync 1 DAGs
[2025-09-25T05:30:59.548+0000] {logging_mixin.py:190} INFO - [2025-09-25T05:30:59.548+0000] {dag.py:4180} INFO - Setting next_dagrun for tutorial to 2025-09-24 00:00:00+00:00, run_after=2025-09-25 00:00:00+00:00
[2025-09-25T05:30:59.563+0000] {processor.py:208} INFO - Processing /home/airflow/.local/lib/python3.12/site-packages/airflow/example_dags/tutorial.py took 0.069 seconds
[2025-09-25T05:31:30.538+0000] {processor.py:186} INFO - Started process (PID=391) to work on /home/airflow/.local/lib/python3.12/site-packages/airflow/example_dags/tutorial.py
[2025-09-25T05:31:30.539+0000] {processor.py:914} INFO - Processing file /home/airflow/.local/lib/python3.12/site-packages/airflow/example_dags/tutorial.py for tasks to queue
[2025-09-25T05:31:30.542+0000] {logging_mixin.py:190} INFO - [2025-09-25T05:31:30.541+0000] {dagbag.py:588} INFO - Filling up the DagBag from /home/airflow/.local/lib/python3.12/site-packages/airflow/example_dags/tutorial.py
[2025-09-25T05:31:30.549+0000] {processor.py:925} INFO - DAG(s) 'tutorial' retrieved from /home/airflow/.local/lib/python3.12/site-packages/airflow/example_dags/tutorial.py
[2025-09-25T05:31:30.567+0000] {logging_mixin.py:190} INFO - [2025-09-25T05:31:30.567+0000] {dag.py:3239} INFO - Sync 1 DAGs
[2025-09-25T05:31:30.586+0000] {logging_mixin.py:190} INFO - [2025-09-25T05:31:30.586+0000] {dag.py:4180} INFO - Setting next_dagrun for tutorial to 2025-09-24 00:00:00+00:00, run_after=2025-09-25 00:00:00+00:00
[2025-09-25T05:31:30.603+0000] {processor.py:208} INFO - Processing /home/airflow/.local/lib/python3.12/site-packages/airflow/example_dags/tutorial.py took 0.070 seconds
[2025-09-25T05:32:01.740+0000] {processor.py:186} INFO - Started process (PID=456) to work on /home/airflow/.local/lib/python3.12/site-packages/airflow/example_dags/tutorial.py
[2025-09-25T05:32:01.741+0000] {processor.py:914} INFO - Processing file /home/airflow/.local/lib/python3.12/site-packages/airflow/example_dags/tutorial.py for tasks to queue
[2025-09-25T05:32:01.744+0000] {logging_mixin.py:190} INFO - [2025-09-25T05:32:01.743+0000] {dagbag.py:588} INFO - Filling up the DagBag from /home/airflow/.local/lib/python3.12/site-packages/airflow/example_dags/tutorial.py
[2025-09-25T05:32:01.752+0000] {processor.py:925} INFO - DAG(s) 'tutorial' retrieved from /home/airflow/.local/lib/python3.12/site-packages/airflow/example_dags/tutorial.py
[2025-09-25T05:32:01.770+0000] {logging_mixin.py:190} INFO - [2025-09-25T05:32:01.770+0000] {dag.py:3239} INFO - Sync 1 DAGs
[2025-09-25T05:32:01.791+0000] {logging_mixin.py:190} INFO - [2025-09-25T05:32:01.791+0000] {dag.py:4180} INFO - Setting next_dagrun for tutorial to 2025-09-24 00:00:00+00:00, run_after=2025-09-25 00:00:00+00:00
[2025-09-25T05:32:01.806+0000] {processor.py:208} INFO - Processing /home/airflow/.local/lib/python3.12/site-packages/airflow/example_dags/tutorial.py took 0.072 seconds
[2025-09-25T05:32:33.113+0000] {processor.py:186} INFO - Started process (PID=521) to work on /home/airflow/.local/lib/python3.12/site-packages/airflow/example_dags/tutorial.py
[2025-09-25T05:32:33.114+0000] {processor.py:914} INFO - Processing file /home/airflow/.local/lib/python3.12/site-packages/airflow/example_dags/tutorial.py for tasks to queue
[2025-09-25T05:32:33.116+0000] {logging_mixin.py:190} INFO - [2025-09-25T05:32:33.115+0000] {dagbag.py:588} INFO - Filling up the DagBag from /home/airflow/.local/lib/python3.12/site-packages/airflow/example_dags/tutorial.py
[2025-09-25T05:32:33.123+0000] {processor.py:925} INFO - DAG(s) 'tutorial' retrieved from /home/airflow/.local/lib/python3.12/site-packages/airflow/example_dags/tutorial.py
[2025-09-25T05:32:33.142+0000] {logging_mixin.py:190} INFO - [2025-09-25T05:32:33.142+0000] {dag.py:3239} INFO - Sync 1 DAGs
[2025-09-25T05:32:33.163+0000] {logging_mixin.py:190} INFO - [2025-09-25T05:32:33.163+0000] {dag.py:4180} INFO - Setting next_dagrun for tutorial to 2025-09-24 00:00:00+00:00, run_after=2025-09-25 00:00:00+00:00
[2025-09-25T05:32:33.178+0000] {processor.py:208} INFO - Processing /home/airflow/.local/lib/python3.12/site-packages/airflow/example_dags/tutorial.py took 0.071 seconds
[2025-09-25T05:33:04.018+0000] {processor.py:186} INFO - Started process (PID=586) to work on /home/airflow/.local/lib/python3.12/site-packages/airflow/example_dags/tutorial.py
[2025-09-25T05:33:04.019+0000] {processor.py:914} INFO - Processing file /home/airflow/.local/lib/python3.12/site-packages/airflow/example_dags/tutorial.py for tasks to queue
[2025-09-25T05:33:04.021+0000] {logging_mixin.py:190} INFO - [2025-09-25T05:33:04.021+0000] {dagbag.py:588} INFO - Filling up the DagBag from /home/airflow/.local/lib/python3.12/site-packages/airflow/example_dags/tutorial.py
[2025-09-25T05:33:04.029+0000] {processor.py:925} INFO - DAG(s) 'tutorial' retrieved from /home/airflow/.local/lib/python3.12/site-packages/airflow/example_dags/tutorial.py
[2025-09-25T05:33:04.049+0000] {logging_mixin.py:190} INFO - [2025-09-25T05:33:04.049+0000] {dag.py:3239} INFO - Sync 1 DAGs
[2025-09-25T05:33:04.071+0000] {logging_mixin.py:190} INFO - [2025-09-25T05:33:04.071+0000] {dag.py:4180} INFO - Setting next_dagrun for tutorial to 2025-09-24 00:00:00+00:00, run_after=2025-09-25 00:00:00+00:00
[2025-09-25T05:33:04.091+0000] {processor.py:208} INFO - Processing /home/airflow/.local/lib/python3.12/site-packages/airflow/example_dags/tutorial.py took 0.080 seconds
[2025-09-25T05:33:35.074+0000] {processor.py:186} INFO - Started process (PID=651) to work on /home/airflow/.local/lib/python3.12/site-packages/airflow/example_dags/tutorial.py
[2025-09-25T05:33:35.075+0000] {processor.py:914} INFO - Processing file /home/airflow/.local/lib/python3.12/site-packages/airflow/example_dags/tutorial.py for tasks to queue
[2025-09-25T05:33:35.077+0000] {logging_mixin.py:190} INFO - [2025-09-25T05:33:35.077+0000] {dagbag.py:588} INFO - Filling up the DagBag from /home/airflow/.local/lib/python3.12/site-packages/airflow/example_dags/tutorial.py
[2025-09-25T05:33:35.085+0000] {processor.py:925} INFO - DAG(s) 'tutorial' retrieved from /home/airflow/.local/lib/python3.12/site-packages/airflow/example_dags/tutorial.py
[2025-09-25T05:33:35.105+0000] {logging_mixin.py:190} INFO - [2025-09-25T05:33:35.104+0000] {dag.py:3239} INFO - Sync 1 DAGs
[2025-09-25T05:33:35.128+0000] {logging_mixin.py:190} INFO - [2025-09-25T05:33:35.127+0000] {dag.py:4180} INFO - Setting next_dagrun for tutorial to 2025-09-24 00:00:00+00:00, run_after=2025-09-25 00:00:00+00:00
[2025-09-25T05:33:35.145+0000] {processor.py:208} INFO - Processing /home/airflow/.local/lib/python3.12/site-packages/airflow/example_dags/tutorial.py took 0.076 seconds
[2025-09-25T05:34:06.185+0000] {processor.py:186} INFO - Started process (PID=716) to work on /home/airflow/.local/lib/python3.12/site-packages/airflow/example_dags/tutorial.py
[2025-09-25T05:34:06.186+0000] {processor.py:914} INFO - Processing file /home/airflow/.local/lib/python3.12/site-packages/airflow/example_dags/tutorial.py for tasks to queue
[2025-09-25T05:34:06.189+0000] {logging_mixin.py:190} INFO - [2025-09-25T05:34:06.188+0000] {dagbag.py:588} INFO - Filling up the DagBag from /home/airflow/.local/lib/python3.12/site-packages/airflow/example_dags/tutorial.py
[2025-09-25T05:34:06.197+0000] {processor.py:925} INFO - DAG(s) 'tutorial' retrieved from /home/airflow/.local/lib/python3.12/site-packages/airflow/example_dags/tutorial.py
[2025-09-25T05:34:06.213+0000] {logging_mixin.py:190} INFO - [2025-09-25T05:34:06.213+0000] {dag.py:3239} INFO - Sync 1 DAGs
[2025-09-25T05:34:06.232+0000] {logging_mixin.py:190} INFO - [2025-09-25T05:34:06.232+0000] {dag.py:4180} INFO - Setting next_dagrun for tutorial to 2025-09-24 00:00:00+00:00, run_after=2025-09-25 00:00:00+00:00
[2025-09-25T05:34:06.247+0000] {processor.py:208} INFO - Processing /home/airflow/.local/lib/python3.12/site-packages/airflow/example_dags/tutorial.py took 0.067 seconds
[2025-09-25T05:34:37.415+0000] {processor.py:186} INFO - Started process (PID=781) to work on /home/airflow/.local/lib/python3.12/site-packages/airflow/example_dags/tutorial.py
[2025-09-25T05:34:37.416+0000] {processor.py:914} INFO - Processing file /home/airflow/.local/lib/python3.12/site-packages/airflow/example_dags/tutorial.py for tasks to queue
[2025-09-25T05:34:37.418+0000] {logging_mixin.py:190} INFO - [2025-09-25T05:34:37.418+0000] {dagbag.py:588} INFO - Filling up the DagBag from /home/airflow/.local/lib/python3.12/site-packages/airflow/example_dags/tutorial.py
[2025-09-25T05:34:37.427+0000] {processor.py:925} INFO - DAG(s) 'tutorial' retrieved from /home/airflow/.local/lib/python3.12/site-packages/airflow/example_dags/tutorial.py
[2025-09-25T05:34:37.443+0000] {logging_mixin.py:190} INFO - [2025-09-25T05:34:37.443+0000] {dag.py:3239} INFO - Sync 1 DAGs
[2025-09-25T05:34:37.462+0000] {logging_mixin.py:190} INFO - [2025-09-25T05:34:37.462+0000] {dag.py:4180} INFO - Setting next_dagrun for tutorial to 2025-09-24 00:00:00+00:00, run_after=2025-09-25 00:00:00+00:00
[2025-09-25T05:34:37.477+0000] {processor.py:208} INFO - Processing /home/airflow/.local/lib/python3.12/site-packages/airflow/example_dags/tutorial.py took 0.067 seconds
[2025-09-25T05:35:08.759+0000] {processor.py:186} INFO - Started process (PID=846) to work on /home/airflow/.local/lib/python3.12/site-packages/airflow/example_dags/tutorial.py
[2025-09-25T05:35:08.761+0000] {processor.py:914} INFO - Processing file /home/airflow/.local/lib/python3.12/site-packages/airflow/example_dags/tutorial.py for tasks to queue
[2025-09-25T05:35:08.763+0000] {logging_mixin.py:190} INFO - [2025-09-25T05:35:08.763+0000] {dagbag.py:588} INFO - Filling up the DagBag from /home/airflow/.local/lib/python3.12/site-packages/airflow/example_dags/tutorial.py
[2025-09-25T05:35:08.773+0000] {processor.py:925} INFO - DAG(s) 'tutorial' retrieved from /home/airflow/.local/lib/python3.12/site-packages/airflow/example_dags/tutorial.py
[2025-09-25T05:35:08.792+0000] {logging_mixin.py:190} INFO - [2025-09-25T05:35:08.792+0000] {dag.py:3239} INFO - Sync 1 DAGs
[2025-09-25T05:35:08.814+0000] {logging_mixin.py:190} INFO - [2025-09-25T05:35:08.814+0000] {dag.py:4180} INFO - Setting next_dagrun for tutorial to 2025-09-24 00:00:00+00:00, run_after=2025-09-25 00:00:00+00:00
[2025-09-25T05:35:08.831+0000] {processor.py:208} INFO - Processing /home/airflow/.local/lib/python3.12/site-packages/airflow/example_dags/tutorial.py took 0.078 seconds
[2025-09-25T05:35:40.027+0000] {processor.py:186} INFO - Started process (PID=911) to work on /home/airflow/.local/lib/python3.12/site-packages/airflow/example_dags/tutorial.py
[2025-09-25T05:35:40.028+0000] {processor.py:914} INFO - Processing file /home/airflow/.local/lib/python3.12/site-packages/airflow/example_dags/tutorial.py for tasks to queue
[2025-09-25T05:35:40.030+0000] {logging_mixin.py:190} INFO - [2025-09-25T05:35:40.030+0000] {dagbag.py:588} INFO - Filling up the DagBag from /home/airflow/.local/lib/python3.12/site-packages/airflow/example_dags/tutorial.py
[2025-09-25T05:35:40.038+0000] {processor.py:925} INFO - DAG(s) 'tutorial' retrieved from /home/airflow/.local/lib/python3.12/site-packages/airflow/example_dags/tutorial.py
[2025-09-25T05:35:40.055+0000] {logging_mixin.py:190} INFO - [2025-09-25T05:35:40.054+0000] {dag.py:3239} INFO - Sync 1 DAGs
[2025-09-25T05:35:40.078+0000] {logging_mixin.py:190} INFO - [2025-09-25T05:35:40.077+0000] {dag.py:4180} INFO - Setting next_dagrun for tutorial to 2025-09-24 00:00:00+00:00, run_after=2025-09-25 00:00:00+00:00
[2025-09-25T05:35:40.093+0000] {processor.py:208} INFO - Processing /home/airflow/.local/lib/python3.12/site-packages/airflow/example_dags/tutorial.py took 0.071 seconds
[2025-09-25T05:36:11.415+0000] {processor.py:186} INFO - Started process (PID=976) to work on /home/airflow/.local/lib/python3.12/site-packages/airflow/example_dags/tutorial.py
[2025-09-25T05:36:11.416+0000] {processor.py:914} INFO - Processing file /home/airflow/.local/lib/python3.12/site-packages/airflow/example_dags/tutorial.py for tasks to queue
[2025-09-25T05:36:11.418+0000] {logging_mixin.py:190} INFO - [2025-09-25T05:36:11.418+0000] {dagbag.py:588} INFO - Filling up the DagBag from /home/airflow/.local/lib/python3.12/site-packages/airflow/example_dags/tutorial.py
[2025-09-25T05:36:11.425+0000] {processor.py:925} INFO - DAG(s) 'tutorial' retrieved from /home/airflow/.local/lib/python3.12/site-packages/airflow/example_dags/tutorial.py
[2025-09-25T05:36:11.441+0000] {logging_mixin.py:190} INFO - [2025-09-25T05:36:11.441+0000] {dag.py:3239} INFO - Sync 1 DAGs
[2025-09-25T05:36:11.462+0000] {logging_mixin.py:190} INFO - [2025-09-25T05:36:11.462+0000] {dag.py:4180} INFO - Setting next_dagrun for tutorial to 2025-09-24 00:00:00+00:00, run_after=2025-09-25 00:00:00+00:00
[2025-09-25T05:36:11.478+0000] {processor.py:208} INFO - Processing /home/airflow/.local/lib/python3.12/site-packages/airflow/example_dags/tutorial.py took 0.069 seconds
[2025-09-25T05:36:42.801+0000] {processor.py:186} INFO - Started process (PID=1041) to work on /home/airflow/.local/lib/python3.12/site-packages/airflow/example_dags/tutorial.py
[2025-09-25T05:36:42.802+0000] {processor.py:914} INFO - Processing file /home/airflow/.local/lib/python3.12/site-packages/airflow/example_dags/tutorial.py for tasks to queue
[2025-09-25T05:36:42.804+0000] {logging_mixin.py:190} INFO - [2025-09-25T05:36:42.803+0000] {dagbag.py:588} INFO - Filling up the DagBag from /home/airflow/.local/lib/python3.12/site-packages/airflow/example_dags/tutorial.py
[2025-09-25T05:36:42.811+0000] {processor.py:925} INFO - DAG(s) 'tutorial' retrieved from /home/airflow/.local/lib/python3.12/site-packages/airflow/example_dags/tutorial.py
[2025-09-25T05:36:42.827+0000] {logging_mixin.py:190} INFO - [2025-09-25T05:36:42.827+0000] {dag.py:3239} INFO - Sync 1 DAGs
[2025-09-25T05:36:42.845+0000] {logging_mixin.py:190} INFO - [2025-09-25T05:36:42.845+0000] {dag.py:4180} INFO - Setting next_dagrun for tutorial to 2025-09-24 00:00:00+00:00, run_after=2025-09-25 00:00:00+00:00
[2025-09-25T05:36:42.861+0000] {processor.py:208} INFO - Processing /home/airflow/.local/lib/python3.12/site-packages/airflow/example_dags/tutorial.py took 0.065 seconds
[2025-09-25T05:37:13.469+0000] {processor.py:186} INFO - Started process (PID=1106) to work on /home/airflow/.local/lib/python3.12/site-packages/airflow/example_dags/tutorial.py
[2025-09-25T05:37:13.470+0000] {processor.py:914} INFO - Processing file /home/airflow/.local/lib/python3.12/site-packages/airflow/example_dags/tutorial.py for tasks to queue
[2025-09-25T05:37:13.472+0000] {logging_mixin.py:190} INFO - [2025-09-25T05:37:13.472+0000] {dagbag.py:588} INFO - Filling up the DagBag from /home/airflow/.local/lib/python3.12/site-packages/airflow/example_dags/tutorial.py
[2025-09-25T05:37:13.480+0000] {processor.py:925} INFO - DAG(s) 'tutorial' retrieved from /home/airflow/.local/lib/python3.12/site-packages/airflow/example_dags/tutorial.py
[2025-09-25T05:37:13.496+0000] {logging_mixin.py:190} INFO - [2025-09-25T05:37:13.496+0000] {dag.py:3239} INFO - Sync 1 DAGs
[2025-09-25T05:37:13.515+0000] {logging_mixin.py:190} INFO - [2025-09-25T05:37:13.515+0000] {dag.py:4180} INFO - Setting next_dagrun for tutorial to 2025-09-24 00:00:00+00:00, run_after=2025-09-25 00:00:00+00:00
[2025-09-25T05:37:13.531+0000] {processor.py:208} INFO - Processing /home/airflow/.local/lib/python3.12/site-packages/airflow/example_dags/tutorial.py took 0.067 seconds
[2025-09-25T05:37:44.790+0000] {processor.py:186} INFO - Started process (PID=1171) to work on /home/airflow/.local/lib/python3.12/site-packages/airflow/example_dags/tutorial.py
[2025-09-25T05:37:44.791+0000] {processor.py:914} INFO - Processing file /home/airflow/.local/lib/python3.12/site-packages/airflow/example_dags/tutorial.py for tasks to queue
[2025-09-25T05:37:44.793+0000] {logging_mixin.py:190} INFO - [2025-09-25T05:37:44.793+0000] {dagbag.py:588} INFO - Filling up the DagBag from /home/airflow/.local/lib/python3.12/site-packages/airflow/example_dags/tutorial.py
[2025-09-25T05:37:44.800+0000] {processor.py:925} INFO - DAG(s) 'tutorial' retrieved from /home/airflow/.local/lib/python3.12/site-packages/airflow/example_dags/tutorial.py
[2025-09-25T05:37:44.817+0000] {logging_mixin.py:190} INFO - [2025-09-25T05:37:44.817+0000] {dag.py:3239} INFO - Sync 1 DAGs
[2025-09-25T05:37:44.835+0000] {logging_mixin.py:190} INFO - [2025-09-25T05:37:44.835+0000] {dag.py:4180} INFO - Setting next_dagrun for tutorial to 2025-09-24 00:00:00+00:00, run_after=2025-09-25 00:00:00+00:00
[2025-09-25T05:37:44.850+0000] {processor.py:208} INFO - Processing /home/airflow/.local/lib/python3.12/site-packages/airflow/example_dags/tutorial.py took 0.065 seconds
[2025-09-25T05:38:16.136+0000] {processor.py:186} INFO - Started process (PID=1236) to work on /home/airflow/.local/lib/python3.12/site-packages/airflow/example_dags/tutorial.py
[2025-09-25T05:38:16.137+0000] {processor.py:914} INFO - Processing file /home/airflow/.local/lib/python3.12/site-packages/airflow/example_dags/tutorial.py for tasks to queue
[2025-09-25T05:38:16.139+0000] {logging_mixin.py:190} INFO - [2025-09-25T05:38:16.139+0000] {dagbag.py:588} INFO - Filling up the DagBag from /home/airflow/.local/lib/python3.12/site-packages/airflow/example_dags/tutorial.py
[2025-09-25T05:38:16.146+0000] {processor.py:925} INFO - DAG(s) 'tutorial' retrieved from /home/airflow/.local/lib/python3.12/site-packages/airflow/example_dags/tutorial.py
[2025-09-25T05:38:16.162+0000] {logging_mixin.py:190} INFO - [2025-09-25T05:38:16.162+0000] {dag.py:3239} INFO - Sync 1 DAGs
[2025-09-25T05:38:16.180+0000] {logging_mixin.py:190} INFO - [2025-09-25T05:38:16.180+0000] {dag.py:4180} INFO - Setting next_dagrun for tutorial to 2025-09-24 00:00:00+00:00, run_after=2025-09-25 00:00:00+00:00
[2025-09-25T05:38:16.194+0000] {processor.py:208} INFO - Processing /home/airflow/.local/lib/python3.12/site-packages/airflow/example_dags/tutorial.py took 0.066 seconds
[2025-09-25T05:38:47.450+0000] {processor.py:186} INFO - Started process (PID=1301) to work on /home/airflow/.local/lib/python3.12/site-packages/airflow/example_dags/tutorial.py
[2025-09-25T05:38:47.451+0000] {processor.py:914} INFO - Processing file /home/airflow/.local/lib/python3.12/site-packages/airflow/example_dags/tutorial.py for tasks to queue
[2025-09-25T05:38:47.453+0000] {logging_mixin.py:190} INFO - [2025-09-25T05:38:47.453+0000] {dagbag.py:588} INFO - Filling up the DagBag from /home/airflow/.local/lib/python3.12/site-packages/airflow/example_dags/tutorial.py
[2025-09-25T05:38:47.460+0000] {processor.py:925} INFO - DAG(s) 'tutorial' retrieved from /home/airflow/.local/lib/python3.12/site-packages/airflow/example_dags/tutorial.py
[2025-09-25T05:38:47.477+0000] {logging_mixin.py:190} INFO - [2025-09-25T05:38:47.477+0000] {dag.py:3239} INFO - Sync 1 DAGs
[2025-09-25T05:38:47.496+0000] {logging_mixin.py:190} INFO - [2025-09-25T05:38:47.496+0000] {dag.py:4180} INFO - Setting next_dagrun for tutorial to 2025-09-24 00:00:00+00:00, run_after=2025-09-25 00:00:00+00:00
[2025-09-25T05:38:47.511+0000] {processor.py:208} INFO - Processing /home/airflow/.local/lib/python3.12/site-packages/airflow/example_dags/tutorial.py took 0.067 seconds
[2025-09-25T05:39:19.018+0000] {processor.py:186} INFO - Started process (PID=1366) to work on /home/airflow/.local/lib/python3.12/site-packages/airflow/example_dags/tutorial.py
[2025-09-25T05:39:19.019+0000] {processor.py:914} INFO - Processing file /home/airflow/.local/lib/python3.12/site-packages/airflow/example_dags/tutorial.py for tasks to queue
[2025-09-25T05:39:19.021+0000] {logging_mixin.py:190} INFO - [2025-09-25T05:39:19.021+0000] {dagbag.py:588} INFO - Filling up the DagBag from /home/airflow/.local/lib/python3.12/site-packages/airflow/example_dags/tutorial.py
[2025-09-25T05:39:19.031+0000] {processor.py:925} INFO - DAG(s) 'tutorial' retrieved from /home/airflow/.local/lib/python3.12/site-packages/airflow/example_dags/tutorial.py
[2025-09-25T05:39:19.051+0000] {logging_mixin.py:190} INFO - [2025-09-25T05:39:19.051+0000] {dag.py:3239} INFO - Sync 1 DAGs
[2025-09-25T05:39:19.075+0000] {logging_mixin.py:190} INFO - [2025-09-25T05:39:19.075+0000] {dag.py:4180} INFO - Setting next_dagrun for tutorial to 2025-09-24 00:00:00+00:00, run_after=2025-09-25 00:00:00+00:00
[2025-09-25T05:39:19.093+0000] {processor.py:208} INFO - Processing /home/airflow/.local/lib/python3.12/site-packages/airflow/example_dags/tutorial.py took 0.084 seconds
[2025-09-25T05:39:50.539+0000] {processor.py:186} INFO - Started process (PID=1437) to work on /home/airflow/.local/lib/python3.12/site-packages/airflow/example_dags/tutorial.py
[2025-09-25T05:39:50.540+0000] {processor.py:914} INFO - Processing file /home/airflow/.local/lib/python3.12/site-packages/airflow/example_dags/tutorial.py for tasks to queue
[2025-09-25T05:39:50.542+0000] {logging_mixin.py:190} INFO - [2025-09-25T05:39:50.541+0000] {dagbag.py:588} INFO - Filling up the DagBag from /home/airflow/.local/lib/python3.12/site-packages/airflow/example_dags/tutorial.py
[2025-09-25T05:39:50.549+0000] {processor.py:925} INFO - DAG(s) 'tutorial' retrieved from /home/airflow/.local/lib/python3.12/site-packages/airflow/example_dags/tutorial.py
[2025-09-25T05:39:50.565+0000] {logging_mixin.py:190} INFO - [2025-09-25T05:39:50.565+0000] {dag.py:3239} INFO - Sync 1 DAGs
[2025-09-25T05:39:50.586+0000] {logging_mixin.py:190} INFO - [2025-09-25T05:39:50.586+0000] {dag.py:4180} INFO - Setting next_dagrun for tutorial to 2025-09-24 00:00:00+00:00, run_after=2025-09-25 00:00:00+00:00
[2025-09-25T05:39:50.602+0000] {processor.py:208} INFO - Processing /home/airflow/.local/lib/python3.12/site-packages/airflow/example_dags/tutorial.py took 0.069 seconds
[2025-09-25T05:40:21.628+0000] {processor.py:186} INFO - Started process (PID=1502) to work on /home/airflow/.local/lib/python3.12/site-packages/airflow/example_dags/tutorial.py
[2025-09-25T05:40:21.629+0000] {processor.py:914} INFO - Processing file /home/airflow/.local/lib/python3.12/site-packages/airflow/example_dags/tutorial.py for tasks to queue
[2025-09-25T05:40:21.631+0000] {logging_mixin.py:190} INFO - [2025-09-25T05:40:21.631+0000] {dagbag.py:588} INFO - Filling up the DagBag from /home/airflow/.local/lib/python3.12/site-packages/airflow/example_dags/tutorial.py
[2025-09-25T05:40:21.638+0000] {processor.py:925} INFO - DAG(s) 'tutorial' retrieved from /home/airflow/.local/lib/python3.12/site-packages/airflow/example_dags/tutorial.py
[2025-09-25T05:40:21.655+0000] {logging_mixin.py:190} INFO - [2025-09-25T05:40:21.655+0000] {dag.py:3239} INFO - Sync 1 DAGs
[2025-09-25T05:40:21.675+0000] {logging_mixin.py:190} INFO - [2025-09-25T05:40:21.675+0000] {dag.py:4180} INFO - Setting next_dagrun for tutorial to 2025-09-24 00:00:00+00:00, run_after=2025-09-25 00:00:00+00:00
[2025-09-25T05:40:21.690+0000] {processor.py:208} INFO - Processing /home/airflow/.local/lib/python3.12/site-packages/airflow/example_dags/tutorial.py took 0.066 seconds
[2025-09-25T05:40:52.883+0000] {processor.py:186} INFO - Started process (PID=1567) to work on /home/airflow/.local/lib/python3.12/site-packages/airflow/example_dags/tutorial.py
[2025-09-25T05:40:52.884+0000] {processor.py:914} INFO - Processing file /home/airflow/.local/lib/python3.12/site-packages/airflow/example_dags/tutorial.py for tasks to queue
[2025-09-25T05:40:52.886+0000] {logging_mixin.py:190} INFO - [2025-09-25T05:40:52.886+0000] {dagbag.py:588} INFO - Filling up the DagBag from /home/airflow/.local/lib/python3.12/site-packages/airflow/example_dags/tutorial.py
[2025-09-25T05:40:52.893+0000] {processor.py:925} INFO - DAG(s) 'tutorial' retrieved from /home/airflow/.local/lib/python3.12/site-packages/airflow/example_dags/tutorial.py
[2025-09-25T05:40:52.910+0000] {logging_mixin.py:190} INFO - [2025-09-25T05:40:52.910+0000] {dag.py:3239} INFO - Sync 1 DAGs
[2025-09-25T05:40:52.929+0000] {logging_mixin.py:190} INFO - [2025-09-25T05:40:52.929+0000] {dag.py:4180} INFO - Setting next_dagrun for tutorial to 2025-09-24 00:00:00+00:00, run_after=2025-09-25 00:00:00+00:00
[2025-09-25T05:40:52.945+0000] {processor.py:208} INFO - Processing /home/airflow/.local/lib/python3.12/site-packages/airflow/example_dags/tutorial.py took 0.066 seconds
[2025-09-25T05:41:24.204+0000] {processor.py:186} INFO - Started process (PID=1632) to work on /home/airflow/.local/lib/python3.12/site-packages/airflow/example_dags/tutorial.py
[2025-09-25T05:41:24.205+0000] {processor.py:914} INFO - Processing file /home/airflow/.local/lib/python3.12/site-packages/airflow/example_dags/tutorial.py for tasks to queue
[2025-09-25T05:41:24.207+0000] {logging_mixin.py:190} INFO - [2025-09-25T05:41:24.206+0000] {dagbag.py:588} INFO - Filling up the DagBag from /home/airflow/.local/lib/python3.12/site-packages/airflow/example_dags/tutorial.py
[2025-09-25T05:41:24.214+0000] {processor.py:925} INFO - DAG(s) 'tutorial' retrieved from /home/airflow/.local/lib/python3.12/site-packages/airflow/example_dags/tutorial.py
[2025-09-25T05:41:24.230+0000] {logging_mixin.py:190} INFO - [2025-09-25T05:41:24.230+0000] {dag.py:3239} INFO - Sync 1 DAGs
[2025-09-25T05:41:24.249+0000] {logging_mixin.py:190} INFO - [2025-09-25T05:41:24.249+0000] {dag.py:4180} INFO - Setting next_dagrun for tutorial to 2025-09-24 00:00:00+00:00, run_after=2025-09-25 00:00:00+00:00
[2025-09-25T05:41:24.264+0000] {processor.py:208} INFO - Processing /home/airflow/.local/lib/python3.12/site-packages/airflow/example_dags/tutorial.py took 0.065 seconds
[2025-09-25T05:41:55.617+0000] {processor.py:186} INFO - Started process (PID=1697) to work on /home/airflow/.local/lib/python3.12/site-packages/airflow/example_dags/tutorial.py
[2025-09-25T05:41:55.618+0000] {processor.py:914} INFO - Processing file /home/airflow/.local/lib/python3.12/site-packages/airflow/example_dags/tutorial.py for tasks to queue
[2025-09-25T05:41:55.621+0000] {logging_mixin.py:190} INFO - [2025-09-25T05:41:55.621+0000] {dagbag.py:588} INFO - Filling up the DagBag from /home/airflow/.local/lib/python3.12/site-packages/airflow/example_dags/tutorial.py
[2025-09-25T05:41:55.630+0000] {processor.py:925} INFO - DAG(s) 'tutorial' retrieved from /home/airflow/.local/lib/python3.12/site-packages/airflow/example_dags/tutorial.py
[2025-09-25T05:41:55.649+0000] {logging_mixin.py:190} INFO - [2025-09-25T05:41:55.648+0000] {dag.py:3239} INFO - Sync 1 DAGs
[2025-09-25T05:41:55.672+0000] {logging_mixin.py:190} INFO - [2025-09-25T05:41:55.672+0000] {dag.py:4180} INFO - Setting next_dagrun for tutorial to 2025-09-24 00:00:00+00:00, run_after=2025-09-25 00:00:00+00:00
[2025-09-25T05:41:55.687+0000] {processor.py:208} INFO - Processing /home/airflow/.local/lib/python3.12/site-packages/airflow/example_dags/tutorial.py took 0.078 seconds
[2025-09-25T05:42:26.208+0000] {processor.py:186} INFO - Started process (PID=1762) to work on /home/airflow/.local/lib/python3.12/site-packages/airflow/example_dags/tutorial.py
[2025-09-25T05:42:26.210+0000] {processor.py:914} INFO - Processing file /home/airflow/.local/lib/python3.12/site-packages/airflow/example_dags/tutorial.py for tasks to queue
[2025-09-25T05:42:26.212+0000] {logging_mixin.py:190} INFO - [2025-09-25T05:42:26.211+0000] {dagbag.py:588} INFO - Filling up the DagBag from /home/airflow/.local/lib/python3.12/site-packages/airflow/example_dags/tutorial.py
[2025-09-25T05:42:26.218+0000] {processor.py:925} INFO - DAG(s) 'tutorial' retrieved from /home/airflow/.local/lib/python3.12/site-packages/airflow/example_dags/tutorial.py
[2025-09-25T05:42:26.236+0000] {logging_mixin.py:190} INFO - [2025-09-25T05:42:26.236+0000] {dag.py:3239} INFO - Sync 1 DAGs
[2025-09-25T05:42:26.255+0000] {logging_mixin.py:190} INFO - [2025-09-25T05:42:26.255+0000] {dag.py:4180} INFO - Setting next_dagrun for tutorial to 2025-09-24 00:00:00+00:00, run_after=2025-09-25 00:00:00+00:00
[2025-09-25T05:42:26.270+0000] {processor.py:208} INFO - Processing /home/airflow/.local/lib/python3.12/site-packages/airflow/example_dags/tutorial.py took 0.067 seconds
[2025-09-25T05:42:56.844+0000] {processor.py:186} INFO - Started process (PID=1826) to work on /home/airflow/.local/lib/python3.12/site-packages/airflow/example_dags/tutorial.py
[2025-09-25T05:42:56.845+0000] {processor.py:914} INFO - Processing file /home/airflow/.local/lib/python3.12/site-packages/airflow/example_dags/tutorial.py for tasks to queue
[2025-09-25T05:42:56.847+0000] {logging_mixin.py:190} INFO - [2025-09-25T05:42:56.847+0000] {dagbag.py:588} INFO - Filling up the DagBag from /home/airflow/.local/lib/python3.12/site-packages/airflow/example_dags/tutorial.py
[2025-09-25T05:42:56.854+0000] {processor.py:925} INFO - DAG(s) 'tutorial' retrieved from /home/airflow/.local/lib/python3.12/site-packages/airflow/example_dags/tutorial.py
[2025-09-25T05:42:56.870+0000] {logging_mixin.py:190} INFO - [2025-09-25T05:42:56.870+0000] {dag.py:3239} INFO - Sync 1 DAGs
[2025-09-25T05:42:56.888+0000] {logging_mixin.py:190} INFO - [2025-09-25T05:42:56.888+0000] {dag.py:4180} INFO - Setting next_dagrun for tutorial to 2025-09-24 00:00:00+00:00, run_after=2025-09-25 00:00:00+00:00
[2025-09-25T05:42:56.904+0000] {processor.py:208} INFO - Processing /home/airflow/.local/lib/python3.12/site-packages/airflow/example_dags/tutorial.py took 0.066 seconds
[2025-09-25T05:43:27.158+0000] {processor.py:186} INFO - Started process (PID=1890) to work on /home/airflow/.local/lib/python3.12/site-packages/airflow/example_dags/tutorial.py
[2025-09-25T05:43:27.160+0000] {processor.py:914} INFO - Processing file /home/airflow/.local/lib/python3.12/site-packages/airflow/example_dags/tutorial.py for tasks to queue
[2025-09-25T05:43:27.162+0000] {logging_mixin.py:190} INFO - [2025-09-25T05:43:27.162+0000] {dagbag.py:588} INFO - Filling up the DagBag from /home/airflow/.local/lib/python3.12/site-packages/airflow/example_dags/tutorial.py
[2025-09-25T05:43:27.169+0000] {processor.py:925} INFO - DAG(s) 'tutorial' retrieved from /home/airflow/.local/lib/python3.12/site-packages/airflow/example_dags/tutorial.py
[2025-09-25T05:43:27.185+0000] {logging_mixin.py:190} INFO - [2025-09-25T05:43:27.185+0000] {dag.py:3239} INFO - Sync 1 DAGs
[2025-09-25T05:43:27.204+0000] {logging_mixin.py:190} INFO - [2025-09-25T05:43:27.203+0000] {dag.py:4180} INFO - Setting next_dagrun for tutorial to 2025-09-24 00:00:00+00:00, run_after=2025-09-25 00:00:00+00:00
[2025-09-25T05:43:27.218+0000] {processor.py:208} INFO - Processing /home/airflow/.local/lib/python3.12/site-packages/airflow/example_dags/tutorial.py took 0.066 seconds
[2025-09-25T05:43:57.810+0000] {processor.py:186} INFO - Started process (PID=1955) to work on /home/airflow/.local/lib/python3.12/site-packages/airflow/example_dags/tutorial.py
[2025-09-25T05:43:57.812+0000] {processor.py:914} INFO - Processing file /home/airflow/.local/lib/python3.12/site-packages/airflow/example_dags/tutorial.py for tasks to queue
[2025-09-25T05:43:57.814+0000] {logging_mixin.py:190} INFO - [2025-09-25T05:43:57.814+0000] {dagbag.py:588} INFO - Filling up the DagBag from /home/airflow/.local/lib/python3.12/site-packages/airflow/example_dags/tutorial.py
[2025-09-25T05:43:57.821+0000] {processor.py:925} INFO - DAG(s) 'tutorial' retrieved from /home/airflow/.local/lib/python3.12/site-packages/airflow/example_dags/tutorial.py
[2025-09-25T05:43:57.839+0000] {logging_mixin.py:190} INFO - [2025-09-25T05:43:57.839+0000] {dag.py:3239} INFO - Sync 1 DAGs
[2025-09-25T05:43:57.859+0000] {logging_mixin.py:190} INFO - [2025-09-25T05:43:57.858+0000] {dag.py:4180} INFO - Setting next_dagrun for tutorial to 2025-09-24 00:00:00+00:00, run_after=2025-09-25 00:00:00+00:00
[2025-09-25T05:43:57.874+0000] {processor.py:208} INFO - Processing /home/airflow/.local/lib/python3.12/site-packages/airflow/example_dags/tutorial.py took 0.070 seconds
[2025-09-25T05:44:28.026+0000] {processor.py:186} INFO - Started process (PID=2020) to work on /home/airflow/.local/lib/python3.12/site-packages/airflow/example_dags/tutorial.py
[2025-09-25T05:44:28.027+0000] {processor.py:914} INFO - Processing file /home/airflow/.local/lib/python3.12/site-packages/airflow/example_dags/tutorial.py for tasks to queue
[2025-09-25T05:44:28.030+0000] {logging_mixin.py:190} INFO - [2025-09-25T05:44:28.029+0000] {dagbag.py:588} INFO - Filling up the DagBag from /home/airflow/.local/lib/python3.12/site-packages/airflow/example_dags/tutorial.py
[2025-09-25T05:44:28.037+0000] {processor.py:925} INFO - DAG(s) 'tutorial' retrieved from /home/airflow/.local/lib/python3.12/site-packages/airflow/example_dags/tutorial.py
[2025-09-25T05:44:28.055+0000] {logging_mixin.py:190} INFO - [2025-09-25T05:44:28.055+0000] {dag.py:3239} INFO - Sync 1 DAGs
[2025-09-25T05:44:28.073+0000] {logging_mixin.py:190} INFO - [2025-09-25T05:44:28.073+0000] {dag.py:4180} INFO - Setting next_dagrun for tutorial to 2025-09-24 00:00:00+00:00, run_after=2025-09-25 00:00:00+00:00
[2025-09-25T05:44:28.088+0000] {processor.py:208} INFO - Processing /home/airflow/.local/lib/python3.12/site-packages/airflow/example_dags/tutorial.py took 0.067 seconds
