[2025-09-25T05:12:45.118+0000] {local_task_job_runner.py:123} INFO - ::group::Pre task execution logs
[2025-09-25T05:12:45.136+0000] {taskinstance.py:2631} INFO - Dependencies all met for dep_context=non-requeueable deps ti=<TaskInstance: daily_tsmc_open_close.fetch_tsmc_open_close scheduled__2025-09-24T00:00:00+00:00 [queued]>
[2025-09-25T05:12:45.143+0000] {taskinstance.py:2631} INFO - Dependencies all met for dep_context=requeueable deps ti=<TaskInstance: daily_tsmc_open_close.fetch_tsmc_open_close scheduled__2025-09-24T00:00:00+00:00 [queued]>
[2025-09-25T05:12:45.143+0000] {taskinstance.py:2884} INFO - Starting attempt 1 of 1
[2025-09-25T05:12:45.155+0000] {taskinstance.py:2907} INFO - Executing <Task(PythonOperator): fetch_tsmc_open_close> on 2025-09-24 00:00:00+00:00
[2025-09-25T05:12:45.160+0000] {warnings.py:112} WARNING - /home/***/.local/lib/python3.12/site-packages/***/task/task_runner/standard_task_runner.py:70: DeprecationWarning: This process (pid=66) is multi-threaded, use of fork() may lead to deadlocks in the child.
  pid = os.fork()

[2025-09-25T05:12:45.162+0000] {standard_task_runner.py:72} INFO - Started process 68 to run task
[2025-09-25T05:12:45.164+0000] {standard_task_runner.py:104} INFO - Running: ['***', 'tasks', 'run', 'daily_tsmc_open_close', 'fetch_tsmc_open_close', 'scheduled__2025-09-24T00:00:00+00:00', '--job-id', '35', '--raw', '--subdir', 'DAGS_FOLDER/tsmc.py', '--cfg-path', '/tmp/tmpsb7zrpwd']
[2025-09-25T05:12:45.165+0000] {standard_task_runner.py:105} INFO - Job 35: Subtask fetch_tsmc_open_close
[2025-09-25T05:12:45.205+0000] {task_command.py:467} INFO - Running <TaskInstance: daily_tsmc_open_close.fetch_tsmc_open_close scheduled__2025-09-24T00:00:00+00:00 [running]> on host 91deab17b88a
[2025-09-25T05:12:45.271+0000] {taskinstance.py:3157} INFO - Exporting env vars: AIRFLOW_CTX_DAG_OWNER='***' AIRFLOW_CTX_DAG_ID='daily_tsmc_open_close' AIRFLOW_CTX_TASK_ID='fetch_tsmc_open_close' AIRFLOW_CTX_EXECUTION_DATE='2025-09-24T00:00:00+00:00' AIRFLOW_CTX_TRY_NUMBER='1' AIRFLOW_CTX_DAG_RUN_ID='scheduled__2025-09-24T00:00:00+00:00'
[2025-09-25T05:12:45.272+0000] {logging_mixin.py:190} INFO - Task instance is in running state
[2025-09-25T05:12:45.272+0000] {logging_mixin.py:190} INFO -  Previous state of the Task instance: queued
[2025-09-25T05:12:45.272+0000] {logging_mixin.py:190} INFO - Current task name:fetch_tsmc_open_close state:running start_date:2025-09-25 05:12:45.137022+00:00
[2025-09-25T05:12:45.273+0000] {logging_mixin.py:190} INFO - Dag name:daily_tsmc_open_close and current dag run status:running
[2025-09-25T05:12:45.273+0000] {taskinstance.py:740} INFO - ::endgroup::
[2025-09-25T05:12:46.215+0000] {logging_mixin.py:190} INFO - TSMC 開盤價：1320.0 TWD
[2025-09-25T05:12:46.216+0000] {logging_mixin.py:190} INFO - TSMC 收盤價：1325.0 TWD
[2025-09-25T05:12:46.216+0000] {python.py:240} INFO - Done. Returned value was: None
[2025-09-25T05:12:46.227+0000] {taskinstance.py:349} INFO - ::group::Post task execution logs
[2025-09-25T05:12:46.227+0000] {taskinstance.py:361} INFO - Marking task as SUCCESS. dag_id=daily_tsmc_open_close, task_id=fetch_tsmc_open_close, run_id=scheduled__2025-09-24T00:00:00+00:00, execution_date=20250924T000000, start_date=20250925T051245, end_date=20250925T051246
[2025-09-25T05:12:46.261+0000] {logging_mixin.py:190} INFO - Task instance in success state
[2025-09-25T05:12:46.262+0000] {logging_mixin.py:190} INFO -  Previous state of the Task instance: running
[2025-09-25T05:12:46.262+0000] {logging_mixin.py:190} INFO - Dag name:daily_tsmc_open_close queued_at:2025-09-25 05:12:38.490510+00:00
[2025-09-25T05:12:46.262+0000] {logging_mixin.py:190} INFO - Task hostname:91deab17b88a operator:PythonOperator
[2025-09-25T05:12:46.302+0000] {local_task_job_runner.py:266} INFO - Task exited with return code 0
[2025-09-25T05:12:46.313+0000] {taskinstance.py:3924} INFO - 0 downstream tasks scheduled from follow-on schedule check
[2025-09-25T05:12:46.314+0000] {local_task_job_runner.py:245} INFO - ::endgroup::
