[2025-09-25T05:12:38.563+0000] {processor.py:186} INFO - Started process (PID=52) to work on /opt/airflow/dags/tsmc.py
[2025-09-25T05:12:38.564+0000] {processor.py:914} INFO - Processing file /opt/airflow/dags/tsmc.py for tasks to queue
[2025-09-25T05:12:38.566+0000] {logging_mixin.py:190} INFO - [2025-09-25T05:12:38.566+0000] {dagbag.py:588} INFO - Filling up the DagBag from /opt/airflow/dags/tsmc.py
[2025-09-25T05:12:39.817+0000] {processor.py:925} INFO - DAG(s) 'daily_tsmc_open_close' retrieved from /opt/airflow/dags/tsmc.py
[2025-09-25T05:12:39.843+0000] {logging_mixin.py:190} INFO - [2025-09-25T05:12:39.843+0000] {dag.py:3239} INFO - Sync 1 DAGs
[2025-09-25T05:12:39.868+0000] {logging_mixin.py:190} INFO - [2025-09-25T05:12:39.867+0000] {dag.py:4180} INFO - Setting next_dagrun for daily_tsmc_open_close to 2025-09-25 00:00:00+00:00, run_after=2025-09-26 00:00:00+00:00
[2025-09-25T05:12:39.889+0000] {processor.py:208} INFO - Processing /opt/airflow/dags/tsmc.py took 1.335 seconds
[2025-09-25T05:13:10.322+0000] {processor.py:186} INFO - Started process (PID=128) to work on /opt/airflow/dags/tsmc.py
[2025-09-25T05:13:10.323+0000] {processor.py:914} INFO - Processing file /opt/airflow/dags/tsmc.py for tasks to queue
[2025-09-25T05:13:10.325+0000] {logging_mixin.py:190} INFO - [2025-09-25T05:13:10.325+0000] {dagbag.py:588} INFO - Filling up the DagBag from /opt/airflow/dags/tsmc.py
[2025-09-25T05:13:10.900+0000] {processor.py:925} INFO - DAG(s) 'daily_tsmc_open_close' retrieved from /opt/airflow/dags/tsmc.py
[2025-09-25T05:13:10.916+0000] {logging_mixin.py:190} INFO - [2025-09-25T05:13:10.916+0000] {dag.py:3239} INFO - Sync 1 DAGs
[2025-09-25T05:13:10.932+0000] {logging_mixin.py:190} INFO - [2025-09-25T05:13:10.932+0000] {dag.py:4180} INFO - Setting next_dagrun for daily_tsmc_open_close to 2025-09-25 00:00:00+00:00, run_after=2025-09-26 00:00:00+00:00
[2025-09-25T05:13:10.946+0000] {processor.py:208} INFO - Processing /opt/airflow/dags/tsmc.py took 0.630 seconds
[2025-09-25T05:13:41.025+0000] {processor.py:186} INFO - Started process (PID=198) to work on /opt/airflow/dags/tsmc.py
[2025-09-25T05:13:41.026+0000] {processor.py:914} INFO - Processing file /opt/airflow/dags/tsmc.py for tasks to queue
[2025-09-25T05:13:41.029+0000] {logging_mixin.py:190} INFO - [2025-09-25T05:13:41.029+0000] {dagbag.py:588} INFO - Filling up the DagBag from /opt/airflow/dags/tsmc.py
[2025-09-25T05:13:41.572+0000] {processor.py:925} INFO - DAG(s) 'daily_tsmc_open_close' retrieved from /opt/airflow/dags/tsmc.py
[2025-09-25T05:13:41.584+0000] {logging_mixin.py:190} INFO - [2025-09-25T05:13:41.584+0000] {dag.py:3239} INFO - Sync 1 DAGs
[2025-09-25T05:13:41.601+0000] {logging_mixin.py:190} INFO - [2025-09-25T05:13:41.601+0000] {dag.py:4180} INFO - Setting next_dagrun for daily_tsmc_open_close to 2025-09-25 00:00:00+00:00, run_after=2025-09-26 00:00:00+00:00
[2025-09-25T05:13:41.614+0000] {processor.py:208} INFO - Processing /opt/airflow/dags/tsmc.py took 0.594 seconds
[2025-09-25T05:14:11.686+0000] {processor.py:186} INFO - Started process (PID=258) to work on /opt/airflow/dags/tsmc.py
[2025-09-25T05:14:11.688+0000] {processor.py:914} INFO - Processing file /opt/airflow/dags/tsmc.py for tasks to queue
[2025-09-25T05:14:11.690+0000] {logging_mixin.py:190} INFO - [2025-09-25T05:14:11.690+0000] {dagbag.py:588} INFO - Filling up the DagBag from /opt/airflow/dags/tsmc.py
[2025-09-25T05:14:12.353+0000] {processor.py:925} INFO - DAG(s) 'daily_tsmc_open_close' retrieved from /opt/airflow/dags/tsmc.py
[2025-09-25T05:14:12.365+0000] {logging_mixin.py:190} INFO - [2025-09-25T05:14:12.365+0000] {dag.py:3239} INFO - Sync 1 DAGs
[2025-09-25T05:14:12.383+0000] {logging_mixin.py:190} INFO - [2025-09-25T05:14:12.383+0000] {dag.py:4180} INFO - Setting next_dagrun for daily_tsmc_open_close to 2025-09-25 00:00:00+00:00, run_after=2025-09-26 00:00:00+00:00
[2025-09-25T05:14:12.396+0000] {processor.py:208} INFO - Processing /opt/airflow/dags/tsmc.py took 0.716 seconds
[2025-09-25T05:14:42.677+0000] {processor.py:186} INFO - Started process (PID=326) to work on /opt/airflow/dags/tsmc.py
[2025-09-25T05:14:42.678+0000] {processor.py:914} INFO - Processing file /opt/airflow/dags/tsmc.py for tasks to queue
[2025-09-25T05:14:42.680+0000] {logging_mixin.py:190} INFO - [2025-09-25T05:14:42.680+0000] {dagbag.py:588} INFO - Filling up the DagBag from /opt/airflow/dags/tsmc.py
[2025-09-25T05:14:43.279+0000] {processor.py:925} INFO - DAG(s) 'daily_tsmc_open_close' retrieved from /opt/airflow/dags/tsmc.py
[2025-09-25T05:14:43.296+0000] {logging_mixin.py:190} INFO - [2025-09-25T05:14:43.295+0000] {dag.py:3239} INFO - Sync 1 DAGs
[2025-09-25T05:14:43.318+0000] {logging_mixin.py:190} INFO - [2025-09-25T05:14:43.318+0000] {dag.py:4180} INFO - Setting next_dagrun for daily_tsmc_open_close to 2025-09-25 00:00:00+00:00, run_after=2025-09-26 00:00:00+00:00
[2025-09-25T05:14:43.333+0000] {processor.py:208} INFO - Processing /opt/airflow/dags/tsmc.py took 0.661 seconds
[2025-09-25T05:15:13.388+0000] {processor.py:186} INFO - Started process (PID=396) to work on /opt/airflow/dags/tsmc.py
[2025-09-25T05:15:13.389+0000] {processor.py:914} INFO - Processing file /opt/airflow/dags/tsmc.py for tasks to queue
[2025-09-25T05:15:13.391+0000] {logging_mixin.py:190} INFO - [2025-09-25T05:15:13.391+0000] {dagbag.py:588} INFO - Filling up the DagBag from /opt/airflow/dags/tsmc.py
[2025-09-25T05:15:14.024+0000] {processor.py:925} INFO - DAG(s) 'daily_tsmc_open_close' retrieved from /opt/airflow/dags/tsmc.py
[2025-09-25T05:15:14.040+0000] {logging_mixin.py:190} INFO - [2025-09-25T05:15:14.040+0000] {dag.py:3239} INFO - Sync 1 DAGs
[2025-09-25T05:15:14.063+0000] {logging_mixin.py:190} INFO - [2025-09-25T05:15:14.062+0000] {dag.py:4180} INFO - Setting next_dagrun for daily_tsmc_open_close to 2025-09-25 00:00:00+00:00, run_after=2025-09-26 00:00:00+00:00
[2025-09-25T05:15:14.077+0000] {processor.py:208} INFO - Processing /opt/airflow/dags/tsmc.py took 0.699 seconds
[2025-09-25T05:15:45.054+0000] {processor.py:186} INFO - Started process (PID=465) to work on /opt/airflow/dags/tsmc.py
[2025-09-25T05:15:45.057+0000] {processor.py:914} INFO - Processing file /opt/airflow/dags/tsmc.py for tasks to queue
[2025-09-25T05:15:45.059+0000] {logging_mixin.py:190} INFO - [2025-09-25T05:15:45.059+0000] {dagbag.py:588} INFO - Filling up the DagBag from /opt/airflow/dags/tsmc.py
[2025-09-25T05:15:45.707+0000] {processor.py:925} INFO - DAG(s) 'daily_tsmc_open_close' retrieved from /opt/airflow/dags/tsmc.py
[2025-09-25T05:15:45.721+0000] {logging_mixin.py:190} INFO - [2025-09-25T05:15:45.721+0000] {dag.py:3239} INFO - Sync 1 DAGs
[2025-09-25T05:15:45.744+0000] {logging_mixin.py:190} INFO - [2025-09-25T05:15:45.744+0000] {dag.py:4180} INFO - Setting next_dagrun for daily_tsmc_open_close to 2025-09-25 00:00:00+00:00, run_after=2025-09-26 00:00:00+00:00
[2025-09-25T05:15:45.759+0000] {processor.py:208} INFO - Processing /opt/airflow/dags/tsmc.py took 0.710 seconds
[2025-09-25T05:16:16.403+0000] {processor.py:186} INFO - Started process (PID=530) to work on /opt/airflow/dags/tsmc.py
[2025-09-25T05:16:16.406+0000] {processor.py:914} INFO - Processing file /opt/airflow/dags/tsmc.py for tasks to queue
[2025-09-25T05:16:16.408+0000] {logging_mixin.py:190} INFO - [2025-09-25T05:16:16.407+0000] {dagbag.py:588} INFO - Filling up the DagBag from /opt/airflow/dags/tsmc.py
[2025-09-25T05:16:16.996+0000] {processor.py:925} INFO - DAG(s) 'daily_tsmc_open_close' retrieved from /opt/airflow/dags/tsmc.py
[2025-09-25T05:16:17.010+0000] {logging_mixin.py:190} INFO - [2025-09-25T05:16:17.010+0000] {dag.py:3239} INFO - Sync 1 DAGs
[2025-09-25T05:16:17.029+0000] {logging_mixin.py:190} INFO - [2025-09-25T05:16:17.029+0000] {dag.py:4180} INFO - Setting next_dagrun for daily_tsmc_open_close to 2025-09-25 00:00:00+00:00, run_after=2025-09-26 00:00:00+00:00
[2025-09-25T05:16:17.043+0000] {processor.py:208} INFO - Processing /opt/airflow/dags/tsmc.py took 0.645 seconds
[2025-09-25T05:16:47.497+0000] {processor.py:186} INFO - Started process (PID=596) to work on /opt/airflow/dags/tsmc.py
[2025-09-25T05:16:47.498+0000] {processor.py:914} INFO - Processing file /opt/airflow/dags/tsmc.py for tasks to queue
[2025-09-25T05:16:47.500+0000] {logging_mixin.py:190} INFO - [2025-09-25T05:16:47.500+0000] {dagbag.py:588} INFO - Filling up the DagBag from /opt/airflow/dags/tsmc.py
[2025-09-25T05:16:48.078+0000] {processor.py:925} INFO - DAG(s) 'daily_tsmc_open_close' retrieved from /opt/airflow/dags/tsmc.py
[2025-09-25T05:16:48.092+0000] {logging_mixin.py:190} INFO - [2025-09-25T05:16:48.091+0000] {dag.py:3239} INFO - Sync 1 DAGs
[2025-09-25T05:16:48.111+0000] {logging_mixin.py:190} INFO - [2025-09-25T05:16:48.111+0000] {dag.py:4180} INFO - Setting next_dagrun for daily_tsmc_open_close to 2025-09-25 00:00:00+00:00, run_after=2025-09-26 00:00:00+00:00
[2025-09-25T05:16:48.129+0000] {processor.py:208} INFO - Processing /opt/airflow/dags/tsmc.py took 0.637 seconds
[2025-09-25T05:17:18.197+0000] {processor.py:186} INFO - Started process (PID=660) to work on /opt/airflow/dags/tsmc.py
[2025-09-25T05:17:18.199+0000] {processor.py:914} INFO - Processing file /opt/airflow/dags/tsmc.py for tasks to queue
[2025-09-25T05:17:18.201+0000] {logging_mixin.py:190} INFO - [2025-09-25T05:17:18.200+0000] {dagbag.py:588} INFO - Filling up the DagBag from /opt/airflow/dags/tsmc.py
[2025-09-25T05:17:18.783+0000] {processor.py:925} INFO - DAG(s) 'daily_tsmc_open_close' retrieved from /opt/airflow/dags/tsmc.py
[2025-09-25T05:17:18.796+0000] {logging_mixin.py:190} INFO - [2025-09-25T05:17:18.796+0000] {dag.py:3239} INFO - Sync 1 DAGs
[2025-09-25T05:17:18.812+0000] {logging_mixin.py:190} INFO - [2025-09-25T05:17:18.812+0000] {dag.py:4180} INFO - Setting next_dagrun for daily_tsmc_open_close to 2025-09-25 00:00:00+00:00, run_after=2025-09-26 00:00:00+00:00
[2025-09-25T05:17:18.826+0000] {processor.py:208} INFO - Processing /opt/airflow/dags/tsmc.py took 0.636 seconds
[2025-09-25T05:17:49.361+0000] {processor.py:186} INFO - Started process (PID=725) to work on /opt/airflow/dags/tsmc.py
[2025-09-25T05:17:49.368+0000] {processor.py:914} INFO - Processing file /opt/airflow/dags/tsmc.py for tasks to queue
[2025-09-25T05:17:49.371+0000] {logging_mixin.py:190} INFO - [2025-09-25T05:17:49.370+0000] {dagbag.py:588} INFO - Filling up the DagBag from /opt/airflow/dags/tsmc.py
[2025-09-25T05:17:50.041+0000] {processor.py:925} INFO - DAG(s) 'daily_tsmc_open_close' retrieved from /opt/airflow/dags/tsmc.py
[2025-09-25T05:17:50.056+0000] {logging_mixin.py:190} INFO - [2025-09-25T05:17:50.055+0000] {dag.py:3239} INFO - Sync 1 DAGs
[2025-09-25T05:17:50.074+0000] {logging_mixin.py:190} INFO - [2025-09-25T05:17:50.073+0000] {dag.py:4180} INFO - Setting next_dagrun for daily_tsmc_open_close to 2025-09-25 00:00:00+00:00, run_after=2025-09-26 00:00:00+00:00
[2025-09-25T05:17:50.088+0000] {processor.py:208} INFO - Processing /opt/airflow/dags/tsmc.py took 0.732 seconds
[2025-09-25T05:18:20.909+0000] {processor.py:186} INFO - Started process (PID=790) to work on /opt/airflow/dags/tsmc.py
[2025-09-25T05:18:20.910+0000] {processor.py:914} INFO - Processing file /opt/airflow/dags/tsmc.py for tasks to queue
[2025-09-25T05:18:20.913+0000] {logging_mixin.py:190} INFO - [2025-09-25T05:18:20.912+0000] {dagbag.py:588} INFO - Filling up the DagBag from /opt/airflow/dags/tsmc.py
[2025-09-25T05:18:21.541+0000] {processor.py:925} INFO - DAG(s) 'daily_tsmc_open_close' retrieved from /opt/airflow/dags/tsmc.py
[2025-09-25T05:18:21.557+0000] {logging_mixin.py:190} INFO - [2025-09-25T05:18:21.556+0000] {dag.py:3239} INFO - Sync 1 DAGs
[2025-09-25T05:18:21.576+0000] {logging_mixin.py:190} INFO - [2025-09-25T05:18:21.576+0000] {dag.py:4180} INFO - Setting next_dagrun for daily_tsmc_open_close to 2025-09-25 00:00:00+00:00, run_after=2025-09-26 00:00:00+00:00
[2025-09-25T05:18:21.592+0000] {processor.py:208} INFO - Processing /opt/airflow/dags/tsmc.py took 0.688 seconds
[2025-09-25T05:18:52.241+0000] {processor.py:186} INFO - Started process (PID=855) to work on /opt/airflow/dags/tsmc.py
[2025-09-25T05:18:52.243+0000] {processor.py:914} INFO - Processing file /opt/airflow/dags/tsmc.py for tasks to queue
[2025-09-25T05:18:52.245+0000] {logging_mixin.py:190} INFO - [2025-09-25T05:18:52.245+0000] {dagbag.py:588} INFO - Filling up the DagBag from /opt/airflow/dags/tsmc.py
[2025-09-25T05:18:52.840+0000] {processor.py:925} INFO - DAG(s) 'daily_tsmc_open_close' retrieved from /opt/airflow/dags/tsmc.py
[2025-09-25T05:18:52.853+0000] {logging_mixin.py:190} INFO - [2025-09-25T05:18:52.853+0000] {dag.py:3239} INFO - Sync 1 DAGs
[2025-09-25T05:18:52.871+0000] {logging_mixin.py:190} INFO - [2025-09-25T05:18:52.871+0000] {dag.py:4180} INFO - Setting next_dagrun for daily_tsmc_open_close to 2025-09-25 00:00:00+00:00, run_after=2025-09-26 00:00:00+00:00
[2025-09-25T05:18:52.886+0000] {processor.py:208} INFO - Processing /opt/airflow/dags/tsmc.py took 0.650 seconds
[2025-09-25T05:19:23.461+0000] {processor.py:186} INFO - Started process (PID=920) to work on /opt/airflow/dags/tsmc.py
[2025-09-25T05:19:23.464+0000] {processor.py:914} INFO - Processing file /opt/airflow/dags/tsmc.py for tasks to queue
[2025-09-25T05:19:23.466+0000] {logging_mixin.py:190} INFO - [2025-09-25T05:19:23.466+0000] {dagbag.py:588} INFO - Filling up the DagBag from /opt/airflow/dags/tsmc.py
[2025-09-25T05:19:24.108+0000] {processor.py:925} INFO - DAG(s) 'daily_tsmc_open_close' retrieved from /opt/airflow/dags/tsmc.py
[2025-09-25T05:19:24.121+0000] {logging_mixin.py:190} INFO - [2025-09-25T05:19:24.121+0000] {dag.py:3239} INFO - Sync 1 DAGs
[2025-09-25T05:19:24.142+0000] {logging_mixin.py:190} INFO - [2025-09-25T05:19:24.141+0000] {dag.py:4180} INFO - Setting next_dagrun for daily_tsmc_open_close to 2025-09-25 00:00:00+00:00, run_after=2025-09-26 00:00:00+00:00
[2025-09-25T05:19:24.155+0000] {processor.py:208} INFO - Processing /opt/airflow/dags/tsmc.py took 0.699 seconds
[2025-09-25T05:19:54.633+0000] {processor.py:186} INFO - Started process (PID=991) to work on /opt/airflow/dags/tsmc.py
[2025-09-25T05:19:54.635+0000] {processor.py:914} INFO - Processing file /opt/airflow/dags/tsmc.py for tasks to queue
[2025-09-25T05:19:54.638+0000] {logging_mixin.py:190} INFO - [2025-09-25T05:19:54.637+0000] {dagbag.py:588} INFO - Filling up the DagBag from /opt/airflow/dags/tsmc.py
[2025-09-25T05:19:55.316+0000] {processor.py:925} INFO - DAG(s) 'daily_tsmc_open_close' retrieved from /opt/airflow/dags/tsmc.py
[2025-09-25T05:19:55.331+0000] {logging_mixin.py:190} INFO - [2025-09-25T05:19:55.330+0000] {dag.py:3239} INFO - Sync 1 DAGs
[2025-09-25T05:19:55.352+0000] {logging_mixin.py:190} INFO - [2025-09-25T05:19:55.352+0000] {dag.py:4180} INFO - Setting next_dagrun for daily_tsmc_open_close to 2025-09-25 00:00:00+00:00, run_after=2025-09-26 00:00:00+00:00
[2025-09-25T05:19:55.367+0000] {processor.py:208} INFO - Processing /opt/airflow/dags/tsmc.py took 0.739 seconds
[2025-09-25T05:25:39.225+0000] {processor.py:186} INFO - Started process (PID=52) to work on /opt/airflow/dags/tsmc.py
[2025-09-25T05:25:39.229+0000] {processor.py:914} INFO - Processing file /opt/airflow/dags/tsmc.py for tasks to queue
[2025-09-25T05:25:39.242+0000] {logging_mixin.py:190} INFO - [2025-09-25T05:25:39.241+0000] {dagbag.py:588} INFO - Filling up the DagBag from /opt/airflow/dags/tsmc.py
[2025-09-25T05:25:39.195+0000] {processor.py:925} INFO - DAG(s) 'Daily_TSMC_Prices' retrieved from /opt/airflow/dags/tsmc.py
[2025-09-25T05:25:39.294+0000] {logging_mixin.py:190} INFO - [2025-09-25T05:25:39.293+0000] {override.py:1930} INFO - Created Permission View: can delete on DAG:Daily_TSMC_Prices
[2025-09-25T05:25:39.304+0000] {logging_mixin.py:190} INFO - [2025-09-25T05:25:39.303+0000] {override.py:1930} INFO - Created Permission View: can edit on DAG:Daily_TSMC_Prices
[2025-09-25T05:25:39.312+0000] {logging_mixin.py:190} INFO - [2025-09-25T05:25:39.312+0000] {override.py:1930} INFO - Created Permission View: can read on DAG:Daily_TSMC_Prices
[2025-09-25T05:25:39.325+0000] {logging_mixin.py:190} INFO - [2025-09-25T05:25:39.324+0000] {override.py:1930} INFO - Created Permission View: can delete on DAG Run:Daily_TSMC_Prices
[2025-09-25T05:25:39.337+0000] {logging_mixin.py:190} INFO - [2025-09-25T05:25:39.336+0000] {override.py:1930} INFO - Created Permission View: menu access on DAG Run:Daily_TSMC_Prices
[2025-09-25T05:25:39.342+0000] {logging_mixin.py:190} INFO - [2025-09-25T05:25:39.341+0000] {override.py:1930} INFO - Created Permission View: can create on DAG Run:Daily_TSMC_Prices
[2025-09-25T05:25:39.348+0000] {logging_mixin.py:190} INFO - [2025-09-25T05:25:39.347+0000] {override.py:1930} INFO - Created Permission View: can read on DAG Run:Daily_TSMC_Prices
[2025-09-25T05:25:39.349+0000] {logging_mixin.py:190} INFO - [2025-09-25T05:25:39.348+0000] {dag.py:3239} INFO - Sync 1 DAGs
[2025-09-25T05:25:39.365+0000] {logging_mixin.py:190} INFO - [2025-09-25T05:25:39.365+0000] {dag.py:3262} INFO - Creating ORM DAG for Daily_TSMC_Prices
[2025-09-25T05:25:39.376+0000] {logging_mixin.py:190} INFO - [2025-09-25T05:25:39.376+0000] {dag.py:4180} INFO - Setting next_dagrun for Daily_TSMC_Prices to 2025-09-24 00:00:00+00:00, run_after=2025-09-25 00:00:00+00:00
[2025-09-25T05:25:39.395+0000] {processor.py:208} INFO - Processing /opt/airflow/dags/tsmc.py took 1.734 seconds
[2025-09-25T05:26:09.526+0000] {processor.py:186} INFO - Started process (PID=128) to work on /opt/airflow/dags/tsmc.py
[2025-09-25T05:26:09.527+0000] {processor.py:914} INFO - Processing file /opt/airflow/dags/tsmc.py for tasks to queue
[2025-09-25T05:26:09.531+0000] {logging_mixin.py:190} INFO - [2025-09-25T05:26:09.530+0000] {dagbag.py:588} INFO - Filling up the DagBag from /opt/airflow/dags/tsmc.py
[2025-09-25T05:26:10.193+0000] {processor.py:925} INFO - DAG(s) 'Daily_TSMC_Prices' retrieved from /opt/airflow/dags/tsmc.py
[2025-09-25T05:26:10.211+0000] {logging_mixin.py:190} INFO - [2025-09-25T05:26:10.211+0000] {dag.py:3239} INFO - Sync 1 DAGs
[2025-09-25T05:26:10.229+0000] {logging_mixin.py:190} INFO - [2025-09-25T05:26:10.229+0000] {dag.py:4180} INFO - Setting next_dagrun for Daily_TSMC_Prices to 2025-09-24 00:00:00+00:00, run_after=2025-09-25 00:00:00+00:00
[2025-09-25T05:26:10.243+0000] {processor.py:208} INFO - Processing /opt/airflow/dags/tsmc.py took 0.725 seconds
[2025-09-25T05:26:40.277+0000] {processor.py:186} INFO - Started process (PID=193) to work on /opt/airflow/dags/tsmc.py
[2025-09-25T05:26:40.278+0000] {processor.py:914} INFO - Processing file /opt/airflow/dags/tsmc.py for tasks to queue
[2025-09-25T05:26:40.281+0000] {logging_mixin.py:190} INFO - [2025-09-25T05:26:40.281+0000] {dagbag.py:588} INFO - Filling up the DagBag from /opt/airflow/dags/tsmc.py
[2025-09-25T05:26:40.982+0000] {processor.py:925} INFO - DAG(s) 'Daily_TSMC_Prices' retrieved from /opt/airflow/dags/tsmc.py
[2025-09-25T05:26:41.003+0000] {logging_mixin.py:190} INFO - [2025-09-25T05:26:41.002+0000] {dag.py:3239} INFO - Sync 1 DAGs
[2025-09-25T05:26:41.025+0000] {logging_mixin.py:190} INFO - [2025-09-25T05:26:41.025+0000] {dag.py:4180} INFO - Setting next_dagrun for Daily_TSMC_Prices to 2025-09-25 00:00:00+00:00, run_after=2025-09-26 00:00:00+00:00
[2025-09-25T05:26:41.039+0000] {processor.py:208} INFO - Processing /opt/airflow/dags/tsmc.py took 0.768 seconds
[2025-09-25T05:27:11.355+0000] {processor.py:186} INFO - Started process (PID=258) to work on /opt/airflow/dags/tsmc.py
[2025-09-25T05:27:11.400+0000] {processor.py:914} INFO - Processing file /opt/airflow/dags/tsmc.py for tasks to queue
[2025-09-25T05:27:11.402+0000] {logging_mixin.py:190} INFO - [2025-09-25T05:27:11.402+0000] {dagbag.py:588} INFO - Filling up the DagBag from /opt/airflow/dags/tsmc.py
[2025-09-25T05:27:11.991+0000] {processor.py:925} INFO - DAG(s) 'Daily_TSMC_Prices' retrieved from /opt/airflow/dags/tsmc.py
[2025-09-25T05:27:12.006+0000] {logging_mixin.py:190} INFO - [2025-09-25T05:27:12.006+0000] {dag.py:3239} INFO - Sync 1 DAGs
[2025-09-25T05:27:12.025+0000] {logging_mixin.py:190} INFO - [2025-09-25T05:27:12.025+0000] {dag.py:4180} INFO - Setting next_dagrun for Daily_TSMC_Prices to 2025-09-25 00:00:00+00:00, run_after=2025-09-26 00:00:00+00:00
[2025-09-25T05:27:12.039+0000] {processor.py:208} INFO - Processing /opt/airflow/dags/tsmc.py took 0.689 seconds
[2025-09-25T05:27:42.146+0000] {processor.py:186} INFO - Started process (PID=330) to work on /opt/airflow/dags/tsmc.py
[2025-09-25T05:27:42.147+0000] {processor.py:914} INFO - Processing file /opt/airflow/dags/tsmc.py for tasks to queue
[2025-09-25T05:27:42.150+0000] {logging_mixin.py:190} INFO - [2025-09-25T05:27:42.150+0000] {dagbag.py:588} INFO - Filling up the DagBag from /opt/airflow/dags/tsmc.py
[2025-09-25T05:27:42.782+0000] {processor.py:925} INFO - DAG(s) 'Daily_TSMC_Prices' retrieved from /opt/airflow/dags/tsmc.py
[2025-09-25T05:27:42.797+0000] {logging_mixin.py:190} INFO - [2025-09-25T05:27:42.796+0000] {dag.py:3239} INFO - Sync 1 DAGs
[2025-09-25T05:27:42.818+0000] {logging_mixin.py:190} INFO - [2025-09-25T05:27:42.817+0000] {dag.py:4180} INFO - Setting next_dagrun for Daily_TSMC_Prices to 2025-09-25 00:00:00+00:00, run_after=2025-09-26 00:00:00+00:00
[2025-09-25T05:27:42.832+0000] {processor.py:208} INFO - Processing /opt/airflow/dags/tsmc.py took 0.691 seconds
[2025-09-25T05:28:53.462+0000] {processor.py:186} INFO - Started process (PID=52) to work on /opt/airflow/dags/tsmc.py
[2025-09-25T05:28:53.464+0000] {processor.py:914} INFO - Processing file /opt/airflow/dags/tsmc.py for tasks to queue
[2025-09-25T05:28:53.475+0000] {logging_mixin.py:190} INFO - [2025-09-25T05:28:53.475+0000] {dagbag.py:588} INFO - Filling up the DagBag from /opt/airflow/dags/tsmc.py
[2025-09-25T05:28:54.825+0000] {processor.py:925} INFO - DAG(s) 'Daily_TSMC_Prices' retrieved from /opt/airflow/dags/tsmc.py
[2025-09-25T05:28:54.840+0000] {logging_mixin.py:190} INFO - [2025-09-25T05:28:54.839+0000] {dag.py:3239} INFO - Sync 1 DAGs
[2025-09-25T05:28:54.856+0000] {logging_mixin.py:190} INFO - [2025-09-25T05:28:54.856+0000] {dag.py:4180} INFO - Setting next_dagrun for Daily_TSMC_Prices to 2025-09-25 00:00:00+00:00, run_after=2025-09-26 00:00:00+00:00
[2025-09-25T05:28:54.873+0000] {processor.py:208} INFO - Processing /opt/airflow/dags/tsmc.py took 1.418 seconds
[2025-09-25T05:29:25.827+0000] {processor.py:186} INFO - Started process (PID=129) to work on /opt/airflow/dags/tsmc.py
[2025-09-25T05:29:25.829+0000] {processor.py:914} INFO - Processing file /opt/airflow/dags/tsmc.py for tasks to queue
[2025-09-25T05:29:25.832+0000] {logging_mixin.py:190} INFO - [2025-09-25T05:29:25.831+0000] {dagbag.py:588} INFO - Filling up the DagBag from /opt/airflow/dags/tsmc.py
[2025-09-25T05:29:26.386+0000] {processor.py:925} INFO - DAG(s) 'Daily_TSMC_Prices' retrieved from /opt/airflow/dags/tsmc.py
[2025-09-25T05:29:26.399+0000] {logging_mixin.py:190} INFO - [2025-09-25T05:29:26.398+0000] {dag.py:3239} INFO - Sync 1 DAGs
[2025-09-25T05:29:26.414+0000] {logging_mixin.py:190} INFO - [2025-09-25T05:29:26.413+0000] {dag.py:4180} INFO - Setting next_dagrun for Daily_TSMC_Prices to 2025-09-25 00:00:00+00:00, run_after=2025-09-26 00:00:00+00:00
[2025-09-25T05:29:26.426+0000] {processor.py:208} INFO - Processing /opt/airflow/dags/tsmc.py took 0.603 seconds
[2025-09-25T05:29:57.095+0000] {processor.py:186} INFO - Started process (PID=194) to work on /opt/airflow/dags/tsmc.py
[2025-09-25T05:29:57.096+0000] {processor.py:914} INFO - Processing file /opt/airflow/dags/tsmc.py for tasks to queue
[2025-09-25T05:29:57.098+0000] {logging_mixin.py:190} INFO - [2025-09-25T05:29:57.098+0000] {dagbag.py:588} INFO - Filling up the DagBag from /opt/airflow/dags/tsmc.py
[2025-09-25T05:29:57.371+0000] {processor.py:925} INFO - DAG(s) 'Daily_TSMC_Prices' retrieved from /opt/airflow/dags/tsmc.py
[2025-09-25T05:29:57.384+0000] {logging_mixin.py:190} INFO - [2025-09-25T05:29:57.384+0000] {dag.py:3239} INFO - Sync 1 DAGs
[2025-09-25T05:29:57.401+0000] {logging_mixin.py:190} INFO - [2025-09-25T05:29:57.401+0000] {dag.py:4180} INFO - Setting next_dagrun for Daily_TSMC_Prices to 2025-09-25 00:00:00+00:00, run_after=2025-09-26 00:00:00+00:00
[2025-09-25T05:29:57.414+0000] {processor.py:208} INFO - Processing /opt/airflow/dags/tsmc.py took 0.751 seconds
[2025-09-25T05:30:28.106+0000] {processor.py:186} INFO - Started process (PID=259) to work on /opt/airflow/dags/tsmc.py
[2025-09-25T05:30:28.107+0000] {processor.py:914} INFO - Processing file /opt/airflow/dags/tsmc.py for tasks to queue
[2025-09-25T05:30:28.110+0000] {logging_mixin.py:190} INFO - [2025-09-25T05:30:28.109+0000] {dagbag.py:588} INFO - Filling up the DagBag from /opt/airflow/dags/tsmc.py
[2025-09-25T05:30:28.735+0000] {processor.py:925} INFO - DAG(s) 'Daily_TSMC_Prices' retrieved from /opt/airflow/dags/tsmc.py
[2025-09-25T05:30:28.748+0000] {logging_mixin.py:190} INFO - [2025-09-25T05:30:28.748+0000] {dag.py:3239} INFO - Sync 1 DAGs
[2025-09-25T05:30:28.766+0000] {logging_mixin.py:190} INFO - [2025-09-25T05:30:28.766+0000] {dag.py:4180} INFO - Setting next_dagrun for Daily_TSMC_Prices to 2025-09-25 00:00:00+00:00, run_after=2025-09-26 00:00:00+00:00
[2025-09-25T05:30:28.782+0000] {processor.py:208} INFO - Processing /opt/airflow/dags/tsmc.py took 0.681 seconds
[2025-09-25T05:30:58.912+0000] {processor.py:186} INFO - Started process (PID=324) to work on /opt/airflow/dags/tsmc.py
[2025-09-25T05:30:58.914+0000] {processor.py:914} INFO - Processing file /opt/airflow/dags/tsmc.py for tasks to queue
[2025-09-25T05:30:58.917+0000] {logging_mixin.py:190} INFO - [2025-09-25T05:30:58.917+0000] {dagbag.py:588} INFO - Filling up the DagBag from /opt/airflow/dags/tsmc.py
[2025-09-25T05:30:59.519+0000] {processor.py:925} INFO - DAG(s) 'Daily_TSMC_Prices' retrieved from /opt/airflow/dags/tsmc.py
[2025-09-25T05:30:59.531+0000] {logging_mixin.py:190} INFO - [2025-09-25T05:30:59.531+0000] {dag.py:3239} INFO - Sync 1 DAGs
[2025-09-25T05:30:59.548+0000] {logging_mixin.py:190} INFO - [2025-09-25T05:30:59.548+0000] {dag.py:4180} INFO - Setting next_dagrun for Daily_TSMC_Prices to 2025-09-25 00:00:00+00:00, run_after=2025-09-26 00:00:00+00:00
[2025-09-25T05:30:59.563+0000] {processor.py:208} INFO - Processing /opt/airflow/dags/tsmc.py took 0.656 seconds
[2025-09-25T05:31:29.896+0000] {processor.py:186} INFO - Started process (PID=389) to work on /opt/airflow/dags/tsmc.py
[2025-09-25T05:31:29.897+0000] {processor.py:914} INFO - Processing file /opt/airflow/dags/tsmc.py for tasks to queue
[2025-09-25T05:31:29.899+0000] {logging_mixin.py:190} INFO - [2025-09-25T05:31:29.899+0000] {dagbag.py:588} INFO - Filling up the DagBag from /opt/airflow/dags/tsmc.py
[2025-09-25T05:31:30.554+0000] {processor.py:925} INFO - DAG(s) 'Daily_TSMC_Prices' retrieved from /opt/airflow/dags/tsmc.py
[2025-09-25T05:31:30.568+0000] {logging_mixin.py:190} INFO - [2025-09-25T05:31:30.568+0000] {dag.py:3239} INFO - Sync 1 DAGs
[2025-09-25T05:31:30.585+0000] {logging_mixin.py:190} INFO - [2025-09-25T05:31:30.585+0000] {dag.py:4180} INFO - Setting next_dagrun for Daily_TSMC_Prices to 2025-09-25 00:00:00+00:00, run_after=2025-09-26 00:00:00+00:00
[2025-09-25T05:31:30.600+0000] {processor.py:208} INFO - Processing /opt/airflow/dags/tsmc.py took 0.710 seconds
[2025-09-25T05:32:01.160+0000] {processor.py:186} INFO - Started process (PID=454) to work on /opt/airflow/dags/tsmc.py
[2025-09-25T05:32:01.161+0000] {processor.py:914} INFO - Processing file /opt/airflow/dags/tsmc.py for tasks to queue
[2025-09-25T05:32:01.164+0000] {logging_mixin.py:190} INFO - [2025-09-25T05:32:01.163+0000] {dagbag.py:588} INFO - Filling up the DagBag from /opt/airflow/dags/tsmc.py
[2025-09-25T05:32:01.768+0000] {processor.py:925} INFO - DAG(s) 'Daily_TSMC_Prices' retrieved from /opt/airflow/dags/tsmc.py
[2025-09-25T05:32:01.782+0000] {logging_mixin.py:190} INFO - [2025-09-25T05:32:01.782+0000] {dag.py:3239} INFO - Sync 1 DAGs
[2025-09-25T05:32:01.799+0000] {logging_mixin.py:190} INFO - [2025-09-25T05:32:01.799+0000] {dag.py:4180} INFO - Setting next_dagrun for Daily_TSMC_Prices to 2025-09-25 00:00:00+00:00, run_after=2025-09-26 00:00:00+00:00
[2025-09-25T05:32:01.814+0000] {processor.py:208} INFO - Processing /opt/airflow/dags/tsmc.py took 0.661 seconds
[2025-09-25T05:32:32.508+0000] {processor.py:186} INFO - Started process (PID=519) to work on /opt/airflow/dags/tsmc.py
[2025-09-25T05:32:32.510+0000] {processor.py:914} INFO - Processing file /opt/airflow/dags/tsmc.py for tasks to queue
[2025-09-25T05:32:32.512+0000] {logging_mixin.py:190} INFO - [2025-09-25T05:32:32.512+0000] {dagbag.py:588} INFO - Filling up the DagBag from /opt/airflow/dags/tsmc.py
[2025-09-25T05:32:33.131+0000] {processor.py:925} INFO - DAG(s) 'Daily_TSMC_Prices' retrieved from /opt/airflow/dags/tsmc.py
[2025-09-25T05:32:33.146+0000] {logging_mixin.py:190} INFO - [2025-09-25T05:32:33.145+0000] {dag.py:3239} INFO - Sync 1 DAGs
[2025-09-25T05:32:33.164+0000] {logging_mixin.py:190} INFO - [2025-09-25T05:32:33.164+0000] {dag.py:4180} INFO - Setting next_dagrun for Daily_TSMC_Prices to 2025-09-25 00:00:00+00:00, run_after=2025-09-26 00:00:00+00:00
[2025-09-25T05:32:33.177+0000] {processor.py:208} INFO - Processing /opt/airflow/dags/tsmc.py took 0.674 seconds
[2025-09-25T05:33:03.353+0000] {processor.py:186} INFO - Started process (PID=584) to work on /opt/airflow/dags/tsmc.py
[2025-09-25T05:33:03.354+0000] {processor.py:914} INFO - Processing file /opt/airflow/dags/tsmc.py for tasks to queue
[2025-09-25T05:33:03.356+0000] {logging_mixin.py:190} INFO - [2025-09-25T05:33:03.356+0000] {dagbag.py:588} INFO - Filling up the DagBag from /opt/airflow/dags/tsmc.py
[2025-09-25T05:33:03.979+0000] {processor.py:925} INFO - DAG(s) 'Daily_TSMC_Prices' retrieved from /opt/airflow/dags/tsmc.py
[2025-09-25T05:33:03.998+0000] {logging_mixin.py:190} INFO - [2025-09-25T05:33:03.998+0000] {dag.py:3239} INFO - Sync 1 DAGs
[2025-09-25T05:33:04.021+0000] {logging_mixin.py:190} INFO - [2025-09-25T05:33:04.021+0000] {dag.py:4180} INFO - Setting next_dagrun for Daily_TSMC_Prices to 2025-09-25 00:00:00+00:00, run_after=2025-09-26 00:00:00+00:00
[2025-09-25T05:33:04.037+0000] {processor.py:208} INFO - Processing /opt/airflow/dags/tsmc.py took 0.689 seconds
[2025-09-25T05:33:34.441+0000] {processor.py:186} INFO - Started process (PID=649) to work on /opt/airflow/dags/tsmc.py
[2025-09-25T05:33:34.442+0000] {processor.py:914} INFO - Processing file /opt/airflow/dags/tsmc.py for tasks to queue
[2025-09-25T05:33:34.444+0000] {logging_mixin.py:190} INFO - [2025-09-25T05:33:34.444+0000] {dagbag.py:588} INFO - Filling up the DagBag from /opt/airflow/dags/tsmc.py
[2025-09-25T05:33:35.113+0000] {processor.py:925} INFO - DAG(s) 'Daily_TSMC_Prices' retrieved from /opt/airflow/dags/tsmc.py
[2025-09-25T05:33:35.128+0000] {logging_mixin.py:190} INFO - [2025-09-25T05:33:35.128+0000] {dag.py:3239} INFO - Sync 1 DAGs
[2025-09-25T05:33:35.148+0000] {logging_mixin.py:190} INFO - [2025-09-25T05:33:35.148+0000] {dag.py:4180} INFO - Setting next_dagrun for Daily_TSMC_Prices to 2025-09-25 00:00:00+00:00, run_after=2025-09-26 00:00:00+00:00
[2025-09-25T05:33:35.165+0000] {processor.py:208} INFO - Processing /opt/airflow/dags/tsmc.py took 0.730 seconds
[2025-09-25T05:34:05.599+0000] {processor.py:186} INFO - Started process (PID=714) to work on /opt/airflow/dags/tsmc.py
[2025-09-25T05:34:05.601+0000] {processor.py:914} INFO - Processing file /opt/airflow/dags/tsmc.py for tasks to queue
[2025-09-25T05:34:05.603+0000] {logging_mixin.py:190} INFO - [2025-09-25T05:34:05.603+0000] {dagbag.py:588} INFO - Filling up the DagBag from /opt/airflow/dags/tsmc.py
[2025-09-25T05:34:06.177+0000] {processor.py:925} INFO - DAG(s) 'Daily_TSMC_Prices' retrieved from /opt/airflow/dags/tsmc.py
[2025-09-25T05:34:06.190+0000] {logging_mixin.py:190} INFO - [2025-09-25T05:34:06.189+0000] {dag.py:3239} INFO - Sync 1 DAGs
[2025-09-25T05:34:06.206+0000] {logging_mixin.py:190} INFO - [2025-09-25T05:34:06.206+0000] {dag.py:4180} INFO - Setting next_dagrun for Daily_TSMC_Prices to 2025-09-25 00:00:00+00:00, run_after=2025-09-26 00:00:00+00:00
[2025-09-25T05:34:06.221+0000] {processor.py:208} INFO - Processing /opt/airflow/dags/tsmc.py took 0.627 seconds
[2025-09-25T05:34:36.842+0000] {processor.py:186} INFO - Started process (PID=779) to work on /opt/airflow/dags/tsmc.py
[2025-09-25T05:34:36.845+0000] {processor.py:914} INFO - Processing file /opt/airflow/dags/tsmc.py for tasks to queue
[2025-09-25T05:34:36.847+0000] {logging_mixin.py:190} INFO - [2025-09-25T05:34:36.847+0000] {dagbag.py:588} INFO - Filling up the DagBag from /opt/airflow/dags/tsmc.py
[2025-09-25T05:34:37.426+0000] {processor.py:925} INFO - DAG(s) 'Daily_TSMC_Prices' retrieved from /opt/airflow/dags/tsmc.py
[2025-09-25T05:34:37.439+0000] {logging_mixin.py:190} INFO - [2025-09-25T05:34:37.439+0000] {dag.py:3239} INFO - Sync 1 DAGs
[2025-09-25T05:34:37.456+0000] {logging_mixin.py:190} INFO - [2025-09-25T05:34:37.456+0000] {dag.py:4180} INFO - Setting next_dagrun for Daily_TSMC_Prices to 2025-09-25 00:00:00+00:00, run_after=2025-09-26 00:00:00+00:00
[2025-09-25T05:34:37.470+0000] {processor.py:208} INFO - Processing /opt/airflow/dags/tsmc.py took 0.635 seconds
[2025-09-25T05:35:08.095+0000] {processor.py:186} INFO - Started process (PID=844) to work on /opt/airflow/dags/tsmc.py
[2025-09-25T05:35:08.096+0000] {processor.py:914} INFO - Processing file /opt/airflow/dags/tsmc.py for tasks to queue
[2025-09-25T05:35:08.099+0000] {logging_mixin.py:190} INFO - [2025-09-25T05:35:08.099+0000] {dagbag.py:588} INFO - Filling up the DagBag from /opt/airflow/dags/tsmc.py
[2025-09-25T05:35:08.757+0000] {processor.py:925} INFO - DAG(s) 'Daily_TSMC_Prices' retrieved from /opt/airflow/dags/tsmc.py
[2025-09-25T05:35:08.773+0000] {logging_mixin.py:190} INFO - [2025-09-25T05:35:08.772+0000] {dag.py:3239} INFO - Sync 1 DAGs
[2025-09-25T05:35:08.791+0000] {logging_mixin.py:190} INFO - [2025-09-25T05:35:08.791+0000] {dag.py:4180} INFO - Setting next_dagrun for Daily_TSMC_Prices to 2025-09-25 00:00:00+00:00, run_after=2025-09-26 00:00:00+00:00
[2025-09-25T05:35:08.806+0000] {processor.py:208} INFO - Processing /opt/airflow/dags/tsmc.py took 0.716 seconds
[2025-09-25T05:35:39.419+0000] {processor.py:186} INFO - Started process (PID=909) to work on /opt/airflow/dags/tsmc.py
[2025-09-25T05:35:39.422+0000] {processor.py:914} INFO - Processing file /opt/airflow/dags/tsmc.py for tasks to queue
[2025-09-25T05:35:39.424+0000] {logging_mixin.py:190} INFO - [2025-09-25T05:35:39.424+0000] {dagbag.py:588} INFO - Filling up the DagBag from /opt/airflow/dags/tsmc.py
[2025-09-25T05:35:40.016+0000] {processor.py:925} INFO - DAG(s) 'Daily_TSMC_Prices' retrieved from /opt/airflow/dags/tsmc.py
[2025-09-25T05:35:40.029+0000] {logging_mixin.py:190} INFO - [2025-09-25T05:35:40.029+0000] {dag.py:3239} INFO - Sync 1 DAGs
[2025-09-25T05:35:40.049+0000] {logging_mixin.py:190} INFO - [2025-09-25T05:35:40.049+0000] {dag.py:4180} INFO - Setting next_dagrun for Daily_TSMC_Prices to 2025-09-25 00:00:00+00:00, run_after=2025-09-26 00:00:00+00:00
[2025-09-25T05:35:40.063+0000] {processor.py:208} INFO - Processing /opt/airflow/dags/tsmc.py took 0.649 seconds
[2025-09-25T05:36:10.836+0000] {processor.py:186} INFO - Started process (PID=974) to work on /opt/airflow/dags/tsmc.py
[2025-09-25T05:36:10.838+0000] {processor.py:914} INFO - Processing file /opt/airflow/dags/tsmc.py for tasks to queue
[2025-09-25T05:36:10.840+0000] {logging_mixin.py:190} INFO - [2025-09-25T05:36:10.840+0000] {dagbag.py:588} INFO - Filling up the DagBag from /opt/airflow/dags/tsmc.py
[2025-09-25T05:36:11.422+0000] {processor.py:925} INFO - DAG(s) 'Daily_TSMC_Prices' retrieved from /opt/airflow/dags/tsmc.py
[2025-09-25T05:36:11.435+0000] {logging_mixin.py:190} INFO - [2025-09-25T05:36:11.435+0000] {dag.py:3239} INFO - Sync 1 DAGs
[2025-09-25T05:36:11.453+0000] {logging_mixin.py:190} INFO - [2025-09-25T05:36:11.453+0000] {dag.py:4180} INFO - Setting next_dagrun for Daily_TSMC_Prices to 2025-09-25 00:00:00+00:00, run_after=2025-09-26 00:00:00+00:00
[2025-09-25T05:36:11.468+0000] {processor.py:208} INFO - Processing /opt/airflow/dags/tsmc.py took 0.637 seconds
[2025-09-25T05:36:42.245+0000] {processor.py:186} INFO - Started process (PID=1039) to work on /opt/airflow/dags/tsmc.py
[2025-09-25T05:36:42.248+0000] {processor.py:914} INFO - Processing file /opt/airflow/dags/tsmc.py for tasks to queue
[2025-09-25T05:36:42.250+0000] {logging_mixin.py:190} INFO - [2025-09-25T05:36:42.249+0000] {dagbag.py:588} INFO - Filling up the DagBag from /opt/airflow/dags/tsmc.py
[2025-09-25T05:36:42.797+0000] {processor.py:925} INFO - DAG(s) 'Daily_TSMC_Prices' retrieved from /opt/airflow/dags/tsmc.py
[2025-09-25T05:36:42.809+0000] {logging_mixin.py:190} INFO - [2025-09-25T05:36:42.808+0000] {dag.py:3239} INFO - Sync 1 DAGs
[2025-09-25T05:36:42.825+0000] {logging_mixin.py:190} INFO - [2025-09-25T05:36:42.825+0000] {dag.py:4180} INFO - Setting next_dagrun for Daily_TSMC_Prices to 2025-09-25 00:00:00+00:00, run_after=2025-09-26 00:00:00+00:00
[2025-09-25T05:36:42.837+0000] {processor.py:208} INFO - Processing /opt/airflow/dags/tsmc.py took 0.597 seconds
[2025-09-25T05:37:12.877+0000] {processor.py:186} INFO - Started process (PID=1105) to work on /opt/airflow/dags/tsmc.py
[2025-09-25T05:37:12.878+0000] {processor.py:914} INFO - Processing file /opt/airflow/dags/tsmc.py for tasks to queue
[2025-09-25T05:37:12.880+0000] {logging_mixin.py:190} INFO - [2025-09-25T05:37:12.880+0000] {dagbag.py:588} INFO - Filling up the DagBag from /opt/airflow/dags/tsmc.py
[2025-09-25T05:37:13.529+0000] {processor.py:925} INFO - DAG(s) 'Daily_TSMC_Prices' retrieved from /opt/airflow/dags/tsmc.py
[2025-09-25T05:37:13.543+0000] {logging_mixin.py:190} INFO - [2025-09-25T05:37:13.543+0000] {dag.py:3239} INFO - Sync 1 DAGs
[2025-09-25T05:37:13.560+0000] {logging_mixin.py:190} INFO - [2025-09-25T05:37:13.560+0000] {dag.py:4180} INFO - Setting next_dagrun for Daily_TSMC_Prices to 2025-09-25 00:00:00+00:00, run_after=2025-09-26 00:00:00+00:00
[2025-09-25T05:37:13.575+0000] {processor.py:208} INFO - Processing /opt/airflow/dags/tsmc.py took 0.704 seconds
[2025-09-25T05:37:44.224+0000] {processor.py:186} INFO - Started process (PID=1169) to work on /opt/airflow/dags/tsmc.py
[2025-09-25T05:37:44.227+0000] {processor.py:914} INFO - Processing file /opt/airflow/dags/tsmc.py for tasks to queue
[2025-09-25T05:37:44.229+0000] {logging_mixin.py:190} INFO - [2025-09-25T05:37:44.229+0000] {dagbag.py:588} INFO - Filling up the DagBag from /opt/airflow/dags/tsmc.py
[2025-09-25T05:37:44.792+0000] {processor.py:925} INFO - DAG(s) 'Daily_TSMC_Prices' retrieved from /opt/airflow/dags/tsmc.py
[2025-09-25T05:37:44.807+0000] {logging_mixin.py:190} INFO - [2025-09-25T05:37:44.807+0000] {dag.py:3239} INFO - Sync 1 DAGs
[2025-09-25T05:37:44.823+0000] {logging_mixin.py:190} INFO - [2025-09-25T05:37:44.823+0000] {dag.py:4180} INFO - Setting next_dagrun for Daily_TSMC_Prices to 2025-09-25 00:00:00+00:00, run_after=2025-09-26 00:00:00+00:00
[2025-09-25T05:37:44.836+0000] {processor.py:208} INFO - Processing /opt/airflow/dags/tsmc.py took 0.617 seconds
[2025-09-25T05:38:15.558+0000] {processor.py:186} INFO - Started process (PID=1234) to work on /opt/airflow/dags/tsmc.py
[2025-09-25T05:38:15.560+0000] {processor.py:914} INFO - Processing file /opt/airflow/dags/tsmc.py for tasks to queue
[2025-09-25T05:38:15.562+0000] {logging_mixin.py:190} INFO - [2025-09-25T05:38:15.562+0000] {dagbag.py:588} INFO - Filling up the DagBag from /opt/airflow/dags/tsmc.py
[2025-09-25T05:38:16.152+0000] {processor.py:925} INFO - DAG(s) 'Daily_TSMC_Prices' retrieved from /opt/airflow/dags/tsmc.py
[2025-09-25T05:38:16.165+0000] {logging_mixin.py:190} INFO - [2025-09-25T05:38:16.165+0000] {dag.py:3239} INFO - Sync 1 DAGs
[2025-09-25T05:38:16.181+0000] {logging_mixin.py:190} INFO - [2025-09-25T05:38:16.181+0000] {dag.py:4180} INFO - Setting next_dagrun for Daily_TSMC_Prices to 2025-09-25 00:00:00+00:00, run_after=2025-09-26 00:00:00+00:00
[2025-09-25T05:38:16.194+0000] {processor.py:208} INFO - Processing /opt/airflow/dags/tsmc.py took 0.641 seconds
[2025-09-25T05:38:46.835+0000] {processor.py:186} INFO - Started process (PID=1299) to work on /opt/airflow/dags/tsmc.py
[2025-09-25T05:38:46.836+0000] {processor.py:914} INFO - Processing file /opt/airflow/dags/tsmc.py for tasks to queue
[2025-09-25T05:38:46.838+0000] {logging_mixin.py:190} INFO - [2025-09-25T05:38:46.838+0000] {dagbag.py:588} INFO - Filling up the DagBag from /opt/airflow/dags/tsmc.py
[2025-09-25T05:38:47.429+0000] {processor.py:925} INFO - DAG(s) 'Daily_TSMC_Prices' retrieved from /opt/airflow/dags/tsmc.py
[2025-09-25T05:38:47.442+0000] {logging_mixin.py:190} INFO - [2025-09-25T05:38:47.441+0000] {dag.py:3239} INFO - Sync 1 DAGs
[2025-09-25T05:38:47.459+0000] {logging_mixin.py:190} INFO - [2025-09-25T05:38:47.459+0000] {dag.py:4180} INFO - Setting next_dagrun for Daily_TSMC_Prices to 2025-09-25 00:00:00+00:00, run_after=2025-09-26 00:00:00+00:00
[2025-09-25T05:38:47.473+0000] {processor.py:208} INFO - Processing /opt/airflow/dags/tsmc.py took 0.643 seconds
[2025-09-25T05:39:18.331+0000] {processor.py:186} INFO - Started process (PID=1364) to work on /opt/airflow/dags/tsmc.py
[2025-09-25T05:39:18.332+0000] {processor.py:914} INFO - Processing file /opt/airflow/dags/tsmc.py for tasks to queue
[2025-09-25T05:39:18.335+0000] {logging_mixin.py:190} INFO - [2025-09-25T05:39:18.335+0000] {dagbag.py:588} INFO - Filling up the DagBag from /opt/airflow/dags/tsmc.py
[2025-09-25T05:39:19.040+0000] {processor.py:925} INFO - DAG(s) 'Daily_TSMC_Prices' retrieved from /opt/airflow/dags/tsmc.py
[2025-09-25T05:39:19.058+0000] {logging_mixin.py:190} INFO - [2025-09-25T05:39:19.057+0000] {dag.py:3239} INFO - Sync 1 DAGs
[2025-09-25T05:39:19.078+0000] {logging_mixin.py:190} INFO - [2025-09-25T05:39:19.078+0000] {dag.py:4180} INFO - Setting next_dagrun for Daily_TSMC_Prices to 2025-09-25 00:00:00+00:00, run_after=2025-09-26 00:00:00+00:00
[2025-09-25T05:39:19.094+0000] {processor.py:208} INFO - Processing /opt/airflow/dags/tsmc.py took 0.769 seconds
[2025-09-25T05:39:49.936+0000] {processor.py:186} INFO - Started process (PID=1435) to work on /opt/airflow/dags/tsmc.py
[2025-09-25T05:39:49.938+0000] {processor.py:914} INFO - Processing file /opt/airflow/dags/tsmc.py for tasks to queue
[2025-09-25T05:39:49.940+0000] {logging_mixin.py:190} INFO - [2025-09-25T05:39:49.940+0000] {dagbag.py:588} INFO - Filling up the DagBag from /opt/airflow/dags/tsmc.py
[2025-09-25T05:39:50.524+0000] {processor.py:925} INFO - DAG(s) 'Daily_TSMC_Prices' retrieved from /opt/airflow/dags/tsmc.py
[2025-09-25T05:39:50.538+0000] {logging_mixin.py:190} INFO - [2025-09-25T05:39:50.538+0000] {dag.py:3239} INFO - Sync 1 DAGs
[2025-09-25T05:39:50.556+0000] {logging_mixin.py:190} INFO - [2025-09-25T05:39:50.555+0000] {dag.py:4180} INFO - Setting next_dagrun for Daily_TSMC_Prices to 2025-09-25 00:00:00+00:00, run_after=2025-09-26 00:00:00+00:00
[2025-09-25T05:39:50.569+0000] {processor.py:208} INFO - Processing /opt/airflow/dags/tsmc.py took 0.638 seconds
[2025-09-25T05:40:21.051+0000] {processor.py:186} INFO - Started process (PID=1500) to work on /opt/airflow/dags/tsmc.py
[2025-09-25T05:40:21.052+0000] {processor.py:914} INFO - Processing file /opt/airflow/dags/tsmc.py for tasks to queue
[2025-09-25T05:40:21.054+0000] {logging_mixin.py:190} INFO - [2025-09-25T05:40:21.054+0000] {dagbag.py:588} INFO - Filling up the DagBag from /opt/airflow/dags/tsmc.py
[2025-09-25T05:40:21.620+0000] {processor.py:925} INFO - DAG(s) 'Daily_TSMC_Prices' retrieved from /opt/airflow/dags/tsmc.py
[2025-09-25T05:40:21.633+0000] {logging_mixin.py:190} INFO - [2025-09-25T05:40:21.632+0000] {dag.py:3239} INFO - Sync 1 DAGs
[2025-09-25T05:40:21.649+0000] {logging_mixin.py:190} INFO - [2025-09-25T05:40:21.649+0000] {dag.py:4180} INFO - Setting next_dagrun for Daily_TSMC_Prices to 2025-09-25 00:00:00+00:00, run_after=2025-09-26 00:00:00+00:00
[2025-09-25T05:40:21.665+0000] {processor.py:208} INFO - Processing /opt/airflow/dags/tsmc.py took 0.619 seconds
[2025-09-25T05:40:52.372+0000] {processor.py:186} INFO - Started process (PID=1565) to work on /opt/airflow/dags/tsmc.py
[2025-09-25T05:40:52.373+0000] {processor.py:914} INFO - Processing file /opt/airflow/dags/tsmc.py for tasks to queue
[2025-09-25T05:40:52.375+0000] {logging_mixin.py:190} INFO - [2025-09-25T05:40:52.375+0000] {dagbag.py:588} INFO - Filling up the DagBag from /opt/airflow/dags/tsmc.py
[2025-09-25T05:40:52.895+0000] {processor.py:925} INFO - DAG(s) 'Daily_TSMC_Prices' retrieved from /opt/airflow/dags/tsmc.py
[2025-09-25T05:40:52.907+0000] {logging_mixin.py:190} INFO - [2025-09-25T05:40:52.907+0000] {dag.py:3239} INFO - Sync 1 DAGs
[2025-09-25T05:40:52.923+0000] {logging_mixin.py:190} INFO - [2025-09-25T05:40:52.923+0000] {dag.py:4180} INFO - Setting next_dagrun for Daily_TSMC_Prices to 2025-09-25 00:00:00+00:00, run_after=2025-09-26 00:00:00+00:00
[2025-09-25T05:40:52.937+0000] {processor.py:208} INFO - Processing /opt/airflow/dags/tsmc.py took 0.623 seconds
[2025-09-25T05:41:23.644+0000] {processor.py:186} INFO - Started process (PID=1630) to work on /opt/airflow/dags/tsmc.py
[2025-09-25T05:41:23.646+0000] {processor.py:914} INFO - Processing file /opt/airflow/dags/tsmc.py for tasks to queue
[2025-09-25T05:41:23.648+0000] {logging_mixin.py:190} INFO - [2025-09-25T05:41:23.648+0000] {dagbag.py:588} INFO - Filling up the DagBag from /opt/airflow/dags/tsmc.py
[2025-09-25T05:41:24.193+0000] {processor.py:925} INFO - DAG(s) 'Daily_TSMC_Prices' retrieved from /opt/airflow/dags/tsmc.py
[2025-09-25T05:41:24.206+0000] {logging_mixin.py:190} INFO - [2025-09-25T05:41:24.205+0000] {dag.py:3239} INFO - Sync 1 DAGs
[2025-09-25T05:41:24.223+0000] {logging_mixin.py:190} INFO - [2025-09-25T05:41:24.223+0000] {dag.py:4180} INFO - Setting next_dagrun for Daily_TSMC_Prices to 2025-09-25 00:00:00+00:00, run_after=2025-09-26 00:00:00+00:00
[2025-09-25T05:41:24.236+0000] {processor.py:208} INFO - Processing /opt/airflow/dags/tsmc.py took 0.598 seconds
[2025-09-25T05:41:55.020+0000] {processor.py:186} INFO - Started process (PID=1695) to work on /opt/airflow/dags/tsmc.py
[2025-09-25T05:41:55.022+0000] {processor.py:914} INFO - Processing file /opt/airflow/dags/tsmc.py for tasks to queue
[2025-09-25T05:41:55.024+0000] {logging_mixin.py:190} INFO - [2025-09-25T05:41:55.024+0000] {dagbag.py:588} INFO - Filling up the DagBag from /opt/airflow/dags/tsmc.py
[2025-09-25T05:41:55.622+0000] {processor.py:925} INFO - DAG(s) 'Daily_TSMC_Prices' retrieved from /opt/airflow/dags/tsmc.py
[2025-09-25T05:41:55.639+0000] {logging_mixin.py:190} INFO - [2025-09-25T05:41:55.638+0000] {dag.py:3239} INFO - Sync 1 DAGs
[2025-09-25T05:41:55.658+0000] {logging_mixin.py:190} INFO - [2025-09-25T05:41:55.658+0000] {dag.py:4180} INFO - Setting next_dagrun for Daily_TSMC_Prices to 2025-09-25 00:00:00+00:00, run_after=2025-09-26 00:00:00+00:00
[2025-09-25T05:41:55.676+0000] {processor.py:208} INFO - Processing /opt/airflow/dags/tsmc.py took 0.661 seconds
[2025-09-25T05:42:26.203+0000] {processor.py:186} INFO - Started process (PID=1761) to work on /opt/airflow/dags/tsmc.py
[2025-09-25T05:42:26.204+0000] {processor.py:914} INFO - Processing file /opt/airflow/dags/tsmc.py for tasks to queue
[2025-09-25T05:42:26.206+0000] {logging_mixin.py:190} INFO - [2025-09-25T05:42:26.206+0000] {dagbag.py:588} INFO - Filling up the DagBag from /opt/airflow/dags/tsmc.py
[2025-09-25T05:42:26.787+0000] {processor.py:925} INFO - DAG(s) 'Daily_TSMC_Prices' retrieved from /opt/airflow/dags/tsmc.py
[2025-09-25T05:42:26.799+0000] {logging_mixin.py:190} INFO - [2025-09-25T05:42:26.798+0000] {dag.py:3239} INFO - Sync 1 DAGs
[2025-09-25T05:42:26.815+0000] {logging_mixin.py:190} INFO - [2025-09-25T05:42:26.815+0000] {dag.py:4180} INFO - Setting next_dagrun for Daily_TSMC_Prices to 2025-09-25 00:00:00+00:00, run_after=2025-09-26 00:00:00+00:00
[2025-09-25T05:42:26.828+0000] {processor.py:208} INFO - Processing /opt/airflow/dags/tsmc.py took 0.632 seconds
[2025-09-25T05:42:57.391+0000] {processor.py:186} INFO - Started process (PID=1833) to work on /opt/airflow/dags/tsmc.py
[2025-09-25T05:42:57.393+0000] {processor.py:914} INFO - Processing file /opt/airflow/dags/tsmc.py for tasks to queue
[2025-09-25T05:42:57.395+0000] {logging_mixin.py:190} INFO - [2025-09-25T05:42:57.394+0000] {dagbag.py:588} INFO - Filling up the DagBag from /opt/airflow/dags/tsmc.py
[2025-09-25T05:42:57.980+0000] {processor.py:925} INFO - DAG(s) 'Daily_TSMC_Prices' retrieved from /opt/airflow/dags/tsmc.py
[2025-09-25T05:42:57.992+0000] {logging_mixin.py:190} INFO - [2025-09-25T05:42:57.992+0000] {dag.py:3239} INFO - Sync 1 DAGs
[2025-09-25T05:42:58.010+0000] {logging_mixin.py:190} INFO - [2025-09-25T05:42:58.009+0000] {dag.py:4180} INFO - Setting next_dagrun for Daily_TSMC_Prices to 2025-09-25 00:00:00+00:00, run_after=2025-09-26 00:00:00+00:00
[2025-09-25T05:42:58.026+0000] {processor.py:208} INFO - Processing /opt/airflow/dags/tsmc.py took 0.641 seconds
[2025-09-25T05:43:28.905+0000] {processor.py:186} INFO - Started process (PID=1902) to work on /opt/airflow/dags/tsmc.py
[2025-09-25T05:43:28.906+0000] {processor.py:914} INFO - Processing file /opt/airflow/dags/tsmc.py for tasks to queue
[2025-09-25T05:43:28.908+0000] {logging_mixin.py:190} INFO - [2025-09-25T05:43:28.908+0000] {dagbag.py:588} INFO - Filling up the DagBag from /opt/airflow/dags/tsmc.py
[2025-09-25T05:43:29.485+0000] {processor.py:925} INFO - DAG(s) 'Daily_TSMC_Prices' retrieved from /opt/airflow/dags/tsmc.py
[2025-09-25T05:43:29.498+0000] {logging_mixin.py:190} INFO - [2025-09-25T05:43:29.497+0000] {dag.py:3239} INFO - Sync 1 DAGs
[2025-09-25T05:43:29.513+0000] {logging_mixin.py:190} INFO - [2025-09-25T05:43:29.513+0000] {dag.py:4180} INFO - Setting next_dagrun for Daily_TSMC_Prices to 2025-09-25 00:00:00+00:00, run_after=2025-09-26 00:00:00+00:00
[2025-09-25T05:43:29.527+0000] {processor.py:208} INFO - Processing /opt/airflow/dags/tsmc.py took 0.627 seconds
[2025-09-25T05:43:59.771+0000] {processor.py:186} INFO - Started process (PID=1967) to work on /opt/airflow/dags/tsmc.py
[2025-09-25T05:43:59.773+0000] {processor.py:914} INFO - Processing file /opt/airflow/dags/tsmc.py for tasks to queue
[2025-09-25T05:43:59.776+0000] {logging_mixin.py:190} INFO - [2025-09-25T05:43:59.775+0000] {dagbag.py:588} INFO - Filling up the DagBag from /opt/airflow/dags/tsmc.py
[2025-09-25T05:44:00.417+0000] {processor.py:925} INFO - DAG(s) 'Daily_TSMC_Prices' retrieved from /opt/airflow/dags/tsmc.py
[2025-09-25T05:44:00.430+0000] {logging_mixin.py:190} INFO - [2025-09-25T05:44:00.430+0000] {dag.py:3239} INFO - Sync 1 DAGs
[2025-09-25T05:44:00.447+0000] {logging_mixin.py:190} INFO - [2025-09-25T05:44:00.447+0000] {dag.py:4180} INFO - Setting next_dagrun for Daily_TSMC_Prices to 2025-09-25 00:00:00+00:00, run_after=2025-09-26 00:00:00+00:00
[2025-09-25T05:44:00.463+0000] {processor.py:208} INFO - Processing /opt/airflow/dags/tsmc.py took 0.698 seconds
[2025-09-25T05:44:30.603+0000] {processor.py:186} INFO - Started process (PID=2032) to work on /opt/airflow/dags/tsmc.py
[2025-09-25T05:44:30.605+0000] {processor.py:914} INFO - Processing file /opt/airflow/dags/tsmc.py for tasks to queue
[2025-09-25T05:44:30.607+0000] {logging_mixin.py:190} INFO - [2025-09-25T05:44:30.607+0000] {dagbag.py:588} INFO - Filling up the DagBag from /opt/airflow/dags/tsmc.py
[2025-09-25T05:44:31.205+0000] {processor.py:925} INFO - DAG(s) 'Daily_TSMC_Prices' retrieved from /opt/airflow/dags/tsmc.py
[2025-09-25T05:44:31.218+0000] {logging_mixin.py:190} INFO - [2025-09-25T05:44:31.218+0000] {dag.py:3239} INFO - Sync 1 DAGs
[2025-09-25T05:44:31.235+0000] {logging_mixin.py:190} INFO - [2025-09-25T05:44:31.235+0000] {dag.py:4180} INFO - Setting next_dagrun for Daily_TSMC_Prices to 2025-09-25 00:00:00+00:00, run_after=2025-09-26 00:00:00+00:00
[2025-09-25T05:44:31.249+0000] {processor.py:208} INFO - Processing /opt/airflow/dags/tsmc.py took 0.652 seconds
