[2025-09-25T05:14:12.647+0000] {local_task_job_runner.py:123} INFO - ::group::Pre task execution logs
[2025-09-25T05:14:12.663+0000] {taskinstance.py:2631} INFO - Dependencies all met for dep_context=non-requeueable deps ti=<TaskInstance: daily_tsmc_open_close.fetch_tsmc_open_close manual__2025-09-25T05:14:11.773828+00:00 [queued]>
[2025-09-25T05:14:12.669+0000] {taskinstance.py:2631} INFO - Dependencies all met for dep_context=requeueable deps ti=<TaskInstance: daily_tsmc_open_close.fetch_tsmc_open_close manual__2025-09-25T05:14:11.773828+00:00 [queued]>
[2025-09-25T05:14:12.669+0000] {taskinstance.py:2884} INFO - Starting attempt 1 of 1
[2025-09-25T05:14:12.680+0000] {taskinstance.py:2907} INFO - Executing <Task(PythonOperator): fetch_tsmc_open_close> on 2025-09-25 05:14:11.773828+00:00
[2025-09-25T05:14:12.687+0000] {warnings.py:112} WARNING - /home/***/.local/lib/python3.12/site-packages/***/task/task_runner/standard_task_runner.py:70: DeprecationWarning: This process (pid=87) is multi-threaded, use of fork() may lead to deadlocks in the child.
  pid = os.fork()

[2025-09-25T05:14:12.688+0000] {standard_task_runner.py:72} INFO - Started process 96 to run task
[2025-09-25T05:14:12.690+0000] {standard_task_runner.py:104} INFO - Running: ['***', 'tasks', 'run', 'daily_tsmc_open_close', 'fetch_tsmc_open_close', 'manual__2025-09-25T05:14:11.773828+00:00', '--job-id', '36', '--raw', '--subdir', 'DAGS_FOLDER/tsmc.py', '--cfg-path', '/tmp/tmp46r6f2w1']
[2025-09-25T05:14:12.691+0000] {standard_task_runner.py:105} INFO - Job 36: Subtask fetch_tsmc_open_close
[2025-09-25T05:14:12.740+0000] {task_command.py:467} INFO - Running <TaskInstance: daily_tsmc_open_close.fetch_tsmc_open_close manual__2025-09-25T05:14:11.773828+00:00 [running]> on host 91deab17b88a
[2025-09-25T05:14:12.814+0000] {taskinstance.py:3157} INFO - Exporting env vars: AIRFLOW_CTX_DAG_OWNER='***' AIRFLOW_CTX_DAG_ID='daily_tsmc_open_close' AIRFLOW_CTX_TASK_ID='fetch_tsmc_open_close' AIRFLOW_CTX_EXECUTION_DATE='2025-09-25T05:14:11.773828+00:00' AIRFLOW_CTX_TRY_NUMBER='1' AIRFLOW_CTX_DAG_RUN_ID='manual__2025-09-25T05:14:11.773828+00:00'
[2025-09-25T05:14:12.815+0000] {logging_mixin.py:190} INFO - Task instance is in running state
[2025-09-25T05:14:12.816+0000] {logging_mixin.py:190} INFO -  Previous state of the Task instance: queued
[2025-09-25T05:14:12.816+0000] {logging_mixin.py:190} INFO - Current task name:fetch_tsmc_open_close state:running start_date:2025-09-25 05:14:12.663598+00:00
[2025-09-25T05:14:12.816+0000] {logging_mixin.py:190} INFO - Dag name:daily_tsmc_open_close and current dag run status:running
[2025-09-25T05:14:12.816+0000] {taskinstance.py:740} INFO - ::endgroup::
[2025-09-25T05:14:13.417+0000] {logging_mixin.py:190} INFO - TSMC 開盤價：1320.0 TWD
[2025-09-25T05:14:13.417+0000] {logging_mixin.py:190} INFO - TSMC 收盤價：1330.0 TWD
[2025-09-25T05:14:13.417+0000] {python.py:240} INFO - Done. Returned value was: None
[2025-09-25T05:14:13.426+0000] {taskinstance.py:349} INFO - ::group::Post task execution logs
[2025-09-25T05:14:13.426+0000] {taskinstance.py:361} INFO - Marking task as SUCCESS. dag_id=daily_tsmc_open_close, task_id=fetch_tsmc_open_close, run_id=manual__2025-09-25T05:14:11.773828+00:00, execution_date=20250925T051411, start_date=20250925T051412, end_date=20250925T051413
[2025-09-25T05:14:13.443+0000] {logging_mixin.py:190} INFO - Task instance in success state
[2025-09-25T05:14:13.443+0000] {logging_mixin.py:190} INFO -  Previous state of the Task instance: running
[2025-09-25T05:14:13.444+0000] {logging_mixin.py:190} INFO - Dag name:daily_tsmc_open_close queued_at:2025-09-25 05:14:11.788606+00:00
[2025-09-25T05:14:13.444+0000] {logging_mixin.py:190} INFO - Task hostname:91deab17b88a operator:PythonOperator
[2025-09-25T05:14:13.471+0000] {local_task_job_runner.py:266} INFO - Task exited with return code 0
[2025-09-25T05:14:13.484+0000] {taskinstance.py:3924} INFO - 0 downstream tasks scheduled from follow-on schedule check
[2025-09-25T05:14:13.485+0000] {local_task_job_runner.py:245} INFO - ::endgroup::
